
*** Running vivado
    with args -log design_1_xlslice_0_0.vds -m64 -product Vivado -mode batch -messageDb vivado.pb -notrace -source design_1_xlslice_0_0.tcl


****** Vivado v2016.4 (64-bit)
  **** SW Build 1756540 on Mon Jan 23 19:11:23 MST 2017
  **** IP Build 1755317 on Mon Jan 23 20:30:07 MST 2017
    ** Copyright 1986-2016 Xilinx, Inc. All Rights Reserved.

source design_1_xlslice_0_0.tcl -notrace
Starting RTL Elaboration : Time (s): cpu = 00:00:09 ; elapsed = 00:00:12 . Memory (MB): peak = 291.098 ; gain = 81.180
INFO: [Synth 8-638] synthesizing module 'design_1_xlslice_0_0' [c:/Users/Utilizador/Desktop/Universidade/4_ano/2_semestre/CR/Praticas/Aula6/Ex7/Ex7.srcs/sources_1/bd/design_1/ip/design_1_xlslice_0_0/synth/design_1_xlslice_0_0.vhd:66]
INFO: [Synth 8-638] synthesizing module 'xlslice' [c:/Users/Utilizador/Desktop/Universidade/4_ano/2_semestre/CR/Praticas/Aula6/Ex7/Ex7.srcs/sources_1/bd/design_1/ipshared/c49f/xlslice.vhd:38]
INFO: [Synth 8-256] done synthesizing module 'xlslice' (1#1) [c:/Users/Utilizador/Desktop/Universidade/4_ano/2_semestre/CR/Praticas/Aula6/Ex7/Ex7.srcs/sources_1/bd/design_1/ipshared/c49f/xlslice.vhd:38]
INFO: [Synth 8-256] done synthesizing module 'design_1_xlslice_0_0' (2#1) [c:/Users/Utilizador/Desktop/Universidade/4_ano/2_semestre/CR/Praticas/Aula6/Ex7/Ex7.srcs/sources_1/bd/design_1/ip/design_1_xlslice_0_0/synth/design_1_xlslice_0_0.vhd:66]
Finished RTL Elaboration : Time (s): cpu = 00:00:10 ; elapsed = 00:00:14 . Memory (MB): peak = 328.535 ; gain = 118.617
Finished RTL Optimization Phase 1 : Time (s): cpu = 00:00:10 ; elapsed = 00:00:14 . Memory (MB): peak = 328.535 ; gain = 118.617
INFO: [Device 21-403] Loading part xc7a100tcsg324-1
Constraint Validation Runtime : Time (s): cpu = 00:00:00 ; elapsed = 00:00:00.016 . Memory (MB): peak = 534.129 ; gain = 0.004
Finished Constraint Validation : Time (s): cpu = 00:00:24 ; elapsed = 00:00:32 . Memory (MB): peak = 534.129 ; gain = 324.211
Finished Loading Part and Timing Information : Time (s): cpu = 00:00:24 ; elapsed = 00:00:32 . Memory (MB): peak = 534.129 ; gain = 324.211
Finished applying 'set_property' XDC Constraints : Time (s): cpu = 00:00:24 ; elapsed = 00:00:32 . Memory (MB): peak = 534.129 ; gain = 324.211
Finished RTL Optimization Phase 2 : Time (s): cpu = 00:00:24 ; elapsed = 00:00:32 . Memory (MB): peak = 534.129 ; gain = 324.211
Finished Cross Boundary and Area Optimization : Time (s): cpu = 00:00:25 ; elapsed = 00:00:32 . Memory (MB): peak = 534.129 ; gain = 324.211
Finished Applying XDC Timing Constraints : Time (s): cpu = 00:00:42 ; elapsed = 00:00:53 . Memory (MB): peak = 565.453 ; gain = 355.535
Finished Timing Optimization : Time (s): cpu = 00:00:42 ; elapsed = 00:00:53 . Memory (MB): peak = 565.453 ; gain = 355.535
Finished Technology Mapping : Time (s): cpu = 00:00:42 ; elapsed = 00:00:53 . Memory (MB): peak = 575.035 ; gain = 365.117
Finished IO Insertion : Time (s): cpu = 00:00:43 ; elapsed = 00:00:54 . Memory (MB): peak = 575.035 ; gain = 365.117
Finished Renaming Generated Instances : Time (s): cpu = 00:00:43 ; elapsed = 00:00:54 . Memory (MB): peak = 575.035 ; gain = 365.117
Finished Rebuilding User Hierarchy : Time (s): cpu = 00:00:43 ; elapsed = 00:00:54 . Memory (MB): peak = 575.035 ; gain = 365.117
Finished Renaming Generated Ports : Time (s): cpu = 00:00:43 ; elapsed = 00:00:54 . Memory (MB): peak = 575.035 ; gain = 365.117
Finished Handling Custom Attributes : Time (s): cpu = 00:00:43 ; elapsed = 00:00:54 . Memory (MB): peak = 575.035 ; gain = 365.117
Finished Renaming Generated Nets : Time (s): cpu = 00:00:43 ; elapsed = 00:00:54 . Memory (MB): peak = 575.035 ; gain = 365.117

Report Cell Usage: 
+-+-----+------+
| |Cell |Count |
+-+-----+------+
+-+-----+------+
Finished Writing Synthesis Report : Time (s): cpu = 00:00:43 ; elapsed = 00:00:54 . Memory (MB): peak = 575.035 ; gain = 365.117
synth_design: Time (s): cpu = 00:00:42 ; elapsed = 00:00:50 . Memory (MB): peak = 591.211 ; gain = 377.102
