#-----------------------------------------------------------
# Vivado v2016.4 (64-bit)
# SW Build 1756540 on Mon Jan 23 19:11:23 MST 2017
# IP Build 1755317 on Mon Jan 23 20:30:07 MST 2017
# Start of session at: Mon Apr 03 14:14:44 2017
# Process ID: 5820
# Current directory: C:/Users/Utilizador/Desktop/Universidade/4_ano/2_semestre/CR/Praticas/Aula4/42 Ano/42 Ano
# Command line: vivado.exe -gui_launcher_event rodinguilauncherevent3000 C:\Users\Utilizador\Desktop\Universidade\4_ano\2_semestre\CR\Praticas\Aula4\42 Ano\42 Ano\Aual5.xpr
# Log file: C:/Users/Utilizador/Desktop/Universidade/4_ano/2_semestre/CR/Praticas/Aula4/42 Ano/42 Ano/vivado.log
# Journal file: C:/Users/Utilizador/Desktop/Universidade/4_ano/2_semestre/CR/Praticas/Aula4/42 Ano/42 Ano\vivado.jou
#-----------------------------------------------------------
start_gui
open_project {C:/Users/Utilizador/Desktop/Universidade/4_ano/2_semestre/CR/Praticas/Aula4/42 Ano/42 Ano/Aual5.xpr}
INFO: [ProjectBase 1-489] The host OS only allows 260 characters in a normal path. The project is stored in a path with more than 80 characters. If you experience issues with IP, Block Designs, or files not being found, please consider moving the project to a location with a shorter path. Alternately consider using the OS subst command to map part of the path to a drive letter.
Current project path is 'C:/Users/Utilizador/Desktop/Universidade/4_ano/2_semestre/CR/Praticas/Aula4/42 Ano/42 Ano'
CRITICAL WARNING: [Project 1-19] Could not find the file 'C:/Users/Utilizador/Desktop/Universidade/4_ano/2_semestre/CR/Praticas/Aula4/42 Ano/4º Ano/2ºSemestre/CR/coe_cr/coe_from_java1.coe'.
CRITICAL WARNING: [Project 1-19] Could not find the file 'C:/Users/Utilizador/Desktop/Universidade/4_ano/2_semestre/CR/Praticas/Aula4/42 Ano/4º Ano/2ºSemestre/CR/gen/gen/word2.coe'.
Scanning sources...
Finished scanning sources
INFO: [Common 17-41] Interrupt caught. Command should exit soon.
INFO: [IP_Flow 19-234] Refreshing IP repositories
INFO: [IP_Flow 19-1704] No user IP repositories specified
INFO: [IP_Flow 19-2313] Loaded Vivado IP repository 'C:/Xilinx/Vivado/2016.4/data/ip'.
1
INFO: [Common 17-344] 'open_project' was cancelled
exit
INFO: [Common 17-206] Exiting Vivado at Mon Apr 03 14:15:53 2017...
