
*** Running vivado
    with args -log ex2_1.vdi -applog -m64 -product Vivado -messageDb vivado.pb -mode batch -source ex2_1.tcl -notrace


****** Vivado v2016.4 (64-bit)
  **** SW Build 1756540 on Mon Jan 23 19:11:23 MST 2017
  **** IP Build 1755317 on Mon Jan 23 20:30:07 MST 2017
    ** Copyright 1986-2016 Xilinx, Inc. All Rights Reserved.

source ex2_1.tcl -notrace
Design is defaulting to srcset: sources_1
Design is defaulting to constrset: constrs_1
INFO: [Netlist 29-17] Analyzing 3 Unisim elements for replacement
INFO: [Netlist 29-28] Unisim Transformation completed in 0 CPU seconds
INFO: [Project 1-479] Netlist was created with Vivado 2016.4
INFO: [Device 21-403] Loading part xc7a100tcsg324-1
INFO: [Project 1-570] Preparing netlist for logic optimization
Parsing XDC File [C:/Users/Utilizador/Desktop/Universidade/4_ano/2_semestre/CR/Praticas/Nexys-4 XDC/Nexys4_Master.xdc]
WARNING: [Vivado 12-584] No ports matched 'clk'. [C:/Users/Utilizador/Desktop/Universidade/4_ano/2_semestre/CR/Praticas/Nexys-4 XDC/Nexys4_Master.xdc:8]
CRITICAL WARNING: [Common 17-55] 'set_property' expects at least one object. [C:/Users/Utilizador/Desktop/Universidade/4_ano/2_semestre/CR/Praticas/Nexys-4 XDC/Nexys4_Master.xdc:8]
Resolution: If [get_<value>] was used to populate the object, check to make sure this command returns at least one valid object.
WARNING: [Vivado 12-584] No ports matched 'clk'. [C:/Users/Utilizador/Desktop/Universidade/4_ano/2_semestre/CR/Praticas/Nexys-4 XDC/Nexys4_Master.xdc:9]
CRITICAL WARNING: [Common 17-55] 'set_property' expects at least one object. [C:/Users/Utilizador/Desktop/Universidade/4_ano/2_semestre/CR/Praticas/Nexys-4 XDC/Nexys4_Master.xdc:9]
Resolution: If [get_<value>] was used to populate the object, check to make sure this command returns at least one valid object.
WARNING: [Vivado 12-584] No ports matched 'clk'. [C:/Users/Utilizador/Desktop/Universidade/4_ano/2_semestre/CR/Praticas/Nexys-4 XDC/Nexys4_Master.xdc:10]
CRITICAL WARNING: [Vivado 12-4739] create_clock:No valid object(s) found for '-objects [get_ports clk]'. [C:/Users/Utilizador/Desktop/Universidade/4_ano/2_semestre/CR/Praticas/Nexys-4 XDC/Nexys4_Master.xdc:10]
Resolution: Check if the specified object(s) exists in the current design. If it does, ensure that the correct design hierarchy was specified for the object. If you are working with clocks, make sure create_clock was used to create the clock object before it is referenced.
WARNING: [Vivado 12-584] No ports matched 'sw[4]'. [C:/Users/Utilizador/Desktop/Universidade/4_ano/2_semestre/CR/Praticas/Nexys-4 XDC/Nexys4_Master.xdc:26]
CRITICAL WARNING: [Common 17-55] 'set_property' expects at least one object. [C:/Users/Utilizador/Desktop/Universidade/4_ano/2_semestre/CR/Praticas/Nexys-4 XDC/Nexys4_Master.xdc:26]
Resolution: If [get_<value>] was used to populate the object, check to make sure this command returns at least one valid object.
WARNING: [Vivado 12-584] No ports matched 'sw[4]'. [C:/Users/Utilizador/Desktop/Universidade/4_ano/2_semestre/CR/Praticas/Nexys-4 XDC/Nexys4_Master.xdc:27]
CRITICAL WARNING: [Common 17-55] 'set_property' expects at least one object. [C:/Users/Utilizador/Desktop/Universidade/4_ano/2_semestre/CR/Praticas/Nexys-4 XDC/Nexys4_Master.xdc:27]
Resolution: If [get_<value>] was used to populate the object, check to make sure this command returns at least one valid object.
WARNING: [Vivado 12-584] No ports matched 'sw[5]'. [C:/Users/Utilizador/Desktop/Universidade/4_ano/2_semestre/CR/Praticas/Nexys-4 XDC/Nexys4_Master.xdc:29]
CRITICAL WARNING: [Common 17-55] 'set_property' expects at least one object. [C:/Users/Utilizador/Desktop/Universidade/4_ano/2_semestre/CR/Praticas/Nexys-4 XDC/Nexys4_Master.xdc:29]
Resolution: If [get_<value>] was used to populate the object, check to make sure this command returns at least one valid object.
WARNING: [Vivado 12-584] No ports matched 'sw[5]'. [C:/Users/Utilizador/Desktop/Universidade/4_ano/2_semestre/CR/Praticas/Nexys-4 XDC/Nexys4_Master.xdc:30]
CRITICAL WARNING: [Common 17-55] 'set_property' expects at least one object. [C:/Users/Utilizador/Desktop/Universidade/4_ano/2_semestre/CR/Praticas/Nexys-4 XDC/Nexys4_Master.xdc:30]
Resolution: If [get_<value>] was used to populate the object, check to make sure this command returns at least one valid object.
WARNING: [Vivado 12-584] No ports matched 'sw[6]'. [C:/Users/Utilizador/Desktop/Universidade/4_ano/2_semestre/CR/Praticas/Nexys-4 XDC/Nexys4_Master.xdc:32]
CRITICAL WARNING: [Common 17-55] 'set_property' expects at least one object. [C:/Users/Utilizador/Desktop/Universidade/4_ano/2_semestre/CR/Praticas/Nexys-4 XDC/Nexys4_Master.xdc:32]
Resolution: If [get_<value>] was used to populate the object, check to make sure this command returns at least one valid object.
WARNING: [Vivado 12-584] No ports matched 'sw[6]'. [C:/Users/Utilizador/Desktop/Universidade/4_ano/2_semestre/CR/Praticas/Nexys-4 XDC/Nexys4_Master.xdc:33]
CRITICAL WARNING: [Common 17-55] 'set_property' expects at least one object. [C:/Users/Utilizador/Desktop/Universidade/4_ano/2_semestre/CR/Praticas/Nexys-4 XDC/Nexys4_Master.xdc:33]
Resolution: If [get_<value>] was used to populate the object, check to make sure this command returns at least one valid object.
WARNING: [Vivado 12-584] No ports matched 'sw[7]'. [C:/Users/Utilizador/Desktop/Universidade/4_ano/2_semestre/CR/Praticas/Nexys-4 XDC/Nexys4_Master.xdc:35]
CRITICAL WARNING: [Common 17-55] 'set_property' expects at least one object. [C:/Users/Utilizador/Desktop/Universidade/4_ano/2_semestre/CR/Praticas/Nexys-4 XDC/Nexys4_Master.xdc:35]
Resolution: If [get_<value>] was used to populate the object, check to make sure this command returns at least one valid object.
WARNING: [Vivado 12-584] No ports matched 'sw[7]'. [C:/Users/Utilizador/Desktop/Universidade/4_ano/2_semestre/CR/Praticas/Nexys-4 XDC/Nexys4_Master.xdc:36]
CRITICAL WARNING: [Common 17-55] 'set_property' expects at least one object. [C:/Users/Utilizador/Desktop/Universidade/4_ano/2_semestre/CR/Praticas/Nexys-4 XDC/Nexys4_Master.xdc:36]
Resolution: If [get_<value>] was used to populate the object, check to make sure this command returns at least one valid object.
WARNING: [Vivado 12-584] No ports matched 'sw[8]'. [C:/Users/Utilizador/Desktop/Universidade/4_ano/2_semestre/CR/Praticas/Nexys-4 XDC/Nexys4_Master.xdc:38]
CRITICAL WARNING: [Common 17-55] 'set_property' expects at least one object. [C:/Users/Utilizador/Desktop/Universidade/4_ano/2_semestre/CR/Praticas/Nexys-4 XDC/Nexys4_Master.xdc:38]
Resolution: If [get_<value>] was used to populate the object, check to make sure this command returns at least one valid object.
WARNING: [Vivado 12-584] No ports matched 'sw[8]'. [C:/Users/Utilizador/Desktop/Universidade/4_ano/2_semestre/CR/Praticas/Nexys-4 XDC/Nexys4_Master.xdc:39]
CRITICAL WARNING: [Common 17-55] 'set_property' expects at least one object. [C:/Users/Utilizador/Desktop/Universidade/4_ano/2_semestre/CR/Praticas/Nexys-4 XDC/Nexys4_Master.xdc:39]
Resolution: If [get_<value>] was used to populate the object, check to make sure this command returns at least one valid object.
WARNING: [Vivado 12-584] No ports matched 'sw[9]'. [C:/Users/Utilizador/Desktop/Universidade/4_ano/2_semestre/CR/Praticas/Nexys-4 XDC/Nexys4_Master.xdc:41]
CRITICAL WARNING: [Common 17-55] 'set_property' expects at least one object. [C:/Users/Utilizador/Desktop/Universidade/4_ano/2_semestre/CR/Praticas/Nexys-4 XDC/Nexys4_Master.xdc:41]
Resolution: If [get_<value>] was used to populate the object, check to make sure this command returns at least one valid object.
WARNING: [Vivado 12-584] No ports matched 'sw[9]'. [C:/Users/Utilizador/Desktop/Universidade/4_ano/2_semestre/CR/Praticas/Nexys-4 XDC/Nexys4_Master.xdc:42]
CRITICAL WARNING: [Common 17-55] 'set_property' expects at least one object. [C:/Users/Utilizador/Desktop/Universidade/4_ano/2_semestre/CR/Praticas/Nexys-4 XDC/Nexys4_Master.xdc:42]
Resolution: If [get_<value>] was used to populate the object, check to make sure this command returns at least one valid object.
WARNING: [Vivado 12-584] No ports matched 'sw[10]'. [C:/Users/Utilizador/Desktop/Universidade/4_ano/2_semestre/CR/Praticas/Nexys-4 XDC/Nexys4_Master.xdc:44]
CRITICAL WARNING: [Common 17-55] 'set_property' expects at least one object. [C:/Users/Utilizador/Desktop/Universidade/4_ano/2_semestre/CR/Praticas/Nexys-4 XDC/Nexys4_Master.xdc:44]
Resolution: If [get_<value>] was used to populate the object, check to make sure this command returns at least one valid object.
WARNING: [Vivado 12-584] No ports matched 'sw[10]'. [C:/Users/Utilizador/Desktop/Universidade/4_ano/2_semestre/CR/Praticas/Nexys-4 XDC/Nexys4_Master.xdc:45]
CRITICAL WARNING: [Common 17-55] 'set_property' expects at least one object. [C:/Users/Utilizador/Desktop/Universidade/4_ano/2_semestre/CR/Praticas/Nexys-4 XDC/Nexys4_Master.xdc:45]
Resolution: If [get_<value>] was used to populate the object, check to make sure this command returns at least one valid object.
WARNING: [Vivado 12-584] No ports matched 'sw[11]'. [C:/Users/Utilizador/Desktop/Universidade/4_ano/2_semestre/CR/Praticas/Nexys-4 XDC/Nexys4_Master.xdc:47]
CRITICAL WARNING: [Common 17-55] 'set_property' expects at least one object. [C:/Users/Utilizador/Desktop/Universidade/4_ano/2_semestre/CR/Praticas/Nexys-4 XDC/Nexys4_Master.xdc:47]
Resolution: If [get_<value>] was used to populate the object, check to make sure this command returns at least one valid object.
WARNING: [Vivado 12-584] No ports matched 'sw[11]'. [C:/Users/Utilizador/Desktop/Universidade/4_ano/2_semestre/CR/Praticas/Nexys-4 XDC/Nexys4_Master.xdc:48]
CRITICAL WARNING: [Common 17-55] 'set_property' expects at least one object. [C:/Users/Utilizador/Desktop/Universidade/4_ano/2_semestre/CR/Praticas/Nexys-4 XDC/Nexys4_Master.xdc:48]
Resolution: If [get_<value>] was used to populate the object, check to make sure this command returns at least one valid object.
WARNING: [Vivado 12-584] No ports matched 'sw[12]'. [C:/Users/Utilizador/Desktop/Universidade/4_ano/2_semestre/CR/Praticas/Nexys-4 XDC/Nexys4_Master.xdc:50]
CRITICAL WARNING: [Common 17-55] 'set_property' expects at least one object. [C:/Users/Utilizador/Desktop/Universidade/4_ano/2_semestre/CR/Praticas/Nexys-4 XDC/Nexys4_Master.xdc:50]
Resolution: If [get_<value>] was used to populate the object, check to make sure this command returns at least one valid object.
WARNING: [Vivado 12-584] No ports matched 'sw[12]'. [C:/Users/Utilizador/Desktop/Universidade/4_ano/2_semestre/CR/Praticas/Nexys-4 XDC/Nexys4_Master.xdc:51]
CRITICAL WARNING: [Common 17-55] 'set_property' expects at least one object. [C:/Users/Utilizador/Desktop/Universidade/4_ano/2_semestre/CR/Praticas/Nexys-4 XDC/Nexys4_Master.xdc:51]
Resolution: If [get_<value>] was used to populate the object, check to make sure this command returns at least one valid object.
WARNING: [Vivado 12-584] No ports matched 'sw[13]'. [C:/Users/Utilizador/Desktop/Universidade/4_ano/2_semestre/CR/Praticas/Nexys-4 XDC/Nexys4_Master.xdc:53]
CRITICAL WARNING: [Common 17-55] 'set_property' expects at least one object. [C:/Users/Utilizador/Desktop/Universidade/4_ano/2_semestre/CR/Praticas/Nexys-4 XDC/Nexys4_Master.xdc:53]
Resolution: If [get_<value>] was used to populate the object, check to make sure this command returns at least one valid object.
WARNING: [Vivado 12-584] No ports matched 'sw[13]'. [C:/Users/Utilizador/Desktop/Universidade/4_ano/2_semestre/CR/Praticas/Nexys-4 XDC/Nexys4_Master.xdc:54]
CRITICAL WARNING: [Common 17-55] 'set_property' expects at least one object. [C:/Users/Utilizador/Desktop/Universidade/4_ano/2_semestre/CR/Praticas/Nexys-4 XDC/Nexys4_Master.xdc:54]
Resolution: If [get_<value>] was used to populate the object, check to make sure this command returns at least one valid object.
WARNING: [Vivado 12-584] No ports matched 'sw[14]'. [C:/Users/Utilizador/Desktop/Universidade/4_ano/2_semestre/CR/Praticas/Nexys-4 XDC/Nexys4_Master.xdc:56]
CRITICAL WARNING: [Common 17-55] 'set_property' expects at least one object. [C:/Users/Utilizador/Desktop/Universidade/4_ano/2_semestre/CR/Praticas/Nexys-4 XDC/Nexys4_Master.xdc:56]
Resolution: If [get_<value>] was used to populate the object, check to make sure this command returns at least one valid object.
WARNING: [Vivado 12-584] No ports matched 'sw[14]'. [C:/Users/Utilizador/Desktop/Universidade/4_ano/2_semestre/CR/Praticas/Nexys-4 XDC/Nexys4_Master.xdc:57]
CRITICAL WARNING: [Common 17-55] 'set_property' expects at least one object. [C:/Users/Utilizador/Desktop/Universidade/4_ano/2_semestre/CR/Praticas/Nexys-4 XDC/Nexys4_Master.xdc:57]
Resolution: If [get_<value>] was used to populate the object, check to make sure this command returns at least one valid object.
WARNING: [Vivado 12-584] No ports matched 'sw[15]'. [C:/Users/Utilizador/Desktop/Universidade/4_ano/2_semestre/CR/Praticas/Nexys-4 XDC/Nexys4_Master.xdc:59]
CRITICAL WARNING: [Common 17-55] 'set_property' expects at least one object. [C:/Users/Utilizador/Desktop/Universidade/4_ano/2_semestre/CR/Praticas/Nexys-4 XDC/Nexys4_Master.xdc:59]
Resolution: If [get_<value>] was used to populate the object, check to make sure this command returns at least one valid object.
WARNING: [Vivado 12-584] No ports matched 'sw[15]'. [C:/Users/Utilizador/Desktop/Universidade/4_ano/2_semestre/CR/Praticas/Nexys-4 XDC/Nexys4_Master.xdc:60]
CRITICAL WARNING: [Common 17-55] 'set_property' expects at least one object. [C:/Users/Utilizador/Desktop/Universidade/4_ano/2_semestre/CR/Praticas/Nexys-4 XDC/Nexys4_Master.xdc:60]
Resolution: If [get_<value>] was used to populate the object, check to make sure this command returns at least one valid object.
WARNING: [Vivado 12-584] No ports matched 'led[0]'. [C:/Users/Utilizador/Desktop/Universidade/4_ano/2_semestre/CR/Praticas/Nexys-4 XDC/Nexys4_Master.xdc:66]
CRITICAL WARNING: [Common 17-55] 'set_property' expects at least one object. [C:/Users/Utilizador/Desktop/Universidade/4_ano/2_semestre/CR/Praticas/Nexys-4 XDC/Nexys4_Master.xdc:66]
Resolution: If [get_<value>] was used to populate the object, check to make sure this command returns at least one valid object.
WARNING: [Vivado 12-584] No ports matched 'led[0]'. [C:/Users/Utilizador/Desktop/Universidade/4_ano/2_semestre/CR/Praticas/Nexys-4 XDC/Nexys4_Master.xdc:67]
CRITICAL WARNING: [Common 17-55] 'set_property' expects at least one object. [C:/Users/Utilizador/Desktop/Universidade/4_ano/2_semestre/CR/Praticas/Nexys-4 XDC/Nexys4_Master.xdc:67]
Resolution: If [get_<value>] was used to populate the object, check to make sure this command returns at least one valid object.
WARNING: [Vivado 12-584] No ports matched 'led[1]'. [C:/Users/Utilizador/Desktop/Universidade/4_ano/2_semestre/CR/Praticas/Nexys-4 XDC/Nexys4_Master.xdc:69]
CRITICAL WARNING: [Common 17-55] 'set_property' expects at least one object. [C:/Users/Utilizador/Desktop/Universidade/4_ano/2_semestre/CR/Praticas/Nexys-4 XDC/Nexys4_Master.xdc:69]
Resolution: If [get_<value>] was used to populate the object, check to make sure this command returns at least one valid object.
WARNING: [Vivado 12-584] No ports matched 'led[1]'. [C:/Users/Utilizador/Desktop/Universidade/4_ano/2_semestre/CR/Praticas/Nexys-4 XDC/Nexys4_Master.xdc:70]
CRITICAL WARNING: [Common 17-55] 'set_property' expects at least one object. [C:/Users/Utilizador/Desktop/Universidade/4_ano/2_semestre/CR/Praticas/Nexys-4 XDC/Nexys4_Master.xdc:70]
Resolution: If [get_<value>] was used to populate the object, check to make sure this command returns at least one valid object.
WARNING: [Vivado 12-584] No ports matched 'led[2]'. [C:/Users/Utilizador/Desktop/Universidade/4_ano/2_semestre/CR/Praticas/Nexys-4 XDC/Nexys4_Master.xdc:72]
CRITICAL WARNING: [Common 17-55] 'set_property' expects at least one object. [C:/Users/Utilizador/Desktop/Universidade/4_ano/2_semestre/CR/Praticas/Nexys-4 XDC/Nexys4_Master.xdc:72]
Resolution: If [get_<value>] was used to populate the object, check to make sure this command returns at least one valid object.
WARNING: [Vivado 12-584] No ports matched 'led[2]'. [C:/Users/Utilizador/Desktop/Universidade/4_ano/2_semestre/CR/Praticas/Nexys-4 XDC/Nexys4_Master.xdc:73]
CRITICAL WARNING: [Common 17-55] 'set_property' expects at least one object. [C:/Users/Utilizador/Desktop/Universidade/4_ano/2_semestre/CR/Praticas/Nexys-4 XDC/Nexys4_Master.xdc:73]
Resolution: If [get_<value>] was used to populate the object, check to make sure this command returns at least one valid object.
WARNING: [Vivado 12-584] No ports matched 'led[3]'. [C:/Users/Utilizador/Desktop/Universidade/4_ano/2_semestre/CR/Praticas/Nexys-4 XDC/Nexys4_Master.xdc:75]
CRITICAL WARNING: [Common 17-55] 'set_property' expects at least one object. [C:/Users/Utilizador/Desktop/Universidade/4_ano/2_semestre/CR/Praticas/Nexys-4 XDC/Nexys4_Master.xdc:75]
Resolution: If [get_<value>] was used to populate the object, check to make sure this command returns at least one valid object.
WARNING: [Vivado 12-584] No ports matched 'led[3]'. [C:/Users/Utilizador/Desktop/Universidade/4_ano/2_semestre/CR/Praticas/Nexys-4 XDC/Nexys4_Master.xdc:76]
CRITICAL WARNING: [Common 17-55] 'set_property' expects at least one object. [C:/Users/Utilizador/Desktop/Universidade/4_ano/2_semestre/CR/Praticas/Nexys-4 XDC/Nexys4_Master.xdc:76]
Resolution: If [get_<value>] was used to populate the object, check to make sure this command returns at least one valid object.
WARNING: [Vivado 12-584] No ports matched 'led[4]'. [C:/Users/Utilizador/Desktop/Universidade/4_ano/2_semestre/CR/Praticas/Nexys-4 XDC/Nexys4_Master.xdc:78]
CRITICAL WARNING: [Common 17-55] 'set_property' expects at least one object. [C:/Users/Utilizador/Desktop/Universidade/4_ano/2_semestre/CR/Praticas/Nexys-4 XDC/Nexys4_Master.xdc:78]
Resolution: If [get_<value>] was used to populate the object, check to make sure this command returns at least one valid object.
WARNING: [Vivado 12-584] No ports matched 'led[4]'. [C:/Users/Utilizador/Desktop/Universidade/4_ano/2_semestre/CR/Praticas/Nexys-4 XDC/Nexys4_Master.xdc:79]
CRITICAL WARNING: [Common 17-55] 'set_property' expects at least one object. [C:/Users/Utilizador/Desktop/Universidade/4_ano/2_semestre/CR/Praticas/Nexys-4 XDC/Nexys4_Master.xdc:79]
Resolution: If [get_<value>] was used to populate the object, check to make sure this command returns at least one valid object.
WARNING: [Vivado 12-584] No ports matched 'led[5]'. [C:/Users/Utilizador/Desktop/Universidade/4_ano/2_semestre/CR/Praticas/Nexys-4 XDC/Nexys4_Master.xdc:81]
CRITICAL WARNING: [Common 17-55] 'set_property' expects at least one object. [C:/Users/Utilizador/Desktop/Universidade/4_ano/2_semestre/CR/Praticas/Nexys-4 XDC/Nexys4_Master.xdc:81]
Resolution: If [get_<value>] was used to populate the object, check to make sure this command returns at least one valid object.
WARNING: [Vivado 12-584] No ports matched 'led[5]'. [C:/Users/Utilizador/Desktop/Universidade/4_ano/2_semestre/CR/Praticas/Nexys-4 XDC/Nexys4_Master.xdc:82]
CRITICAL WARNING: [Common 17-55] 'set_property' expects at least one object. [C:/Users/Utilizador/Desktop/Universidade/4_ano/2_semestre/CR/Praticas/Nexys-4 XDC/Nexys4_Master.xdc:82]
Resolution: If [get_<value>] was used to populate the object, check to make sure this command returns at least one valid object.
WARNING: [Vivado 12-584] No ports matched 'led[6]'. [C:/Users/Utilizador/Desktop/Universidade/4_ano/2_semestre/CR/Praticas/Nexys-4 XDC/Nexys4_Master.xdc:84]
CRITICAL WARNING: [Common 17-55] 'set_property' expects at least one object. [C:/Users/Utilizador/Desktop/Universidade/4_ano/2_semestre/CR/Praticas/Nexys-4 XDC/Nexys4_Master.xdc:84]
Resolution: If [get_<value>] was used to populate the object, check to make sure this command returns at least one valid object.
WARNING: [Vivado 12-584] No ports matched 'led[6]'. [C:/Users/Utilizador/Desktop/Universidade/4_ano/2_semestre/CR/Praticas/Nexys-4 XDC/Nexys4_Master.xdc:85]
CRITICAL WARNING: [Common 17-55] 'set_property' expects at least one object. [C:/Users/Utilizador/Desktop/Universidade/4_ano/2_semestre/CR/Praticas/Nexys-4 XDC/Nexys4_Master.xdc:85]
Resolution: If [get_<value>] was used to populate the object, check to make sure this command returns at least one valid object.
WARNING: [Vivado 12-584] No ports matched 'led[7]'. [C:/Users/Utilizador/Desktop/Universidade/4_ano/2_semestre/CR/Praticas/Nexys-4 XDC/Nexys4_Master.xdc:87]
CRITICAL WARNING: [Common 17-55] 'set_property' expects at least one object. [C:/Users/Utilizador/Desktop/Universidade/4_ano/2_semestre/CR/Praticas/Nexys-4 XDC/Nexys4_Master.xdc:87]
Resolution: If [get_<value>] was used to populate the object, check to make sure this command returns at least one valid object.
WARNING: [Vivado 12-584] No ports matched 'led[7]'. [C:/Users/Utilizador/Desktop/Universidade/4_ano/2_semestre/CR/Praticas/Nexys-4 XDC/Nexys4_Master.xdc:88]
CRITICAL WARNING: [Common 17-55] 'set_property' expects at least one object. [C:/Users/Utilizador/Desktop/Universidade/4_ano/2_semestre/CR/Praticas/Nexys-4 XDC/Nexys4_Master.xdc:88]
Resolution: If [get_<value>] was used to populate the object, check to make sure this command returns at least one valid object.
WARNING: [Vivado 12-584] No ports matched 'led[8]'. [C:/Users/Utilizador/Desktop/Universidade/4_ano/2_semestre/CR/Praticas/Nexys-4 XDC/Nexys4_Master.xdc:90]
CRITICAL WARNING: [Common 17-55] 'set_property' expects at least one object. [C:/Users/Utilizador/Desktop/Universidade/4_ano/2_semestre/CR/Praticas/Nexys-4 XDC/Nexys4_Master.xdc:90]
Resolution: If [get_<value>] was used to populate the object, check to make sure this command returns at least one valid object.
WARNING: [Vivado 12-584] No ports matched 'led[8]'. [C:/Users/Utilizador/Desktop/Universidade/4_ano/2_semestre/CR/Praticas/Nexys-4 XDC/Nexys4_Master.xdc:91]
CRITICAL WARNING: [Common 17-55] 'set_property' expects at least one object. [C:/Users/Utilizador/Desktop/Universidade/4_ano/2_semestre/CR/Praticas/Nexys-4 XDC/Nexys4_Master.xdc:91]
Resolution: If [get_<value>] was used to populate the object, check to make sure this command returns at least one valid object.
WARNING: [Vivado 12-584] No ports matched 'led[9]'. [C:/Users/Utilizador/Desktop/Universidade/4_ano/2_semestre/CR/Praticas/Nexys-4 XDC/Nexys4_Master.xdc:93]
CRITICAL WARNING: [Common 17-55] 'set_property' expects at least one object. [C:/Users/Utilizador/Desktop/Universidade/4_ano/2_semestre/CR/Praticas/Nexys-4 XDC/Nexys4_Master.xdc:93]
Resolution: If [get_<value>] was used to populate the object, check to make sure this command returns at least one valid object.
WARNING: [Vivado 12-584] No ports matched 'led[9]'. [C:/Users/Utilizador/Desktop/Universidade/4_ano/2_semestre/CR/Praticas/Nexys-4 XDC/Nexys4_Master.xdc:94]
CRITICAL WARNING: [Common 17-55] 'set_property' expects at least one object. [C:/Users/Utilizador/Desktop/Universidade/4_ano/2_semestre/CR/Praticas/Nexys-4 XDC/Nexys4_Master.xdc:94]
Resolution: If [get_<value>] was used to populate the object, check to make sure this command returns at least one valid object.
WARNING: [Vivado 12-584] No ports matched 'led[10]'. [C:/Users/Utilizador/Desktop/Universidade/4_ano/2_semestre/CR/Praticas/Nexys-4 XDC/Nexys4_Master.xdc:96]
CRITICAL WARNING: [Common 17-55] 'set_property' expects at least one object. [C:/Users/Utilizador/Desktop/Universidade/4_ano/2_semestre/CR/Praticas/Nexys-4 XDC/Nexys4_Master.xdc:96]
Resolution: If [get_<value>] was used to populate the object, check to make sure this command returns at least one valid object.
WARNING: [Vivado 12-584] No ports matched 'led[10]'. [C:/Users/Utilizador/Desktop/Universidade/4_ano/2_semestre/CR/Praticas/Nexys-4 XDC/Nexys4_Master.xdc:97]
CRITICAL WARNING: [Common 17-55] 'set_property' expects at least one object. [C:/Users/Utilizador/Desktop/Universidade/4_ano/2_semestre/CR/Praticas/Nexys-4 XDC/Nexys4_Master.xdc:97]
Resolution: If [get_<value>] was used to populate the object, check to make sure this command returns at least one valid object.
WARNING: [Vivado 12-584] No ports matched 'led[11]'. [C:/Users/Utilizador/Desktop/Universidade/4_ano/2_semestre/CR/Praticas/Nexys-4 XDC/Nexys4_Master.xdc:99]
CRITICAL WARNING: [Common 17-55] 'set_property' expects at least one object. [C:/Users/Utilizador/Desktop/Universidade/4_ano/2_semestre/CR/Praticas/Nexys-4 XDC/Nexys4_Master.xdc:99]
Resolution: If [get_<value>] was used to populate the object, check to make sure this command returns at least one valid object.
WARNING: [Vivado 12-584] No ports matched 'led[11]'. [C:/Users/Utilizador/Desktop/Universidade/4_ano/2_semestre/CR/Praticas/Nexys-4 XDC/Nexys4_Master.xdc:100]
CRITICAL WARNING: [Common 17-55] 'set_property' expects at least one object. [C:/Users/Utilizador/Desktop/Universidade/4_ano/2_semestre/CR/Praticas/Nexys-4 XDC/Nexys4_Master.xdc:100]
Resolution: If [get_<value>] was used to populate the object, check to make sure this command returns at least one valid object.
WARNING: [Vivado 12-584] No ports matched 'led[12]'. [C:/Users/Utilizador/Desktop/Universidade/4_ano/2_semestre/CR/Praticas/Nexys-4 XDC/Nexys4_Master.xdc:102]
CRITICAL WARNING: [Common 17-55] 'set_property' expects at least one object. [C:/Users/Utilizador/Desktop/Universidade/4_ano/2_semestre/CR/Praticas/Nexys-4 XDC/Nexys4_Master.xdc:102]
Resolution: If [get_<value>] was used to populate the object, check to make sure this command returns at least one valid object.
WARNING: [Vivado 12-584] No ports matched 'led[12]'. [C:/Users/Utilizador/Desktop/Universidade/4_ano/2_semestre/CR/Praticas/Nexys-4 XDC/Nexys4_Master.xdc:103]
CRITICAL WARNING: [Common 17-55] 'set_property' expects at least one object. [C:/Users/Utilizador/Desktop/Universidade/4_ano/2_semestre/CR/Praticas/Nexys-4 XDC/Nexys4_Master.xdc:103]
Resolution: If [get_<value>] was used to populate the object, check to make sure this command returns at least one valid object.
WARNING: [Vivado 12-584] No ports matched 'led[13]'. [C:/Users/Utilizador/Desktop/Universidade/4_ano/2_semestre/CR/Praticas/Nexys-4 XDC/Nexys4_Master.xdc:105]
CRITICAL WARNING: [Common 17-55] 'set_property' expects at least one object. [C:/Users/Utilizador/Desktop/Universidade/4_ano/2_semestre/CR/Praticas/Nexys-4 XDC/Nexys4_Master.xdc:105]
Resolution: If [get_<value>] was used to populate the object, check to make sure this command returns at least one valid object.
WARNING: [Vivado 12-584] No ports matched 'led[13]'. [C:/Users/Utilizador/Desktop/Universidade/4_ano/2_semestre/CR/Praticas/Nexys-4 XDC/Nexys4_Master.xdc:106]
CRITICAL WARNING: [Common 17-55] 'set_property' expects at least one object. [C:/Users/Utilizador/Desktop/Universidade/4_ano/2_semestre/CR/Praticas/Nexys-4 XDC/Nexys4_Master.xdc:106]
Resolution: If [get_<value>] was used to populate the object, check to make sure this command returns at least one valid object.
WARNING: [Vivado 12-584] No ports matched 'led[14]'. [C:/Users/Utilizador/Desktop/Universidade/4_ano/2_semestre/CR/Praticas/Nexys-4 XDC/Nexys4_Master.xdc:108]
CRITICAL WARNING: [Common 17-55] 'set_property' expects at least one object. [C:/Users/Utilizador/Desktop/Universidade/4_ano/2_semestre/CR/Praticas/Nexys-4 XDC/Nexys4_Master.xdc:108]
Resolution: If [get_<value>] was used to populate the object, check to make sure this command returns at least one valid object.
WARNING: [Vivado 12-584] No ports matched 'led[14]'. [C:/Users/Utilizador/Desktop/Universidade/4_ano/2_semestre/CR/Praticas/Nexys-4 XDC/Nexys4_Master.xdc:109]
CRITICAL WARNING: [Common 17-55] 'set_property' expects at least one object. [C:/Users/Utilizador/Desktop/Universidade/4_ano/2_semestre/CR/Praticas/Nexys-4 XDC/Nexys4_Master.xdc:109]
Resolution: If [get_<value>] was used to populate the object, check to make sure this command returns at least one valid object.
WARNING: [Vivado 12-584] No ports matched 'led[15]'. [C:/Users/Utilizador/Desktop/Universidade/4_ano/2_semestre/CR/Praticas/Nexys-4 XDC/Nexys4_Master.xdc:111]
CRITICAL WARNING: [Common 17-55] 'set_property' expects at least one object. [C:/Users/Utilizador/Desktop/Universidade/4_ano/2_semestre/CR/Praticas/Nexys-4 XDC/Nexys4_Master.xdc:111]
Resolution: If [get_<value>] was used to populate the object, check to make sure this command returns at least one valid object.
WARNING: [Vivado 12-584] No ports matched 'led[15]'. [C:/Users/Utilizador/Desktop/Universidade/4_ano/2_semestre/CR/Praticas/Nexys-4 XDC/Nexys4_Master.xdc:112]
CRITICAL WARNING: [Common 17-55] 'set_property' expects at least one object. [C:/Users/Utilizador/Desktop/Universidade/4_ano/2_semestre/CR/Praticas/Nexys-4 XDC/Nexys4_Master.xdc:112]
Resolution: If [get_<value>] was used to populate the object, check to make sure this command returns at least one valid object.
WARNING: [Vivado 12-584] No ports matched 'RGB1_Red'. [C:/Users/Utilizador/Desktop/Universidade/4_ano/2_semestre/CR/Praticas/Nexys-4 XDC/Nexys4_Master.xdc:115]
CRITICAL WARNING: [Common 17-55] 'set_property' expects at least one object. [C:/Users/Utilizador/Desktop/Universidade/4_ano/2_semestre/CR/Praticas/Nexys-4 XDC/Nexys4_Master.xdc:115]
Resolution: If [get_<value>] was used to populate the object, check to make sure this command returns at least one valid object.
WARNING: [Vivado 12-584] No ports matched 'RGB1_Red'. [C:/Users/Utilizador/Desktop/Universidade/4_ano/2_semestre/CR/Praticas/Nexys-4 XDC/Nexys4_Master.xdc:116]
CRITICAL WARNING: [Common 17-55] 'set_property' expects at least one object. [C:/Users/Utilizador/Desktop/Universidade/4_ano/2_semestre/CR/Praticas/Nexys-4 XDC/Nexys4_Master.xdc:116]
Resolution: If [get_<value>] was used to populate the object, check to make sure this command returns at least one valid object.
WARNING: [Vivado 12-584] No ports matched 'RGB1_Green'. [C:/Users/Utilizador/Desktop/Universidade/4_ano/2_semestre/CR/Praticas/Nexys-4 XDC/Nexys4_Master.xdc:118]
CRITICAL WARNING: [Common 17-55] 'set_property' expects at least one object. [C:/Users/Utilizador/Desktop/Universidade/4_ano/2_semestre/CR/Praticas/Nexys-4 XDC/Nexys4_Master.xdc:118]
Resolution: If [get_<value>] was used to populate the object, check to make sure this command returns at least one valid object.
WARNING: [Vivado 12-584] No ports matched 'RGB1_Green'. [C:/Users/Utilizador/Desktop/Universidade/4_ano/2_semestre/CR/Praticas/Nexys-4 XDC/Nexys4_Master.xdc:119]
CRITICAL WARNING: [Common 17-55] 'set_property' expects at least one object. [C:/Users/Utilizador/Desktop/Universidade/4_ano/2_semestre/CR/Praticas/Nexys-4 XDC/Nexys4_Master.xdc:119]
Resolution: If [get_<value>] was used to populate the object, check to make sure this command returns at least one valid object.
WARNING: [Vivado 12-584] No ports matched 'RGB1_Blue'. [C:/Users/Utilizador/Desktop/Universidade/4_ano/2_semestre/CR/Praticas/Nexys-4 XDC/Nexys4_Master.xdc:121]
CRITICAL WARNING: [Common 17-55] 'set_property' expects at least one object. [C:/Users/Utilizador/Desktop/Universidade/4_ano/2_semestre/CR/Praticas/Nexys-4 XDC/Nexys4_Master.xdc:121]
Resolution: If [get_<value>] was used to populate the object, check to make sure this command returns at least one valid object.
WARNING: [Vivado 12-584] No ports matched 'RGB1_Blue'. [C:/Users/Utilizador/Desktop/Universidade/4_ano/2_semestre/CR/Praticas/Nexys-4 XDC/Nexys4_Master.xdc:122]
CRITICAL WARNING: [Common 17-55] 'set_property' expects at least one object. [C:/Users/Utilizador/Desktop/Universidade/4_ano/2_semestre/CR/Praticas/Nexys-4 XDC/Nexys4_Master.xdc:122]
Resolution: If [get_<value>] was used to populate the object, check to make sure this command returns at least one valid object.
WARNING: [Vivado 12-584] No ports matched 'RGB2_Red'. [C:/Users/Utilizador/Desktop/Universidade/4_ano/2_semestre/CR/Praticas/Nexys-4 XDC/Nexys4_Master.xdc:124]
CRITICAL WARNING: [Common 17-55] 'set_property' expects at least one object. [C:/Users/Utilizador/Desktop/Universidade/4_ano/2_semestre/CR/Praticas/Nexys-4 XDC/Nexys4_Master.xdc:124]
Resolution: If [get_<value>] was used to populate the object, check to make sure this command returns at least one valid object.
WARNING: [Vivado 12-584] No ports matched 'RGB2_Red'. [C:/Users/Utilizador/Desktop/Universidade/4_ano/2_semestre/CR/Praticas/Nexys-4 XDC/Nexys4_Master.xdc:125]
CRITICAL WARNING: [Common 17-55] 'set_property' expects at least one object. [C:/Users/Utilizador/Desktop/Universidade/4_ano/2_semestre/CR/Praticas/Nexys-4 XDC/Nexys4_Master.xdc:125]
Resolution: If [get_<value>] was used to populate the object, check to make sure this command returns at least one valid object.
WARNING: [Vivado 12-584] No ports matched 'RGB2_Green'. [C:/Users/Utilizador/Desktop/Universidade/4_ano/2_semestre/CR/Praticas/Nexys-4 XDC/Nexys4_Master.xdc:127]
CRITICAL WARNING: [Common 17-55] 'set_property' expects at least one object. [C:/Users/Utilizador/Desktop/Universidade/4_ano/2_semestre/CR/Praticas/Nexys-4 XDC/Nexys4_Master.xdc:127]
Resolution: If [get_<value>] was used to populate the object, check to make sure this command returns at least one valid object.
WARNING: [Vivado 12-584] No ports matched 'RGB2_Green'. [C:/Users/Utilizador/Desktop/Universidade/4_ano/2_semestre/CR/Praticas/Nexys-4 XDC/Nexys4_Master.xdc:128]
CRITICAL WARNING: [Common 17-55] 'set_property' expects at least one object. [C:/Users/Utilizador/Desktop/Universidade/4_ano/2_semestre/CR/Praticas/Nexys-4 XDC/Nexys4_Master.xdc:128]
Resolution: If [get_<value>] was used to populate the object, check to make sure this command returns at least one valid object.
WARNING: [Vivado 12-584] No ports matched 'RGB2_Blue'. [C:/Users/Utilizador/Desktop/Universidade/4_ano/2_semestre/CR/Praticas/Nexys-4 XDC/Nexys4_Master.xdc:130]
CRITICAL WARNING: [Common 17-55] 'set_property' expects at least one object. [C:/Users/Utilizador/Desktop/Universidade/4_ano/2_semestre/CR/Praticas/Nexys-4 XDC/Nexys4_Master.xdc:130]
Resolution: If [get_<value>] was used to populate the object, check to make sure this command returns at least one valid object.
WARNING: [Vivado 12-584] No ports matched 'RGB2_Blue'. [C:/Users/Utilizador/Desktop/Universidade/4_ano/2_semestre/CR/Praticas/Nexys-4 XDC/Nexys4_Master.xdc:131]
CRITICAL WARNING: [Common 17-55] 'set_property' expects at least one object. [C:/Users/Utilizador/Desktop/Universidade/4_ano/2_semestre/CR/Praticas/Nexys-4 XDC/Nexys4_Master.xdc:131]
Resolution: If [get_<value>] was used to populate the object, check to make sure this command returns at least one valid object.
CRITICAL WARNING: [Designutils 20-1307] Command 'Bank' is not supported in the xdc constraint file. [C:/Users/Utilizador/Desktop/Universidade/4_ano/2_semestre/CR/Praticas/Nexys-4 XDC/Nexys4_Master.xdc:158]
WARNING: [Vivado 12-584] No ports matched 'dp'. [C:/Users/Utilizador/Desktop/Universidade/4_ano/2_semestre/CR/Praticas/Nexys-4 XDC/Nexys4_Master.xdc:159]
CRITICAL WARNING: [Common 17-55] 'set_property' expects at least one object. [C:/Users/Utilizador/Desktop/Universidade/4_ano/2_semestre/CR/Praticas/Nexys-4 XDC/Nexys4_Master.xdc:159]
Resolution: If [get_<value>] was used to populate the object, check to make sure this command returns at least one valid object.
WARNING: [Vivado 12-584] No ports matched 'dp'. [C:/Users/Utilizador/Desktop/Universidade/4_ano/2_semestre/CR/Praticas/Nexys-4 XDC/Nexys4_Master.xdc:160]
CRITICAL WARNING: [Common 17-55] 'set_property' expects at least one object. [C:/Users/Utilizador/Desktop/Universidade/4_ano/2_semestre/CR/Praticas/Nexys-4 XDC/Nexys4_Master.xdc:160]
Resolution: If [get_<value>] was used to populate the object, check to make sure this command returns at least one valid object.
WARNING: [Vivado 12-584] No ports matched 'an[0]'. [C:/Users/Utilizador/Desktop/Universidade/4_ano/2_semestre/CR/Praticas/Nexys-4 XDC/Nexys4_Master.xdc:163]
CRITICAL WARNING: [Common 17-55] 'set_property' expects at least one object. [C:/Users/Utilizador/Desktop/Universidade/4_ano/2_semestre/CR/Praticas/Nexys-4 XDC/Nexys4_Master.xdc:163]
Resolution: If [get_<value>] was used to populate the object, check to make sure this command returns at least one valid object.
WARNING: [Vivado 12-584] No ports matched 'an[0]'. [C:/Users/Utilizador/Desktop/Universidade/4_ano/2_semestre/CR/Praticas/Nexys-4 XDC/Nexys4_Master.xdc:164]
CRITICAL WARNING: [Common 17-55] 'set_property' expects at least one object. [C:/Users/Utilizador/Desktop/Universidade/4_ano/2_semestre/CR/Praticas/Nexys-4 XDC/Nexys4_Master.xdc:164]
Resolution: If [get_<value>] was used to populate the object, check to make sure this command returns at least one valid object.
WARNING: [Vivado 12-584] No ports matched 'an[1]'. [C:/Users/Utilizador/Desktop/Universidade/4_ano/2_semestre/CR/Praticas/Nexys-4 XDC/Nexys4_Master.xdc:166]
CRITICAL WARNING: [Common 17-55] 'set_property' expects at least one object. [C:/Users/Utilizador/Desktop/Universidade/4_ano/2_semestre/CR/Praticas/Nexys-4 XDC/Nexys4_Master.xdc:166]
Resolution: If [get_<value>] was used to populate the object, check to make sure this command returns at least one valid object.
WARNING: [Vivado 12-584] No ports matched 'an[1]'. [C:/Users/Utilizador/Desktop/Universidade/4_ano/2_semestre/CR/Praticas/Nexys-4 XDC/Nexys4_Master.xdc:167]
CRITICAL WARNING: [Common 17-55] 'set_property' expects at least one object. [C:/Users/Utilizador/Desktop/Universidade/4_ano/2_semestre/CR/Praticas/Nexys-4 XDC/Nexys4_Master.xdc:167]
Resolution: If [get_<value>] was used to populate the object, check to make sure this command returns at least one valid object.
WARNING: [Vivado 12-584] No ports matched 'an[2]'. [C:/Users/Utilizador/Desktop/Universidade/4_ano/2_semestre/CR/Praticas/Nexys-4 XDC/Nexys4_Master.xdc:169]
CRITICAL WARNING: [Common 17-55] 'set_property' expects at least one object. [C:/Users/Utilizador/Desktop/Universidade/4_ano/2_semestre/CR/Praticas/Nexys-4 XDC/Nexys4_Master.xdc:169]
Resolution: If [get_<value>] was used to populate the object, check to make sure this command returns at least one valid object.
WARNING: [Vivado 12-584] No ports matched 'an[2]'. [C:/Users/Utilizador/Desktop/Universidade/4_ano/2_semestre/CR/Praticas/Nexys-4 XDC/Nexys4_Master.xdc:170]
CRITICAL WARNING: [Common 17-55] 'set_property' expects at least one object. [C:/Users/Utilizador/Desktop/Universidade/4_ano/2_semestre/CR/Praticas/Nexys-4 XDC/Nexys4_Master.xdc:170]
Resolution: If [get_<value>] was used to populate the object, check to make sure this command returns at least one valid object.
WARNING: [Vivado 12-584] No ports matched 'an[3]'. [C:/Users/Utilizador/Desktop/Universidade/4_ano/2_semestre/CR/Praticas/Nexys-4 XDC/Nexys4_Master.xdc:172]
CRITICAL WARNING: [Common 17-55] 'set_property' expects at least one object. [C:/Users/Utilizador/Desktop/Universidade/4_ano/2_semestre/CR/Praticas/Nexys-4 XDC/Nexys4_Master.xdc:172]
Resolution: If [get_<value>] was used to populate the object, check to make sure this command returns at least one valid object.
WARNING: [Vivado 12-584] No ports matched 'an[3]'. [C:/Users/Utilizador/Desktop/Universidade/4_ano/2_semestre/CR/Praticas/Nexys-4 XDC/Nexys4_Master.xdc:173]
CRITICAL WARNING: [Common 17-55] 'set_property' expects at least one object. [C:/Users/Utilizador/Desktop/Universidade/4_ano/2_semestre/CR/Praticas/Nexys-4 XDC/Nexys4_Master.xdc:173]
Resolution: If [get_<value>] was used to populate the object, check to make sure this command returns at least one valid object.
WARNING: [Vivado 12-584] No ports matched 'an[4]'. [C:/Users/Utilizador/Desktop/Universidade/4_ano/2_semestre/CR/Praticas/Nexys-4 XDC/Nexys4_Master.xdc:175]
CRITICAL WARNING: [Common 17-55] 'set_property' expects at least one object. [C:/Users/Utilizador/Desktop/Universidade/4_ano/2_semestre/CR/Praticas/Nexys-4 XDC/Nexys4_Master.xdc:175]
Resolution: If [get_<value>] was used to populate the object, check to make sure this command returns at least one valid object.
WARNING: [Vivado 12-584] No ports matched 'an[4]'. [C:/Users/Utilizador/Desktop/Universidade/4_ano/2_semestre/CR/Praticas/Nexys-4 XDC/Nexys4_Master.xdc:176]
CRITICAL WARNING: [Common 17-55] 'set_property' expects at least one object. [C:/Users/Utilizador/Desktop/Universidade/4_ano/2_semestre/CR/Praticas/Nexys-4 XDC/Nexys4_Master.xdc:176]
Resolution: If [get_<value>] was used to populate the object, check to make sure this command returns at least one valid object.
WARNING: [Vivado 12-584] No ports matched 'an[5]'. [C:/Users/Utilizador/Desktop/Universidade/4_ano/2_semestre/CR/Praticas/Nexys-4 XDC/Nexys4_Master.xdc:178]
CRITICAL WARNING: [Common 17-55] 'set_property' expects at least one object. [C:/Users/Utilizador/Desktop/Universidade/4_ano/2_semestre/CR/Praticas/Nexys-4 XDC/Nexys4_Master.xdc:178]
Resolution: If [get_<value>] was used to populate the object, check to make sure this command returns at least one valid object.
WARNING: [Vivado 12-584] No ports matched 'an[5]'. [C:/Users/Utilizador/Desktop/Universidade/4_ano/2_semestre/CR/Praticas/Nexys-4 XDC/Nexys4_Master.xdc:179]
CRITICAL WARNING: [Common 17-55] 'set_property' expects at least one object. [C:/Users/Utilizador/Desktop/Universidade/4_ano/2_semestre/CR/Praticas/Nexys-4 XDC/Nexys4_Master.xdc:179]
Resolution: If [get_<value>] was used to populate the object, check to make sure this command returns at least one valid object.
WARNING: [Vivado 12-584] No ports matched 'an[6]'. [C:/Users/Utilizador/Desktop/Universidade/4_ano/2_semestre/CR/Praticas/Nexys-4 XDC/Nexys4_Master.xdc:181]
CRITICAL WARNING: [Common 17-55] 'set_property' expects at least one object. [C:/Users/Utilizador/Desktop/Universidade/4_ano/2_semestre/CR/Praticas/Nexys-4 XDC/Nexys4_Master.xdc:181]
Resolution: If [get_<value>] was used to populate the object, check to make sure this command returns at least one valid object.
WARNING: [Vivado 12-584] No ports matched 'an[6]'. [C:/Users/Utilizador/Desktop/Universidade/4_ano/2_semestre/CR/Praticas/Nexys-4 XDC/Nexys4_Master.xdc:182]
CRITICAL WARNING: [Common 17-55] 'set_property' expects at least one object. [C:/Users/Utilizador/Desktop/Universidade/4_ano/2_semestre/CR/Praticas/Nexys-4 XDC/Nexys4_Master.xdc:182]
Resolution: If [get_<value>] was used to populate the object, check to make sure this command returns at least one valid object.
WARNING: [Vivado 12-584] No ports matched 'an[7]'. [C:/Users/Utilizador/Desktop/Universidade/4_ano/2_semestre/CR/Praticas/Nexys-4 XDC/Nexys4_Master.xdc:184]
CRITICAL WARNING: [Common 17-55] 'set_property' expects at least one object. [C:/Users/Utilizador/Desktop/Universidade/4_ano/2_semestre/CR/Praticas/Nexys-4 XDC/Nexys4_Master.xdc:184]
Resolution: If [get_<value>] was used to populate the object, check to make sure this command returns at least one valid object.
WARNING: [Vivado 12-584] No ports matched 'an[7]'. [C:/Users/Utilizador/Desktop/Universidade/4_ano/2_semestre/CR/Praticas/Nexys-4 XDC/Nexys4_Master.xdc:185]
CRITICAL WARNING: [Common 17-55] 'set_property' expects at least one object. [C:/Users/Utilizador/Desktop/Universidade/4_ano/2_semestre/CR/Praticas/Nexys-4 XDC/Nexys4_Master.xdc:185]
Resolution: If [get_<value>] was used to populate the object, check to make sure this command returns at least one valid object.
WARNING: [Vivado 12-584] No ports matched 'btnCpuReset'. [C:/Users/Utilizador/Desktop/Universidade/4_ano/2_semestre/CR/Praticas/Nexys-4 XDC/Nexys4_Master.xdc:191]
CRITICAL WARNING: [Common 17-55] 'set_property' expects at least one object. [C:/Users/Utilizador/Desktop/Universidade/4_ano/2_semestre/CR/Praticas/Nexys-4 XDC/Nexys4_Master.xdc:191]
Resolution: If [get_<value>] was used to populate the object, check to make sure this command returns at least one valid object.
WARNING: [Vivado 12-584] No ports matched 'btnCpuReset'. [C:/Users/Utilizador/Desktop/Universidade/4_ano/2_semestre/CR/Praticas/Nexys-4 XDC/Nexys4_Master.xdc:192]
CRITICAL WARNING: [Common 17-55] 'set_property' expects at least one object. [C:/Users/Utilizador/Desktop/Universidade/4_ano/2_semestre/CR/Praticas/Nexys-4 XDC/Nexys4_Master.xdc:192]
Resolution: If [get_<value>] was used to populate the object, check to make sure this command returns at least one valid object.
CRITICAL WARNING: [Designutils 20-1307] Command 'Bank' is not supported in the xdc constraint file. [C:/Users/Utilizador/Desktop/Universidade/4_ano/2_semestre/CR/Praticas/Nexys-4 XDC/Nexys4_Master.xdc:193]
WARNING: [Vivado 12-584] No ports matched 'btnC'. [C:/Users/Utilizador/Desktop/Universidade/4_ano/2_semestre/CR/Praticas/Nexys-4 XDC/Nexys4_Master.xdc:194]
CRITICAL WARNING: [Common 17-55] 'set_property' expects at least one object. [C:/Users/Utilizador/Desktop/Universidade/4_ano/2_semestre/CR/Praticas/Nexys-4 XDC/Nexys4_Master.xdc:194]
Resolution: If [get_<value>] was used to populate the object, check to make sure this command returns at least one valid object.
WARNING: [Vivado 12-584] No ports matched 'btnC'. [C:/Users/Utilizador/Desktop/Universidade/4_ano/2_semestre/CR/Praticas/Nexys-4 XDC/Nexys4_Master.xdc:195]
CRITICAL WARNING: [Common 17-55] 'set_property' expects at least one object. [C:/Users/Utilizador/Desktop/Universidade/4_ano/2_semestre/CR/Praticas/Nexys-4 XDC/Nexys4_Master.xdc:195]
Resolution: If [get_<value>] was used to populate the object, check to make sure this command returns at least one valid object.
WARNING: [Vivado 12-584] No ports matched 'btnU'. [C:/Users/Utilizador/Desktop/Universidade/4_ano/2_semestre/CR/Praticas/Nexys-4 XDC/Nexys4_Master.xdc:197]
CRITICAL WARNING: [Common 17-55] 'set_property' expects at least one object. [C:/Users/Utilizador/Desktop/Universidade/4_ano/2_semestre/CR/Praticas/Nexys-4 XDC/Nexys4_Master.xdc:197]
Resolution: If [get_<value>] was used to populate the object, check to make sure this command returns at least one valid object.
WARNING: [Vivado 12-584] No ports matched 'btnU'. [C:/Users/Utilizador/Desktop/Universidade/4_ano/2_semestre/CR/Praticas/Nexys-4 XDC/Nexys4_Master.xdc:198]
CRITICAL WARNING: [Common 17-55] 'set_property' expects at least one object. [C:/Users/Utilizador/Desktop/Universidade/4_ano/2_semestre/CR/Praticas/Nexys-4 XDC/Nexys4_Master.xdc:198]
Resolution: If [get_<value>] was used to populate the object, check to make sure this command returns at least one valid object.
WARNING: [Vivado 12-584] No ports matched 'btnL'. [C:/Users/Utilizador/Desktop/Universidade/4_ano/2_semestre/CR/Praticas/Nexys-4 XDC/Nexys4_Master.xdc:200]
CRITICAL WARNING: [Common 17-55] 'set_property' expects at least one object. [C:/Users/Utilizador/Desktop/Universidade/4_ano/2_semestre/CR/Praticas/Nexys-4 XDC/Nexys4_Master.xdc:200]
Resolution: If [get_<value>] was used to populate the object, check to make sure this command returns at least one valid object.
WARNING: [Vivado 12-584] No ports matched 'btnL'. [C:/Users/Utilizador/Desktop/Universidade/4_ano/2_semestre/CR/Praticas/Nexys-4 XDC/Nexys4_Master.xdc:201]
CRITICAL WARNING: [Common 17-55] 'set_property' expects at least one object. [C:/Users/Utilizador/Desktop/Universidade/4_ano/2_semestre/CR/Praticas/Nexys-4 XDC/Nexys4_Master.xdc:201]
Resolution: If [get_<value>] was used to populate the object, check to make sure this command returns at least one valid object.
WARNING: [Vivado 12-584] No ports matched 'btnR'. [C:/Users/Utilizador/Desktop/Universidade/4_ano/2_semestre/CR/Praticas/Nexys-4 XDC/Nexys4_Master.xdc:203]
CRITICAL WARNING: [Common 17-55] 'set_property' expects at least one object. [C:/Users/Utilizador/Desktop/Universidade/4_ano/2_semestre/CR/Praticas/Nexys-4 XDC/Nexys4_Master.xdc:203]
Resolution: If [get_<value>] was used to populate the object, check to make sure this command returns at least one valid object.
WARNING: [Vivado 12-584] No ports matched 'btnR'. [C:/Users/Utilizador/Desktop/Universidade/4_ano/2_semestre/CR/Praticas/Nexys-4 XDC/Nexys4_Master.xdc:204]
CRITICAL WARNING: [Common 17-55] 'set_property' expects at least one object. [C:/Users/Utilizador/Desktop/Universidade/4_ano/2_semestre/CR/Praticas/Nexys-4 XDC/Nexys4_Master.xdc:204]
Resolution: If [get_<value>] was used to populate the object, check to make sure this command returns at least one valid object.
WARNING: [Vivado 12-584] No ports matched 'btnD'. [C:/Users/Utilizador/Desktop/Universidade/4_ano/2_semestre/CR/Praticas/Nexys-4 XDC/Nexys4_Master.xdc:206]
INFO: [Common 17-14] Message 'Vivado 12-584' appears 100 times and further instances of the messages will be disabled. Use the Tcl command set_msg_config to change the current settings. [C:/Users/Utilizador/Desktop/Universidade/4_ano/2_semestre/CR/Praticas/Nexys-4 XDC/Nexys4_Master.xdc:206]
CRITICAL WARNING: [Common 17-55] 'set_property' expects at least one object. [C:/Users/Utilizador/Desktop/Universidade/4_ano/2_semestre/CR/Praticas/Nexys-4 XDC/Nexys4_Master.xdc:206]
Resolution: If [get_<value>] was used to populate the object, check to make sure this command returns at least one valid object.
CRITICAL WARNING: [Common 17-55] 'set_property' expects at least one object. [C:/Users/Utilizador/Desktop/Universidade/4_ano/2_semestre/CR/Praticas/Nexys-4 XDC/Nexys4_Master.xdc:207]
Resolution: If [get_<value>] was used to populate the object, check to make sure this command returns at least one valid object.
INFO: [Common 17-14] Message 'Common 17-55' appears 100 times and further instances of the messages will be disabled. Use the Tcl command set_msg_config to change the current settings. [C:/Users/Utilizador/Desktop/Universidade/4_ano/2_semestre/CR/Praticas/Nexys-4 XDC/Nexys4_Master.xdc:207]
Finished Parsing XDC File [C:/Users/Utilizador/Desktop/Universidade/4_ano/2_semestre/CR/Praticas/Nexys-4 XDC/Nexys4_Master.xdc]
INFO: [Opt 31-138] Pushed 0 inverter(s) to 0 load pin(s).
INFO: [Project 1-111] Unisim Transformation Summary:
No Unisim elements were transformed.

link_design: Time (s): cpu = 00:00:22 ; elapsed = 00:00:24 . Memory (MB): peak = 463.477 ; gain = 253.078
INFO: [Vivado_Tcl 4-424] Cannot write hardware definition file as there are no IPI block design hardware handoff files present
Command: opt_design
Attempting to get a license for feature 'Implementation' and/or device 'xc7a100t'
INFO: [Common 17-349] Got license for feature 'Implementation' and/or device 'xc7a100t'
Running DRC as a precondition to command opt_design

Starting DRC Task
INFO: [DRC 23-27] Running DRC with 2 threads
INFO: [Project 1-461] DRC finished with 0 Errors
INFO: [Project 1-462] Please refer to the DRC report (report_drc) for more information.

Time (s): cpu = 00:00:04 ; elapsed = 00:00:02 . Memory (MB): peak = 475.156 ; gain = 11.680
INFO: [Timing 38-35] Done setting XDC timing constraints.

Starting Logic Optimization Task
Implement Debug Cores | Checksum: 142425e87

Phase 1 Retarget
INFO: [Opt 31-138] Pushed 0 inverter(s) to 0 load pin(s).
INFO: [Opt 31-49] Retargeted 0 cell(s).
Phase 1 Retarget | Checksum: 142425e87

Time (s): cpu = 00:00:00 ; elapsed = 00:00:00.109 . Memory (MB): peak = 956.141 ; gain = 0.000

Phase 2 Constant propagation
INFO: [Opt 31-138] Pushed 0 inverter(s) to 0 load pin(s).
INFO: [Opt 31-10] Eliminated 0 cells.
Phase 2 Constant propagation | Checksum: 142425e87

Time (s): cpu = 00:00:00 ; elapsed = 00:00:00.231 . Memory (MB): peak = 956.141 ; gain = 0.000

Phase 3 Sweep
INFO: [Opt 31-12] Eliminated 0 unconnected nets.
INFO: [Opt 31-11] Eliminated 0 unconnected cells.
Phase 3 Sweep | Checksum: 142425e87

Time (s): cpu = 00:00:00 ; elapsed = 00:00:00.278 . Memory (MB): peak = 956.141 ; gain = 0.000

Phase 4 BUFG optimization
INFO: [Opt 31-12] Eliminated 0 unconnected nets.
INFO: [Opt 31-11] Eliminated 0 unconnected cells.
Phase 4 BUFG optimization | Checksum: 142425e87

Time (s): cpu = 00:00:00 ; elapsed = 00:00:00.325 . Memory (MB): peak = 956.141 ; gain = 0.000

Starting Connectivity Check Task

Time (s): cpu = 00:00:00 ; elapsed = 00:00:00 . Memory (MB): peak = 956.141 ; gain = 0.000
Ending Logic Optimization Task | Checksum: 142425e87

Time (s): cpu = 00:00:00 ; elapsed = 00:00:00.341 . Memory (MB): peak = 956.141 ; gain = 0.000

Starting Power Optimization Task
INFO: [Pwropt 34-132] Skipping clock gating for clocks with a period < 2.00 ns.
Ending Power Optimization Task | Checksum: 142425e87

Time (s): cpu = 00:00:00 ; elapsed = 00:00:00.062 . Memory (MB): peak = 956.141 ; gain = 0.000
INFO: [Common 17-83] Releasing license: Implementation
25 Infos, 100 Warnings, 103 Critical Warnings and 0 Errors encountered.
opt_design completed successfully
opt_design: Time (s): cpu = 00:00:51 ; elapsed = 00:00:51 . Memory (MB): peak = 956.141 ; gain = 492.664
Writing placer database...
Writing XDEF routing.
Writing XDEF routing logical nets.
Writing XDEF routing special nets.
Write XDEF Complete: Time (s): cpu = 00:00:00 ; elapsed = 00:00:00.138 . Memory (MB): peak = 956.141 ; gain = 0.000
INFO: [Common 17-1381] The checkpoint 'C:/Users/Utilizador/Desktop/Universidade/4_ano/2_semestre/CR/Praticas/Aula2/Aula2/Aula2.runs/impl_1/ex2_1_opt.dcp' has been generated.
INFO: [DRC 23-27] Running DRC with 2 threads
INFO: [Coretcl 2-168] The results of DRC are in file C:/Users/Utilizador/Desktop/Universidade/4_ano/2_semestre/CR/Praticas/Aula2/Aula2/Aula2.runs/impl_1/ex2_1_drc_opted.rpt.
report_drc: Time (s): cpu = 00:00:08 ; elapsed = 00:00:05 . Memory (MB): peak = 956.141 ; gain = 0.000
INFO: [Chipscope 16-241] No debug cores found in the current design.
Before running the implement_debug_core command, either use the Set Up Debug wizard (GUI mode)
or use the create_debug_core and connect_debug_core Tcl commands to insert debug cores into the design.
Command: place_design
Attempting to get a license for feature 'Implementation' and/or device 'xc7a100t'
INFO: [Common 17-349] Got license for feature 'Implementation' and/or device 'xc7a100t'
INFO: [DRC 23-27] Running DRC with 2 threads
INFO: [Vivado_Tcl 4-198] DRC finished with 0 Errors
INFO: [Vivado_Tcl 4-199] Please refer to the DRC report (report_drc) for more information.
Running DRC as a precondition to command place_design
INFO: [DRC 23-27] Running DRC with 2 threads
INFO: [Vivado_Tcl 4-198] DRC finished with 0 Errors
INFO: [Vivado_Tcl 4-199] Please refer to the DRC report (report_drc) for more information.

Starting Placer Task
INFO: [Place 30-611] Multithreading enabled for place_design using a maximum of 2 CPUs

Phase 1 Placer Initialization
Netlist sorting complete. Time (s): cpu = 00:00:00 ; elapsed = 00:00:00 . Memory (MB): peak = 956.141 ; gain = 0.000
Netlist sorting complete. Time (s): cpu = 00:00:00 ; elapsed = 00:00:00 . Memory (MB): peak = 956.141 ; gain = 0.000

Phase 1.1 IO Placement/ Clock Placement/ Build Placer Device
INFO: [Timing 38-35] Done setting XDC timing constraints.
Phase 1.1 IO Placement/ Clock Placement/ Build Placer Device | Checksum: d7197251

Time (s): cpu = 00:00:05 ; elapsed = 00:00:04 . Memory (MB): peak = 981.031 ; gain = 24.891

Phase 1.2 Build Placer Netlist Model
Phase 1.2 Build Placer Netlist Model | Checksum: 13222bb7b

Time (s): cpu = 00:00:05 ; elapsed = 00:00:05 . Memory (MB): peak = 981.031 ; gain = 24.891

Phase 1.3 Constrain Clocks/Macros
Phase 1.3 Constrain Clocks/Macros | Checksum: 13222bb7b

Time (s): cpu = 00:00:05 ; elapsed = 00:00:05 . Memory (MB): peak = 981.031 ; gain = 24.891
Phase 1 Placer Initialization | Checksum: 13222bb7b

Time (s): cpu = 00:00:05 ; elapsed = 00:00:05 . Memory (MB): peak = 981.031 ; gain = 24.891

Phase 2 Global Placement
Phase 2 Global Placement | Checksum: 15213de15

Time (s): cpu = 00:00:05 ; elapsed = 00:00:06 . Memory (MB): peak = 981.031 ; gain = 24.891

Phase 3 Detail Placement

Phase 3.1 Commit Multi Column Macros
Phase 3.1 Commit Multi Column Macros | Checksum: 15213de15

Time (s): cpu = 00:00:05 ; elapsed = 00:00:06 . Memory (MB): peak = 981.031 ; gain = 24.891

Phase 3.2 Commit Most Macros & LUTRAMs
Phase 3.2 Commit Most Macros & LUTRAMs | Checksum: 165c9c8bf

Time (s): cpu = 00:00:06 ; elapsed = 00:00:06 . Memory (MB): peak = 981.031 ; gain = 24.891

Phase 3.3 Area Swap Optimization
Phase 3.3 Area Swap Optimization | Checksum: ec9f9b66

Time (s): cpu = 00:00:06 ; elapsed = 00:00:06 . Memory (MB): peak = 981.031 ; gain = 24.891

Phase 3.4 Pipeline Register Optimization
Phase 3.4 Pipeline Register Optimization | Checksum: ec9f9b66

Time (s): cpu = 00:00:06 ; elapsed = 00:00:06 . Memory (MB): peak = 981.031 ; gain = 24.891

Phase 3.5 Small Shape Detail Placement
Phase 3.5 Small Shape Detail Placement | Checksum: 11e6add0a

Time (s): cpu = 00:00:07 ; elapsed = 00:00:07 . Memory (MB): peak = 981.031 ; gain = 24.891

Phase 3.6 Re-assign LUT pins
Phase 3.6 Re-assign LUT pins | Checksum: 11e6add0a

Time (s): cpu = 00:00:07 ; elapsed = 00:00:07 . Memory (MB): peak = 981.031 ; gain = 24.891

Phase 3.7 Pipeline Register Optimization
Phase 3.7 Pipeline Register Optimization | Checksum: 11e6add0a

Time (s): cpu = 00:00:07 ; elapsed = 00:00:07 . Memory (MB): peak = 981.031 ; gain = 24.891
Phase 3 Detail Placement | Checksum: 11e6add0a

Time (s): cpu = 00:00:07 ; elapsed = 00:00:07 . Memory (MB): peak = 981.031 ; gain = 24.891

Phase 4 Post Placement Optimization and Clean-Up

Phase 4.1 Post Commit Optimization
Phase 4.1 Post Commit Optimization | Checksum: 11e6add0a

Time (s): cpu = 00:00:07 ; elapsed = 00:00:07 . Memory (MB): peak = 981.031 ; gain = 24.891

Phase 4.2 Post Placement Cleanup
Phase 4.2 Post Placement Cleanup | Checksum: 11e6add0a

Time (s): cpu = 00:00:07 ; elapsed = 00:00:07 . Memory (MB): peak = 981.031 ; gain = 24.891

Phase 4.3 Placer Reporting
Phase 4.3 Placer Reporting | Checksum: 11e6add0a

Time (s): cpu = 00:00:07 ; elapsed = 00:00:07 . Memory (MB): peak = 981.031 ; gain = 24.891

Phase 4.4 Final Placement Cleanup
Phase 4.4 Final Placement Cleanup | Checksum: 11e6add0a

Time (s): cpu = 00:00:07 ; elapsed = 00:00:07 . Memory (MB): peak = 981.031 ; gain = 24.891
Phase 4 Post Placement Optimization and Clean-Up | Checksum: 11e6add0a

Time (s): cpu = 00:00:07 ; elapsed = 00:00:07 . Memory (MB): peak = 981.031 ; gain = 24.891
Ending Placer Task | Checksum: b00fc9f9

Time (s): cpu = 00:00:07 ; elapsed = 00:00:07 . Memory (MB): peak = 981.031 ; gain = 24.891
INFO: [Common 17-83] Releasing license: Implementation
39 Infos, 100 Warnings, 103 Critical Warnings and 0 Errors encountered.
place_design completed successfully
place_design: Time (s): cpu = 00:00:12 ; elapsed = 00:00:10 . Memory (MB): peak = 981.031 ; gain = 24.891
Writing placer database...
Writing XDEF routing.
Writing XDEF routing logical nets.
Writing XDEF routing special nets.
Write XDEF Complete: Time (s): cpu = 00:00:00 ; elapsed = 00:00:00.161 . Memory (MB): peak = 981.031 ; gain = 0.000
INFO: [Common 17-1381] The checkpoint 'C:/Users/Utilizador/Desktop/Universidade/4_ano/2_semestre/CR/Praticas/Aula2/Aula2/Aula2.runs/impl_1/ex2_1_placed.dcp' has been generated.
report_io: Time (s): cpu = 00:00:00 ; elapsed = 00:00:00.259 . Memory (MB): peak = 981.031 ; gain = 0.000
report_utilization: Time (s): cpu = 00:00:00 ; elapsed = 00:00:00.063 . Memory (MB): peak = 981.031 ; gain = 0.000
report_control_sets: Time (s): cpu = 00:00:00 ; elapsed = 00:00:00.016 . Memory (MB): peak = 981.031 ; gain = 0.000
Command: route_design
Attempting to get a license for feature 'Implementation' and/or device 'xc7a100t'
INFO: [Common 17-349] Got license for feature 'Implementation' and/or device 'xc7a100t'
Running DRC as a precondition to command route_design
INFO: [DRC 23-27] Running DRC with 2 threads
INFO: [Vivado_Tcl 4-198] DRC finished with 0 Errors
INFO: [Vivado_Tcl 4-199] Please refer to the DRC report (report_drc) for more information.


Starting Routing Task
INFO: [Route 35-254] Multithreading enabled for route_design using a maximum of 2 CPUs
Checksum: PlaceDB: a3128fe5 ConstDB: 0 ShapeSum: cfd3a14 RouteDB: 0

Phase 1 Build RT Design
Phase 1 Build RT Design | Checksum: 127c82773

Time (s): cpu = 00:02:28 ; elapsed = 00:02:13 . Memory (MB): peak = 1112.207 ; gain = 131.176

Phase 2 Router Initialization
INFO: [Route 35-64] No timing constraints were detected. The router will operate in resource-optimization mode.

Phase 2.1 Fix Topology Constraints
Phase 2.1 Fix Topology Constraints | Checksum: 127c82773

Time (s): cpu = 00:02:28 ; elapsed = 00:02:13 . Memory (MB): peak = 1117.098 ; gain = 136.066

Phase 2.2 Pre Route Cleanup
Phase 2.2 Pre Route Cleanup | Checksum: 127c82773

Time (s): cpu = 00:02:28 ; elapsed = 00:02:13 . Memory (MB): peak = 1117.098 ; gain = 136.066
 Number of Nodes with overlaps = 0
Phase 2 Router Initialization | Checksum: 180c10d07

Time (s): cpu = 00:02:29 ; elapsed = 00:02:14 . Memory (MB): peak = 1120.926 ; gain = 139.895

Phase 3 Initial Routing
Phase 3 Initial Routing | Checksum: 11ce3d299

Time (s): cpu = 00:02:29 ; elapsed = 00:02:14 . Memory (MB): peak = 1120.926 ; gain = 139.895

Phase 4 Rip-up And Reroute

Phase 4.1 Global Iteration 0
 Number of Nodes with overlaps = 0
Phase 4.1 Global Iteration 0 | Checksum: 13f593630

Time (s): cpu = 00:02:29 ; elapsed = 00:02:14 . Memory (MB): peak = 1120.926 ; gain = 139.895
Phase 4 Rip-up And Reroute | Checksum: 13f593630

Time (s): cpu = 00:02:29 ; elapsed = 00:02:14 . Memory (MB): peak = 1120.926 ; gain = 139.895

Phase 5 Delay and Skew Optimization
Phase 5 Delay and Skew Optimization | Checksum: 13f593630

Time (s): cpu = 00:02:30 ; elapsed = 00:02:14 . Memory (MB): peak = 1120.926 ; gain = 139.895

Phase 6 Post Hold Fix

Phase 6.1 Hold Fix Iter
Phase 6.1 Hold Fix Iter | Checksum: 13f593630

Time (s): cpu = 00:02:30 ; elapsed = 00:02:14 . Memory (MB): peak = 1120.926 ; gain = 139.895
Phase 6 Post Hold Fix | Checksum: 13f593630

Time (s): cpu = 00:02:30 ; elapsed = 00:02:14 . Memory (MB): peak = 1120.926 ; gain = 139.895

Phase 7 Route finalize

Router Utilization Summary
  Global Vertical Routing Utilization    = 0.00805153 %
  Global Horizontal Routing Utilization  = 0.00184712 %
  Routable Net Status*
  *Does not include unroutable nets such as driverless and loadless.
  Run report_route_status for detailed report.
  Number of Failed Nets               = 0
  Number of Unrouted Nets             = 0
  Number of Partially Routed Nets     = 0
  Number of Node Overlaps             = 0

Congestion Report
North Dir 1x1 Area, Max Cong = 16.2162%, No Congested Regions.
South Dir 1x1 Area, Max Cong = 20.7207%, No Congested Regions.
East Dir 1x1 Area, Max Cong = 10.2941%, No Congested Regions.
West Dir 1x1 Area, Max Cong = 2.94118%, No Congested Regions.
Phase 7 Route finalize | Checksum: 13f593630

Time (s): cpu = 00:02:30 ; elapsed = 00:02:14 . Memory (MB): peak = 1120.926 ; gain = 139.895

Phase 8 Verifying routed nets

 Verification completed successfully
Phase 8 Verifying routed nets | Checksum: 13f593630

Time (s): cpu = 00:02:30 ; elapsed = 00:02:15 . Memory (MB): peak = 1120.926 ; gain = 139.895

Phase 9 Depositing Routes
Phase 9 Depositing Routes | Checksum: 7e201d60

Time (s): cpu = 00:02:30 ; elapsed = 00:02:15 . Memory (MB): peak = 1120.926 ; gain = 139.895
INFO: [Route 35-16] Router Completed Successfully

Time (s): cpu = 00:02:30 ; elapsed = 00:02:15 . Memory (MB): peak = 1120.926 ; gain = 139.895

Routing Is Done.
INFO: [Common 17-83] Releasing license: Implementation
48 Infos, 100 Warnings, 103 Critical Warnings and 0 Errors encountered.
route_design completed successfully
route_design: Time (s): cpu = 00:02:35 ; elapsed = 00:02:18 . Memory (MB): peak = 1120.926 ; gain = 139.895
Writing placer database...
Writing XDEF routing.
Writing XDEF routing logical nets.
Writing XDEF routing special nets.
Write XDEF Complete: Time (s): cpu = 00:00:00 ; elapsed = 00:00:00.125 . Memory (MB): peak = 1120.926 ; gain = 0.000
INFO: [Common 17-1381] The checkpoint 'C:/Users/Utilizador/Desktop/Universidade/4_ano/2_semestre/CR/Praticas/Aula2/Aula2/Aula2.runs/impl_1/ex2_1_routed.dcp' has been generated.
INFO: [DRC 23-27] Running DRC with 2 threads
INFO: [Coretcl 2-168] The results of DRC are in file C:/Users/Utilizador/Desktop/Universidade/4_ano/2_semestre/CR/Praticas/Aula2/Aula2/Aula2.runs/impl_1/ex2_1_drc_routed.rpt.
INFO: [Timing 38-35] Done setting XDC timing constraints.
INFO: [DRC 23-133] Running Methodology with 2 threads
INFO: [Coretcl 2-1520] The results of Report Methodology are in file C:/Users/Utilizador/Desktop/Universidade/4_ano/2_semestre/CR/Praticas/Aula2/Aula2/Aula2.runs/impl_1/ex2_1_methodology_drc_routed.rpt.
INFO: [Timing 38-35] Done setting XDC timing constraints.
INFO: [Timing 38-91] UpdateTimingParams: Speed grade: -1, Delay Type: min_max.
INFO: [Timing 38-191] Multithreading enabled for timing update using a maximum of 2 CPUs
INFO: [Timing 38-35] Done setting XDC timing constraints.
WARNING: [Timing 38-313] There are no user specified timing constraints. Timing constraints are needed for proper timing analysis.
Command: report_power -file ex2_1_power_routed.rpt -pb ex2_1_power_summary_routed.pb -rpx ex2_1_power_routed.rpx
WARNING: [Power 33-232] No user defined clocks were found in the design!
Resolution: Please specify clocks using create_clock/create_generated_clock for sequential elements. For pure combinatorial circuits, please specify a virtual clock, otherwise the vectorless estimation might be inaccurate
Running Vector-less Activity Propagation...

Finished Running Vector-less Activity Propagation
58 Infos, 102 Warnings, 103 Critical Warnings and 0 Errors encountered.
report_power completed successfully
Command: write_bitstream -force -no_partial_bitfile ex2_1.bit
Attempting to get a license for feature 'Implementation' and/or device 'xc7a100t'
INFO: [Common 17-349] Got license for feature 'Implementation' and/or device 'xc7a100t'
Running DRC as a precondition to command write_bitstream
INFO: [DRC 23-27] Running DRC with 2 threads
ERROR: [DRC 23-20] Rule violation (NSTD-1) Unspecified I/O Standard - 8 out of 18 logical ports use I/O standard (IOSTANDARD) value 'DEFAULT', instead of a user assigned specific value. This may cause I/O contention or incompatibility with the board power or connectivity affecting performance, signal integrity or in extreme cases cause damage to the device or the components to which it is connected. To correct this violation, specify all I/O standards. This design will fail to generate a bitstream unless all logical ports have a user specified I/O standard value defined. To allow bitstream creation with unspecified I/O standard values (not recommended), use this command: set_property SEVERITY {Warning} [get_drc_checks NSTD-1].  NOTE: When using the Vivado Runs infrastructure (e.g. launch_runs Tcl command), add this command to a .tcl file and add that file as a pre-hook for write_bitstream step for the implementation run. Problem ports: sel_disp[7:0].
ERROR: [DRC 23-20] Rule violation (UCIO-1) Unconstrained Logical Port - 8 out of 18 logical ports have no user assigned specific location constraint (LOC). This may cause I/O contention or incompatibility with the board power or connectivity affecting performance, signal integrity or in extreme cases cause damage to the device or the components to which it is connected. To correct this violation, specify all pin locations. This design will fail to generate a bitstream unless all logical ports have a user specified site LOC constraint defined.  To allow bitstream creation with unspecified pin locations (not recommended), use this command: set_property SEVERITY {Warning} [get_drc_checks UCIO-1].  NOTE: When using the Vivado Runs infrastructure (e.g. launch_runs Tcl command), add this command to a .tcl file and add that file as a pre-hook for write_bitstream step for the implementation run.  Problem ports: sel_disp[7:0].
WARNING: [DRC 23-20] Rule violation (CFGBVS-1) Missing CFGBVS and CONFIG_VOLTAGE Design Properties - Neither the CFGBVS nor CONFIG_VOLTAGE voltage property is set in the current_design.  Configuration bank voltage select (CFGBVS) must be set to VCCO or GND, and CONFIG_VOLTAGE must be set to the correct configuration voltage, in order to determine the I/O voltage support for the pins in bank 0.  It is suggested to specify these either using the 'Edit Device Properties' function in the GUI or directly in the XDC file using the following syntax:

 set_property CFGBVS value1 [current_design]
 #where value1 is either VCCO or GND

 set_property CONFIG_VOLTAGE value2 [current_design]
 #where value2 is the voltage provided to configuration bank 0

Refer to the device configuration user guide for more information.
INFO: [Vivado 12-3199] DRC finished with 2 Errors, 1 Warnings
INFO: [Vivado 12-3200] Please refer to the DRC report (report_drc) for more information.
ERROR: [Vivado 12-1345] Error(s) found during DRC. Bitgen not run.
INFO: [Common 17-83] Releasing license: Implementation
63 Infos, 103 Warnings, 103 Critical Warnings and 3 Errors encountered.
write_bitstream failed
write_bitstream: Time (s): cpu = 00:00:09 ; elapsed = 00:00:06 . Memory (MB): peak = 1218.773 ; gain = 62.277
ERROR: [Common 17-39] 'write_bitstream' failed due to earlier errors.

INFO: [Common 17-206] Exiting Vivado at Mon Mar 06 14:23:30 2017...

*** Running vivado
    with args -log ex2_1.vdi -applog -m64 -product Vivado -messageDb vivado.pb -mode batch -source ex2_1.tcl -notrace


****** Vivado v2016.4 (64-bit)
  **** SW Build 1756540 on Mon Jan 23 19:11:23 MST 2017
  **** IP Build 1755317 on Mon Jan 23 20:30:07 MST 2017
    ** Copyright 1986-2016 Xilinx, Inc. All Rights Reserved.

source ex2_1.tcl -notrace
Command: open_checkpoint ex2_1_routed.dcp

Starting open_checkpoint Task

Time (s): cpu = 00:00:00 ; elapsed = 00:00:00.078 . Memory (MB): peak = 210.336 ; gain = 0.000
INFO: [Netlist 29-17] Analyzing 3 Unisim elements for replacement
INFO: [Netlist 29-28] Unisim Transformation completed in 0 CPU seconds
INFO: [Project 1-479] Netlist was created with Vivado 2016.4
INFO: [Device 21-403] Loading part xc7a100tcsg324-1
INFO: [Project 1-570] Preparing netlist for logic optimization
Parsing XDC File [C:/Users/Utilizador/Desktop/Universidade/4_ano/2_semestre/CR/Praticas/Aula2/Aula2/Aula2.runs/impl_1/.Xil/Vivado-19420-TiagoHenriques/dcp/ex2_1.xdc]
Finished Parsing XDC File [C:/Users/Utilizador/Desktop/Universidade/4_ano/2_semestre/CR/Praticas/Aula2/Aula2/Aula2.runs/impl_1/.Xil/Vivado-19420-TiagoHenriques/dcp/ex2_1.xdc]
Reading XDEF placement.
Reading placer database...
Reading XDEF routing.
Read XDEF File: Time (s): cpu = 00:00:00 ; elapsed = 00:00:00.157 . Memory (MB): peak = 463.887 ; gain = 0.000
Restored from archive | CPU: 0.000000 secs | Memory: 0.000000 MB |
Finished XDEF File Restore: Time (s): cpu = 00:00:00 ; elapsed = 00:00:00.157 . Memory (MB): peak = 463.887 ; gain = 0.000
INFO: [Project 1-111] Unisim Transformation Summary:
No Unisim elements were transformed.

INFO: [Project 1-604] Checkpoint was created with Vivado v2016.4 (64-bit) build 1756540
open_checkpoint: Time (s): cpu = 00:00:20 ; elapsed = 00:00:21 . Memory (MB): peak = 463.887 ; gain = 253.551
Command: write_bitstream -force -no_partial_bitfile ex2_1.bit
Attempting to get a license for feature 'Implementation' and/or device 'xc7a100t'
INFO: [Common 17-349] Got license for feature 'Implementation' and/or device 'xc7a100t'
Running DRC as a precondition to command write_bitstream
INFO: [DRC 23-27] Running DRC with 2 threads
ERROR: [DRC 23-20] Rule violation (NSTD-1) Unspecified I/O Standard - 8 out of 18 logical ports use I/O standard (IOSTANDARD) value 'DEFAULT', instead of a user assigned specific value. This may cause I/O contention or incompatibility with the board power or connectivity affecting performance, signal integrity or in extreme cases cause damage to the device or the components to which it is connected. To correct this violation, specify all I/O standards. This design will fail to generate a bitstream unless all logical ports have a user specified I/O standard value defined. To allow bitstream creation with unspecified I/O standard values (not recommended), use this command: set_property SEVERITY {Warning} [get_drc_checks NSTD-1].  NOTE: When using the Vivado Runs infrastructure (e.g. launch_runs Tcl command), add this command to a .tcl file and add that file as a pre-hook for write_bitstream step for the implementation run. Problem ports: sel_disp[7:0].
ERROR: [DRC 23-20] Rule violation (UCIO-1) Unconstrained Logical Port - 8 out of 18 logical ports have no user assigned specific location constraint (LOC). This may cause I/O contention or incompatibility with the board power or connectivity affecting performance, signal integrity or in extreme cases cause damage to the device or the components to which it is connected. To correct this violation, specify all pin locations. This design will fail to generate a bitstream unless all logical ports have a user specified site LOC constraint defined.  To allow bitstream creation with unspecified pin locations (not recommended), use this command: set_property SEVERITY {Warning} [get_drc_checks UCIO-1].  NOTE: When using the Vivado Runs infrastructure (e.g. launch_runs Tcl command), add this command to a .tcl file and add that file as a pre-hook for write_bitstream step for the implementation run.  Problem ports: sel_disp[7:0].
WARNING: [DRC 23-20] Rule violation (CFGBVS-1) Missing CFGBVS and CONFIG_VOLTAGE Design Properties - Neither the CFGBVS nor CONFIG_VOLTAGE voltage property is set in the current_design.  Configuration bank voltage select (CFGBVS) must be set to VCCO or GND, and CONFIG_VOLTAGE must be set to the correct configuration voltage, in order to determine the I/O voltage support for the pins in bank 0.  It is suggested to specify these either using the 'Edit Device Properties' function in the GUI or directly in the XDC file using the following syntax:

 set_property CFGBVS value1 [current_design]
 #where value1 is either VCCO or GND

 set_property CONFIG_VOLTAGE value2 [current_design]
 #where value2 is the voltage provided to configuration bank 0

Refer to the device configuration user guide for more information.
INFO: [Vivado 12-3199] DRC finished with 2 Errors, 1 Warnings
INFO: [Vivado 12-3200] Please refer to the DRC report (report_drc) for more information.
ERROR: [Vivado 12-1345] Error(s) found during DRC. Bitgen not run.
INFO: [Common 17-83] Releasing license: Implementation
12 Infos, 1 Warnings, 0 Critical Warnings and 3 Errors encountered.
write_bitstream failed
ERROR: [Common 17-39] 'write_bitstream' failed due to earlier errors.

INFO: [Common 17-206] Exiting Vivado at Mon Mar 06 14:27:34 2017...

*** Running vivado
    with args -log ex2_1.vdi -applog -m64 -product Vivado -messageDb vivado.pb -mode batch -source ex2_1.tcl -notrace


****** Vivado v2016.4 (64-bit)
  **** SW Build 1756540 on Mon Jan 23 19:11:23 MST 2017
  **** IP Build 1755317 on Mon Jan 23 20:30:07 MST 2017
    ** Copyright 1986-2016 Xilinx, Inc. All Rights Reserved.

source ex2_1.tcl -notrace
Command: open_checkpoint ex2_1_routed.dcp

Starting open_checkpoint Task

Time (s): cpu = 00:00:00 ; elapsed = 00:00:00.082 . Memory (MB): peak = 210.152 ; gain = 0.000
INFO: [Netlist 29-17] Analyzing 3 Unisim elements for replacement
INFO: [Netlist 29-28] Unisim Transformation completed in 0 CPU seconds
INFO: [Project 1-479] Netlist was created with Vivado 2016.4
INFO: [Device 21-403] Loading part xc7a100tcsg324-1
INFO: [Project 1-570] Preparing netlist for logic optimization
Parsing XDC File [C:/Users/Utilizador/Desktop/Universidade/4_ano/2_semestre/CR/Praticas/Aula2/Aula2/Aula2.runs/impl_1/.Xil/Vivado-10868-TiagoHenriques/dcp/ex2_1.xdc]
Finished Parsing XDC File [C:/Users/Utilizador/Desktop/Universidade/4_ano/2_semestre/CR/Praticas/Aula2/Aula2/Aula2.runs/impl_1/.Xil/Vivado-10868-TiagoHenriques/dcp/ex2_1.xdc]
Reading XDEF placement.
Reading placer database...
Reading XDEF routing.
Read XDEF File: Time (s): cpu = 00:00:00 ; elapsed = 00:00:00.113 . Memory (MB): peak = 463.898 ; gain = 0.000
Restored from archive | CPU: 0.000000 secs | Memory: 0.000000 MB |
Finished XDEF File Restore: Time (s): cpu = 00:00:00 ; elapsed = 00:00:00.113 . Memory (MB): peak = 463.898 ; gain = 0.000
INFO: [Project 1-111] Unisim Transformation Summary:
No Unisim elements were transformed.

INFO: [Project 1-604] Checkpoint was created with Vivado v2016.4 (64-bit) build 1756540
open_checkpoint: Time (s): cpu = 00:00:19 ; elapsed = 00:00:20 . Memory (MB): peak = 463.898 ; gain = 253.746
Command: write_bitstream -force -no_partial_bitfile ex2_1.bit
Attempting to get a license for feature 'Implementation' and/or device 'xc7a100t'
INFO: [Common 17-349] Got license for feature 'Implementation' and/or device 'xc7a100t'
Running DRC as a precondition to command write_bitstream
INFO: [DRC 23-27] Running DRC with 2 threads
ERROR: [DRC 23-20] Rule violation (NSTD-1) Unspecified I/O Standard - 8 out of 18 logical ports use I/O standard (IOSTANDARD) value 'DEFAULT', instead of a user assigned specific value. This may cause I/O contention or incompatibility with the board power or connectivity affecting performance, signal integrity or in extreme cases cause damage to the device or the components to which it is connected. To correct this violation, specify all I/O standards. This design will fail to generate a bitstream unless all logical ports have a user specified I/O standard value defined. To allow bitstream creation with unspecified I/O standard values (not recommended), use this command: set_property SEVERITY {Warning} [get_drc_checks NSTD-1].  NOTE: When using the Vivado Runs infrastructure (e.g. launch_runs Tcl command), add this command to a .tcl file and add that file as a pre-hook for write_bitstream step for the implementation run. Problem ports: sel_disp[7:0].
ERROR: [DRC 23-20] Rule violation (UCIO-1) Unconstrained Logical Port - 8 out of 18 logical ports have no user assigned specific location constraint (LOC). This may cause I/O contention or incompatibility with the board power or connectivity affecting performance, signal integrity or in extreme cases cause damage to the device or the components to which it is connected. To correct this violation, specify all pin locations. This design will fail to generate a bitstream unless all logical ports have a user specified site LOC constraint defined.  To allow bitstream creation with unspecified pin locations (not recommended), use this command: set_property SEVERITY {Warning} [get_drc_checks UCIO-1].  NOTE: When using the Vivado Runs infrastructure (e.g. launch_runs Tcl command), add this command to a .tcl file and add that file as a pre-hook for write_bitstream step for the implementation run.  Problem ports: sel_disp[7:0].
WARNING: [DRC 23-20] Rule violation (CFGBVS-1) Missing CFGBVS and CONFIG_VOLTAGE Design Properties - Neither the CFGBVS nor CONFIG_VOLTAGE voltage property is set in the current_design.  Configuration bank voltage select (CFGBVS) must be set to VCCO or GND, and CONFIG_VOLTAGE must be set to the correct configuration voltage, in order to determine the I/O voltage support for the pins in bank 0.  It is suggested to specify these either using the 'Edit Device Properties' function in the GUI or directly in the XDC file using the following syntax:

 set_property CFGBVS value1 [current_design]
 #where value1 is either VCCO or GND

 set_property CONFIG_VOLTAGE value2 [current_design]
 #where value2 is the voltage provided to configuration bank 0

Refer to the device configuration user guide for more information.
INFO: [Vivado 12-3199] DRC finished with 2 Errors, 1 Warnings
INFO: [Vivado 12-3200] Please refer to the DRC report (report_drc) for more information.
ERROR: [Vivado 12-1345] Error(s) found during DRC. Bitgen not run.
INFO: [Common 17-83] Releasing license: Implementation
12 Infos, 1 Warnings, 0 Critical Warnings and 3 Errors encountered.
write_bitstream failed
ERROR: [Common 17-39] 'write_bitstream' failed due to earlier errors.

INFO: [Common 17-206] Exiting Vivado at Mon Mar 06 14:34:06 2017...
