Copyright 1986-2016 Xilinx, Inc. All Rights Reserved.
---------------------------------------------------------------------------------------------------------------------------------------
| Tool Version : Vivado v.2016.4 (win64) Build 1756540 Mon Jan 23 19:11:23 MST 2017
| Date         : Wed Apr 12 14:25:41 2017
| Host         : TiagoHenriques running 64-bit major release  (build 9200)
| Command      : report_methodology -file design_1_wrapper_methodology_drc_routed.rpt -rpx design_1_wrapper_methodology_drc_routed.rpx
| Design       : design_1_wrapper
| Device       : xc7a100tcsg324-1
| Speed File   : -1
| Design State : Routed
---------------------------------------------------------------------------------------------------------------------------------------

Report Methodology

Table of Contents
-----------------
1. REPORT SUMMARY
2. REPORT DETAILS

1. REPORT SUMMARY
-----------------
            Netlist: netlist
          Floorplan: design_1
      Design limits: <entire design considered>
             Max violations: <unlimited>
             Violations found: 70
+-----------+----------+--------------------------------------------------------+------------+
| Rule      | Severity | Description                                            | Violations |
+-----------+----------+--------------------------------------------------------+------------+
| TIMING-17 | Warning  | Non-clocked sequential cell                            | 39         |
| TIMING-18 | Warning  | Missing input or output delay                          | 16         |
| XDCC-1    | Warning  | Scoped Clock constraint overwritten with the same name | 15         |
+-----------+----------+--------------------------------------------------------+------------+

2. REPORT DETAILS
-----------------
TIMING-17#1 Warning
Non-clocked sequential cell  
The clock pin design_1_i/blk_mem_gen_0/U0/inst_blk_mem_gen/gnbram.gnativebmg.native_blk_mem_gen/valid.cstr/ramloop[0].ram.r/prim_init.ram/DEVICE_7SERIES.NO_BMM_INFO.SP.WIDE_PRIM18.ram/CLKARDCLK is not reached by a timing clock
Related violations: <none>

TIMING-17#2 Warning
Non-clocked sequential cell  
The clock pin design_1_i/blk_mem_gen_0/U0/inst_blk_mem_gen/gnbram.gnativebmg.native_blk_mem_gen/valid.cstr/ramloop[0].ram.r/prim_init.ram/DEVICE_7SERIES.NO_BMM_INFO.SP.WIDE_PRIM18.ram/CLKBWRCLK is not reached by a timing clock
Related violations: <none>

TIMING-17#3 Warning
Non-clocked sequential cell  
The clock pin design_1_i/c_counter_binary_0/U0/i_synth/i_baseblox.i_baseblox_counter/the_addsub/no_pipelining.the_addsub/i_lut6.i_lut6_addsub/i_q.i_simple.qreg/i_no_async_controls.output_reg[1]/C is not reached by a timing clock
Related violations: <none>

TIMING-17#4 Warning
Non-clocked sequential cell  
The clock pin design_1_i/c_counter_binary_0/U0/i_synth/i_baseblox.i_baseblox_counter/the_addsub/no_pipelining.the_addsub/i_lut6.i_lut6_addsub/i_q.i_simple.qreg/i_no_async_controls.output_reg[2]/C is not reached by a timing clock
Related violations: <none>

TIMING-17#5 Warning
Non-clocked sequential cell  
The clock pin design_1_i/ramControl_0/U0/tmp_reg[0]/C is not reached by a timing clock
Related violations: <none>

TIMING-17#6 Warning
Non-clocked sequential cell  
The clock pin design_1_i/ramControl_0/U0/tmp_reg[1]/C is not reached by a timing clock
Related violations: <none>

TIMING-17#7 Warning
Non-clocked sequential cell  
The clock pin design_1_i/wordToRegisto_0/U0/count_reg[0]/C is not reached by a timing clock
Related violations: <none>

TIMING-17#8 Warning
Non-clocked sequential cell  
The clock pin design_1_i/wordToRegisto_0/U0/regF_reg[0]/C is not reached by a timing clock
Related violations: <none>

TIMING-17#9 Warning
Non-clocked sequential cell  
The clock pin design_1_i/wordToRegisto_0/U0/regF_reg[10]/C is not reached by a timing clock
Related violations: <none>

TIMING-17#10 Warning
Non-clocked sequential cell  
The clock pin design_1_i/wordToRegisto_0/U0/regF_reg[11]/C is not reached by a timing clock
Related violations: <none>

TIMING-17#11 Warning
Non-clocked sequential cell  
The clock pin design_1_i/wordToRegisto_0/U0/regF_reg[12]/C is not reached by a timing clock
Related violations: <none>

TIMING-17#12 Warning
Non-clocked sequential cell  
The clock pin design_1_i/wordToRegisto_0/U0/regF_reg[13]/C is not reached by a timing clock
Related violations: <none>

TIMING-17#13 Warning
Non-clocked sequential cell  
The clock pin design_1_i/wordToRegisto_0/U0/regF_reg[14]/C is not reached by a timing clock
Related violations: <none>

TIMING-17#14 Warning
Non-clocked sequential cell  
The clock pin design_1_i/wordToRegisto_0/U0/regF_reg[15]/C is not reached by a timing clock
Related violations: <none>

TIMING-17#15 Warning
Non-clocked sequential cell  
The clock pin design_1_i/wordToRegisto_0/U0/regF_reg[1]/C is not reached by a timing clock
Related violations: <none>

TIMING-17#16 Warning
Non-clocked sequential cell  
The clock pin design_1_i/wordToRegisto_0/U0/regF_reg[2]/C is not reached by a timing clock
Related violations: <none>

TIMING-17#17 Warning
Non-clocked sequential cell  
The clock pin design_1_i/wordToRegisto_0/U0/regF_reg[3]/C is not reached by a timing clock
Related violations: <none>

TIMING-17#18 Warning
Non-clocked sequential cell  
The clock pin design_1_i/wordToRegisto_0/U0/regF_reg[4]/C is not reached by a timing clock
Related violations: <none>

TIMING-17#19 Warning
Non-clocked sequential cell  
The clock pin design_1_i/wordToRegisto_0/U0/regF_reg[5]/C is not reached by a timing clock
Related violations: <none>

TIMING-17#20 Warning
Non-clocked sequential cell  
The clock pin design_1_i/wordToRegisto_0/U0/regF_reg[6]/C is not reached by a timing clock
Related violations: <none>

TIMING-17#21 Warning
Non-clocked sequential cell  
The clock pin design_1_i/wordToRegisto_0/U0/regF_reg[7]/C is not reached by a timing clock
Related violations: <none>

TIMING-17#22 Warning
Non-clocked sequential cell  
The clock pin design_1_i/wordToRegisto_0/U0/regF_reg[8]/C is not reached by a timing clock
Related violations: <none>

TIMING-17#23 Warning
Non-clocked sequential cell  
The clock pin design_1_i/wordToRegisto_0/U0/regF_reg[9]/C is not reached by a timing clock
Related violations: <none>

TIMING-17#24 Warning
Non-clocked sequential cell  
The clock pin design_1_i/wordToRegisto_0/U0/words_conc_reg[0]/C is not reached by a timing clock
Related violations: <none>

TIMING-17#25 Warning
Non-clocked sequential cell  
The clock pin design_1_i/wordToRegisto_0/U0/words_conc_reg[10]/C is not reached by a timing clock
Related violations: <none>

TIMING-17#26 Warning
Non-clocked sequential cell  
The clock pin design_1_i/wordToRegisto_0/U0/words_conc_reg[11]/C is not reached by a timing clock
Related violations: <none>

TIMING-17#27 Warning
Non-clocked sequential cell  
The clock pin design_1_i/wordToRegisto_0/U0/words_conc_reg[12]/C is not reached by a timing clock
Related violations: <none>

TIMING-17#28 Warning
Non-clocked sequential cell  
The clock pin design_1_i/wordToRegisto_0/U0/words_conc_reg[13]/C is not reached by a timing clock
Related violations: <none>

TIMING-17#29 Warning
Non-clocked sequential cell  
The clock pin design_1_i/wordToRegisto_0/U0/words_conc_reg[14]/C is not reached by a timing clock
Related violations: <none>

TIMING-17#30 Warning
Non-clocked sequential cell  
The clock pin design_1_i/wordToRegisto_0/U0/words_conc_reg[15]/C is not reached by a timing clock
Related violations: <none>

TIMING-17#31 Warning
Non-clocked sequential cell  
The clock pin design_1_i/wordToRegisto_0/U0/words_conc_reg[1]/C is not reached by a timing clock
Related violations: <none>

TIMING-17#32 Warning
Non-clocked sequential cell  
The clock pin design_1_i/wordToRegisto_0/U0/words_conc_reg[2]/C is not reached by a timing clock
Related violations: <none>

TIMING-17#33 Warning
Non-clocked sequential cell  
The clock pin design_1_i/wordToRegisto_0/U0/words_conc_reg[3]/C is not reached by a timing clock
Related violations: <none>

TIMING-17#34 Warning
Non-clocked sequential cell  
The clock pin design_1_i/wordToRegisto_0/U0/words_conc_reg[4]/C is not reached by a timing clock
Related violations: <none>

TIMING-17#35 Warning
Non-clocked sequential cell  
The clock pin design_1_i/wordToRegisto_0/U0/words_conc_reg[5]/C is not reached by a timing clock
Related violations: <none>

TIMING-17#36 Warning
Non-clocked sequential cell  
The clock pin design_1_i/wordToRegisto_0/U0/words_conc_reg[6]/C is not reached by a timing clock
Related violations: <none>

TIMING-17#37 Warning
Non-clocked sequential cell  
The clock pin design_1_i/wordToRegisto_0/U0/words_conc_reg[7]/C is not reached by a timing clock
Related violations: <none>

TIMING-17#38 Warning
Non-clocked sequential cell  
The clock pin design_1_i/wordToRegisto_0/U0/words_conc_reg[8]/C is not reached by a timing clock
Related violations: <none>

TIMING-17#39 Warning
Non-clocked sequential cell  
The clock pin design_1_i/wordToRegisto_0/U0/words_conc_reg[9]/C is not reached by a timing clock
Related violations: <none>

TIMING-18#1 Warning
Missing input or output delay  
An input delay is missing on btnC relative to clock(s) sys_clk_pin 
Related violations: <none>

TIMING-18#2 Warning
Missing input or output delay  
An output delay is missing on an[0] relative to clock(s) sys_clk_pin 
Related violations: <none>

TIMING-18#3 Warning
Missing input or output delay  
An output delay is missing on an[1] relative to clock(s) sys_clk_pin 
Related violations: <none>

TIMING-18#4 Warning
Missing input or output delay  
An output delay is missing on an[2] relative to clock(s) sys_clk_pin 
Related violations: <none>

TIMING-18#5 Warning
Missing input or output delay  
An output delay is missing on an[3] relative to clock(s) sys_clk_pin 
Related violations: <none>

TIMING-18#6 Warning
Missing input or output delay  
An output delay is missing on an[4] relative to clock(s) sys_clk_pin 
Related violations: <none>

TIMING-18#7 Warning
Missing input or output delay  
An output delay is missing on an[5] relative to clock(s) sys_clk_pin 
Related violations: <none>

TIMING-18#8 Warning
Missing input or output delay  
An output delay is missing on an[6] relative to clock(s) sys_clk_pin 
Related violations: <none>

TIMING-18#9 Warning
Missing input or output delay  
An output delay is missing on an[7] relative to clock(s) sys_clk_pin 
Related violations: <none>

TIMING-18#10 Warning
Missing input or output delay  
An output delay is missing on seg[0] relative to clock(s) sys_clk_pin 
Related violations: <none>

TIMING-18#11 Warning
Missing input or output delay  
An output delay is missing on seg[1] relative to clock(s) sys_clk_pin 
Related violations: <none>

TIMING-18#12 Warning
Missing input or output delay  
An output delay is missing on seg[2] relative to clock(s) sys_clk_pin 
Related violations: <none>

TIMING-18#13 Warning
Missing input or output delay  
An output delay is missing on seg[3] relative to clock(s) sys_clk_pin 
Related violations: <none>

TIMING-18#14 Warning
Missing input or output delay  
An output delay is missing on seg[4] relative to clock(s) sys_clk_pin 
Related violations: <none>

TIMING-18#15 Warning
Missing input or output delay  
An output delay is missing on seg[5] relative to clock(s) sys_clk_pin 
Related violations: <none>

TIMING-18#16 Warning
Missing input or output delay  
An output delay is missing on seg[6] relative to clock(s) sys_clk_pin 
Related violations: <none>

XDCC-1#1 Warning
Scoped Clock constraint overwritten with the same name  
A new clock constraint create_clock overrides a previous scoped clock constraint with the same name. It is not recommended to override a scoped (typically an IP) clock constraint and could result in unexpected behaviors.
New: create_clock -period 10.000 -name sys_clk_pin -waveform {0.000 5.000} -add [get_ports -scoped_to_current_instance clk] (Source: c:/Users/Utilizador/Desktop/Universidade/4_ano/2_semestre/CR/Praticas/Aula6/Ex4/Ex4.srcs/sources_1/bd/design_1/ip/design_1_AverageFSM_0_0/src/Nexys4_Master.xdc (Line: 10))
Previous: create_clock -period 10.000 -name sys_clk_pin -waveform {0.000 5.000} -add [get_ports -scoped_to_current_instance clk] (Source: c:/Users/Utilizador/Desktop/Universidade/4_ano/2_semestre/CR/Praticas/Aula6/Ex4/Ex4.srcs/sources_1/bd/design_1/ip/design_1_AverageFSM_0_0/src/design_1_ramControl_0_0/src/Nexys4_Master.xdc (Line: 10))
Related violations: <none>

XDCC-1#2 Warning
Scoped Clock constraint overwritten with the same name  
A new clock constraint create_clock overrides a previous scoped clock constraint with the same name. It is not recommended to override a scoped (typically an IP) clock constraint and could result in unexpected behaviors.
New: create_clock -period 10.000 -name sys_clk_pin -waveform {0.000 5.000} -add [get_ports -scoped_to_current_instance clk] (Source: c:/Users/Utilizador/Desktop/Universidade/4_ano/2_semestre/CR/Praticas/Aula6/Ex4/Ex4.srcs/sources_1/bd/design_1/ip/design_1_AverageFSM_0_0/src/design_1_EightDisplayControl_0_0/src/Nexys4_Master.xdc (Line: 10))
Previous: create_clock -period 10.000 -name sys_clk_pin -waveform {0.000 5.000} -add [get_ports -scoped_to_current_instance clk] (Source: c:/Users/Utilizador/Desktop/Universidade/4_ano/2_semestre/CR/Praticas/Aula6/Ex4/Ex4.srcs/sources_1/bd/design_1/ip/design_1_AverageFSM_0_0/src/design_1_clock_divider_0_0/src/Nexys4_Master.xdc (Line: 10))
Related violations: <none>

XDCC-1#3 Warning
Scoped Clock constraint overwritten with the same name  
A new clock constraint create_clock overrides a previous scoped clock constraint with the same name. It is not recommended to override a scoped (typically an IP) clock constraint and could result in unexpected behaviors.
New: create_clock -period 10.000 -name sys_clk_pin -waveform {0.000 5.000} -add [get_ports -scoped_to_current_instance clk] (Source: c:/Users/Utilizador/Desktop/Universidade/4_ano/2_semestre/CR/Praticas/Aula6/Ex4/Ex4.srcs/sources_1/bd/design_1/ip/design_1_AverageFSM_0_0/src/design_1_clock_divider_0_0/src/Nexys4_Master.xdc (Line: 10))
Previous: create_clock -period 10.000 -name sys_clk_pin -waveform {0.000 5.000} -add [get_ports -scoped_to_current_instance clk] (Source: c:/Users/Utilizador/Desktop/Universidade/4_ano/2_semestre/CR/Praticas/Aula6/Ex4/Ex4.srcs/sources_1/bd/design_1/ip/design_1_wordToRegisto_0_0/src/Nexys4_Master.xdc (Line: 10))
Related violations: <none>

XDCC-1#4 Warning
Scoped Clock constraint overwritten with the same name  
A new clock constraint create_clock overrides a previous scoped clock constraint with the same name. It is not recommended to override a scoped (typically an IP) clock constraint and could result in unexpected behaviors.
New: create_clock -period 10.000 -name sys_clk_pin -waveform {0.000 5.000} -add [get_ports -scoped_to_current_instance clk] (Source: c:/Users/Utilizador/Desktop/Universidade/4_ano/2_semestre/CR/Praticas/Aula6/Ex4/Ex4.srcs/sources_1/bd/design_1/ip/design_1_AverageFSM_0_0/src/design_1_ramControl_0_0/src/Nexys4_Master.xdc (Line: 10))
Previous: create_clock -period 10.000 -name sys_clk_pin -waveform {0.000 5.000} -add [get_ports -scoped_to_current_instance clk] (Source: c:/Users/Utilizador/Desktop/Universidade/4_ano/2_semestre/CR/Praticas/Aula6/Ex4/Ex4.srcs/sources_1/bd/design_1/ip/design_1_AverageFSM_0_0/src/design_1_EightDisplayControl_0_0/src/Nexys4_Master.xdc (Line: 10))
Related violations: <none>

XDCC-1#5 Warning
Scoped Clock constraint overwritten with the same name  
A new clock constraint create_clock overrides a previous scoped clock constraint with the same name. It is not recommended to override a scoped (typically an IP) clock constraint and could result in unexpected behaviors.
New: create_clock -period 10.000 -name sys_clk_pin -waveform {0.000 5.000} -add [get_ports -scoped_to_current_instance clk] (Source: c:/Users/Utilizador/Desktop/Universidade/4_ano/2_semestre/CR/Praticas/Aula6/Ex4/Ex4.srcs/sources_1/bd/design_1/ip/design_1_EightDisplayControl_0_0/src/Nexys4_Master.xdc (Line: 10))
Previous: create_clock -period 10.000 -name sys_clk_pin -waveform {0.000 5.000} -add [get_ports -scoped_to_current_instance clk] (Source: c:/Users/Utilizador/Desktop/Universidade/4_ano/2_semestre/CR/Praticas/Aula6/Ex4/Ex4.srcs/sources_1/bd/design_1/ip/design_1_AverageFSM_0_0/src/Nexys4_Master.xdc (Line: 10))
Related violations: <none>

XDCC-1#6 Warning
Scoped Clock constraint overwritten with the same name  
A new clock constraint create_clock overrides a previous scoped clock constraint with the same name. It is not recommended to override a scoped (typically an IP) clock constraint and could result in unexpected behaviors.
New: create_clock -period 10.000 -name sys_clk_pin -waveform {0.000 5.000} -add [get_ports -scoped_to_current_instance clk] (Source: c:/Users/Utilizador/Desktop/Universidade/4_ano/2_semestre/CR/Praticas/Aula6/Ex4/Ex4.srcs/sources_1/bd/design_1/ip/design_1_ramControl_0_0/src/Nexys4_Master.xdc (Line: 10))
Previous: create_clock -period 10.000 -name sys_clk_pin -waveform {0.000 5.000} -add [get_ports -scoped_to_current_instance clk] (Source: c:/Users/Utilizador/Desktop/Universidade/4_ano/2_semestre/CR/Praticas/Aula6/Ex4/Ex4.srcs/sources_1/bd/design_1/ip/design_1_clock_divider_0_0/src/Nexys4_Master.xdc (Line: 10))
Related violations: <none>

XDCC-1#7 Warning
Scoped Clock constraint overwritten with the same name  
A new clock constraint create_clock overrides a previous scoped clock constraint with the same name. It is not recommended to override a scoped (typically an IP) clock constraint and could result in unexpected behaviors.
New: create_clock -period 10.000 -name sys_clk_pin -waveform {0.000 5.000} -add [get_ports -scoped_to_current_instance clk] (Source: c:/Users/Utilizador/Desktop/Universidade/4_ano/2_semestre/CR/Praticas/Aula6/Ex4/Ex4.srcs/sources_1/bd/design_1/ip/design_1_wordToRegisto_0_0/src/Nexys4_Master.xdc (Line: 10))
Previous: create_clock -period 10.000 -name sys_clk_pin -waveform {0.000 5.000} -add [get_ports -scoped_to_current_instance clk] (Source: c:/Users/Utilizador/Desktop/Universidade/4_ano/2_semestre/CR/Praticas/Aula6/Ex4/Ex4.srcs/sources_1/bd/design_1/ip/design_1_wordToRegisto_0_0/src/design_1_AverageFSM_0_0/src/Nexys4_Master.xdc (Line: 10))
Related violations: <none>

XDCC-1#8 Warning
Scoped Clock constraint overwritten with the same name  
A new clock constraint create_clock overrides a previous scoped clock constraint with the same name. It is not recommended to override a scoped (typically an IP) clock constraint and could result in unexpected behaviors.
New: create_clock -period 10.000 -name sys_clk_pin -waveform {0.000 5.000} -add [get_ports -scoped_to_current_instance clk] (Source: c:/Users/Utilizador/Desktop/Universidade/4_ano/2_semestre/CR/Praticas/Aula6/Ex4/Ex4.srcs/sources_1/bd/design_1/ip/design_1_wordToRegisto_0_0/src/design_1_AverageFSM_0_0/src/Nexys4_Master.xdc (Line: 10))
Previous: create_clock -period 10.000 -name sys_clk_pin -waveform {0.000 5.000} -add [get_ports -scoped_to_current_instance clk] (Source: c:/Users/Utilizador/Desktop/Universidade/4_ano/2_semestre/CR/Praticas/Aula6/Ex4/Ex4.srcs/sources_1/bd/design_1/ip/design_1_wordToRegisto_0_0/src/design_1_AverageFSM_0_0/src/design_1_ramControl_0_0/src/Nexys4_Master.xdc (Line: 10))
Related violations: <none>

XDCC-1#9 Warning
Scoped Clock constraint overwritten with the same name  
A new clock constraint create_clock overrides a previous scoped clock constraint with the same name. It is not recommended to override a scoped (typically an IP) clock constraint and could result in unexpected behaviors.
New: create_clock -period 10.000 -name sys_clk_pin -waveform {0.000 5.000} -add [get_ports -scoped_to_current_instance clk] (Source: c:/Users/Utilizador/Desktop/Universidade/4_ano/2_semestre/CR/Praticas/Aula6/Ex4/Ex4.srcs/sources_1/bd/design_1/ip/design_1_wordToRegisto_0_0/src/design_1_AverageFSM_0_0/src/design_1_EightDisplayControl_0_0/src/Nexys4_Master.xdc (Line: 10))
Previous: create_clock -period 10.000 -name sys_clk_pin -waveform {0.000 5.000} -add [get_ports -scoped_to_current_instance clk] (Source: c:/Users/Utilizador/Desktop/Universidade/4_ano/2_semestre/CR/Praticas/Aula6/Ex4/Ex4.srcs/sources_1/bd/design_1/ip/design_1_wordToRegisto_0_0/src/design_1_AverageFSM_0_0/src/design_1_clock_divider_0_0/src/Nexys4_Master.xdc (Line: 10))
Related violations: <none>

XDCC-1#10 Warning
Scoped Clock constraint overwritten with the same name  
A new clock constraint create_clock overrides a previous scoped clock constraint with the same name. It is not recommended to override a scoped (typically an IP) clock constraint and could result in unexpected behaviors.
New: create_clock -period 10.000 -name sys_clk_pin -waveform {0.000 5.000} -add [get_ports -scoped_to_current_instance clk] (Source: c:/Users/Utilizador/Desktop/Universidade/4_ano/2_semestre/CR/Praticas/Aula6/Ex4/Ex4.srcs/sources_1/bd/design_1/ip/design_1_wordToRegisto_0_0/src/design_1_AverageFSM_0_0/src/design_1_clock_divider_0_0/src/Nexys4_Master.xdc (Line: 10))
Previous: create_clock -period 10.000 -name sys_clk_pin -waveform {0.000 5.000} -add [get_ports -scoped_to_current_instance clk] (Source: c:/Users/Utilizador/Desktop/Universidade/4_ano/2_semestre/CR/Praticas/Aula6/Ex4/Ex4.srcs/sources_1/bd/design_1/ip/design_1_wordToRegisto_0_0/src/design_1_ramControl_0_0/src/Nexys4_Master.xdc (Line: 10))
Related violations: <none>

XDCC-1#11 Warning
Scoped Clock constraint overwritten with the same name  
A new clock constraint create_clock overrides a previous scoped clock constraint with the same name. It is not recommended to override a scoped (typically an IP) clock constraint and could result in unexpected behaviors.
New: create_clock -period 10.000 -name sys_clk_pin -waveform {0.000 5.000} -add [get_ports -scoped_to_current_instance clk] (Source: c:/Users/Utilizador/Desktop/Universidade/4_ano/2_semestre/CR/Praticas/Aula6/Ex4/Ex4.srcs/sources_1/bd/design_1/ip/design_1_wordToRegisto_0_0/src/design_1_AverageFSM_0_0/src/design_1_ramControl_0_0/src/Nexys4_Master.xdc (Line: 10))
Previous: create_clock -period 10.000 -name sys_clk_pin -waveform {0.000 5.000} -add [get_ports -scoped_to_current_instance clk] (Source: c:/Users/Utilizador/Desktop/Universidade/4_ano/2_semestre/CR/Praticas/Aula6/Ex4/Ex4.srcs/sources_1/bd/design_1/ip/design_1_wordToRegisto_0_0/src/design_1_AverageFSM_0_0/src/design_1_EightDisplayControl_0_0/src/Nexys4_Master.xdc (Line: 10))
Related violations: <none>

XDCC-1#12 Warning
Scoped Clock constraint overwritten with the same name  
A new clock constraint create_clock overrides a previous scoped clock constraint with the same name. It is not recommended to override a scoped (typically an IP) clock constraint and could result in unexpected behaviors.
New: create_clock -period 10.000 -name sys_clk_pin -waveform {0.000 5.000} -add [get_ports -scoped_to_current_instance clk] (Source: c:/Users/Utilizador/Desktop/Universidade/4_ano/2_semestre/CR/Praticas/Aula6/Ex4/Ex4.srcs/sources_1/bd/design_1/ip/design_1_wordToRegisto_0_0/src/design_1_EightDisplayControl_0_0/src/Nexys4_Master.xdc (Line: 10))
Previous: create_clock -period 10.000 -name sys_clk_pin -waveform {0.000 5.000} -add [get_ports -scoped_to_current_instance clk] (Source: c:/Users/Utilizador/Desktop/Universidade/4_ano/2_semestre/CR/Praticas/Aula6/Ex4/Ex4.srcs/sources_1/bd/design_1/ip/design_1_wordToRegisto_0_0/src/design_1_clock_divider_0_0/src/Nexys4_Master.xdc (Line: 10))
Related violations: <none>

XDCC-1#13 Warning
Scoped Clock constraint overwritten with the same name  
A new clock constraint create_clock overrides a previous scoped clock constraint with the same name. It is not recommended to override a scoped (typically an IP) clock constraint and could result in unexpected behaviors.
New: create_clock -period 10.000 -name sys_clk_pin -waveform {0.000 5.000} -add [get_ports -scoped_to_current_instance clk] (Source: c:/Users/Utilizador/Desktop/Universidade/4_ano/2_semestre/CR/Praticas/Aula6/Ex4/Ex4.srcs/sources_1/bd/design_1/ip/design_1_wordToRegisto_0_0/src/design_1_clock_divider_0_0/src/Nexys4_Master.xdc (Line: 10))
Previous: create_clock -period 10.000 -name sys_clk_pin -waveform {0.000 5.000} -add [get_ports -scoped_to_current_instance clk] (Source: c:/Users/Utilizador/Desktop/Universidade/4_ano/2_semestre/CR/Praticas/Aula6/Ex4/Ex4.srcs/sources_1/bd/design_1/ip/design_1_ramControl_0_0/src/Nexys4_Master.xdc (Line: 10))
Related violations: <none>

XDCC-1#14 Warning
Scoped Clock constraint overwritten with the same name  
A new clock constraint create_clock overrides a previous scoped clock constraint with the same name. It is not recommended to override a scoped (typically an IP) clock constraint and could result in unexpected behaviors.
New: create_clock -period 10.000 -name sys_clk_pin -waveform {0.000 5.000} -add [get_ports -scoped_to_current_instance clk] (Source: c:/Users/Utilizador/Desktop/Universidade/4_ano/2_semestre/CR/Praticas/Aula6/Ex4/Ex4.srcs/sources_1/bd/design_1/ip/design_1_wordToRegisto_0_0/src/design_1_ramControl_0_0/src/Nexys4_Master.xdc (Line: 10))
Previous: create_clock -period 10.000 -name sys_clk_pin -waveform {0.000 5.000} -add [get_ports -scoped_to_current_instance clk] (Source: c:/Users/Utilizador/Desktop/Universidade/4_ano/2_semestre/CR/Praticas/Aula6/Ex4/Ex4.srcs/sources_1/bd/design_1/ip/design_1_wordToRegisto_0_0/src/design_1_EightDisplayControl_0_0/src/Nexys4_Master.xdc (Line: 10))
Related violations: <none>

XDCC-1#15 Warning
Scoped Clock constraint overwritten with the same name  
A new clock constraint create_clock overrides a previous scoped clock constraint with the same name. It is not recommended to override a scoped (typically an IP) clock constraint and could result in unexpected behaviors.
New: create_clock -period 10.000 -name sys_clk_pin -waveform {0.000 5.000} -add [get_ports clk] (Source: C:/Users/Utilizador/Desktop/Universidade/4_ano/2_semestre/CR/Praticas/Aula6/Ex4/Ex4.srcs/constrs_1/imports/Praticas/Nexys4_Master.xdc (Line: 10))
Previous: create_clock -period 10.000 -name sys_clk_pin -waveform {0.000 5.000} -add [get_ports -scoped_to_current_instance clk] (Source: c:/Users/Utilizador/Desktop/Universidade/4_ano/2_semestre/CR/Praticas/Aula6/Ex4/Ex4.srcs/sources_1/bd/design_1/ip/design_1_EightDisplayControl_0_0/src/Nexys4_Master.xdc (Line: 10))
Related violations: <none>


