Copyright 1986-2016 Xilinx, Inc. All Rights Reserved.
----------------------------------------------------------------------------------------
| Tool Version : Vivado v.2016.4 (win64) Build 1756540 Mon Jan 23 19:11:23 MST 2017
| Date         : Thu Mar 16 19:49:45 2017
| Host         : FilipePc running 64-bit major release  (build 9200)
| Command      : report_control_sets -verbose -file ex3_wrapper_control_sets_placed.rpt
| Design       : ex3_wrapper
| Device       : xc7a100t
----------------------------------------------------------------------------------------

Control Set Information

Table of Contents
-----------------
1. Summary
2. Flip-Flop Distribution
3. Detailed Control Set Information

1. Summary
----------

+----------------------------------------------------------+-------+
|                          Status                          | Count |
+----------------------------------------------------------+-------+
| Number of unique control sets                            |     8 |
| Unused register locations in slices containing registers |    20 |
+----------------------------------------------------------+-------+


2. Flip-Flop Distribution
-------------------------

+--------------+-----------------------+------------------------+-----------------+--------------+
| Clock Enable | Synchronous Set/Reset | Asynchronous Set/Reset | Total Registers | Total Slices |
+--------------+-----------------------+------------------------+-----------------+--------------+
| No           | No                    | No                     |            1037 |          264 |
| No           | No                    | Yes                    |               0 |            0 |
| No           | Yes                   | No                     |              21 |            7 |
| Yes          | No                    | No                     |              26 |            7 |
| Yes          | No                    | Yes                    |               0 |            0 |
| Yes          | Yes                   | No                     |              32 |            7 |
+--------------+-----------------------+------------------------+-----------------+--------------+


3. Detailed Control Set Information
-----------------------------------

+---------------------------------------+--------------------------------------------+-----------------------------------------+------------------+----------------+
|              Clock Signal             |                Enable Signal               |             Set/Reset Signal            | Slice Load Count | Bel Load Count |
+---------------------------------------+--------------------------------------------+-----------------------------------------+------------------+----------------+
|  ex3_i/clock_divider_0/U0/divided_clk |                                            | ex3_i/Decimal_to_Displays_4_0/U0/flag10 |                1 |              1 |
|  ex3_i/clock_divider_0/U0/divided_clk | ex3_i/contador1000Bits_0/U0/C_S            |                                         |                3 |             10 |
|  clk_IBUF                             |                                            |                                         |                4 |             16 |
|  ex3_i/clock_divider_0/U0/divided_clk | ex3_i/BinToBCD16_0/U0/c_s[0]               | ex3_i/BinToBCD16_0/U0/c_s[1]            |                3 |             16 |
|  ex3_i/clock_divider_0/U0/divided_clk | ex3_i/BinToBCD16_0/U0/get_outputs          | ex3_i/BinToBCD16_0/U0/BCD4[3]_i_1_n_0   |                4 |             16 |
|  ex3_i/clock_divider_0/U0/divided_clk | ex3_i/BinToBCD16_0/U0/int_rg_c[15]_i_1_n_0 |                                         |                4 |             16 |
|  ex3_i/clock_divider_0/U0/divided_clk |                                            | ex3_i/contador1000Bits_0/U0/C_S         |                6 |             20 |
|  ex3_i/clock_divider_0/U0/divided_clk |                                            |                                         |              260 |           1021 |
+---------------------------------------+--------------------------------------------+-----------------------------------------+------------------+----------------+


+--------+-----------------------+
| Fanout | Number of ControlSets |
+--------+-----------------------+
| 1      |                     1 |
| 10     |                     1 |
| 16+    |                     6 |
+--------+-----------------------+


