
*** Running vivado
    with args -log design_1_xlslice_0_0.vds -m64 -product Vivado -mode batch -messageDb vivado.pb -notrace -source design_1_xlslice_0_0.tcl


****** Vivado v2016.4 (64-bit)
  **** SW Build 1756540 on Mon Jan 23 19:11:23 MST 2017
  **** IP Build 1755317 on Mon Jan 23 20:30:07 MST 2017
    ** Copyright 1986-2016 Xilinx, Inc. All Rights Reserved.

source design_1_xlslice_0_0.tcl -notrace
Starting RTL Elaboration : Time (s): cpu = 00:00:08 ; elapsed = 00:00:11 . Memory (MB): peak = 290.184 ; gain = 80.051
INFO: [Synth 8-638] synthesizing module 'design_1_xlslice_0_0' [c:/Users/Utilizador/Desktop/Universidade/4_ano/2_semestre/CR/Praticas/Aula6/Ex3/Ex3.srcs/sources_1/bd/design_1/ip/design_1_xlslice_0_0/synth/design_1_xlslice_0_0.vhd:66]
INFO: [Synth 8-638] synthesizing module 'xlslice' [c:/Users/Utilizador/Desktop/Universidade/4_ano/2_semestre/CR/Praticas/Aula6/Ex3/Ex3.srcs/sources_1/bd/design_1/ipshared/c49f/xlslice.vhd:38]
INFO: [Synth 8-256] done synthesizing module 'xlslice' (1#1) [c:/Users/Utilizador/Desktop/Universidade/4_ano/2_semestre/CR/Praticas/Aula6/Ex3/Ex3.srcs/sources_1/bd/design_1/ipshared/c49f/xlslice.vhd:38]
INFO: [Synth 8-256] done synthesizing module 'design_1_xlslice_0_0' (2#1) [c:/Users/Utilizador/Desktop/Universidade/4_ano/2_semestre/CR/Praticas/Aula6/Ex3/Ex3.srcs/sources_1/bd/design_1/ip/design_1_xlslice_0_0/synth/design_1_xlslice_0_0.vhd:66]
Finished RTL Elaboration : Time (s): cpu = 00:00:09 ; elapsed = 00:00:12 . Memory (MB): peak = 327.453 ; gain = 117.320
Finished RTL Optimization Phase 1 : Time (s): cpu = 00:00:09 ; elapsed = 00:00:12 . Memory (MB): peak = 327.453 ; gain = 117.320
INFO: [Device 21-403] Loading part xc7a100tcsg324-1
Constraint Validation Runtime : Time (s): cpu = 00:00:00 ; elapsed = 00:00:00.031 . Memory (MB): peak = 533.234 ; gain = 0.000
Finished Constraint Validation : Time (s): cpu = 00:00:21 ; elapsed = 00:00:24 . Memory (MB): peak = 533.234 ; gain = 323.102
Finished Loading Part and Timing Information : Time (s): cpu = 00:00:21 ; elapsed = 00:00:24 . Memory (MB): peak = 533.234 ; gain = 323.102
Finished applying 'set_property' XDC Constraints : Time (s): cpu = 00:00:21 ; elapsed = 00:00:24 . Memory (MB): peak = 533.234 ; gain = 323.102
Finished RTL Optimization Phase 2 : Time (s): cpu = 00:00:21 ; elapsed = 00:00:24 . Memory (MB): peak = 533.234 ; gain = 323.102
Finished Cross Boundary and Area Optimization : Time (s): cpu = 00:00:21 ; elapsed = 00:00:25 . Memory (MB): peak = 533.234 ; gain = 323.102
Finished Applying XDC Timing Constraints : Time (s): cpu = 00:00:36 ; elapsed = 00:00:40 . Memory (MB): peak = 565.000 ; gain = 354.867
Finished Timing Optimization : Time (s): cpu = 00:00:36 ; elapsed = 00:00:40 . Memory (MB): peak = 565.000 ; gain = 354.867
Finished Technology Mapping : Time (s): cpu = 00:00:36 ; elapsed = 00:00:40 . Memory (MB): peak = 574.648 ; gain = 364.516
Finished IO Insertion : Time (s): cpu = 00:00:37 ; elapsed = 00:00:41 . Memory (MB): peak = 574.648 ; gain = 364.516
Finished Renaming Generated Instances : Time (s): cpu = 00:00:37 ; elapsed = 00:00:41 . Memory (MB): peak = 574.648 ; gain = 364.516
Finished Rebuilding User Hierarchy : Time (s): cpu = 00:00:37 ; elapsed = 00:00:41 . Memory (MB): peak = 574.648 ; gain = 364.516
Finished Renaming Generated Ports : Time (s): cpu = 00:00:37 ; elapsed = 00:00:41 . Memory (MB): peak = 574.648 ; gain = 364.516
Finished Handling Custom Attributes : Time (s): cpu = 00:00:37 ; elapsed = 00:00:41 . Memory (MB): peak = 574.648 ; gain = 364.516
Finished Renaming Generated Nets : Time (s): cpu = 00:00:37 ; elapsed = 00:00:41 . Memory (MB): peak = 574.648 ; gain = 364.516

Report Cell Usage: 
+-+-----+------+
| |Cell |Count |
+-+-----+------+
+-+-----+------+
Finished Writing Synthesis Report : Time (s): cpu = 00:00:37 ; elapsed = 00:00:41 . Memory (MB): peak = 574.648 ; gain = 364.516
synth_design: Time (s): cpu = 00:00:36 ; elapsed = 00:00:37 . Memory (MB): peak = 590.715 ; gain = 377.805
