
*** Running vivado
    with args -log DebUART_VGA_for_block_0_0.vds -m64 -product Vivado -mode batch -messageDb vivado.pb -notrace -source DebUART_VGA_for_block_0_0.tcl


****** Vivado v2016.4 (64-bit)
  **** SW Build 1756540 on Mon Jan 23 19:11:23 MST 2017
  **** IP Build 1755317 on Mon Jan 23 20:30:07 MST 2017
    ** Copyright 1986-2016 Xilinx, Inc. All Rights Reserved.

source DebUART_VGA_for_block_0_0.tcl -notrace
Command: synth_design -top DebUART_VGA_for_block_0_0 -part xc7a100tcsg324-1 -mode out_of_context
Starting synth_design
Attempting to get a license for feature 'Synthesis' and/or device 'xc7a100t'
INFO: [Common 17-349] Got license for feature 'Synthesis' and/or device 'xc7a100t'
INFO: Launching helper process for spawning children vivado processes
INFO: Helper process launched with PID 2976 
---------------------------------------------------------------------------------
Starting RTL Elaboration : Time (s): cpu = 00:00:07 ; elapsed = 00:00:31 . Memory (MB): peak = 292.324 ; gain = 81.922
---------------------------------------------------------------------------------
INFO: [Synth 8-638] synthesizing module 'DebUART_VGA_for_block_0_0' [c:/Users/Utilizador/Desktop/Universidade/4_ano/2_semestre/CR/Projeto/ProjetoFinal/MP_ToDisplays/MP_ToDisplays.srcs/sources_1/bd/DebUART/ip/DebUART_VGA_for_block_0_0/synth/DebUART_VGA_for_block_0_0.vhd:70]
INFO: [Synth 8-3491] module 'VGA_for_block' declared at 'c:/Users/Utilizador/Desktop/Universidade/4_ano/2_semestre/CR/Projeto/ProjetoFinal/MP_ToDisplays/MP_ToDisplays.srcs/sources_1/bd/DebUART/ipshared/e4de/src/TopLevelVGA.vhd:7' bound to instance 'U0' of component 'VGA_for_block' [c:/Users/Utilizador/Desktop/Universidade/4_ano/2_semestre/CR/Projeto/ProjetoFinal/MP_ToDisplays/MP_ToDisplays.srcs/sources_1/bd/DebUART/ip/DebUART_VGA_for_block_0_0/synth/DebUART_VGA_for_block_0_0.vhd:95]
INFO: [Synth 8-638] synthesizing module 'VGA_for_block' [c:/Users/Utilizador/Desktop/Universidade/4_ano/2_semestre/CR/Projeto/ProjetoFinal/MP_ToDisplays/MP_ToDisplays.srcs/sources_1/bd/DebUART/ipshared/e4de/src/TopLevelVGA.vhd:20]
INFO: [Synth 8-638] synthesizing module 'clock_div' [c:/Users/Utilizador/Desktop/Universidade/4_ano/2_semestre/CR/Projeto/ProjetoFinal/MP_ToDisplays/MP_ToDisplays.srcs/sources_1/bd/DebUART/ipshared/e4de/src/Clock_divider.vhd:12]
	Parameter how_fast bound to: 0 - type: integer 
INFO: [Synth 8-256] done synthesizing module 'clock_div' (1#1) [c:/Users/Utilizador/Desktop/Universidade/4_ano/2_semestre/CR/Projeto/ProjetoFinal/MP_ToDisplays/MP_ToDisplays.srcs/sources_1/bd/DebUART/ipshared/e4de/src/Clock_divider.vhd:12]
INFO: [Synth 8-638] synthesizing module 'VGASync' [c:/Users/Utilizador/Desktop/Universidade/4_ano/2_semestre/CR/Projeto/ProjetoFinal/MP_ToDisplays/MP_ToDisplays.srcs/sources_1/bd/DebUART/ipshared/e4de/src/VGASync.vhd:19]
	Parameter PixelXBits bound to: 11 - type: integer 
	Parameter PixelYBits bound to: 10 - type: integer 
INFO: [Synth 8-256] done synthesizing module 'VGASync' (2#1) [c:/Users/Utilizador/Desktop/Universidade/4_ano/2_semestre/CR/Projeto/ProjetoFinal/MP_ToDisplays/MP_ToDisplays.srcs/sources_1/bd/DebUART/ipshared/e4de/src/VGASync.vhd:19]
INFO: [Synth 8-638] synthesizing module 'RAM' [c:/Users/Utilizador/Desktop/Universidade/4_ano/2_semestre/CR/Projeto/ProjetoFinal/MP_ToDisplays/MP_ToDisplays.srcs/sources_1/bd/DebUART/ipshared/e4de/src/RAM.vhd:17]
	Parameter AddressBits bound to: 13 - type: integer 
	Parameter DataBits bound to: 8 - type: integer 
INFO: [Synth 8-256] done synthesizing module 'RAM' (3#1) [c:/Users/Utilizador/Desktop/Universidade/4_ano/2_semestre/CR/Projeto/ProjetoFinal/MP_ToDisplays/MP_ToDisplays.srcs/sources_1/bd/DebUART/ipshared/e4de/src/RAM.vhd:17]
INFO: [Synth 8-638] synthesizing module 'SymbolROM' [c:/Users/Utilizador/Desktop/Universidade/4_ano/2_semestre/CR/Projeto/ProjetoFinal/MP_ToDisplays/MP_ToDisplays.srcs/sources_1/bd/DebUART/ipshared/e4de/src/SymbolROM.vhdl:13]
INFO: [Synth 8-256] done synthesizing module 'SymbolROM' (4#1) [c:/Users/Utilizador/Desktop/Universidade/4_ano/2_semestre/CR/Projeto/ProjetoFinal/MP_ToDisplays/MP_ToDisplays.srcs/sources_1/bd/DebUART/ipshared/e4de/src/SymbolROM.vhdl:13]
INFO: [Synth 8-638] synthesizing module 'VGATileMatrix' [c:/Users/Utilizador/Desktop/Universidade/4_ano/2_semestre/CR/Projeto/ProjetoFinal/MP_ToDisplays/MP_ToDisplays.srcs/sources_1/bd/DebUART/ipshared/e4de/src/VGATileMatrix.vhd:24]
	Parameter PixelXBits bound to: 11 - type: integer 
	Parameter PixelYBits bound to: 10 - type: integer 
	Parameter AddressBits bound to: 13 - type: integer 
INFO: [Synth 8-256] done synthesizing module 'VGATileMatrix' (5#1) [c:/Users/Utilizador/Desktop/Universidade/4_ano/2_semestre/CR/Projeto/ProjetoFinal/MP_ToDisplays/MP_ToDisplays.srcs/sources_1/bd/DebUART/ipshared/e4de/src/VGATileMatrix.vhd:24]
INFO: [Synth 8-638] synthesizing module 'RGBMux' [c:/Users/Utilizador/Desktop/Universidade/4_ano/2_semestre/CR/Projeto/ProjetoFinal/MP_ToDisplays/MP_ToDisplays.srcs/sources_1/bd/DebUART/ipshared/e4de/src/RGBMux.vhd:20]
	Parameter RedBits bound to: 4 - type: integer 
	Parameter GreenBits bound to: 4 - type: integer 
	Parameter BlueBits bound to: 4 - type: integer 
INFO: [Synth 8-256] done synthesizing module 'RGBMux' (6#1) [c:/Users/Utilizador/Desktop/Universidade/4_ano/2_semestre/CR/Projeto/ProjetoFinal/MP_ToDisplays/MP_ToDisplays.srcs/sources_1/bd/DebUART/ipshared/e4de/src/RGBMux.vhd:20]
INFO: [Synth 8-256] done synthesizing module 'VGA_for_block' (7#1) [c:/Users/Utilizador/Desktop/Universidade/4_ano/2_semestre/CR/Projeto/ProjetoFinal/MP_ToDisplays/MP_ToDisplays.srcs/sources_1/bd/DebUART/ipshared/e4de/src/TopLevelVGA.vhd:20]
INFO: [Synth 8-256] done synthesizing module 'DebUART_VGA_for_block_0_0' (8#1) [c:/Users/Utilizador/Desktop/Universidade/4_ano/2_semestre/CR/Projeto/ProjetoFinal/MP_ToDisplays/MP_ToDisplays.srcs/sources_1/bd/DebUART/ip/DebUART_VGA_for_block_0_0/synth/DebUART_VGA_for_block_0_0.vhd:70]
WARNING: [Synth 8-3331] design SymbolROM has unconnected port SymbolPos[7]
---------------------------------------------------------------------------------
Finished RTL Elaboration : Time (s): cpu = 00:00:08 ; elapsed = 00:00:32 . Memory (MB): peak = 330.703 ; gain = 120.301
---------------------------------------------------------------------------------

Report Check Netlist: 
+------+------------------+-------+---------+-------+------------------+
|      |Item              |Errors |Warnings |Status |Description       |
+------+------------------+-------+---------+-------+------------------+
|1     |multi_driven_nets |      0|        0|Passed |Multi driven nets |
+------+------------------+-------+---------+-------+------------------+
---------------------------------------------------------------------------------
Finished RTL Optimization Phase 1 : Time (s): cpu = 00:00:09 ; elapsed = 00:00:32 . Memory (MB): peak = 330.703 ; gain = 120.301
---------------------------------------------------------------------------------
INFO: [Device 21-403] Loading part xc7a100tcsg324-1
INFO: [Project 1-570] Preparing netlist for logic optimization

Processing XDC Constraints
Initializing timing engine
Completed Processing XDC Constraints

INFO: [Project 1-111] Unisim Transformation Summary:
No Unisim elements were transformed.

Constraint Validation Runtime : Time (s): cpu = 00:00:00 ; elapsed = 00:00:00.021 . Memory (MB): peak = 630.117 ; gain = 0.047
---------------------------------------------------------------------------------
Finished Constraint Validation : Time (s): cpu = 00:00:18 ; elapsed = 00:00:48 . Memory (MB): peak = 630.117 ; gain = 419.715
---------------------------------------------------------------------------------
---------------------------------------------------------------------------------
Start Loading Part and Timing Information
---------------------------------------------------------------------------------
Loading part: xc7a100tcsg324-1
---------------------------------------------------------------------------------
Finished Loading Part and Timing Information : Time (s): cpu = 00:00:18 ; elapsed = 00:00:48 . Memory (MB): peak = 630.117 ; gain = 419.715
---------------------------------------------------------------------------------
---------------------------------------------------------------------------------
Start Applying 'set_property' XDC Constraints
---------------------------------------------------------------------------------
---------------------------------------------------------------------------------
Finished applying 'set_property' XDC Constraints : Time (s): cpu = 00:00:18 ; elapsed = 00:00:48 . Memory (MB): peak = 630.117 ; gain = 419.715
---------------------------------------------------------------------------------
INFO: [Synth 8-5546] ROM "VCount" won't be mapped to RAM because it is too sparse
INFO: [Synth 8-5544] ROM "MatrixCol" won't be mapped to Block RAM because address size (3) smaller than threshold (5)
INFO: [Synth 8-5544] ROM "MatrixRow" won't be mapped to Block RAM because address size (4) smaller than threshold (5)
---------------------------------------------------------------------------------
Finished RTL Optimization Phase 2 : Time (s): cpu = 00:00:19 ; elapsed = 00:00:49 . Memory (MB): peak = 630.117 ; gain = 419.715
---------------------------------------------------------------------------------

Report RTL Partitions: 
+-+--------------+------------+----------+
| |RTL Partition |Replication |Instances |
+-+--------------+------------+----------+
+-+--------------+------------+----------+
---------------------------------------------------------------------------------
Start RTL Component Statistics 
---------------------------------------------------------------------------------
Detailed RTL Component Info : 
+---Adders : 
	   2 Input     11 Bit       Adders := 1     
	   2 Input     10 Bit       Adders := 1     
	   2 Input      7 Bit       Adders := 1     
	   2 Input      6 Bit       Adders := 1     
	   2 Input      4 Bit       Adders := 1     
	   2 Input      3 Bit       Adders := 1     
	   2 Input      1 Bit       Adders := 1     
+---Registers : 
	               11 Bit    Registers := 2     
	               10 Bit    Registers := 2     
	                8 Bit    Registers := 2     
	                7 Bit    Registers := 1     
	                6 Bit    Registers := 1     
	                4 Bit    Registers := 1     
	                3 Bit    Registers := 1     
	                1 Bit    Registers := 3     
+---RAMs : 
	              64K Bit         RAMs := 1     
+---Muxes : 
	   2 Input     11 Bit        Muxes := 1     
	   5 Input      8 Bit        Muxes := 1     
	 127 Input      8 Bit        Muxes := 4     
	   6 Input      8 Bit        Muxes := 1     
	   2 Input      8 Bit        Muxes := 1     
	   2 Input      7 Bit        Muxes := 1     
	   2 Input      6 Bit        Muxes := 1     
	   2 Input      4 Bit        Muxes := 2     
	 127 Input      3 Bit        Muxes := 2     
	   2 Input      3 Bit        Muxes := 2     
	   2 Input      1 Bit        Muxes := 1     
	   3 Input      1 Bit        Muxes := 2     
---------------------------------------------------------------------------------
Finished RTL Component Statistics 
---------------------------------------------------------------------------------
---------------------------------------------------------------------------------
Start RTL Hierarchical Component Statistics 
---------------------------------------------------------------------------------
Hierarchical RTL Component report 
Module clock_div 
Detailed RTL Component Info : 
+---Adders : 
	   2 Input      1 Bit       Adders := 1     
+---Registers : 
	                1 Bit    Registers := 1     
Module VGASync 
Detailed RTL Component Info : 
+---Adders : 
	   2 Input     11 Bit       Adders := 1     
	   2 Input     10 Bit       Adders := 1     
+---Registers : 
	               11 Bit    Registers := 2     
	               10 Bit    Registers := 2     
	                1 Bit    Registers := 2     
+---Muxes : 
	   2 Input     11 Bit        Muxes := 1     
	   2 Input      1 Bit        Muxes := 1     
Module RAM 
Detailed RTL Component Info : 
+---Registers : 
	                8 Bit    Registers := 1     
+---RAMs : 
	              64K Bit         RAMs := 1     
Module SymbolROM 
Detailed RTL Component Info : 
+---Muxes : 
	   5 Input      8 Bit        Muxes := 1     
	 127 Input      8 Bit        Muxes := 4     
	   6 Input      8 Bit        Muxes := 1     
	 127 Input      3 Bit        Muxes := 2     
Module VGATileMatrix 
Detailed RTL Component Info : 
+---Adders : 
	   2 Input      7 Bit       Adders := 1     
	   2 Input      6 Bit       Adders := 1     
	   2 Input      4 Bit       Adders := 1     
	   2 Input      3 Bit       Adders := 1     
+---Registers : 
	                8 Bit    Registers := 1     
	                7 Bit    Registers := 1     
	                6 Bit    Registers := 1     
	                4 Bit    Registers := 1     
	                3 Bit    Registers := 1     
+---Muxes : 
	   2 Input      8 Bit        Muxes := 1     
	   2 Input      7 Bit        Muxes := 1     
	   2 Input      6 Bit        Muxes := 1     
	   2 Input      4 Bit        Muxes := 2     
	   2 Input      3 Bit        Muxes := 2     
	   3 Input      1 Bit        Muxes := 2     
---------------------------------------------------------------------------------
Finished RTL Hierarchical Component Statistics
---------------------------------------------------------------------------------
---------------------------------------------------------------------------------
Start Part Resource Summary
---------------------------------------------------------------------------------
Part Resources:
DSPs: 240 (col length:80)
BRAMs: 270 (col length: RAMB18 80 RAMB36 40)
---------------------------------------------------------------------------------
Finished Part Resource Summary
---------------------------------------------------------------------------------
---------------------------------------------------------------------------------
Start Cross Boundary and Area Optimization
---------------------------------------------------------------------------------
INFO: [Synth 8-5546] ROM "U0/VGA_Synchronization/VCount" won't be mapped to RAM because it is too sparse
INFO: [Synth 8-3917] design DebUART_VGA_for_block_0_0 has port VGABlue[3] driven by constant 1
INFO: [Synth 8-3917] design DebUART_VGA_for_block_0_0 has port VGABlue[2] driven by constant 1
INFO: [Synth 8-3917] design DebUART_VGA_for_block_0_0 has port VGABlue[1] driven by constant 1
INFO: [Synth 8-3917] design DebUART_VGA_for_block_0_0 has port VGABlue[0] driven by constant 1
WARNING: [Synth 8-3936] Found unconnected internal register 'U0/VGA_RAM/DataOut_reg' and it is trimmed from '8' to '7' bits. [c:/Users/Utilizador/Desktop/Universidade/4_ano/2_semestre/CR/Projeto/ProjetoFinal/MP_ToDisplays/MP_ToDisplays.srcs/sources_1/bd/DebUART/ipshared/e4de/src/RAM.vhd:30]
INFO: [Synth 8-4652] Swapped enable and write-enable on 2 RAM instances of RAM U0/VGA_RAM/Memory_reg to conserve power
---------------------------------------------------------------------------------
Finished Cross Boundary and Area Optimization : Time (s): cpu = 00:00:24 ; elapsed = 00:00:55 . Memory (MB): peak = 630.117 ; gain = 419.715
---------------------------------------------------------------------------------
---------------------------------------------------------------------------------
Start ROM, RAM, DSP and Shift Register Reporting
---------------------------------------------------------------------------------

ROM:
+--------------------------+-----------------------------+---------------+----------------+
|Module Name               | RTL Object                  | Depth x Width | Implemented As | 
+--------------------------+-----------------------------+---------------+----------------+
|SymbolROM                 | PixelMap[0,4]               | 128x8         | LUT            | 
|SymbolROM                 | PixelMap[0,5]               | 128x8         | LUT            | 
|SymbolROM                 | PixelMap[0,6]               | 128x8         | LUT            | 
|SymbolROM                 | PixelMap[0,7]               | 128x8         | LUT            | 
|SymbolROM                 | PixelMap[0,8]               | 128x8         | LUT            | 
|SymbolROM                 | PixelMap[0,9]               | 128x8         | LUT            | 
|DebUART_VGA_for_block_0_0 | U0/Symbol_ROM/PixelMap[0,4] | 128x8         | LUT            | 
|DebUART_VGA_for_block_0_0 | U0/Symbol_ROM/PixelMap[0,5] | 128x8         | LUT            | 
|DebUART_VGA_for_block_0_0 | U0/Symbol_ROM/PixelMap[0,6] | 128x8         | LUT            | 
|DebUART_VGA_for_block_0_0 | U0/Symbol_ROM/PixelMap[0,7] | 128x8         | LUT            | 
|DebUART_VGA_for_block_0_0 | U0/Symbol_ROM/PixelMap[0,8] | 128x8         | LUT            | 
|DebUART_VGA_for_block_0_0 | U0/Symbol_ROM/PixelMap[0,9] | 128x8         | LUT            | 
+--------------------------+-----------------------------+---------------+----------------+


Block RAM: Preliminary Mapping  Report (see note below)
+------------+------------+------------------------+---+---+------------------------+---+---+------------------+--------+--------+
|Module Name | RTL Object | PORT A (Depth x Width) | W | R | PORT B (Depth x Width) | W | R | Ports driving FF | RAMB18 | RAMB36 | 
+------------+------------+------------------------+---+---+------------------------+---+---+------------------+--------+--------+
|RAM         | Memory_reg | 8 K x 8(READ_FIRST)    | W |   | 8 K x 8(WRITE_FIRST)   |   | R | Port A and B     | 0      | 2      | 
+------------+------------+------------------------+---+---+------------------------+---+---+------------------+--------+--------+

Note: The table above is a preliminary report that shows the Block RAMs at the current stage of the synthesis flow. Some Block RAMs may be reimplemented as non Block RAM primitives later in the synthesis flow. Multiple instantiated Block RAMs are reported only once. 
---------------------------------------------------------------------------------
Finished ROM, RAM, DSP and Shift Register Reporting
---------------------------------------------------------------------------------

Report RTL Partitions: 
+-+--------------+------------+----------+
| |RTL Partition |Replication |Instances |
+-+--------------+------------+----------+
+-+--------------+------------+----------+
---------------------------------------------------------------------------------
Start Timing Optimization
---------------------------------------------------------------------------------
---------------------------------------------------------------------------------
Start Applying XDC Timing Constraints
---------------------------------------------------------------------------------
---------------------------------------------------------------------------------
Finished Applying XDC Timing Constraints : Time (s): cpu = 00:00:34 ; elapsed = 00:01:05 . Memory (MB): peak = 630.117 ; gain = 419.715
---------------------------------------------------------------------------------
---------------------------------------------------------------------------------
Finished Timing Optimization : Time (s): cpu = 00:00:34 ; elapsed = 00:01:05 . Memory (MB): peak = 630.117 ; gain = 419.715
---------------------------------------------------------------------------------

Report RTL Partitions: 
+-+--------------+------------+----------+
| |RTL Partition |Replication |Instances |
+-+--------------+------------+----------+
+-+--------------+------------+----------+
---------------------------------------------------------------------------------
Start Technology Mapping
---------------------------------------------------------------------------------
INFO: [Synth 8-4480] The timing for the instance U0/VGA_RAM/Memory_reg_0 (implemented as a block RAM) might be sub-optimal as no optional output register could be merged into the block ram. Providing additional output register may help in improving timing.
INFO: [Synth 8-4480] The timing for the instance U0/VGA_RAM/Memory_reg_1 (implemented as a block RAM) might be sub-optimal as no optional output register could be merged into the block ram. Providing additional output register may help in improving timing.
---------------------------------------------------------------------------------
Finished Technology Mapping : Time (s): cpu = 00:00:34 ; elapsed = 00:01:05 . Memory (MB): peak = 630.117 ; gain = 419.715
---------------------------------------------------------------------------------

Report RTL Partitions: 
+-+--------------+------------+----------+
| |RTL Partition |Replication |Instances |
+-+--------------+------------+----------+
+-+--------------+------------+----------+
---------------------------------------------------------------------------------
Start IO Insertion
---------------------------------------------------------------------------------
---------------------------------------------------------------------------------
Start Flattening Before IO Insertion
---------------------------------------------------------------------------------
---------------------------------------------------------------------------------
Finished Flattening Before IO Insertion
---------------------------------------------------------------------------------
---------------------------------------------------------------------------------
Start Final Netlist Cleanup
---------------------------------------------------------------------------------
---------------------------------------------------------------------------------
Finished Final Netlist Cleanup
---------------------------------------------------------------------------------
---------------------------------------------------------------------------------
Finished IO Insertion : Time (s): cpu = 00:00:35 ; elapsed = 00:01:06 . Memory (MB): peak = 630.117 ; gain = 419.715
---------------------------------------------------------------------------------

Report Check Netlist: 
+------+------------------+-------+---------+-------+------------------+
|      |Item              |Errors |Warnings |Status |Description       |
+------+------------------+-------+---------+-------+------------------+
|1     |multi_driven_nets |      0|        0|Passed |Multi driven nets |
+------+------------------+-------+---------+-------+------------------+
---------------------------------------------------------------------------------
Start Renaming Generated Instances
---------------------------------------------------------------------------------
---------------------------------------------------------------------------------
Finished Renaming Generated Instances : Time (s): cpu = 00:00:35 ; elapsed = 00:01:06 . Memory (MB): peak = 630.117 ; gain = 419.715
---------------------------------------------------------------------------------

Report RTL Partitions: 
+-+--------------+------------+----------+
| |RTL Partition |Replication |Instances |
+-+--------------+------------+----------+
+-+--------------+------------+----------+
---------------------------------------------------------------------------------
Start Rebuilding User Hierarchy
---------------------------------------------------------------------------------
---------------------------------------------------------------------------------
Finished Rebuilding User Hierarchy : Time (s): cpu = 00:00:35 ; elapsed = 00:01:06 . Memory (MB): peak = 630.117 ; gain = 419.715
---------------------------------------------------------------------------------
---------------------------------------------------------------------------------
Start Renaming Generated Ports
---------------------------------------------------------------------------------
---------------------------------------------------------------------------------
Finished Renaming Generated Ports : Time (s): cpu = 00:00:35 ; elapsed = 00:01:06 . Memory (MB): peak = 630.117 ; gain = 419.715
---------------------------------------------------------------------------------
---------------------------------------------------------------------------------
Start Handling Custom Attributes
---------------------------------------------------------------------------------
---------------------------------------------------------------------------------
Finished Handling Custom Attributes : Time (s): cpu = 00:00:35 ; elapsed = 00:01:06 . Memory (MB): peak = 630.117 ; gain = 419.715
---------------------------------------------------------------------------------
---------------------------------------------------------------------------------
Start Renaming Generated Nets
---------------------------------------------------------------------------------
---------------------------------------------------------------------------------
Finished Renaming Generated Nets : Time (s): cpu = 00:00:35 ; elapsed = 00:01:06 . Memory (MB): peak = 630.117 ; gain = 419.715
---------------------------------------------------------------------------------
---------------------------------------------------------------------------------
Start Writing Synthesis Report
---------------------------------------------------------------------------------

Report BlackBoxes: 
+-+--------------+----------+
| |BlackBox name |Instances |
+-+--------------+----------+
+-+--------------+----------+

Report Cell Usage: 
+------+---------+------+
|      |Cell     |Count |
+------+---------+------+
|1     |CARRY4   |     5|
|2     |LUT1     |    11|
|3     |LUT2     |    21|
|4     |LUT3     |    15|
|5     |LUT4     |    17|
|6     |LUT5     |    36|
|7     |LUT6     |   203|
|8     |MUXF7    |    67|
|9     |MUXF8    |    22|
|10    |RAMB36E1 |     2|
|11    |FDCE     |    72|
|12    |FDRE     |     2|
+------+---------+------+

Report Instance Areas: 
+------+------------------------+--------------+------+
|      |Instance                |Module        |Cells |
+------+------------------------+--------------+------+
|1     |top                     |              |   473|
|2     |  U0                    |VGA_for_block |   473|
|3     |    Symbol_ROM          |SymbolROM     |    42|
|4     |    VGA_RAM             |RAM           |   237|
|5     |    VGA_Synchronization |VGASync       |   101|
|6     |    VGA_Tile_Matrix     |VGATileMatrix |    89|
|7     |    divider             |clock_div     |     4|
+------+------------------------+--------------+------+
---------------------------------------------------------------------------------
Finished Writing Synthesis Report : Time (s): cpu = 00:00:35 ; elapsed = 00:01:06 . Memory (MB): peak = 630.117 ; gain = 419.715
---------------------------------------------------------------------------------
Synthesis finished with 0 errors, 0 critical warnings and 1 warnings.
Synthesis Optimization Runtime : Time (s): cpu = 00:00:21 ; elapsed = 00:00:28 . Memory (MB): peak = 630.117 ; gain = 115.305
Synthesis Optimization Complete : Time (s): cpu = 00:00:35 ; elapsed = 00:01:06 . Memory (MB): peak = 630.117 ; gain = 419.715
INFO: [Project 1-571] Translating synthesized netlist
INFO: [Netlist 29-17] Analyzing 7 Unisim elements for replacement
INFO: [Netlist 29-28] Unisim Transformation completed in 0 CPU seconds
INFO: [Project 1-570] Preparing netlist for logic optimization
INFO: [Opt 31-138] Pushed 0 inverter(s) to 0 load pin(s).
INFO: [Project 1-111] Unisim Transformation Summary:
No Unisim elements were transformed.

INFO: [Common 17-83] Releasing license: Synthesis
39 Infos, 2 Warnings, 0 Critical Warnings and 0 Errors encountered.
synth_design completed successfully
synth_design: Time (s): cpu = 00:00:33 ; elapsed = 00:00:42 . Memory (MB): peak = 630.117 ; gain = 414.719
INFO: [Common 17-1381] The checkpoint 'C:/Users/Utilizador/Desktop/Universidade/4_ano/2_semestre/CR/Projeto/ProjetoFinal/MP_ToDisplays/MP_ToDisplays.runs/DebUART_VGA_for_block_0_0_synth_1/DebUART_VGA_for_block_0_0.dcp' has been generated.
INFO: [Coretcl 2-1482] Added synthesis output to IP cache for IP c:/Users/Utilizador/Desktop/Universidade/4_ano/2_semestre/CR/Projeto/ProjetoFinal/MP_ToDisplays/MP_ToDisplays.srcs/sources_1/bd/DebUART/ip/DebUART_VGA_for_block_0_0/DebUART_VGA_for_block_0_0.xci
INFO: [Coretcl 2-1174] Renamed 6 cell refs.
INFO: [Common 17-1381] The checkpoint 'C:/Users/Utilizador/Desktop/Universidade/4_ano/2_semestre/CR/Projeto/ProjetoFinal/MP_ToDisplays/MP_ToDisplays.runs/DebUART_VGA_for_block_0_0_synth_1/DebUART_VGA_for_block_0_0.dcp' has been generated.
report_utilization: Time (s): cpu = 00:00:00 ; elapsed = 00:00:00.021 . Memory (MB): peak = 630.117 ; gain = 0.000
INFO: [Common 17-206] Exiting Vivado at Thu May 18 21:56:00 2017...
