
*** Running vivado
    with args -log design_1_GreatestMaximumDivisor_0_0.vds -m64 -product Vivado -mode batch -messageDb vivado.pb -notrace -source design_1_GreatestMaximumDivisor_0_0.tcl


****** Vivado v2016.4 (64-bit)
  **** SW Build 1756540 on Mon Jan 23 19:11:23 MST 2017
  **** IP Build 1755317 on Mon Jan 23 20:30:07 MST 2017
    ** Copyright 1986-2016 Xilinx, Inc. All Rights Reserved.

source design_1_GreatestMaximumDivisor_0_0.tcl -notrace
Command: synth_design -top design_1_GreatestMaximumDivisor_0_0 -part xc7a100tcsg324-1 -mode out_of_context
Starting synth_design
Attempting to get a license for feature 'Synthesis' and/or device 'xc7a100t'
INFO: [Common 17-349] Got license for feature 'Synthesis' and/or device 'xc7a100t'
INFO: Launching helper process for spawning children vivado processes
INFO: Helper process launched with PID 5684 
---------------------------------------------------------------------------------
Starting RTL Elaboration : Time (s): cpu = 00:00:11 ; elapsed = 00:00:16 . Memory (MB): peak = 288.797 ; gain = 78.367
---------------------------------------------------------------------------------
INFO: [Synth 8-638] synthesizing module 'design_1_GreatestMaximumDivisor_0_0' [c:/Users/Utilizador/Desktop/Universidade/4_ano/2_semestre/CR/Praticas/Aula3/Aula3_estudo_ex2/Aula3_estudo_ex2.srcs/sources_1/bd/design_1/ip/design_1_GreatestMaximumDivisor_0_0/synth/design_1_GreatestMaximumDivisor_0_0.vhd:65]
	Parameter number_of_bits bound to: 16 - type: integer 
INFO: [Synth 8-3491] module 'GreatestMaximumDivisor' declared at 'c:/Users/Utilizador/Desktop/Universidade/4_ano/2_semestre/CR/Praticas/Aula3/Aula3_estudo_ex2/Aula3_estudo_ex2.srcs/sources_1/bd/design_1/ipshared/4373/src/GreatestMaximumDivisor.vhd:26' bound to instance 'U0' of component 'GreatestMaximumDivisor' [c:/Users/Utilizador/Desktop/Universidade/4_ano/2_semestre/CR/Praticas/Aula3/Aula3_estudo_ex2/Aula3_estudo_ex2.srcs/sources_1/bd/design_1/ip/design_1_GreatestMaximumDivisor_0_0/synth/design_1_GreatestMaximumDivisor_0_0.vhd:88]
INFO: [Synth 8-638] synthesizing module 'GreatestMaximumDivisor' [c:/Users/Utilizador/Desktop/Universidade/4_ano/2_semestre/CR/Praticas/Aula3/Aula3_estudo_ex2/Aula3_estudo_ex2.srcs/sources_1/bd/design_1/ipshared/4373/src/GreatestMaximumDivisor.vhd:34]
	Parameter number_of_bits bound to: 16 - type: integer 
INFO: [Synth 8-226] default block is never used [c:/Users/Utilizador/Desktop/Universidade/4_ano/2_semestre/CR/Praticas/Aula3/Aula3_estudo_ex2/Aula3_estudo_ex2.srcs/sources_1/bd/design_1/ipshared/4373/src/GreatestMaximumDivisor.vhd:60]
INFO: [Synth 8-256] done synthesizing module 'GreatestMaximumDivisor' (1#1) [c:/Users/Utilizador/Desktop/Universidade/4_ano/2_semestre/CR/Praticas/Aula3/Aula3_estudo_ex2/Aula3_estudo_ex2.srcs/sources_1/bd/design_1/ipshared/4373/src/GreatestMaximumDivisor.vhd:34]
INFO: [Synth 8-256] done synthesizing module 'design_1_GreatestMaximumDivisor_0_0' (2#1) [c:/Users/Utilizador/Desktop/Universidade/4_ano/2_semestre/CR/Praticas/Aula3/Aula3_estudo_ex2/Aula3_estudo_ex2.srcs/sources_1/bd/design_1/ip/design_1_GreatestMaximumDivisor_0_0/synth/design_1_GreatestMaximumDivisor_0_0.vhd:65]
---------------------------------------------------------------------------------
Finished RTL Elaboration : Time (s): cpu = 00:00:13 ; elapsed = 00:00:18 . Memory (MB): peak = 326.211 ; gain = 115.781
---------------------------------------------------------------------------------

Report Check Netlist: 
+------+------------------+-------+---------+-------+------------------+
|      |Item              |Errors |Warnings |Status |Description       |
+------+------------------+-------+---------+-------+------------------+
|1     |multi_driven_nets |      0|        0|Passed |Multi driven nets |
+------+------------------+-------+---------+-------+------------------+
---------------------------------------------------------------------------------
Finished RTL Optimization Phase 1 : Time (s): cpu = 00:00:14 ; elapsed = 00:00:19 . Memory (MB): peak = 326.211 ; gain = 115.781
---------------------------------------------------------------------------------
INFO: [Device 21-403] Loading part xc7a100tcsg324-1
INFO: [Project 1-570] Preparing netlist for logic optimization

Processing XDC Constraints
Initializing timing engine
Parsing XDC File [c:/Users/Utilizador/Desktop/Universidade/4_ano/2_semestre/CR/Praticas/Aula3/Aula3_estudo_ex2/Aula3_estudo_ex2.srcs/sources_1/bd/design_1/ip/design_1_GreatestMaximumDivisor_0_0/src/Nexys4_Master.xdc] for cell 'U0'
WARNING: [Vivado 12-584] No ports matched 'led[0]'. [c:/Users/Utilizador/Desktop/Universidade/4_ano/2_semestre/CR/Praticas/Aula3/Aula3_estudo_ex2/Aula3_estudo_ex2.srcs/sources_1/bd/design_1/ip/design_1_GreatestMaximumDivisor_0_0/src/Nexys4_Master.xdc:66]
CRITICAL WARNING: [Common 17-55] 'set_property' expects at least one object. [c:/Users/Utilizador/Desktop/Universidade/4_ano/2_semestre/CR/Praticas/Aula3/Aula3_estudo_ex2/Aula3_estudo_ex2.srcs/sources_1/bd/design_1/ip/design_1_GreatestMaximumDivisor_0_0/src/Nexys4_Master.xdc:66]
Resolution: If [get_<value>] was used to populate the object, check to make sure this command returns at least one valid object.
WARNING: [Vivado 12-584] No ports matched 'led[0]'. [c:/Users/Utilizador/Desktop/Universidade/4_ano/2_semestre/CR/Praticas/Aula3/Aula3_estudo_ex2/Aula3_estudo_ex2.srcs/sources_1/bd/design_1/ip/design_1_GreatestMaximumDivisor_0_0/src/Nexys4_Master.xdc:67]
CRITICAL WARNING: [Common 17-55] 'set_property' expects at least one object. [c:/Users/Utilizador/Desktop/Universidade/4_ano/2_semestre/CR/Praticas/Aula3/Aula3_estudo_ex2/Aula3_estudo_ex2.srcs/sources_1/bd/design_1/ip/design_1_GreatestMaximumDivisor_0_0/src/Nexys4_Master.xdc:67]
Resolution: If [get_<value>] was used to populate the object, check to make sure this command returns at least one valid object.
WARNING: [Vivado 12-584] No ports matched 'led[1]'. [c:/Users/Utilizador/Desktop/Universidade/4_ano/2_semestre/CR/Praticas/Aula3/Aula3_estudo_ex2/Aula3_estudo_ex2.srcs/sources_1/bd/design_1/ip/design_1_GreatestMaximumDivisor_0_0/src/Nexys4_Master.xdc:69]
CRITICAL WARNING: [Common 17-55] 'set_property' expects at least one object. [c:/Users/Utilizador/Desktop/Universidade/4_ano/2_semestre/CR/Praticas/Aula3/Aula3_estudo_ex2/Aula3_estudo_ex2.srcs/sources_1/bd/design_1/ip/design_1_GreatestMaximumDivisor_0_0/src/Nexys4_Master.xdc:69]
Resolution: If [get_<value>] was used to populate the object, check to make sure this command returns at least one valid object.
WARNING: [Vivado 12-584] No ports matched 'led[1]'. [c:/Users/Utilizador/Desktop/Universidade/4_ano/2_semestre/CR/Praticas/Aula3/Aula3_estudo_ex2/Aula3_estudo_ex2.srcs/sources_1/bd/design_1/ip/design_1_GreatestMaximumDivisor_0_0/src/Nexys4_Master.xdc:70]
CRITICAL WARNING: [Common 17-55] 'set_property' expects at least one object. [c:/Users/Utilizador/Desktop/Universidade/4_ano/2_semestre/CR/Praticas/Aula3/Aula3_estudo_ex2/Aula3_estudo_ex2.srcs/sources_1/bd/design_1/ip/design_1_GreatestMaximumDivisor_0_0/src/Nexys4_Master.xdc:70]
Resolution: If [get_<value>] was used to populate the object, check to make sure this command returns at least one valid object.
WARNING: [Vivado 12-584] No ports matched 'led[2]'. [c:/Users/Utilizador/Desktop/Universidade/4_ano/2_semestre/CR/Praticas/Aula3/Aula3_estudo_ex2/Aula3_estudo_ex2.srcs/sources_1/bd/design_1/ip/design_1_GreatestMaximumDivisor_0_0/src/Nexys4_Master.xdc:72]
CRITICAL WARNING: [Common 17-55] 'set_property' expects at least one object. [c:/Users/Utilizador/Desktop/Universidade/4_ano/2_semestre/CR/Praticas/Aula3/Aula3_estudo_ex2/Aula3_estudo_ex2.srcs/sources_1/bd/design_1/ip/design_1_GreatestMaximumDivisor_0_0/src/Nexys4_Master.xdc:72]
Resolution: If [get_<value>] was used to populate the object, check to make sure this command returns at least one valid object.
WARNING: [Vivado 12-584] No ports matched 'led[2]'. [c:/Users/Utilizador/Desktop/Universidade/4_ano/2_semestre/CR/Praticas/Aula3/Aula3_estudo_ex2/Aula3_estudo_ex2.srcs/sources_1/bd/design_1/ip/design_1_GreatestMaximumDivisor_0_0/src/Nexys4_Master.xdc:73]
CRITICAL WARNING: [Common 17-55] 'set_property' expects at least one object. [c:/Users/Utilizador/Desktop/Universidade/4_ano/2_semestre/CR/Praticas/Aula3/Aula3_estudo_ex2/Aula3_estudo_ex2.srcs/sources_1/bd/design_1/ip/design_1_GreatestMaximumDivisor_0_0/src/Nexys4_Master.xdc:73]
Resolution: If [get_<value>] was used to populate the object, check to make sure this command returns at least one valid object.
WARNING: [Vivado 12-584] No ports matched 'led[3]'. [c:/Users/Utilizador/Desktop/Universidade/4_ano/2_semestre/CR/Praticas/Aula3/Aula3_estudo_ex2/Aula3_estudo_ex2.srcs/sources_1/bd/design_1/ip/design_1_GreatestMaximumDivisor_0_0/src/Nexys4_Master.xdc:75]
CRITICAL WARNING: [Common 17-55] 'set_property' expects at least one object. [c:/Users/Utilizador/Desktop/Universidade/4_ano/2_semestre/CR/Praticas/Aula3/Aula3_estudo_ex2/Aula3_estudo_ex2.srcs/sources_1/bd/design_1/ip/design_1_GreatestMaximumDivisor_0_0/src/Nexys4_Master.xdc:75]
Resolution: If [get_<value>] was used to populate the object, check to make sure this command returns at least one valid object.
WARNING: [Vivado 12-584] No ports matched 'led[3]'. [c:/Users/Utilizador/Desktop/Universidade/4_ano/2_semestre/CR/Praticas/Aula3/Aula3_estudo_ex2/Aula3_estudo_ex2.srcs/sources_1/bd/design_1/ip/design_1_GreatestMaximumDivisor_0_0/src/Nexys4_Master.xdc:76]
CRITICAL WARNING: [Common 17-55] 'set_property' expects at least one object. [c:/Users/Utilizador/Desktop/Universidade/4_ano/2_semestre/CR/Praticas/Aula3/Aula3_estudo_ex2/Aula3_estudo_ex2.srcs/sources_1/bd/design_1/ip/design_1_GreatestMaximumDivisor_0_0/src/Nexys4_Master.xdc:76]
Resolution: If [get_<value>] was used to populate the object, check to make sure this command returns at least one valid object.
WARNING: [Vivado 12-584] No ports matched 'led[4]'. [c:/Users/Utilizador/Desktop/Universidade/4_ano/2_semestre/CR/Praticas/Aula3/Aula3_estudo_ex2/Aula3_estudo_ex2.srcs/sources_1/bd/design_1/ip/design_1_GreatestMaximumDivisor_0_0/src/Nexys4_Master.xdc:78]
CRITICAL WARNING: [Common 17-55] 'set_property' expects at least one object. [c:/Users/Utilizador/Desktop/Universidade/4_ano/2_semestre/CR/Praticas/Aula3/Aula3_estudo_ex2/Aula3_estudo_ex2.srcs/sources_1/bd/design_1/ip/design_1_GreatestMaximumDivisor_0_0/src/Nexys4_Master.xdc:78]
Resolution: If [get_<value>] was used to populate the object, check to make sure this command returns at least one valid object.
WARNING: [Vivado 12-584] No ports matched 'led[4]'. [c:/Users/Utilizador/Desktop/Universidade/4_ano/2_semestre/CR/Praticas/Aula3/Aula3_estudo_ex2/Aula3_estudo_ex2.srcs/sources_1/bd/design_1/ip/design_1_GreatestMaximumDivisor_0_0/src/Nexys4_Master.xdc:79]
CRITICAL WARNING: [Common 17-55] 'set_property' expects at least one object. [c:/Users/Utilizador/Desktop/Universidade/4_ano/2_semestre/CR/Praticas/Aula3/Aula3_estudo_ex2/Aula3_estudo_ex2.srcs/sources_1/bd/design_1/ip/design_1_GreatestMaximumDivisor_0_0/src/Nexys4_Master.xdc:79]
Resolution: If [get_<value>] was used to populate the object, check to make sure this command returns at least one valid object.
WARNING: [Vivado 12-584] No ports matched 'led[5]'. [c:/Users/Utilizador/Desktop/Universidade/4_ano/2_semestre/CR/Praticas/Aula3/Aula3_estudo_ex2/Aula3_estudo_ex2.srcs/sources_1/bd/design_1/ip/design_1_GreatestMaximumDivisor_0_0/src/Nexys4_Master.xdc:81]
CRITICAL WARNING: [Common 17-55] 'set_property' expects at least one object. [c:/Users/Utilizador/Desktop/Universidade/4_ano/2_semestre/CR/Praticas/Aula3/Aula3_estudo_ex2/Aula3_estudo_ex2.srcs/sources_1/bd/design_1/ip/design_1_GreatestMaximumDivisor_0_0/src/Nexys4_Master.xdc:81]
Resolution: If [get_<value>] was used to populate the object, check to make sure this command returns at least one valid object.
WARNING: [Vivado 12-584] No ports matched 'led[5]'. [c:/Users/Utilizador/Desktop/Universidade/4_ano/2_semestre/CR/Praticas/Aula3/Aula3_estudo_ex2/Aula3_estudo_ex2.srcs/sources_1/bd/design_1/ip/design_1_GreatestMaximumDivisor_0_0/src/Nexys4_Master.xdc:82]
CRITICAL WARNING: [Common 17-55] 'set_property' expects at least one object. [c:/Users/Utilizador/Desktop/Universidade/4_ano/2_semestre/CR/Praticas/Aula3/Aula3_estudo_ex2/Aula3_estudo_ex2.srcs/sources_1/bd/design_1/ip/design_1_GreatestMaximumDivisor_0_0/src/Nexys4_Master.xdc:82]
Resolution: If [get_<value>] was used to populate the object, check to make sure this command returns at least one valid object.
WARNING: [Vivado 12-584] No ports matched 'led[6]'. [c:/Users/Utilizador/Desktop/Universidade/4_ano/2_semestre/CR/Praticas/Aula3/Aula3_estudo_ex2/Aula3_estudo_ex2.srcs/sources_1/bd/design_1/ip/design_1_GreatestMaximumDivisor_0_0/src/Nexys4_Master.xdc:84]
CRITICAL WARNING: [Common 17-55] 'set_property' expects at least one object. [c:/Users/Utilizador/Desktop/Universidade/4_ano/2_semestre/CR/Praticas/Aula3/Aula3_estudo_ex2/Aula3_estudo_ex2.srcs/sources_1/bd/design_1/ip/design_1_GreatestMaximumDivisor_0_0/src/Nexys4_Master.xdc:84]
Resolution: If [get_<value>] was used to populate the object, check to make sure this command returns at least one valid object.
WARNING: [Vivado 12-584] No ports matched 'led[6]'. [c:/Users/Utilizador/Desktop/Universidade/4_ano/2_semestre/CR/Praticas/Aula3/Aula3_estudo_ex2/Aula3_estudo_ex2.srcs/sources_1/bd/design_1/ip/design_1_GreatestMaximumDivisor_0_0/src/Nexys4_Master.xdc:85]
CRITICAL WARNING: [Common 17-55] 'set_property' expects at least one object. [c:/Users/Utilizador/Desktop/Universidade/4_ano/2_semestre/CR/Praticas/Aula3/Aula3_estudo_ex2/Aula3_estudo_ex2.srcs/sources_1/bd/design_1/ip/design_1_GreatestMaximumDivisor_0_0/src/Nexys4_Master.xdc:85]
Resolution: If [get_<value>] was used to populate the object, check to make sure this command returns at least one valid object.
WARNING: [Vivado 12-584] No ports matched 'led[7]'. [c:/Users/Utilizador/Desktop/Universidade/4_ano/2_semestre/CR/Praticas/Aula3/Aula3_estudo_ex2/Aula3_estudo_ex2.srcs/sources_1/bd/design_1/ip/design_1_GreatestMaximumDivisor_0_0/src/Nexys4_Master.xdc:87]
CRITICAL WARNING: [Common 17-55] 'set_property' expects at least one object. [c:/Users/Utilizador/Desktop/Universidade/4_ano/2_semestre/CR/Praticas/Aula3/Aula3_estudo_ex2/Aula3_estudo_ex2.srcs/sources_1/bd/design_1/ip/design_1_GreatestMaximumDivisor_0_0/src/Nexys4_Master.xdc:87]
Resolution: If [get_<value>] was used to populate the object, check to make sure this command returns at least one valid object.
WARNING: [Vivado 12-584] No ports matched 'led[7]'. [c:/Users/Utilizador/Desktop/Universidade/4_ano/2_semestre/CR/Praticas/Aula3/Aula3_estudo_ex2/Aula3_estudo_ex2.srcs/sources_1/bd/design_1/ip/design_1_GreatestMaximumDivisor_0_0/src/Nexys4_Master.xdc:88]
CRITICAL WARNING: [Common 17-55] 'set_property' expects at least one object. [c:/Users/Utilizador/Desktop/Universidade/4_ano/2_semestre/CR/Praticas/Aula3/Aula3_estudo_ex2/Aula3_estudo_ex2.srcs/sources_1/bd/design_1/ip/design_1_GreatestMaximumDivisor_0_0/src/Nexys4_Master.xdc:88]
Resolution: If [get_<value>] was used to populate the object, check to make sure this command returns at least one valid object.
WARNING: [Vivado 12-584] No ports matched 'led[8]'. [c:/Users/Utilizador/Desktop/Universidade/4_ano/2_semestre/CR/Praticas/Aula3/Aula3_estudo_ex2/Aula3_estudo_ex2.srcs/sources_1/bd/design_1/ip/design_1_GreatestMaximumDivisor_0_0/src/Nexys4_Master.xdc:90]
CRITICAL WARNING: [Common 17-55] 'set_property' expects at least one object. [c:/Users/Utilizador/Desktop/Universidade/4_ano/2_semestre/CR/Praticas/Aula3/Aula3_estudo_ex2/Aula3_estudo_ex2.srcs/sources_1/bd/design_1/ip/design_1_GreatestMaximumDivisor_0_0/src/Nexys4_Master.xdc:90]
Resolution: If [get_<value>] was used to populate the object, check to make sure this command returns at least one valid object.
WARNING: [Vivado 12-584] No ports matched 'led[8]'. [c:/Users/Utilizador/Desktop/Universidade/4_ano/2_semestre/CR/Praticas/Aula3/Aula3_estudo_ex2/Aula3_estudo_ex2.srcs/sources_1/bd/design_1/ip/design_1_GreatestMaximumDivisor_0_0/src/Nexys4_Master.xdc:91]
CRITICAL WARNING: [Common 17-55] 'set_property' expects at least one object. [c:/Users/Utilizador/Desktop/Universidade/4_ano/2_semestre/CR/Praticas/Aula3/Aula3_estudo_ex2/Aula3_estudo_ex2.srcs/sources_1/bd/design_1/ip/design_1_GreatestMaximumDivisor_0_0/src/Nexys4_Master.xdc:91]
Resolution: If [get_<value>] was used to populate the object, check to make sure this command returns at least one valid object.
WARNING: [Vivado 12-584] No ports matched 'led[9]'. [c:/Users/Utilizador/Desktop/Universidade/4_ano/2_semestre/CR/Praticas/Aula3/Aula3_estudo_ex2/Aula3_estudo_ex2.srcs/sources_1/bd/design_1/ip/design_1_GreatestMaximumDivisor_0_0/src/Nexys4_Master.xdc:93]
CRITICAL WARNING: [Common 17-55] 'set_property' expects at least one object. [c:/Users/Utilizador/Desktop/Universidade/4_ano/2_semestre/CR/Praticas/Aula3/Aula3_estudo_ex2/Aula3_estudo_ex2.srcs/sources_1/bd/design_1/ip/design_1_GreatestMaximumDivisor_0_0/src/Nexys4_Master.xdc:93]
Resolution: If [get_<value>] was used to populate the object, check to make sure this command returns at least one valid object.
WARNING: [Vivado 12-584] No ports matched 'led[9]'. [c:/Users/Utilizador/Desktop/Universidade/4_ano/2_semestre/CR/Praticas/Aula3/Aula3_estudo_ex2/Aula3_estudo_ex2.srcs/sources_1/bd/design_1/ip/design_1_GreatestMaximumDivisor_0_0/src/Nexys4_Master.xdc:94]
CRITICAL WARNING: [Common 17-55] 'set_property' expects at least one object. [c:/Users/Utilizador/Desktop/Universidade/4_ano/2_semestre/CR/Praticas/Aula3/Aula3_estudo_ex2/Aula3_estudo_ex2.srcs/sources_1/bd/design_1/ip/design_1_GreatestMaximumDivisor_0_0/src/Nexys4_Master.xdc:94]
Resolution: If [get_<value>] was used to populate the object, check to make sure this command returns at least one valid object.
WARNING: [Vivado 12-584] No ports matched 'led[10]'. [c:/Users/Utilizador/Desktop/Universidade/4_ano/2_semestre/CR/Praticas/Aula3/Aula3_estudo_ex2/Aula3_estudo_ex2.srcs/sources_1/bd/design_1/ip/design_1_GreatestMaximumDivisor_0_0/src/Nexys4_Master.xdc:96]
CRITICAL WARNING: [Common 17-55] 'set_property' expects at least one object. [c:/Users/Utilizador/Desktop/Universidade/4_ano/2_semestre/CR/Praticas/Aula3/Aula3_estudo_ex2/Aula3_estudo_ex2.srcs/sources_1/bd/design_1/ip/design_1_GreatestMaximumDivisor_0_0/src/Nexys4_Master.xdc:96]
Resolution: If [get_<value>] was used to populate the object, check to make sure this command returns at least one valid object.
WARNING: [Vivado 12-584] No ports matched 'led[10]'. [c:/Users/Utilizador/Desktop/Universidade/4_ano/2_semestre/CR/Praticas/Aula3/Aula3_estudo_ex2/Aula3_estudo_ex2.srcs/sources_1/bd/design_1/ip/design_1_GreatestMaximumDivisor_0_0/src/Nexys4_Master.xdc:97]
CRITICAL WARNING: [Common 17-55] 'set_property' expects at least one object. [c:/Users/Utilizador/Desktop/Universidade/4_ano/2_semestre/CR/Praticas/Aula3/Aula3_estudo_ex2/Aula3_estudo_ex2.srcs/sources_1/bd/design_1/ip/design_1_GreatestMaximumDivisor_0_0/src/Nexys4_Master.xdc:97]
Resolution: If [get_<value>] was used to populate the object, check to make sure this command returns at least one valid object.
WARNING: [Vivado 12-584] No ports matched 'led[11]'. [c:/Users/Utilizador/Desktop/Universidade/4_ano/2_semestre/CR/Praticas/Aula3/Aula3_estudo_ex2/Aula3_estudo_ex2.srcs/sources_1/bd/design_1/ip/design_1_GreatestMaximumDivisor_0_0/src/Nexys4_Master.xdc:99]
CRITICAL WARNING: [Common 17-55] 'set_property' expects at least one object. [c:/Users/Utilizador/Desktop/Universidade/4_ano/2_semestre/CR/Praticas/Aula3/Aula3_estudo_ex2/Aula3_estudo_ex2.srcs/sources_1/bd/design_1/ip/design_1_GreatestMaximumDivisor_0_0/src/Nexys4_Master.xdc:99]
Resolution: If [get_<value>] was used to populate the object, check to make sure this command returns at least one valid object.
WARNING: [Vivado 12-584] No ports matched 'led[11]'. [c:/Users/Utilizador/Desktop/Universidade/4_ano/2_semestre/CR/Praticas/Aula3/Aula3_estudo_ex2/Aula3_estudo_ex2.srcs/sources_1/bd/design_1/ip/design_1_GreatestMaximumDivisor_0_0/src/Nexys4_Master.xdc:100]
CRITICAL WARNING: [Common 17-55] 'set_property' expects at least one object. [c:/Users/Utilizador/Desktop/Universidade/4_ano/2_semestre/CR/Praticas/Aula3/Aula3_estudo_ex2/Aula3_estudo_ex2.srcs/sources_1/bd/design_1/ip/design_1_GreatestMaximumDivisor_0_0/src/Nexys4_Master.xdc:100]
Resolution: If [get_<value>] was used to populate the object, check to make sure this command returns at least one valid object.
WARNING: [Vivado 12-584] No ports matched 'led[12]'. [c:/Users/Utilizador/Desktop/Universidade/4_ano/2_semestre/CR/Praticas/Aula3/Aula3_estudo_ex2/Aula3_estudo_ex2.srcs/sources_1/bd/design_1/ip/design_1_GreatestMaximumDivisor_0_0/src/Nexys4_Master.xdc:102]
CRITICAL WARNING: [Common 17-55] 'set_property' expects at least one object. [c:/Users/Utilizador/Desktop/Universidade/4_ano/2_semestre/CR/Praticas/Aula3/Aula3_estudo_ex2/Aula3_estudo_ex2.srcs/sources_1/bd/design_1/ip/design_1_GreatestMaximumDivisor_0_0/src/Nexys4_Master.xdc:102]
Resolution: If [get_<value>] was used to populate the object, check to make sure this command returns at least one valid object.
WARNING: [Vivado 12-584] No ports matched 'led[12]'. [c:/Users/Utilizador/Desktop/Universidade/4_ano/2_semestre/CR/Praticas/Aula3/Aula3_estudo_ex2/Aula3_estudo_ex2.srcs/sources_1/bd/design_1/ip/design_1_GreatestMaximumDivisor_0_0/src/Nexys4_Master.xdc:103]
CRITICAL WARNING: [Common 17-55] 'set_property' expects at least one object. [c:/Users/Utilizador/Desktop/Universidade/4_ano/2_semestre/CR/Praticas/Aula3/Aula3_estudo_ex2/Aula3_estudo_ex2.srcs/sources_1/bd/design_1/ip/design_1_GreatestMaximumDivisor_0_0/src/Nexys4_Master.xdc:103]
Resolution: If [get_<value>] was used to populate the object, check to make sure this command returns at least one valid object.
WARNING: [Vivado 12-584] No ports matched 'led[13]'. [c:/Users/Utilizador/Desktop/Universidade/4_ano/2_semestre/CR/Praticas/Aula3/Aula3_estudo_ex2/Aula3_estudo_ex2.srcs/sources_1/bd/design_1/ip/design_1_GreatestMaximumDivisor_0_0/src/Nexys4_Master.xdc:105]
CRITICAL WARNING: [Common 17-55] 'set_property' expects at least one object. [c:/Users/Utilizador/Desktop/Universidade/4_ano/2_semestre/CR/Praticas/Aula3/Aula3_estudo_ex2/Aula3_estudo_ex2.srcs/sources_1/bd/design_1/ip/design_1_GreatestMaximumDivisor_0_0/src/Nexys4_Master.xdc:105]
Resolution: If [get_<value>] was used to populate the object, check to make sure this command returns at least one valid object.
WARNING: [Vivado 12-584] No ports matched 'led[13]'. [c:/Users/Utilizador/Desktop/Universidade/4_ano/2_semestre/CR/Praticas/Aula3/Aula3_estudo_ex2/Aula3_estudo_ex2.srcs/sources_1/bd/design_1/ip/design_1_GreatestMaximumDivisor_0_0/src/Nexys4_Master.xdc:106]
CRITICAL WARNING: [Common 17-55] 'set_property' expects at least one object. [c:/Users/Utilizador/Desktop/Universidade/4_ano/2_semestre/CR/Praticas/Aula3/Aula3_estudo_ex2/Aula3_estudo_ex2.srcs/sources_1/bd/design_1/ip/design_1_GreatestMaximumDivisor_0_0/src/Nexys4_Master.xdc:106]
Resolution: If [get_<value>] was used to populate the object, check to make sure this command returns at least one valid object.
WARNING: [Vivado 12-584] No ports matched 'led[14]'. [c:/Users/Utilizador/Desktop/Universidade/4_ano/2_semestre/CR/Praticas/Aula3/Aula3_estudo_ex2/Aula3_estudo_ex2.srcs/sources_1/bd/design_1/ip/design_1_GreatestMaximumDivisor_0_0/src/Nexys4_Master.xdc:108]
CRITICAL WARNING: [Common 17-55] 'set_property' expects at least one object. [c:/Users/Utilizador/Desktop/Universidade/4_ano/2_semestre/CR/Praticas/Aula3/Aula3_estudo_ex2/Aula3_estudo_ex2.srcs/sources_1/bd/design_1/ip/design_1_GreatestMaximumDivisor_0_0/src/Nexys4_Master.xdc:108]
Resolution: If [get_<value>] was used to populate the object, check to make sure this command returns at least one valid object.
WARNING: [Vivado 12-584] No ports matched 'led[14]'. [c:/Users/Utilizador/Desktop/Universidade/4_ano/2_semestre/CR/Praticas/Aula3/Aula3_estudo_ex2/Aula3_estudo_ex2.srcs/sources_1/bd/design_1/ip/design_1_GreatestMaximumDivisor_0_0/src/Nexys4_Master.xdc:109]
CRITICAL WARNING: [Common 17-55] 'set_property' expects at least one object. [c:/Users/Utilizador/Desktop/Universidade/4_ano/2_semestre/CR/Praticas/Aula3/Aula3_estudo_ex2/Aula3_estudo_ex2.srcs/sources_1/bd/design_1/ip/design_1_GreatestMaximumDivisor_0_0/src/Nexys4_Master.xdc:109]
Resolution: If [get_<value>] was used to populate the object, check to make sure this command returns at least one valid object.
WARNING: [Vivado 12-584] No ports matched 'led[15]'. [c:/Users/Utilizador/Desktop/Universidade/4_ano/2_semestre/CR/Praticas/Aula3/Aula3_estudo_ex2/Aula3_estudo_ex2.srcs/sources_1/bd/design_1/ip/design_1_GreatestMaximumDivisor_0_0/src/Nexys4_Master.xdc:111]
CRITICAL WARNING: [Common 17-55] 'set_property' expects at least one object. [c:/Users/Utilizador/Desktop/Universidade/4_ano/2_semestre/CR/Praticas/Aula3/Aula3_estudo_ex2/Aula3_estudo_ex2.srcs/sources_1/bd/design_1/ip/design_1_GreatestMaximumDivisor_0_0/src/Nexys4_Master.xdc:111]
Resolution: If [get_<value>] was used to populate the object, check to make sure this command returns at least one valid object.
WARNING: [Vivado 12-584] No ports matched 'led[15]'. [c:/Users/Utilizador/Desktop/Universidade/4_ano/2_semestre/CR/Praticas/Aula3/Aula3_estudo_ex2/Aula3_estudo_ex2.srcs/sources_1/bd/design_1/ip/design_1_GreatestMaximumDivisor_0_0/src/Nexys4_Master.xdc:112]
CRITICAL WARNING: [Common 17-55] 'set_property' expects at least one object. [c:/Users/Utilizador/Desktop/Universidade/4_ano/2_semestre/CR/Praticas/Aula3/Aula3_estudo_ex2/Aula3_estudo_ex2.srcs/sources_1/bd/design_1/ip/design_1_GreatestMaximumDivisor_0_0/src/Nexys4_Master.xdc:112]
Resolution: If [get_<value>] was used to populate the object, check to make sure this command returns at least one valid object.
WARNING: [Vivado 12-584] No ports matched 'RGB1_Red'. [c:/Users/Utilizador/Desktop/Universidade/4_ano/2_semestre/CR/Praticas/Aula3/Aula3_estudo_ex2/Aula3_estudo_ex2.srcs/sources_1/bd/design_1/ip/design_1_GreatestMaximumDivisor_0_0/src/Nexys4_Master.xdc:115]
CRITICAL WARNING: [Common 17-55] 'set_property' expects at least one object. [c:/Users/Utilizador/Desktop/Universidade/4_ano/2_semestre/CR/Praticas/Aula3/Aula3_estudo_ex2/Aula3_estudo_ex2.srcs/sources_1/bd/design_1/ip/design_1_GreatestMaximumDivisor_0_0/src/Nexys4_Master.xdc:115]
Resolution: If [get_<value>] was used to populate the object, check to make sure this command returns at least one valid object.
WARNING: [Vivado 12-584] No ports matched 'RGB1_Red'. [c:/Users/Utilizador/Desktop/Universidade/4_ano/2_semestre/CR/Praticas/Aula3/Aula3_estudo_ex2/Aula3_estudo_ex2.srcs/sources_1/bd/design_1/ip/design_1_GreatestMaximumDivisor_0_0/src/Nexys4_Master.xdc:116]
CRITICAL WARNING: [Common 17-55] 'set_property' expects at least one object. [c:/Users/Utilizador/Desktop/Universidade/4_ano/2_semestre/CR/Praticas/Aula3/Aula3_estudo_ex2/Aula3_estudo_ex2.srcs/sources_1/bd/design_1/ip/design_1_GreatestMaximumDivisor_0_0/src/Nexys4_Master.xdc:116]
Resolution: If [get_<value>] was used to populate the object, check to make sure this command returns at least one valid object.
WARNING: [Vivado 12-584] No ports matched 'RGB1_Green'. [c:/Users/Utilizador/Desktop/Universidade/4_ano/2_semestre/CR/Praticas/Aula3/Aula3_estudo_ex2/Aula3_estudo_ex2.srcs/sources_1/bd/design_1/ip/design_1_GreatestMaximumDivisor_0_0/src/Nexys4_Master.xdc:118]
CRITICAL WARNING: [Common 17-55] 'set_property' expects at least one object. [c:/Users/Utilizador/Desktop/Universidade/4_ano/2_semestre/CR/Praticas/Aula3/Aula3_estudo_ex2/Aula3_estudo_ex2.srcs/sources_1/bd/design_1/ip/design_1_GreatestMaximumDivisor_0_0/src/Nexys4_Master.xdc:118]
Resolution: If [get_<value>] was used to populate the object, check to make sure this command returns at least one valid object.
WARNING: [Vivado 12-584] No ports matched 'RGB1_Green'. [c:/Users/Utilizador/Desktop/Universidade/4_ano/2_semestre/CR/Praticas/Aula3/Aula3_estudo_ex2/Aula3_estudo_ex2.srcs/sources_1/bd/design_1/ip/design_1_GreatestMaximumDivisor_0_0/src/Nexys4_Master.xdc:119]
CRITICAL WARNING: [Common 17-55] 'set_property' expects at least one object. [c:/Users/Utilizador/Desktop/Universidade/4_ano/2_semestre/CR/Praticas/Aula3/Aula3_estudo_ex2/Aula3_estudo_ex2.srcs/sources_1/bd/design_1/ip/design_1_GreatestMaximumDivisor_0_0/src/Nexys4_Master.xdc:119]
Resolution: If [get_<value>] was used to populate the object, check to make sure this command returns at least one valid object.
WARNING: [Vivado 12-584] No ports matched 'RGB1_Blue'. [c:/Users/Utilizador/Desktop/Universidade/4_ano/2_semestre/CR/Praticas/Aula3/Aula3_estudo_ex2/Aula3_estudo_ex2.srcs/sources_1/bd/design_1/ip/design_1_GreatestMaximumDivisor_0_0/src/Nexys4_Master.xdc:121]
CRITICAL WARNING: [Common 17-55] 'set_property' expects at least one object. [c:/Users/Utilizador/Desktop/Universidade/4_ano/2_semestre/CR/Praticas/Aula3/Aula3_estudo_ex2/Aula3_estudo_ex2.srcs/sources_1/bd/design_1/ip/design_1_GreatestMaximumDivisor_0_0/src/Nexys4_Master.xdc:121]
Resolution: If [get_<value>] was used to populate the object, check to make sure this command returns at least one valid object.
WARNING: [Vivado 12-584] No ports matched 'RGB1_Blue'. [c:/Users/Utilizador/Desktop/Universidade/4_ano/2_semestre/CR/Praticas/Aula3/Aula3_estudo_ex2/Aula3_estudo_ex2.srcs/sources_1/bd/design_1/ip/design_1_GreatestMaximumDivisor_0_0/src/Nexys4_Master.xdc:122]
CRITICAL WARNING: [Common 17-55] 'set_property' expects at least one object. [c:/Users/Utilizador/Desktop/Universidade/4_ano/2_semestre/CR/Praticas/Aula3/Aula3_estudo_ex2/Aula3_estudo_ex2.srcs/sources_1/bd/design_1/ip/design_1_GreatestMaximumDivisor_0_0/src/Nexys4_Master.xdc:122]
Resolution: If [get_<value>] was used to populate the object, check to make sure this command returns at least one valid object.
WARNING: [Vivado 12-584] No ports matched 'RGB2_Red'. [c:/Users/Utilizador/Desktop/Universidade/4_ano/2_semestre/CR/Praticas/Aula3/Aula3_estudo_ex2/Aula3_estudo_ex2.srcs/sources_1/bd/design_1/ip/design_1_GreatestMaximumDivisor_0_0/src/Nexys4_Master.xdc:124]
CRITICAL WARNING: [Common 17-55] 'set_property' expects at least one object. [c:/Users/Utilizador/Desktop/Universidade/4_ano/2_semestre/CR/Praticas/Aula3/Aula3_estudo_ex2/Aula3_estudo_ex2.srcs/sources_1/bd/design_1/ip/design_1_GreatestMaximumDivisor_0_0/src/Nexys4_Master.xdc:124]
Resolution: If [get_<value>] was used to populate the object, check to make sure this command returns at least one valid object.
WARNING: [Vivado 12-584] No ports matched 'RGB2_Red'. [c:/Users/Utilizador/Desktop/Universidade/4_ano/2_semestre/CR/Praticas/Aula3/Aula3_estudo_ex2/Aula3_estudo_ex2.srcs/sources_1/bd/design_1/ip/design_1_GreatestMaximumDivisor_0_0/src/Nexys4_Master.xdc:125]
CRITICAL WARNING: [Common 17-55] 'set_property' expects at least one object. [c:/Users/Utilizador/Desktop/Universidade/4_ano/2_semestre/CR/Praticas/Aula3/Aula3_estudo_ex2/Aula3_estudo_ex2.srcs/sources_1/bd/design_1/ip/design_1_GreatestMaximumDivisor_0_0/src/Nexys4_Master.xdc:125]
Resolution: If [get_<value>] was used to populate the object, check to make sure this command returns at least one valid object.
WARNING: [Vivado 12-584] No ports matched 'RGB2_Green'. [c:/Users/Utilizador/Desktop/Universidade/4_ano/2_semestre/CR/Praticas/Aula3/Aula3_estudo_ex2/Aula3_estudo_ex2.srcs/sources_1/bd/design_1/ip/design_1_GreatestMaximumDivisor_0_0/src/Nexys4_Master.xdc:127]
CRITICAL WARNING: [Common 17-55] 'set_property' expects at least one object. [c:/Users/Utilizador/Desktop/Universidade/4_ano/2_semestre/CR/Praticas/Aula3/Aula3_estudo_ex2/Aula3_estudo_ex2.srcs/sources_1/bd/design_1/ip/design_1_GreatestMaximumDivisor_0_0/src/Nexys4_Master.xdc:127]
Resolution: If [get_<value>] was used to populate the object, check to make sure this command returns at least one valid object.
WARNING: [Vivado 12-584] No ports matched 'RGB2_Green'. [c:/Users/Utilizador/Desktop/Universidade/4_ano/2_semestre/CR/Praticas/Aula3/Aula3_estudo_ex2/Aula3_estudo_ex2.srcs/sources_1/bd/design_1/ip/design_1_GreatestMaximumDivisor_0_0/src/Nexys4_Master.xdc:128]
CRITICAL WARNING: [Common 17-55] 'set_property' expects at least one object. [c:/Users/Utilizador/Desktop/Universidade/4_ano/2_semestre/CR/Praticas/Aula3/Aula3_estudo_ex2/Aula3_estudo_ex2.srcs/sources_1/bd/design_1/ip/design_1_GreatestMaximumDivisor_0_0/src/Nexys4_Master.xdc:128]
Resolution: If [get_<value>] was used to populate the object, check to make sure this command returns at least one valid object.
WARNING: [Vivado 12-584] No ports matched 'RGB2_Blue'. [c:/Users/Utilizador/Desktop/Universidade/4_ano/2_semestre/CR/Praticas/Aula3/Aula3_estudo_ex2/Aula3_estudo_ex2.srcs/sources_1/bd/design_1/ip/design_1_GreatestMaximumDivisor_0_0/src/Nexys4_Master.xdc:130]
CRITICAL WARNING: [Common 17-55] 'set_property' expects at least one object. [c:/Users/Utilizador/Desktop/Universidade/4_ano/2_semestre/CR/Praticas/Aula3/Aula3_estudo_ex2/Aula3_estudo_ex2.srcs/sources_1/bd/design_1/ip/design_1_GreatestMaximumDivisor_0_0/src/Nexys4_Master.xdc:130]
Resolution: If [get_<value>] was used to populate the object, check to make sure this command returns at least one valid object.
WARNING: [Vivado 12-584] No ports matched 'RGB2_Blue'. [c:/Users/Utilizador/Desktop/Universidade/4_ano/2_semestre/CR/Praticas/Aula3/Aula3_estudo_ex2/Aula3_estudo_ex2.srcs/sources_1/bd/design_1/ip/design_1_GreatestMaximumDivisor_0_0/src/Nexys4_Master.xdc:131]
CRITICAL WARNING: [Common 17-55] 'set_property' expects at least one object. [c:/Users/Utilizador/Desktop/Universidade/4_ano/2_semestre/CR/Praticas/Aula3/Aula3_estudo_ex2/Aula3_estudo_ex2.srcs/sources_1/bd/design_1/ip/design_1_GreatestMaximumDivisor_0_0/src/Nexys4_Master.xdc:131]
Resolution: If [get_<value>] was used to populate the object, check to make sure this command returns at least one valid object.
WARNING: [Vivado 12-584] No ports matched 'seg[0]'. [c:/Users/Utilizador/Desktop/Universidade/4_ano/2_semestre/CR/Praticas/Aula3/Aula3_estudo_ex2/Aula3_estudo_ex2.srcs/sources_1/bd/design_1/ip/design_1_GreatestMaximumDivisor_0_0/src/Nexys4_Master.xdc:137]
CRITICAL WARNING: [Common 17-55] 'set_property' expects at least one object. [c:/Users/Utilizador/Desktop/Universidade/4_ano/2_semestre/CR/Praticas/Aula3/Aula3_estudo_ex2/Aula3_estudo_ex2.srcs/sources_1/bd/design_1/ip/design_1_GreatestMaximumDivisor_0_0/src/Nexys4_Master.xdc:137]
Resolution: If [get_<value>] was used to populate the object, check to make sure this command returns at least one valid object.
WARNING: [Vivado 12-584] No ports matched 'seg[0]'. [c:/Users/Utilizador/Desktop/Universidade/4_ano/2_semestre/CR/Praticas/Aula3/Aula3_estudo_ex2/Aula3_estudo_ex2.srcs/sources_1/bd/design_1/ip/design_1_GreatestMaximumDivisor_0_0/src/Nexys4_Master.xdc:138]
CRITICAL WARNING: [Common 17-55] 'set_property' expects at least one object. [c:/Users/Utilizador/Desktop/Universidade/4_ano/2_semestre/CR/Praticas/Aula3/Aula3_estudo_ex2/Aula3_estudo_ex2.srcs/sources_1/bd/design_1/ip/design_1_GreatestMaximumDivisor_0_0/src/Nexys4_Master.xdc:138]
Resolution: If [get_<value>] was used to populate the object, check to make sure this command returns at least one valid object.
WARNING: [Vivado 12-584] No ports matched 'seg[1]'. [c:/Users/Utilizador/Desktop/Universidade/4_ano/2_semestre/CR/Praticas/Aula3/Aula3_estudo_ex2/Aula3_estudo_ex2.srcs/sources_1/bd/design_1/ip/design_1_GreatestMaximumDivisor_0_0/src/Nexys4_Master.xdc:140]
CRITICAL WARNING: [Common 17-55] 'set_property' expects at least one object. [c:/Users/Utilizador/Desktop/Universidade/4_ano/2_semestre/CR/Praticas/Aula3/Aula3_estudo_ex2/Aula3_estudo_ex2.srcs/sources_1/bd/design_1/ip/design_1_GreatestMaximumDivisor_0_0/src/Nexys4_Master.xdc:140]
Resolution: If [get_<value>] was used to populate the object, check to make sure this command returns at least one valid object.
WARNING: [Vivado 12-584] No ports matched 'seg[1]'. [c:/Users/Utilizador/Desktop/Universidade/4_ano/2_semestre/CR/Praticas/Aula3/Aula3_estudo_ex2/Aula3_estudo_ex2.srcs/sources_1/bd/design_1/ip/design_1_GreatestMaximumDivisor_0_0/src/Nexys4_Master.xdc:141]
CRITICAL WARNING: [Common 17-55] 'set_property' expects at least one object. [c:/Users/Utilizador/Desktop/Universidade/4_ano/2_semestre/CR/Praticas/Aula3/Aula3_estudo_ex2/Aula3_estudo_ex2.srcs/sources_1/bd/design_1/ip/design_1_GreatestMaximumDivisor_0_0/src/Nexys4_Master.xdc:141]
Resolution: If [get_<value>] was used to populate the object, check to make sure this command returns at least one valid object.
WARNING: [Vivado 12-584] No ports matched 'seg[2]'. [c:/Users/Utilizador/Desktop/Universidade/4_ano/2_semestre/CR/Praticas/Aula3/Aula3_estudo_ex2/Aula3_estudo_ex2.srcs/sources_1/bd/design_1/ip/design_1_GreatestMaximumDivisor_0_0/src/Nexys4_Master.xdc:143]
CRITICAL WARNING: [Common 17-55] 'set_property' expects at least one object. [c:/Users/Utilizador/Desktop/Universidade/4_ano/2_semestre/CR/Praticas/Aula3/Aula3_estudo_ex2/Aula3_estudo_ex2.srcs/sources_1/bd/design_1/ip/design_1_GreatestMaximumDivisor_0_0/src/Nexys4_Master.xdc:143]
Resolution: If [get_<value>] was used to populate the object, check to make sure this command returns at least one valid object.
WARNING: [Vivado 12-584] No ports matched 'seg[2]'. [c:/Users/Utilizador/Desktop/Universidade/4_ano/2_semestre/CR/Praticas/Aula3/Aula3_estudo_ex2/Aula3_estudo_ex2.srcs/sources_1/bd/design_1/ip/design_1_GreatestMaximumDivisor_0_0/src/Nexys4_Master.xdc:144]
CRITICAL WARNING: [Common 17-55] 'set_property' expects at least one object. [c:/Users/Utilizador/Desktop/Universidade/4_ano/2_semestre/CR/Praticas/Aula3/Aula3_estudo_ex2/Aula3_estudo_ex2.srcs/sources_1/bd/design_1/ip/design_1_GreatestMaximumDivisor_0_0/src/Nexys4_Master.xdc:144]
Resolution: If [get_<value>] was used to populate the object, check to make sure this command returns at least one valid object.
WARNING: [Vivado 12-584] No ports matched 'seg[3]'. [c:/Users/Utilizador/Desktop/Universidade/4_ano/2_semestre/CR/Praticas/Aula3/Aula3_estudo_ex2/Aula3_estudo_ex2.srcs/sources_1/bd/design_1/ip/design_1_GreatestMaximumDivisor_0_0/src/Nexys4_Master.xdc:146]
CRITICAL WARNING: [Common 17-55] 'set_property' expects at least one object. [c:/Users/Utilizador/Desktop/Universidade/4_ano/2_semestre/CR/Praticas/Aula3/Aula3_estudo_ex2/Aula3_estudo_ex2.srcs/sources_1/bd/design_1/ip/design_1_GreatestMaximumDivisor_0_0/src/Nexys4_Master.xdc:146]
Resolution: If [get_<value>] was used to populate the object, check to make sure this command returns at least one valid object.
WARNING: [Vivado 12-584] No ports matched 'seg[3]'. [c:/Users/Utilizador/Desktop/Universidade/4_ano/2_semestre/CR/Praticas/Aula3/Aula3_estudo_ex2/Aula3_estudo_ex2.srcs/sources_1/bd/design_1/ip/design_1_GreatestMaximumDivisor_0_0/src/Nexys4_Master.xdc:147]
CRITICAL WARNING: [Common 17-55] 'set_property' expects at least one object. [c:/Users/Utilizador/Desktop/Universidade/4_ano/2_semestre/CR/Praticas/Aula3/Aula3_estudo_ex2/Aula3_estudo_ex2.srcs/sources_1/bd/design_1/ip/design_1_GreatestMaximumDivisor_0_0/src/Nexys4_Master.xdc:147]
Resolution: If [get_<value>] was used to populate the object, check to make sure this command returns at least one valid object.
WARNING: [Vivado 12-584] No ports matched 'seg[4]'. [c:/Users/Utilizador/Desktop/Universidade/4_ano/2_semestre/CR/Praticas/Aula3/Aula3_estudo_ex2/Aula3_estudo_ex2.srcs/sources_1/bd/design_1/ip/design_1_GreatestMaximumDivisor_0_0/src/Nexys4_Master.xdc:149]
CRITICAL WARNING: [Common 17-55] 'set_property' expects at least one object. [c:/Users/Utilizador/Desktop/Universidade/4_ano/2_semestre/CR/Praticas/Aula3/Aula3_estudo_ex2/Aula3_estudo_ex2.srcs/sources_1/bd/design_1/ip/design_1_GreatestMaximumDivisor_0_0/src/Nexys4_Master.xdc:149]
Resolution: If [get_<value>] was used to populate the object, check to make sure this command returns at least one valid object.
WARNING: [Vivado 12-584] No ports matched 'seg[4]'. [c:/Users/Utilizador/Desktop/Universidade/4_ano/2_semestre/CR/Praticas/Aula3/Aula3_estudo_ex2/Aula3_estudo_ex2.srcs/sources_1/bd/design_1/ip/design_1_GreatestMaximumDivisor_0_0/src/Nexys4_Master.xdc:150]
CRITICAL WARNING: [Common 17-55] 'set_property' expects at least one object. [c:/Users/Utilizador/Desktop/Universidade/4_ano/2_semestre/CR/Praticas/Aula3/Aula3_estudo_ex2/Aula3_estudo_ex2.srcs/sources_1/bd/design_1/ip/design_1_GreatestMaximumDivisor_0_0/src/Nexys4_Master.xdc:150]
Resolution: If [get_<value>] was used to populate the object, check to make sure this command returns at least one valid object.
WARNING: [Vivado 12-584] No ports matched 'seg[5]'. [c:/Users/Utilizador/Desktop/Universidade/4_ano/2_semestre/CR/Praticas/Aula3/Aula3_estudo_ex2/Aula3_estudo_ex2.srcs/sources_1/bd/design_1/ip/design_1_GreatestMaximumDivisor_0_0/src/Nexys4_Master.xdc:152]
CRITICAL WARNING: [Common 17-55] 'set_property' expects at least one object. [c:/Users/Utilizador/Desktop/Universidade/4_ano/2_semestre/CR/Praticas/Aula3/Aula3_estudo_ex2/Aula3_estudo_ex2.srcs/sources_1/bd/design_1/ip/design_1_GreatestMaximumDivisor_0_0/src/Nexys4_Master.xdc:152]
Resolution: If [get_<value>] was used to populate the object, check to make sure this command returns at least one valid object.
WARNING: [Vivado 12-584] No ports matched 'seg[5]'. [c:/Users/Utilizador/Desktop/Universidade/4_ano/2_semestre/CR/Praticas/Aula3/Aula3_estudo_ex2/Aula3_estudo_ex2.srcs/sources_1/bd/design_1/ip/design_1_GreatestMaximumDivisor_0_0/src/Nexys4_Master.xdc:153]
CRITICAL WARNING: [Common 17-55] 'set_property' expects at least one object. [c:/Users/Utilizador/Desktop/Universidade/4_ano/2_semestre/CR/Praticas/Aula3/Aula3_estudo_ex2/Aula3_estudo_ex2.srcs/sources_1/bd/design_1/ip/design_1_GreatestMaximumDivisor_0_0/src/Nexys4_Master.xdc:153]
Resolution: If [get_<value>] was used to populate the object, check to make sure this command returns at least one valid object.
WARNING: [Vivado 12-584] No ports matched 'seg[6]'. [c:/Users/Utilizador/Desktop/Universidade/4_ano/2_semestre/CR/Praticas/Aula3/Aula3_estudo_ex2/Aula3_estudo_ex2.srcs/sources_1/bd/design_1/ip/design_1_GreatestMaximumDivisor_0_0/src/Nexys4_Master.xdc:155]
CRITICAL WARNING: [Common 17-55] 'set_property' expects at least one object. [c:/Users/Utilizador/Desktop/Universidade/4_ano/2_semestre/CR/Praticas/Aula3/Aula3_estudo_ex2/Aula3_estudo_ex2.srcs/sources_1/bd/design_1/ip/design_1_GreatestMaximumDivisor_0_0/src/Nexys4_Master.xdc:155]
Resolution: If [get_<value>] was used to populate the object, check to make sure this command returns at least one valid object.
WARNING: [Vivado 12-584] No ports matched 'seg[6]'. [c:/Users/Utilizador/Desktop/Universidade/4_ano/2_semestre/CR/Praticas/Aula3/Aula3_estudo_ex2/Aula3_estudo_ex2.srcs/sources_1/bd/design_1/ip/design_1_GreatestMaximumDivisor_0_0/src/Nexys4_Master.xdc:156]
CRITICAL WARNING: [Common 17-55] 'set_property' expects at least one object. [c:/Users/Utilizador/Desktop/Universidade/4_ano/2_semestre/CR/Praticas/Aula3/Aula3_estudo_ex2/Aula3_estudo_ex2.srcs/sources_1/bd/design_1/ip/design_1_GreatestMaximumDivisor_0_0/src/Nexys4_Master.xdc:156]
Resolution: If [get_<value>] was used to populate the object, check to make sure this command returns at least one valid object.
WARNING: [Vivado 12-584] No ports matched 'an[0]'. [c:/Users/Utilizador/Desktop/Universidade/4_ano/2_semestre/CR/Praticas/Aula3/Aula3_estudo_ex2/Aula3_estudo_ex2.srcs/sources_1/bd/design_1/ip/design_1_GreatestMaximumDivisor_0_0/src/Nexys4_Master.xdc:163]
CRITICAL WARNING: [Common 17-55] 'set_property' expects at least one object. [c:/Users/Utilizador/Desktop/Universidade/4_ano/2_semestre/CR/Praticas/Aula3/Aula3_estudo_ex2/Aula3_estudo_ex2.srcs/sources_1/bd/design_1/ip/design_1_GreatestMaximumDivisor_0_0/src/Nexys4_Master.xdc:163]
Resolution: If [get_<value>] was used to populate the object, check to make sure this command returns at least one valid object.
WARNING: [Vivado 12-584] No ports matched 'an[0]'. [c:/Users/Utilizador/Desktop/Universidade/4_ano/2_semestre/CR/Praticas/Aula3/Aula3_estudo_ex2/Aula3_estudo_ex2.srcs/sources_1/bd/design_1/ip/design_1_GreatestMaximumDivisor_0_0/src/Nexys4_Master.xdc:164]
CRITICAL WARNING: [Common 17-55] 'set_property' expects at least one object. [c:/Users/Utilizador/Desktop/Universidade/4_ano/2_semestre/CR/Praticas/Aula3/Aula3_estudo_ex2/Aula3_estudo_ex2.srcs/sources_1/bd/design_1/ip/design_1_GreatestMaximumDivisor_0_0/src/Nexys4_Master.xdc:164]
Resolution: If [get_<value>] was used to populate the object, check to make sure this command returns at least one valid object.
WARNING: [Vivado 12-584] No ports matched 'an[1]'. [c:/Users/Utilizador/Desktop/Universidade/4_ano/2_semestre/CR/Praticas/Aula3/Aula3_estudo_ex2/Aula3_estudo_ex2.srcs/sources_1/bd/design_1/ip/design_1_GreatestMaximumDivisor_0_0/src/Nexys4_Master.xdc:166]
CRITICAL WARNING: [Common 17-55] 'set_property' expects at least one object. [c:/Users/Utilizador/Desktop/Universidade/4_ano/2_semestre/CR/Praticas/Aula3/Aula3_estudo_ex2/Aula3_estudo_ex2.srcs/sources_1/bd/design_1/ip/design_1_GreatestMaximumDivisor_0_0/src/Nexys4_Master.xdc:166]
Resolution: If [get_<value>] was used to populate the object, check to make sure this command returns at least one valid object.
WARNING: [Vivado 12-584] No ports matched 'an[1]'. [c:/Users/Utilizador/Desktop/Universidade/4_ano/2_semestre/CR/Praticas/Aula3/Aula3_estudo_ex2/Aula3_estudo_ex2.srcs/sources_1/bd/design_1/ip/design_1_GreatestMaximumDivisor_0_0/src/Nexys4_Master.xdc:167]
CRITICAL WARNING: [Common 17-55] 'set_property' expects at least one object. [c:/Users/Utilizador/Desktop/Universidade/4_ano/2_semestre/CR/Praticas/Aula3/Aula3_estudo_ex2/Aula3_estudo_ex2.srcs/sources_1/bd/design_1/ip/design_1_GreatestMaximumDivisor_0_0/src/Nexys4_Master.xdc:167]
Resolution: If [get_<value>] was used to populate the object, check to make sure this command returns at least one valid object.
WARNING: [Vivado 12-584] No ports matched 'an[2]'. [c:/Users/Utilizador/Desktop/Universidade/4_ano/2_semestre/CR/Praticas/Aula3/Aula3_estudo_ex2/Aula3_estudo_ex2.srcs/sources_1/bd/design_1/ip/design_1_GreatestMaximumDivisor_0_0/src/Nexys4_Master.xdc:169]
CRITICAL WARNING: [Common 17-55] 'set_property' expects at least one object. [c:/Users/Utilizador/Desktop/Universidade/4_ano/2_semestre/CR/Praticas/Aula3/Aula3_estudo_ex2/Aula3_estudo_ex2.srcs/sources_1/bd/design_1/ip/design_1_GreatestMaximumDivisor_0_0/src/Nexys4_Master.xdc:169]
Resolution: If [get_<value>] was used to populate the object, check to make sure this command returns at least one valid object.
WARNING: [Vivado 12-584] No ports matched 'an[2]'. [c:/Users/Utilizador/Desktop/Universidade/4_ano/2_semestre/CR/Praticas/Aula3/Aula3_estudo_ex2/Aula3_estudo_ex2.srcs/sources_1/bd/design_1/ip/design_1_GreatestMaximumDivisor_0_0/src/Nexys4_Master.xdc:170]
CRITICAL WARNING: [Common 17-55] 'set_property' expects at least one object. [c:/Users/Utilizador/Desktop/Universidade/4_ano/2_semestre/CR/Praticas/Aula3/Aula3_estudo_ex2/Aula3_estudo_ex2.srcs/sources_1/bd/design_1/ip/design_1_GreatestMaximumDivisor_0_0/src/Nexys4_Master.xdc:170]
Resolution: If [get_<value>] was used to populate the object, check to make sure this command returns at least one valid object.
WARNING: [Vivado 12-584] No ports matched 'an[3]'. [c:/Users/Utilizador/Desktop/Universidade/4_ano/2_semestre/CR/Praticas/Aula3/Aula3_estudo_ex2/Aula3_estudo_ex2.srcs/sources_1/bd/design_1/ip/design_1_GreatestMaximumDivisor_0_0/src/Nexys4_Master.xdc:172]
CRITICAL WARNING: [Common 17-55] 'set_property' expects at least one object. [c:/Users/Utilizador/Desktop/Universidade/4_ano/2_semestre/CR/Praticas/Aula3/Aula3_estudo_ex2/Aula3_estudo_ex2.srcs/sources_1/bd/design_1/ip/design_1_GreatestMaximumDivisor_0_0/src/Nexys4_Master.xdc:172]
Resolution: If [get_<value>] was used to populate the object, check to make sure this command returns at least one valid object.
WARNING: [Vivado 12-584] No ports matched 'an[3]'. [c:/Users/Utilizador/Desktop/Universidade/4_ano/2_semestre/CR/Praticas/Aula3/Aula3_estudo_ex2/Aula3_estudo_ex2.srcs/sources_1/bd/design_1/ip/design_1_GreatestMaximumDivisor_0_0/src/Nexys4_Master.xdc:173]
CRITICAL WARNING: [Common 17-55] 'set_property' expects at least one object. [c:/Users/Utilizador/Desktop/Universidade/4_ano/2_semestre/CR/Praticas/Aula3/Aula3_estudo_ex2/Aula3_estudo_ex2.srcs/sources_1/bd/design_1/ip/design_1_GreatestMaximumDivisor_0_0/src/Nexys4_Master.xdc:173]
Resolution: If [get_<value>] was used to populate the object, check to make sure this command returns at least one valid object.
WARNING: [Vivado 12-584] No ports matched 'an[4]'. [c:/Users/Utilizador/Desktop/Universidade/4_ano/2_semestre/CR/Praticas/Aula3/Aula3_estudo_ex2/Aula3_estudo_ex2.srcs/sources_1/bd/design_1/ip/design_1_GreatestMaximumDivisor_0_0/src/Nexys4_Master.xdc:175]
CRITICAL WARNING: [Common 17-55] 'set_property' expects at least one object. [c:/Users/Utilizador/Desktop/Universidade/4_ano/2_semestre/CR/Praticas/Aula3/Aula3_estudo_ex2/Aula3_estudo_ex2.srcs/sources_1/bd/design_1/ip/design_1_GreatestMaximumDivisor_0_0/src/Nexys4_Master.xdc:175]
Resolution: If [get_<value>] was used to populate the object, check to make sure this command returns at least one valid object.
WARNING: [Vivado 12-584] No ports matched 'an[4]'. [c:/Users/Utilizador/Desktop/Universidade/4_ano/2_semestre/CR/Praticas/Aula3/Aula3_estudo_ex2/Aula3_estudo_ex2.srcs/sources_1/bd/design_1/ip/design_1_GreatestMaximumDivisor_0_0/src/Nexys4_Master.xdc:176]
CRITICAL WARNING: [Common 17-55] 'set_property' expects at least one object. [c:/Users/Utilizador/Desktop/Universidade/4_ano/2_semestre/CR/Praticas/Aula3/Aula3_estudo_ex2/Aula3_estudo_ex2.srcs/sources_1/bd/design_1/ip/design_1_GreatestMaximumDivisor_0_0/src/Nexys4_Master.xdc:176]
Resolution: If [get_<value>] was used to populate the object, check to make sure this command returns at least one valid object.
WARNING: [Vivado 12-584] No ports matched 'an[5]'. [c:/Users/Utilizador/Desktop/Universidade/4_ano/2_semestre/CR/Praticas/Aula3/Aula3_estudo_ex2/Aula3_estudo_ex2.srcs/sources_1/bd/design_1/ip/design_1_GreatestMaximumDivisor_0_0/src/Nexys4_Master.xdc:178]
CRITICAL WARNING: [Common 17-55] 'set_property' expects at least one object. [c:/Users/Utilizador/Desktop/Universidade/4_ano/2_semestre/CR/Praticas/Aula3/Aula3_estudo_ex2/Aula3_estudo_ex2.srcs/sources_1/bd/design_1/ip/design_1_GreatestMaximumDivisor_0_0/src/Nexys4_Master.xdc:178]
Resolution: If [get_<value>] was used to populate the object, check to make sure this command returns at least one valid object.
WARNING: [Vivado 12-584] No ports matched 'an[5]'. [c:/Users/Utilizador/Desktop/Universidade/4_ano/2_semestre/CR/Praticas/Aula3/Aula3_estudo_ex2/Aula3_estudo_ex2.srcs/sources_1/bd/design_1/ip/design_1_GreatestMaximumDivisor_0_0/src/Nexys4_Master.xdc:179]
CRITICAL WARNING: [Common 17-55] 'set_property' expects at least one object. [c:/Users/Utilizador/Desktop/Universidade/4_ano/2_semestre/CR/Praticas/Aula3/Aula3_estudo_ex2/Aula3_estudo_ex2.srcs/sources_1/bd/design_1/ip/design_1_GreatestMaximumDivisor_0_0/src/Nexys4_Master.xdc:179]
Resolution: If [get_<value>] was used to populate the object, check to make sure this command returns at least one valid object.
WARNING: [Vivado 12-584] No ports matched 'an[6]'. [c:/Users/Utilizador/Desktop/Universidade/4_ano/2_semestre/CR/Praticas/Aula3/Aula3_estudo_ex2/Aula3_estudo_ex2.srcs/sources_1/bd/design_1/ip/design_1_GreatestMaximumDivisor_0_0/src/Nexys4_Master.xdc:181]
CRITICAL WARNING: [Common 17-55] 'set_property' expects at least one object. [c:/Users/Utilizador/Desktop/Universidade/4_ano/2_semestre/CR/Praticas/Aula3/Aula3_estudo_ex2/Aula3_estudo_ex2.srcs/sources_1/bd/design_1/ip/design_1_GreatestMaximumDivisor_0_0/src/Nexys4_Master.xdc:181]
Resolution: If [get_<value>] was used to populate the object, check to make sure this command returns at least one valid object.
WARNING: [Vivado 12-584] No ports matched 'an[6]'. [c:/Users/Utilizador/Desktop/Universidade/4_ano/2_semestre/CR/Praticas/Aula3/Aula3_estudo_ex2/Aula3_estudo_ex2.srcs/sources_1/bd/design_1/ip/design_1_GreatestMaximumDivisor_0_0/src/Nexys4_Master.xdc:182]
CRITICAL WARNING: [Common 17-55] 'set_property' expects at least one object. [c:/Users/Utilizador/Desktop/Universidade/4_ano/2_semestre/CR/Praticas/Aula3/Aula3_estudo_ex2/Aula3_estudo_ex2.srcs/sources_1/bd/design_1/ip/design_1_GreatestMaximumDivisor_0_0/src/Nexys4_Master.xdc:182]
Resolution: If [get_<value>] was used to populate the object, check to make sure this command returns at least one valid object.
WARNING: [Vivado 12-584] No ports matched 'an[7]'. [c:/Users/Utilizador/Desktop/Universidade/4_ano/2_semestre/CR/Praticas/Aula3/Aula3_estudo_ex2/Aula3_estudo_ex2.srcs/sources_1/bd/design_1/ip/design_1_GreatestMaximumDivisor_0_0/src/Nexys4_Master.xdc:184]
CRITICAL WARNING: [Common 17-55] 'set_property' expects at least one object. [c:/Users/Utilizador/Desktop/Universidade/4_ano/2_semestre/CR/Praticas/Aula3/Aula3_estudo_ex2/Aula3_estudo_ex2.srcs/sources_1/bd/design_1/ip/design_1_GreatestMaximumDivisor_0_0/src/Nexys4_Master.xdc:184]
Resolution: If [get_<value>] was used to populate the object, check to make sure this command returns at least one valid object.
WARNING: [Vivado 12-584] No ports matched 'an[7]'. [c:/Users/Utilizador/Desktop/Universidade/4_ano/2_semestre/CR/Praticas/Aula3/Aula3_estudo_ex2/Aula3_estudo_ex2.srcs/sources_1/bd/design_1/ip/design_1_GreatestMaximumDivisor_0_0/src/Nexys4_Master.xdc:185]
CRITICAL WARNING: [Common 17-55] 'set_property' expects at least one object. [c:/Users/Utilizador/Desktop/Universidade/4_ano/2_semestre/CR/Praticas/Aula3/Aula3_estudo_ex2/Aula3_estudo_ex2.srcs/sources_1/bd/design_1/ip/design_1_GreatestMaximumDivisor_0_0/src/Nexys4_Master.xdc:185]
Resolution: If [get_<value>] was used to populate the object, check to make sure this command returns at least one valid object.
WARNING: [Vivado 12-584] No ports matched 'btnU'. [c:/Users/Utilizador/Desktop/Universidade/4_ano/2_semestre/CR/Praticas/Aula3/Aula3_estudo_ex2/Aula3_estudo_ex2.srcs/sources_1/bd/design_1/ip/design_1_GreatestMaximumDivisor_0_0/src/Nexys4_Master.xdc:197]
CRITICAL WARNING: [Common 17-55] 'set_property' expects at least one object. [c:/Users/Utilizador/Desktop/Universidade/4_ano/2_semestre/CR/Praticas/Aula3/Aula3_estudo_ex2/Aula3_estudo_ex2.srcs/sources_1/bd/design_1/ip/design_1_GreatestMaximumDivisor_0_0/src/Nexys4_Master.xdc:197]
Resolution: If [get_<value>] was used to populate the object, check to make sure this command returns at least one valid object.
WARNING: [Vivado 12-584] No ports matched 'btnU'. [c:/Users/Utilizador/Desktop/Universidade/4_ano/2_semestre/CR/Praticas/Aula3/Aula3_estudo_ex2/Aula3_estudo_ex2.srcs/sources_1/bd/design_1/ip/design_1_GreatestMaximumDivisor_0_0/src/Nexys4_Master.xdc:198]
CRITICAL WARNING: [Common 17-55] 'set_property' expects at least one object. [c:/Users/Utilizador/Desktop/Universidade/4_ano/2_semestre/CR/Praticas/Aula3/Aula3_estudo_ex2/Aula3_estudo_ex2.srcs/sources_1/bd/design_1/ip/design_1_GreatestMaximumDivisor_0_0/src/Nexys4_Master.xdc:198]
Resolution: If [get_<value>] was used to populate the object, check to make sure this command returns at least one valid object.
WARNING: [Vivado 12-584] No ports matched 'btnL'. [c:/Users/Utilizador/Desktop/Universidade/4_ano/2_semestre/CR/Praticas/Aula3/Aula3_estudo_ex2/Aula3_estudo_ex2.srcs/sources_1/bd/design_1/ip/design_1_GreatestMaximumDivisor_0_0/src/Nexys4_Master.xdc:200]
CRITICAL WARNING: [Common 17-55] 'set_property' expects at least one object. [c:/Users/Utilizador/Desktop/Universidade/4_ano/2_semestre/CR/Praticas/Aula3/Aula3_estudo_ex2/Aula3_estudo_ex2.srcs/sources_1/bd/design_1/ip/design_1_GreatestMaximumDivisor_0_0/src/Nexys4_Master.xdc:200]
Resolution: If [get_<value>] was used to populate the object, check to make sure this command returns at least one valid object.
WARNING: [Vivado 12-584] No ports matched 'btnL'. [c:/Users/Utilizador/Desktop/Universidade/4_ano/2_semestre/CR/Praticas/Aula3/Aula3_estudo_ex2/Aula3_estudo_ex2.srcs/sources_1/bd/design_1/ip/design_1_GreatestMaximumDivisor_0_0/src/Nexys4_Master.xdc:201]
CRITICAL WARNING: [Common 17-55] 'set_property' expects at least one object. [c:/Users/Utilizador/Desktop/Universidade/4_ano/2_semestre/CR/Praticas/Aula3/Aula3_estudo_ex2/Aula3_estudo_ex2.srcs/sources_1/bd/design_1/ip/design_1_GreatestMaximumDivisor_0_0/src/Nexys4_Master.xdc:201]
Resolution: If [get_<value>] was used to populate the object, check to make sure this command returns at least one valid object.
WARNING: [Vivado 12-584] No ports matched 'btnR'. [c:/Users/Utilizador/Desktop/Universidade/4_ano/2_semestre/CR/Praticas/Aula3/Aula3_estudo_ex2/Aula3_estudo_ex2.srcs/sources_1/bd/design_1/ip/design_1_GreatestMaximumDivisor_0_0/src/Nexys4_Master.xdc:203]
CRITICAL WARNING: [Common 17-55] 'set_property' expects at least one object. [c:/Users/Utilizador/Desktop/Universidade/4_ano/2_semestre/CR/Praticas/Aula3/Aula3_estudo_ex2/Aula3_estudo_ex2.srcs/sources_1/bd/design_1/ip/design_1_GreatestMaximumDivisor_0_0/src/Nexys4_Master.xdc:203]
Resolution: If [get_<value>] was used to populate the object, check to make sure this command returns at least one valid object.
WARNING: [Vivado 12-584] No ports matched 'btnR'. [c:/Users/Utilizador/Desktop/Universidade/4_ano/2_semestre/CR/Praticas/Aula3/Aula3_estudo_ex2/Aula3_estudo_ex2.srcs/sources_1/bd/design_1/ip/design_1_GreatestMaximumDivisor_0_0/src/Nexys4_Master.xdc:204]
CRITICAL WARNING: [Common 17-55] 'set_property' expects at least one object. [c:/Users/Utilizador/Desktop/Universidade/4_ano/2_semestre/CR/Praticas/Aula3/Aula3_estudo_ex2/Aula3_estudo_ex2.srcs/sources_1/bd/design_1/ip/design_1_GreatestMaximumDivisor_0_0/src/Nexys4_Master.xdc:204]
Resolution: If [get_<value>] was used to populate the object, check to make sure this command returns at least one valid object.
WARNING: [Vivado 12-584] No ports matched 'btnD'. [c:/Users/Utilizador/Desktop/Universidade/4_ano/2_semestre/CR/Praticas/Aula3/Aula3_estudo_ex2/Aula3_estudo_ex2.srcs/sources_1/bd/design_1/ip/design_1_GreatestMaximumDivisor_0_0/src/Nexys4_Master.xdc:206]
CRITICAL WARNING: [Common 17-55] 'set_property' expects at least one object. [c:/Users/Utilizador/Desktop/Universidade/4_ano/2_semestre/CR/Praticas/Aula3/Aula3_estudo_ex2/Aula3_estudo_ex2.srcs/sources_1/bd/design_1/ip/design_1_GreatestMaximumDivisor_0_0/src/Nexys4_Master.xdc:206]
Resolution: If [get_<value>] was used to populate the object, check to make sure this command returns at least one valid object.
WARNING: [Vivado 12-584] No ports matched 'btnD'. [c:/Users/Utilizador/Desktop/Universidade/4_ano/2_semestre/CR/Praticas/Aula3/Aula3_estudo_ex2/Aula3_estudo_ex2.srcs/sources_1/bd/design_1/ip/design_1_GreatestMaximumDivisor_0_0/src/Nexys4_Master.xdc:207]
CRITICAL WARNING: [Common 17-55] 'set_property' expects at least one object. [c:/Users/Utilizador/Desktop/Universidade/4_ano/2_semestre/CR/Praticas/Aula3/Aula3_estudo_ex2/Aula3_estudo_ex2.srcs/sources_1/bd/design_1/ip/design_1_GreatestMaximumDivisor_0_0/src/Nexys4_Master.xdc:207]
Resolution: If [get_<value>] was used to populate the object, check to make sure this command returns at least one valid object.
WARNING: [Vivado 12-584] No ports matched 'JA[0]'. [c:/Users/Utilizador/Desktop/Universidade/4_ano/2_semestre/CR/Praticas/Aula3/Aula3_estudo_ex2/Aula3_estudo_ex2.srcs/sources_1/bd/design_1/ip/design_1_GreatestMaximumDivisor_0_0/src/Nexys4_Master.xdc:213]
CRITICAL WARNING: [Common 17-55] 'set_property' expects at least one object. [c:/Users/Utilizador/Desktop/Universidade/4_ano/2_semestre/CR/Praticas/Aula3/Aula3_estudo_ex2/Aula3_estudo_ex2.srcs/sources_1/bd/design_1/ip/design_1_GreatestMaximumDivisor_0_0/src/Nexys4_Master.xdc:213]
Resolution: If [get_<value>] was used to populate the object, check to make sure this command returns at least one valid object.
WARNING: [Vivado 12-584] No ports matched 'JA[0]'. [c:/Users/Utilizador/Desktop/Universidade/4_ano/2_semestre/CR/Praticas/Aula3/Aula3_estudo_ex2/Aula3_estudo_ex2.srcs/sources_1/bd/design_1/ip/design_1_GreatestMaximumDivisor_0_0/src/Nexys4_Master.xdc:214]
CRITICAL WARNING: [Common 17-55] 'set_property' expects at least one object. [c:/Users/Utilizador/Desktop/Universidade/4_ano/2_semestre/CR/Praticas/Aula3/Aula3_estudo_ex2/Aula3_estudo_ex2.srcs/sources_1/bd/design_1/ip/design_1_GreatestMaximumDivisor_0_0/src/Nexys4_Master.xdc:214]
Resolution: If [get_<value>] was used to populate the object, check to make sure this command returns at least one valid object.
WARNING: [Vivado 12-584] No ports matched 'JA[1]'. [c:/Users/Utilizador/Desktop/Universidade/4_ano/2_semestre/CR/Praticas/Aula3/Aula3_estudo_ex2/Aula3_estudo_ex2.srcs/sources_1/bd/design_1/ip/design_1_GreatestMaximumDivisor_0_0/src/Nexys4_Master.xdc:216]
CRITICAL WARNING: [Common 17-55] 'set_property' expects at least one object. [c:/Users/Utilizador/Desktop/Universidade/4_ano/2_semestre/CR/Praticas/Aula3/Aula3_estudo_ex2/Aula3_estudo_ex2.srcs/sources_1/bd/design_1/ip/design_1_GreatestMaximumDivisor_0_0/src/Nexys4_Master.xdc:216]
Resolution: If [get_<value>] was used to populate the object, check to make sure this command returns at least one valid object.
WARNING: [Vivado 12-584] No ports matched 'JA[1]'. [c:/Users/Utilizador/Desktop/Universidade/4_ano/2_semestre/CR/Praticas/Aula3/Aula3_estudo_ex2/Aula3_estudo_ex2.srcs/sources_1/bd/design_1/ip/design_1_GreatestMaximumDivisor_0_0/src/Nexys4_Master.xdc:217]
CRITICAL WARNING: [Common 17-55] 'set_property' expects at least one object. [c:/Users/Utilizador/Desktop/Universidade/4_ano/2_semestre/CR/Praticas/Aula3/Aula3_estudo_ex2/Aula3_estudo_ex2.srcs/sources_1/bd/design_1/ip/design_1_GreatestMaximumDivisor_0_0/src/Nexys4_Master.xdc:217]
Resolution: If [get_<value>] was used to populate the object, check to make sure this command returns at least one valid object.
WARNING: [Vivado 12-584] No ports matched 'JA[2]'. [c:/Users/Utilizador/Desktop/Universidade/4_ano/2_semestre/CR/Praticas/Aula3/Aula3_estudo_ex2/Aula3_estudo_ex2.srcs/sources_1/bd/design_1/ip/design_1_GreatestMaximumDivisor_0_0/src/Nexys4_Master.xdc:219]
CRITICAL WARNING: [Common 17-55] 'set_property' expects at least one object. [c:/Users/Utilizador/Desktop/Universidade/4_ano/2_semestre/CR/Praticas/Aula3/Aula3_estudo_ex2/Aula3_estudo_ex2.srcs/sources_1/bd/design_1/ip/design_1_GreatestMaximumDivisor_0_0/src/Nexys4_Master.xdc:219]
Resolution: If [get_<value>] was used to populate the object, check to make sure this command returns at least one valid object.
WARNING: [Vivado 12-584] No ports matched 'JA[2]'. [c:/Users/Utilizador/Desktop/Universidade/4_ano/2_semestre/CR/Praticas/Aula3/Aula3_estudo_ex2/Aula3_estudo_ex2.srcs/sources_1/bd/design_1/ip/design_1_GreatestMaximumDivisor_0_0/src/Nexys4_Master.xdc:220]
CRITICAL WARNING: [Common 17-55] 'set_property' expects at least one object. [c:/Users/Utilizador/Desktop/Universidade/4_ano/2_semestre/CR/Praticas/Aula3/Aula3_estudo_ex2/Aula3_estudo_ex2.srcs/sources_1/bd/design_1/ip/design_1_GreatestMaximumDivisor_0_0/src/Nexys4_Master.xdc:220]
Resolution: If [get_<value>] was used to populate the object, check to make sure this command returns at least one valid object.
WARNING: [Vivado 12-584] No ports matched 'JA[3]'. [c:/Users/Utilizador/Desktop/Universidade/4_ano/2_semestre/CR/Praticas/Aula3/Aula3_estudo_ex2/Aula3_estudo_ex2.srcs/sources_1/bd/design_1/ip/design_1_GreatestMaximumDivisor_0_0/src/Nexys4_Master.xdc:222]
CRITICAL WARNING: [Common 17-55] 'set_property' expects at least one object. [c:/Users/Utilizador/Desktop/Universidade/4_ano/2_semestre/CR/Praticas/Aula3/Aula3_estudo_ex2/Aula3_estudo_ex2.srcs/sources_1/bd/design_1/ip/design_1_GreatestMaximumDivisor_0_0/src/Nexys4_Master.xdc:222]
Resolution: If [get_<value>] was used to populate the object, check to make sure this command returns at least one valid object.
WARNING: [Vivado 12-584] No ports matched 'JA[3]'. [c:/Users/Utilizador/Desktop/Universidade/4_ano/2_semestre/CR/Praticas/Aula3/Aula3_estudo_ex2/Aula3_estudo_ex2.srcs/sources_1/bd/design_1/ip/design_1_GreatestMaximumDivisor_0_0/src/Nexys4_Master.xdc:223]
CRITICAL WARNING: [Common 17-55] 'set_property' expects at least one object. [c:/Users/Utilizador/Desktop/Universidade/4_ano/2_semestre/CR/Praticas/Aula3/Aula3_estudo_ex2/Aula3_estudo_ex2.srcs/sources_1/bd/design_1/ip/design_1_GreatestMaximumDivisor_0_0/src/Nexys4_Master.xdc:223]
Resolution: If [get_<value>] was used to populate the object, check to make sure this command returns at least one valid object.
WARNING: [Vivado 12-584] No ports matched 'JA[4]'. [c:/Users/Utilizador/Desktop/Universidade/4_ano/2_semestre/CR/Praticas/Aula3/Aula3_estudo_ex2/Aula3_estudo_ex2.srcs/sources_1/bd/design_1/ip/design_1_GreatestMaximumDivisor_0_0/src/Nexys4_Master.xdc:225]
CRITICAL WARNING: [Common 17-55] 'set_property' expects at least one object. [c:/Users/Utilizador/Desktop/Universidade/4_ano/2_semestre/CR/Praticas/Aula3/Aula3_estudo_ex2/Aula3_estudo_ex2.srcs/sources_1/bd/design_1/ip/design_1_GreatestMaximumDivisor_0_0/src/Nexys4_Master.xdc:225]
Resolution: If [get_<value>] was used to populate the object, check to make sure this command returns at least one valid object.
WARNING: [Vivado 12-584] No ports matched 'JA[4]'. [c:/Users/Utilizador/Desktop/Universidade/4_ano/2_semestre/CR/Praticas/Aula3/Aula3_estudo_ex2/Aula3_estudo_ex2.srcs/sources_1/bd/design_1/ip/design_1_GreatestMaximumDivisor_0_0/src/Nexys4_Master.xdc:226]
CRITICAL WARNING: [Common 17-55] 'set_property' expects at least one object. [c:/Users/Utilizador/Desktop/Universidade/4_ano/2_semestre/CR/Praticas/Aula3/Aula3_estudo_ex2/Aula3_estudo_ex2.srcs/sources_1/bd/design_1/ip/design_1_GreatestMaximumDivisor_0_0/src/Nexys4_Master.xdc:226]
Resolution: If [get_<value>] was used to populate the object, check to make sure this command returns at least one valid object.
WARNING: [Vivado 12-584] No ports matched 'JA[5]'. [c:/Users/Utilizador/Desktop/Universidade/4_ano/2_semestre/CR/Praticas/Aula3/Aula3_estudo_ex2/Aula3_estudo_ex2.srcs/sources_1/bd/design_1/ip/design_1_GreatestMaximumDivisor_0_0/src/Nexys4_Master.xdc:228]
CRITICAL WARNING: [Common 17-55] 'set_property' expects at least one object. [c:/Users/Utilizador/Desktop/Universidade/4_ano/2_semestre/CR/Praticas/Aula3/Aula3_estudo_ex2/Aula3_estudo_ex2.srcs/sources_1/bd/design_1/ip/design_1_GreatestMaximumDivisor_0_0/src/Nexys4_Master.xdc:228]
Resolution: If [get_<value>] was used to populate the object, check to make sure this command returns at least one valid object.
WARNING: [Vivado 12-584] No ports matched 'JA[5]'. [c:/Users/Utilizador/Desktop/Universidade/4_ano/2_semestre/CR/Praticas/Aula3/Aula3_estudo_ex2/Aula3_estudo_ex2.srcs/sources_1/bd/design_1/ip/design_1_GreatestMaximumDivisor_0_0/src/Nexys4_Master.xdc:229]
CRITICAL WARNING: [Common 17-55] 'set_property' expects at least one object. [c:/Users/Utilizador/Desktop/Universidade/4_ano/2_semestre/CR/Praticas/Aula3/Aula3_estudo_ex2/Aula3_estudo_ex2.srcs/sources_1/bd/design_1/ip/design_1_GreatestMaximumDivisor_0_0/src/Nexys4_Master.xdc:229]
Resolution: If [get_<value>] was used to populate the object, check to make sure this command returns at least one valid object.
WARNING: [Vivado 12-584] No ports matched 'JA[6]'. [c:/Users/Utilizador/Desktop/Universidade/4_ano/2_semestre/CR/Praticas/Aula3/Aula3_estudo_ex2/Aula3_estudo_ex2.srcs/sources_1/bd/design_1/ip/design_1_GreatestMaximumDivisor_0_0/src/Nexys4_Master.xdc:231]
CRITICAL WARNING: [Common 17-55] 'set_property' expects at least one object. [c:/Users/Utilizador/Desktop/Universidade/4_ano/2_semestre/CR/Praticas/Aula3/Aula3_estudo_ex2/Aula3_estudo_ex2.srcs/sources_1/bd/design_1/ip/design_1_GreatestMaximumDivisor_0_0/src/Nexys4_Master.xdc:231]
Resolution: If [get_<value>] was used to populate the object, check to make sure this command returns at least one valid object.
WARNING: [Vivado 12-584] No ports matched 'JA[6]'. [c:/Users/Utilizador/Desktop/Universidade/4_ano/2_semestre/CR/Praticas/Aula3/Aula3_estudo_ex2/Aula3_estudo_ex2.srcs/sources_1/bd/design_1/ip/design_1_GreatestMaximumDivisor_0_0/src/Nexys4_Master.xdc:232]
CRITICAL WARNING: [Common 17-55] 'set_property' expects at least one object. [c:/Users/Utilizador/Desktop/Universidade/4_ano/2_semestre/CR/Praticas/Aula3/Aula3_estudo_ex2/Aula3_estudo_ex2.srcs/sources_1/bd/design_1/ip/design_1_GreatestMaximumDivisor_0_0/src/Nexys4_Master.xdc:232]
Resolution: If [get_<value>] was used to populate the object, check to make sure this command returns at least one valid object.
WARNING: [Vivado 12-584] No ports matched 'JA[7]'. [c:/Users/Utilizador/Desktop/Universidade/4_ano/2_semestre/CR/Praticas/Aula3/Aula3_estudo_ex2/Aula3_estudo_ex2.srcs/sources_1/bd/design_1/ip/design_1_GreatestMaximumDivisor_0_0/src/Nexys4_Master.xdc:234]
CRITICAL WARNING: [Common 17-55] 'set_property' expects at least one object. [c:/Users/Utilizador/Desktop/Universidade/4_ano/2_semestre/CR/Praticas/Aula3/Aula3_estudo_ex2/Aula3_estudo_ex2.srcs/sources_1/bd/design_1/ip/design_1_GreatestMaximumDivisor_0_0/src/Nexys4_Master.xdc:234]
Resolution: If [get_<value>] was used to populate the object, check to make sure this command returns at least one valid object.
WARNING: [Vivado 12-584] No ports matched 'JA[7]'. [c:/Users/Utilizador/Desktop/Universidade/4_ano/2_semestre/CR/Praticas/Aula3/Aula3_estudo_ex2/Aula3_estudo_ex2.srcs/sources_1/bd/design_1/ip/design_1_GreatestMaximumDivisor_0_0/src/Nexys4_Master.xdc:235]
CRITICAL WARNING: [Common 17-55] 'set_property' expects at least one object. [c:/Users/Utilizador/Desktop/Universidade/4_ano/2_semestre/CR/Praticas/Aula3/Aula3_estudo_ex2/Aula3_estudo_ex2.srcs/sources_1/bd/design_1/ip/design_1_GreatestMaximumDivisor_0_0/src/Nexys4_Master.xdc:235]
Resolution: If [get_<value>] was used to populate the object, check to make sure this command returns at least one valid object.
WARNING: [Vivado 12-584] No ports matched 'JB[0]'. [c:/Users/Utilizador/Desktop/Universidade/4_ano/2_semestre/CR/Praticas/Aula3/Aula3_estudo_ex2/Aula3_estudo_ex2.srcs/sources_1/bd/design_1/ip/design_1_GreatestMaximumDivisor_0_0/src/Nexys4_Master.xdc:241]
CRITICAL WARNING: [Common 17-55] 'set_property' expects at least one object. [c:/Users/Utilizador/Desktop/Universidade/4_ano/2_semestre/CR/Praticas/Aula3/Aula3_estudo_ex2/Aula3_estudo_ex2.srcs/sources_1/bd/design_1/ip/design_1_GreatestMaximumDivisor_0_0/src/Nexys4_Master.xdc:241]
Resolution: If [get_<value>] was used to populate the object, check to make sure this command returns at least one valid object.
WARNING: [Vivado 12-584] No ports matched 'JB[0]'. [c:/Users/Utilizador/Desktop/Universidade/4_ano/2_semestre/CR/Praticas/Aula3/Aula3_estudo_ex2/Aula3_estudo_ex2.srcs/sources_1/bd/design_1/ip/design_1_GreatestMaximumDivisor_0_0/src/Nexys4_Master.xdc:242]
INFO: [Common 17-14] Message 'Vivado 12-584' appears 100 times and further instances of the messages will be disabled. Use the Tcl command set_msg_config to change the current settings. [c:/Users/Utilizador/Desktop/Universidade/4_ano/2_semestre/CR/Praticas/Aula3/Aula3_estudo_ex2/Aula3_estudo_ex2.srcs/sources_1/bd/design_1/ip/design_1_GreatestMaximumDivisor_0_0/src/Nexys4_Master.xdc:242]
CRITICAL WARNING: [Common 17-55] 'set_property' expects at least one object. [c:/Users/Utilizador/Desktop/Universidade/4_ano/2_semestre/CR/Praticas/Aula3/Aula3_estudo_ex2/Aula3_estudo_ex2.srcs/sources_1/bd/design_1/ip/design_1_GreatestMaximumDivisor_0_0/src/Nexys4_Master.xdc:242]
Resolution: If [get_<value>] was used to populate the object, check to make sure this command returns at least one valid object.
Finished Parsing XDC File [c:/Users/Utilizador/Desktop/Universidade/4_ano/2_semestre/CR/Praticas/Aula3/Aula3_estudo_ex2/Aula3_estudo_ex2.srcs/sources_1/bd/design_1/ip/design_1_GreatestMaximumDivisor_0_0/src/Nexys4_Master.xdc] for cell 'U0'
INFO: [Project 1-236] Implementation specific constraints were found while reading constraint file [c:/Users/Utilizador/Desktop/Universidade/4_ano/2_semestre/CR/Praticas/Aula3/Aula3_estudo_ex2/Aula3_estudo_ex2.srcs/sources_1/bd/design_1/ip/design_1_GreatestMaximumDivisor_0_0/src/Nexys4_Master.xdc]. These constraints will be ignored for synthesis but will be used in implementation. Impacted constraints are listed in the file [.Xil/design_1_GreatestMaximumDivisor_0_0_propImpl.xdc].
Resolution: To avoid this warning, move constraints listed in [.Xil/design_1_GreatestMaximumDivisor_0_0_propImpl.xdc] to another XDC file and exclude this new file from synthesis with the used_in_synthesis property (File Properties dialog in GUI) and re-run elaboration/synthesis.
Parsing XDC File [C:/Users/Utilizador/Desktop/Universidade/4_ano/2_semestre/CR/Praticas/Aula3/Aula3_estudo_ex2/Aula3_estudo_ex2.runs/design_1_GreatestMaximumDivisor_0_0_synth_1/dont_touch.xdc]
Finished Parsing XDC File [C:/Users/Utilizador/Desktop/Universidade/4_ano/2_semestre/CR/Praticas/Aula3/Aula3_estudo_ex2/Aula3_estudo_ex2.runs/design_1_GreatestMaximumDivisor_0_0_synth_1/dont_touch.xdc]
Completed Processing XDC Constraints

INFO: [Project 1-111] Unisim Transformation Summary:
No Unisim elements were transformed.

Constraint Validation Runtime : Time (s): cpu = 00:00:00 ; elapsed = 00:00:00.011 . Memory (MB): peak = 629.164 ; gain = 0.000
---------------------------------------------------------------------------------
Finished Constraint Validation : Time (s): cpu = 00:00:28 ; elapsed = 00:00:34 . Memory (MB): peak = 629.164 ; gain = 418.734
---------------------------------------------------------------------------------
---------------------------------------------------------------------------------
Start Loading Part and Timing Information
---------------------------------------------------------------------------------
Loading part: xc7a100tcsg324-1
---------------------------------------------------------------------------------
Finished Loading Part and Timing Information : Time (s): cpu = 00:00:28 ; elapsed = 00:00:34 . Memory (MB): peak = 629.164 ; gain = 418.734
---------------------------------------------------------------------------------
---------------------------------------------------------------------------------
Start Applying 'set_property' XDC Constraints
---------------------------------------------------------------------------------
Applied set_property DONT_TOUCH = true for U0. (constraint file  auto generated constraint, line ).
---------------------------------------------------------------------------------
Finished applying 'set_property' XDC Constraints : Time (s): cpu = 00:00:28 ; elapsed = 00:00:34 . Memory (MB): peak = 629.164 ; gain = 418.734
---------------------------------------------------------------------------------
---------------------------------------------------------------------------------
Finished RTL Optimization Phase 2 : Time (s): cpu = 00:00:28 ; elapsed = 00:00:34 . Memory (MB): peak = 629.164 ; gain = 418.734
---------------------------------------------------------------------------------

Report RTL Partitions: 
+-+--------------+------------+----------+
| |RTL Partition |Replication |Instances |
+-+--------------+------------+----------+
+-+--------------+------------+----------+
---------------------------------------------------------------------------------
Start RTL Component Statistics 
---------------------------------------------------------------------------------
Detailed RTL Component Info : 
+---Registers : 
	                8 Bit    Registers := 3     
	                1 Bit    Registers := 1     
+---Muxes : 
	   2 Input      8 Bit        Muxes := 3     
	   2 Input      1 Bit        Muxes := 4     
---------------------------------------------------------------------------------
Finished RTL Component Statistics 
---------------------------------------------------------------------------------
---------------------------------------------------------------------------------
Start RTL Hierarchical Component Statistics 
---------------------------------------------------------------------------------
Hierarchical RTL Component report 
Module GreatestMaximumDivisor 
Detailed RTL Component Info : 
+---Registers : 
	                8 Bit    Registers := 3     
	                1 Bit    Registers := 1     
+---Muxes : 
	   2 Input      8 Bit        Muxes := 3     
	   2 Input      1 Bit        Muxes := 4     
---------------------------------------------------------------------------------
Finished RTL Hierarchical Component Statistics
---------------------------------------------------------------------------------
---------------------------------------------------------------------------------
Start Part Resource Summary
---------------------------------------------------------------------------------
Part Resources:
DSPs: 240 (col length:80)
BRAMs: 270 (col length: RAMB18 80 RAMB36 40)
---------------------------------------------------------------------------------
Finished Part Resource Summary
---------------------------------------------------------------------------------
---------------------------------------------------------------------------------
Start Cross Boundary and Area Optimization
---------------------------------------------------------------------------------
---------------------------------------------------------------------------------
Finished Cross Boundary and Area Optimization : Time (s): cpu = 00:00:29 ; elapsed = 00:00:35 . Memory (MB): peak = 629.164 ; gain = 418.734
---------------------------------------------------------------------------------

Report RTL Partitions: 
+-+--------------+------------+----------+
| |RTL Partition |Replication |Instances |
+-+--------------+------------+----------+
+-+--------------+------------+----------+
---------------------------------------------------------------------------------
Start Timing Optimization
---------------------------------------------------------------------------------
---------------------------------------------------------------------------------
Start Applying XDC Timing Constraints
---------------------------------------------------------------------------------
---------------------------------------------------------------------------------
Finished Applying XDC Timing Constraints : Time (s): cpu = 00:00:41 ; elapsed = 00:00:48 . Memory (MB): peak = 629.164 ; gain = 418.734
---------------------------------------------------------------------------------
---------------------------------------------------------------------------------
Finished Timing Optimization : Time (s): cpu = 00:00:42 ; elapsed = 00:00:48 . Memory (MB): peak = 629.164 ; gain = 418.734
---------------------------------------------------------------------------------

Report RTL Partitions: 
+-+--------------+------------+----------+
| |RTL Partition |Replication |Instances |
+-+--------------+------------+----------+
+-+--------------+------------+----------+
---------------------------------------------------------------------------------
Start Technology Mapping
---------------------------------------------------------------------------------
---------------------------------------------------------------------------------
Finished Technology Mapping : Time (s): cpu = 00:00:42 ; elapsed = 00:00:48 . Memory (MB): peak = 629.164 ; gain = 418.734
---------------------------------------------------------------------------------

Report RTL Partitions: 
+-+--------------+------------+----------+
| |RTL Partition |Replication |Instances |
+-+--------------+------------+----------+
+-+--------------+------------+----------+
---------------------------------------------------------------------------------
Start IO Insertion
---------------------------------------------------------------------------------
---------------------------------------------------------------------------------
Start Flattening Before IO Insertion
---------------------------------------------------------------------------------
---------------------------------------------------------------------------------
Finished Flattening Before IO Insertion
---------------------------------------------------------------------------------
---------------------------------------------------------------------------------
Start Final Netlist Cleanup
---------------------------------------------------------------------------------
---------------------------------------------------------------------------------
Finished Final Netlist Cleanup
---------------------------------------------------------------------------------
---------------------------------------------------------------------------------
Finished IO Insertion : Time (s): cpu = 00:00:44 ; elapsed = 00:00:50 . Memory (MB): peak = 629.164 ; gain = 418.734
---------------------------------------------------------------------------------

Report Check Netlist: 
+------+------------------+-------+---------+-------+------------------+
|      |Item              |Errors |Warnings |Status |Description       |
+------+------------------+-------+---------+-------+------------------+
|1     |multi_driven_nets |      0|        0|Passed |Multi driven nets |
+------+------------------+-------+---------+-------+------------------+
---------------------------------------------------------------------------------
Start Renaming Generated Instances
---------------------------------------------------------------------------------
---------------------------------------------------------------------------------
Finished Renaming Generated Instances : Time (s): cpu = 00:00:44 ; elapsed = 00:00:51 . Memory (MB): peak = 629.164 ; gain = 418.734
---------------------------------------------------------------------------------

Report RTL Partitions: 
+-+--------------+------------+----------+
| |RTL Partition |Replication |Instances |
+-+--------------+------------+----------+
+-+--------------+------------+----------+
---------------------------------------------------------------------------------
Start Rebuilding User Hierarchy
---------------------------------------------------------------------------------
---------------------------------------------------------------------------------
Finished Rebuilding User Hierarchy : Time (s): cpu = 00:00:44 ; elapsed = 00:00:51 . Memory (MB): peak = 629.164 ; gain = 418.734
---------------------------------------------------------------------------------
---------------------------------------------------------------------------------
Start Renaming Generated Ports
---------------------------------------------------------------------------------
---------------------------------------------------------------------------------
Finished Renaming Generated Ports : Time (s): cpu = 00:00:44 ; elapsed = 00:00:51 . Memory (MB): peak = 629.164 ; gain = 418.734
---------------------------------------------------------------------------------
---------------------------------------------------------------------------------
Start Handling Custom Attributes
---------------------------------------------------------------------------------
---------------------------------------------------------------------------------
Finished Handling Custom Attributes : Time (s): cpu = 00:00:44 ; elapsed = 00:00:51 . Memory (MB): peak = 629.164 ; gain = 418.734
---------------------------------------------------------------------------------
---------------------------------------------------------------------------------
Start Renaming Generated Nets
---------------------------------------------------------------------------------
---------------------------------------------------------------------------------
Finished Renaming Generated Nets : Time (s): cpu = 00:00:44 ; elapsed = 00:00:51 . Memory (MB): peak = 629.164 ; gain = 418.734
---------------------------------------------------------------------------------
---------------------------------------------------------------------------------
Start Writing Synthesis Report
---------------------------------------------------------------------------------

Report BlackBoxes: 
+-+--------------+----------+
| |BlackBox name |Instances |
+-+--------------+----------+
+-+--------------+----------+

Report Cell Usage: 
+------+-------+------+
|      |Cell   |Count |
+------+-------+------+
|1     |CARRY4 |    22|
|2     |LUT2   |     7|
|3     |LUT3   |    58|
|4     |LUT4   |    28|
|5     |LUT5   |    16|
|6     |LUT6   |    15|
|7     |FDRE   |    25|
+------+-------+------+

Report Instance Areas: 
+------+---------+-----------------------+------+
|      |Instance |Module                 |Cells |
+------+---------+-----------------------+------+
|1     |top      |                       |   171|
|2     |  U0     |GreatestMaximumDivisor |   171|
+------+---------+-----------------------+------+
---------------------------------------------------------------------------------
Finished Writing Synthesis Report : Time (s): cpu = 00:00:44 ; elapsed = 00:00:51 . Memory (MB): peak = 629.164 ; gain = 418.734
---------------------------------------------------------------------------------
Synthesis finished with 0 errors, 0 critical warnings and 0 warnings.
Synthesis Optimization Runtime : Time (s): cpu = 00:00:21 ; elapsed = 00:00:31 . Memory (MB): peak = 629.164 ; gain = 112.773
Synthesis Optimization Complete : Time (s): cpu = 00:00:45 ; elapsed = 00:00:51 . Memory (MB): peak = 629.164 ; gain = 418.734
INFO: [Project 1-571] Translating synthesized netlist
INFO: [Netlist 29-17] Analyzing 22 Unisim elements for replacement
INFO: [Netlist 29-28] Unisim Transformation completed in 0 CPU seconds
INFO: [Project 1-570] Preparing netlist for logic optimization
Parsing XDC File [c:/Users/Utilizador/Desktop/Universidade/4_ano/2_semestre/CR/Praticas/Aula3/Aula3_estudo_ex2/Aula3_estudo_ex2.srcs/sources_1/bd/design_1/ip/design_1_GreatestMaximumDivisor_0_0/src/Nexys4_Master.xdc] for cell 'U0'
Finished Parsing XDC File [c:/Users/Utilizador/Desktop/Universidade/4_ano/2_semestre/CR/Praticas/Aula3/Aula3_estudo_ex2/Aula3_estudo_ex2.srcs/sources_1/bd/design_1/ip/design_1_GreatestMaximumDivisor_0_0/src/Nexys4_Master.xdc] for cell 'U0'
INFO: [Opt 31-138] Pushed 0 inverter(s) to 0 load pin(s).
INFO: [Project 1-111] Unisim Transformation Summary:
No Unisim elements were transformed.

INFO: [Common 17-83] Releasing license: Synthesis
19 Infos, 100 Warnings, 100 Critical Warnings and 0 Errors encountered.
synth_design completed successfully
synth_design: Time (s): cpu = 00:00:43 ; elapsed = 00:00:46 . Memory (MB): peak = 629.164 ; gain = 415.727
INFO: [Common 17-1381] The checkpoint 'C:/Users/Utilizador/Desktop/Universidade/4_ano/2_semestre/CR/Praticas/Aula3/Aula3_estudo_ex2/Aula3_estudo_ex2.runs/design_1_GreatestMaximumDivisor_0_0_synth_1/design_1_GreatestMaximumDivisor_0_0.dcp' has been generated.
