#-----------------------------------------------------------
# Vivado v2016.4 (64-bit)
# SW Build 1756540 on Mon Jan 23 19:11:23 MST 2017
# IP Build 1755317 on Mon Jan 23 20:30:07 MST 2017
# Start of session at: Fri Mar 31 11:44:32 2017
# Process ID: 8224
# Current directory: C:/Users/Utilizador/Desktop/Universidade/4_ano/2_semestre/CR/Praticas/Aula5/aula5_ex3/aula5_ex3
# Command line: vivado.exe -gui_launcher_event rodinguilauncherevent14504 C:\Users\Utilizador\Desktop\Universidade\4_ano\2_semestre\CR\Praticas\Aula5\aula5_ex3\aula5_ex3\aula5_ex3.xpr
# Log file: C:/Users/Utilizador/Desktop/Universidade/4_ano/2_semestre/CR/Praticas/Aula5/aula5_ex3/aula5_ex3/vivado.log
# Journal file: C:/Users/Utilizador/Desktop/Universidade/4_ano/2_semestre/CR/Praticas/Aula5/aula5_ex3/aula5_ex3\vivado.jou
#-----------------------------------------------------------
start_gui
open_project C:/Users/Utilizador/Desktop/Universidade/4_ano/2_semestre/CR/Praticas/Aula5/aula5_ex3/aula5_ex3/aula5_ex3.xpr
INFO: [ProjectBase 1-489] The host OS only allows 260 characters in a normal path. The project is stored in a path with more than 80 characters. If you experience issues with IP, Block Designs, or files not being found, please consider moving the project to a location with a shorter path. Alternately consider using the OS subst command to map part of the path to a drive letter.
Current project path is 'C:/Users/Utilizador/Desktop/Universidade/4_ano/2_semestre/CR/Praticas/Aula5/aula5_ex3/aula5_ex3'
INFO: [Project 1-313] Project file moved from 'C:/Users/fmcta/Desktop/aula5_ex3' since last save.
CRITICAL WARNING: [Project 1-311] Could not find the file 'C:/Users/Utilizador/Desktop/Universidade/4_ano/2_semestre/CR/users/fmcta/component.xml', nor could it be found using path 'C:/users/fmcta/component.xml'.
CRITICAL WARNING: [Project 1-311] Could not find the file 'C:/Users/Utilizador/Desktop/Universidade/4_ano/2_semestre/CR/Praticas/Aula5/aula5_ex3/gen/word_aula5.coe', nor could it be found using path 'C:/Users/fmcta/Desktop/gen/word_aula5.coe'.
CRITICAL WARNING: [Project 1-311] Could not find the file 'C:/Users/Utilizador/Desktop/Universidade/4_ano/2_semestre/CR/Praticas/Aula5/aula5_ex3/Filipe/Universidade/CR/Nexys4_Master.xdc', nor could it be found using path 'C:/Users/fmcta/Desktop/Filipe/Universidade/CR/Nexys4_Master.xdc'.
Scanning sources...
Finished scanning sources
WARNING: [filemgmt 56-2] IP Repository Path: Could not find the directory 'C:/Users/Utilizador/Desktop/Universidade/4_ano/2_semestre/CR/users/fmcta', nor could it be found using path 'C:/users/fmcta'.
WARNING: [filemgmt 56-2] IP Repository Path: Could not find the directory 'C:/Users/Utilizador/Desktop/Universidade/4_ano/2_semestre/CR/users/fmcta/hamming', nor could it be found using path 'C:/users/fmcta/hamming'.
INFO: [IP_Flow 19-234] Refreshing IP repositories
WARNING: [IP_Flow 19-2248] Failed to load user IP repository 'c:/Users/Utilizador/Desktop/Universidade/4_ano/2_semestre/CR/users/fmcta'; Can't find the specified path.
If this directory should no longer be in your list of user repositories, go to the IP Settings dialog and remove it.
WARNING: [IP_Flow 19-3685] Ignored loading user repository 'c:/Users/Utilizador/Desktop/Universidade/4_ano/2_semestre/CR/users/fmcta/hamming'. The path is contained within another repository.
INFO: [IP_Flow 19-2313] Loaded Vivado IP repository 'C:/Xilinx/Vivado/2016.4/data/ip'.
IWARNING: [BD 41-1661] One or more IPs have been locked in the design 'ex3.bd'. Please run report_ip_status for more details and recommendations on how to fix this issue.
List of locked IPs:
ex3_Hamming_0_0
ex3_clock_divider_1hz_0_0
ex3_BinToBCD16_0_0
ex3_EightDispControl_0_0
ex3_addr_select_0_0

open_project: Time (s): cpu = 00:00:48 ; elapsed = 00:01:08 . Memory (MB): peak = 747.191 ; gain = 132.559
open_bd_design {C:/Users/Utilizador/Desktop/Universidade/4_ano/2_semestre/CR/Praticas/Aula5/aula5_ex3/aula5_ex3/aula5_ex3.srcs/sources_1/bd/ex3/ex3.bd}
Adding cell -- xilinx.com:ip:blk_mem_gen:8.3 - blk_mem_gen_0
Adding cell -- xilinx.com:user:Hamming:1.0 - Hamming_0
Adding cell -- xilinx.com:user:BinToBCD16:1.0 - BinToBCD16_0
Adding cell -- xilinx.com:user:addr_select:1.0 - addr_select_0
Adding cell -- ua.pt:user:EightDispControl:1.0 - EightDispControl_0
Adding cell -- xilinx.com:user:clock_divider_1hz:1.0 - clock_divider_1hz_0
Adding cell -- xilinx.com:ip:xlconstant:1.1 - xlconstant_0
Adding cell -- xilinx.com:ip:xlconstant:1.1 - xlconstant_1
Adding cell -- xilinx.com:ip:xlconstant:1.1 - xlconstant_2
Successfully read diagram <ex3> from BD file <C:/Users/Utilizador/Desktop/Universidade/4_ano/2_semestre/CR/Praticas/Aula5/aula5_ex3/aula5_ex3/aula5_ex3.srcs/sources_1/bd/ex3/ex3.bd>
open_bd_design: Time (s): cpu = 00:00:33 ; elapsed = 00:00:30 . Memory (MB): peak = 835.336 ; gain = 38.922
startgroup
create_bd_cell -type ip -vlnv xilinx.com:ip:c_counter_binary:12.0 c_counter_binary_0
endgroup
delete_bd_objs [get_bd_cells c_counter_binary_0]
save_bd_design
Wrote  : <C:/Users/Utilizador/Desktop/Universidade/4_ano/2_semestre/CR/Praticas/Aula5/aula5_ex3/aula5_ex3/aula5_ex3.srcs/sources_1/bd/ex3/ex3.bd> 
Wrote  : <C:/Users/Utilizador/Desktop/Universidade/4_ano/2_semestre/CR/Praticas/Aula5/aula5_ex3/aula5_ex3/aula5_ex3.srcs/sources_1/bd/ex3/ui/bd_b4bf7760.ui> 
exit
INFO: [Common 17-206] Exiting Vivado at Fri Mar 31 11:55:26 2017...
