
*** Running vivado
    with args -log ex4_Average_0_1.vds -m64 -product Vivado -mode batch -messageDb vivado.pb -notrace -source ex4_Average_0_1.tcl


****** Vivado v2016.4 (64-bit)
  **** SW Build 1756540 on Mon Jan 23 19:11:23 MST 2017
  **** IP Build 1755317 on Mon Jan 23 20:30:07 MST 2017
    ** Copyright 1986-2016 Xilinx, Inc. All Rights Reserved.

source ex4_Average_0_1.tcl -notrace
Command: synth_design -top ex4_Average_0_1 -part xc7a100tcsg324-1 -mode out_of_context
Starting synth_design
Attempting to get a license for feature 'Synthesis' and/or device 'xc7a100t'
INFO: [Common 17-349] Got license for feature 'Synthesis' and/or device 'xc7a100t'
INFO: Launching helper process for spawning children vivado processes
INFO: Helper process launched with PID 9380 
---------------------------------------------------------------------------------
Starting RTL Elaboration : Time (s): cpu = 00:00:11 ; elapsed = 00:00:16 . Memory (MB): peak = 290.563 ; gain = 80.938
---------------------------------------------------------------------------------
INFO: [Synth 8-638] synthesizing module 'ex4_Average_0_1' [c:/Users/fmcta/Desktop/CR/aula6/ex4/ex4.srcs/sources_1/bd/ex4/ip/ex4_Average_0_1/synth/ex4_Average_0_1.vhd:65]
	Parameter number_of_bits bound to: 8 - type: integer 
INFO: [Synth 8-3491] module 'Average' declared at 'c:/Users/fmcta/Desktop/CR/aula6/ex4/ex4.srcs/sources_1/bd/ex4/ipshared/2a40/src/Average.vhd:36' bound to instance 'U0' of component 'Average' [c:/Users/fmcta/Desktop/CR/aula6/ex4/ex4.srcs/sources_1/bd/ex4/ip/ex4_Average_0_1/synth/ex4_Average_0_1.vhd:88]
INFO: [Synth 8-638] synthesizing module 'Average' [c:/Users/fmcta/Desktop/CR/aula6/ex4/ex4.srcs/sources_1/bd/ex4/ipshared/2a40/src/Average.vhd:44]
	Parameter number_of_bits bound to: 8 - type: integer 
INFO: [Synth 8-256] done synthesizing module 'Average' (1#1) [c:/Users/fmcta/Desktop/CR/aula6/ex4/ex4.srcs/sources_1/bd/ex4/ipshared/2a40/src/Average.vhd:44]
INFO: [Synth 8-256] done synthesizing module 'ex4_Average_0_1' (2#1) [c:/Users/fmcta/Desktop/CR/aula6/ex4/ex4.srcs/sources_1/bd/ex4/ip/ex4_Average_0_1/synth/ex4_Average_0_1.vhd:65]
---------------------------------------------------------------------------------
Finished RTL Elaboration : Time (s): cpu = 00:00:12 ; elapsed = 00:00:17 . Memory (MB): peak = 328.086 ; gain = 118.461
---------------------------------------------------------------------------------

Report Check Netlist: 
+------+------------------+-------+---------+-------+------------------+
|      |Item              |Errors |Warnings |Status |Description       |
+------+------------------+-------+---------+-------+------------------+
|1     |multi_driven_nets |      0|        0|Passed |Multi driven nets |
+------+------------------+-------+---------+-------+------------------+
---------------------------------------------------------------------------------
Finished RTL Optimization Phase 1 : Time (s): cpu = 00:00:12 ; elapsed = 00:00:18 . Memory (MB): peak = 328.086 ; gain = 118.461
---------------------------------------------------------------------------------
INFO: [Device 21-403] Loading part xc7a100tcsg324-1
INFO: [Project 1-570] Preparing netlist for logic optimization

Processing XDC Constraints
Initializing timing engine
Parsing XDC File [c:/Users/fmcta/Desktop/CR/aula6/ex4/ex4.srcs/sources_1/bd/ex4/ip/ex4_Average_0_1/src/Nexys4_Master.xdc] for cell 'U0'
WARNING: [Vivado 12-584] No ports matched 'sw[0]'. [c:/Users/fmcta/Desktop/CR/aula6/ex4/ex4.srcs/sources_1/bd/ex4/ip/ex4_Average_0_1/src/Nexys4_Master.xdc:14]
CRITICAL WARNING: [Common 17-55] 'set_property' expects at least one object. [c:/Users/fmcta/Desktop/CR/aula6/ex4/ex4.srcs/sources_1/bd/ex4/ip/ex4_Average_0_1/src/Nexys4_Master.xdc:14]
Resolution: If [get_<value>] was used to populate the object, check to make sure this command returns at least one valid object.
WARNING: [Vivado 12-584] No ports matched 'sw[0]'. [c:/Users/fmcta/Desktop/CR/aula6/ex4/ex4.srcs/sources_1/bd/ex4/ip/ex4_Average_0_1/src/Nexys4_Master.xdc:15]
CRITICAL WARNING: [Common 17-55] 'set_property' expects at least one object. [c:/Users/fmcta/Desktop/CR/aula6/ex4/ex4.srcs/sources_1/bd/ex4/ip/ex4_Average_0_1/src/Nexys4_Master.xdc:15]
Resolution: If [get_<value>] was used to populate the object, check to make sure this command returns at least one valid object.
WARNING: [Vivado 12-584] No ports matched 'sw[1]'. [c:/Users/fmcta/Desktop/CR/aula6/ex4/ex4.srcs/sources_1/bd/ex4/ip/ex4_Average_0_1/src/Nexys4_Master.xdc:17]
CRITICAL WARNING: [Common 17-55] 'set_property' expects at least one object. [c:/Users/fmcta/Desktop/CR/aula6/ex4/ex4.srcs/sources_1/bd/ex4/ip/ex4_Average_0_1/src/Nexys4_Master.xdc:17]
Resolution: If [get_<value>] was used to populate the object, check to make sure this command returns at least one valid object.
WARNING: [Vivado 12-584] No ports matched 'sw[1]'. [c:/Users/fmcta/Desktop/CR/aula6/ex4/ex4.srcs/sources_1/bd/ex4/ip/ex4_Average_0_1/src/Nexys4_Master.xdc:18]
CRITICAL WARNING: [Common 17-55] 'set_property' expects at least one object. [c:/Users/fmcta/Desktop/CR/aula6/ex4/ex4.srcs/sources_1/bd/ex4/ip/ex4_Average_0_1/src/Nexys4_Master.xdc:18]
Resolution: If [get_<value>] was used to populate the object, check to make sure this command returns at least one valid object.
WARNING: [Vivado 12-584] No ports matched 'sw[2]'. [c:/Users/fmcta/Desktop/CR/aula6/ex4/ex4.srcs/sources_1/bd/ex4/ip/ex4_Average_0_1/src/Nexys4_Master.xdc:20]
CRITICAL WARNING: [Common 17-55] 'set_property' expects at least one object. [c:/Users/fmcta/Desktop/CR/aula6/ex4/ex4.srcs/sources_1/bd/ex4/ip/ex4_Average_0_1/src/Nexys4_Master.xdc:20]
Resolution: If [get_<value>] was used to populate the object, check to make sure this command returns at least one valid object.
WARNING: [Vivado 12-584] No ports matched 'sw[2]'. [c:/Users/fmcta/Desktop/CR/aula6/ex4/ex4.srcs/sources_1/bd/ex4/ip/ex4_Average_0_1/src/Nexys4_Master.xdc:21]
CRITICAL WARNING: [Common 17-55] 'set_property' expects at least one object. [c:/Users/fmcta/Desktop/CR/aula6/ex4/ex4.srcs/sources_1/bd/ex4/ip/ex4_Average_0_1/src/Nexys4_Master.xdc:21]
Resolution: If [get_<value>] was used to populate the object, check to make sure this command returns at least one valid object.
WARNING: [Vivado 12-584] No ports matched 'sw[3]'. [c:/Users/fmcta/Desktop/CR/aula6/ex4/ex4.srcs/sources_1/bd/ex4/ip/ex4_Average_0_1/src/Nexys4_Master.xdc:23]
CRITICAL WARNING: [Common 17-55] 'set_property' expects at least one object. [c:/Users/fmcta/Desktop/CR/aula6/ex4/ex4.srcs/sources_1/bd/ex4/ip/ex4_Average_0_1/src/Nexys4_Master.xdc:23]
Resolution: If [get_<value>] was used to populate the object, check to make sure this command returns at least one valid object.
WARNING: [Vivado 12-584] No ports matched 'sw[3]'. [c:/Users/fmcta/Desktop/CR/aula6/ex4/ex4.srcs/sources_1/bd/ex4/ip/ex4_Average_0_1/src/Nexys4_Master.xdc:24]
CRITICAL WARNING: [Common 17-55] 'set_property' expects at least one object. [c:/Users/fmcta/Desktop/CR/aula6/ex4/ex4.srcs/sources_1/bd/ex4/ip/ex4_Average_0_1/src/Nexys4_Master.xdc:24]
Resolution: If [get_<value>] was used to populate the object, check to make sure this command returns at least one valid object.
WARNING: [Vivado 12-584] No ports matched 'sw[4]'. [c:/Users/fmcta/Desktop/CR/aula6/ex4/ex4.srcs/sources_1/bd/ex4/ip/ex4_Average_0_1/src/Nexys4_Master.xdc:26]
CRITICAL WARNING: [Common 17-55] 'set_property' expects at least one object. [c:/Users/fmcta/Desktop/CR/aula6/ex4/ex4.srcs/sources_1/bd/ex4/ip/ex4_Average_0_1/src/Nexys4_Master.xdc:26]
Resolution: If [get_<value>] was used to populate the object, check to make sure this command returns at least one valid object.
WARNING: [Vivado 12-584] No ports matched 'sw[4]'. [c:/Users/fmcta/Desktop/CR/aula6/ex4/ex4.srcs/sources_1/bd/ex4/ip/ex4_Average_0_1/src/Nexys4_Master.xdc:27]
CRITICAL WARNING: [Common 17-55] 'set_property' expects at least one object. [c:/Users/fmcta/Desktop/CR/aula6/ex4/ex4.srcs/sources_1/bd/ex4/ip/ex4_Average_0_1/src/Nexys4_Master.xdc:27]
Resolution: If [get_<value>] was used to populate the object, check to make sure this command returns at least one valid object.
WARNING: [Vivado 12-584] No ports matched 'sw[5]'. [c:/Users/fmcta/Desktop/CR/aula6/ex4/ex4.srcs/sources_1/bd/ex4/ip/ex4_Average_0_1/src/Nexys4_Master.xdc:29]
CRITICAL WARNING: [Common 17-55] 'set_property' expects at least one object. [c:/Users/fmcta/Desktop/CR/aula6/ex4/ex4.srcs/sources_1/bd/ex4/ip/ex4_Average_0_1/src/Nexys4_Master.xdc:29]
Resolution: If [get_<value>] was used to populate the object, check to make sure this command returns at least one valid object.
WARNING: [Vivado 12-584] No ports matched 'sw[5]'. [c:/Users/fmcta/Desktop/CR/aula6/ex4/ex4.srcs/sources_1/bd/ex4/ip/ex4_Average_0_1/src/Nexys4_Master.xdc:30]
CRITICAL WARNING: [Common 17-55] 'set_property' expects at least one object. [c:/Users/fmcta/Desktop/CR/aula6/ex4/ex4.srcs/sources_1/bd/ex4/ip/ex4_Average_0_1/src/Nexys4_Master.xdc:30]
Resolution: If [get_<value>] was used to populate the object, check to make sure this command returns at least one valid object.
WARNING: [Vivado 12-584] No ports matched 'sw[6]'. [c:/Users/fmcta/Desktop/CR/aula6/ex4/ex4.srcs/sources_1/bd/ex4/ip/ex4_Average_0_1/src/Nexys4_Master.xdc:32]
CRITICAL WARNING: [Common 17-55] 'set_property' expects at least one object. [c:/Users/fmcta/Desktop/CR/aula6/ex4/ex4.srcs/sources_1/bd/ex4/ip/ex4_Average_0_1/src/Nexys4_Master.xdc:32]
Resolution: If [get_<value>] was used to populate the object, check to make sure this command returns at least one valid object.
WARNING: [Vivado 12-584] No ports matched 'sw[6]'. [c:/Users/fmcta/Desktop/CR/aula6/ex4/ex4.srcs/sources_1/bd/ex4/ip/ex4_Average_0_1/src/Nexys4_Master.xdc:33]
CRITICAL WARNING: [Common 17-55] 'set_property' expects at least one object. [c:/Users/fmcta/Desktop/CR/aula6/ex4/ex4.srcs/sources_1/bd/ex4/ip/ex4_Average_0_1/src/Nexys4_Master.xdc:33]
Resolution: If [get_<value>] was used to populate the object, check to make sure this command returns at least one valid object.
WARNING: [Vivado 12-584] No ports matched 'sw[7]'. [c:/Users/fmcta/Desktop/CR/aula6/ex4/ex4.srcs/sources_1/bd/ex4/ip/ex4_Average_0_1/src/Nexys4_Master.xdc:35]
CRITICAL WARNING: [Common 17-55] 'set_property' expects at least one object. [c:/Users/fmcta/Desktop/CR/aula6/ex4/ex4.srcs/sources_1/bd/ex4/ip/ex4_Average_0_1/src/Nexys4_Master.xdc:35]
Resolution: If [get_<value>] was used to populate the object, check to make sure this command returns at least one valid object.
WARNING: [Vivado 12-584] No ports matched 'sw[7]'. [c:/Users/fmcta/Desktop/CR/aula6/ex4/ex4.srcs/sources_1/bd/ex4/ip/ex4_Average_0_1/src/Nexys4_Master.xdc:36]
CRITICAL WARNING: [Common 17-55] 'set_property' expects at least one object. [c:/Users/fmcta/Desktop/CR/aula6/ex4/ex4.srcs/sources_1/bd/ex4/ip/ex4_Average_0_1/src/Nexys4_Master.xdc:36]
Resolution: If [get_<value>] was used to populate the object, check to make sure this command returns at least one valid object.
WARNING: [Vivado 12-584] No ports matched 'sw[8]'. [c:/Users/fmcta/Desktop/CR/aula6/ex4/ex4.srcs/sources_1/bd/ex4/ip/ex4_Average_0_1/src/Nexys4_Master.xdc:38]
CRITICAL WARNING: [Common 17-55] 'set_property' expects at least one object. [c:/Users/fmcta/Desktop/CR/aula6/ex4/ex4.srcs/sources_1/bd/ex4/ip/ex4_Average_0_1/src/Nexys4_Master.xdc:38]
Resolution: If [get_<value>] was used to populate the object, check to make sure this command returns at least one valid object.
WARNING: [Vivado 12-584] No ports matched 'sw[8]'. [c:/Users/fmcta/Desktop/CR/aula6/ex4/ex4.srcs/sources_1/bd/ex4/ip/ex4_Average_0_1/src/Nexys4_Master.xdc:39]
CRITICAL WARNING: [Common 17-55] 'set_property' expects at least one object. [c:/Users/fmcta/Desktop/CR/aula6/ex4/ex4.srcs/sources_1/bd/ex4/ip/ex4_Average_0_1/src/Nexys4_Master.xdc:39]
Resolution: If [get_<value>] was used to populate the object, check to make sure this command returns at least one valid object.
WARNING: [Vivado 12-584] No ports matched 'sw[9]'. [c:/Users/fmcta/Desktop/CR/aula6/ex4/ex4.srcs/sources_1/bd/ex4/ip/ex4_Average_0_1/src/Nexys4_Master.xdc:41]
CRITICAL WARNING: [Common 17-55] 'set_property' expects at least one object. [c:/Users/fmcta/Desktop/CR/aula6/ex4/ex4.srcs/sources_1/bd/ex4/ip/ex4_Average_0_1/src/Nexys4_Master.xdc:41]
Resolution: If [get_<value>] was used to populate the object, check to make sure this command returns at least one valid object.
WARNING: [Vivado 12-584] No ports matched 'sw[9]'. [c:/Users/fmcta/Desktop/CR/aula6/ex4/ex4.srcs/sources_1/bd/ex4/ip/ex4_Average_0_1/src/Nexys4_Master.xdc:42]
CRITICAL WARNING: [Common 17-55] 'set_property' expects at least one object. [c:/Users/fmcta/Desktop/CR/aula6/ex4/ex4.srcs/sources_1/bd/ex4/ip/ex4_Average_0_1/src/Nexys4_Master.xdc:42]
Resolution: If [get_<value>] was used to populate the object, check to make sure this command returns at least one valid object.
WARNING: [Vivado 12-584] No ports matched 'sw[10]'. [c:/Users/fmcta/Desktop/CR/aula6/ex4/ex4.srcs/sources_1/bd/ex4/ip/ex4_Average_0_1/src/Nexys4_Master.xdc:44]
CRITICAL WARNING: [Common 17-55] 'set_property' expects at least one object. [c:/Users/fmcta/Desktop/CR/aula6/ex4/ex4.srcs/sources_1/bd/ex4/ip/ex4_Average_0_1/src/Nexys4_Master.xdc:44]
Resolution: If [get_<value>] was used to populate the object, check to make sure this command returns at least one valid object.
WARNING: [Vivado 12-584] No ports matched 'sw[10]'. [c:/Users/fmcta/Desktop/CR/aula6/ex4/ex4.srcs/sources_1/bd/ex4/ip/ex4_Average_0_1/src/Nexys4_Master.xdc:45]
CRITICAL WARNING: [Common 17-55] 'set_property' expects at least one object. [c:/Users/fmcta/Desktop/CR/aula6/ex4/ex4.srcs/sources_1/bd/ex4/ip/ex4_Average_0_1/src/Nexys4_Master.xdc:45]
Resolution: If [get_<value>] was used to populate the object, check to make sure this command returns at least one valid object.
WARNING: [Vivado 12-584] No ports matched 'sw[11]'. [c:/Users/fmcta/Desktop/CR/aula6/ex4/ex4.srcs/sources_1/bd/ex4/ip/ex4_Average_0_1/src/Nexys4_Master.xdc:47]
CRITICAL WARNING: [Common 17-55] 'set_property' expects at least one object. [c:/Users/fmcta/Desktop/CR/aula6/ex4/ex4.srcs/sources_1/bd/ex4/ip/ex4_Average_0_1/src/Nexys4_Master.xdc:47]
Resolution: If [get_<value>] was used to populate the object, check to make sure this command returns at least one valid object.
WARNING: [Vivado 12-584] No ports matched 'sw[11]'. [c:/Users/fmcta/Desktop/CR/aula6/ex4/ex4.srcs/sources_1/bd/ex4/ip/ex4_Average_0_1/src/Nexys4_Master.xdc:48]
CRITICAL WARNING: [Common 17-55] 'set_property' expects at least one object. [c:/Users/fmcta/Desktop/CR/aula6/ex4/ex4.srcs/sources_1/bd/ex4/ip/ex4_Average_0_1/src/Nexys4_Master.xdc:48]
Resolution: If [get_<value>] was used to populate the object, check to make sure this command returns at least one valid object.
WARNING: [Vivado 12-584] No ports matched 'sw[12]'. [c:/Users/fmcta/Desktop/CR/aula6/ex4/ex4.srcs/sources_1/bd/ex4/ip/ex4_Average_0_1/src/Nexys4_Master.xdc:50]
CRITICAL WARNING: [Common 17-55] 'set_property' expects at least one object. [c:/Users/fmcta/Desktop/CR/aula6/ex4/ex4.srcs/sources_1/bd/ex4/ip/ex4_Average_0_1/src/Nexys4_Master.xdc:50]
Resolution: If [get_<value>] was used to populate the object, check to make sure this command returns at least one valid object.
WARNING: [Vivado 12-584] No ports matched 'sw[12]'. [c:/Users/fmcta/Desktop/CR/aula6/ex4/ex4.srcs/sources_1/bd/ex4/ip/ex4_Average_0_1/src/Nexys4_Master.xdc:51]
CRITICAL WARNING: [Common 17-55] 'set_property' expects at least one object. [c:/Users/fmcta/Desktop/CR/aula6/ex4/ex4.srcs/sources_1/bd/ex4/ip/ex4_Average_0_1/src/Nexys4_Master.xdc:51]
Resolution: If [get_<value>] was used to populate the object, check to make sure this command returns at least one valid object.
WARNING: [Vivado 12-584] No ports matched 'sw[13]'. [c:/Users/fmcta/Desktop/CR/aula6/ex4/ex4.srcs/sources_1/bd/ex4/ip/ex4_Average_0_1/src/Nexys4_Master.xdc:53]
CRITICAL WARNING: [Common 17-55] 'set_property' expects at least one object. [c:/Users/fmcta/Desktop/CR/aula6/ex4/ex4.srcs/sources_1/bd/ex4/ip/ex4_Average_0_1/src/Nexys4_Master.xdc:53]
Resolution: If [get_<value>] was used to populate the object, check to make sure this command returns at least one valid object.
WARNING: [Vivado 12-584] No ports matched 'sw[13]'. [c:/Users/fmcta/Desktop/CR/aula6/ex4/ex4.srcs/sources_1/bd/ex4/ip/ex4_Average_0_1/src/Nexys4_Master.xdc:54]
CRITICAL WARNING: [Common 17-55] 'set_property' expects at least one object. [c:/Users/fmcta/Desktop/CR/aula6/ex4/ex4.srcs/sources_1/bd/ex4/ip/ex4_Average_0_1/src/Nexys4_Master.xdc:54]
Resolution: If [get_<value>] was used to populate the object, check to make sure this command returns at least one valid object.
WARNING: [Vivado 12-584] No ports matched 'sw[14]'. [c:/Users/fmcta/Desktop/CR/aula6/ex4/ex4.srcs/sources_1/bd/ex4/ip/ex4_Average_0_1/src/Nexys4_Master.xdc:56]
CRITICAL WARNING: [Common 17-55] 'set_property' expects at least one object. [c:/Users/fmcta/Desktop/CR/aula6/ex4/ex4.srcs/sources_1/bd/ex4/ip/ex4_Average_0_1/src/Nexys4_Master.xdc:56]
Resolution: If [get_<value>] was used to populate the object, check to make sure this command returns at least one valid object.
WARNING: [Vivado 12-584] No ports matched 'sw[14]'. [c:/Users/fmcta/Desktop/CR/aula6/ex4/ex4.srcs/sources_1/bd/ex4/ip/ex4_Average_0_1/src/Nexys4_Master.xdc:57]
CRITICAL WARNING: [Common 17-55] 'set_property' expects at least one object. [c:/Users/fmcta/Desktop/CR/aula6/ex4/ex4.srcs/sources_1/bd/ex4/ip/ex4_Average_0_1/src/Nexys4_Master.xdc:57]
Resolution: If [get_<value>] was used to populate the object, check to make sure this command returns at least one valid object.
WARNING: [Vivado 12-584] No ports matched 'sw[15]'. [c:/Users/fmcta/Desktop/CR/aula6/ex4/ex4.srcs/sources_1/bd/ex4/ip/ex4_Average_0_1/src/Nexys4_Master.xdc:59]
CRITICAL WARNING: [Common 17-55] 'set_property' expects at least one object. [c:/Users/fmcta/Desktop/CR/aula6/ex4/ex4.srcs/sources_1/bd/ex4/ip/ex4_Average_0_1/src/Nexys4_Master.xdc:59]
Resolution: If [get_<value>] was used to populate the object, check to make sure this command returns at least one valid object.
WARNING: [Vivado 12-584] No ports matched 'sw[15]'. [c:/Users/fmcta/Desktop/CR/aula6/ex4/ex4.srcs/sources_1/bd/ex4/ip/ex4_Average_0_1/src/Nexys4_Master.xdc:60]
CRITICAL WARNING: [Common 17-55] 'set_property' expects at least one object. [c:/Users/fmcta/Desktop/CR/aula6/ex4/ex4.srcs/sources_1/bd/ex4/ip/ex4_Average_0_1/src/Nexys4_Master.xdc:60]
Resolution: If [get_<value>] was used to populate the object, check to make sure this command returns at least one valid object.
WARNING: [Vivado 12-584] No ports matched 'led[0]'. [c:/Users/fmcta/Desktop/CR/aula6/ex4/ex4.srcs/sources_1/bd/ex4/ip/ex4_Average_0_1/src/Nexys4_Master.xdc:66]
CRITICAL WARNING: [Common 17-55] 'set_property' expects at least one object. [c:/Users/fmcta/Desktop/CR/aula6/ex4/ex4.srcs/sources_1/bd/ex4/ip/ex4_Average_0_1/src/Nexys4_Master.xdc:66]
Resolution: If [get_<value>] was used to populate the object, check to make sure this command returns at least one valid object.
WARNING: [Vivado 12-584] No ports matched 'led[0]'. [c:/Users/fmcta/Desktop/CR/aula6/ex4/ex4.srcs/sources_1/bd/ex4/ip/ex4_Average_0_1/src/Nexys4_Master.xdc:67]
CRITICAL WARNING: [Common 17-55] 'set_property' expects at least one object. [c:/Users/fmcta/Desktop/CR/aula6/ex4/ex4.srcs/sources_1/bd/ex4/ip/ex4_Average_0_1/src/Nexys4_Master.xdc:67]
Resolution: If [get_<value>] was used to populate the object, check to make sure this command returns at least one valid object.
WARNING: [Vivado 12-584] No ports matched 'led[1]'. [c:/Users/fmcta/Desktop/CR/aula6/ex4/ex4.srcs/sources_1/bd/ex4/ip/ex4_Average_0_1/src/Nexys4_Master.xdc:69]
CRITICAL WARNING: [Common 17-55] 'set_property' expects at least one object. [c:/Users/fmcta/Desktop/CR/aula6/ex4/ex4.srcs/sources_1/bd/ex4/ip/ex4_Average_0_1/src/Nexys4_Master.xdc:69]
Resolution: If [get_<value>] was used to populate the object, check to make sure this command returns at least one valid object.
WARNING: [Vivado 12-584] No ports matched 'led[1]'. [c:/Users/fmcta/Desktop/CR/aula6/ex4/ex4.srcs/sources_1/bd/ex4/ip/ex4_Average_0_1/src/Nexys4_Master.xdc:70]
CRITICAL WARNING: [Common 17-55] 'set_property' expects at least one object. [c:/Users/fmcta/Desktop/CR/aula6/ex4/ex4.srcs/sources_1/bd/ex4/ip/ex4_Average_0_1/src/Nexys4_Master.xdc:70]
Resolution: If [get_<value>] was used to populate the object, check to make sure this command returns at least one valid object.
WARNING: [Vivado 12-584] No ports matched 'led[2]'. [c:/Users/fmcta/Desktop/CR/aula6/ex4/ex4.srcs/sources_1/bd/ex4/ip/ex4_Average_0_1/src/Nexys4_Master.xdc:72]
CRITICAL WARNING: [Common 17-55] 'set_property' expects at least one object. [c:/Users/fmcta/Desktop/CR/aula6/ex4/ex4.srcs/sources_1/bd/ex4/ip/ex4_Average_0_1/src/Nexys4_Master.xdc:72]
Resolution: If [get_<value>] was used to populate the object, check to make sure this command returns at least one valid object.
WARNING: [Vivado 12-584] No ports matched 'led[2]'. [c:/Users/fmcta/Desktop/CR/aula6/ex4/ex4.srcs/sources_1/bd/ex4/ip/ex4_Average_0_1/src/Nexys4_Master.xdc:73]
CRITICAL WARNING: [Common 17-55] 'set_property' expects at least one object. [c:/Users/fmcta/Desktop/CR/aula6/ex4/ex4.srcs/sources_1/bd/ex4/ip/ex4_Average_0_1/src/Nexys4_Master.xdc:73]
Resolution: If [get_<value>] was used to populate the object, check to make sure this command returns at least one valid object.
WARNING: [Vivado 12-584] No ports matched 'led[3]'. [c:/Users/fmcta/Desktop/CR/aula6/ex4/ex4.srcs/sources_1/bd/ex4/ip/ex4_Average_0_1/src/Nexys4_Master.xdc:75]
CRITICAL WARNING: [Common 17-55] 'set_property' expects at least one object. [c:/Users/fmcta/Desktop/CR/aula6/ex4/ex4.srcs/sources_1/bd/ex4/ip/ex4_Average_0_1/src/Nexys4_Master.xdc:75]
Resolution: If [get_<value>] was used to populate the object, check to make sure this command returns at least one valid object.
WARNING: [Vivado 12-584] No ports matched 'led[3]'. [c:/Users/fmcta/Desktop/CR/aula6/ex4/ex4.srcs/sources_1/bd/ex4/ip/ex4_Average_0_1/src/Nexys4_Master.xdc:76]
CRITICAL WARNING: [Common 17-55] 'set_property' expects at least one object. [c:/Users/fmcta/Desktop/CR/aula6/ex4/ex4.srcs/sources_1/bd/ex4/ip/ex4_Average_0_1/src/Nexys4_Master.xdc:76]
Resolution: If [get_<value>] was used to populate the object, check to make sure this command returns at least one valid object.
WARNING: [Vivado 12-584] No ports matched 'led[4]'. [c:/Users/fmcta/Desktop/CR/aula6/ex4/ex4.srcs/sources_1/bd/ex4/ip/ex4_Average_0_1/src/Nexys4_Master.xdc:78]
CRITICAL WARNING: [Common 17-55] 'set_property' expects at least one object. [c:/Users/fmcta/Desktop/CR/aula6/ex4/ex4.srcs/sources_1/bd/ex4/ip/ex4_Average_0_1/src/Nexys4_Master.xdc:78]
Resolution: If [get_<value>] was used to populate the object, check to make sure this command returns at least one valid object.
WARNING: [Vivado 12-584] No ports matched 'led[4]'. [c:/Users/fmcta/Desktop/CR/aula6/ex4/ex4.srcs/sources_1/bd/ex4/ip/ex4_Average_0_1/src/Nexys4_Master.xdc:79]
CRITICAL WARNING: [Common 17-55] 'set_property' expects at least one object. [c:/Users/fmcta/Desktop/CR/aula6/ex4/ex4.srcs/sources_1/bd/ex4/ip/ex4_Average_0_1/src/Nexys4_Master.xdc:79]
Resolution: If [get_<value>] was used to populate the object, check to make sure this command returns at least one valid object.
WARNING: [Vivado 12-584] No ports matched 'led[5]'. [c:/Users/fmcta/Desktop/CR/aula6/ex4/ex4.srcs/sources_1/bd/ex4/ip/ex4_Average_0_1/src/Nexys4_Master.xdc:81]
CRITICAL WARNING: [Common 17-55] 'set_property' expects at least one object. [c:/Users/fmcta/Desktop/CR/aula6/ex4/ex4.srcs/sources_1/bd/ex4/ip/ex4_Average_0_1/src/Nexys4_Master.xdc:81]
Resolution: If [get_<value>] was used to populate the object, check to make sure this command returns at least one valid object.
WARNING: [Vivado 12-584] No ports matched 'led[5]'. [c:/Users/fmcta/Desktop/CR/aula6/ex4/ex4.srcs/sources_1/bd/ex4/ip/ex4_Average_0_1/src/Nexys4_Master.xdc:82]
CRITICAL WARNING: [Common 17-55] 'set_property' expects at least one object. [c:/Users/fmcta/Desktop/CR/aula6/ex4/ex4.srcs/sources_1/bd/ex4/ip/ex4_Average_0_1/src/Nexys4_Master.xdc:82]
Resolution: If [get_<value>] was used to populate the object, check to make sure this command returns at least one valid object.
WARNING: [Vivado 12-584] No ports matched 'led[6]'. [c:/Users/fmcta/Desktop/CR/aula6/ex4/ex4.srcs/sources_1/bd/ex4/ip/ex4_Average_0_1/src/Nexys4_Master.xdc:84]
CRITICAL WARNING: [Common 17-55] 'set_property' expects at least one object. [c:/Users/fmcta/Desktop/CR/aula6/ex4/ex4.srcs/sources_1/bd/ex4/ip/ex4_Average_0_1/src/Nexys4_Master.xdc:84]
Resolution: If [get_<value>] was used to populate the object, check to make sure this command returns at least one valid object.
WARNING: [Vivado 12-584] No ports matched 'led[6]'. [c:/Users/fmcta/Desktop/CR/aula6/ex4/ex4.srcs/sources_1/bd/ex4/ip/ex4_Average_0_1/src/Nexys4_Master.xdc:85]
CRITICAL WARNING: [Common 17-55] 'set_property' expects at least one object. [c:/Users/fmcta/Desktop/CR/aula6/ex4/ex4.srcs/sources_1/bd/ex4/ip/ex4_Average_0_1/src/Nexys4_Master.xdc:85]
Resolution: If [get_<value>] was used to populate the object, check to make sure this command returns at least one valid object.
WARNING: [Vivado 12-584] No ports matched 'led[7]'. [c:/Users/fmcta/Desktop/CR/aula6/ex4/ex4.srcs/sources_1/bd/ex4/ip/ex4_Average_0_1/src/Nexys4_Master.xdc:87]
CRITICAL WARNING: [Common 17-55] 'set_property' expects at least one object. [c:/Users/fmcta/Desktop/CR/aula6/ex4/ex4.srcs/sources_1/bd/ex4/ip/ex4_Average_0_1/src/Nexys4_Master.xdc:87]
Resolution: If [get_<value>] was used to populate the object, check to make sure this command returns at least one valid object.
WARNING: [Vivado 12-584] No ports matched 'led[7]'. [c:/Users/fmcta/Desktop/CR/aula6/ex4/ex4.srcs/sources_1/bd/ex4/ip/ex4_Average_0_1/src/Nexys4_Master.xdc:88]
CRITICAL WARNING: [Common 17-55] 'set_property' expects at least one object. [c:/Users/fmcta/Desktop/CR/aula6/ex4/ex4.srcs/sources_1/bd/ex4/ip/ex4_Average_0_1/src/Nexys4_Master.xdc:88]
Resolution: If [get_<value>] was used to populate the object, check to make sure this command returns at least one valid object.
WARNING: [Vivado 12-584] No ports matched 'led[8]'. [c:/Users/fmcta/Desktop/CR/aula6/ex4/ex4.srcs/sources_1/bd/ex4/ip/ex4_Average_0_1/src/Nexys4_Master.xdc:90]
CRITICAL WARNING: [Common 17-55] 'set_property' expects at least one object. [c:/Users/fmcta/Desktop/CR/aula6/ex4/ex4.srcs/sources_1/bd/ex4/ip/ex4_Average_0_1/src/Nexys4_Master.xdc:90]
Resolution: If [get_<value>] was used to populate the object, check to make sure this command returns at least one valid object.
WARNING: [Vivado 12-584] No ports matched 'led[8]'. [c:/Users/fmcta/Desktop/CR/aula6/ex4/ex4.srcs/sources_1/bd/ex4/ip/ex4_Average_0_1/src/Nexys4_Master.xdc:91]
CRITICAL WARNING: [Common 17-55] 'set_property' expects at least one object. [c:/Users/fmcta/Desktop/CR/aula6/ex4/ex4.srcs/sources_1/bd/ex4/ip/ex4_Average_0_1/src/Nexys4_Master.xdc:91]
Resolution: If [get_<value>] was used to populate the object, check to make sure this command returns at least one valid object.
WARNING: [Vivado 12-584] No ports matched 'led[9]'. [c:/Users/fmcta/Desktop/CR/aula6/ex4/ex4.srcs/sources_1/bd/ex4/ip/ex4_Average_0_1/src/Nexys4_Master.xdc:93]
CRITICAL WARNING: [Common 17-55] 'set_property' expects at least one object. [c:/Users/fmcta/Desktop/CR/aula6/ex4/ex4.srcs/sources_1/bd/ex4/ip/ex4_Average_0_1/src/Nexys4_Master.xdc:93]
Resolution: If [get_<value>] was used to populate the object, check to make sure this command returns at least one valid object.
WARNING: [Vivado 12-584] No ports matched 'led[9]'. [c:/Users/fmcta/Desktop/CR/aula6/ex4/ex4.srcs/sources_1/bd/ex4/ip/ex4_Average_0_1/src/Nexys4_Master.xdc:94]
CRITICAL WARNING: [Common 17-55] 'set_property' expects at least one object. [c:/Users/fmcta/Desktop/CR/aula6/ex4/ex4.srcs/sources_1/bd/ex4/ip/ex4_Average_0_1/src/Nexys4_Master.xdc:94]
Resolution: If [get_<value>] was used to populate the object, check to make sure this command returns at least one valid object.
WARNING: [Vivado 12-584] No ports matched 'led[10]'. [c:/Users/fmcta/Desktop/CR/aula6/ex4/ex4.srcs/sources_1/bd/ex4/ip/ex4_Average_0_1/src/Nexys4_Master.xdc:96]
CRITICAL WARNING: [Common 17-55] 'set_property' expects at least one object. [c:/Users/fmcta/Desktop/CR/aula6/ex4/ex4.srcs/sources_1/bd/ex4/ip/ex4_Average_0_1/src/Nexys4_Master.xdc:96]
Resolution: If [get_<value>] was used to populate the object, check to make sure this command returns at least one valid object.
WARNING: [Vivado 12-584] No ports matched 'led[10]'. [c:/Users/fmcta/Desktop/CR/aula6/ex4/ex4.srcs/sources_1/bd/ex4/ip/ex4_Average_0_1/src/Nexys4_Master.xdc:97]
CRITICAL WARNING: [Common 17-55] 'set_property' expects at least one object. [c:/Users/fmcta/Desktop/CR/aula6/ex4/ex4.srcs/sources_1/bd/ex4/ip/ex4_Average_0_1/src/Nexys4_Master.xdc:97]
Resolution: If [get_<value>] was used to populate the object, check to make sure this command returns at least one valid object.
WARNING: [Vivado 12-584] No ports matched 'led[11]'. [c:/Users/fmcta/Desktop/CR/aula6/ex4/ex4.srcs/sources_1/bd/ex4/ip/ex4_Average_0_1/src/Nexys4_Master.xdc:99]
CRITICAL WARNING: [Common 17-55] 'set_property' expects at least one object. [c:/Users/fmcta/Desktop/CR/aula6/ex4/ex4.srcs/sources_1/bd/ex4/ip/ex4_Average_0_1/src/Nexys4_Master.xdc:99]
Resolution: If [get_<value>] was used to populate the object, check to make sure this command returns at least one valid object.
WARNING: [Vivado 12-584] No ports matched 'led[11]'. [c:/Users/fmcta/Desktop/CR/aula6/ex4/ex4.srcs/sources_1/bd/ex4/ip/ex4_Average_0_1/src/Nexys4_Master.xdc:100]
CRITICAL WARNING: [Common 17-55] 'set_property' expects at least one object. [c:/Users/fmcta/Desktop/CR/aula6/ex4/ex4.srcs/sources_1/bd/ex4/ip/ex4_Average_0_1/src/Nexys4_Master.xdc:100]
Resolution: If [get_<value>] was used to populate the object, check to make sure this command returns at least one valid object.
WARNING: [Vivado 12-584] No ports matched 'led[12]'. [c:/Users/fmcta/Desktop/CR/aula6/ex4/ex4.srcs/sources_1/bd/ex4/ip/ex4_Average_0_1/src/Nexys4_Master.xdc:102]
CRITICAL WARNING: [Common 17-55] 'set_property' expects at least one object. [c:/Users/fmcta/Desktop/CR/aula6/ex4/ex4.srcs/sources_1/bd/ex4/ip/ex4_Average_0_1/src/Nexys4_Master.xdc:102]
Resolution: If [get_<value>] was used to populate the object, check to make sure this command returns at least one valid object.
WARNING: [Vivado 12-584] No ports matched 'led[12]'. [c:/Users/fmcta/Desktop/CR/aula6/ex4/ex4.srcs/sources_1/bd/ex4/ip/ex4_Average_0_1/src/Nexys4_Master.xdc:103]
CRITICAL WARNING: [Common 17-55] 'set_property' expects at least one object. [c:/Users/fmcta/Desktop/CR/aula6/ex4/ex4.srcs/sources_1/bd/ex4/ip/ex4_Average_0_1/src/Nexys4_Master.xdc:103]
Resolution: If [get_<value>] was used to populate the object, check to make sure this command returns at least one valid object.
WARNING: [Vivado 12-584] No ports matched 'led[13]'. [c:/Users/fmcta/Desktop/CR/aula6/ex4/ex4.srcs/sources_1/bd/ex4/ip/ex4_Average_0_1/src/Nexys4_Master.xdc:105]
CRITICAL WARNING: [Common 17-55] 'set_property' expects at least one object. [c:/Users/fmcta/Desktop/CR/aula6/ex4/ex4.srcs/sources_1/bd/ex4/ip/ex4_Average_0_1/src/Nexys4_Master.xdc:105]
Resolution: If [get_<value>] was used to populate the object, check to make sure this command returns at least one valid object.
WARNING: [Vivado 12-584] No ports matched 'led[13]'. [c:/Users/fmcta/Desktop/CR/aula6/ex4/ex4.srcs/sources_1/bd/ex4/ip/ex4_Average_0_1/src/Nexys4_Master.xdc:106]
CRITICAL WARNING: [Common 17-55] 'set_property' expects at least one object. [c:/Users/fmcta/Desktop/CR/aula6/ex4/ex4.srcs/sources_1/bd/ex4/ip/ex4_Average_0_1/src/Nexys4_Master.xdc:106]
Resolution: If [get_<value>] was used to populate the object, check to make sure this command returns at least one valid object.
WARNING: [Vivado 12-584] No ports matched 'led[14]'. [c:/Users/fmcta/Desktop/CR/aula6/ex4/ex4.srcs/sources_1/bd/ex4/ip/ex4_Average_0_1/src/Nexys4_Master.xdc:108]
CRITICAL WARNING: [Common 17-55] 'set_property' expects at least one object. [c:/Users/fmcta/Desktop/CR/aula6/ex4/ex4.srcs/sources_1/bd/ex4/ip/ex4_Average_0_1/src/Nexys4_Master.xdc:108]
Resolution: If [get_<value>] was used to populate the object, check to make sure this command returns at least one valid object.
WARNING: [Vivado 12-584] No ports matched 'led[14]'. [c:/Users/fmcta/Desktop/CR/aula6/ex4/ex4.srcs/sources_1/bd/ex4/ip/ex4_Average_0_1/src/Nexys4_Master.xdc:109]
CRITICAL WARNING: [Common 17-55] 'set_property' expects at least one object. [c:/Users/fmcta/Desktop/CR/aula6/ex4/ex4.srcs/sources_1/bd/ex4/ip/ex4_Average_0_1/src/Nexys4_Master.xdc:109]
Resolution: If [get_<value>] was used to populate the object, check to make sure this command returns at least one valid object.
WARNING: [Vivado 12-584] No ports matched 'led[15]'. [c:/Users/fmcta/Desktop/CR/aula6/ex4/ex4.srcs/sources_1/bd/ex4/ip/ex4_Average_0_1/src/Nexys4_Master.xdc:111]
CRITICAL WARNING: [Common 17-55] 'set_property' expects at least one object. [c:/Users/fmcta/Desktop/CR/aula6/ex4/ex4.srcs/sources_1/bd/ex4/ip/ex4_Average_0_1/src/Nexys4_Master.xdc:111]
Resolution: If [get_<value>] was used to populate the object, check to make sure this command returns at least one valid object.
WARNING: [Vivado 12-584] No ports matched 'led[15]'. [c:/Users/fmcta/Desktop/CR/aula6/ex4/ex4.srcs/sources_1/bd/ex4/ip/ex4_Average_0_1/src/Nexys4_Master.xdc:112]
CRITICAL WARNING: [Common 17-55] 'set_property' expects at least one object. [c:/Users/fmcta/Desktop/CR/aula6/ex4/ex4.srcs/sources_1/bd/ex4/ip/ex4_Average_0_1/src/Nexys4_Master.xdc:112]
Resolution: If [get_<value>] was used to populate the object, check to make sure this command returns at least one valid object.
WARNING: [Vivado 12-584] No ports matched 'seg[0]'. [c:/Users/fmcta/Desktop/CR/aula6/ex4/ex4.srcs/sources_1/bd/ex4/ip/ex4_Average_0_1/src/Nexys4_Master.xdc:137]
CRITICAL WARNING: [Common 17-55] 'set_property' expects at least one object. [c:/Users/fmcta/Desktop/CR/aula6/ex4/ex4.srcs/sources_1/bd/ex4/ip/ex4_Average_0_1/src/Nexys4_Master.xdc:137]
Resolution: If [get_<value>] was used to populate the object, check to make sure this command returns at least one valid object.
WARNING: [Vivado 12-584] No ports matched 'seg[0]'. [c:/Users/fmcta/Desktop/CR/aula6/ex4/ex4.srcs/sources_1/bd/ex4/ip/ex4_Average_0_1/src/Nexys4_Master.xdc:138]
CRITICAL WARNING: [Common 17-55] 'set_property' expects at least one object. [c:/Users/fmcta/Desktop/CR/aula6/ex4/ex4.srcs/sources_1/bd/ex4/ip/ex4_Average_0_1/src/Nexys4_Master.xdc:138]
Resolution: If [get_<value>] was used to populate the object, check to make sure this command returns at least one valid object.
WARNING: [Vivado 12-584] No ports matched 'seg[1]'. [c:/Users/fmcta/Desktop/CR/aula6/ex4/ex4.srcs/sources_1/bd/ex4/ip/ex4_Average_0_1/src/Nexys4_Master.xdc:140]
CRITICAL WARNING: [Common 17-55] 'set_property' expects at least one object. [c:/Users/fmcta/Desktop/CR/aula6/ex4/ex4.srcs/sources_1/bd/ex4/ip/ex4_Average_0_1/src/Nexys4_Master.xdc:140]
Resolution: If [get_<value>] was used to populate the object, check to make sure this command returns at least one valid object.
WARNING: [Vivado 12-584] No ports matched 'seg[1]'. [c:/Users/fmcta/Desktop/CR/aula6/ex4/ex4.srcs/sources_1/bd/ex4/ip/ex4_Average_0_1/src/Nexys4_Master.xdc:141]
CRITICAL WARNING: [Common 17-55] 'set_property' expects at least one object. [c:/Users/fmcta/Desktop/CR/aula6/ex4/ex4.srcs/sources_1/bd/ex4/ip/ex4_Average_0_1/src/Nexys4_Master.xdc:141]
Resolution: If [get_<value>] was used to populate the object, check to make sure this command returns at least one valid object.
WARNING: [Vivado 12-584] No ports matched 'seg[2]'. [c:/Users/fmcta/Desktop/CR/aula6/ex4/ex4.srcs/sources_1/bd/ex4/ip/ex4_Average_0_1/src/Nexys4_Master.xdc:143]
CRITICAL WARNING: [Common 17-55] 'set_property' expects at least one object. [c:/Users/fmcta/Desktop/CR/aula6/ex4/ex4.srcs/sources_1/bd/ex4/ip/ex4_Average_0_1/src/Nexys4_Master.xdc:143]
Resolution: If [get_<value>] was used to populate the object, check to make sure this command returns at least one valid object.
WARNING: [Vivado 12-584] No ports matched 'seg[2]'. [c:/Users/fmcta/Desktop/CR/aula6/ex4/ex4.srcs/sources_1/bd/ex4/ip/ex4_Average_0_1/src/Nexys4_Master.xdc:144]
CRITICAL WARNING: [Common 17-55] 'set_property' expects at least one object. [c:/Users/fmcta/Desktop/CR/aula6/ex4/ex4.srcs/sources_1/bd/ex4/ip/ex4_Average_0_1/src/Nexys4_Master.xdc:144]
Resolution: If [get_<value>] was used to populate the object, check to make sure this command returns at least one valid object.
WARNING: [Vivado 12-584] No ports matched 'seg[3]'. [c:/Users/fmcta/Desktop/CR/aula6/ex4/ex4.srcs/sources_1/bd/ex4/ip/ex4_Average_0_1/src/Nexys4_Master.xdc:146]
CRITICAL WARNING: [Common 17-55] 'set_property' expects at least one object. [c:/Users/fmcta/Desktop/CR/aula6/ex4/ex4.srcs/sources_1/bd/ex4/ip/ex4_Average_0_1/src/Nexys4_Master.xdc:146]
Resolution: If [get_<value>] was used to populate the object, check to make sure this command returns at least one valid object.
WARNING: [Vivado 12-584] No ports matched 'seg[3]'. [c:/Users/fmcta/Desktop/CR/aula6/ex4/ex4.srcs/sources_1/bd/ex4/ip/ex4_Average_0_1/src/Nexys4_Master.xdc:147]
CRITICAL WARNING: [Common 17-55] 'set_property' expects at least one object. [c:/Users/fmcta/Desktop/CR/aula6/ex4/ex4.srcs/sources_1/bd/ex4/ip/ex4_Average_0_1/src/Nexys4_Master.xdc:147]
Resolution: If [get_<value>] was used to populate the object, check to make sure this command returns at least one valid object.
WARNING: [Vivado 12-584] No ports matched 'seg[4]'. [c:/Users/fmcta/Desktop/CR/aula6/ex4/ex4.srcs/sources_1/bd/ex4/ip/ex4_Average_0_1/src/Nexys4_Master.xdc:149]
CRITICAL WARNING: [Common 17-55] 'set_property' expects at least one object. [c:/Users/fmcta/Desktop/CR/aula6/ex4/ex4.srcs/sources_1/bd/ex4/ip/ex4_Average_0_1/src/Nexys4_Master.xdc:149]
Resolution: If [get_<value>] was used to populate the object, check to make sure this command returns at least one valid object.
WARNING: [Vivado 12-584] No ports matched 'seg[4]'. [c:/Users/fmcta/Desktop/CR/aula6/ex4/ex4.srcs/sources_1/bd/ex4/ip/ex4_Average_0_1/src/Nexys4_Master.xdc:150]
CRITICAL WARNING: [Common 17-55] 'set_property' expects at least one object. [c:/Users/fmcta/Desktop/CR/aula6/ex4/ex4.srcs/sources_1/bd/ex4/ip/ex4_Average_0_1/src/Nexys4_Master.xdc:150]
Resolution: If [get_<value>] was used to populate the object, check to make sure this command returns at least one valid object.
WARNING: [Vivado 12-584] No ports matched 'seg[5]'. [c:/Users/fmcta/Desktop/CR/aula6/ex4/ex4.srcs/sources_1/bd/ex4/ip/ex4_Average_0_1/src/Nexys4_Master.xdc:152]
CRITICAL WARNING: [Common 17-55] 'set_property' expects at least one object. [c:/Users/fmcta/Desktop/CR/aula6/ex4/ex4.srcs/sources_1/bd/ex4/ip/ex4_Average_0_1/src/Nexys4_Master.xdc:152]
Resolution: If [get_<value>] was used to populate the object, check to make sure this command returns at least one valid object.
WARNING: [Vivado 12-584] No ports matched 'seg[5]'. [c:/Users/fmcta/Desktop/CR/aula6/ex4/ex4.srcs/sources_1/bd/ex4/ip/ex4_Average_0_1/src/Nexys4_Master.xdc:153]
CRITICAL WARNING: [Common 17-55] 'set_property' expects at least one object. [c:/Users/fmcta/Desktop/CR/aula6/ex4/ex4.srcs/sources_1/bd/ex4/ip/ex4_Average_0_1/src/Nexys4_Master.xdc:153]
Resolution: If [get_<value>] was used to populate the object, check to make sure this command returns at least one valid object.
WARNING: [Vivado 12-584] No ports matched 'seg[6]'. [c:/Users/fmcta/Desktop/CR/aula6/ex4/ex4.srcs/sources_1/bd/ex4/ip/ex4_Average_0_1/src/Nexys4_Master.xdc:155]
CRITICAL WARNING: [Common 17-55] 'set_property' expects at least one object. [c:/Users/fmcta/Desktop/CR/aula6/ex4/ex4.srcs/sources_1/bd/ex4/ip/ex4_Average_0_1/src/Nexys4_Master.xdc:155]
Resolution: If [get_<value>] was used to populate the object, check to make sure this command returns at least one valid object.
WARNING: [Vivado 12-584] No ports matched 'seg[6]'. [c:/Users/fmcta/Desktop/CR/aula6/ex4/ex4.srcs/sources_1/bd/ex4/ip/ex4_Average_0_1/src/Nexys4_Master.xdc:156]
CRITICAL WARNING: [Common 17-55] 'set_property' expects at least one object. [c:/Users/fmcta/Desktop/CR/aula6/ex4/ex4.srcs/sources_1/bd/ex4/ip/ex4_Average_0_1/src/Nexys4_Master.xdc:156]
Resolution: If [get_<value>] was used to populate the object, check to make sure this command returns at least one valid object.
WARNING: [Vivado 12-584] No ports matched 'an[0]'. [c:/Users/fmcta/Desktop/CR/aula6/ex4/ex4.srcs/sources_1/bd/ex4/ip/ex4_Average_0_1/src/Nexys4_Master.xdc:163]
CRITICAL WARNING: [Common 17-55] 'set_property' expects at least one object. [c:/Users/fmcta/Desktop/CR/aula6/ex4/ex4.srcs/sources_1/bd/ex4/ip/ex4_Average_0_1/src/Nexys4_Master.xdc:163]
Resolution: If [get_<value>] was used to populate the object, check to make sure this command returns at least one valid object.
WARNING: [Vivado 12-584] No ports matched 'an[0]'. [c:/Users/fmcta/Desktop/CR/aula6/ex4/ex4.srcs/sources_1/bd/ex4/ip/ex4_Average_0_1/src/Nexys4_Master.xdc:164]
CRITICAL WARNING: [Common 17-55] 'set_property' expects at least one object. [c:/Users/fmcta/Desktop/CR/aula6/ex4/ex4.srcs/sources_1/bd/ex4/ip/ex4_Average_0_1/src/Nexys4_Master.xdc:164]
Resolution: If [get_<value>] was used to populate the object, check to make sure this command returns at least one valid object.
WARNING: [Vivado 12-584] No ports matched 'an[1]'. [c:/Users/fmcta/Desktop/CR/aula6/ex4/ex4.srcs/sources_1/bd/ex4/ip/ex4_Average_0_1/src/Nexys4_Master.xdc:166]
CRITICAL WARNING: [Common 17-55] 'set_property' expects at least one object. [c:/Users/fmcta/Desktop/CR/aula6/ex4/ex4.srcs/sources_1/bd/ex4/ip/ex4_Average_0_1/src/Nexys4_Master.xdc:166]
Resolution: If [get_<value>] was used to populate the object, check to make sure this command returns at least one valid object.
WARNING: [Vivado 12-584] No ports matched 'an[1]'. [c:/Users/fmcta/Desktop/CR/aula6/ex4/ex4.srcs/sources_1/bd/ex4/ip/ex4_Average_0_1/src/Nexys4_Master.xdc:167]
CRITICAL WARNING: [Common 17-55] 'set_property' expects at least one object. [c:/Users/fmcta/Desktop/CR/aula6/ex4/ex4.srcs/sources_1/bd/ex4/ip/ex4_Average_0_1/src/Nexys4_Master.xdc:167]
Resolution: If [get_<value>] was used to populate the object, check to make sure this command returns at least one valid object.
WARNING: [Vivado 12-584] No ports matched 'an[2]'. [c:/Users/fmcta/Desktop/CR/aula6/ex4/ex4.srcs/sources_1/bd/ex4/ip/ex4_Average_0_1/src/Nexys4_Master.xdc:169]
CRITICAL WARNING: [Common 17-55] 'set_property' expects at least one object. [c:/Users/fmcta/Desktop/CR/aula6/ex4/ex4.srcs/sources_1/bd/ex4/ip/ex4_Average_0_1/src/Nexys4_Master.xdc:169]
Resolution: If [get_<value>] was used to populate the object, check to make sure this command returns at least one valid object.
WARNING: [Vivado 12-584] No ports matched 'an[2]'. [c:/Users/fmcta/Desktop/CR/aula6/ex4/ex4.srcs/sources_1/bd/ex4/ip/ex4_Average_0_1/src/Nexys4_Master.xdc:170]
CRITICAL WARNING: [Common 17-55] 'set_property' expects at least one object. [c:/Users/fmcta/Desktop/CR/aula6/ex4/ex4.srcs/sources_1/bd/ex4/ip/ex4_Average_0_1/src/Nexys4_Master.xdc:170]
Resolution: If [get_<value>] was used to populate the object, check to make sure this command returns at least one valid object.
WARNING: [Vivado 12-584] No ports matched 'an[3]'. [c:/Users/fmcta/Desktop/CR/aula6/ex4/ex4.srcs/sources_1/bd/ex4/ip/ex4_Average_0_1/src/Nexys4_Master.xdc:172]
CRITICAL WARNING: [Common 17-55] 'set_property' expects at least one object. [c:/Users/fmcta/Desktop/CR/aula6/ex4/ex4.srcs/sources_1/bd/ex4/ip/ex4_Average_0_1/src/Nexys4_Master.xdc:172]
Resolution: If [get_<value>] was used to populate the object, check to make sure this command returns at least one valid object.
WARNING: [Vivado 12-584] No ports matched 'an[3]'. [c:/Users/fmcta/Desktop/CR/aula6/ex4/ex4.srcs/sources_1/bd/ex4/ip/ex4_Average_0_1/src/Nexys4_Master.xdc:173]
CRITICAL WARNING: [Common 17-55] 'set_property' expects at least one object. [c:/Users/fmcta/Desktop/CR/aula6/ex4/ex4.srcs/sources_1/bd/ex4/ip/ex4_Average_0_1/src/Nexys4_Master.xdc:173]
Resolution: If [get_<value>] was used to populate the object, check to make sure this command returns at least one valid object.
WARNING: [Vivado 12-584] No ports matched 'an[4]'. [c:/Users/fmcta/Desktop/CR/aula6/ex4/ex4.srcs/sources_1/bd/ex4/ip/ex4_Average_0_1/src/Nexys4_Master.xdc:175]
CRITICAL WARNING: [Common 17-55] 'set_property' expects at least one object. [c:/Users/fmcta/Desktop/CR/aula6/ex4/ex4.srcs/sources_1/bd/ex4/ip/ex4_Average_0_1/src/Nexys4_Master.xdc:175]
Resolution: If [get_<value>] was used to populate the object, check to make sure this command returns at least one valid object.
WARNING: [Vivado 12-584] No ports matched 'an[4]'. [c:/Users/fmcta/Desktop/CR/aula6/ex4/ex4.srcs/sources_1/bd/ex4/ip/ex4_Average_0_1/src/Nexys4_Master.xdc:176]
CRITICAL WARNING: [Common 17-55] 'set_property' expects at least one object. [c:/Users/fmcta/Desktop/CR/aula6/ex4/ex4.srcs/sources_1/bd/ex4/ip/ex4_Average_0_1/src/Nexys4_Master.xdc:176]
Resolution: If [get_<value>] was used to populate the object, check to make sure this command returns at least one valid object.
WARNING: [Vivado 12-584] No ports matched 'an[5]'. [c:/Users/fmcta/Desktop/CR/aula6/ex4/ex4.srcs/sources_1/bd/ex4/ip/ex4_Average_0_1/src/Nexys4_Master.xdc:178]
CRITICAL WARNING: [Common 17-55] 'set_property' expects at least one object. [c:/Users/fmcta/Desktop/CR/aula6/ex4/ex4.srcs/sources_1/bd/ex4/ip/ex4_Average_0_1/src/Nexys4_Master.xdc:178]
Resolution: If [get_<value>] was used to populate the object, check to make sure this command returns at least one valid object.
WARNING: [Vivado 12-584] No ports matched 'an[5]'. [c:/Users/fmcta/Desktop/CR/aula6/ex4/ex4.srcs/sources_1/bd/ex4/ip/ex4_Average_0_1/src/Nexys4_Master.xdc:179]
CRITICAL WARNING: [Common 17-55] 'set_property' expects at least one object. [c:/Users/fmcta/Desktop/CR/aula6/ex4/ex4.srcs/sources_1/bd/ex4/ip/ex4_Average_0_1/src/Nexys4_Master.xdc:179]
Resolution: If [get_<value>] was used to populate the object, check to make sure this command returns at least one valid object.
WARNING: [Vivado 12-584] No ports matched 'an[6]'. [c:/Users/fmcta/Desktop/CR/aula6/ex4/ex4.srcs/sources_1/bd/ex4/ip/ex4_Average_0_1/src/Nexys4_Master.xdc:181]
CRITICAL WARNING: [Common 17-55] 'set_property' expects at least one object. [c:/Users/fmcta/Desktop/CR/aula6/ex4/ex4.srcs/sources_1/bd/ex4/ip/ex4_Average_0_1/src/Nexys4_Master.xdc:181]
Resolution: If [get_<value>] was used to populate the object, check to make sure this command returns at least one valid object.
WARNING: [Vivado 12-584] No ports matched 'an[6]'. [c:/Users/fmcta/Desktop/CR/aula6/ex4/ex4.srcs/sources_1/bd/ex4/ip/ex4_Average_0_1/src/Nexys4_Master.xdc:182]
CRITICAL WARNING: [Common 17-55] 'set_property' expects at least one object. [c:/Users/fmcta/Desktop/CR/aula6/ex4/ex4.srcs/sources_1/bd/ex4/ip/ex4_Average_0_1/src/Nexys4_Master.xdc:182]
Resolution: If [get_<value>] was used to populate the object, check to make sure this command returns at least one valid object.
WARNING: [Vivado 12-584] No ports matched 'an[7]'. [c:/Users/fmcta/Desktop/CR/aula6/ex4/ex4.srcs/sources_1/bd/ex4/ip/ex4_Average_0_1/src/Nexys4_Master.xdc:184]
CRITICAL WARNING: [Common 17-55] 'set_property' expects at least one object. [c:/Users/fmcta/Desktop/CR/aula6/ex4/ex4.srcs/sources_1/bd/ex4/ip/ex4_Average_0_1/src/Nexys4_Master.xdc:184]
Resolution: If [get_<value>] was used to populate the object, check to make sure this command returns at least one valid object.
WARNING: [Vivado 12-584] No ports matched 'an[7]'. [c:/Users/fmcta/Desktop/CR/aula6/ex4/ex4.srcs/sources_1/bd/ex4/ip/ex4_Average_0_1/src/Nexys4_Master.xdc:185]
CRITICAL WARNING: [Common 17-55] 'set_property' expects at least one object. [c:/Users/fmcta/Desktop/CR/aula6/ex4/ex4.srcs/sources_1/bd/ex4/ip/ex4_Average_0_1/src/Nexys4_Master.xdc:185]
Resolution: If [get_<value>] was used to populate the object, check to make sure this command returns at least one valid object.
WARNING: [Vivado 12-584] No ports matched 'btnU'. [c:/Users/fmcta/Desktop/CR/aula6/ex4/ex4.srcs/sources_1/bd/ex4/ip/ex4_Average_0_1/src/Nexys4_Master.xdc:197]
CRITICAL WARNING: [Common 17-55] 'set_property' expects at least one object. [c:/Users/fmcta/Desktop/CR/aula6/ex4/ex4.srcs/sources_1/bd/ex4/ip/ex4_Average_0_1/src/Nexys4_Master.xdc:197]
Resolution: If [get_<value>] was used to populate the object, check to make sure this command returns at least one valid object.
WARNING: [Vivado 12-584] No ports matched 'btnU'. [c:/Users/fmcta/Desktop/CR/aula6/ex4/ex4.srcs/sources_1/bd/ex4/ip/ex4_Average_0_1/src/Nexys4_Master.xdc:198]
CRITICAL WARNING: [Common 17-55] 'set_property' expects at least one object. [c:/Users/fmcta/Desktop/CR/aula6/ex4/ex4.srcs/sources_1/bd/ex4/ip/ex4_Average_0_1/src/Nexys4_Master.xdc:198]
Resolution: If [get_<value>] was used to populate the object, check to make sure this command returns at least one valid object.
WARNING: [Vivado 12-584] No ports matched 'btnL'. [c:/Users/fmcta/Desktop/CR/aula6/ex4/ex4.srcs/sources_1/bd/ex4/ip/ex4_Average_0_1/src/Nexys4_Master.xdc:200]
CRITICAL WARNING: [Common 17-55] 'set_property' expects at least one object. [c:/Users/fmcta/Desktop/CR/aula6/ex4/ex4.srcs/sources_1/bd/ex4/ip/ex4_Average_0_1/src/Nexys4_Master.xdc:200]
Resolution: If [get_<value>] was used to populate the object, check to make sure this command returns at least one valid object.
WARNING: [Vivado 12-584] No ports matched 'btnL'. [c:/Users/fmcta/Desktop/CR/aula6/ex4/ex4.srcs/sources_1/bd/ex4/ip/ex4_Average_0_1/src/Nexys4_Master.xdc:201]
CRITICAL WARNING: [Common 17-55] 'set_property' expects at least one object. [c:/Users/fmcta/Desktop/CR/aula6/ex4/ex4.srcs/sources_1/bd/ex4/ip/ex4_Average_0_1/src/Nexys4_Master.xdc:201]
Resolution: If [get_<value>] was used to populate the object, check to make sure this command returns at least one valid object.
WARNING: [Vivado 12-584] No ports matched 'btnR'. [c:/Users/fmcta/Desktop/CR/aula6/ex4/ex4.srcs/sources_1/bd/ex4/ip/ex4_Average_0_1/src/Nexys4_Master.xdc:203]
CRITICAL WARNING: [Common 17-55] 'set_property' expects at least one object. [c:/Users/fmcta/Desktop/CR/aula6/ex4/ex4.srcs/sources_1/bd/ex4/ip/ex4_Average_0_1/src/Nexys4_Master.xdc:203]
Resolution: If [get_<value>] was used to populate the object, check to make sure this command returns at least one valid object.
WARNING: [Vivado 12-584] No ports matched 'btnR'. [c:/Users/fmcta/Desktop/CR/aula6/ex4/ex4.srcs/sources_1/bd/ex4/ip/ex4_Average_0_1/src/Nexys4_Master.xdc:204]
INFO: [Common 17-14] Message 'Vivado 12-584' appears 100 times and further instances of the messages will be disabled. Use the Tcl command set_msg_config to change the current settings. [c:/Users/fmcta/Desktop/CR/aula6/ex4/ex4.srcs/sources_1/bd/ex4/ip/ex4_Average_0_1/src/Nexys4_Master.xdc:204]
CRITICAL WARNING: [Common 17-55] 'set_property' expects at least one object. [c:/Users/fmcta/Desktop/CR/aula6/ex4/ex4.srcs/sources_1/bd/ex4/ip/ex4_Average_0_1/src/Nexys4_Master.xdc:204]
Resolution: If [get_<value>] was used to populate the object, check to make sure this command returns at least one valid object.
Finished Parsing XDC File [c:/Users/fmcta/Desktop/CR/aula6/ex4/ex4.srcs/sources_1/bd/ex4/ip/ex4_Average_0_1/src/Nexys4_Master.xdc] for cell 'U0'
INFO: [Project 1-236] Implementation specific constraints were found while reading constraint file [c:/Users/fmcta/Desktop/CR/aula6/ex4/ex4.srcs/sources_1/bd/ex4/ip/ex4_Average_0_1/src/Nexys4_Master.xdc]. These constraints will be ignored for synthesis but will be used in implementation. Impacted constraints are listed in the file [.Xil/ex4_Average_0_1_propImpl.xdc].
Resolution: To avoid this warning, move constraints listed in [.Xil/ex4_Average_0_1_propImpl.xdc] to another XDC file and exclude this new file from synthesis with the used_in_synthesis property (File Properties dialog in GUI) and re-run elaboration/synthesis.
Parsing XDC File [C:/Users/fmcta/Desktop/CR/aula6/ex4/ex4.runs/ex4_Average_0_1_synth_1/dont_touch.xdc]
Finished Parsing XDC File [C:/Users/fmcta/Desktop/CR/aula6/ex4/ex4.runs/ex4_Average_0_1_synth_1/dont_touch.xdc]
Completed Processing XDC Constraints

INFO: [Project 1-111] Unisim Transformation Summary:
No Unisim elements were transformed.

Constraint Validation Runtime : Time (s): cpu = 00:00:00 ; elapsed = 00:00:00.020 . Memory (MB): peak = 624.445 ; gain = 0.000
---------------------------------------------------------------------------------
Finished Constraint Validation : Time (s): cpu = 00:00:26 ; elapsed = 00:00:33 . Memory (MB): peak = 624.445 ; gain = 414.820
---------------------------------------------------------------------------------
---------------------------------------------------------------------------------
Start Loading Part and Timing Information
---------------------------------------------------------------------------------
Loading part: xc7a100tcsg324-1
---------------------------------------------------------------------------------
Finished Loading Part and Timing Information : Time (s): cpu = 00:00:26 ; elapsed = 00:00:33 . Memory (MB): peak = 624.445 ; gain = 414.820
---------------------------------------------------------------------------------
---------------------------------------------------------------------------------
Start Applying 'set_property' XDC Constraints
---------------------------------------------------------------------------------
Applied set_property DONT_TOUCH = true for U0. (constraint file  auto generated constraint, line ).
---------------------------------------------------------------------------------
Finished applying 'set_property' XDC Constraints : Time (s): cpu = 00:00:26 ; elapsed = 00:00:33 . Memory (MB): peak = 624.445 ; gain = 414.820
---------------------------------------------------------------------------------
WARNING: [Synth 8-327] inferring latch for variable 'aux_reg' [c:/Users/fmcta/Desktop/CR/aula6/ex4/ex4.srcs/sources_1/bd/ex4/ipshared/2a40/src/Average.vhd:77]
---------------------------------------------------------------------------------
Finished RTL Optimization Phase 2 : Time (s): cpu = 00:00:26 ; elapsed = 00:00:33 . Memory (MB): peak = 624.445 ; gain = 414.820
---------------------------------------------------------------------------------

Report RTL Partitions: 
+-+--------------+------------+----------+
| |RTL Partition |Replication |Instances |
+-+--------------+------------+----------+
+-+--------------+------------+----------+
---------------------------------------------------------------------------------
Start RTL Component Statistics 
---------------------------------------------------------------------------------
Detailed RTL Component Info : 
+---Adders : 
	   2 Input     16 Bit       Adders := 1     
	   2 Input      1 Bit       Adders := 1     
+---Registers : 
	               16 Bit    Registers := 1     
	                8 Bit    Registers := 1     
	                2 Bit    Registers := 1     
	                1 Bit    Registers := 1     
+---Muxes : 
	   4 Input     16 Bit        Muxes := 1     
	   2 Input      8 Bit        Muxes := 1     
	   5 Input      2 Bit        Muxes := 1     
	   4 Input      1 Bit        Muxes := 4     
---------------------------------------------------------------------------------
Finished RTL Component Statistics 
---------------------------------------------------------------------------------
---------------------------------------------------------------------------------
Start RTL Hierarchical Component Statistics 
---------------------------------------------------------------------------------
Hierarchical RTL Component report 
Module Average 
Detailed RTL Component Info : 
+---Adders : 
	   2 Input     16 Bit       Adders := 1     
	   2 Input      1 Bit       Adders := 1     
+---Registers : 
	               16 Bit    Registers := 1     
	                8 Bit    Registers := 1     
	                2 Bit    Registers := 1     
	                1 Bit    Registers := 1     
+---Muxes : 
	   4 Input     16 Bit        Muxes := 1     
	   2 Input      8 Bit        Muxes := 1     
	   5 Input      2 Bit        Muxes := 1     
	   4 Input      1 Bit        Muxes := 4     
---------------------------------------------------------------------------------
Finished RTL Hierarchical Component Statistics
---------------------------------------------------------------------------------
---------------------------------------------------------------------------------
Start Part Resource Summary
---------------------------------------------------------------------------------
Part Resources:
DSPs: 240 (col length:80)
BRAMs: 270 (col length: RAMB18 80 RAMB36 40)
---------------------------------------------------------------------------------
Finished Part Resource Summary
---------------------------------------------------------------------------------
---------------------------------------------------------------------------------
Start Cross Boundary and Area Optimization
---------------------------------------------------------------------------------
INFO: [Synth 8-3886] merging instance 'U0/outp_reg[0]' (FDSE) to 'U0/outp_reg[7]'
INFO: [Synth 8-3886] merging instance 'U0/outp_reg[1]' (FDSE) to 'U0/outp_reg[7]'
INFO: [Synth 8-3886] merging instance 'U0/outp_reg[2]' (FDSE) to 'U0/outp_reg[7]'
INFO: [Synth 8-3886] merging instance 'U0/outp_reg[3]' (FDSE) to 'U0/outp_reg[7]'
INFO: [Synth 8-3886] merging instance 'U0/outp_reg[4]' (FDSE) to 'U0/outp_reg[7]'
INFO: [Synth 8-3886] merging instance 'U0/outp_reg[5]' (FDSE) to 'U0/outp_reg[7]'
INFO: [Synth 8-3886] merging instance 'U0/outp_reg[6]' (FDSE) to 'U0/outp_reg[7]'
WARNING: [Synth 8-3332] Sequential element (aux_reg[15]) is unused and will be removed from module Average.
WARNING: [Synth 8-3332] Sequential element (aux_reg[14]) is unused and will be removed from module Average.
WARNING: [Synth 8-3332] Sequential element (aux_reg[13]) is unused and will be removed from module Average.
WARNING: [Synth 8-3332] Sequential element (aux_reg[12]) is unused and will be removed from module Average.
WARNING: [Synth 8-3332] Sequential element (aux_reg[11]) is unused and will be removed from module Average.
WARNING: [Synth 8-3332] Sequential element (aux_reg[10]) is unused and will be removed from module Average.
WARNING: [Synth 8-3332] Sequential element (aux_reg[9]) is unused and will be removed from module Average.
WARNING: [Synth 8-3332] Sequential element (aux_reg[8]) is unused and will be removed from module Average.
WARNING: [Synth 8-3332] Sequential element (aux_reg[7]) is unused and will be removed from module Average.
WARNING: [Synth 8-3332] Sequential element (aux_reg[6]) is unused and will be removed from module Average.
WARNING: [Synth 8-3332] Sequential element (aux_reg[5]) is unused and will be removed from module Average.
WARNING: [Synth 8-3332] Sequential element (aux_reg[4]) is unused and will be removed from module Average.
WARNING: [Synth 8-3332] Sequential element (aux_reg[3]) is unused and will be removed from module Average.
WARNING: [Synth 8-3332] Sequential element (aux_reg[2]) is unused and will be removed from module Average.
WARNING: [Synth 8-3332] Sequential element (aux_reg[1]) is unused and will be removed from module Average.
WARNING: [Synth 8-3332] Sequential element (aux_reg[0]) is unused and will be removed from module Average.
WARNING: [Synth 8-3332] Sequential element (aux_reg[15]__0) is unused and will be removed from module Average.
CRITICAL WARNING: [Synth 8-3352] multi-driven net Q with 1st driver pin 'U0/aux_reg[15]__0/Q' [c:/Users/fmcta/Desktop/CR/aula6/ex4/ex4.srcs/sources_1/bd/ex4/ipshared/2a40/src/Average.vhd:59]
CRITICAL WARNING: [Synth 8-3352] multi-driven net Q with 2nd driver pin 'GND' [c:/Users/fmcta/Desktop/CR/aula6/ex4/ex4.srcs/sources_1/bd/ex4/ipshared/2a40/src/Average.vhd:59]
CRITICAL WARNING: [Synth 8-5559] multi-driven net Q is connected to constant driver, other driver is ignored [c:/Users/fmcta/Desktop/CR/aula6/ex4/ex4.srcs/sources_1/bd/ex4/ipshared/2a40/src/Average.vhd:59]
WARNING: [Synth 8-3332] Sequential element (aux_reg[14]__0) is unused and will be removed from module Average.
CRITICAL WARNING: [Synth 8-3352] multi-driven net Q with 1st driver pin 'U0/aux_reg[14]__0/Q' [c:/Users/fmcta/Desktop/CR/aula6/ex4/ex4.srcs/sources_1/bd/ex4/ipshared/2a40/src/Average.vhd:59]
CRITICAL WARNING: [Synth 8-3352] multi-driven net Q with 2nd driver pin 'GND' [c:/Users/fmcta/Desktop/CR/aula6/ex4/ex4.srcs/sources_1/bd/ex4/ipshared/2a40/src/Average.vhd:59]
CRITICAL WARNING: [Synth 8-5559] multi-driven net Q is connected to constant driver, other driver is ignored [c:/Users/fmcta/Desktop/CR/aula6/ex4/ex4.srcs/sources_1/bd/ex4/ipshared/2a40/src/Average.vhd:59]
WARNING: [Synth 8-3332] Sequential element (aux_reg[13]__0) is unused and will be removed from module Average.
CRITICAL WARNING: [Synth 8-3352] multi-driven net Q with 1st driver pin 'U0/aux_reg[13]__0/Q' [c:/Users/fmcta/Desktop/CR/aula6/ex4/ex4.srcs/sources_1/bd/ex4/ipshared/2a40/src/Average.vhd:59]
CRITICAL WARNING: [Synth 8-3352] multi-driven net Q with 2nd driver pin 'GND' [c:/Users/fmcta/Desktop/CR/aula6/ex4/ex4.srcs/sources_1/bd/ex4/ipshared/2a40/src/Average.vhd:59]
CRITICAL WARNING: [Synth 8-5559] multi-driven net Q is connected to constant driver, other driver is ignored [c:/Users/fmcta/Desktop/CR/aula6/ex4/ex4.srcs/sources_1/bd/ex4/ipshared/2a40/src/Average.vhd:59]
WARNING: [Synth 8-3332] Sequential element (aux_reg[12]__0) is unused and will be removed from module Average.
CRITICAL WARNING: [Synth 8-3352] multi-driven net Q with 1st driver pin 'U0/aux_reg[12]__0/Q' [c:/Users/fmcta/Desktop/CR/aula6/ex4/ex4.srcs/sources_1/bd/ex4/ipshared/2a40/src/Average.vhd:59]
CRITICAL WARNING: [Synth 8-3352] multi-driven net Q with 2nd driver pin 'GND' [c:/Users/fmcta/Desktop/CR/aula6/ex4/ex4.srcs/sources_1/bd/ex4/ipshared/2a40/src/Average.vhd:59]
CRITICAL WARNING: [Synth 8-5559] multi-driven net Q is connected to constant driver, other driver is ignored [c:/Users/fmcta/Desktop/CR/aula6/ex4/ex4.srcs/sources_1/bd/ex4/ipshared/2a40/src/Average.vhd:59]
WARNING: [Synth 8-3332] Sequential element (aux_reg[11]__0) is unused and will be removed from module Average.
CRITICAL WARNING: [Synth 8-3352] multi-driven net Q with 1st driver pin 'U0/aux_reg[11]__0/Q' [c:/Users/fmcta/Desktop/CR/aula6/ex4/ex4.srcs/sources_1/bd/ex4/ipshared/2a40/src/Average.vhd:59]
CRITICAL WARNING: [Synth 8-3352] multi-driven net Q with 2nd driver pin 'GND' [c:/Users/fmcta/Desktop/CR/aula6/ex4/ex4.srcs/sources_1/bd/ex4/ipshared/2a40/src/Average.vhd:59]
CRITICAL WARNING: [Synth 8-5559] multi-driven net Q is connected to constant driver, other driver is ignored [c:/Users/fmcta/Desktop/CR/aula6/ex4/ex4.srcs/sources_1/bd/ex4/ipshared/2a40/src/Average.vhd:59]
WARNING: [Synth 8-3332] Sequential element (aux_reg[10]__0) is unused and will be removed from module Average.
CRITICAL WARNING: [Synth 8-3352] multi-driven net Q with 1st driver pin 'U0/aux_reg[10]__0/Q' [c:/Users/fmcta/Desktop/CR/aula6/ex4/ex4.srcs/sources_1/bd/ex4/ipshared/2a40/src/Average.vhd:59]
CRITICAL WARNING: [Synth 8-3352] multi-driven net Q with 2nd driver pin 'GND' [c:/Users/fmcta/Desktop/CR/aula6/ex4/ex4.srcs/sources_1/bd/ex4/ipshared/2a40/src/Average.vhd:59]
CRITICAL WARNING: [Synth 8-5559] multi-driven net Q is connected to constant driver, other driver is ignored [c:/Users/fmcta/Desktop/CR/aula6/ex4/ex4.srcs/sources_1/bd/ex4/ipshared/2a40/src/Average.vhd:59]
WARNING: [Synth 8-3332] Sequential element (aux_reg[9]__0) is unused and will be removed from module Average.
CRITICAL WARNING: [Synth 8-3352] multi-driven net Q with 1st driver pin 'U0/aux_reg[9]__0/Q' [c:/Users/fmcta/Desktop/CR/aula6/ex4/ex4.srcs/sources_1/bd/ex4/ipshared/2a40/src/Average.vhd:59]
CRITICAL WARNING: [Synth 8-3352] multi-driven net Q with 2nd driver pin 'GND' [c:/Users/fmcta/Desktop/CR/aula6/ex4/ex4.srcs/sources_1/bd/ex4/ipshared/2a40/src/Average.vhd:59]
CRITICAL WARNING: [Synth 8-5559] multi-driven net Q is connected to constant driver, other driver is ignored [c:/Users/fmcta/Desktop/CR/aula6/ex4/ex4.srcs/sources_1/bd/ex4/ipshared/2a40/src/Average.vhd:59]
WARNING: [Synth 8-3332] Sequential element (aux_reg[8]__0) is unused and will be removed from module Average.
CRITICAL WARNING: [Synth 8-3352] multi-driven net Q with 1st driver pin 'U0/aux_reg[8]__0/Q' [c:/Users/fmcta/Desktop/CR/aula6/ex4/ex4.srcs/sources_1/bd/ex4/ipshared/2a40/src/Average.vhd:59]
CRITICAL WARNING: [Synth 8-3352] multi-driven net Q with 2nd driver pin 'GND' [c:/Users/fmcta/Desktop/CR/aula6/ex4/ex4.srcs/sources_1/bd/ex4/ipshared/2a40/src/Average.vhd:59]
CRITICAL WARNING: [Synth 8-5559] multi-driven net Q is connected to constant driver, other driver is ignored [c:/Users/fmcta/Desktop/CR/aula6/ex4/ex4.srcs/sources_1/bd/ex4/ipshared/2a40/src/Average.vhd:59]
WARNING: [Synth 8-3332] Sequential element (aux_reg[7]__0) is unused and will be removed from module Average.
CRITICAL WARNING: [Synth 8-3352] multi-driven net Q with 1st driver pin 'U0/aux_reg[7]__0/Q' [c:/Users/fmcta/Desktop/CR/aula6/ex4/ex4.srcs/sources_1/bd/ex4/ipshared/2a40/src/Average.vhd:59]
CRITICAL WARNING: [Synth 8-3352] multi-driven net Q with 2nd driver pin 'GND' [c:/Users/fmcta/Desktop/CR/aula6/ex4/ex4.srcs/sources_1/bd/ex4/ipshared/2a40/src/Average.vhd:59]
CRITICAL WARNING: [Synth 8-5559] multi-driven net Q is connected to constant driver, other driver is ignored [c:/Users/fmcta/Desktop/CR/aula6/ex4/ex4.srcs/sources_1/bd/ex4/ipshared/2a40/src/Average.vhd:59]
WARNING: [Synth 8-3332] Sequential element (aux_reg[6]__0) is unused and will be removed from module Average.
CRITICAL WARNING: [Synth 8-3352] multi-driven net Q with 1st driver pin 'U0/aux_reg[6]__0/Q' [c:/Users/fmcta/Desktop/CR/aula6/ex4/ex4.srcs/sources_1/bd/ex4/ipshared/2a40/src/Average.vhd:59]
CRITICAL WARNING: [Synth 8-3352] multi-driven net Q with 2nd driver pin 'GND' [c:/Users/fmcta/Desktop/CR/aula6/ex4/ex4.srcs/sources_1/bd/ex4/ipshared/2a40/src/Average.vhd:59]
CRITICAL WARNING: [Synth 8-5559] multi-driven net Q is connected to constant driver, other driver is ignored [c:/Users/fmcta/Desktop/CR/aula6/ex4/ex4.srcs/sources_1/bd/ex4/ipshared/2a40/src/Average.vhd:59]
WARNING: [Synth 8-3332] Sequential element (aux_reg[5]__0) is unused and will be removed from module Average.
CRITICAL WARNING: [Synth 8-3352] multi-driven net Q with 1st driver pin 'U0/aux_reg[5]__0/Q' [c:/Users/fmcta/Desktop/CR/aula6/ex4/ex4.srcs/sources_1/bd/ex4/ipshared/2a40/src/Average.vhd:59]
CRITICAL WARNING: [Synth 8-3352] multi-driven net Q with 2nd driver pin 'GND' [c:/Users/fmcta/Desktop/CR/aula6/ex4/ex4.srcs/sources_1/bd/ex4/ipshared/2a40/src/Average.vhd:59]
CRITICAL WARNING: [Synth 8-5559] multi-driven net Q is connected to constant driver, other driver is ignored [c:/Users/fmcta/Desktop/CR/aula6/ex4/ex4.srcs/sources_1/bd/ex4/ipshared/2a40/src/Average.vhd:59]
WARNING: [Synth 8-3332] Sequential element (aux_reg[4]__0) is unused and will be removed from module Average.
CRITICAL WARNING: [Synth 8-3352] multi-driven net Q with 1st driver pin 'U0/aux_reg[4]__0/Q' [c:/Users/fmcta/Desktop/CR/aula6/ex4/ex4.srcs/sources_1/bd/ex4/ipshared/2a40/src/Average.vhd:59]
CRITICAL WARNING: [Synth 8-3352] multi-driven net Q with 2nd driver pin 'GND' [c:/Users/fmcta/Desktop/CR/aula6/ex4/ex4.srcs/sources_1/bd/ex4/ipshared/2a40/src/Average.vhd:59]
CRITICAL WARNING: [Synth 8-5559] multi-driven net Q is connected to constant driver, other driver is ignored [c:/Users/fmcta/Desktop/CR/aula6/ex4/ex4.srcs/sources_1/bd/ex4/ipshared/2a40/src/Average.vhd:59]
WARNING: [Synth 8-3332] Sequential element (aux_reg[3]__0) is unused and will be removed from module Average.
CRITICAL WARNING: [Synth 8-3352] multi-driven net Q with 1st driver pin 'U0/aux_reg[3]__0/Q' [c:/Users/fmcta/Desktop/CR/aula6/ex4/ex4.srcs/sources_1/bd/ex4/ipshared/2a40/src/Average.vhd:59]
CRITICAL WARNING: [Synth 8-3352] multi-driven net Q with 2nd driver pin 'GND' [c:/Users/fmcta/Desktop/CR/aula6/ex4/ex4.srcs/sources_1/bd/ex4/ipshared/2a40/src/Average.vhd:59]
CRITICAL WARNING: [Synth 8-5559] multi-driven net Q is connected to constant driver, other driver is ignored [c:/Users/fmcta/Desktop/CR/aula6/ex4/ex4.srcs/sources_1/bd/ex4/ipshared/2a40/src/Average.vhd:59]
WARNING: [Synth 8-3332] Sequential element (aux_reg[2]__0) is unused and will be removed from module Average.
CRITICAL WARNING: [Synth 8-3352] multi-driven net Q with 1st driver pin 'U0/aux_reg[2]__0/Q' [c:/Users/fmcta/Desktop/CR/aula6/ex4/ex4.srcs/sources_1/bd/ex4/ipshared/2a40/src/Average.vhd:59]
CRITICAL WARNING: [Synth 8-3352] multi-driven net Q with 2nd driver pin 'GND' [c:/Users/fmcta/Desktop/CR/aula6/ex4/ex4.srcs/sources_1/bd/ex4/ipshared/2a40/src/Average.vhd:59]
CRITICAL WARNING: [Synth 8-5559] multi-driven net Q is connected to constant driver, other driver is ignored [c:/Users/fmcta/Desktop/CR/aula6/ex4/ex4.srcs/sources_1/bd/ex4/ipshared/2a40/src/Average.vhd:59]
WARNING: [Synth 8-3332] Sequential element (aux_reg[1]__0) is unused and will be removed from module Average.
CRITICAL WARNING: [Synth 8-3352] multi-driven net Q with 1st driver pin 'U0/aux_reg[1]__0/Q' [c:/Users/fmcta/Desktop/CR/aula6/ex4/ex4.srcs/sources_1/bd/ex4/ipshared/2a40/src/Average.vhd:59]
CRITICAL WARNING: [Synth 8-3352] multi-driven net Q with 2nd driver pin 'GND' [c:/Users/fmcta/Desktop/CR/aula6/ex4/ex4.srcs/sources_1/bd/ex4/ipshared/2a40/src/Average.vhd:59]
CRITICAL WARNING: [Synth 8-5559] multi-driven net Q is connected to constant driver, other driver is ignored [c:/Users/fmcta/Desktop/CR/aula6/ex4/ex4.srcs/sources_1/bd/ex4/ipshared/2a40/src/Average.vhd:59]
WARNING: [Synth 8-3332] Sequential element (aux_reg[0]__0) is unused and will be removed from module Average.
CRITICAL WARNING: [Synth 8-3352] multi-driven net Q with 1st driver pin 'U0/aux_reg[0]__0/Q' [c:/Users/fmcta/Desktop/CR/aula6/ex4/ex4.srcs/sources_1/bd/ex4/ipshared/2a40/src/Average.vhd:59]
CRITICAL WARNING: [Synth 8-3352] multi-driven net Q with 2nd driver pin 'GND' [c:/Users/fmcta/Desktop/CR/aula6/ex4/ex4.srcs/sources_1/bd/ex4/ipshared/2a40/src/Average.vhd:59]
CRITICAL WARNING: [Synth 8-5559] multi-driven net Q is connected to constant driver, other driver is ignored [c:/Users/fmcta/Desktop/CR/aula6/ex4/ex4.srcs/sources_1/bd/ex4/ipshared/2a40/src/Average.vhd:59]
WARNING: [Synth 8-3332] Sequential element (average_reg[15]) is unused and will be removed from module Average.
WARNING: [Synth 8-3332] Sequential element (average_reg[14]) is unused and will be removed from module Average.
WARNING: [Synth 8-3332] Sequential element (average_reg[13]) is unused and will be removed from module Average.
WARNING: [Synth 8-3332] Sequential element (average_reg[12]) is unused and will be removed from module Average.
WARNING: [Synth 8-3332] Sequential element (average_reg[11]) is unused and will be removed from module Average.
WARNING: [Synth 8-3332] Sequential element (average_reg[10]) is unused and will be removed from module Average.
WARNING: [Synth 8-3332] Sequential element (average_reg[9]) is unused and will be removed from module Average.
WARNING: [Synth 8-3332] Sequential element (average_reg[8]) is unused and will be removed from module Average.
WARNING: [Synth 8-3332] Sequential element (average_reg[7]) is unused and will be removed from module Average.
WARNING: [Synth 8-3332] Sequential element (average_reg[6]) is unused and will be removed from module Average.
WARNING: [Synth 8-3332] Sequential element (average_reg[5]) is unused and will be removed from module Average.
WARNING: [Synth 8-3332] Sequential element (average_reg[4]) is unused and will be removed from module Average.
WARNING: [Synth 8-3332] Sequential element (average_reg[3]) is unused and will be removed from module Average.
WARNING: [Synth 8-3332] Sequential element (average_reg[2]) is unused and will be removed from module Average.
WARNING: [Synth 8-3332] Sequential element (average_reg[1]) is unused and will be removed from module Average.
WARNING: [Synth 8-3332] Sequential element (average_reg[0]) is unused and will be removed from module Average.
---------------------------------------------------------------------------------
Finished Cross Boundary and Area Optimization : Time (s): cpu = 00:00:26 ; elapsed = 00:00:33 . Memory (MB): peak = 624.445 ; gain = 414.820
---------------------------------------------------------------------------------

Report RTL Partitions: 
+-+--------------+------------+----------+
| |RTL Partition |Replication |Instances |
+-+--------------+------------+----------+
+-+--------------+------------+----------+
---------------------------------------------------------------------------------
Start Timing Optimization
---------------------------------------------------------------------------------
---------------------------------------------------------------------------------
Start Applying XDC Timing Constraints
---------------------------------------------------------------------------------
---------------------------------------------------------------------------------
Finished Applying XDC Timing Constraints : Time (s): cpu = 00:00:42 ; elapsed = 00:00:49 . Memory (MB): peak = 624.445 ; gain = 414.820
---------------------------------------------------------------------------------
---------------------------------------------------------------------------------
Finished Timing Optimization : Time (s): cpu = 00:00:42 ; elapsed = 00:00:49 . Memory (MB): peak = 624.445 ; gain = 414.820
---------------------------------------------------------------------------------

Report RTL Partitions: 
+-+--------------+------------+----------+
| |RTL Partition |Replication |Instances |
+-+--------------+------------+----------+
+-+--------------+------------+----------+
---------------------------------------------------------------------------------
Start Technology Mapping
---------------------------------------------------------------------------------
---------------------------------------------------------------------------------
Finished Technology Mapping : Time (s): cpu = 00:00:42 ; elapsed = 00:00:49 . Memory (MB): peak = 624.445 ; gain = 414.820
---------------------------------------------------------------------------------

Report RTL Partitions: 
+-+--------------+------------+----------+
| |RTL Partition |Replication |Instances |
+-+--------------+------------+----------+
+-+--------------+------------+----------+
---------------------------------------------------------------------------------
Start IO Insertion
---------------------------------------------------------------------------------
---------------------------------------------------------------------------------
Start Flattening Before IO Insertion
---------------------------------------------------------------------------------
---------------------------------------------------------------------------------
Finished Flattening Before IO Insertion
---------------------------------------------------------------------------------
---------------------------------------------------------------------------------
Start Final Netlist Cleanup
---------------------------------------------------------------------------------
---------------------------------------------------------------------------------
Finished Final Netlist Cleanup
---------------------------------------------------------------------------------
---------------------------------------------------------------------------------
Finished IO Insertion : Time (s): cpu = 00:00:42 ; elapsed = 00:00:50 . Memory (MB): peak = 624.445 ; gain = 414.820
---------------------------------------------------------------------------------

Report Check Netlist: 
+------+------------------+-------+---------+-------+------------------+
|      |Item              |Errors |Warnings |Status |Description       |
+------+------------------+-------+---------+-------+------------------+
|1     |multi_driven_nets |      0|        0|Passed |Multi driven nets |
+------+------------------+-------+---------+-------+------------------+
---------------------------------------------------------------------------------
Start Renaming Generated Instances
---------------------------------------------------------------------------------
---------------------------------------------------------------------------------
Finished Renaming Generated Instances : Time (s): cpu = 00:00:42 ; elapsed = 00:00:50 . Memory (MB): peak = 624.445 ; gain = 414.820
---------------------------------------------------------------------------------

Report RTL Partitions: 
+-+--------------+------------+----------+
| |RTL Partition |Replication |Instances |
+-+--------------+------------+----------+
+-+--------------+------------+----------+
---------------------------------------------------------------------------------
Start Rebuilding User Hierarchy
---------------------------------------------------------------------------------
---------------------------------------------------------------------------------
Finished Rebuilding User Hierarchy : Time (s): cpu = 00:00:42 ; elapsed = 00:00:50 . Memory (MB): peak = 624.445 ; gain = 414.820
---------------------------------------------------------------------------------
---------------------------------------------------------------------------------
Start Renaming Generated Ports
---------------------------------------------------------------------------------
---------------------------------------------------------------------------------
Finished Renaming Generated Ports : Time (s): cpu = 00:00:42 ; elapsed = 00:00:50 . Memory (MB): peak = 624.445 ; gain = 414.820
---------------------------------------------------------------------------------
---------------------------------------------------------------------------------
Start Handling Custom Attributes
---------------------------------------------------------------------------------
---------------------------------------------------------------------------------
Finished Handling Custom Attributes : Time (s): cpu = 00:00:43 ; elapsed = 00:00:50 . Memory (MB): peak = 624.445 ; gain = 414.820
---------------------------------------------------------------------------------
---------------------------------------------------------------------------------
Start Renaming Generated Nets
---------------------------------------------------------------------------------
---------------------------------------------------------------------------------
Finished Renaming Generated Nets : Time (s): cpu = 00:00:43 ; elapsed = 00:00:50 . Memory (MB): peak = 624.445 ; gain = 414.820
---------------------------------------------------------------------------------
---------------------------------------------------------------------------------
Start Writing Synthesis Report
---------------------------------------------------------------------------------

Report BlackBoxes: 
+-+--------------+----------+
| |BlackBox name |Instances |
+-+--------------+----------+
+-+--------------+----------+

Report Cell Usage: 
+------+-----+------+
|      |Cell |Count |
+------+-----+------+
|1     |LUT3 |     4|
|2     |FDRE |     3|
|3     |FDSE |     1|
+------+-----+------+

Report Instance Areas: 
+------+---------+--------+------+
|      |Instance |Module  |Cells |
+------+---------+--------+------+
|1     |top      |        |     8|
|2     |  U0     |Average |     8|
+------+---------+--------+------+
---------------------------------------------------------------------------------
Finished Writing Synthesis Report : Time (s): cpu = 00:00:43 ; elapsed = 00:00:50 . Memory (MB): peak = 624.445 ; gain = 414.820
---------------------------------------------------------------------------------
Synthesis finished with 0 errors, 48 critical warnings and 49 warnings.
Synthesis Optimization Runtime : Time (s): cpu = 00:00:22 ; elapsed = 00:00:31 . Memory (MB): peak = 624.445 ; gain = 112.336
Synthesis Optimization Complete : Time (s): cpu = 00:00:43 ; elapsed = 00:00:50 . Memory (MB): peak = 624.445 ; gain = 414.820
INFO: [Project 1-571] Translating synthesized netlist
INFO: [Project 1-570] Preparing netlist for logic optimization
Parsing XDC File [c:/Users/fmcta/Desktop/CR/aula6/ex4/ex4.srcs/sources_1/bd/ex4/ip/ex4_Average_0_1/src/Nexys4_Master.xdc] for cell 'U0'
Finished Parsing XDC File [c:/Users/fmcta/Desktop/CR/aula6/ex4/ex4.srcs/sources_1/bd/ex4/ip/ex4_Average_0_1/src/Nexys4_Master.xdc] for cell 'U0'
INFO: [Opt 31-138] Pushed 0 inverter(s) to 0 load pin(s).
INFO: [Project 1-111] Unisim Transformation Summary:
No Unisim elements were transformed.

INFO: [Common 17-83] Releasing license: Synthesis
23 Infos, 149 Warnings, 148 Critical Warnings and 0 Errors encountered.
synth_design completed successfully
synth_design: Time (s): cpu = 00:00:41 ; elapsed = 00:00:43 . Memory (MB): peak = 626.258 ; gain = 410.508
INFO: [Common 17-1381] The checkpoint 'C:/Users/fmcta/Desktop/CR/aula6/ex4/ex4.runs/ex4_Average_0_1_synth_1/ex4_Average_0_1.dcp' has been generated.
