
*** Running vivado
    with args -log design_1_wrapper.vds -m64 -product Vivado -mode batch -messageDb vivado.pb -notrace -source design_1_wrapper.tcl


****** Vivado v2016.4 (64-bit)
  **** SW Build 1756540 on Mon Jan 23 19:11:23 MST 2017
  **** IP Build 1755317 on Mon Jan 23 20:30:07 MST 2017
    ** Copyright 1986-2016 Xilinx, Inc. All Rights Reserved.

source design_1_wrapper.tcl -notrace
INFO: [IP_Flow 19-234] Refreshing IP repositories
INFO: [IP_Flow 19-1700] Loaded user IP repository 'c:/Users/Utilizador/Desktop/Universidade/4_ano/2_semestre/CR/Praticas/Aula3/Aula3_estudo/ips/clockDivider'.
INFO: [IP_Flow 19-1700] Loaded user IP repository 'c:/Users/Utilizador/Desktop/Universidade/4_ano/2_semestre/CR/Praticas/Aula3/Aula3_estudo/ips/decimalToDisplays'.
INFO: [IP_Flow 19-1700] Loaded user IP repository 'c:/Users/Utilizador/Desktop/Universidade/4_ano/2_semestre/CR/Praticas/Aula3/Aula3_estudo/ips/contador'.
INFO: [IP_Flow 19-1700] Loaded user IP repository 'c:/Users/Utilizador/Desktop/Universidade/4_ano/2_semestre/CR/Praticas/Aula3/Aula3_estudo/ips/binToBCD'.
INFO: [IP_Flow 19-2313] Loaded Vivado IP repository 'C:/Xilinx/Vivado/2016.4/data/ip'.
Command: synth_design -top design_1_wrapper -part xc7a100tcsg324-1
Starting synth_design
Attempting to get a license for feature 'Synthesis' and/or device 'xc7a100t'
INFO: [Common 17-349] Got license for feature 'Synthesis' and/or device 'xc7a100t'
INFO: Launching helper process for spawning children vivado processes
INFO: Helper process launched with PID 16208 
---------------------------------------------------------------------------------
Starting RTL Elaboration : Time (s): cpu = 00:00:25 ; elapsed = 00:00:34 . Memory (MB): peak = 291.438 ; gain = 81.016
---------------------------------------------------------------------------------
INFO: [Synth 8-638] synthesizing module 'design_1_wrapper' [C:/Users/Utilizador/Desktop/Universidade/4_ano/2_semestre/CR/Praticas/Aula3/Aula3_estudo/Aula3_estudo.srcs/sources_1/bd/design_1/hdl/design_1_wrapper.vhd:24]
INFO: [Synth 8-3491] module 'design_1' declared at 'C:/Users/Utilizador/Desktop/Universidade/4_ano/2_semestre/CR/Praticas/Aula3/Aula3_estudo/Aula3_estudo.srcs/sources_1/bd/design_1/hdl/design_1.vhd:14' bound to instance 'design_1_i' of component 'design_1' [C:/Users/Utilizador/Desktop/Universidade/4_ano/2_semestre/CR/Praticas/Aula3/Aula3_estudo/Aula3_estudo.srcs/sources_1/bd/design_1/hdl/design_1_wrapper.vhd:35]
INFO: [Synth 8-638] synthesizing module 'design_1' [C:/Users/Utilizador/Desktop/Universidade/4_ano/2_semestre/CR/Praticas/Aula3/Aula3_estudo/Aula3_estudo.srcs/sources_1/bd/design_1/hdl/design_1.vhd:28]
INFO: [Synth 8-3491] module 'design_1_BinToBCD16_0_0' declared at 'C:/Users/Utilizador/Desktop/Universidade/4_ano/2_semestre/CR/Praticas/Aula3/Aula3_estudo/Aula3_estudo.runs/synth_1/.Xil/Vivado-11820-TiagoHenriques/realtime/design_1_BinToBCD16_0_0_stub.vhdl:5' bound to instance 'BinToBCD16_0' of component 'design_1_BinToBCD16_0_0' [C:/Users/Utilizador/Desktop/Universidade/4_ano/2_semestre/CR/Praticas/Aula3/Aula3_estudo/Aula3_estudo.srcs/sources_1/bd/design_1/hdl/design_1.vhd:92]
INFO: [Synth 8-638] synthesizing module 'design_1_BinToBCD16_0_0' [C:/Users/Utilizador/Desktop/Universidade/4_ano/2_semestre/CR/Praticas/Aula3/Aula3_estudo/Aula3_estudo.runs/synth_1/.Xil/Vivado-11820-TiagoHenriques/realtime/design_1_BinToBCD16_0_0_stub.vhdl:21]
INFO: [Synth 8-3491] module 'design_1_Decimal_to_Displays_0_0' declared at 'C:/Users/Utilizador/Desktop/Universidade/4_ano/2_semestre/CR/Praticas/Aula3/Aula3_estudo/Aula3_estudo.runs/synth_1/.Xil/Vivado-11820-TiagoHenriques/realtime/design_1_Decimal_to_Displays_0_0_stub.vhdl:5' bound to instance 'Decimal_to_Displays_0' of component 'design_1_Decimal_to_Displays_0_0' [C:/Users/Utilizador/Desktop/Universidade/4_ano/2_semestre/CR/Praticas/Aula3/Aula3_estudo/Aula3_estudo.srcs/sources_1/bd/design_1/hdl/design_1.vhd:105]
INFO: [Synth 8-638] synthesizing module 'design_1_Decimal_to_Displays_0_0' [C:/Users/Utilizador/Desktop/Universidade/4_ano/2_semestre/CR/Praticas/Aula3/Aula3_estudo/Aula3_estudo.runs/synth_1/.Xil/Vivado-11820-TiagoHenriques/realtime/design_1_Decimal_to_Displays_0_0_stub.vhdl:16]
INFO: [Synth 8-3491] module 'design_1_clock_divider_1_0' declared at 'C:/Users/Utilizador/Desktop/Universidade/4_ano/2_semestre/CR/Praticas/Aula3/Aula3_estudo/Aula3_estudo.runs/synth_1/.Xil/Vivado-11820-TiagoHenriques/realtime/design_1_clock_divider_1_0_stub.vhdl:5' bound to instance 'clock_divider_1' of component 'design_1_clock_divider_1_0' [C:/Users/Utilizador/Desktop/Universidade/4_ano/2_semestre/CR/Praticas/Aula3/Aula3_estudo/Aula3_estudo.srcs/sources_1/bd/design_1/hdl/design_1.vhd:113]
INFO: [Synth 8-638] synthesizing module 'design_1_clock_divider_1_0' [C:/Users/Utilizador/Desktop/Universidade/4_ano/2_semestre/CR/Praticas/Aula3/Aula3_estudo/Aula3_estudo.runs/synth_1/.Xil/Vivado-11820-TiagoHenriques/realtime/design_1_clock_divider_1_0_stub.vhdl:14]
INFO: [Synth 8-3491] module 'design_1_contador_0_0' declared at 'C:/Users/Utilizador/Desktop/Universidade/4_ano/2_semestre/CR/Praticas/Aula3/Aula3_estudo/Aula3_estudo.runs/synth_1/.Xil/Vivado-11820-TiagoHenriques/realtime/design_1_contador_0_0_stub.vhdl:5' bound to instance 'contador_0' of component 'design_1_contador_0_0' [C:/Users/Utilizador/Desktop/Universidade/4_ano/2_semestre/CR/Praticas/Aula3/Aula3_estudo/Aula3_estudo.srcs/sources_1/bd/design_1/hdl/design_1.vhd:119]
INFO: [Synth 8-638] synthesizing module 'design_1_contador_0_0' [C:/Users/Utilizador/Desktop/Universidade/4_ano/2_semestre/CR/Praticas/Aula3/Aula3_estudo/Aula3_estudo.runs/synth_1/.Xil/Vivado-11820-TiagoHenriques/realtime/design_1_contador_0_0_stub.vhdl:15]
INFO: [Synth 8-3491] module 'design_1_xlconstant_0_0' declared at 'C:/Users/Utilizador/Desktop/Universidade/4_ano/2_semestre/CR/Praticas/Aula3/Aula3_estudo/Aula3_estudo.runs/synth_1/.Xil/Vivado-11820-TiagoHenriques/realtime/design_1_xlconstant_0_0_stub.vhdl:5' bound to instance 'xlconstant_0' of component 'design_1_xlconstant_0_0' [C:/Users/Utilizador/Desktop/Universidade/4_ano/2_semestre/CR/Praticas/Aula3/Aula3_estudo/Aula3_estudo.srcs/sources_1/bd/design_1/hdl/design_1.vhd:126]
INFO: [Synth 8-638] synthesizing module 'design_1_xlconstant_0_0' [C:/Users/Utilizador/Desktop/Universidade/4_ano/2_semestre/CR/Praticas/Aula3/Aula3_estudo/Aula3_estudo.runs/synth_1/.Xil/Vivado-11820-TiagoHenriques/realtime/design_1_xlconstant_0_0_stub.vhdl:12]
INFO: [Synth 8-256] done synthesizing module 'design_1' (1#1) [C:/Users/Utilizador/Desktop/Universidade/4_ano/2_semestre/CR/Praticas/Aula3/Aula3_estudo/Aula3_estudo.srcs/sources_1/bd/design_1/hdl/design_1.vhd:28]
INFO: [Synth 8-256] done synthesizing module 'design_1_wrapper' (2#1) [C:/Users/Utilizador/Desktop/Universidade/4_ano/2_semestre/CR/Praticas/Aula3/Aula3_estudo/Aula3_estudo.srcs/sources_1/bd/design_1/hdl/design_1_wrapper.vhd:24]
---------------------------------------------------------------------------------
Finished RTL Elaboration : Time (s): cpu = 00:00:28 ; elapsed = 00:00:36 . Memory (MB): peak = 328.934 ; gain = 118.512
---------------------------------------------------------------------------------

Report Check Netlist: 
+------+------------------+-------+---------+-------+------------------+
|      |Item              |Errors |Warnings |Status |Description       |
+------+------------------+-------+---------+-------+------------------+
|1     |multi_driven_nets |      0|        0|Passed |Multi driven nets |
+------+------------------+-------+---------+-------+------------------+
---------------------------------------------------------------------------------
Finished RTL Optimization Phase 1 : Time (s): cpu = 00:00:28 ; elapsed = 00:00:37 . Memory (MB): peak = 328.934 ; gain = 118.512
---------------------------------------------------------------------------------
WARNING: [Project 1-486] Could not resolve non-primitive black box cell 'design_1_BinToBCD16_0_0' instantiated as 'design_1_i/BinToBCD16_0' [C:/Users/Utilizador/Desktop/Universidade/4_ano/2_semestre/CR/Praticas/Aula3/Aula3_estudo/Aula3_estudo.srcs/sources_1/bd/design_1/hdl/design_1.vhd:92]
WARNING: [Project 1-486] Could not resolve non-primitive black box cell 'design_1_Decimal_to_Displays_0_0' instantiated as 'design_1_i/Decimal_to_Displays_0' [C:/Users/Utilizador/Desktop/Universidade/4_ano/2_semestre/CR/Praticas/Aula3/Aula3_estudo/Aula3_estudo.srcs/sources_1/bd/design_1/hdl/design_1.vhd:105]
WARNING: [Project 1-486] Could not resolve non-primitive black box cell 'design_1_clock_divider_1_0' instantiated as 'design_1_i/clock_divider_1' [C:/Users/Utilizador/Desktop/Universidade/4_ano/2_semestre/CR/Praticas/Aula3/Aula3_estudo/Aula3_estudo.srcs/sources_1/bd/design_1/hdl/design_1.vhd:113]
WARNING: [Project 1-486] Could not resolve non-primitive black box cell 'design_1_contador_0_0' instantiated as 'design_1_i/contador_0' [C:/Users/Utilizador/Desktop/Universidade/4_ano/2_semestre/CR/Praticas/Aula3/Aula3_estudo/Aula3_estudo.srcs/sources_1/bd/design_1/hdl/design_1.vhd:119]
WARNING: [Project 1-486] Could not resolve non-primitive black box cell 'design_1_xlconstant_0_0' instantiated as 'design_1_i/xlconstant_0' [C:/Users/Utilizador/Desktop/Universidade/4_ano/2_semestre/CR/Praticas/Aula3/Aula3_estudo/Aula3_estudo.srcs/sources_1/bd/design_1/hdl/design_1.vhd:126]
INFO: [Device 21-403] Loading part xc7a100tcsg324-1
INFO: [Project 1-570] Preparing netlist for logic optimization

Processing XDC Constraints
Initializing timing engine
Parsing XDC File [C:/Users/Utilizador/Desktop/Universidade/4_ano/2_semestre/CR/Praticas/Aula3/Aula3_estudo/Aula3_estudo.runs/synth_1/.Xil/Vivado-11820-TiagoHenriques/dcp/design_1_BinToBCD16_0_0_in_context.xdc] for cell 'design_1_i/BinToBCD16_0'
Finished Parsing XDC File [C:/Users/Utilizador/Desktop/Universidade/4_ano/2_semestre/CR/Praticas/Aula3/Aula3_estudo/Aula3_estudo.runs/synth_1/.Xil/Vivado-11820-TiagoHenriques/dcp/design_1_BinToBCD16_0_0_in_context.xdc] for cell 'design_1_i/BinToBCD16_0'
Parsing XDC File [C:/Users/Utilizador/Desktop/Universidade/4_ano/2_semestre/CR/Praticas/Aula3/Aula3_estudo/Aula3_estudo.runs/synth_1/.Xil/Vivado-11820-TiagoHenriques/dcp_2/design_1_Decimal_to_Displays_0_0_in_context.xdc] for cell 'design_1_i/Decimal_to_Displays_0'
Finished Parsing XDC File [C:/Users/Utilizador/Desktop/Universidade/4_ano/2_semestre/CR/Praticas/Aula3/Aula3_estudo/Aula3_estudo.runs/synth_1/.Xil/Vivado-11820-TiagoHenriques/dcp_2/design_1_Decimal_to_Displays_0_0_in_context.xdc] for cell 'design_1_i/Decimal_to_Displays_0'
Parsing XDC File [C:/Users/Utilizador/Desktop/Universidade/4_ano/2_semestre/CR/Praticas/Aula3/Aula3_estudo/Aula3_estudo.runs/synth_1/.Xil/Vivado-11820-TiagoHenriques/dcp_3/design_1_contador_0_0_in_context.xdc] for cell 'design_1_i/contador_0'
Finished Parsing XDC File [C:/Users/Utilizador/Desktop/Universidade/4_ano/2_semestre/CR/Praticas/Aula3/Aula3_estudo/Aula3_estudo.runs/synth_1/.Xil/Vivado-11820-TiagoHenriques/dcp_3/design_1_contador_0_0_in_context.xdc] for cell 'design_1_i/contador_0'
Parsing XDC File [C:/Users/Utilizador/Desktop/Universidade/4_ano/2_semestre/CR/Praticas/Aula3/Aula3_estudo/Aula3_estudo.runs/synth_1/.Xil/Vivado-11820-TiagoHenriques/dcp_4/design_1_clock_divider_1_0_in_context.xdc] for cell 'design_1_i/clock_divider_1'
Finished Parsing XDC File [C:/Users/Utilizador/Desktop/Universidade/4_ano/2_semestre/CR/Praticas/Aula3/Aula3_estudo/Aula3_estudo.runs/synth_1/.Xil/Vivado-11820-TiagoHenriques/dcp_4/design_1_clock_divider_1_0_in_context.xdc] for cell 'design_1_i/clock_divider_1'
Parsing XDC File [C:/Users/Utilizador/Desktop/Universidade/4_ano/2_semestre/CR/Praticas/Aula3/Aula3_estudo/Aula3_estudo.runs/synth_1/.Xil/Vivado-11820-TiagoHenriques/dcp_5/design_1_xlconstant_0_0_in_context.xdc] for cell 'design_1_i/xlconstant_0'
Finished Parsing XDC File [C:/Users/Utilizador/Desktop/Universidade/4_ano/2_semestre/CR/Praticas/Aula3/Aula3_estudo/Aula3_estudo.runs/synth_1/.Xil/Vivado-11820-TiagoHenriques/dcp_5/design_1_xlconstant_0_0_in_context.xdc] for cell 'design_1_i/xlconstant_0'
Parsing XDC File [C:/Users/Utilizador/Desktop/Universidade/4_ano/2_semestre/CR/Praticas/Nexys4_Master.xdc]
WARNING: [Vivado 12-584] No ports matched 'led[0]'. [C:/Users/Utilizador/Desktop/Universidade/4_ano/2_semestre/CR/Praticas/Nexys4_Master.xdc:66]
WARNING: [Vivado 12-584] No ports matched 'led[0]'. [C:/Users/Utilizador/Desktop/Universidade/4_ano/2_semestre/CR/Praticas/Nexys4_Master.xdc:67]
WARNING: [Vivado 12-584] No ports matched 'led[1]'. [C:/Users/Utilizador/Desktop/Universidade/4_ano/2_semestre/CR/Praticas/Nexys4_Master.xdc:69]
WARNING: [Vivado 12-584] No ports matched 'led[1]'. [C:/Users/Utilizador/Desktop/Universidade/4_ano/2_semestre/CR/Praticas/Nexys4_Master.xdc:70]
WARNING: [Vivado 12-584] No ports matched 'led[2]'. [C:/Users/Utilizador/Desktop/Universidade/4_ano/2_semestre/CR/Praticas/Nexys4_Master.xdc:72]
WARNING: [Vivado 12-584] No ports matched 'led[2]'. [C:/Users/Utilizador/Desktop/Universidade/4_ano/2_semestre/CR/Praticas/Nexys4_Master.xdc:73]
WARNING: [Vivado 12-584] No ports matched 'led[3]'. [C:/Users/Utilizador/Desktop/Universidade/4_ano/2_semestre/CR/Praticas/Nexys4_Master.xdc:75]
WARNING: [Vivado 12-584] No ports matched 'led[3]'. [C:/Users/Utilizador/Desktop/Universidade/4_ano/2_semestre/CR/Praticas/Nexys4_Master.xdc:76]
WARNING: [Vivado 12-584] No ports matched 'led[4]'. [C:/Users/Utilizador/Desktop/Universidade/4_ano/2_semestre/CR/Praticas/Nexys4_Master.xdc:78]
WARNING: [Vivado 12-584] No ports matched 'led[4]'. [C:/Users/Utilizador/Desktop/Universidade/4_ano/2_semestre/CR/Praticas/Nexys4_Master.xdc:79]
WARNING: [Vivado 12-584] No ports matched 'led[5]'. [C:/Users/Utilizador/Desktop/Universidade/4_ano/2_semestre/CR/Praticas/Nexys4_Master.xdc:81]
WARNING: [Vivado 12-584] No ports matched 'led[5]'. [C:/Users/Utilizador/Desktop/Universidade/4_ano/2_semestre/CR/Praticas/Nexys4_Master.xdc:82]
WARNING: [Vivado 12-584] No ports matched 'led[6]'. [C:/Users/Utilizador/Desktop/Universidade/4_ano/2_semestre/CR/Praticas/Nexys4_Master.xdc:84]
WARNING: [Vivado 12-584] No ports matched 'led[6]'. [C:/Users/Utilizador/Desktop/Universidade/4_ano/2_semestre/CR/Praticas/Nexys4_Master.xdc:85]
WARNING: [Vivado 12-584] No ports matched 'led[7]'. [C:/Users/Utilizador/Desktop/Universidade/4_ano/2_semestre/CR/Praticas/Nexys4_Master.xdc:87]
WARNING: [Vivado 12-584] No ports matched 'led[7]'. [C:/Users/Utilizador/Desktop/Universidade/4_ano/2_semestre/CR/Praticas/Nexys4_Master.xdc:88]
WARNING: [Vivado 12-584] No ports matched 'led[8]'. [C:/Users/Utilizador/Desktop/Universidade/4_ano/2_semestre/CR/Praticas/Nexys4_Master.xdc:90]
WARNING: [Vivado 12-584] No ports matched 'led[8]'. [C:/Users/Utilizador/Desktop/Universidade/4_ano/2_semestre/CR/Praticas/Nexys4_Master.xdc:91]
WARNING: [Vivado 12-584] No ports matched 'led[9]'. [C:/Users/Utilizador/Desktop/Universidade/4_ano/2_semestre/CR/Praticas/Nexys4_Master.xdc:93]
WARNING: [Vivado 12-584] No ports matched 'led[9]'. [C:/Users/Utilizador/Desktop/Universidade/4_ano/2_semestre/CR/Praticas/Nexys4_Master.xdc:94]
WARNING: [Vivado 12-584] No ports matched 'led[10]'. [C:/Users/Utilizador/Desktop/Universidade/4_ano/2_semestre/CR/Praticas/Nexys4_Master.xdc:96]
WARNING: [Vivado 12-584] No ports matched 'led[10]'. [C:/Users/Utilizador/Desktop/Universidade/4_ano/2_semestre/CR/Praticas/Nexys4_Master.xdc:97]
WARNING: [Vivado 12-584] No ports matched 'led[11]'. [C:/Users/Utilizador/Desktop/Universidade/4_ano/2_semestre/CR/Praticas/Nexys4_Master.xdc:99]
WARNING: [Vivado 12-584] No ports matched 'led[11]'. [C:/Users/Utilizador/Desktop/Universidade/4_ano/2_semestre/CR/Praticas/Nexys4_Master.xdc:100]
WARNING: [Vivado 12-584] No ports matched 'led[12]'. [C:/Users/Utilizador/Desktop/Universidade/4_ano/2_semestre/CR/Praticas/Nexys4_Master.xdc:102]
WARNING: [Vivado 12-584] No ports matched 'led[12]'. [C:/Users/Utilizador/Desktop/Universidade/4_ano/2_semestre/CR/Praticas/Nexys4_Master.xdc:103]
WARNING: [Vivado 12-584] No ports matched 'led[13]'. [C:/Users/Utilizador/Desktop/Universidade/4_ano/2_semestre/CR/Praticas/Nexys4_Master.xdc:105]
WARNING: [Vivado 12-584] No ports matched 'led[13]'. [C:/Users/Utilizador/Desktop/Universidade/4_ano/2_semestre/CR/Praticas/Nexys4_Master.xdc:106]
WARNING: [Vivado 12-584] No ports matched 'led[14]'. [C:/Users/Utilizador/Desktop/Universidade/4_ano/2_semestre/CR/Praticas/Nexys4_Master.xdc:108]
WARNING: [Vivado 12-584] No ports matched 'led[14]'. [C:/Users/Utilizador/Desktop/Universidade/4_ano/2_semestre/CR/Praticas/Nexys4_Master.xdc:109]
WARNING: [Vivado 12-584] No ports matched 'led[15]'. [C:/Users/Utilizador/Desktop/Universidade/4_ano/2_semestre/CR/Praticas/Nexys4_Master.xdc:111]
WARNING: [Vivado 12-584] No ports matched 'led[15]'. [C:/Users/Utilizador/Desktop/Universidade/4_ano/2_semestre/CR/Praticas/Nexys4_Master.xdc:112]
WARNING: [Vivado 12-584] No ports matched 'RGB1_Red'. [C:/Users/Utilizador/Desktop/Universidade/4_ano/2_semestre/CR/Praticas/Nexys4_Master.xdc:115]
WARNING: [Vivado 12-584] No ports matched 'RGB1_Red'. [C:/Users/Utilizador/Desktop/Universidade/4_ano/2_semestre/CR/Praticas/Nexys4_Master.xdc:116]
WARNING: [Vivado 12-584] No ports matched 'RGB1_Green'. [C:/Users/Utilizador/Desktop/Universidade/4_ano/2_semestre/CR/Praticas/Nexys4_Master.xdc:118]
WARNING: [Vivado 12-584] No ports matched 'RGB1_Green'. [C:/Users/Utilizador/Desktop/Universidade/4_ano/2_semestre/CR/Praticas/Nexys4_Master.xdc:119]
WARNING: [Vivado 12-584] No ports matched 'RGB1_Blue'. [C:/Users/Utilizador/Desktop/Universidade/4_ano/2_semestre/CR/Praticas/Nexys4_Master.xdc:121]
WARNING: [Vivado 12-584] No ports matched 'RGB1_Blue'. [C:/Users/Utilizador/Desktop/Universidade/4_ano/2_semestre/CR/Praticas/Nexys4_Master.xdc:122]
WARNING: [Vivado 12-584] No ports matched 'RGB2_Red'. [C:/Users/Utilizador/Desktop/Universidade/4_ano/2_semestre/CR/Praticas/Nexys4_Master.xdc:124]
WARNING: [Vivado 12-584] No ports matched 'RGB2_Red'. [C:/Users/Utilizador/Desktop/Universidade/4_ano/2_semestre/CR/Praticas/Nexys4_Master.xdc:125]
WARNING: [Vivado 12-584] No ports matched 'RGB2_Green'. [C:/Users/Utilizador/Desktop/Universidade/4_ano/2_semestre/CR/Praticas/Nexys4_Master.xdc:127]
WARNING: [Vivado 12-584] No ports matched 'RGB2_Green'. [C:/Users/Utilizador/Desktop/Universidade/4_ano/2_semestre/CR/Praticas/Nexys4_Master.xdc:128]
WARNING: [Vivado 12-584] No ports matched 'RGB2_Blue'. [C:/Users/Utilizador/Desktop/Universidade/4_ano/2_semestre/CR/Praticas/Nexys4_Master.xdc:130]
WARNING: [Vivado 12-584] No ports matched 'RGB2_Blue'. [C:/Users/Utilizador/Desktop/Universidade/4_ano/2_semestre/CR/Praticas/Nexys4_Master.xdc:131]
WARNING: [Vivado 12-584] No ports matched 'btnU'. [C:/Users/Utilizador/Desktop/Universidade/4_ano/2_semestre/CR/Praticas/Nexys4_Master.xdc:197]
WARNING: [Vivado 12-584] No ports matched 'btnU'. [C:/Users/Utilizador/Desktop/Universidade/4_ano/2_semestre/CR/Praticas/Nexys4_Master.xdc:198]
WARNING: [Vivado 12-584] No ports matched 'btnL'. [C:/Users/Utilizador/Desktop/Universidade/4_ano/2_semestre/CR/Praticas/Nexys4_Master.xdc:200]
WARNING: [Vivado 12-584] No ports matched 'btnL'. [C:/Users/Utilizador/Desktop/Universidade/4_ano/2_semestre/CR/Praticas/Nexys4_Master.xdc:201]
WARNING: [Vivado 12-584] No ports matched 'btnR'. [C:/Users/Utilizador/Desktop/Universidade/4_ano/2_semestre/CR/Praticas/Nexys4_Master.xdc:203]
WARNING: [Vivado 12-584] No ports matched 'btnR'. [C:/Users/Utilizador/Desktop/Universidade/4_ano/2_semestre/CR/Praticas/Nexys4_Master.xdc:204]
WARNING: [Vivado 12-584] No ports matched 'btnD'. [C:/Users/Utilizador/Desktop/Universidade/4_ano/2_semestre/CR/Praticas/Nexys4_Master.xdc:206]
WARNING: [Vivado 12-584] No ports matched 'btnD'. [C:/Users/Utilizador/Desktop/Universidade/4_ano/2_semestre/CR/Praticas/Nexys4_Master.xdc:207]
WARNING: [Vivado 12-584] No ports matched 'JA[0]'. [C:/Users/Utilizador/Desktop/Universidade/4_ano/2_semestre/CR/Praticas/Nexys4_Master.xdc:213]
WARNING: [Vivado 12-584] No ports matched 'JA[0]'. [C:/Users/Utilizador/Desktop/Universidade/4_ano/2_semestre/CR/Praticas/Nexys4_Master.xdc:214]
WARNING: [Vivado 12-584] No ports matched 'JA[1]'. [C:/Users/Utilizador/Desktop/Universidade/4_ano/2_semestre/CR/Praticas/Nexys4_Master.xdc:216]
WARNING: [Vivado 12-584] No ports matched 'JA[1]'. [C:/Users/Utilizador/Desktop/Universidade/4_ano/2_semestre/CR/Praticas/Nexys4_Master.xdc:217]
WARNING: [Vivado 12-584] No ports matched 'JA[2]'. [C:/Users/Utilizador/Desktop/Universidade/4_ano/2_semestre/CR/Praticas/Nexys4_Master.xdc:219]
WARNING: [Vivado 12-584] No ports matched 'JA[2]'. [C:/Users/Utilizador/Desktop/Universidade/4_ano/2_semestre/CR/Praticas/Nexys4_Master.xdc:220]
WARNING: [Vivado 12-584] No ports matched 'JA[3]'. [C:/Users/Utilizador/Desktop/Universidade/4_ano/2_semestre/CR/Praticas/Nexys4_Master.xdc:222]
WARNING: [Vivado 12-584] No ports matched 'JA[3]'. [C:/Users/Utilizador/Desktop/Universidade/4_ano/2_semestre/CR/Praticas/Nexys4_Master.xdc:223]
WARNING: [Vivado 12-584] No ports matched 'JA[4]'. [C:/Users/Utilizador/Desktop/Universidade/4_ano/2_semestre/CR/Praticas/Nexys4_Master.xdc:225]
WARNING: [Vivado 12-584] No ports matched 'JA[4]'. [C:/Users/Utilizador/Desktop/Universidade/4_ano/2_semestre/CR/Praticas/Nexys4_Master.xdc:226]
WARNING: [Vivado 12-584] No ports matched 'JA[5]'. [C:/Users/Utilizador/Desktop/Universidade/4_ano/2_semestre/CR/Praticas/Nexys4_Master.xdc:228]
WARNING: [Vivado 12-584] No ports matched 'JA[5]'. [C:/Users/Utilizador/Desktop/Universidade/4_ano/2_semestre/CR/Praticas/Nexys4_Master.xdc:229]
WARNING: [Vivado 12-584] No ports matched 'JA[6]'. [C:/Users/Utilizador/Desktop/Universidade/4_ano/2_semestre/CR/Praticas/Nexys4_Master.xdc:231]
WARNING: [Vivado 12-584] No ports matched 'JA[6]'. [C:/Users/Utilizador/Desktop/Universidade/4_ano/2_semestre/CR/Praticas/Nexys4_Master.xdc:232]
WARNING: [Vivado 12-584] No ports matched 'JA[7]'. [C:/Users/Utilizador/Desktop/Universidade/4_ano/2_semestre/CR/Praticas/Nexys4_Master.xdc:234]
WARNING: [Vivado 12-584] No ports matched 'JA[7]'. [C:/Users/Utilizador/Desktop/Universidade/4_ano/2_semestre/CR/Praticas/Nexys4_Master.xdc:235]
WARNING: [Vivado 12-584] No ports matched 'JB[0]'. [C:/Users/Utilizador/Desktop/Universidade/4_ano/2_semestre/CR/Praticas/Nexys4_Master.xdc:241]
WARNING: [Vivado 12-584] No ports matched 'JB[0]'. [C:/Users/Utilizador/Desktop/Universidade/4_ano/2_semestre/CR/Praticas/Nexys4_Master.xdc:242]
WARNING: [Vivado 12-584] No ports matched 'JB[1]'. [C:/Users/Utilizador/Desktop/Universidade/4_ano/2_semestre/CR/Praticas/Nexys4_Master.xdc:244]
WARNING: [Vivado 12-584] No ports matched 'JB[1]'. [C:/Users/Utilizador/Desktop/Universidade/4_ano/2_semestre/CR/Praticas/Nexys4_Master.xdc:245]
WARNING: [Vivado 12-584] No ports matched 'JB[2]'. [C:/Users/Utilizador/Desktop/Universidade/4_ano/2_semestre/CR/Praticas/Nexys4_Master.xdc:247]
WARNING: [Vivado 12-584] No ports matched 'JB[2]'. [C:/Users/Utilizador/Desktop/Universidade/4_ano/2_semestre/CR/Praticas/Nexys4_Master.xdc:248]
WARNING: [Vivado 12-584] No ports matched 'JB[3]'. [C:/Users/Utilizador/Desktop/Universidade/4_ano/2_semestre/CR/Praticas/Nexys4_Master.xdc:250]
WARNING: [Vivado 12-584] No ports matched 'JB[3]'. [C:/Users/Utilizador/Desktop/Universidade/4_ano/2_semestre/CR/Praticas/Nexys4_Master.xdc:251]
WARNING: [Vivado 12-584] No ports matched 'JB[4]'. [C:/Users/Utilizador/Desktop/Universidade/4_ano/2_semestre/CR/Praticas/Nexys4_Master.xdc:253]
WARNING: [Vivado 12-584] No ports matched 'JB[4]'. [C:/Users/Utilizador/Desktop/Universidade/4_ano/2_semestre/CR/Praticas/Nexys4_Master.xdc:254]
WARNING: [Vivado 12-584] No ports matched 'JB[5]'. [C:/Users/Utilizador/Desktop/Universidade/4_ano/2_semestre/CR/Praticas/Nexys4_Master.xdc:256]
WARNING: [Vivado 12-584] No ports matched 'JB[5]'. [C:/Users/Utilizador/Desktop/Universidade/4_ano/2_semestre/CR/Praticas/Nexys4_Master.xdc:257]
WARNING: [Vivado 12-584] No ports matched 'JB[6]'. [C:/Users/Utilizador/Desktop/Universidade/4_ano/2_semestre/CR/Praticas/Nexys4_Master.xdc:259]
WARNING: [Vivado 12-584] No ports matched 'JB[6]'. [C:/Users/Utilizador/Desktop/Universidade/4_ano/2_semestre/CR/Praticas/Nexys4_Master.xdc:260]
WARNING: [Vivado 12-584] No ports matched 'JB[7]'. [C:/Users/Utilizador/Desktop/Universidade/4_ano/2_semestre/CR/Praticas/Nexys4_Master.xdc:262]
WARNING: [Vivado 12-584] No ports matched 'JB[7]'. [C:/Users/Utilizador/Desktop/Universidade/4_ano/2_semestre/CR/Praticas/Nexys4_Master.xdc:263]
WARNING: [Vivado 12-584] No ports matched 'JC[0]'. [C:/Users/Utilizador/Desktop/Universidade/4_ano/2_semestre/CR/Praticas/Nexys4_Master.xdc:269]
WARNING: [Vivado 12-584] No ports matched 'JC[0]'. [C:/Users/Utilizador/Desktop/Universidade/4_ano/2_semestre/CR/Praticas/Nexys4_Master.xdc:270]
WARNING: [Vivado 12-584] No ports matched 'JC[1]'. [C:/Users/Utilizador/Desktop/Universidade/4_ano/2_semestre/CR/Praticas/Nexys4_Master.xdc:272]
WARNING: [Vivado 12-584] No ports matched 'JC[1]'. [C:/Users/Utilizador/Desktop/Universidade/4_ano/2_semestre/CR/Praticas/Nexys4_Master.xdc:273]
WARNING: [Vivado 12-584] No ports matched 'JC[2]'. [C:/Users/Utilizador/Desktop/Universidade/4_ano/2_semestre/CR/Praticas/Nexys4_Master.xdc:275]
WARNING: [Vivado 12-584] No ports matched 'JC[2]'. [C:/Users/Utilizador/Desktop/Universidade/4_ano/2_semestre/CR/Praticas/Nexys4_Master.xdc:276]
WARNING: [Vivado 12-584] No ports matched 'JC[3]'. [C:/Users/Utilizador/Desktop/Universidade/4_ano/2_semestre/CR/Praticas/Nexys4_Master.xdc:278]
WARNING: [Vivado 12-584] No ports matched 'JC[3]'. [C:/Users/Utilizador/Desktop/Universidade/4_ano/2_semestre/CR/Praticas/Nexys4_Master.xdc:279]
WARNING: [Vivado 12-584] No ports matched 'JC[4]'. [C:/Users/Utilizador/Desktop/Universidade/4_ano/2_semestre/CR/Praticas/Nexys4_Master.xdc:281]
WARNING: [Vivado 12-584] No ports matched 'JC[4]'. [C:/Users/Utilizador/Desktop/Universidade/4_ano/2_semestre/CR/Praticas/Nexys4_Master.xdc:282]
WARNING: [Vivado 12-584] No ports matched 'JC[5]'. [C:/Users/Utilizador/Desktop/Universidade/4_ano/2_semestre/CR/Praticas/Nexys4_Master.xdc:284]
WARNING: [Vivado 12-584] No ports matched 'JC[5]'. [C:/Users/Utilizador/Desktop/Universidade/4_ano/2_semestre/CR/Praticas/Nexys4_Master.xdc:285]
WARNING: [Vivado 12-584] No ports matched 'JC[6]'. [C:/Users/Utilizador/Desktop/Universidade/4_ano/2_semestre/CR/Praticas/Nexys4_Master.xdc:287]
WARNING: [Vivado 12-584] No ports matched 'JC[6]'. [C:/Users/Utilizador/Desktop/Universidade/4_ano/2_semestre/CR/Praticas/Nexys4_Master.xdc:288]
WARNING: [Vivado 12-584] No ports matched 'JC[7]'. [C:/Users/Utilizador/Desktop/Universidade/4_ano/2_semestre/CR/Praticas/Nexys4_Master.xdc:290]
WARNING: [Vivado 12-584] No ports matched 'JC[7]'. [C:/Users/Utilizador/Desktop/Universidade/4_ano/2_semestre/CR/Praticas/Nexys4_Master.xdc:291]
INFO: [Common 17-14] Message 'Vivado 12-584' appears 100 times and further instances of the messages will be disabled. Use the Tcl command set_msg_config to change the current settings. [C:/Users/Utilizador/Desktop/Universidade/4_ano/2_semestre/CR/Praticas/Nexys4_Master.xdc:291]
Finished Parsing XDC File [C:/Users/Utilizador/Desktop/Universidade/4_ano/2_semestre/CR/Praticas/Nexys4_Master.xdc]
WARNING: [Project 1-498] One or more constraints failed evaluation while reading constraint file [C:/Users/Utilizador/Desktop/Universidade/4_ano/2_semestre/CR/Praticas/Nexys4_Master.xdc] and the design contains unresolved black boxes. These constraints will be read post-synthesis (as long as their source constraint file is marked as used_in_implementation) and should be applied correctly then. You should review the constraints listed in the file [.Xil/design_1_wrapper_propImpl.xdc] and check the run log file to verify that these constraints were correctly applied.
INFO: [Project 1-236] Implementation specific constraints were found while reading constraint file [C:/Users/Utilizador/Desktop/Universidade/4_ano/2_semestre/CR/Praticas/Nexys4_Master.xdc]. These constraints will be ignored for synthesis but will be used in implementation. Impacted constraints are listed in the file [.Xil/design_1_wrapper_propImpl.xdc].
Resolution: To avoid this warning, move constraints listed in [.Xil/design_1_wrapper_propImpl.xdc] to another XDC file and exclude this new file from synthesis with the used_in_synthesis property (File Properties dialog in GUI) and re-run elaboration/synthesis.
Parsing XDC File [C:/Users/Utilizador/Desktop/Universidade/4_ano/2_semestre/CR/Praticas/Aula3/Aula3_estudo/Aula3_estudo.runs/synth_1/dont_touch.xdc]
Finished Parsing XDC File [C:/Users/Utilizador/Desktop/Universidade/4_ano/2_semestre/CR/Praticas/Aula3/Aula3_estudo/Aula3_estudo.runs/synth_1/dont_touch.xdc]
Completed Processing XDC Constraints

INFO: [Project 1-111] Unisim Transformation Summary:
No Unisim elements were transformed.

Constraint Validation Runtime : Time (s): cpu = 00:00:00 ; elapsed = 00:00:00.019 . Memory (MB): peak = 577.043 ; gain = 0.000
---------------------------------------------------------------------------------
Finished Constraint Validation : Time (s): cpu = 00:01:10 ; elapsed = 00:01:23 . Memory (MB): peak = 577.043 ; gain = 366.621
---------------------------------------------------------------------------------
---------------------------------------------------------------------------------
Start Loading Part and Timing Information
---------------------------------------------------------------------------------
Loading part: xc7a100tcsg324-1
---------------------------------------------------------------------------------
Finished Loading Part and Timing Information : Time (s): cpu = 00:01:10 ; elapsed = 00:01:23 . Memory (MB): peak = 577.043 ; gain = 366.621
---------------------------------------------------------------------------------
---------------------------------------------------------------------------------
Start Applying 'set_property' XDC Constraints
---------------------------------------------------------------------------------
Applied set_property DONT_TOUCH = true for design_1_i. (constraint file  auto generated constraint, line ).
Applied set_property DONT_TOUCH = true for design_1_i/BinToBCD16_0. (constraint file  auto generated constraint, line ).
Applied set_property DONT_TOUCH = true for design_1_i/Decimal_to_Displays_0. (constraint file  auto generated constraint, line ).
Applied set_property DONT_TOUCH = true for design_1_i/clock_divider_1. (constraint file  auto generated constraint, line ).
Applied set_property DONT_TOUCH = true for design_1_i/contador_0. (constraint file  auto generated constraint, line ).
Applied set_property DONT_TOUCH = true for design_1_i/xlconstant_0. (constraint file  auto generated constraint, line ).
---------------------------------------------------------------------------------
Finished applying 'set_property' XDC Constraints : Time (s): cpu = 00:01:10 ; elapsed = 00:01:24 . Memory (MB): peak = 577.043 ; gain = 366.621
---------------------------------------------------------------------------------
---------------------------------------------------------------------------------
Finished RTL Optimization Phase 2 : Time (s): cpu = 00:01:10 ; elapsed = 00:01:24 . Memory (MB): peak = 577.043 ; gain = 366.621
---------------------------------------------------------------------------------

Report RTL Partitions: 
+-+--------------+------------+----------+
| |RTL Partition |Replication |Instances |
+-+--------------+------------+----------+
+-+--------------+------------+----------+
---------------------------------------------------------------------------------
Start RTL Component Statistics 
---------------------------------------------------------------------------------
Detailed RTL Component Info : 
---------------------------------------------------------------------------------
Finished RTL Component Statistics 
---------------------------------------------------------------------------------
---------------------------------------------------------------------------------
Start RTL Hierarchical Component Statistics 
---------------------------------------------------------------------------------
Hierarchical RTL Component report 
---------------------------------------------------------------------------------
Finished RTL Hierarchical Component Statistics
---------------------------------------------------------------------------------
---------------------------------------------------------------------------------
Start Part Resource Summary
---------------------------------------------------------------------------------
Part Resources:
DSPs: 240 (col length:80)
BRAMs: 270 (col length: RAMB18 80 RAMB36 40)
---------------------------------------------------------------------------------
Finished Part Resource Summary
---------------------------------------------------------------------------------
---------------------------------------------------------------------------------
Start Cross Boundary and Area Optimization
---------------------------------------------------------------------------------
---------------------------------------------------------------------------------
Finished Cross Boundary and Area Optimization : Time (s): cpu = 00:01:12 ; elapsed = 00:01:26 . Memory (MB): peak = 577.043 ; gain = 366.621
---------------------------------------------------------------------------------

Report RTL Partitions: 
+-+--------------+------------+----------+
| |RTL Partition |Replication |Instances |
+-+--------------+------------+----------+
+-+--------------+------------+----------+
---------------------------------------------------------------------------------
Start Timing Optimization
---------------------------------------------------------------------------------
---------------------------------------------------------------------------------
Start Applying XDC Timing Constraints
---------------------------------------------------------------------------------
INFO: [Synth 8-5578] Moved timing constraint from pin 'design_1_i/BinToBCD16_0/clk' to pin 'design_1_i/clock_divider_1/bbstub_divided_clk/O'
INFO: [Synth 8-5578] Moved timing constraint from pin 'design_1_i/Decimal_to_Displays_0/clk' to pin 'design_1_i/clock_divider_1/bbstub_divided_clk/O'
INFO: [Synth 8-5578] Moved timing constraint from pin 'design_1_i/contador_0/clk' to pin 'design_1_i/clock_divider_1/bbstub_divided_clk/O'
INFO: [Synth 8-5819] Moved 3 constraints on hierarchical pins to their respective driving/loading pins
---------------------------------------------------------------------------------
Finished Applying XDC Timing Constraints : Time (s): cpu = 00:01:59 ; elapsed = 00:02:15 . Memory (MB): peak = 577.043 ; gain = 366.621
---------------------------------------------------------------------------------
---------------------------------------------------------------------------------
Finished Timing Optimization : Time (s): cpu = 00:01:59 ; elapsed = 00:02:15 . Memory (MB): peak = 577.043 ; gain = 366.621
---------------------------------------------------------------------------------

Report RTL Partitions: 
+-+--------------+------------+----------+
| |RTL Partition |Replication |Instances |
+-+--------------+------------+----------+
+-+--------------+------------+----------+
---------------------------------------------------------------------------------
Start Technology Mapping
---------------------------------------------------------------------------------
---------------------------------------------------------------------------------
Finished Technology Mapping : Time (s): cpu = 00:01:59 ; elapsed = 00:02:15 . Memory (MB): peak = 580.363 ; gain = 369.941
---------------------------------------------------------------------------------

Report RTL Partitions: 
+-+--------------+------------+----------+
| |RTL Partition |Replication |Instances |
+-+--------------+------------+----------+
+-+--------------+------------+----------+
---------------------------------------------------------------------------------
Start IO Insertion
---------------------------------------------------------------------------------
---------------------------------------------------------------------------------
Start Flattening Before IO Insertion
---------------------------------------------------------------------------------
---------------------------------------------------------------------------------
Finished Flattening Before IO Insertion
---------------------------------------------------------------------------------
---------------------------------------------------------------------------------
Start Final Netlist Cleanup
---------------------------------------------------------------------------------
---------------------------------------------------------------------------------
Finished Final Netlist Cleanup
---------------------------------------------------------------------------------
---------------------------------------------------------------------------------
Finished IO Insertion : Time (s): cpu = 00:02:02 ; elapsed = 00:02:18 . Memory (MB): peak = 580.363 ; gain = 369.941
---------------------------------------------------------------------------------

Report Check Netlist: 
+------+------------------+-------+---------+-------+------------------+
|      |Item              |Errors |Warnings |Status |Description       |
+------+------------------+-------+---------+-------+------------------+
|1     |multi_driven_nets |      0|        0|Passed |Multi driven nets |
+------+------------------+-------+---------+-------+------------------+
---------------------------------------------------------------------------------
Start Renaming Generated Instances
---------------------------------------------------------------------------------
---------------------------------------------------------------------------------
Finished Renaming Generated Instances : Time (s): cpu = 00:02:02 ; elapsed = 00:02:18 . Memory (MB): peak = 580.363 ; gain = 369.941
---------------------------------------------------------------------------------

Report RTL Partitions: 
+-+--------------+------------+----------+
| |RTL Partition |Replication |Instances |
+-+--------------+------------+----------+
+-+--------------+------------+----------+
---------------------------------------------------------------------------------
Start Rebuilding User Hierarchy
---------------------------------------------------------------------------------
---------------------------------------------------------------------------------
Finished Rebuilding User Hierarchy : Time (s): cpu = 00:02:02 ; elapsed = 00:02:18 . Memory (MB): peak = 580.363 ; gain = 369.941
---------------------------------------------------------------------------------
---------------------------------------------------------------------------------
Start Renaming Generated Ports
---------------------------------------------------------------------------------
---------------------------------------------------------------------------------
Finished Renaming Generated Ports : Time (s): cpu = 00:02:02 ; elapsed = 00:02:18 . Memory (MB): peak = 580.363 ; gain = 369.941
---------------------------------------------------------------------------------
---------------------------------------------------------------------------------
Start Handling Custom Attributes
---------------------------------------------------------------------------------
---------------------------------------------------------------------------------
Finished Handling Custom Attributes : Time (s): cpu = 00:02:02 ; elapsed = 00:02:18 . Memory (MB): peak = 580.363 ; gain = 369.941
---------------------------------------------------------------------------------
---------------------------------------------------------------------------------
Start Renaming Generated Nets
---------------------------------------------------------------------------------
---------------------------------------------------------------------------------
Finished Renaming Generated Nets : Time (s): cpu = 00:02:02 ; elapsed = 00:02:18 . Memory (MB): peak = 580.363 ; gain = 369.941
---------------------------------------------------------------------------------
---------------------------------------------------------------------------------
Start Writing Synthesis Report
---------------------------------------------------------------------------------

Report BlackBoxes: 
+------+---------------------------------+----------+
|      |BlackBox name                    |Instances |
+------+---------------------------------+----------+
|1     |design_1_BinToBCD16_0_0          |         1|
|2     |design_1_Decimal_to_Displays_0_0 |         1|
|3     |design_1_clock_divider_1_0       |         1|
|4     |design_1_contador_0_0            |         1|
|5     |design_1_xlconstant_0_0          |         1|
+------+---------------------------------+----------+

Report Cell Usage: 
+------+--------------------------------------+------+
|      |Cell                                  |Count |
+------+--------------------------------------+------+
|1     |design_1_BinToBCD16_0_0_bbox          |     1|
|2     |design_1_Decimal_to_Displays_0_0_bbox |     1|
|3     |design_1_clock_divider_1_0_bbox       |     1|
|4     |design_1_contador_0_0_bbox            |     1|
|5     |design_1_xlconstant_0_0_bbox          |     1|
|6     |IBUF                                  |    18|
|7     |OBUF                                  |    15|
+------+--------------------------------------+------+

Report Instance Areas: 
+------+-------------+---------+------+
|      |Instance     |Module   |Cells |
+------+-------------+---------+------+
|1     |top          |         |    87|
|2     |  design_1_i |design_1 |    54|
+------+-------------+---------+------+
---------------------------------------------------------------------------------
Finished Writing Synthesis Report : Time (s): cpu = 00:02:02 ; elapsed = 00:02:18 . Memory (MB): peak = 580.363 ; gain = 369.941
---------------------------------------------------------------------------------
Synthesis finished with 0 errors, 0 critical warnings and 0 warnings.
Synthesis Optimization Runtime : Time (s): cpu = 00:01:09 ; elapsed = 00:01:30 . Memory (MB): peak = 580.363 ; gain = 114.199
Synthesis Optimization Complete : Time (s): cpu = 00:02:03 ; elapsed = 00:02:19 . Memory (MB): peak = 580.363 ; gain = 369.941
INFO: [Project 1-571] Translating synthesized netlist
INFO: [Netlist 29-17] Analyzing 18 Unisim elements for replacement
INFO: [Netlist 29-28] Unisim Transformation completed in 0 CPU seconds
INFO: [Project 1-570] Preparing netlist for logic optimization
INFO: [Opt 31-138] Pushed 0 inverter(s) to 0 load pin(s).
INFO: [Project 1-111] Unisim Transformation Summary:
No Unisim elements were transformed.

INFO: [Common 17-83] Releasing license: Synthesis
40 Infos, 106 Warnings, 0 Critical Warnings and 0 Errors encountered.
synth_design completed successfully
synth_design: Time (s): cpu = 00:01:57 ; elapsed = 00:02:08 . Memory (MB): peak = 595.352 ; gain = 381.910
INFO: [Common 17-1381] The checkpoint 'C:/Users/Utilizador/Desktop/Universidade/4_ano/2_semestre/CR/Praticas/Aula3/Aula3_estudo/Aula3_estudo.runs/synth_1/design_1_wrapper.dcp' has been generated.
report_utilization: Time (s): cpu = 00:00:00 ; elapsed = 00:00:00.090 . Memory (MB): peak = 595.352 ; gain = 0.000
INFO: [Common 17-206] Exiting Vivado at Sun Apr 02 11:26:28 2017...
