
*** Running vivado
    with args -log design_1_blk_mem_gen_0_0.vds -m64 -product Vivado -mode batch -messageDb vivado.pb -notrace -source design_1_blk_mem_gen_0_0.tcl


****** Vivado v2016.4 (64-bit)
  **** SW Build 1756540 on Mon Jan 23 19:11:23 MST 2017
  **** IP Build 1755317 on Mon Jan 23 20:30:07 MST 2017
    ** Copyright 1986-2016 Xilinx, Inc. All Rights Reserved.

source design_1_blk_mem_gen_0_0.tcl -notrace
Starting RTL Elaboration : Time (s): cpu = 00:00:11 ; elapsed = 00:00:16 . Memory (MB): peak = 291.344 ; gain = 80.941
INFO: [Synth 8-638] synthesizing module 'design_1_blk_mem_gen_0_0' [c:/Users/Utilizador/Desktop/Universidade/4_ano/2_semestre/CR/Praticas/Aula5/Aula5_estudo_ex1/Aula5_estudo_ex1.srcs/sources_1/bd/design_1/ip/design_1_blk_mem_gen_0_0/synth/design_1_blk_mem_gen_0_0.vhd:67]
INFO: [Synth 8-256] done synthesizing module 'design_1_blk_mem_gen_0_0' (9#1) [c:/Users/Utilizador/Desktop/Universidade/4_ano/2_semestre/CR/Praticas/Aula5/Aula5_estudo_ex1/Aula5_estudo_ex1.srcs/sources_1/bd/design_1/ip/design_1_blk_mem_gen_0_0/synth/design_1_blk_mem_gen_0_0.vhd:67]
Finished RTL Elaboration : Time (s): cpu = 00:01:07 ; elapsed = 00:01:17 . Memory (MB): peak = 490.719 ; gain = 280.316
Finished RTL Optimization Phase 1 : Time (s): cpu = 00:01:08 ; elapsed = 00:01:17 . Memory (MB): peak = 490.719 ; gain = 280.316
INFO: [Device 21-403] Loading part xc7a100tcsg324-1
Constraint Validation Runtime : Time (s): cpu = 00:00:00 ; elapsed = 00:00:00.015 . Memory (MB): peak = 559.180 ; gain = 0.000
Finished Constraint Validation : Time (s): cpu = 00:01:21 ; elapsed = 00:01:31 . Memory (MB): peak = 559.180 ; gain = 348.777
Finished Loading Part and Timing Information : Time (s): cpu = 00:01:21 ; elapsed = 00:01:31 . Memory (MB): peak = 559.180 ; gain = 348.777
Finished applying 'set_property' XDC Constraints : Time (s): cpu = 00:01:21 ; elapsed = 00:01:31 . Memory (MB): peak = 559.180 ; gain = 348.777
Finished RTL Optimization Phase 2 : Time (s): cpu = 00:01:21 ; elapsed = 00:01:32 . Memory (MB): peak = 559.180 ; gain = 348.777
Finished Cross Boundary and Area Optimization : Time (s): cpu = 00:01:21 ; elapsed = 00:01:32 . Memory (MB): peak = 559.180 ; gain = 348.777
Finished Applying XDC Timing Constraints : Time (s): cpu = 00:01:36 ; elapsed = 00:01:48 . Memory (MB): peak = 579.168 ; gain = 368.766
Finished Timing Optimization : Time (s): cpu = 00:01:37 ; elapsed = 00:01:48 . Memory (MB): peak = 579.168 ; gain = 368.766
Finished Technology Mapping : Time (s): cpu = 00:01:37 ; elapsed = 00:01:48 . Memory (MB): peak = 589.828 ; gain = 379.426
Finished IO Insertion : Time (s): cpu = 00:01:37 ; elapsed = 00:01:48 . Memory (MB): peak = 589.828 ; gain = 379.426
Finished Renaming Generated Instances : Time (s): cpu = 00:01:37 ; elapsed = 00:01:48 . Memory (MB): peak = 589.828 ; gain = 379.426
Finished Rebuilding User Hierarchy : Time (s): cpu = 00:01:37 ; elapsed = 00:01:48 . Memory (MB): peak = 589.828 ; gain = 379.426
Finished Renaming Generated Ports : Time (s): cpu = 00:01:37 ; elapsed = 00:01:48 . Memory (MB): peak = 589.828 ; gain = 379.426
Finished Handling Custom Attributes : Time (s): cpu = 00:01:37 ; elapsed = 00:01:49 . Memory (MB): peak = 589.828 ; gain = 379.426
Finished Renaming Generated Nets : Time (s): cpu = 00:01:37 ; elapsed = 00:01:49 . Memory (MB): peak = 589.828 ; gain = 379.426

Report Cell Usage: 
+------+---------+------+
|      |Cell     |Count |
+------+---------+------+
|1     |RAMB18E1 |     1|
+------+---------+------+
Finished Writing Synthesis Report : Time (s): cpu = 00:01:37 ; elapsed = 00:01:49 . Memory (MB): peak = 589.828 ; gain = 379.426
synth_design: Time (s): cpu = 00:01:37 ; elapsed = 00:01:45 . Memory (MB): peak = 620.590 ; gain = 406.648
