
*** Running vivado
    with args -log design_1_xlconstant_2_0.vds -m64 -product Vivado -mode batch -messageDb vivado.pb -notrace -source design_1_xlconstant_2_0.tcl


****** Vivado v2016.4 (64-bit)
  **** SW Build 1756540 on Mon Jan 23 19:11:23 MST 2017
  **** IP Build 1755317 on Mon Jan 23 20:30:07 MST 2017
    ** Copyright 1986-2016 Xilinx, Inc. All Rights Reserved.

source design_1_xlconstant_2_0.tcl -notrace
Starting Synthesize : Time (s): cpu = 00:00:08 ; elapsed = 00:00:11 . Memory (MB): peak = 288.754 ; gain = 78.398
INFO: [Synth 8-638] synthesizing module 'design_1_xlconstant_2_0' [c:/Users/Utilizador/Desktop/Universidade/4_ano/2_semestre/CR/Praticas/Aula3/Aula3_estudo_ex4/Aula3_estudo_ex4/Aula3_estudo_ex4.srcs/sources_1/bd/design_1/ip/design_1_xlconstant_2_0/sim/design_1_xlconstant_2_0.vhd:35]
INFO: [Synth 8-638] synthesizing module 'xlconstant' [c:/Users/Utilizador/Desktop/Universidade/4_ano/2_semestre/CR/Praticas/Aula3/Aula3_estudo_ex4/Aula3_estudo_ex4/Aula3_estudo_ex4.srcs/sources_1/bd/design_1/ipshared/e147/xlconstant.vhd:36]
INFO: [Synth 8-256] done synthesizing module 'xlconstant' (1#1) [c:/Users/Utilizador/Desktop/Universidade/4_ano/2_semestre/CR/Praticas/Aula3/Aula3_estudo_ex4/Aula3_estudo_ex4/Aula3_estudo_ex4.srcs/sources_1/bd/design_1/ipshared/e147/xlconstant.vhd:36]
INFO: [Synth 8-256] done synthesizing module 'design_1_xlconstant_2_0' (2#1) [c:/Users/Utilizador/Desktop/Universidade/4_ano/2_semestre/CR/Praticas/Aula3/Aula3_estudo_ex4/Aula3_estudo_ex4/Aula3_estudo_ex4.srcs/sources_1/bd/design_1/ip/design_1_xlconstant_2_0/sim/design_1_xlconstant_2_0.vhd:35]
Finished Synthesize : Time (s): cpu = 00:00:09 ; elapsed = 00:00:13 . Memory (MB): peak = 326.230 ; gain = 115.875
Finished Constraint Validation : Time (s): cpu = 00:00:09 ; elapsed = 00:00:13 . Memory (MB): peak = 326.230 ; gain = 115.875
Finished Loading Part and Timing Information : Time (s): cpu = 00:00:09 ; elapsed = 00:00:13 . Memory (MB): peak = 326.230 ; gain = 115.875
Finished RTL Optimization Phase 2 : Time (s): cpu = 00:00:09 ; elapsed = 00:00:13 . Memory (MB): peak = 326.230 ; gain = 115.875
INFO: [Device 21-403] Loading part xc7a100tcsg324-1
Finished Cross Boundary and Area Optimization : Time (s): cpu = 00:00:13 ; elapsed = 00:00:17 . Memory (MB): peak = 445.512 ; gain = 235.156
Finished Timing Optimization : Time (s): cpu = 00:00:14 ; elapsed = 00:00:17 . Memory (MB): peak = 445.512 ; gain = 235.156
Finished Technology Mapping : Time (s): cpu = 00:00:14 ; elapsed = 00:00:17 . Memory (MB): peak = 447.516 ; gain = 237.160
Finished IO Insertion : Time (s): cpu = 00:00:14 ; elapsed = 00:00:18 . Memory (MB): peak = 447.516 ; gain = 237.160
Finished Renaming Generated Instances : Time (s): cpu = 00:00:14 ; elapsed = 00:00:18 . Memory (MB): peak = 447.516 ; gain = 237.160
Finished Rebuilding User Hierarchy : Time (s): cpu = 00:00:14 ; elapsed = 00:00:18 . Memory (MB): peak = 447.516 ; gain = 237.160
Finished Renaming Generated Ports : Time (s): cpu = 00:00:14 ; elapsed = 00:00:18 . Memory (MB): peak = 447.516 ; gain = 237.160
Finished Handling Custom Attributes : Time (s): cpu = 00:00:15 ; elapsed = 00:00:18 . Memory (MB): peak = 447.516 ; gain = 237.160
Finished Renaming Generated Nets : Time (s): cpu = 00:00:15 ; elapsed = 00:00:18 . Memory (MB): peak = 447.516 ; gain = 237.160

Report Cell Usage: 
+-+-----+------+
| |Cell |Count |
+-+-----+------+
+-+-----+------+
Finished Writing Synthesis Report : Time (s): cpu = 00:00:15 ; elapsed = 00:00:18 . Memory (MB): peak = 447.516 ; gain = 237.160
synth_design: Time (s): cpu = 00:00:14 ; elapsed = 00:00:15 . Memory (MB): peak = 534.570 ; gain = 320.996
write_checkpoint: Time (s): cpu = 00:00:19 ; elapsed = 00:00:24 . Memory (MB): peak = 907.195 ; gain = 372.625
