#-----------------------------------------------------------
# Vivado v2016.4 (64-bit)
# SW Build 1756540 on Mon Jan 23 19:11:23 MST 2017
# IP Build 1755317 on Mon Jan 23 20:30:07 MST 2017
# Start of session at: Tue Apr 04 12:47:49 2017
# Process ID: 14580
# Current directory: C:/Users/Utilizador/Desktop/Universidade/4_ano/2_semestre/CR/Praticas/Aula6/Ex3
# Command line: vivado.exe -gui_launcher_event rodinguilauncherevent16192 C:\Users\Utilizador\Desktop\Universidade\4_ano\2_semestre\CR\Praticas\Aula6\Ex3\Ex3.xpr
# Log file: C:/Users/Utilizador/Desktop/Universidade/4_ano/2_semestre/CR/Praticas/Aula6/Ex3/vivado.log
# Journal file: C:/Users/Utilizador/Desktop/Universidade/4_ano/2_semestre/CR/Praticas/Aula6/Ex3\vivado.jou
#-----------------------------------------------------------
start_gui
open_project C:/Users/Utilizador/Desktop/Universidade/4_ano/2_semestre/CR/Praticas/Aula6/Ex3/Ex3.xpr
Scanning sources...
Finished scanning sources
INFO: [IP_Flow 19-234] Refreshing IP repositories
INFO: [IP_Flow 19-1700] Loaded user IP repository 'c:/Users/Utilizador/Desktop/Universidade/4_ano/2_semestre/CR/Praticas/ips'.
INFO: [IP_Flow 19-2313] Loaded Vivado IP repository 'C:/Xilinx/Vivado/2016.4/data/ip'.
open_project: Time (s): cpu = 00:00:13 ; elapsed = 00:00:07 . Memory (MB): peak = 770.012 ; gain = 88.699
open_bd_design {C:/Users/Utilizador/Desktop/Universidade/4_ano/2_semestre/CR/Praticas/Aula6/Ex3/Ex3.srcs/sources_1/bd/design_1/design_1.bd}
Adding cell -- xilinx.com:ip:blk_mem_gen:8.3 - blk_mem_gen_0
Adding cell -- xilinx.com:user:clock_divider:1.0 - clock_divider_0
Adding cell -- xilinx.com:user:ramControl:1.0 - ramControl_0
Adding cell -- xilinx.com:ip:c_addsub:12.0 - c_addsub_0
Adding cell -- xilinx.com:user:EightDisplayControl:1.0 - EightDisplayControl_0
Adding cell -- xilinx.com:ip:xlconstant:1.1 - xlconstant_0
Adding cell -- xilinx.com:ip:xlslice:1.0 - xlslice_0
Adding cell -- xilinx.com:ip:xlslice:1.0 - xlslice_1
Adding cell -- xilinx.com:ip:c_counter_binary:12.0 - c_counter_binary_0
Adding cell -- xilinx.com:user:MaxMinFSM:1.0 - MaxMinFSM_0
WARNING: [BD 41-1731] Type mismatch between connected pins: /ramControl_0/clk_d(undef) and /blk_mem_gen_0/clka(clk)
WARNING: [BD 41-1731] Type mismatch between connected pins: /btnL(rst) and /MaxMinFSM_0/btnL(undef)
WARNING: [BD 41-1731] Type mismatch between connected pins: /btnC(rst) and /MaxMinFSM_0/btnC(undef)
Successfully read diagram <design_1> from BD file <C:/Users/Utilizador/Desktop/Universidade/4_ano/2_semestre/CR/Praticas/Aula6/Ex3/Ex3.srcs/sources_1/bd/design_1/design_1.bd>
open_bd_design: Time (s): cpu = 00:00:06 ; elapsed = 00:00:06 . Memory (MB): peak = 843.938 ; gain = 57.031
open_bd_design {C:/Users/Utilizador/Desktop/Universidade/4_ano/2_semestre/CR/Praticas/Aula6/Ex3/Ex3.srcs/sources_1/bd/design_1/design_1.bd}
delete_bd_objs [get_bd_nets Net]
connect_bd_net [get_bd_pins c_addsub_0/S] [get_bd_pins MaxMinFSM_0/inadd]
save_bd_design
Wrote  : <C:/Users/Utilizador/Desktop/Universidade/4_ano/2_semestre/CR/Praticas/Aula6/Ex3/Ex3.srcs/sources_1/bd/design_1/design_1.bd> 
Wrote  : <C:/Users/Utilizador/Desktop/Universidade/4_ano/2_semestre/CR/Praticas/Aula6/Ex3/Ex3.srcs/sources_1/bd/design_1/ui/bd_1f5defd0.ui> 
startgroup
create_bd_cell -type ip -vlnv xilinx.com:ip:xlconstant:1.1 xlconstant_1
endgroup
startgroup
set_property -dict [list CONFIG.CONST_WIDTH {8} CONFIG.CONST_VAL {0}] [get_bd_cells xlconstant_1]
endgroup
connect_bd_net [get_bd_pins xlconstant_1/dout] [get_bd_pins blk_mem_gen_0/dina]
WARNING: [BD 41-1306] The connection to interface pin /blk_mem_gen_0/dina is being overridden by the user. This pin will not be connected as a part of interface connection BRAM_PORTA
save_bd_design
Wrote  : <C:/Users/Utilizador/Desktop/Universidade/4_ano/2_semestre/CR/Praticas/Aula6/Ex3/Ex3.srcs/sources_1/bd/design_1/design_1.bd> 
Wrote  : <C:/Users/Utilizador/Desktop/Universidade/4_ano/2_semestre/CR/Praticas/Aula6/Ex3/Ex3.srcs/sources_1/bd/design_1/ui/bd_1f5defd0.ui> 
make_wrapper -files [get_files C:/Users/Utilizador/Desktop/Universidade/4_ano/2_semestre/CR/Praticas/Aula6/Ex3/Ex3.srcs/sources_1/bd/design_1/design_1.bd] -top
CRITICAL WARNING: [BD 41-1761] Reset pin '/clock_divider_0/reset' is found to be associated with multiple clock pins, which are not compatible w.r.t frequency, phase and clock-domain. This may prevent design from functioning correctly. Please ensure same reset pin is either not associated with different clock pins or all associated clock pins are driven by same or compatible clock source(s). List of associated clock pins:
/clock_divider_0/clk
/clock_divider_0/divided_clk

INFO: [xilinx.com:ip:c_addsub:12.0-913] /c_addsub_0 A_Width has been set to manual on the GUI. It will not be updated during validation with a propagated value.
INFO: [xilinx.com:ip:c_addsub:12.0-913] /c_addsub_0 A_Type has been set to manual on the GUI. It will not be updated during validation with a propagated value.
WARNING: [BD 41-927] Following properties on pin /clock_divider_0/divided_clk have been updated from connected ip. They may not be synchronized with cell properties. You can set property on pin directly to confirm the value and resolve the warning.
	CLK_DOMAIN=design_1_clock_divider_0_1_divided_clk 
CRITICAL WARNING: [BD 41-759] The input pins (listed below) are either not connected or do not have a source port, and they don't have a tie-off specified. These pins are tied-off to all 0's to avoid error in Implementation flow.
Please check your design and connect them as needed: 
/EightDisplayControl_0/leftL
/EightDisplayControl_0/near_leftL
/EightDisplayControl_0/near_rightL
/EightDisplayControl_0/rightL
/EightDisplayControl_0/leftR
/EightDisplayControl_0/near_leftR

VHDL Output written to : C:/Users/Utilizador/Desktop/Universidade/4_ano/2_semestre/CR/Praticas/Aula6/Ex3/Ex3.srcs/sources_1/bd/design_1/hdl/design_1.vhd
VHDL Output written to : C:/Users/Utilizador/Desktop/Universidade/4_ano/2_semestre/CR/Praticas/Aula6/Ex3/Ex3.srcs/sources_1/bd/design_1/hdl/design_1_wrapper.vhd
Wrote  : <C:/Users/Utilizador/Desktop/Universidade/4_ano/2_semestre/CR/Praticas/Aula6/Ex3/Ex3.srcs/sources_1/bd/design_1/design_1.bd> 
generate_target all [get_files  C:/Users/Utilizador/Desktop/Universidade/4_ano/2_semestre/CR/Praticas/Aula6/Ex3/Ex3.srcs/sources_1/bd/design_1/design_1.bd]
INFO: [BD 41-1662] The design 'design_1.bd' is already validated. Therefore parameter propagation will not be re-run.
CRITICAL WARNING: [BD 41-759] The input pins (listed below) are either not connected or do not have a source port, and they don't have a tie-off specified. These pins are tied-off to all 0's to avoid error in Implementation flow.
Please check your design and connect them as needed: 
/EightDisplayControl_0/leftL
/EightDisplayControl_0/near_leftL
/EightDisplayControl_0/near_rightL
/EightDisplayControl_0/rightL
/EightDisplayControl_0/leftR
/EightDisplayControl_0/near_leftR

VHDL Output written to : C:/Users/Utilizador/Desktop/Universidade/4_ano/2_semestre/CR/Praticas/Aula6/Ex3/Ex3.srcs/sources_1/bd/design_1/hdl/design_1.vhd
VHDL Output written to : C:/Users/Utilizador/Desktop/Universidade/4_ano/2_semestre/CR/Praticas/Aula6/Ex3/Ex3.srcs/sources_1/bd/design_1/hdl/design_1_wrapper.vhd
INFO: [BD 41-1029] Generation completed for the IP Integrator block blk_mem_gen_0 .
INFO: [BD 41-1029] Generation completed for the IP Integrator block clock_divider_0 .
INFO: [BD 41-1029] Generation completed for the IP Integrator block ramControl_0 .
INFO: [BD 41-1029] Generation completed for the IP Integrator block c_addsub_0 .
INFO: [BD 41-1029] Generation completed for the IP Integrator block EightDisplayControl_0 .
INFO: [BD 41-1029] Generation completed for the IP Integrator block xlconstant_0 .
INFO: [BD 41-1029] Generation completed for the IP Integrator block xlslice_0 .
INFO: [BD 41-1029] Generation completed for the IP Integrator block xlslice_1 .
INFO: [BD 41-1029] Generation completed for the IP Integrator block c_counter_binary_0 .
INFO: [BD 41-1029] Generation completed for the IP Integrator block MaxMinFSM_0 .
INFO: [BD 41-1029] Generation completed for the IP Integrator block xlconstant_1 .
Exporting to file C:/Users/Utilizador/Desktop/Universidade/4_ano/2_semestre/CR/Praticas/Aula6/Ex3/Ex3.srcs/sources_1/bd/design_1/hw_handoff/design_1.hwh
INFO: [Device 21-403] Loading part xc7a100tcsg324-1
Generated Block Design Tcl file C:/Users/Utilizador/Desktop/Universidade/4_ano/2_semestre/CR/Praticas/Aula6/Ex3/Ex3.srcs/sources_1/bd/design_1/hw_handoff/design_1_bd.tcl
Generated Hardware Definition File C:/Users/Utilizador/Desktop/Universidade/4_ano/2_semestre/CR/Praticas/Aula6/Ex3/Ex3.srcs/sources_1/bd/design_1/hdl/design_1.hwdef
generate_target: Time (s): cpu = 00:00:06 ; elapsed = 00:00:05 . Memory (MB): peak = 1131.313 ; gain = 160.938
catch { config_ip_cache -export [get_ips -all design_1_xlconstant_1_0] }
INFO: [IP_Flow 19-4993] Using cached IP synthesis design for IP design_1_xlconstant_1_0, cache-ID = d2cf55d33bda730d; cache size = 1.796 MB.
export_ip_user_files -of_objects [get_files C:/Users/Utilizador/Desktop/Universidade/4_ano/2_semestre/CR/Praticas/Aula6/Ex3/Ex3.srcs/sources_1/bd/design_1/design_1.bd] -no_script -sync -force -quiet
create_ip_run [get_files -of_objects [get_fileset sources_1] C:/Users/Utilizador/Desktop/Universidade/4_ano/2_semestre/CR/Praticas/Aula6/Ex3/Ex3.srcs/sources_1/bd/design_1/design_1.bd]
export_simulation -of_objects [get_files C:/Users/Utilizador/Desktop/Universidade/4_ano/2_semestre/CR/Praticas/Aula6/Ex3/Ex3.srcs/sources_1/bd/design_1/design_1.bd] -directory C:/Users/Utilizador/Desktop/Universidade/4_ano/2_semestre/CR/Praticas/Aula6/Ex3/Ex3.ip_user_files/sim_scripts -ip_user_files_dir C:/Users/Utilizador/Desktop/Universidade/4_ano/2_semestre/CR/Praticas/Aula6/Ex3/Ex3.ip_user_files -ipstatic_source_dir C:/Users/Utilizador/Desktop/Universidade/4_ano/2_semestre/CR/Praticas/Aula6/Ex3/Ex3.ip_user_files/ipstatic -lib_map_path [list {modelsim=C:/Users/Utilizador/Desktop/Universidade/4_ano/2_semestre/CR/Praticas/Aula6/Ex3/Ex3.cache/compile_simlib/modelsim} {questa=C:/Users/Utilizador/Desktop/Universidade/4_ano/2_semestre/CR/Praticas/Aula6/Ex3/Ex3.cache/compile_simlib/questa} {riviera=C:/Users/Utilizador/Desktop/Universidade/4_ano/2_semestre/CR/Praticas/Aula6/Ex3/Ex3.cache/compile_simlib/riviera} {activehdl=C:/Users/Utilizador/Desktop/Universidade/4_ano/2_semestre/CR/Praticas/Aula6/Ex3/Ex3.cache/compile_simlib/activehdl}] -use_ip_compiled_libs -force -quiet
reset_run synth_1
launch_runs impl_1 -to_step write_bitstream -jobs 4
[Tue Apr 04 12:58:45 2017] Launched synth_1...
Run output will be captured here: C:/Users/Utilizador/Desktop/Universidade/4_ano/2_semestre/CR/Praticas/Aula6/Ex3/Ex3.runs/synth_1/runme.log
[Tue Apr 04 12:58:45 2017] Launched impl_1...
Run output will be captured here: C:/Users/Utilizador/Desktop/Universidade/4_ano/2_semestre/CR/Praticas/Aula6/Ex3/Ex3.runs/impl_1/runme.log
open_hw
connect_hw_server
INFO: [Labtools 27-2285] Connecting to hw_server url TCP:localhost:3121
INFO: [Labtools 27-2222] Launching hw_server...
INFO: [Labtools 27-2221] Launch Output:

****** Xilinx hw_server v2016.4
  **** Build date : Jan 23 2017-19:37:29
    ** Copyright 1986-2016 Xilinx, Inc. All Rights Reserved.


connect_hw_server: Time (s): cpu = 00:00:00 ; elapsed = 00:00:07 . Memory (MB): peak = 1158.598 ; gain = 0.000
open_hw_target
INFO: [Labtoolstcl 44-466] Opening hw_target localhost:3121/xilinx_tcf/Digilent/210274505290A
set_property PROGRAM.FILE {C:/Users/Utilizador/Desktop/Universidade/4_ano/2_semestre/CR/Praticas/Aula6/Ex3/Ex3.runs/impl_1/design_1_wrapper.bit} [lindex [get_hw_devices xc7a100t_0] 0]
current_hw_device [lindex [get_hw_devices xc7a100t_0] 0]
refresh_hw_device -update_hw_probes false [lindex [get_hw_devices xc7a100t_0] 0]
INFO: [Labtools 27-1434] Device xc7a100t (JTAG device index = 0) is programmed with a design that has no supported debug core(s) in it.
WARNING: [Labtools 27-3123] The debug hub core was not detected at User Scan Chain 1 or 3.
Resolution: 
1. Make sure the clock connected to the debug hub (dbg_hub) core is a free running clock and is active OR
2. Manually launch hw_server with -e "set xsdb-user-bscan <C_USER_SCAN_CHAIN scan_chain_number>" to detect the debug hub at User Scan Chain of 2 or 4. To determine the user scan chain setting, open the implemented design and use: get_property C_USER_SCAN_CHAIN [get_debug_cores dbg_hub].
set_property PROBES.FILE {} [lindex [get_hw_devices xc7a100t_0] 0]
set_property PROGRAM.FILE {C:/Users/Utilizador/Desktop/Universidade/4_ano/2_semestre/CR/Praticas/Aula6/Ex3/Ex3.runs/impl_1/design_1_wrapper.bit} [lindex [get_hw_devices xc7a100t_0] 0]
program_hw_devices [lindex [get_hw_devices xc7a100t_0] 0]
INFO: [Labtools 27-3164] End of startup status: HIGH
refresh_hw_device [lindex [get_hw_devices xc7a100t_0] 0]
INFO: [Labtools 27-1434] Device xc7a100t (JTAG device index = 0) is programmed with a design that has no supported debug core(s) in it.
WARNING: [Labtools 27-3123] The debug hub core was not detected at User Scan Chain 1 or 3.
Resolution: 
1. Make sure the clock connected to the debug hub (dbg_hub) core is a free running clock and is active OR
2. Manually launch hw_server with -e "set xsdb-user-bscan <C_USER_SCAN_CHAIN scan_chain_number>" to detect the debug hub at User Scan Chain of 2 or 4. To determine the user scan chain setting, open the implemented design and use: get_property C_USER_SCAN_CHAIN [get_debug_cores dbg_hub].
WARNING: [Labtoolstcl 44-130] No matching hw_ilas were found.
WARNING: [Labtoolstcl 44-130] No matching hw_ilas were found.
WARNING: [Labtoolstcl 44-130] No matching hw_ilas were found.
WARNING: [Labtoolstcl 44-130] No matching hw_ilas were found.
exit
INFO: [Common 17-206] Exiting Vivado at Tue Apr 04 13:03:06 2017...
