
*** Running vivado
    with args -log design_1_Decimal_to_Displays_3_0_0.vds -m64 -product Vivado -mode batch -messageDb vivado.pb -notrace -source design_1_Decimal_to_Displays_3_0_0.tcl


****** Vivado v2016.4 (64-bit)
  **** SW Build 1756540 on Mon Jan 23 19:11:23 MST 2017
  **** IP Build 1755317 on Mon Jan 23 20:30:07 MST 2017
    ** Copyright 1986-2016 Xilinx, Inc. All Rights Reserved.

source design_1_Decimal_to_Displays_3_0_0.tcl -notrace
Command: synth_design -top design_1_Decimal_to_Displays_3_0_0 -part xc7a100tcsg324-1 -mode out_of_context
Starting synth_design
Attempting to get a license for feature 'Synthesis' and/or device 'xc7a100t'
INFO: [Common 17-349] Got license for feature 'Synthesis' and/or device 'xc7a100t'
INFO: Launching helper process for spawning children vivado processes
INFO: Helper process launched with PID 12832 
---------------------------------------------------------------------------------
Starting RTL Elaboration : Time (s): cpu = 00:00:11 ; elapsed = 00:00:16 . Memory (MB): peak = 288.680 ; gain = 78.676
---------------------------------------------------------------------------------
INFO: [Synth 8-638] synthesizing module 'design_1_Decimal_to_Displays_3_0_0' [c:/Users/Utilizador/Desktop/Universidade/4_ano/2_semestre/CR/Praticas/Aula3/Aula3_estudo_ex2/Aula3_estudo_ex2.srcs/sources_1/bd/design_1/ip/design_1_Decimal_to_Displays_3_0_0/synth/design_1_Decimal_to_Displays_3_0_0.vhd:67]
INFO: [Synth 8-3491] module 'Decimal_to_Displays_3' declared at 'c:/Users/Utilizador/Desktop/Universidade/4_ano/2_semestre/CR/Praticas/Aula3/Aula3_estudo_ex2/Aula3_estudo_ex2.srcs/sources_1/bd/design_1/ipshared/6665/src/Decimal_to_Displays.vhd:35' bound to instance 'U0' of component 'Decimal_to_Displays_3' [c:/Users/Utilizador/Desktop/Universidade/4_ano/2_semestre/CR/Praticas/Aula3/Aula3_estudo_ex2/Aula3_estudo_ex2.srcs/sources_1/bd/design_1/ip/design_1_Decimal_to_Displays_3_0_0/synth/design_1_Decimal_to_Displays_3_0_0.vhd:89]
INFO: [Synth 8-638] synthesizing module 'Decimal_to_Displays_3' [c:/Users/Utilizador/Desktop/Universidade/4_ano/2_semestre/CR/Praticas/Aula3/Aula3_estudo_ex2/Aula3_estudo_ex2.srcs/sources_1/bd/design_1/ipshared/6665/src/Decimal_to_Displays.vhd:45]
INFO: [Synth 8-256] done synthesizing module 'Decimal_to_Displays_3' (1#1) [c:/Users/Utilizador/Desktop/Universidade/4_ano/2_semestre/CR/Praticas/Aula3/Aula3_estudo_ex2/Aula3_estudo_ex2.srcs/sources_1/bd/design_1/ipshared/6665/src/Decimal_to_Displays.vhd:45]
INFO: [Synth 8-256] done synthesizing module 'design_1_Decimal_to_Displays_3_0_0' (2#1) [c:/Users/Utilizador/Desktop/Universidade/4_ano/2_semestre/CR/Praticas/Aula3/Aula3_estudo_ex2/Aula3_estudo_ex2.srcs/sources_1/bd/design_1/ip/design_1_Decimal_to_Displays_3_0_0/synth/design_1_Decimal_to_Displays_3_0_0.vhd:67]
---------------------------------------------------------------------------------
Finished RTL Elaboration : Time (s): cpu = 00:00:13 ; elapsed = 00:00:18 . Memory (MB): peak = 326.113 ; gain = 116.109
---------------------------------------------------------------------------------

Report Check Netlist: 
+------+------------------+-------+---------+-------+------------------+
|      |Item              |Errors |Warnings |Status |Description       |
+------+------------------+-------+---------+-------+------------------+
|1     |multi_driven_nets |      0|        0|Passed |Multi driven nets |
+------+------------------+-------+---------+-------+------------------+
---------------------------------------------------------------------------------
Finished RTL Optimization Phase 1 : Time (s): cpu = 00:00:13 ; elapsed = 00:00:18 . Memory (MB): peak = 326.113 ; gain = 116.109
---------------------------------------------------------------------------------
INFO: [Device 21-403] Loading part xc7a100tcsg324-1
INFO: [Project 1-570] Preparing netlist for logic optimization

Processing XDC Constraints
Initializing timing engine
Parsing XDC File [c:/Users/Utilizador/Desktop/Universidade/4_ano/2_semestre/CR/Praticas/Aula3/Aula3_estudo_ex2/Aula3_estudo_ex2.srcs/sources_1/bd/design_1/ip/design_1_Decimal_to_Displays_3_0_0/src/Nexys4_Master.xdc] for cell 'U0'
WARNING: [Vivado 12-584] No ports matched 'sw[0]'. [c:/Users/Utilizador/Desktop/Universidade/4_ano/2_semestre/CR/Praticas/Aula3/Aula3_estudo_ex2/Aula3_estudo_ex2.srcs/sources_1/bd/design_1/ip/design_1_Decimal_to_Displays_3_0_0/src/Nexys4_Master.xdc:14]
CRITICAL WARNING: [Common 17-55] 'set_property' expects at least one object. [c:/Users/Utilizador/Desktop/Universidade/4_ano/2_semestre/CR/Praticas/Aula3/Aula3_estudo_ex2/Aula3_estudo_ex2.srcs/sources_1/bd/design_1/ip/design_1_Decimal_to_Displays_3_0_0/src/Nexys4_Master.xdc:14]
Resolution: If [get_<value>] was used to populate the object, check to make sure this command returns at least one valid object.
WARNING: [Vivado 12-584] No ports matched 'sw[0]'. [c:/Users/Utilizador/Desktop/Universidade/4_ano/2_semestre/CR/Praticas/Aula3/Aula3_estudo_ex2/Aula3_estudo_ex2.srcs/sources_1/bd/design_1/ip/design_1_Decimal_to_Displays_3_0_0/src/Nexys4_Master.xdc:15]
CRITICAL WARNING: [Common 17-55] 'set_property' expects at least one object. [c:/Users/Utilizador/Desktop/Universidade/4_ano/2_semestre/CR/Praticas/Aula3/Aula3_estudo_ex2/Aula3_estudo_ex2.srcs/sources_1/bd/design_1/ip/design_1_Decimal_to_Displays_3_0_0/src/Nexys4_Master.xdc:15]
Resolution: If [get_<value>] was used to populate the object, check to make sure this command returns at least one valid object.
WARNING: [Vivado 12-584] No ports matched 'sw[1]'. [c:/Users/Utilizador/Desktop/Universidade/4_ano/2_semestre/CR/Praticas/Aula3/Aula3_estudo_ex2/Aula3_estudo_ex2.srcs/sources_1/bd/design_1/ip/design_1_Decimal_to_Displays_3_0_0/src/Nexys4_Master.xdc:17]
CRITICAL WARNING: [Common 17-55] 'set_property' expects at least one object. [c:/Users/Utilizador/Desktop/Universidade/4_ano/2_semestre/CR/Praticas/Aula3/Aula3_estudo_ex2/Aula3_estudo_ex2.srcs/sources_1/bd/design_1/ip/design_1_Decimal_to_Displays_3_0_0/src/Nexys4_Master.xdc:17]
Resolution: If [get_<value>] was used to populate the object, check to make sure this command returns at least one valid object.
WARNING: [Vivado 12-584] No ports matched 'sw[1]'. [c:/Users/Utilizador/Desktop/Universidade/4_ano/2_semestre/CR/Praticas/Aula3/Aula3_estudo_ex2/Aula3_estudo_ex2.srcs/sources_1/bd/design_1/ip/design_1_Decimal_to_Displays_3_0_0/src/Nexys4_Master.xdc:18]
CRITICAL WARNING: [Common 17-55] 'set_property' expects at least one object. [c:/Users/Utilizador/Desktop/Universidade/4_ano/2_semestre/CR/Praticas/Aula3/Aula3_estudo_ex2/Aula3_estudo_ex2.srcs/sources_1/bd/design_1/ip/design_1_Decimal_to_Displays_3_0_0/src/Nexys4_Master.xdc:18]
Resolution: If [get_<value>] was used to populate the object, check to make sure this command returns at least one valid object.
WARNING: [Vivado 12-584] No ports matched 'sw[2]'. [c:/Users/Utilizador/Desktop/Universidade/4_ano/2_semestre/CR/Praticas/Aula3/Aula3_estudo_ex2/Aula3_estudo_ex2.srcs/sources_1/bd/design_1/ip/design_1_Decimal_to_Displays_3_0_0/src/Nexys4_Master.xdc:20]
CRITICAL WARNING: [Common 17-55] 'set_property' expects at least one object. [c:/Users/Utilizador/Desktop/Universidade/4_ano/2_semestre/CR/Praticas/Aula3/Aula3_estudo_ex2/Aula3_estudo_ex2.srcs/sources_1/bd/design_1/ip/design_1_Decimal_to_Displays_3_0_0/src/Nexys4_Master.xdc:20]
Resolution: If [get_<value>] was used to populate the object, check to make sure this command returns at least one valid object.
WARNING: [Vivado 12-584] No ports matched 'sw[2]'. [c:/Users/Utilizador/Desktop/Universidade/4_ano/2_semestre/CR/Praticas/Aula3/Aula3_estudo_ex2/Aula3_estudo_ex2.srcs/sources_1/bd/design_1/ip/design_1_Decimal_to_Displays_3_0_0/src/Nexys4_Master.xdc:21]
CRITICAL WARNING: [Common 17-55] 'set_property' expects at least one object. [c:/Users/Utilizador/Desktop/Universidade/4_ano/2_semestre/CR/Praticas/Aula3/Aula3_estudo_ex2/Aula3_estudo_ex2.srcs/sources_1/bd/design_1/ip/design_1_Decimal_to_Displays_3_0_0/src/Nexys4_Master.xdc:21]
Resolution: If [get_<value>] was used to populate the object, check to make sure this command returns at least one valid object.
WARNING: [Vivado 12-584] No ports matched 'sw[3]'. [c:/Users/Utilizador/Desktop/Universidade/4_ano/2_semestre/CR/Praticas/Aula3/Aula3_estudo_ex2/Aula3_estudo_ex2.srcs/sources_1/bd/design_1/ip/design_1_Decimal_to_Displays_3_0_0/src/Nexys4_Master.xdc:23]
CRITICAL WARNING: [Common 17-55] 'set_property' expects at least one object. [c:/Users/Utilizador/Desktop/Universidade/4_ano/2_semestre/CR/Praticas/Aula3/Aula3_estudo_ex2/Aula3_estudo_ex2.srcs/sources_1/bd/design_1/ip/design_1_Decimal_to_Displays_3_0_0/src/Nexys4_Master.xdc:23]
Resolution: If [get_<value>] was used to populate the object, check to make sure this command returns at least one valid object.
WARNING: [Vivado 12-584] No ports matched 'sw[3]'. [c:/Users/Utilizador/Desktop/Universidade/4_ano/2_semestre/CR/Praticas/Aula3/Aula3_estudo_ex2/Aula3_estudo_ex2.srcs/sources_1/bd/design_1/ip/design_1_Decimal_to_Displays_3_0_0/src/Nexys4_Master.xdc:24]
CRITICAL WARNING: [Common 17-55] 'set_property' expects at least one object. [c:/Users/Utilizador/Desktop/Universidade/4_ano/2_semestre/CR/Praticas/Aula3/Aula3_estudo_ex2/Aula3_estudo_ex2.srcs/sources_1/bd/design_1/ip/design_1_Decimal_to_Displays_3_0_0/src/Nexys4_Master.xdc:24]
Resolution: If [get_<value>] was used to populate the object, check to make sure this command returns at least one valid object.
WARNING: [Vivado 12-584] No ports matched 'sw[4]'. [c:/Users/Utilizador/Desktop/Universidade/4_ano/2_semestre/CR/Praticas/Aula3/Aula3_estudo_ex2/Aula3_estudo_ex2.srcs/sources_1/bd/design_1/ip/design_1_Decimal_to_Displays_3_0_0/src/Nexys4_Master.xdc:26]
CRITICAL WARNING: [Common 17-55] 'set_property' expects at least one object. [c:/Users/Utilizador/Desktop/Universidade/4_ano/2_semestre/CR/Praticas/Aula3/Aula3_estudo_ex2/Aula3_estudo_ex2.srcs/sources_1/bd/design_1/ip/design_1_Decimal_to_Displays_3_0_0/src/Nexys4_Master.xdc:26]
Resolution: If [get_<value>] was used to populate the object, check to make sure this command returns at least one valid object.
WARNING: [Vivado 12-584] No ports matched 'sw[4]'. [c:/Users/Utilizador/Desktop/Universidade/4_ano/2_semestre/CR/Praticas/Aula3/Aula3_estudo_ex2/Aula3_estudo_ex2.srcs/sources_1/bd/design_1/ip/design_1_Decimal_to_Displays_3_0_0/src/Nexys4_Master.xdc:27]
CRITICAL WARNING: [Common 17-55] 'set_property' expects at least one object. [c:/Users/Utilizador/Desktop/Universidade/4_ano/2_semestre/CR/Praticas/Aula3/Aula3_estudo_ex2/Aula3_estudo_ex2.srcs/sources_1/bd/design_1/ip/design_1_Decimal_to_Displays_3_0_0/src/Nexys4_Master.xdc:27]
Resolution: If [get_<value>] was used to populate the object, check to make sure this command returns at least one valid object.
WARNING: [Vivado 12-584] No ports matched 'sw[5]'. [c:/Users/Utilizador/Desktop/Universidade/4_ano/2_semestre/CR/Praticas/Aula3/Aula3_estudo_ex2/Aula3_estudo_ex2.srcs/sources_1/bd/design_1/ip/design_1_Decimal_to_Displays_3_0_0/src/Nexys4_Master.xdc:29]
CRITICAL WARNING: [Common 17-55] 'set_property' expects at least one object. [c:/Users/Utilizador/Desktop/Universidade/4_ano/2_semestre/CR/Praticas/Aula3/Aula3_estudo_ex2/Aula3_estudo_ex2.srcs/sources_1/bd/design_1/ip/design_1_Decimal_to_Displays_3_0_0/src/Nexys4_Master.xdc:29]
Resolution: If [get_<value>] was used to populate the object, check to make sure this command returns at least one valid object.
WARNING: [Vivado 12-584] No ports matched 'sw[5]'. [c:/Users/Utilizador/Desktop/Universidade/4_ano/2_semestre/CR/Praticas/Aula3/Aula3_estudo_ex2/Aula3_estudo_ex2.srcs/sources_1/bd/design_1/ip/design_1_Decimal_to_Displays_3_0_0/src/Nexys4_Master.xdc:30]
CRITICAL WARNING: [Common 17-55] 'set_property' expects at least one object. [c:/Users/Utilizador/Desktop/Universidade/4_ano/2_semestre/CR/Praticas/Aula3/Aula3_estudo_ex2/Aula3_estudo_ex2.srcs/sources_1/bd/design_1/ip/design_1_Decimal_to_Displays_3_0_0/src/Nexys4_Master.xdc:30]
Resolution: If [get_<value>] was used to populate the object, check to make sure this command returns at least one valid object.
WARNING: [Vivado 12-584] No ports matched 'sw[6]'. [c:/Users/Utilizador/Desktop/Universidade/4_ano/2_semestre/CR/Praticas/Aula3/Aula3_estudo_ex2/Aula3_estudo_ex2.srcs/sources_1/bd/design_1/ip/design_1_Decimal_to_Displays_3_0_0/src/Nexys4_Master.xdc:32]
CRITICAL WARNING: [Common 17-55] 'set_property' expects at least one object. [c:/Users/Utilizador/Desktop/Universidade/4_ano/2_semestre/CR/Praticas/Aula3/Aula3_estudo_ex2/Aula3_estudo_ex2.srcs/sources_1/bd/design_1/ip/design_1_Decimal_to_Displays_3_0_0/src/Nexys4_Master.xdc:32]
Resolution: If [get_<value>] was used to populate the object, check to make sure this command returns at least one valid object.
WARNING: [Vivado 12-584] No ports matched 'sw[6]'. [c:/Users/Utilizador/Desktop/Universidade/4_ano/2_semestre/CR/Praticas/Aula3/Aula3_estudo_ex2/Aula3_estudo_ex2.srcs/sources_1/bd/design_1/ip/design_1_Decimal_to_Displays_3_0_0/src/Nexys4_Master.xdc:33]
CRITICAL WARNING: [Common 17-55] 'set_property' expects at least one object. [c:/Users/Utilizador/Desktop/Universidade/4_ano/2_semestre/CR/Praticas/Aula3/Aula3_estudo_ex2/Aula3_estudo_ex2.srcs/sources_1/bd/design_1/ip/design_1_Decimal_to_Displays_3_0_0/src/Nexys4_Master.xdc:33]
Resolution: If [get_<value>] was used to populate the object, check to make sure this command returns at least one valid object.
WARNING: [Vivado 12-584] No ports matched 'sw[7]'. [c:/Users/Utilizador/Desktop/Universidade/4_ano/2_semestre/CR/Praticas/Aula3/Aula3_estudo_ex2/Aula3_estudo_ex2.srcs/sources_1/bd/design_1/ip/design_1_Decimal_to_Displays_3_0_0/src/Nexys4_Master.xdc:35]
CRITICAL WARNING: [Common 17-55] 'set_property' expects at least one object. [c:/Users/Utilizador/Desktop/Universidade/4_ano/2_semestre/CR/Praticas/Aula3/Aula3_estudo_ex2/Aula3_estudo_ex2.srcs/sources_1/bd/design_1/ip/design_1_Decimal_to_Displays_3_0_0/src/Nexys4_Master.xdc:35]
Resolution: If [get_<value>] was used to populate the object, check to make sure this command returns at least one valid object.
WARNING: [Vivado 12-584] No ports matched 'sw[7]'. [c:/Users/Utilizador/Desktop/Universidade/4_ano/2_semestre/CR/Praticas/Aula3/Aula3_estudo_ex2/Aula3_estudo_ex2.srcs/sources_1/bd/design_1/ip/design_1_Decimal_to_Displays_3_0_0/src/Nexys4_Master.xdc:36]
CRITICAL WARNING: [Common 17-55] 'set_property' expects at least one object. [c:/Users/Utilizador/Desktop/Universidade/4_ano/2_semestre/CR/Praticas/Aula3/Aula3_estudo_ex2/Aula3_estudo_ex2.srcs/sources_1/bd/design_1/ip/design_1_Decimal_to_Displays_3_0_0/src/Nexys4_Master.xdc:36]
Resolution: If [get_<value>] was used to populate the object, check to make sure this command returns at least one valid object.
WARNING: [Vivado 12-584] No ports matched 'sw[8]'. [c:/Users/Utilizador/Desktop/Universidade/4_ano/2_semestre/CR/Praticas/Aula3/Aula3_estudo_ex2/Aula3_estudo_ex2.srcs/sources_1/bd/design_1/ip/design_1_Decimal_to_Displays_3_0_0/src/Nexys4_Master.xdc:38]
CRITICAL WARNING: [Common 17-55] 'set_property' expects at least one object. [c:/Users/Utilizador/Desktop/Universidade/4_ano/2_semestre/CR/Praticas/Aula3/Aula3_estudo_ex2/Aula3_estudo_ex2.srcs/sources_1/bd/design_1/ip/design_1_Decimal_to_Displays_3_0_0/src/Nexys4_Master.xdc:38]
Resolution: If [get_<value>] was used to populate the object, check to make sure this command returns at least one valid object.
WARNING: [Vivado 12-584] No ports matched 'sw[8]'. [c:/Users/Utilizador/Desktop/Universidade/4_ano/2_semestre/CR/Praticas/Aula3/Aula3_estudo_ex2/Aula3_estudo_ex2.srcs/sources_1/bd/design_1/ip/design_1_Decimal_to_Displays_3_0_0/src/Nexys4_Master.xdc:39]
CRITICAL WARNING: [Common 17-55] 'set_property' expects at least one object. [c:/Users/Utilizador/Desktop/Universidade/4_ano/2_semestre/CR/Praticas/Aula3/Aula3_estudo_ex2/Aula3_estudo_ex2.srcs/sources_1/bd/design_1/ip/design_1_Decimal_to_Displays_3_0_0/src/Nexys4_Master.xdc:39]
Resolution: If [get_<value>] was used to populate the object, check to make sure this command returns at least one valid object.
WARNING: [Vivado 12-584] No ports matched 'sw[9]'. [c:/Users/Utilizador/Desktop/Universidade/4_ano/2_semestre/CR/Praticas/Aula3/Aula3_estudo_ex2/Aula3_estudo_ex2.srcs/sources_1/bd/design_1/ip/design_1_Decimal_to_Displays_3_0_0/src/Nexys4_Master.xdc:41]
CRITICAL WARNING: [Common 17-55] 'set_property' expects at least one object. [c:/Users/Utilizador/Desktop/Universidade/4_ano/2_semestre/CR/Praticas/Aula3/Aula3_estudo_ex2/Aula3_estudo_ex2.srcs/sources_1/bd/design_1/ip/design_1_Decimal_to_Displays_3_0_0/src/Nexys4_Master.xdc:41]
Resolution: If [get_<value>] was used to populate the object, check to make sure this command returns at least one valid object.
WARNING: [Vivado 12-584] No ports matched 'sw[9]'. [c:/Users/Utilizador/Desktop/Universidade/4_ano/2_semestre/CR/Praticas/Aula3/Aula3_estudo_ex2/Aula3_estudo_ex2.srcs/sources_1/bd/design_1/ip/design_1_Decimal_to_Displays_3_0_0/src/Nexys4_Master.xdc:42]
CRITICAL WARNING: [Common 17-55] 'set_property' expects at least one object. [c:/Users/Utilizador/Desktop/Universidade/4_ano/2_semestre/CR/Praticas/Aula3/Aula3_estudo_ex2/Aula3_estudo_ex2.srcs/sources_1/bd/design_1/ip/design_1_Decimal_to_Displays_3_0_0/src/Nexys4_Master.xdc:42]
Resolution: If [get_<value>] was used to populate the object, check to make sure this command returns at least one valid object.
WARNING: [Vivado 12-584] No ports matched 'sw[10]'. [c:/Users/Utilizador/Desktop/Universidade/4_ano/2_semestre/CR/Praticas/Aula3/Aula3_estudo_ex2/Aula3_estudo_ex2.srcs/sources_1/bd/design_1/ip/design_1_Decimal_to_Displays_3_0_0/src/Nexys4_Master.xdc:44]
CRITICAL WARNING: [Common 17-55] 'set_property' expects at least one object. [c:/Users/Utilizador/Desktop/Universidade/4_ano/2_semestre/CR/Praticas/Aula3/Aula3_estudo_ex2/Aula3_estudo_ex2.srcs/sources_1/bd/design_1/ip/design_1_Decimal_to_Displays_3_0_0/src/Nexys4_Master.xdc:44]
Resolution: If [get_<value>] was used to populate the object, check to make sure this command returns at least one valid object.
WARNING: [Vivado 12-584] No ports matched 'sw[10]'. [c:/Users/Utilizador/Desktop/Universidade/4_ano/2_semestre/CR/Praticas/Aula3/Aula3_estudo_ex2/Aula3_estudo_ex2.srcs/sources_1/bd/design_1/ip/design_1_Decimal_to_Displays_3_0_0/src/Nexys4_Master.xdc:45]
CRITICAL WARNING: [Common 17-55] 'set_property' expects at least one object. [c:/Users/Utilizador/Desktop/Universidade/4_ano/2_semestre/CR/Praticas/Aula3/Aula3_estudo_ex2/Aula3_estudo_ex2.srcs/sources_1/bd/design_1/ip/design_1_Decimal_to_Displays_3_0_0/src/Nexys4_Master.xdc:45]
Resolution: If [get_<value>] was used to populate the object, check to make sure this command returns at least one valid object.
WARNING: [Vivado 12-584] No ports matched 'sw[11]'. [c:/Users/Utilizador/Desktop/Universidade/4_ano/2_semestre/CR/Praticas/Aula3/Aula3_estudo_ex2/Aula3_estudo_ex2.srcs/sources_1/bd/design_1/ip/design_1_Decimal_to_Displays_3_0_0/src/Nexys4_Master.xdc:47]
CRITICAL WARNING: [Common 17-55] 'set_property' expects at least one object. [c:/Users/Utilizador/Desktop/Universidade/4_ano/2_semestre/CR/Praticas/Aula3/Aula3_estudo_ex2/Aula3_estudo_ex2.srcs/sources_1/bd/design_1/ip/design_1_Decimal_to_Displays_3_0_0/src/Nexys4_Master.xdc:47]
Resolution: If [get_<value>] was used to populate the object, check to make sure this command returns at least one valid object.
WARNING: [Vivado 12-584] No ports matched 'sw[11]'. [c:/Users/Utilizador/Desktop/Universidade/4_ano/2_semestre/CR/Praticas/Aula3/Aula3_estudo_ex2/Aula3_estudo_ex2.srcs/sources_1/bd/design_1/ip/design_1_Decimal_to_Displays_3_0_0/src/Nexys4_Master.xdc:48]
CRITICAL WARNING: [Common 17-55] 'set_property' expects at least one object. [c:/Users/Utilizador/Desktop/Universidade/4_ano/2_semestre/CR/Praticas/Aula3/Aula3_estudo_ex2/Aula3_estudo_ex2.srcs/sources_1/bd/design_1/ip/design_1_Decimal_to_Displays_3_0_0/src/Nexys4_Master.xdc:48]
Resolution: If [get_<value>] was used to populate the object, check to make sure this command returns at least one valid object.
WARNING: [Vivado 12-584] No ports matched 'sw[12]'. [c:/Users/Utilizador/Desktop/Universidade/4_ano/2_semestre/CR/Praticas/Aula3/Aula3_estudo_ex2/Aula3_estudo_ex2.srcs/sources_1/bd/design_1/ip/design_1_Decimal_to_Displays_3_0_0/src/Nexys4_Master.xdc:50]
CRITICAL WARNING: [Common 17-55] 'set_property' expects at least one object. [c:/Users/Utilizador/Desktop/Universidade/4_ano/2_semestre/CR/Praticas/Aula3/Aula3_estudo_ex2/Aula3_estudo_ex2.srcs/sources_1/bd/design_1/ip/design_1_Decimal_to_Displays_3_0_0/src/Nexys4_Master.xdc:50]
Resolution: If [get_<value>] was used to populate the object, check to make sure this command returns at least one valid object.
WARNING: [Vivado 12-584] No ports matched 'sw[12]'. [c:/Users/Utilizador/Desktop/Universidade/4_ano/2_semestre/CR/Praticas/Aula3/Aula3_estudo_ex2/Aula3_estudo_ex2.srcs/sources_1/bd/design_1/ip/design_1_Decimal_to_Displays_3_0_0/src/Nexys4_Master.xdc:51]
CRITICAL WARNING: [Common 17-55] 'set_property' expects at least one object. [c:/Users/Utilizador/Desktop/Universidade/4_ano/2_semestre/CR/Praticas/Aula3/Aula3_estudo_ex2/Aula3_estudo_ex2.srcs/sources_1/bd/design_1/ip/design_1_Decimal_to_Displays_3_0_0/src/Nexys4_Master.xdc:51]
Resolution: If [get_<value>] was used to populate the object, check to make sure this command returns at least one valid object.
WARNING: [Vivado 12-584] No ports matched 'sw[13]'. [c:/Users/Utilizador/Desktop/Universidade/4_ano/2_semestre/CR/Praticas/Aula3/Aula3_estudo_ex2/Aula3_estudo_ex2.srcs/sources_1/bd/design_1/ip/design_1_Decimal_to_Displays_3_0_0/src/Nexys4_Master.xdc:53]
CRITICAL WARNING: [Common 17-55] 'set_property' expects at least one object. [c:/Users/Utilizador/Desktop/Universidade/4_ano/2_semestre/CR/Praticas/Aula3/Aula3_estudo_ex2/Aula3_estudo_ex2.srcs/sources_1/bd/design_1/ip/design_1_Decimal_to_Displays_3_0_0/src/Nexys4_Master.xdc:53]
Resolution: If [get_<value>] was used to populate the object, check to make sure this command returns at least one valid object.
WARNING: [Vivado 12-584] No ports matched 'sw[13]'. [c:/Users/Utilizador/Desktop/Universidade/4_ano/2_semestre/CR/Praticas/Aula3/Aula3_estudo_ex2/Aula3_estudo_ex2.srcs/sources_1/bd/design_1/ip/design_1_Decimal_to_Displays_3_0_0/src/Nexys4_Master.xdc:54]
CRITICAL WARNING: [Common 17-55] 'set_property' expects at least one object. [c:/Users/Utilizador/Desktop/Universidade/4_ano/2_semestre/CR/Praticas/Aula3/Aula3_estudo_ex2/Aula3_estudo_ex2.srcs/sources_1/bd/design_1/ip/design_1_Decimal_to_Displays_3_0_0/src/Nexys4_Master.xdc:54]
Resolution: If [get_<value>] was used to populate the object, check to make sure this command returns at least one valid object.
WARNING: [Vivado 12-584] No ports matched 'sw[14]'. [c:/Users/Utilizador/Desktop/Universidade/4_ano/2_semestre/CR/Praticas/Aula3/Aula3_estudo_ex2/Aula3_estudo_ex2.srcs/sources_1/bd/design_1/ip/design_1_Decimal_to_Displays_3_0_0/src/Nexys4_Master.xdc:56]
CRITICAL WARNING: [Common 17-55] 'set_property' expects at least one object. [c:/Users/Utilizador/Desktop/Universidade/4_ano/2_semestre/CR/Praticas/Aula3/Aula3_estudo_ex2/Aula3_estudo_ex2.srcs/sources_1/bd/design_1/ip/design_1_Decimal_to_Displays_3_0_0/src/Nexys4_Master.xdc:56]
Resolution: If [get_<value>] was used to populate the object, check to make sure this command returns at least one valid object.
WARNING: [Vivado 12-584] No ports matched 'sw[14]'. [c:/Users/Utilizador/Desktop/Universidade/4_ano/2_semestre/CR/Praticas/Aula3/Aula3_estudo_ex2/Aula3_estudo_ex2.srcs/sources_1/bd/design_1/ip/design_1_Decimal_to_Displays_3_0_0/src/Nexys4_Master.xdc:57]
CRITICAL WARNING: [Common 17-55] 'set_property' expects at least one object. [c:/Users/Utilizador/Desktop/Universidade/4_ano/2_semestre/CR/Praticas/Aula3/Aula3_estudo_ex2/Aula3_estudo_ex2.srcs/sources_1/bd/design_1/ip/design_1_Decimal_to_Displays_3_0_0/src/Nexys4_Master.xdc:57]
Resolution: If [get_<value>] was used to populate the object, check to make sure this command returns at least one valid object.
WARNING: [Vivado 12-584] No ports matched 'sw[15]'. [c:/Users/Utilizador/Desktop/Universidade/4_ano/2_semestre/CR/Praticas/Aula3/Aula3_estudo_ex2/Aula3_estudo_ex2.srcs/sources_1/bd/design_1/ip/design_1_Decimal_to_Displays_3_0_0/src/Nexys4_Master.xdc:59]
CRITICAL WARNING: [Common 17-55] 'set_property' expects at least one object. [c:/Users/Utilizador/Desktop/Universidade/4_ano/2_semestre/CR/Praticas/Aula3/Aula3_estudo_ex2/Aula3_estudo_ex2.srcs/sources_1/bd/design_1/ip/design_1_Decimal_to_Displays_3_0_0/src/Nexys4_Master.xdc:59]
Resolution: If [get_<value>] was used to populate the object, check to make sure this command returns at least one valid object.
WARNING: [Vivado 12-584] No ports matched 'sw[15]'. [c:/Users/Utilizador/Desktop/Universidade/4_ano/2_semestre/CR/Praticas/Aula3/Aula3_estudo_ex2/Aula3_estudo_ex2.srcs/sources_1/bd/design_1/ip/design_1_Decimal_to_Displays_3_0_0/src/Nexys4_Master.xdc:60]
CRITICAL WARNING: [Common 17-55] 'set_property' expects at least one object. [c:/Users/Utilizador/Desktop/Universidade/4_ano/2_semestre/CR/Praticas/Aula3/Aula3_estudo_ex2/Aula3_estudo_ex2.srcs/sources_1/bd/design_1/ip/design_1_Decimal_to_Displays_3_0_0/src/Nexys4_Master.xdc:60]
Resolution: If [get_<value>] was used to populate the object, check to make sure this command returns at least one valid object.
WARNING: [Vivado 12-584] No ports matched 'led[0]'. [c:/Users/Utilizador/Desktop/Universidade/4_ano/2_semestre/CR/Praticas/Aula3/Aula3_estudo_ex2/Aula3_estudo_ex2.srcs/sources_1/bd/design_1/ip/design_1_Decimal_to_Displays_3_0_0/src/Nexys4_Master.xdc:66]
CRITICAL WARNING: [Common 17-55] 'set_property' expects at least one object. [c:/Users/Utilizador/Desktop/Universidade/4_ano/2_semestre/CR/Praticas/Aula3/Aula3_estudo_ex2/Aula3_estudo_ex2.srcs/sources_1/bd/design_1/ip/design_1_Decimal_to_Displays_3_0_0/src/Nexys4_Master.xdc:66]
Resolution: If [get_<value>] was used to populate the object, check to make sure this command returns at least one valid object.
WARNING: [Vivado 12-584] No ports matched 'led[0]'. [c:/Users/Utilizador/Desktop/Universidade/4_ano/2_semestre/CR/Praticas/Aula3/Aula3_estudo_ex2/Aula3_estudo_ex2.srcs/sources_1/bd/design_1/ip/design_1_Decimal_to_Displays_3_0_0/src/Nexys4_Master.xdc:67]
CRITICAL WARNING: [Common 17-55] 'set_property' expects at least one object. [c:/Users/Utilizador/Desktop/Universidade/4_ano/2_semestre/CR/Praticas/Aula3/Aula3_estudo_ex2/Aula3_estudo_ex2.srcs/sources_1/bd/design_1/ip/design_1_Decimal_to_Displays_3_0_0/src/Nexys4_Master.xdc:67]
Resolution: If [get_<value>] was used to populate the object, check to make sure this command returns at least one valid object.
WARNING: [Vivado 12-584] No ports matched 'led[1]'. [c:/Users/Utilizador/Desktop/Universidade/4_ano/2_semestre/CR/Praticas/Aula3/Aula3_estudo_ex2/Aula3_estudo_ex2.srcs/sources_1/bd/design_1/ip/design_1_Decimal_to_Displays_3_0_0/src/Nexys4_Master.xdc:69]
CRITICAL WARNING: [Common 17-55] 'set_property' expects at least one object. [c:/Users/Utilizador/Desktop/Universidade/4_ano/2_semestre/CR/Praticas/Aula3/Aula3_estudo_ex2/Aula3_estudo_ex2.srcs/sources_1/bd/design_1/ip/design_1_Decimal_to_Displays_3_0_0/src/Nexys4_Master.xdc:69]
Resolution: If [get_<value>] was used to populate the object, check to make sure this command returns at least one valid object.
WARNING: [Vivado 12-584] No ports matched 'led[1]'. [c:/Users/Utilizador/Desktop/Universidade/4_ano/2_semestre/CR/Praticas/Aula3/Aula3_estudo_ex2/Aula3_estudo_ex2.srcs/sources_1/bd/design_1/ip/design_1_Decimal_to_Displays_3_0_0/src/Nexys4_Master.xdc:70]
CRITICAL WARNING: [Common 17-55] 'set_property' expects at least one object. [c:/Users/Utilizador/Desktop/Universidade/4_ano/2_semestre/CR/Praticas/Aula3/Aula3_estudo_ex2/Aula3_estudo_ex2.srcs/sources_1/bd/design_1/ip/design_1_Decimal_to_Displays_3_0_0/src/Nexys4_Master.xdc:70]
Resolution: If [get_<value>] was used to populate the object, check to make sure this command returns at least one valid object.
WARNING: [Vivado 12-584] No ports matched 'led[2]'. [c:/Users/Utilizador/Desktop/Universidade/4_ano/2_semestre/CR/Praticas/Aula3/Aula3_estudo_ex2/Aula3_estudo_ex2.srcs/sources_1/bd/design_1/ip/design_1_Decimal_to_Displays_3_0_0/src/Nexys4_Master.xdc:72]
CRITICAL WARNING: [Common 17-55] 'set_property' expects at least one object. [c:/Users/Utilizador/Desktop/Universidade/4_ano/2_semestre/CR/Praticas/Aula3/Aula3_estudo_ex2/Aula3_estudo_ex2.srcs/sources_1/bd/design_1/ip/design_1_Decimal_to_Displays_3_0_0/src/Nexys4_Master.xdc:72]
Resolution: If [get_<value>] was used to populate the object, check to make sure this command returns at least one valid object.
WARNING: [Vivado 12-584] No ports matched 'led[2]'. [c:/Users/Utilizador/Desktop/Universidade/4_ano/2_semestre/CR/Praticas/Aula3/Aula3_estudo_ex2/Aula3_estudo_ex2.srcs/sources_1/bd/design_1/ip/design_1_Decimal_to_Displays_3_0_0/src/Nexys4_Master.xdc:73]
CRITICAL WARNING: [Common 17-55] 'set_property' expects at least one object. [c:/Users/Utilizador/Desktop/Universidade/4_ano/2_semestre/CR/Praticas/Aula3/Aula3_estudo_ex2/Aula3_estudo_ex2.srcs/sources_1/bd/design_1/ip/design_1_Decimal_to_Displays_3_0_0/src/Nexys4_Master.xdc:73]
Resolution: If [get_<value>] was used to populate the object, check to make sure this command returns at least one valid object.
WARNING: [Vivado 12-584] No ports matched 'led[3]'. [c:/Users/Utilizador/Desktop/Universidade/4_ano/2_semestre/CR/Praticas/Aula3/Aula3_estudo_ex2/Aula3_estudo_ex2.srcs/sources_1/bd/design_1/ip/design_1_Decimal_to_Displays_3_0_0/src/Nexys4_Master.xdc:75]
CRITICAL WARNING: [Common 17-55] 'set_property' expects at least one object. [c:/Users/Utilizador/Desktop/Universidade/4_ano/2_semestre/CR/Praticas/Aula3/Aula3_estudo_ex2/Aula3_estudo_ex2.srcs/sources_1/bd/design_1/ip/design_1_Decimal_to_Displays_3_0_0/src/Nexys4_Master.xdc:75]
Resolution: If [get_<value>] was used to populate the object, check to make sure this command returns at least one valid object.
WARNING: [Vivado 12-584] No ports matched 'led[3]'. [c:/Users/Utilizador/Desktop/Universidade/4_ano/2_semestre/CR/Praticas/Aula3/Aula3_estudo_ex2/Aula3_estudo_ex2.srcs/sources_1/bd/design_1/ip/design_1_Decimal_to_Displays_3_0_0/src/Nexys4_Master.xdc:76]
CRITICAL WARNING: [Common 17-55] 'set_property' expects at least one object. [c:/Users/Utilizador/Desktop/Universidade/4_ano/2_semestre/CR/Praticas/Aula3/Aula3_estudo_ex2/Aula3_estudo_ex2.srcs/sources_1/bd/design_1/ip/design_1_Decimal_to_Displays_3_0_0/src/Nexys4_Master.xdc:76]
Resolution: If [get_<value>] was used to populate the object, check to make sure this command returns at least one valid object.
WARNING: [Vivado 12-584] No ports matched 'led[4]'. [c:/Users/Utilizador/Desktop/Universidade/4_ano/2_semestre/CR/Praticas/Aula3/Aula3_estudo_ex2/Aula3_estudo_ex2.srcs/sources_1/bd/design_1/ip/design_1_Decimal_to_Displays_3_0_0/src/Nexys4_Master.xdc:78]
CRITICAL WARNING: [Common 17-55] 'set_property' expects at least one object. [c:/Users/Utilizador/Desktop/Universidade/4_ano/2_semestre/CR/Praticas/Aula3/Aula3_estudo_ex2/Aula3_estudo_ex2.srcs/sources_1/bd/design_1/ip/design_1_Decimal_to_Displays_3_0_0/src/Nexys4_Master.xdc:78]
Resolution: If [get_<value>] was used to populate the object, check to make sure this command returns at least one valid object.
WARNING: [Vivado 12-584] No ports matched 'led[4]'. [c:/Users/Utilizador/Desktop/Universidade/4_ano/2_semestre/CR/Praticas/Aula3/Aula3_estudo_ex2/Aula3_estudo_ex2.srcs/sources_1/bd/design_1/ip/design_1_Decimal_to_Displays_3_0_0/src/Nexys4_Master.xdc:79]
CRITICAL WARNING: [Common 17-55] 'set_property' expects at least one object. [c:/Users/Utilizador/Desktop/Universidade/4_ano/2_semestre/CR/Praticas/Aula3/Aula3_estudo_ex2/Aula3_estudo_ex2.srcs/sources_1/bd/design_1/ip/design_1_Decimal_to_Displays_3_0_0/src/Nexys4_Master.xdc:79]
Resolution: If [get_<value>] was used to populate the object, check to make sure this command returns at least one valid object.
WARNING: [Vivado 12-584] No ports matched 'led[5]'. [c:/Users/Utilizador/Desktop/Universidade/4_ano/2_semestre/CR/Praticas/Aula3/Aula3_estudo_ex2/Aula3_estudo_ex2.srcs/sources_1/bd/design_1/ip/design_1_Decimal_to_Displays_3_0_0/src/Nexys4_Master.xdc:81]
CRITICAL WARNING: [Common 17-55] 'set_property' expects at least one object. [c:/Users/Utilizador/Desktop/Universidade/4_ano/2_semestre/CR/Praticas/Aula3/Aula3_estudo_ex2/Aula3_estudo_ex2.srcs/sources_1/bd/design_1/ip/design_1_Decimal_to_Displays_3_0_0/src/Nexys4_Master.xdc:81]
Resolution: If [get_<value>] was used to populate the object, check to make sure this command returns at least one valid object.
WARNING: [Vivado 12-584] No ports matched 'led[5]'. [c:/Users/Utilizador/Desktop/Universidade/4_ano/2_semestre/CR/Praticas/Aula3/Aula3_estudo_ex2/Aula3_estudo_ex2.srcs/sources_1/bd/design_1/ip/design_1_Decimal_to_Displays_3_0_0/src/Nexys4_Master.xdc:82]
CRITICAL WARNING: [Common 17-55] 'set_property' expects at least one object. [c:/Users/Utilizador/Desktop/Universidade/4_ano/2_semestre/CR/Praticas/Aula3/Aula3_estudo_ex2/Aula3_estudo_ex2.srcs/sources_1/bd/design_1/ip/design_1_Decimal_to_Displays_3_0_0/src/Nexys4_Master.xdc:82]
Resolution: If [get_<value>] was used to populate the object, check to make sure this command returns at least one valid object.
WARNING: [Vivado 12-584] No ports matched 'led[6]'. [c:/Users/Utilizador/Desktop/Universidade/4_ano/2_semestre/CR/Praticas/Aula3/Aula3_estudo_ex2/Aula3_estudo_ex2.srcs/sources_1/bd/design_1/ip/design_1_Decimal_to_Displays_3_0_0/src/Nexys4_Master.xdc:84]
CRITICAL WARNING: [Common 17-55] 'set_property' expects at least one object. [c:/Users/Utilizador/Desktop/Universidade/4_ano/2_semestre/CR/Praticas/Aula3/Aula3_estudo_ex2/Aula3_estudo_ex2.srcs/sources_1/bd/design_1/ip/design_1_Decimal_to_Displays_3_0_0/src/Nexys4_Master.xdc:84]
Resolution: If [get_<value>] was used to populate the object, check to make sure this command returns at least one valid object.
WARNING: [Vivado 12-584] No ports matched 'led[6]'. [c:/Users/Utilizador/Desktop/Universidade/4_ano/2_semestre/CR/Praticas/Aula3/Aula3_estudo_ex2/Aula3_estudo_ex2.srcs/sources_1/bd/design_1/ip/design_1_Decimal_to_Displays_3_0_0/src/Nexys4_Master.xdc:85]
CRITICAL WARNING: [Common 17-55] 'set_property' expects at least one object. [c:/Users/Utilizador/Desktop/Universidade/4_ano/2_semestre/CR/Praticas/Aula3/Aula3_estudo_ex2/Aula3_estudo_ex2.srcs/sources_1/bd/design_1/ip/design_1_Decimal_to_Displays_3_0_0/src/Nexys4_Master.xdc:85]
Resolution: If [get_<value>] was used to populate the object, check to make sure this command returns at least one valid object.
WARNING: [Vivado 12-584] No ports matched 'led[7]'. [c:/Users/Utilizador/Desktop/Universidade/4_ano/2_semestre/CR/Praticas/Aula3/Aula3_estudo_ex2/Aula3_estudo_ex2.srcs/sources_1/bd/design_1/ip/design_1_Decimal_to_Displays_3_0_0/src/Nexys4_Master.xdc:87]
CRITICAL WARNING: [Common 17-55] 'set_property' expects at least one object. [c:/Users/Utilizador/Desktop/Universidade/4_ano/2_semestre/CR/Praticas/Aula3/Aula3_estudo_ex2/Aula3_estudo_ex2.srcs/sources_1/bd/design_1/ip/design_1_Decimal_to_Displays_3_0_0/src/Nexys4_Master.xdc:87]
Resolution: If [get_<value>] was used to populate the object, check to make sure this command returns at least one valid object.
WARNING: [Vivado 12-584] No ports matched 'led[7]'. [c:/Users/Utilizador/Desktop/Universidade/4_ano/2_semestre/CR/Praticas/Aula3/Aula3_estudo_ex2/Aula3_estudo_ex2.srcs/sources_1/bd/design_1/ip/design_1_Decimal_to_Displays_3_0_0/src/Nexys4_Master.xdc:88]
CRITICAL WARNING: [Common 17-55] 'set_property' expects at least one object. [c:/Users/Utilizador/Desktop/Universidade/4_ano/2_semestre/CR/Praticas/Aula3/Aula3_estudo_ex2/Aula3_estudo_ex2.srcs/sources_1/bd/design_1/ip/design_1_Decimal_to_Displays_3_0_0/src/Nexys4_Master.xdc:88]
Resolution: If [get_<value>] was used to populate the object, check to make sure this command returns at least one valid object.
WARNING: [Vivado 12-584] No ports matched 'led[8]'. [c:/Users/Utilizador/Desktop/Universidade/4_ano/2_semestre/CR/Praticas/Aula3/Aula3_estudo_ex2/Aula3_estudo_ex2.srcs/sources_1/bd/design_1/ip/design_1_Decimal_to_Displays_3_0_0/src/Nexys4_Master.xdc:90]
CRITICAL WARNING: [Common 17-55] 'set_property' expects at least one object. [c:/Users/Utilizador/Desktop/Universidade/4_ano/2_semestre/CR/Praticas/Aula3/Aula3_estudo_ex2/Aula3_estudo_ex2.srcs/sources_1/bd/design_1/ip/design_1_Decimal_to_Displays_3_0_0/src/Nexys4_Master.xdc:90]
Resolution: If [get_<value>] was used to populate the object, check to make sure this command returns at least one valid object.
WARNING: [Vivado 12-584] No ports matched 'led[8]'. [c:/Users/Utilizador/Desktop/Universidade/4_ano/2_semestre/CR/Praticas/Aula3/Aula3_estudo_ex2/Aula3_estudo_ex2.srcs/sources_1/bd/design_1/ip/design_1_Decimal_to_Displays_3_0_0/src/Nexys4_Master.xdc:91]
CRITICAL WARNING: [Common 17-55] 'set_property' expects at least one object. [c:/Users/Utilizador/Desktop/Universidade/4_ano/2_semestre/CR/Praticas/Aula3/Aula3_estudo_ex2/Aula3_estudo_ex2.srcs/sources_1/bd/design_1/ip/design_1_Decimal_to_Displays_3_0_0/src/Nexys4_Master.xdc:91]
Resolution: If [get_<value>] was used to populate the object, check to make sure this command returns at least one valid object.
WARNING: [Vivado 12-584] No ports matched 'led[9]'. [c:/Users/Utilizador/Desktop/Universidade/4_ano/2_semestre/CR/Praticas/Aula3/Aula3_estudo_ex2/Aula3_estudo_ex2.srcs/sources_1/bd/design_1/ip/design_1_Decimal_to_Displays_3_0_0/src/Nexys4_Master.xdc:93]
CRITICAL WARNING: [Common 17-55] 'set_property' expects at least one object. [c:/Users/Utilizador/Desktop/Universidade/4_ano/2_semestre/CR/Praticas/Aula3/Aula3_estudo_ex2/Aula3_estudo_ex2.srcs/sources_1/bd/design_1/ip/design_1_Decimal_to_Displays_3_0_0/src/Nexys4_Master.xdc:93]
Resolution: If [get_<value>] was used to populate the object, check to make sure this command returns at least one valid object.
WARNING: [Vivado 12-584] No ports matched 'led[9]'. [c:/Users/Utilizador/Desktop/Universidade/4_ano/2_semestre/CR/Praticas/Aula3/Aula3_estudo_ex2/Aula3_estudo_ex2.srcs/sources_1/bd/design_1/ip/design_1_Decimal_to_Displays_3_0_0/src/Nexys4_Master.xdc:94]
CRITICAL WARNING: [Common 17-55] 'set_property' expects at least one object. [c:/Users/Utilizador/Desktop/Universidade/4_ano/2_semestre/CR/Praticas/Aula3/Aula3_estudo_ex2/Aula3_estudo_ex2.srcs/sources_1/bd/design_1/ip/design_1_Decimal_to_Displays_3_0_0/src/Nexys4_Master.xdc:94]
Resolution: If [get_<value>] was used to populate the object, check to make sure this command returns at least one valid object.
WARNING: [Vivado 12-584] No ports matched 'led[10]'. [c:/Users/Utilizador/Desktop/Universidade/4_ano/2_semestre/CR/Praticas/Aula3/Aula3_estudo_ex2/Aula3_estudo_ex2.srcs/sources_1/bd/design_1/ip/design_1_Decimal_to_Displays_3_0_0/src/Nexys4_Master.xdc:96]
CRITICAL WARNING: [Common 17-55] 'set_property' expects at least one object. [c:/Users/Utilizador/Desktop/Universidade/4_ano/2_semestre/CR/Praticas/Aula3/Aula3_estudo_ex2/Aula3_estudo_ex2.srcs/sources_1/bd/design_1/ip/design_1_Decimal_to_Displays_3_0_0/src/Nexys4_Master.xdc:96]
Resolution: If [get_<value>] was used to populate the object, check to make sure this command returns at least one valid object.
WARNING: [Vivado 12-584] No ports matched 'led[10]'. [c:/Users/Utilizador/Desktop/Universidade/4_ano/2_semestre/CR/Praticas/Aula3/Aula3_estudo_ex2/Aula3_estudo_ex2.srcs/sources_1/bd/design_1/ip/design_1_Decimal_to_Displays_3_0_0/src/Nexys4_Master.xdc:97]
CRITICAL WARNING: [Common 17-55] 'set_property' expects at least one object. [c:/Users/Utilizador/Desktop/Universidade/4_ano/2_semestre/CR/Praticas/Aula3/Aula3_estudo_ex2/Aula3_estudo_ex2.srcs/sources_1/bd/design_1/ip/design_1_Decimal_to_Displays_3_0_0/src/Nexys4_Master.xdc:97]
Resolution: If [get_<value>] was used to populate the object, check to make sure this command returns at least one valid object.
WARNING: [Vivado 12-584] No ports matched 'led[11]'. [c:/Users/Utilizador/Desktop/Universidade/4_ano/2_semestre/CR/Praticas/Aula3/Aula3_estudo_ex2/Aula3_estudo_ex2.srcs/sources_1/bd/design_1/ip/design_1_Decimal_to_Displays_3_0_0/src/Nexys4_Master.xdc:99]
CRITICAL WARNING: [Common 17-55] 'set_property' expects at least one object. [c:/Users/Utilizador/Desktop/Universidade/4_ano/2_semestre/CR/Praticas/Aula3/Aula3_estudo_ex2/Aula3_estudo_ex2.srcs/sources_1/bd/design_1/ip/design_1_Decimal_to_Displays_3_0_0/src/Nexys4_Master.xdc:99]
Resolution: If [get_<value>] was used to populate the object, check to make sure this command returns at least one valid object.
WARNING: [Vivado 12-584] No ports matched 'led[11]'. [c:/Users/Utilizador/Desktop/Universidade/4_ano/2_semestre/CR/Praticas/Aula3/Aula3_estudo_ex2/Aula3_estudo_ex2.srcs/sources_1/bd/design_1/ip/design_1_Decimal_to_Displays_3_0_0/src/Nexys4_Master.xdc:100]
CRITICAL WARNING: [Common 17-55] 'set_property' expects at least one object. [c:/Users/Utilizador/Desktop/Universidade/4_ano/2_semestre/CR/Praticas/Aula3/Aula3_estudo_ex2/Aula3_estudo_ex2.srcs/sources_1/bd/design_1/ip/design_1_Decimal_to_Displays_3_0_0/src/Nexys4_Master.xdc:100]
Resolution: If [get_<value>] was used to populate the object, check to make sure this command returns at least one valid object.
WARNING: [Vivado 12-584] No ports matched 'led[12]'. [c:/Users/Utilizador/Desktop/Universidade/4_ano/2_semestre/CR/Praticas/Aula3/Aula3_estudo_ex2/Aula3_estudo_ex2.srcs/sources_1/bd/design_1/ip/design_1_Decimal_to_Displays_3_0_0/src/Nexys4_Master.xdc:102]
CRITICAL WARNING: [Common 17-55] 'set_property' expects at least one object. [c:/Users/Utilizador/Desktop/Universidade/4_ano/2_semestre/CR/Praticas/Aula3/Aula3_estudo_ex2/Aula3_estudo_ex2.srcs/sources_1/bd/design_1/ip/design_1_Decimal_to_Displays_3_0_0/src/Nexys4_Master.xdc:102]
Resolution: If [get_<value>] was used to populate the object, check to make sure this command returns at least one valid object.
WARNING: [Vivado 12-584] No ports matched 'led[12]'. [c:/Users/Utilizador/Desktop/Universidade/4_ano/2_semestre/CR/Praticas/Aula3/Aula3_estudo_ex2/Aula3_estudo_ex2.srcs/sources_1/bd/design_1/ip/design_1_Decimal_to_Displays_3_0_0/src/Nexys4_Master.xdc:103]
CRITICAL WARNING: [Common 17-55] 'set_property' expects at least one object. [c:/Users/Utilizador/Desktop/Universidade/4_ano/2_semestre/CR/Praticas/Aula3/Aula3_estudo_ex2/Aula3_estudo_ex2.srcs/sources_1/bd/design_1/ip/design_1_Decimal_to_Displays_3_0_0/src/Nexys4_Master.xdc:103]
Resolution: If [get_<value>] was used to populate the object, check to make sure this command returns at least one valid object.
WARNING: [Vivado 12-584] No ports matched 'led[13]'. [c:/Users/Utilizador/Desktop/Universidade/4_ano/2_semestre/CR/Praticas/Aula3/Aula3_estudo_ex2/Aula3_estudo_ex2.srcs/sources_1/bd/design_1/ip/design_1_Decimal_to_Displays_3_0_0/src/Nexys4_Master.xdc:105]
CRITICAL WARNING: [Common 17-55] 'set_property' expects at least one object. [c:/Users/Utilizador/Desktop/Universidade/4_ano/2_semestre/CR/Praticas/Aula3/Aula3_estudo_ex2/Aula3_estudo_ex2.srcs/sources_1/bd/design_1/ip/design_1_Decimal_to_Displays_3_0_0/src/Nexys4_Master.xdc:105]
Resolution: If [get_<value>] was used to populate the object, check to make sure this command returns at least one valid object.
WARNING: [Vivado 12-584] No ports matched 'led[13]'. [c:/Users/Utilizador/Desktop/Universidade/4_ano/2_semestre/CR/Praticas/Aula3/Aula3_estudo_ex2/Aula3_estudo_ex2.srcs/sources_1/bd/design_1/ip/design_1_Decimal_to_Displays_3_0_0/src/Nexys4_Master.xdc:106]
CRITICAL WARNING: [Common 17-55] 'set_property' expects at least one object. [c:/Users/Utilizador/Desktop/Universidade/4_ano/2_semestre/CR/Praticas/Aula3/Aula3_estudo_ex2/Aula3_estudo_ex2.srcs/sources_1/bd/design_1/ip/design_1_Decimal_to_Displays_3_0_0/src/Nexys4_Master.xdc:106]
Resolution: If [get_<value>] was used to populate the object, check to make sure this command returns at least one valid object.
WARNING: [Vivado 12-584] No ports matched 'led[14]'. [c:/Users/Utilizador/Desktop/Universidade/4_ano/2_semestre/CR/Praticas/Aula3/Aula3_estudo_ex2/Aula3_estudo_ex2.srcs/sources_1/bd/design_1/ip/design_1_Decimal_to_Displays_3_0_0/src/Nexys4_Master.xdc:108]
CRITICAL WARNING: [Common 17-55] 'set_property' expects at least one object. [c:/Users/Utilizador/Desktop/Universidade/4_ano/2_semestre/CR/Praticas/Aula3/Aula3_estudo_ex2/Aula3_estudo_ex2.srcs/sources_1/bd/design_1/ip/design_1_Decimal_to_Displays_3_0_0/src/Nexys4_Master.xdc:108]
Resolution: If [get_<value>] was used to populate the object, check to make sure this command returns at least one valid object.
WARNING: [Vivado 12-584] No ports matched 'led[14]'. [c:/Users/Utilizador/Desktop/Universidade/4_ano/2_semestre/CR/Praticas/Aula3/Aula3_estudo_ex2/Aula3_estudo_ex2.srcs/sources_1/bd/design_1/ip/design_1_Decimal_to_Displays_3_0_0/src/Nexys4_Master.xdc:109]
CRITICAL WARNING: [Common 17-55] 'set_property' expects at least one object. [c:/Users/Utilizador/Desktop/Universidade/4_ano/2_semestre/CR/Praticas/Aula3/Aula3_estudo_ex2/Aula3_estudo_ex2.srcs/sources_1/bd/design_1/ip/design_1_Decimal_to_Displays_3_0_0/src/Nexys4_Master.xdc:109]
Resolution: If [get_<value>] was used to populate the object, check to make sure this command returns at least one valid object.
WARNING: [Vivado 12-584] No ports matched 'led[15]'. [c:/Users/Utilizador/Desktop/Universidade/4_ano/2_semestre/CR/Praticas/Aula3/Aula3_estudo_ex2/Aula3_estudo_ex2.srcs/sources_1/bd/design_1/ip/design_1_Decimal_to_Displays_3_0_0/src/Nexys4_Master.xdc:111]
CRITICAL WARNING: [Common 17-55] 'set_property' expects at least one object. [c:/Users/Utilizador/Desktop/Universidade/4_ano/2_semestre/CR/Praticas/Aula3/Aula3_estudo_ex2/Aula3_estudo_ex2.srcs/sources_1/bd/design_1/ip/design_1_Decimal_to_Displays_3_0_0/src/Nexys4_Master.xdc:111]
Resolution: If [get_<value>] was used to populate the object, check to make sure this command returns at least one valid object.
WARNING: [Vivado 12-584] No ports matched 'led[15]'. [c:/Users/Utilizador/Desktop/Universidade/4_ano/2_semestre/CR/Praticas/Aula3/Aula3_estudo_ex2/Aula3_estudo_ex2.srcs/sources_1/bd/design_1/ip/design_1_Decimal_to_Displays_3_0_0/src/Nexys4_Master.xdc:112]
CRITICAL WARNING: [Common 17-55] 'set_property' expects at least one object. [c:/Users/Utilizador/Desktop/Universidade/4_ano/2_semestre/CR/Praticas/Aula3/Aula3_estudo_ex2/Aula3_estudo_ex2.srcs/sources_1/bd/design_1/ip/design_1_Decimal_to_Displays_3_0_0/src/Nexys4_Master.xdc:112]
Resolution: If [get_<value>] was used to populate the object, check to make sure this command returns at least one valid object.
WARNING: [Vivado 12-584] No ports matched 'RGB1_Red'. [c:/Users/Utilizador/Desktop/Universidade/4_ano/2_semestre/CR/Praticas/Aula3/Aula3_estudo_ex2/Aula3_estudo_ex2.srcs/sources_1/bd/design_1/ip/design_1_Decimal_to_Displays_3_0_0/src/Nexys4_Master.xdc:115]
CRITICAL WARNING: [Common 17-55] 'set_property' expects at least one object. [c:/Users/Utilizador/Desktop/Universidade/4_ano/2_semestre/CR/Praticas/Aula3/Aula3_estudo_ex2/Aula3_estudo_ex2.srcs/sources_1/bd/design_1/ip/design_1_Decimal_to_Displays_3_0_0/src/Nexys4_Master.xdc:115]
Resolution: If [get_<value>] was used to populate the object, check to make sure this command returns at least one valid object.
WARNING: [Vivado 12-584] No ports matched 'RGB1_Red'. [c:/Users/Utilizador/Desktop/Universidade/4_ano/2_semestre/CR/Praticas/Aula3/Aula3_estudo_ex2/Aula3_estudo_ex2.srcs/sources_1/bd/design_1/ip/design_1_Decimal_to_Displays_3_0_0/src/Nexys4_Master.xdc:116]
CRITICAL WARNING: [Common 17-55] 'set_property' expects at least one object. [c:/Users/Utilizador/Desktop/Universidade/4_ano/2_semestre/CR/Praticas/Aula3/Aula3_estudo_ex2/Aula3_estudo_ex2.srcs/sources_1/bd/design_1/ip/design_1_Decimal_to_Displays_3_0_0/src/Nexys4_Master.xdc:116]
Resolution: If [get_<value>] was used to populate the object, check to make sure this command returns at least one valid object.
WARNING: [Vivado 12-584] No ports matched 'RGB1_Green'. [c:/Users/Utilizador/Desktop/Universidade/4_ano/2_semestre/CR/Praticas/Aula3/Aula3_estudo_ex2/Aula3_estudo_ex2.srcs/sources_1/bd/design_1/ip/design_1_Decimal_to_Displays_3_0_0/src/Nexys4_Master.xdc:118]
CRITICAL WARNING: [Common 17-55] 'set_property' expects at least one object. [c:/Users/Utilizador/Desktop/Universidade/4_ano/2_semestre/CR/Praticas/Aula3/Aula3_estudo_ex2/Aula3_estudo_ex2.srcs/sources_1/bd/design_1/ip/design_1_Decimal_to_Displays_3_0_0/src/Nexys4_Master.xdc:118]
Resolution: If [get_<value>] was used to populate the object, check to make sure this command returns at least one valid object.
WARNING: [Vivado 12-584] No ports matched 'RGB1_Green'. [c:/Users/Utilizador/Desktop/Universidade/4_ano/2_semestre/CR/Praticas/Aula3/Aula3_estudo_ex2/Aula3_estudo_ex2.srcs/sources_1/bd/design_1/ip/design_1_Decimal_to_Displays_3_0_0/src/Nexys4_Master.xdc:119]
CRITICAL WARNING: [Common 17-55] 'set_property' expects at least one object. [c:/Users/Utilizador/Desktop/Universidade/4_ano/2_semestre/CR/Praticas/Aula3/Aula3_estudo_ex2/Aula3_estudo_ex2.srcs/sources_1/bd/design_1/ip/design_1_Decimal_to_Displays_3_0_0/src/Nexys4_Master.xdc:119]
Resolution: If [get_<value>] was used to populate the object, check to make sure this command returns at least one valid object.
WARNING: [Vivado 12-584] No ports matched 'RGB1_Blue'. [c:/Users/Utilizador/Desktop/Universidade/4_ano/2_semestre/CR/Praticas/Aula3/Aula3_estudo_ex2/Aula3_estudo_ex2.srcs/sources_1/bd/design_1/ip/design_1_Decimal_to_Displays_3_0_0/src/Nexys4_Master.xdc:121]
CRITICAL WARNING: [Common 17-55] 'set_property' expects at least one object. [c:/Users/Utilizador/Desktop/Universidade/4_ano/2_semestre/CR/Praticas/Aula3/Aula3_estudo_ex2/Aula3_estudo_ex2.srcs/sources_1/bd/design_1/ip/design_1_Decimal_to_Displays_3_0_0/src/Nexys4_Master.xdc:121]
Resolution: If [get_<value>] was used to populate the object, check to make sure this command returns at least one valid object.
WARNING: [Vivado 12-584] No ports matched 'RGB1_Blue'. [c:/Users/Utilizador/Desktop/Universidade/4_ano/2_semestre/CR/Praticas/Aula3/Aula3_estudo_ex2/Aula3_estudo_ex2.srcs/sources_1/bd/design_1/ip/design_1_Decimal_to_Displays_3_0_0/src/Nexys4_Master.xdc:122]
CRITICAL WARNING: [Common 17-55] 'set_property' expects at least one object. [c:/Users/Utilizador/Desktop/Universidade/4_ano/2_semestre/CR/Praticas/Aula3/Aula3_estudo_ex2/Aula3_estudo_ex2.srcs/sources_1/bd/design_1/ip/design_1_Decimal_to_Displays_3_0_0/src/Nexys4_Master.xdc:122]
Resolution: If [get_<value>] was used to populate the object, check to make sure this command returns at least one valid object.
WARNING: [Vivado 12-584] No ports matched 'RGB2_Red'. [c:/Users/Utilizador/Desktop/Universidade/4_ano/2_semestre/CR/Praticas/Aula3/Aula3_estudo_ex2/Aula3_estudo_ex2.srcs/sources_1/bd/design_1/ip/design_1_Decimal_to_Displays_3_0_0/src/Nexys4_Master.xdc:124]
CRITICAL WARNING: [Common 17-55] 'set_property' expects at least one object. [c:/Users/Utilizador/Desktop/Universidade/4_ano/2_semestre/CR/Praticas/Aula3/Aula3_estudo_ex2/Aula3_estudo_ex2.srcs/sources_1/bd/design_1/ip/design_1_Decimal_to_Displays_3_0_0/src/Nexys4_Master.xdc:124]
Resolution: If [get_<value>] was used to populate the object, check to make sure this command returns at least one valid object.
WARNING: [Vivado 12-584] No ports matched 'RGB2_Red'. [c:/Users/Utilizador/Desktop/Universidade/4_ano/2_semestre/CR/Praticas/Aula3/Aula3_estudo_ex2/Aula3_estudo_ex2.srcs/sources_1/bd/design_1/ip/design_1_Decimal_to_Displays_3_0_0/src/Nexys4_Master.xdc:125]
CRITICAL WARNING: [Common 17-55] 'set_property' expects at least one object. [c:/Users/Utilizador/Desktop/Universidade/4_ano/2_semestre/CR/Praticas/Aula3/Aula3_estudo_ex2/Aula3_estudo_ex2.srcs/sources_1/bd/design_1/ip/design_1_Decimal_to_Displays_3_0_0/src/Nexys4_Master.xdc:125]
Resolution: If [get_<value>] was used to populate the object, check to make sure this command returns at least one valid object.
WARNING: [Vivado 12-584] No ports matched 'RGB2_Green'. [c:/Users/Utilizador/Desktop/Universidade/4_ano/2_semestre/CR/Praticas/Aula3/Aula3_estudo_ex2/Aula3_estudo_ex2.srcs/sources_1/bd/design_1/ip/design_1_Decimal_to_Displays_3_0_0/src/Nexys4_Master.xdc:127]
CRITICAL WARNING: [Common 17-55] 'set_property' expects at least one object. [c:/Users/Utilizador/Desktop/Universidade/4_ano/2_semestre/CR/Praticas/Aula3/Aula3_estudo_ex2/Aula3_estudo_ex2.srcs/sources_1/bd/design_1/ip/design_1_Decimal_to_Displays_3_0_0/src/Nexys4_Master.xdc:127]
Resolution: If [get_<value>] was used to populate the object, check to make sure this command returns at least one valid object.
WARNING: [Vivado 12-584] No ports matched 'RGB2_Green'. [c:/Users/Utilizador/Desktop/Universidade/4_ano/2_semestre/CR/Praticas/Aula3/Aula3_estudo_ex2/Aula3_estudo_ex2.srcs/sources_1/bd/design_1/ip/design_1_Decimal_to_Displays_3_0_0/src/Nexys4_Master.xdc:128]
CRITICAL WARNING: [Common 17-55] 'set_property' expects at least one object. [c:/Users/Utilizador/Desktop/Universidade/4_ano/2_semestre/CR/Praticas/Aula3/Aula3_estudo_ex2/Aula3_estudo_ex2.srcs/sources_1/bd/design_1/ip/design_1_Decimal_to_Displays_3_0_0/src/Nexys4_Master.xdc:128]
Resolution: If [get_<value>] was used to populate the object, check to make sure this command returns at least one valid object.
WARNING: [Vivado 12-584] No ports matched 'RGB2_Blue'. [c:/Users/Utilizador/Desktop/Universidade/4_ano/2_semestre/CR/Praticas/Aula3/Aula3_estudo_ex2/Aula3_estudo_ex2.srcs/sources_1/bd/design_1/ip/design_1_Decimal_to_Displays_3_0_0/src/Nexys4_Master.xdc:130]
CRITICAL WARNING: [Common 17-55] 'set_property' expects at least one object. [c:/Users/Utilizador/Desktop/Universidade/4_ano/2_semestre/CR/Praticas/Aula3/Aula3_estudo_ex2/Aula3_estudo_ex2.srcs/sources_1/bd/design_1/ip/design_1_Decimal_to_Displays_3_0_0/src/Nexys4_Master.xdc:130]
Resolution: If [get_<value>] was used to populate the object, check to make sure this command returns at least one valid object.
WARNING: [Vivado 12-584] No ports matched 'RGB2_Blue'. [c:/Users/Utilizador/Desktop/Universidade/4_ano/2_semestre/CR/Praticas/Aula3/Aula3_estudo_ex2/Aula3_estudo_ex2.srcs/sources_1/bd/design_1/ip/design_1_Decimal_to_Displays_3_0_0/src/Nexys4_Master.xdc:131]
CRITICAL WARNING: [Common 17-55] 'set_property' expects at least one object. [c:/Users/Utilizador/Desktop/Universidade/4_ano/2_semestre/CR/Praticas/Aula3/Aula3_estudo_ex2/Aula3_estudo_ex2.srcs/sources_1/bd/design_1/ip/design_1_Decimal_to_Displays_3_0_0/src/Nexys4_Master.xdc:131]
Resolution: If [get_<value>] was used to populate the object, check to make sure this command returns at least one valid object.
WARNING: [Vivado 12-584] No ports matched 'btnC'. [c:/Users/Utilizador/Desktop/Universidade/4_ano/2_semestre/CR/Praticas/Aula3/Aula3_estudo_ex2/Aula3_estudo_ex2.srcs/sources_1/bd/design_1/ip/design_1_Decimal_to_Displays_3_0_0/src/Nexys4_Master.xdc:194]
CRITICAL WARNING: [Common 17-55] 'set_property' expects at least one object. [c:/Users/Utilizador/Desktop/Universidade/4_ano/2_semestre/CR/Praticas/Aula3/Aula3_estudo_ex2/Aula3_estudo_ex2.srcs/sources_1/bd/design_1/ip/design_1_Decimal_to_Displays_3_0_0/src/Nexys4_Master.xdc:194]
Resolution: If [get_<value>] was used to populate the object, check to make sure this command returns at least one valid object.
WARNING: [Vivado 12-584] No ports matched 'btnC'. [c:/Users/Utilizador/Desktop/Universidade/4_ano/2_semestre/CR/Praticas/Aula3/Aula3_estudo_ex2/Aula3_estudo_ex2.srcs/sources_1/bd/design_1/ip/design_1_Decimal_to_Displays_3_0_0/src/Nexys4_Master.xdc:195]
CRITICAL WARNING: [Common 17-55] 'set_property' expects at least one object. [c:/Users/Utilizador/Desktop/Universidade/4_ano/2_semestre/CR/Praticas/Aula3/Aula3_estudo_ex2/Aula3_estudo_ex2.srcs/sources_1/bd/design_1/ip/design_1_Decimal_to_Displays_3_0_0/src/Nexys4_Master.xdc:195]
Resolution: If [get_<value>] was used to populate the object, check to make sure this command returns at least one valid object.
WARNING: [Vivado 12-584] No ports matched 'btnU'. [c:/Users/Utilizador/Desktop/Universidade/4_ano/2_semestre/CR/Praticas/Aula3/Aula3_estudo_ex2/Aula3_estudo_ex2.srcs/sources_1/bd/design_1/ip/design_1_Decimal_to_Displays_3_0_0/src/Nexys4_Master.xdc:197]
CRITICAL WARNING: [Common 17-55] 'set_property' expects at least one object. [c:/Users/Utilizador/Desktop/Universidade/4_ano/2_semestre/CR/Praticas/Aula3/Aula3_estudo_ex2/Aula3_estudo_ex2.srcs/sources_1/bd/design_1/ip/design_1_Decimal_to_Displays_3_0_0/src/Nexys4_Master.xdc:197]
Resolution: If [get_<value>] was used to populate the object, check to make sure this command returns at least one valid object.
WARNING: [Vivado 12-584] No ports matched 'btnU'. [c:/Users/Utilizador/Desktop/Universidade/4_ano/2_semestre/CR/Praticas/Aula3/Aula3_estudo_ex2/Aula3_estudo_ex2.srcs/sources_1/bd/design_1/ip/design_1_Decimal_to_Displays_3_0_0/src/Nexys4_Master.xdc:198]
CRITICAL WARNING: [Common 17-55] 'set_property' expects at least one object. [c:/Users/Utilizador/Desktop/Universidade/4_ano/2_semestre/CR/Praticas/Aula3/Aula3_estudo_ex2/Aula3_estudo_ex2.srcs/sources_1/bd/design_1/ip/design_1_Decimal_to_Displays_3_0_0/src/Nexys4_Master.xdc:198]
Resolution: If [get_<value>] was used to populate the object, check to make sure this command returns at least one valid object.
WARNING: [Vivado 12-584] No ports matched 'btnL'. [c:/Users/Utilizador/Desktop/Universidade/4_ano/2_semestre/CR/Praticas/Aula3/Aula3_estudo_ex2/Aula3_estudo_ex2.srcs/sources_1/bd/design_1/ip/design_1_Decimal_to_Displays_3_0_0/src/Nexys4_Master.xdc:200]
CRITICAL WARNING: [Common 17-55] 'set_property' expects at least one object. [c:/Users/Utilizador/Desktop/Universidade/4_ano/2_semestre/CR/Praticas/Aula3/Aula3_estudo_ex2/Aula3_estudo_ex2.srcs/sources_1/bd/design_1/ip/design_1_Decimal_to_Displays_3_0_0/src/Nexys4_Master.xdc:200]
Resolution: If [get_<value>] was used to populate the object, check to make sure this command returns at least one valid object.
WARNING: [Vivado 12-584] No ports matched 'btnL'. [c:/Users/Utilizador/Desktop/Universidade/4_ano/2_semestre/CR/Praticas/Aula3/Aula3_estudo_ex2/Aula3_estudo_ex2.srcs/sources_1/bd/design_1/ip/design_1_Decimal_to_Displays_3_0_0/src/Nexys4_Master.xdc:201]
CRITICAL WARNING: [Common 17-55] 'set_property' expects at least one object. [c:/Users/Utilizador/Desktop/Universidade/4_ano/2_semestre/CR/Praticas/Aula3/Aula3_estudo_ex2/Aula3_estudo_ex2.srcs/sources_1/bd/design_1/ip/design_1_Decimal_to_Displays_3_0_0/src/Nexys4_Master.xdc:201]
Resolution: If [get_<value>] was used to populate the object, check to make sure this command returns at least one valid object.
WARNING: [Vivado 12-584] No ports matched 'btnR'. [c:/Users/Utilizador/Desktop/Universidade/4_ano/2_semestre/CR/Praticas/Aula3/Aula3_estudo_ex2/Aula3_estudo_ex2.srcs/sources_1/bd/design_1/ip/design_1_Decimal_to_Displays_3_0_0/src/Nexys4_Master.xdc:203]
CRITICAL WARNING: [Common 17-55] 'set_property' expects at least one object. [c:/Users/Utilizador/Desktop/Universidade/4_ano/2_semestre/CR/Praticas/Aula3/Aula3_estudo_ex2/Aula3_estudo_ex2.srcs/sources_1/bd/design_1/ip/design_1_Decimal_to_Displays_3_0_0/src/Nexys4_Master.xdc:203]
Resolution: If [get_<value>] was used to populate the object, check to make sure this command returns at least one valid object.
WARNING: [Vivado 12-584] No ports matched 'btnR'. [c:/Users/Utilizador/Desktop/Universidade/4_ano/2_semestre/CR/Praticas/Aula3/Aula3_estudo_ex2/Aula3_estudo_ex2.srcs/sources_1/bd/design_1/ip/design_1_Decimal_to_Displays_3_0_0/src/Nexys4_Master.xdc:204]
CRITICAL WARNING: [Common 17-55] 'set_property' expects at least one object. [c:/Users/Utilizador/Desktop/Universidade/4_ano/2_semestre/CR/Praticas/Aula3/Aula3_estudo_ex2/Aula3_estudo_ex2.srcs/sources_1/bd/design_1/ip/design_1_Decimal_to_Displays_3_0_0/src/Nexys4_Master.xdc:204]
Resolution: If [get_<value>] was used to populate the object, check to make sure this command returns at least one valid object.
WARNING: [Vivado 12-584] No ports matched 'btnD'. [c:/Users/Utilizador/Desktop/Universidade/4_ano/2_semestre/CR/Praticas/Aula3/Aula3_estudo_ex2/Aula3_estudo_ex2.srcs/sources_1/bd/design_1/ip/design_1_Decimal_to_Displays_3_0_0/src/Nexys4_Master.xdc:206]
CRITICAL WARNING: [Common 17-55] 'set_property' expects at least one object. [c:/Users/Utilizador/Desktop/Universidade/4_ano/2_semestre/CR/Praticas/Aula3/Aula3_estudo_ex2/Aula3_estudo_ex2.srcs/sources_1/bd/design_1/ip/design_1_Decimal_to_Displays_3_0_0/src/Nexys4_Master.xdc:206]
Resolution: If [get_<value>] was used to populate the object, check to make sure this command returns at least one valid object.
WARNING: [Vivado 12-584] No ports matched 'btnD'. [c:/Users/Utilizador/Desktop/Universidade/4_ano/2_semestre/CR/Praticas/Aula3/Aula3_estudo_ex2/Aula3_estudo_ex2.srcs/sources_1/bd/design_1/ip/design_1_Decimal_to_Displays_3_0_0/src/Nexys4_Master.xdc:207]
CRITICAL WARNING: [Common 17-55] 'set_property' expects at least one object. [c:/Users/Utilizador/Desktop/Universidade/4_ano/2_semestre/CR/Praticas/Aula3/Aula3_estudo_ex2/Aula3_estudo_ex2.srcs/sources_1/bd/design_1/ip/design_1_Decimal_to_Displays_3_0_0/src/Nexys4_Master.xdc:207]
Resolution: If [get_<value>] was used to populate the object, check to make sure this command returns at least one valid object.
WARNING: [Vivado 12-584] No ports matched 'JA[0]'. [c:/Users/Utilizador/Desktop/Universidade/4_ano/2_semestre/CR/Praticas/Aula3/Aula3_estudo_ex2/Aula3_estudo_ex2.srcs/sources_1/bd/design_1/ip/design_1_Decimal_to_Displays_3_0_0/src/Nexys4_Master.xdc:213]
CRITICAL WARNING: [Common 17-55] 'set_property' expects at least one object. [c:/Users/Utilizador/Desktop/Universidade/4_ano/2_semestre/CR/Praticas/Aula3/Aula3_estudo_ex2/Aula3_estudo_ex2.srcs/sources_1/bd/design_1/ip/design_1_Decimal_to_Displays_3_0_0/src/Nexys4_Master.xdc:213]
Resolution: If [get_<value>] was used to populate the object, check to make sure this command returns at least one valid object.
WARNING: [Vivado 12-584] No ports matched 'JA[0]'. [c:/Users/Utilizador/Desktop/Universidade/4_ano/2_semestre/CR/Praticas/Aula3/Aula3_estudo_ex2/Aula3_estudo_ex2.srcs/sources_1/bd/design_1/ip/design_1_Decimal_to_Displays_3_0_0/src/Nexys4_Master.xdc:214]
CRITICAL WARNING: [Common 17-55] 'set_property' expects at least one object. [c:/Users/Utilizador/Desktop/Universidade/4_ano/2_semestre/CR/Praticas/Aula3/Aula3_estudo_ex2/Aula3_estudo_ex2.srcs/sources_1/bd/design_1/ip/design_1_Decimal_to_Displays_3_0_0/src/Nexys4_Master.xdc:214]
Resolution: If [get_<value>] was used to populate the object, check to make sure this command returns at least one valid object.
WARNING: [Vivado 12-584] No ports matched 'JA[1]'. [c:/Users/Utilizador/Desktop/Universidade/4_ano/2_semestre/CR/Praticas/Aula3/Aula3_estudo_ex2/Aula3_estudo_ex2.srcs/sources_1/bd/design_1/ip/design_1_Decimal_to_Displays_3_0_0/src/Nexys4_Master.xdc:216]
CRITICAL WARNING: [Common 17-55] 'set_property' expects at least one object. [c:/Users/Utilizador/Desktop/Universidade/4_ano/2_semestre/CR/Praticas/Aula3/Aula3_estudo_ex2/Aula3_estudo_ex2.srcs/sources_1/bd/design_1/ip/design_1_Decimal_to_Displays_3_0_0/src/Nexys4_Master.xdc:216]
Resolution: If [get_<value>] was used to populate the object, check to make sure this command returns at least one valid object.
WARNING: [Vivado 12-584] No ports matched 'JA[1]'. [c:/Users/Utilizador/Desktop/Universidade/4_ano/2_semestre/CR/Praticas/Aula3/Aula3_estudo_ex2/Aula3_estudo_ex2.srcs/sources_1/bd/design_1/ip/design_1_Decimal_to_Displays_3_0_0/src/Nexys4_Master.xdc:217]
CRITICAL WARNING: [Common 17-55] 'set_property' expects at least one object. [c:/Users/Utilizador/Desktop/Universidade/4_ano/2_semestre/CR/Praticas/Aula3/Aula3_estudo_ex2/Aula3_estudo_ex2.srcs/sources_1/bd/design_1/ip/design_1_Decimal_to_Displays_3_0_0/src/Nexys4_Master.xdc:217]
Resolution: If [get_<value>] was used to populate the object, check to make sure this command returns at least one valid object.
WARNING: [Vivado 12-584] No ports matched 'JA[2]'. [c:/Users/Utilizador/Desktop/Universidade/4_ano/2_semestre/CR/Praticas/Aula3/Aula3_estudo_ex2/Aula3_estudo_ex2.srcs/sources_1/bd/design_1/ip/design_1_Decimal_to_Displays_3_0_0/src/Nexys4_Master.xdc:219]
CRITICAL WARNING: [Common 17-55] 'set_property' expects at least one object. [c:/Users/Utilizador/Desktop/Universidade/4_ano/2_semestre/CR/Praticas/Aula3/Aula3_estudo_ex2/Aula3_estudo_ex2.srcs/sources_1/bd/design_1/ip/design_1_Decimal_to_Displays_3_0_0/src/Nexys4_Master.xdc:219]
Resolution: If [get_<value>] was used to populate the object, check to make sure this command returns at least one valid object.
WARNING: [Vivado 12-584] No ports matched 'JA[2]'. [c:/Users/Utilizador/Desktop/Universidade/4_ano/2_semestre/CR/Praticas/Aula3/Aula3_estudo_ex2/Aula3_estudo_ex2.srcs/sources_1/bd/design_1/ip/design_1_Decimal_to_Displays_3_0_0/src/Nexys4_Master.xdc:220]
CRITICAL WARNING: [Common 17-55] 'set_property' expects at least one object. [c:/Users/Utilizador/Desktop/Universidade/4_ano/2_semestre/CR/Praticas/Aula3/Aula3_estudo_ex2/Aula3_estudo_ex2.srcs/sources_1/bd/design_1/ip/design_1_Decimal_to_Displays_3_0_0/src/Nexys4_Master.xdc:220]
Resolution: If [get_<value>] was used to populate the object, check to make sure this command returns at least one valid object.
WARNING: [Vivado 12-584] No ports matched 'JA[3]'. [c:/Users/Utilizador/Desktop/Universidade/4_ano/2_semestre/CR/Praticas/Aula3/Aula3_estudo_ex2/Aula3_estudo_ex2.srcs/sources_1/bd/design_1/ip/design_1_Decimal_to_Displays_3_0_0/src/Nexys4_Master.xdc:222]
CRITICAL WARNING: [Common 17-55] 'set_property' expects at least one object. [c:/Users/Utilizador/Desktop/Universidade/4_ano/2_semestre/CR/Praticas/Aula3/Aula3_estudo_ex2/Aula3_estudo_ex2.srcs/sources_1/bd/design_1/ip/design_1_Decimal_to_Displays_3_0_0/src/Nexys4_Master.xdc:222]
Resolution: If [get_<value>] was used to populate the object, check to make sure this command returns at least one valid object.
WARNING: [Vivado 12-584] No ports matched 'JA[3]'. [c:/Users/Utilizador/Desktop/Universidade/4_ano/2_semestre/CR/Praticas/Aula3/Aula3_estudo_ex2/Aula3_estudo_ex2.srcs/sources_1/bd/design_1/ip/design_1_Decimal_to_Displays_3_0_0/src/Nexys4_Master.xdc:223]
CRITICAL WARNING: [Common 17-55] 'set_property' expects at least one object. [c:/Users/Utilizador/Desktop/Universidade/4_ano/2_semestre/CR/Praticas/Aula3/Aula3_estudo_ex2/Aula3_estudo_ex2.srcs/sources_1/bd/design_1/ip/design_1_Decimal_to_Displays_3_0_0/src/Nexys4_Master.xdc:223]
Resolution: If [get_<value>] was used to populate the object, check to make sure this command returns at least one valid object.
WARNING: [Vivado 12-584] No ports matched 'JA[4]'. [c:/Users/Utilizador/Desktop/Universidade/4_ano/2_semestre/CR/Praticas/Aula3/Aula3_estudo_ex2/Aula3_estudo_ex2.srcs/sources_1/bd/design_1/ip/design_1_Decimal_to_Displays_3_0_0/src/Nexys4_Master.xdc:225]
CRITICAL WARNING: [Common 17-55] 'set_property' expects at least one object. [c:/Users/Utilizador/Desktop/Universidade/4_ano/2_semestre/CR/Praticas/Aula3/Aula3_estudo_ex2/Aula3_estudo_ex2.srcs/sources_1/bd/design_1/ip/design_1_Decimal_to_Displays_3_0_0/src/Nexys4_Master.xdc:225]
Resolution: If [get_<value>] was used to populate the object, check to make sure this command returns at least one valid object.
WARNING: [Vivado 12-584] No ports matched 'JA[4]'. [c:/Users/Utilizador/Desktop/Universidade/4_ano/2_semestre/CR/Praticas/Aula3/Aula3_estudo_ex2/Aula3_estudo_ex2.srcs/sources_1/bd/design_1/ip/design_1_Decimal_to_Displays_3_0_0/src/Nexys4_Master.xdc:226]
CRITICAL WARNING: [Common 17-55] 'set_property' expects at least one object. [c:/Users/Utilizador/Desktop/Universidade/4_ano/2_semestre/CR/Praticas/Aula3/Aula3_estudo_ex2/Aula3_estudo_ex2.srcs/sources_1/bd/design_1/ip/design_1_Decimal_to_Displays_3_0_0/src/Nexys4_Master.xdc:226]
Resolution: If [get_<value>] was used to populate the object, check to make sure this command returns at least one valid object.
WARNING: [Vivado 12-584] No ports matched 'JA[5]'. [c:/Users/Utilizador/Desktop/Universidade/4_ano/2_semestre/CR/Praticas/Aula3/Aula3_estudo_ex2/Aula3_estudo_ex2.srcs/sources_1/bd/design_1/ip/design_1_Decimal_to_Displays_3_0_0/src/Nexys4_Master.xdc:228]
CRITICAL WARNING: [Common 17-55] 'set_property' expects at least one object. [c:/Users/Utilizador/Desktop/Universidade/4_ano/2_semestre/CR/Praticas/Aula3/Aula3_estudo_ex2/Aula3_estudo_ex2.srcs/sources_1/bd/design_1/ip/design_1_Decimal_to_Displays_3_0_0/src/Nexys4_Master.xdc:228]
Resolution: If [get_<value>] was used to populate the object, check to make sure this command returns at least one valid object.
WARNING: [Vivado 12-584] No ports matched 'JA[5]'. [c:/Users/Utilizador/Desktop/Universidade/4_ano/2_semestre/CR/Praticas/Aula3/Aula3_estudo_ex2/Aula3_estudo_ex2.srcs/sources_1/bd/design_1/ip/design_1_Decimal_to_Displays_3_0_0/src/Nexys4_Master.xdc:229]
CRITICAL WARNING: [Common 17-55] 'set_property' expects at least one object. [c:/Users/Utilizador/Desktop/Universidade/4_ano/2_semestre/CR/Praticas/Aula3/Aula3_estudo_ex2/Aula3_estudo_ex2.srcs/sources_1/bd/design_1/ip/design_1_Decimal_to_Displays_3_0_0/src/Nexys4_Master.xdc:229]
Resolution: If [get_<value>] was used to populate the object, check to make sure this command returns at least one valid object.
WARNING: [Vivado 12-584] No ports matched 'JA[6]'. [c:/Users/Utilizador/Desktop/Universidade/4_ano/2_semestre/CR/Praticas/Aula3/Aula3_estudo_ex2/Aula3_estudo_ex2.srcs/sources_1/bd/design_1/ip/design_1_Decimal_to_Displays_3_0_0/src/Nexys4_Master.xdc:231]
CRITICAL WARNING: [Common 17-55] 'set_property' expects at least one object. [c:/Users/Utilizador/Desktop/Universidade/4_ano/2_semestre/CR/Praticas/Aula3/Aula3_estudo_ex2/Aula3_estudo_ex2.srcs/sources_1/bd/design_1/ip/design_1_Decimal_to_Displays_3_0_0/src/Nexys4_Master.xdc:231]
Resolution: If [get_<value>] was used to populate the object, check to make sure this command returns at least one valid object.
WARNING: [Vivado 12-584] No ports matched 'JA[6]'. [c:/Users/Utilizador/Desktop/Universidade/4_ano/2_semestre/CR/Praticas/Aula3/Aula3_estudo_ex2/Aula3_estudo_ex2.srcs/sources_1/bd/design_1/ip/design_1_Decimal_to_Displays_3_0_0/src/Nexys4_Master.xdc:232]
INFO: [Common 17-14] Message 'Vivado 12-584' appears 100 times and further instances of the messages will be disabled. Use the Tcl command set_msg_config to change the current settings. [c:/Users/Utilizador/Desktop/Universidade/4_ano/2_semestre/CR/Praticas/Aula3/Aula3_estudo_ex2/Aula3_estudo_ex2.srcs/sources_1/bd/design_1/ip/design_1_Decimal_to_Displays_3_0_0/src/Nexys4_Master.xdc:232]
CRITICAL WARNING: [Common 17-55] 'set_property' expects at least one object. [c:/Users/Utilizador/Desktop/Universidade/4_ano/2_semestre/CR/Praticas/Aula3/Aula3_estudo_ex2/Aula3_estudo_ex2.srcs/sources_1/bd/design_1/ip/design_1_Decimal_to_Displays_3_0_0/src/Nexys4_Master.xdc:232]
Resolution: If [get_<value>] was used to populate the object, check to make sure this command returns at least one valid object.
Finished Parsing XDC File [c:/Users/Utilizador/Desktop/Universidade/4_ano/2_semestre/CR/Praticas/Aula3/Aula3_estudo_ex2/Aula3_estudo_ex2.srcs/sources_1/bd/design_1/ip/design_1_Decimal_to_Displays_3_0_0/src/Nexys4_Master.xdc] for cell 'U0'
INFO: [Project 1-236] Implementation specific constraints were found while reading constraint file [c:/Users/Utilizador/Desktop/Universidade/4_ano/2_semestre/CR/Praticas/Aula3/Aula3_estudo_ex2/Aula3_estudo_ex2.srcs/sources_1/bd/design_1/ip/design_1_Decimal_to_Displays_3_0_0/src/Nexys4_Master.xdc]. These constraints will be ignored for synthesis but will be used in implementation. Impacted constraints are listed in the file [.Xil/design_1_Decimal_to_Displays_3_0_0_propImpl.xdc].
Resolution: To avoid this warning, move constraints listed in [.Xil/design_1_Decimal_to_Displays_3_0_0_propImpl.xdc] to another XDC file and exclude this new file from synthesis with the used_in_synthesis property (File Properties dialog in GUI) and re-run elaboration/synthesis.
Parsing XDC File [C:/Users/Utilizador/Desktop/Universidade/4_ano/2_semestre/CR/Praticas/Aula3/Aula3_estudo_ex2/Aula3_estudo_ex2.runs/design_1_Decimal_to_Displays_3_0_0_synth_1/dont_touch.xdc]
Finished Parsing XDC File [C:/Users/Utilizador/Desktop/Universidade/4_ano/2_semestre/CR/Praticas/Aula3/Aula3_estudo_ex2/Aula3_estudo_ex2.runs/design_1_Decimal_to_Displays_3_0_0_synth_1/dont_touch.xdc]
Completed Processing XDC Constraints

INFO: [Project 1-111] Unisim Transformation Summary:
No Unisim elements were transformed.

Constraint Validation Runtime : Time (s): cpu = 00:00:00 ; elapsed = 00:00:00.013 . Memory (MB): peak = 622.699 ; gain = 0.000
---------------------------------------------------------------------------------
Finished Constraint Validation : Time (s): cpu = 00:00:28 ; elapsed = 00:00:34 . Memory (MB): peak = 622.699 ; gain = 412.695
---------------------------------------------------------------------------------
---------------------------------------------------------------------------------
Start Loading Part and Timing Information
---------------------------------------------------------------------------------
Loading part: xc7a100tcsg324-1
---------------------------------------------------------------------------------
Finished Loading Part and Timing Information : Time (s): cpu = 00:00:28 ; elapsed = 00:00:34 . Memory (MB): peak = 622.699 ; gain = 412.695
---------------------------------------------------------------------------------
---------------------------------------------------------------------------------
Start Applying 'set_property' XDC Constraints
---------------------------------------------------------------------------------
Applied set_property DONT_TOUCH = true for U0. (constraint file  auto generated constraint, line ).
---------------------------------------------------------------------------------
Finished applying 'set_property' XDC Constraints : Time (s): cpu = 00:00:28 ; elapsed = 00:00:34 . Memory (MB): peak = 622.699 ; gain = 412.695
---------------------------------------------------------------------------------
INFO: [Synth 8-5546] ROM "segments" won't be mapped to RAM because it is too sparse
INFO: [Synth 8-5546] ROM "segments" won't be mapped to RAM because it is too sparse
INFO: [Synth 8-5546] ROM "segments" won't be mapped to RAM because it is too sparse
---------------------------------------------------------------------------------
Finished RTL Optimization Phase 2 : Time (s): cpu = 00:00:28 ; elapsed = 00:00:34 . Memory (MB): peak = 622.699 ; gain = 412.695
---------------------------------------------------------------------------------

Report RTL Partitions: 
+-+--------------+------------+----------+
| |RTL Partition |Replication |Instances |
+-+--------------+------------+----------+
+-+--------------+------------+----------+
---------------------------------------------------------------------------------
Start RTL Component Statistics 
---------------------------------------------------------------------------------
Detailed RTL Component Info : 
+---Registers : 
	                8 Bit    Registers := 1     
	                7 Bit    Registers := 1     
	                1 Bit    Registers := 2     
+---Muxes : 
	   3 Input      8 Bit        Muxes := 1     
	  18 Input      7 Bit        Muxes := 2     
	   2 Input      1 Bit        Muxes := 2     
---------------------------------------------------------------------------------
Finished RTL Component Statistics 
---------------------------------------------------------------------------------
---------------------------------------------------------------------------------
Start RTL Hierarchical Component Statistics 
---------------------------------------------------------------------------------
Hierarchical RTL Component report 
Module Decimal_to_Displays_3 
Detailed RTL Component Info : 
+---Registers : 
	                8 Bit    Registers := 1     
	                7 Bit    Registers := 1     
	                1 Bit    Registers := 2     
+---Muxes : 
	   3 Input      8 Bit        Muxes := 1     
	  18 Input      7 Bit        Muxes := 2     
	   2 Input      1 Bit        Muxes := 2     
---------------------------------------------------------------------------------
Finished RTL Hierarchical Component Statistics
---------------------------------------------------------------------------------
---------------------------------------------------------------------------------
Start Part Resource Summary
---------------------------------------------------------------------------------
Part Resources:
DSPs: 240 (col length:80)
BRAMs: 270 (col length: RAMB18 80 RAMB36 40)
---------------------------------------------------------------------------------
Finished Part Resource Summary
---------------------------------------------------------------------------------
---------------------------------------------------------------------------------
Start Cross Boundary and Area Optimization
---------------------------------------------------------------------------------
INFO: [Synth 8-3886] merging instance 'U0/an_reg[3]' (FDE) to 'U0/an_reg[4]'
INFO: [Synth 8-3886] merging instance 'U0/an_reg[4]' (FDE) to 'U0/an_reg[5]'
INFO: [Synth 8-3886] merging instance 'U0/an_reg[5]' (FDE) to 'U0/an_reg[6]'
INFO: [Synth 8-3886] merging instance 'U0/an_reg[6]' (FDE) to 'U0/an_reg[7]'
INFO: [Synth 8-3333] propagating constant 1 across sequential element (U0/\an_reg[7] )
WARNING: [Synth 8-3332] Sequential element (an_reg[7]) is unused and will be removed from module Decimal_to_Displays_3.
---------------------------------------------------------------------------------
Finished Cross Boundary and Area Optimization : Time (s): cpu = 00:00:29 ; elapsed = 00:00:35 . Memory (MB): peak = 622.699 ; gain = 412.695
---------------------------------------------------------------------------------

Report RTL Partitions: 
+-+--------------+------------+----------+
| |RTL Partition |Replication |Instances |
+-+--------------+------------+----------+
+-+--------------+------------+----------+
---------------------------------------------------------------------------------
Start Timing Optimization
---------------------------------------------------------------------------------
---------------------------------------------------------------------------------
Start Applying XDC Timing Constraints
---------------------------------------------------------------------------------
---------------------------------------------------------------------------------
Finished Applying XDC Timing Constraints : Time (s): cpu = 00:00:41 ; elapsed = 00:00:47 . Memory (MB): peak = 622.699 ; gain = 412.695
---------------------------------------------------------------------------------
---------------------------------------------------------------------------------
Finished Timing Optimization : Time (s): cpu = 00:00:41 ; elapsed = 00:00:48 . Memory (MB): peak = 622.699 ; gain = 412.695
---------------------------------------------------------------------------------

Report RTL Partitions: 
+-+--------------+------------+----------+
| |RTL Partition |Replication |Instances |
+-+--------------+------------+----------+
+-+--------------+------------+----------+
---------------------------------------------------------------------------------
Start Technology Mapping
---------------------------------------------------------------------------------
---------------------------------------------------------------------------------
Finished Technology Mapping : Time (s): cpu = 00:00:41 ; elapsed = 00:00:48 . Memory (MB): peak = 622.699 ; gain = 412.695
---------------------------------------------------------------------------------

Report RTL Partitions: 
+-+--------------+------------+----------+
| |RTL Partition |Replication |Instances |
+-+--------------+------------+----------+
+-+--------------+------------+----------+
---------------------------------------------------------------------------------
Start IO Insertion
---------------------------------------------------------------------------------
---------------------------------------------------------------------------------
Start Flattening Before IO Insertion
---------------------------------------------------------------------------------
---------------------------------------------------------------------------------
Finished Flattening Before IO Insertion
---------------------------------------------------------------------------------
---------------------------------------------------------------------------------
Start Final Netlist Cleanup
---------------------------------------------------------------------------------
---------------------------------------------------------------------------------
Finished Final Netlist Cleanup
---------------------------------------------------------------------------------
---------------------------------------------------------------------------------
Finished IO Insertion : Time (s): cpu = 00:00:43 ; elapsed = 00:00:49 . Memory (MB): peak = 622.699 ; gain = 412.695
---------------------------------------------------------------------------------

Report Check Netlist: 
+------+------------------+-------+---------+-------+------------------+
|      |Item              |Errors |Warnings |Status |Description       |
+------+------------------+-------+---------+-------+------------------+
|1     |multi_driven_nets |      0|        0|Passed |Multi driven nets |
+------+------------------+-------+---------+-------+------------------+
---------------------------------------------------------------------------------
Start Renaming Generated Instances
---------------------------------------------------------------------------------
---------------------------------------------------------------------------------
Finished Renaming Generated Instances : Time (s): cpu = 00:00:43 ; elapsed = 00:00:49 . Memory (MB): peak = 622.699 ; gain = 412.695
---------------------------------------------------------------------------------

Report RTL Partitions: 
+-+--------------+------------+----------+
| |RTL Partition |Replication |Instances |
+-+--------------+------------+----------+
+-+--------------+------------+----------+
---------------------------------------------------------------------------------
Start Rebuilding User Hierarchy
---------------------------------------------------------------------------------
---------------------------------------------------------------------------------
Finished Rebuilding User Hierarchy : Time (s): cpu = 00:00:43 ; elapsed = 00:00:49 . Memory (MB): peak = 622.699 ; gain = 412.695
---------------------------------------------------------------------------------
---------------------------------------------------------------------------------
Start Renaming Generated Ports
---------------------------------------------------------------------------------
---------------------------------------------------------------------------------
Finished Renaming Generated Ports : Time (s): cpu = 00:00:43 ; elapsed = 00:00:49 . Memory (MB): peak = 622.699 ; gain = 412.695
---------------------------------------------------------------------------------
---------------------------------------------------------------------------------
Start Handling Custom Attributes
---------------------------------------------------------------------------------
---------------------------------------------------------------------------------
Finished Handling Custom Attributes : Time (s): cpu = 00:00:43 ; elapsed = 00:00:50 . Memory (MB): peak = 622.699 ; gain = 412.695
---------------------------------------------------------------------------------
---------------------------------------------------------------------------------
Start Renaming Generated Nets
---------------------------------------------------------------------------------
---------------------------------------------------------------------------------
Finished Renaming Generated Nets : Time (s): cpu = 00:00:43 ; elapsed = 00:00:50 . Memory (MB): peak = 622.699 ; gain = 412.695
---------------------------------------------------------------------------------
---------------------------------------------------------------------------------
Start Writing Synthesis Report
---------------------------------------------------------------------------------

Report BlackBoxes: 
+-+--------------+----------+
| |BlackBox name |Instances |
+-+--------------+----------+
+-+--------------+----------+

Report Cell Usage: 
+------+-----+------+
|      |Cell |Count |
+------+-----+------+
|1     |LUT1 |     1|
|2     |LUT2 |     4|
|3     |LUT4 |    21|
|4     |LUT5 |     7|
|5     |FDRE |    12|
+------+-----+------+

Report Instance Areas: 
+------+---------+----------------------+------+
|      |Instance |Module                |Cells |
+------+---------+----------------------+------+
|1     |top      |                      |    45|
|2     |  U0     |Decimal_to_Displays_3 |    45|
+------+---------+----------------------+------+
---------------------------------------------------------------------------------
Finished Writing Synthesis Report : Time (s): cpu = 00:00:43 ; elapsed = 00:00:50 . Memory (MB): peak = 622.699 ; gain = 412.695
---------------------------------------------------------------------------------
Synthesis finished with 0 errors, 0 critical warnings and 1 warnings.
Synthesis Optimization Runtime : Time (s): cpu = 00:00:20 ; elapsed = 00:00:29 . Memory (MB): peak = 622.699 ; gain = 113.039
Synthesis Optimization Complete : Time (s): cpu = 00:00:44 ; elapsed = 00:00:50 . Memory (MB): peak = 622.699 ; gain = 412.695
INFO: [Project 1-571] Translating synthesized netlist
INFO: [Project 1-570] Preparing netlist for logic optimization
Parsing XDC File [c:/Users/Utilizador/Desktop/Universidade/4_ano/2_semestre/CR/Praticas/Aula3/Aula3_estudo_ex2/Aula3_estudo_ex2.srcs/sources_1/bd/design_1/ip/design_1_Decimal_to_Displays_3_0_0/src/Nexys4_Master.xdc] for cell 'U0'
CRITICAL WARNING: [Common 17-69] Command failed: Site cannot be assigned to more than one port [c:/Users/Utilizador/Desktop/Universidade/4_ano/2_semestre/CR/Praticas/Aula3/Aula3_estudo_ex2/Aula3_estudo_ex2.srcs/sources_1/bd/design_1/ip/design_1_Decimal_to_Displays_3_0_0/src/Nexys4_Master.xdc:172]
CRITICAL WARNING: [Common 17-69] Command failed: Site cannot be assigned to more than one port [c:/Users/Utilizador/Desktop/Universidade/4_ano/2_semestre/CR/Praticas/Aula3/Aula3_estudo_ex2/Aula3_estudo_ex2.srcs/sources_1/bd/design_1/ip/design_1_Decimal_to_Displays_3_0_0/src/Nexys4_Master.xdc:175]
CRITICAL WARNING: [Common 17-69] Command failed: Site cannot be assigned to more than one port [c:/Users/Utilizador/Desktop/Universidade/4_ano/2_semestre/CR/Praticas/Aula3/Aula3_estudo_ex2/Aula3_estudo_ex2.srcs/sources_1/bd/design_1/ip/design_1_Decimal_to_Displays_3_0_0/src/Nexys4_Master.xdc:178]
CRITICAL WARNING: [Common 17-69] Command failed: Site cannot be assigned to more than one port [c:/Users/Utilizador/Desktop/Universidade/4_ano/2_semestre/CR/Praticas/Aula3/Aula3_estudo_ex2/Aula3_estudo_ex2.srcs/sources_1/bd/design_1/ip/design_1_Decimal_to_Displays_3_0_0/src/Nexys4_Master.xdc:181]
CRITICAL WARNING: [Common 17-69] Command failed: Site cannot be assigned to more than one port [c:/Users/Utilizador/Desktop/Universidade/4_ano/2_semestre/CR/Praticas/Aula3/Aula3_estudo_ex2/Aula3_estudo_ex2.srcs/sources_1/bd/design_1/ip/design_1_Decimal_to_Displays_3_0_0/src/Nexys4_Master.xdc:184]
Finished Parsing XDC File [c:/Users/Utilizador/Desktop/Universidade/4_ano/2_semestre/CR/Praticas/Aula3/Aula3_estudo_ex2/Aula3_estudo_ex2.srcs/sources_1/bd/design_1/ip/design_1_Decimal_to_Displays_3_0_0/src/Nexys4_Master.xdc] for cell 'U0'
INFO: [Opt 31-138] Pushed 0 inverter(s) to 0 load pin(s).
INFO: [Project 1-111] Unisim Transformation Summary:
No Unisim elements were transformed.

INFO: [Common 17-83] Releasing license: Synthesis
24 Infos, 101 Warnings, 105 Critical Warnings and 0 Errors encountered.
synth_design completed successfully
synth_design: Time (s): cpu = 00:00:42 ; elapsed = 00:00:45 . Memory (MB): peak = 626.102 ; gain = 413.027
INFO: [Common 17-1381] The checkpoint 'C:/Users/Utilizador/Desktop/Universidade/4_ano/2_semestre/CR/Praticas/Aula3/Aula3_estudo_ex2/Aula3_estudo_ex2.runs/design_1_Decimal_to_Displays_3_0_0_synth_1/design_1_Decimal_to_Displays_3_0_0.dcp' has been generated.
INFO: [Coretcl 2-1482] Added synthesis output to IP cache for IP c:/Users/Utilizador/Desktop/Universidade/4_ano/2_semestre/CR/Praticas/Aula3/Aula3_estudo_ex2/Aula3_estudo_ex2.srcs/sources_1/bd/design_1/ip/design_1_Decimal_to_Displays_3_0_0/design_1_Decimal_to_Displays_3_0_0.xci
INFO: [Common 17-1381] The checkpoint 'C:/Users/Utilizador/Desktop/Universidade/4_ano/2_semestre/CR/Praticas/Aula3/Aula3_estudo_ex2/Aula3_estudo_ex2.runs/design_1_Decimal_to_Displays_3_0_0_synth_1/design_1_Decimal_to_Displays_3_0_0.dcp' has been generated.
report_utilization: Time (s): cpu = 00:00:00 ; elapsed = 00:00:00.028 . Memory (MB): peak = 626.102 ; gain = 0.000
INFO: [Common 17-206] Exiting Vivado at Sun Apr 02 15:05:55 2017...
