
*** Running vivado
    with args -log design_1_blk_mem_gen_2_0.vds -m64 -product Vivado -mode batch -messageDb vivado.pb -notrace -source design_1_blk_mem_gen_2_0.tcl


****** Vivado v2016.4 (64-bit)
  **** SW Build 1756540 on Mon Jan 23 19:11:23 MST 2017
  **** IP Build 1755317 on Mon Jan 23 20:30:07 MST 2017
    ** Copyright 1986-2016 Xilinx, Inc. All Rights Reserved.

source design_1_blk_mem_gen_2_0.tcl -notrace
Starting RTL Elaboration : Time (s): cpu = 00:00:11 ; elapsed = 00:00:16 . Memory (MB): peak = 291.637 ; gain = 81.422
INFO: [Synth 8-638] synthesizing module 'design_1_blk_mem_gen_2_0' [c:/Users/Utilizador/Desktop/Universidade/4_ano/2_semestre/CR/Praticas/Aula5/Aula5_estudo_ex1/Aula5_estudo_ex1.srcs/sources_1/bd/design_1/ip/design_1_blk_mem_gen_2_0/synth/design_1_blk_mem_gen_2_0.vhd:69]
INFO: [Synth 8-256] done synthesizing module 'design_1_blk_mem_gen_2_0' (9#1) [c:/Users/Utilizador/Desktop/Universidade/4_ano/2_semestre/CR/Praticas/Aula5/Aula5_estudo_ex1/Aula5_estudo_ex1.srcs/sources_1/bd/design_1/ip/design_1_blk_mem_gen_2_0/synth/design_1_blk_mem_gen_2_0.vhd:69]
Finished RTL Elaboration : Time (s): cpu = 00:01:06 ; elapsed = 00:01:16 . Memory (MB): peak = 489.980 ; gain = 279.766
Finished RTL Optimization Phase 1 : Time (s): cpu = 00:01:07 ; elapsed = 00:01:16 . Memory (MB): peak = 489.980 ; gain = 279.766
INFO: [Device 21-403] Loading part xc7a100tcsg324-1
Constraint Validation Runtime : Time (s): cpu = 00:00:00 ; elapsed = 00:00:00.047 . Memory (MB): peak = 558.754 ; gain = 0.000
Finished Constraint Validation : Time (s): cpu = 00:01:20 ; elapsed = 00:01:30 . Memory (MB): peak = 558.754 ; gain = 348.539
Finished Loading Part and Timing Information : Time (s): cpu = 00:01:20 ; elapsed = 00:01:30 . Memory (MB): peak = 558.754 ; gain = 348.539
Finished applying 'set_property' XDC Constraints : Time (s): cpu = 00:01:20 ; elapsed = 00:01:30 . Memory (MB): peak = 558.754 ; gain = 348.539
Finished RTL Optimization Phase 2 : Time (s): cpu = 00:01:20 ; elapsed = 00:01:31 . Memory (MB): peak = 558.754 ; gain = 348.539
Finished Cross Boundary and Area Optimization : Time (s): cpu = 00:01:21 ; elapsed = 00:01:31 . Memory (MB): peak = 558.754 ; gain = 348.539
Finished Applying XDC Timing Constraints : Time (s): cpu = 00:01:35 ; elapsed = 00:01:46 . Memory (MB): peak = 578.730 ; gain = 368.516
Finished Timing Optimization : Time (s): cpu = 00:01:35 ; elapsed = 00:01:46 . Memory (MB): peak = 578.730 ; gain = 368.516
Finished Technology Mapping : Time (s): cpu = 00:01:35 ; elapsed = 00:01:46 . Memory (MB): peak = 589.336 ; gain = 379.121
Finished IO Insertion : Time (s): cpu = 00:01:36 ; elapsed = 00:01:47 . Memory (MB): peak = 589.336 ; gain = 379.121
Finished Renaming Generated Instances : Time (s): cpu = 00:01:36 ; elapsed = 00:01:47 . Memory (MB): peak = 589.336 ; gain = 379.121
Finished Rebuilding User Hierarchy : Time (s): cpu = 00:01:36 ; elapsed = 00:01:47 . Memory (MB): peak = 589.336 ; gain = 379.121
Finished Renaming Generated Ports : Time (s): cpu = 00:01:36 ; elapsed = 00:01:47 . Memory (MB): peak = 589.336 ; gain = 379.121
Finished Handling Custom Attributes : Time (s): cpu = 00:01:36 ; elapsed = 00:01:47 . Memory (MB): peak = 589.336 ; gain = 379.121
Finished Renaming Generated Nets : Time (s): cpu = 00:01:36 ; elapsed = 00:01:47 . Memory (MB): peak = 589.336 ; gain = 379.121

Report Cell Usage: 
+------+---------+------+
|      |Cell     |Count |
+------+---------+------+
|1     |RAMB18E1 |     1|
+------+---------+------+
Finished Writing Synthesis Report : Time (s): cpu = 00:01:36 ; elapsed = 00:01:47 . Memory (MB): peak = 589.336 ; gain = 379.121
synth_design: Time (s): cpu = 00:01:35 ; elapsed = 00:01:43 . Memory (MB): peak = 620.090 ; gain = 406.656
