Copyright 1986-2016 Xilinx, Inc. All Rights Reserved.
---------------------------------------------------------------------------------------------------------------------
| Tool Version : Vivado v.2016.4 (win64) Build 1756540 Mon Jan 23 19:11:23 MST 2017
| Date         : Wed Mar 15 19:43:32 2017
| Host         : DESKTOP-E6RJISS running 64-bit major release  (build 9200)
| Command      : report_methodology -file hamming_methodology_drc_routed.rpt -rpx hamming_methodology_drc_routed.rpx
| Design       : hamming
| Device       : xc7a100tcsg324-1
| Speed File   : -1
| Design State : Routed
---------------------------------------------------------------------------------------------------------------------

Report Methodology

Table of Contents
-----------------
1. REPORT SUMMARY
2. REPORT DETAILS

1. REPORT SUMMARY
-----------------
            Netlist: netlist
          Floorplan: design_1
      Design limits: <entire design considered>
             Max violations: <unlimited>
             Violations found: 49
+-----------+----------+-------------------------------+------------+
| Rule      | Severity | Description                   | Violations |
+-----------+----------+-------------------------------+------------+
| TIMING-18 | Warning  | Missing input or output delay | 49         |
+-----------+----------+-------------------------------+------------+

2. REPORT DETAILS
-----------------
TIMING-18#1 Warning
Missing input or output delay  
An input delay is missing on reset relative to clock(s) sys_clk_pin 
Related violations: <none>

TIMING-18#2 Warning
Missing input or output delay  
An input delay is missing on word[0] relative to clock(s) sys_clk_pin 
Related violations: <none>

TIMING-18#3 Warning
Missing input or output delay  
An input delay is missing on word[10] relative to clock(s) sys_clk_pin 
Related violations: <none>

TIMING-18#4 Warning
Missing input or output delay  
An input delay is missing on word[11] relative to clock(s) sys_clk_pin 
Related violations: <none>

TIMING-18#5 Warning
Missing input or output delay  
An input delay is missing on word[12] relative to clock(s) sys_clk_pin 
Related violations: <none>

TIMING-18#6 Warning
Missing input or output delay  
An input delay is missing on word[13] relative to clock(s) sys_clk_pin 
Related violations: <none>

TIMING-18#7 Warning
Missing input or output delay  
An input delay is missing on word[14] relative to clock(s) sys_clk_pin 
Related violations: <none>

TIMING-18#8 Warning
Missing input or output delay  
An input delay is missing on word[15] relative to clock(s) sys_clk_pin 
Related violations: <none>

TIMING-18#9 Warning
Missing input or output delay  
An input delay is missing on word[16] relative to clock(s) sys_clk_pin 
Related violations: <none>

TIMING-18#10 Warning
Missing input or output delay  
An input delay is missing on word[17] relative to clock(s) sys_clk_pin 
Related violations: <none>

TIMING-18#11 Warning
Missing input or output delay  
An input delay is missing on word[18] relative to clock(s) sys_clk_pin 
Related violations: <none>

TIMING-18#12 Warning
Missing input or output delay  
An input delay is missing on word[19] relative to clock(s) sys_clk_pin 
Related violations: <none>

TIMING-18#13 Warning
Missing input or output delay  
An input delay is missing on word[1] relative to clock(s) sys_clk_pin 
Related violations: <none>

TIMING-18#14 Warning
Missing input or output delay  
An input delay is missing on word[20] relative to clock(s) sys_clk_pin 
Related violations: <none>

TIMING-18#15 Warning
Missing input or output delay  
An input delay is missing on word[21] relative to clock(s) sys_clk_pin 
Related violations: <none>

TIMING-18#16 Warning
Missing input or output delay  
An input delay is missing on word[22] relative to clock(s) sys_clk_pin 
Related violations: <none>

TIMING-18#17 Warning
Missing input or output delay  
An input delay is missing on word[23] relative to clock(s) sys_clk_pin 
Related violations: <none>

TIMING-18#18 Warning
Missing input or output delay  
An input delay is missing on word[24] relative to clock(s) sys_clk_pin 
Related violations: <none>

TIMING-18#19 Warning
Missing input or output delay  
An input delay is missing on word[25] relative to clock(s) sys_clk_pin 
Related violations: <none>

TIMING-18#20 Warning
Missing input or output delay  
An input delay is missing on word[26] relative to clock(s) sys_clk_pin 
Related violations: <none>

TIMING-18#21 Warning
Missing input or output delay  
An input delay is missing on word[27] relative to clock(s) sys_clk_pin 
Related violations: <none>

TIMING-18#22 Warning
Missing input or output delay  
An input delay is missing on word[28] relative to clock(s) sys_clk_pin 
Related violations: <none>

TIMING-18#23 Warning
Missing input or output delay  
An input delay is missing on word[29] relative to clock(s) sys_clk_pin 
Related violations: <none>

TIMING-18#24 Warning
Missing input or output delay  
An input delay is missing on word[2] relative to clock(s) sys_clk_pin 
Related violations: <none>

TIMING-18#25 Warning
Missing input or output delay  
An input delay is missing on word[30] relative to clock(s) sys_clk_pin 
Related violations: <none>

TIMING-18#26 Warning
Missing input or output delay  
An input delay is missing on word[31] relative to clock(s) sys_clk_pin 
Related violations: <none>

TIMING-18#27 Warning
Missing input or output delay  
An input delay is missing on word[3] relative to clock(s) sys_clk_pin 
Related violations: <none>

TIMING-18#28 Warning
Missing input or output delay  
An input delay is missing on word[4] relative to clock(s) sys_clk_pin 
Related violations: <none>

TIMING-18#29 Warning
Missing input or output delay  
An input delay is missing on word[5] relative to clock(s) sys_clk_pin 
Related violations: <none>

TIMING-18#30 Warning
Missing input or output delay  
An input delay is missing on word[6] relative to clock(s) sys_clk_pin 
Related violations: <none>

TIMING-18#31 Warning
Missing input or output delay  
An input delay is missing on word[7] relative to clock(s) sys_clk_pin 
Related violations: <none>

TIMING-18#32 Warning
Missing input or output delay  
An input delay is missing on word[8] relative to clock(s) sys_clk_pin 
Related violations: <none>

TIMING-18#33 Warning
Missing input or output delay  
An input delay is missing on word[9] relative to clock(s) sys_clk_pin 
Related violations: <none>

TIMING-18#34 Warning
Missing input or output delay  
An output delay is missing on hamming[0] relative to clock(s) sys_clk_pin 
Related violations: <none>

TIMING-18#35 Warning
Missing input or output delay  
An output delay is missing on hamming[10] relative to clock(s) sys_clk_pin 
Related violations: <none>

TIMING-18#36 Warning
Missing input or output delay  
An output delay is missing on hamming[11] relative to clock(s) sys_clk_pin 
Related violations: <none>

TIMING-18#37 Warning
Missing input or output delay  
An output delay is missing on hamming[12] relative to clock(s) sys_clk_pin 
Related violations: <none>

TIMING-18#38 Warning
Missing input or output delay  
An output delay is missing on hamming[13] relative to clock(s) sys_clk_pin 
Related violations: <none>

TIMING-18#39 Warning
Missing input or output delay  
An output delay is missing on hamming[14] relative to clock(s) sys_clk_pin 
Related violations: <none>

TIMING-18#40 Warning
Missing input or output delay  
An output delay is missing on hamming[15] relative to clock(s) sys_clk_pin 
Related violations: <none>

TIMING-18#41 Warning
Missing input or output delay  
An output delay is missing on hamming[1] relative to clock(s) sys_clk_pin 
Related violations: <none>

TIMING-18#42 Warning
Missing input or output delay  
An output delay is missing on hamming[2] relative to clock(s) sys_clk_pin 
Related violations: <none>

TIMING-18#43 Warning
Missing input or output delay  
An output delay is missing on hamming[3] relative to clock(s) sys_clk_pin 
Related violations: <none>

TIMING-18#44 Warning
Missing input or output delay  
An output delay is missing on hamming[4] relative to clock(s) sys_clk_pin 
Related violations: <none>

TIMING-18#45 Warning
Missing input or output delay  
An output delay is missing on hamming[5] relative to clock(s) sys_clk_pin 
Related violations: <none>

TIMING-18#46 Warning
Missing input or output delay  
An output delay is missing on hamming[6] relative to clock(s) sys_clk_pin 
Related violations: <none>

TIMING-18#47 Warning
Missing input or output delay  
An output delay is missing on hamming[7] relative to clock(s) sys_clk_pin 
Related violations: <none>

TIMING-18#48 Warning
Missing input or output delay  
An output delay is missing on hamming[8] relative to clock(s) sys_clk_pin 
Related violations: <none>

TIMING-18#49 Warning
Missing input or output delay  
An output delay is missing on hamming[9] relative to clock(s) sys_clk_pin 
Related violations: <none>


