
*** Running vivado
    with args -log design_1_xlslice_4_1.vds -m64 -product Vivado -mode batch -messageDb vivado.pb -notrace -source design_1_xlslice_4_1.tcl


****** Vivado v2016.4 (64-bit)
  **** SW Build 1756540 on Mon Jan 23 19:11:23 MST 2017
  **** IP Build 1755317 on Mon Jan 23 20:30:07 MST 2017
    ** Copyright 1986-2016 Xilinx, Inc. All Rights Reserved.

source design_1_xlslice_4_1.tcl -notrace
Starting RTL Elaboration : Time (s): cpu = 00:00:14 ; elapsed = 00:00:19 . Memory (MB): peak = 291.023 ; gain = 80.594
INFO: [Synth 8-638] synthesizing module 'design_1_xlslice_4_1' [c:/Users/Utilizador/Desktop/Universidade/4_ano/2_semestre/CR/Praticas/Aula6/Ex8/Ex8.srcs/sources_1/bd/design_1/ip/design_1_xlslice_4_1/synth/design_1_xlslice_4_1.vhd:66]
INFO: [Synth 8-638] synthesizing module 'xlslice' [c:/Users/Utilizador/Desktop/Universidade/4_ano/2_semestre/CR/Praticas/Aula6/Ex8/Ex8.srcs/sources_1/bd/design_1/ipshared/c49f/xlslice.vhd:38]
INFO: [Synth 8-256] done synthesizing module 'xlslice' (1#1) [c:/Users/Utilizador/Desktop/Universidade/4_ano/2_semestre/CR/Praticas/Aula6/Ex8/Ex8.srcs/sources_1/bd/design_1/ipshared/c49f/xlslice.vhd:38]
INFO: [Synth 8-256] done synthesizing module 'design_1_xlslice_4_1' (2#1) [c:/Users/Utilizador/Desktop/Universidade/4_ano/2_semestre/CR/Praticas/Aula6/Ex8/Ex8.srcs/sources_1/bd/design_1/ip/design_1_xlslice_4_1/synth/design_1_xlslice_4_1.vhd:66]
Finished RTL Elaboration : Time (s): cpu = 00:00:15 ; elapsed = 00:00:21 . Memory (MB): peak = 328.410 ; gain = 117.980
Finished RTL Optimization Phase 1 : Time (s): cpu = 00:00:16 ; elapsed = 00:00:22 . Memory (MB): peak = 328.410 ; gain = 117.980
INFO: [Device 21-403] Loading part xc7a100tcsg324-1
Constraint Validation Runtime : Time (s): cpu = 00:00:00 ; elapsed = 00:00:00.012 . Memory (MB): peak = 534.781 ; gain = 0.707
Finished Constraint Validation : Time (s): cpu = 00:00:37 ; elapsed = 00:00:46 . Memory (MB): peak = 534.781 ; gain = 324.352
Finished Loading Part and Timing Information : Time (s): cpu = 00:00:37 ; elapsed = 00:00:46 . Memory (MB): peak = 534.781 ; gain = 324.352
Finished applying 'set_property' XDC Constraints : Time (s): cpu = 00:00:37 ; elapsed = 00:00:46 . Memory (MB): peak = 534.781 ; gain = 324.352
Finished RTL Optimization Phase 2 : Time (s): cpu = 00:00:37 ; elapsed = 00:00:46 . Memory (MB): peak = 534.781 ; gain = 324.352
Finished Cross Boundary and Area Optimization : Time (s): cpu = 00:00:38 ; elapsed = 00:00:47 . Memory (MB): peak = 534.781 ; gain = 324.352
Finished Applying XDC Timing Constraints : Time (s): cpu = 00:01:00 ; elapsed = 00:01:10 . Memory (MB): peak = 565.836 ; gain = 355.406
Finished Timing Optimization : Time (s): cpu = 00:01:00 ; elapsed = 00:01:10 . Memory (MB): peak = 565.836 ; gain = 355.406
Finished Technology Mapping : Time (s): cpu = 00:01:00 ; elapsed = 00:01:10 . Memory (MB): peak = 575.395 ; gain = 364.965
Finished IO Insertion : Time (s): cpu = 00:01:01 ; elapsed = 00:01:12 . Memory (MB): peak = 575.395 ; gain = 364.965
Finished Renaming Generated Instances : Time (s): cpu = 00:01:01 ; elapsed = 00:01:12 . Memory (MB): peak = 575.395 ; gain = 364.965
Finished Rebuilding User Hierarchy : Time (s): cpu = 00:01:01 ; elapsed = 00:01:12 . Memory (MB): peak = 575.395 ; gain = 364.965
Finished Renaming Generated Ports : Time (s): cpu = 00:01:01 ; elapsed = 00:01:12 . Memory (MB): peak = 575.395 ; gain = 364.965
Finished Handling Custom Attributes : Time (s): cpu = 00:01:01 ; elapsed = 00:01:12 . Memory (MB): peak = 575.395 ; gain = 364.965
Finished Renaming Generated Nets : Time (s): cpu = 00:01:01 ; elapsed = 00:01:12 . Memory (MB): peak = 575.395 ; gain = 364.965

Report Cell Usage: 
+-+-----+------+
| |Cell |Count |
+-+-----+------+
+-+-----+------+
Finished Writing Synthesis Report : Time (s): cpu = 00:01:01 ; elapsed = 00:01:12 . Memory (MB): peak = 575.395 ; gain = 364.965
synth_design: Time (s): cpu = 00:00:59 ; elapsed = 00:01:05 . Memory (MB): peak = 591.496 ; gain = 377.684
