
*** Running vivado
    with args -log DebUART_xbar_0.vds -m64 -product Vivado -mode batch -messageDb vivado.pb -notrace -source DebUART_xbar_0.tcl


****** Vivado v2016.4 (64-bit)
  **** SW Build 1756540 on Mon Jan 23 19:11:23 MST 2017
  **** IP Build 1755317 on Mon Jan 23 20:30:07 MST 2017
    ** Copyright 1986-2016 Xilinx, Inc. All Rights Reserved.

source DebUART_xbar_0.tcl -notrace
Starting RTL Elaboration : Time (s): cpu = 00:00:12 ; elapsed = 00:00:53 . Memory (MB): peak = 309.914 ; gain = 99.781
INFO: [Synth 8-638] synthesizing module 'DebUART_xbar_0' [c:/Users/Utilizador/Desktop/Universidade/4_ano/2_semestre/CR/Projeto/ProjetoFinal/MP_ToDisplays/MP_ToDisplays.srcs/sources_1/bd/DebUART/ip/DebUART_xbar_0/synth/DebUART_xbar_0.v:59]
INFO: [Synth 8-638] synthesizing module 'axi_crossbar_v2_1_12_axi_crossbar' [c:/Users/Utilizador/Desktop/Universidade/4_ano/2_semestre/CR/Projeto/ProjetoFinal/MP_ToDisplays/MP_ToDisplays.srcs/sources_1/bd/DebUART/ipshared/896d/hdl/axi_crossbar_v2_1_vl_rfs.v:4882]
INFO: [Synth 8-638] synthesizing module 'axi_crossbar_v2_1_12_crossbar_sasd' [c:/Users/Utilizador/Desktop/Universidade/4_ano/2_semestre/CR/Projeto/ProjetoFinal/MP_ToDisplays/MP_ToDisplays.srcs/sources_1/bd/DebUART/ipshared/896d/hdl/axi_crossbar_v2_1_vl_rfs.v:1240]
INFO: [Synth 8-638] synthesizing module 'axi_crossbar_v2_1_12_addr_decoder' [c:/Users/Utilizador/Desktop/Universidade/4_ano/2_semestre/CR/Projeto/ProjetoFinal/MP_ToDisplays/MP_ToDisplays.srcs/sources_1/bd/DebUART/ipshared/896d/hdl/axi_crossbar_v2_1_vl_rfs.v:794]
INFO: [Synth 8-638] synthesizing module 'generic_baseblocks_v2_1_0_comparator_static' [c:/Users/Utilizador/Desktop/Universidade/4_ano/2_semestre/CR/Projeto/ProjetoFinal/MP_ToDisplays/MP_ToDisplays.srcs/sources_1/bd/DebUART/ipshared/7ee0/hdl/generic_baseblocks_v2_1_vl_rfs.v:2133]
INFO: [Synth 8-638] synthesizing module 'generic_baseblocks_v2_1_0_carry_and' [c:/Users/Utilizador/Desktop/Universidade/4_ano/2_semestre/CR/Projeto/ProjetoFinal/MP_ToDisplays/MP_ToDisplays.srcs/sources_1/bd/DebUART/ipshared/7ee0/hdl/generic_baseblocks_v2_1_vl_rfs.v:62]
INFO: [Synth 8-256] done synthesizing module 'generic_baseblocks_v2_1_0_carry_and' (1#1) [c:/Users/Utilizador/Desktop/Universidade/4_ano/2_semestre/CR/Projeto/ProjetoFinal/MP_ToDisplays/MP_ToDisplays.srcs/sources_1/bd/DebUART/ipshared/7ee0/hdl/generic_baseblocks_v2_1_vl_rfs.v:62]
INFO: [Synth 8-256] done synthesizing module 'generic_baseblocks_v2_1_0_comparator_static' (2#1) [c:/Users/Utilizador/Desktop/Universidade/4_ano/2_semestre/CR/Projeto/ProjetoFinal/MP_ToDisplays/MP_ToDisplays.srcs/sources_1/bd/DebUART/ipshared/7ee0/hdl/generic_baseblocks_v2_1_vl_rfs.v:2133]
INFO: [Synth 8-638] synthesizing module 'generic_baseblocks_v2_1_0_comparator_static__parameterized0' [c:/Users/Utilizador/Desktop/Universidade/4_ano/2_semestre/CR/Projeto/ProjetoFinal/MP_ToDisplays/MP_ToDisplays.srcs/sources_1/bd/DebUART/ipshared/7ee0/hdl/generic_baseblocks_v2_1_vl_rfs.v:2133]
INFO: [Synth 8-256] done synthesizing module 'generic_baseblocks_v2_1_0_comparator_static__parameterized0' (2#1) [c:/Users/Utilizador/Desktop/Universidade/4_ano/2_semestre/CR/Projeto/ProjetoFinal/MP_ToDisplays/MP_ToDisplays.srcs/sources_1/bd/DebUART/ipshared/7ee0/hdl/generic_baseblocks_v2_1_vl_rfs.v:2133]
INFO: [Synth 8-256] done synthesizing module 'axi_crossbar_v2_1_12_addr_decoder' (3#1) [c:/Users/Utilizador/Desktop/Universidade/4_ano/2_semestre/CR/Projeto/ProjetoFinal/MP_ToDisplays/MP_ToDisplays.srcs/sources_1/bd/DebUART/ipshared/896d/hdl/axi_crossbar_v2_1_vl_rfs.v:794]
INFO: [Synth 8-638] synthesizing module 'axi_crossbar_v2_1_12_decerr_slave' [c:/Users/Utilizador/Desktop/Universidade/4_ano/2_semestre/CR/Projeto/ProjetoFinal/MP_ToDisplays/MP_ToDisplays.srcs/sources_1/bd/DebUART/ipshared/896d/hdl/axi_crossbar_v2_1_vl_rfs.v:3500]
INFO: [Synth 8-256] done synthesizing module 'axi_crossbar_v2_1_12_decerr_slave' (4#1) [c:/Users/Utilizador/Desktop/Universidade/4_ano/2_semestre/CR/Projeto/ProjetoFinal/MP_ToDisplays/MP_ToDisplays.srcs/sources_1/bd/DebUART/ipshared/896d/hdl/axi_crossbar_v2_1_vl_rfs.v:3500]
INFO: [Synth 8-638] synthesizing module 'axi_crossbar_v2_1_12_addr_arbiter_sasd' [c:/Users/Utilizador/Desktop/Universidade/4_ano/2_semestre/CR/Projeto/ProjetoFinal/MP_ToDisplays/MP_ToDisplays.srcs/sources_1/bd/DebUART/ipshared/896d/hdl/axi_crossbar_v2_1_vl_rfs.v:65]
INFO: [Synth 8-256] done synthesizing module 'axi_crossbar_v2_1_12_addr_arbiter_sasd' (5#1) [c:/Users/Utilizador/Desktop/Universidade/4_ano/2_semestre/CR/Projeto/ProjetoFinal/MP_ToDisplays/MP_ToDisplays.srcs/sources_1/bd/DebUART/ipshared/896d/hdl/axi_crossbar_v2_1_vl_rfs.v:65]
INFO: [Synth 8-638] synthesizing module 'axi_crossbar_v2_1_12_splitter' [c:/Users/Utilizador/Desktop/Universidade/4_ano/2_semestre/CR/Projeto/ProjetoFinal/MP_ToDisplays/MP_ToDisplays.srcs/sources_1/bd/DebUART/ipshared/896d/hdl/axi_crossbar_v2_1_vl_rfs.v:4459]
INFO: [Synth 8-256] done synthesizing module 'axi_crossbar_v2_1_12_splitter' (6#1) [c:/Users/Utilizador/Desktop/Universidade/4_ano/2_semestre/CR/Projeto/ProjetoFinal/MP_ToDisplays/MP_ToDisplays.srcs/sources_1/bd/DebUART/ipshared/896d/hdl/axi_crossbar_v2_1_vl_rfs.v:4459]
INFO: [Synth 8-638] synthesizing module 'axi_crossbar_v2_1_12_splitter__parameterized0' [c:/Users/Utilizador/Desktop/Universidade/4_ano/2_semestre/CR/Projeto/ProjetoFinal/MP_ToDisplays/MP_ToDisplays.srcs/sources_1/bd/DebUART/ipshared/896d/hdl/axi_crossbar_v2_1_vl_rfs.v:4459]
INFO: [Synth 8-256] done synthesizing module 'axi_crossbar_v2_1_12_splitter__parameterized0' (6#1) [c:/Users/Utilizador/Desktop/Universidade/4_ano/2_semestre/CR/Projeto/ProjetoFinal/MP_ToDisplays/MP_ToDisplays.srcs/sources_1/bd/DebUART/ipshared/896d/hdl/axi_crossbar_v2_1_vl_rfs.v:4459]
INFO: [Synth 8-638] synthesizing module 'generic_baseblocks_v2_1_0_mux_enc' [c:/Users/Utilizador/Desktop/Universidade/4_ano/2_semestre/CR/Projeto/ProjetoFinal/MP_ToDisplays/MP_ToDisplays.srcs/sources_1/bd/DebUART/ipshared/7ee0/hdl/generic_baseblocks_v2_1_vl_rfs.v:2452]
INFO: [Synth 8-256] done synthesizing module 'generic_baseblocks_v2_1_0_mux_enc' (7#1) [c:/Users/Utilizador/Desktop/Universidade/4_ano/2_semestre/CR/Projeto/ProjetoFinal/MP_ToDisplays/MP_ToDisplays.srcs/sources_1/bd/DebUART/ipshared/7ee0/hdl/generic_baseblocks_v2_1_vl_rfs.v:2452]
INFO: [Synth 8-638] synthesizing module 'generic_baseblocks_v2_1_0_mux_enc__parameterized0' [c:/Users/Utilizador/Desktop/Universidade/4_ano/2_semestre/CR/Projeto/ProjetoFinal/MP_ToDisplays/MP_ToDisplays.srcs/sources_1/bd/DebUART/ipshared/7ee0/hdl/generic_baseblocks_v2_1_vl_rfs.v:2452]
INFO: [Synth 8-256] done synthesizing module 'generic_baseblocks_v2_1_0_mux_enc__parameterized0' (7#1) [c:/Users/Utilizador/Desktop/Universidade/4_ano/2_semestre/CR/Projeto/ProjetoFinal/MP_ToDisplays/MP_ToDisplays.srcs/sources_1/bd/DebUART/ipshared/7ee0/hdl/generic_baseblocks_v2_1_vl_rfs.v:2452]
INFO: [Synth 8-638] synthesizing module 'generic_baseblocks_v2_1_0_mux_enc__parameterized1' [c:/Users/Utilizador/Desktop/Universidade/4_ano/2_semestre/CR/Projeto/ProjetoFinal/MP_ToDisplays/MP_ToDisplays.srcs/sources_1/bd/DebUART/ipshared/7ee0/hdl/generic_baseblocks_v2_1_vl_rfs.v:2452]
INFO: [Synth 8-256] done synthesizing module 'generic_baseblocks_v2_1_0_mux_enc__parameterized1' (7#1) [c:/Users/Utilizador/Desktop/Universidade/4_ano/2_semestre/CR/Projeto/ProjetoFinal/MP_ToDisplays/MP_ToDisplays.srcs/sources_1/bd/DebUART/ipshared/7ee0/hdl/generic_baseblocks_v2_1_vl_rfs.v:2452]
INFO: [Synth 8-638] synthesizing module 'generic_baseblocks_v2_1_0_mux_enc__parameterized2' [c:/Users/Utilizador/Desktop/Universidade/4_ano/2_semestre/CR/Projeto/ProjetoFinal/MP_ToDisplays/MP_ToDisplays.srcs/sources_1/bd/DebUART/ipshared/7ee0/hdl/generic_baseblocks_v2_1_vl_rfs.v:2452]
INFO: [Synth 8-256] done synthesizing module 'generic_baseblocks_v2_1_0_mux_enc__parameterized2' (7#1) [c:/Users/Utilizador/Desktop/Universidade/4_ano/2_semestre/CR/Projeto/ProjetoFinal/MP_ToDisplays/MP_ToDisplays.srcs/sources_1/bd/DebUART/ipshared/7ee0/hdl/generic_baseblocks_v2_1_vl_rfs.v:2452]
INFO: [Synth 8-638] synthesizing module 'axi_register_slice_v2_1_11_axic_register_slice' [c:/Users/Utilizador/Desktop/Universidade/4_ano/2_semestre/CR/Projeto/ProjetoFinal/MP_ToDisplays/MP_ToDisplays.srcs/sources_1/bd/DebUART/ipshared/0b6b/hdl/axi_register_slice_v2_1_vl_rfs.v:85]
INFO: [Synth 8-256] done synthesizing module 'axi_register_slice_v2_1_11_axic_register_slice' (8#1) [c:/Users/Utilizador/Desktop/Universidade/4_ano/2_semestre/CR/Projeto/ProjetoFinal/MP_ToDisplays/MP_ToDisplays.srcs/sources_1/bd/DebUART/ipshared/0b6b/hdl/axi_register_slice_v2_1_vl_rfs.v:85]
INFO: [Synth 8-638] synthesizing module 'generic_baseblocks_v2_1_0_mux_enc__parameterized3' [c:/Users/Utilizador/Desktop/Universidade/4_ano/2_semestre/CR/Projeto/ProjetoFinal/MP_ToDisplays/MP_ToDisplays.srcs/sources_1/bd/DebUART/ipshared/7ee0/hdl/generic_baseblocks_v2_1_vl_rfs.v:2452]
INFO: [Synth 8-256] done synthesizing module 'generic_baseblocks_v2_1_0_mux_enc__parameterized3' (8#1) [c:/Users/Utilizador/Desktop/Universidade/4_ano/2_semestre/CR/Projeto/ProjetoFinal/MP_ToDisplays/MP_ToDisplays.srcs/sources_1/bd/DebUART/ipshared/7ee0/hdl/generic_baseblocks_v2_1_vl_rfs.v:2452]
INFO: [Synth 8-256] done synthesizing module 'axi_crossbar_v2_1_12_crossbar_sasd' (9#1) [c:/Users/Utilizador/Desktop/Universidade/4_ano/2_semestre/CR/Projeto/ProjetoFinal/MP_ToDisplays/MP_ToDisplays.srcs/sources_1/bd/DebUART/ipshared/896d/hdl/axi_crossbar_v2_1_vl_rfs.v:1240]
INFO: [Synth 8-256] done synthesizing module 'axi_crossbar_v2_1_12_axi_crossbar' (10#1) [c:/Users/Utilizador/Desktop/Universidade/4_ano/2_semestre/CR/Projeto/ProjetoFinal/MP_ToDisplays/MP_ToDisplays.srcs/sources_1/bd/DebUART/ipshared/896d/hdl/axi_crossbar_v2_1_vl_rfs.v:4882]
INFO: [Synth 8-256] done synthesizing module 'DebUART_xbar_0' (11#1) [c:/Users/Utilizador/Desktop/Universidade/4_ano/2_semestre/CR/Projeto/ProjetoFinal/MP_ToDisplays/MP_ToDisplays.srcs/sources_1/bd/DebUART/ip/DebUART_xbar_0/synth/DebUART_xbar_0.v:59]
Finished RTL Elaboration : Time (s): cpu = 00:00:17 ; elapsed = 00:01:06 . Memory (MB): peak = 427.172 ; gain = 217.039
Finished RTL Optimization Phase 1 : Time (s): cpu = 00:00:17 ; elapsed = 00:01:06 . Memory (MB): peak = 427.172 ; gain = 217.039
INFO: [Device 21-403] Loading part xc7a100tcsg324-1
Constraint Validation Runtime : Time (s): cpu = 00:00:00 ; elapsed = 00:00:02 . Memory (MB): peak = 656.520 ; gain = 0.000
Finished Constraint Validation : Time (s): cpu = 00:00:29 ; elapsed = 00:02:21 . Memory (MB): peak = 656.520 ; gain = 446.387
Finished Loading Part and Timing Information : Time (s): cpu = 00:00:29 ; elapsed = 00:02:21 . Memory (MB): peak = 656.520 ; gain = 446.387
Finished applying 'set_property' XDC Constraints : Time (s): cpu = 00:00:29 ; elapsed = 00:02:22 . Memory (MB): peak = 656.520 ; gain = 446.387
Finished RTL Optimization Phase 2 : Time (s): cpu = 00:00:29 ; elapsed = 00:02:23 . Memory (MB): peak = 656.520 ; gain = 446.387
Finished Cross Boundary and Area Optimization : Time (s): cpu = 00:00:30 ; elapsed = 00:02:28 . Memory (MB): peak = 656.520 ; gain = 446.387
Finished Applying XDC Timing Constraints : Time (s): cpu = 00:00:42 ; elapsed = 00:02:52 . Memory (MB): peak = 656.520 ; gain = 446.387
Finished Timing Optimization : Time (s): cpu = 00:00:43 ; elapsed = 00:02:53 . Memory (MB): peak = 656.520 ; gain = 446.387
Finished Technology Mapping : Time (s): cpu = 00:00:43 ; elapsed = 00:02:53 . Memory (MB): peak = 656.520 ; gain = 446.387
Finished IO Insertion : Time (s): cpu = 00:00:43 ; elapsed = 00:02:54 . Memory (MB): peak = 656.520 ; gain = 446.387
Finished Renaming Generated Instances : Time (s): cpu = 00:00:43 ; elapsed = 00:02:54 . Memory (MB): peak = 656.520 ; gain = 446.387
Finished Rebuilding User Hierarchy : Time (s): cpu = 00:00:44 ; elapsed = 00:02:54 . Memory (MB): peak = 656.520 ; gain = 446.387
Finished Renaming Generated Ports : Time (s): cpu = 00:00:44 ; elapsed = 00:02:54 . Memory (MB): peak = 656.520 ; gain = 446.387
Finished Handling Custom Attributes : Time (s): cpu = 00:00:44 ; elapsed = 00:02:54 . Memory (MB): peak = 656.520 ; gain = 446.387
Finished Renaming Generated Nets : Time (s): cpu = 00:00:44 ; elapsed = 00:02:54 . Memory (MB): peak = 656.520 ; gain = 446.387

Report Cell Usage: 
+------+-----+------+
|      |Cell |Count |
+------+-----+------+
|1     |LUT1 |     2|
|2     |LUT2 |    15|
|3     |LUT3 |     9|
|4     |LUT4 |    80|
|5     |LUT5 |    14|
|6     |LUT6 |    54|
|7     |FDRE |   130|
+------+-----+------+
Finished Writing Synthesis Report : Time (s): cpu = 00:00:44 ; elapsed = 00:02:54 . Memory (MB): peak = 656.520 ; gain = 446.387
synth_design: Time (s): cpu = 00:00:40 ; elapsed = 00:02:17 . Memory (MB): peak = 656.520 ; gain = 430.980
