#-----------------------------------------------------------
# Vivado v2016.4 (64-bit)
# SW Build 1756540 on Mon Jan 23 19:11:23 MST 2017
# IP Build 1755317 on Mon Jan 23 20:30:07 MST 2017
# Start of session at: Tue Apr 11 22:17:44 2017
# Process ID: 620
# Current directory: C:/Users/Utilizador/Desktop/Universidade/4_ano/2_semestre/CR/Praticas/Aula6/aula6/ex4
# Command line: vivado.exe -gui_launcher_event rodinguilauncherevent6052 C:\Users\Utilizador\Desktop\Universidade\4_ano\2_semestre\CR\Praticas\Aula6\aula6\ex4\ex4.xpr
# Log file: C:/Users/Utilizador/Desktop/Universidade/4_ano/2_semestre/CR/Praticas/Aula6/aula6/ex4/vivado.log
# Journal file: C:/Users/Utilizador/Desktop/Universidade/4_ano/2_semestre/CR/Praticas/Aula6/aula6/ex4\vivado.jou
#-----------------------------------------------------------
start_gui
open_project C:/Users/Utilizador/Desktop/Universidade/4_ano/2_semestre/CR/Praticas/Aula6/aula6/ex4/ex4.xpr
INFO: [ProjectBase 1-489] The host OS only allows 260 characters in a normal path. The project is stored in a path with more than 80 characters. If you experience issues with IP, Block Designs, or files not being found, please consider moving the project to a location with a shorter path. Alternately consider using the OS subst command to map part of the path to a drive letter.
Current project path is 'C:/Users/Utilizador/Desktop/Universidade/4_ano/2_semestre/CR/Praticas/Aula6/aula6/ex4'
INFO: [Project 1-313] Project file moved from 'C:/Users/fmcta/Desktop/CR/aula6/ex4' since last save.
CRITICAL WARNING: [Project 1-311] Could not find the file 'C:/Users/Utilizador/Desktop/Universidade/4_ano/2_semestre/CR/Praticas/gen/word_aula6_ex8.coe', nor could it be found using path 'C:/Users/fmcta/Desktop/gen/word_aula6_ex8.coe'.
CRITICAL WARNING: [Project 1-311] Could not find the file 'C:/Users/Utilizador/Desktop/Universidade/4_ano/2_semestre/CR/Praticas/gen/word_aula6_ex4.coe', nor could it be found using path 'C:/Users/fmcta/Desktop/gen/word_aula6_ex4.coe'.
CRITICAL WARNING: [Project 1-311] Could not find the file 'C:/Users/Utilizador/Desktop/Universidade/4_ano/2_semestre/CR/Praticas/Filipe/Universidade/CR/Nexys4_Master.xdc', nor could it be found using path 'C:/Users/fmcta/Desktop/Filipe/Universidade/CR/Nexys4_Master.xdc'.
Scanning sources...
Finished scanning sources
WARNING: [filemgmt 56-2] IP Repository Path: Could not find the directory 'C:/Users/Utilizador/Desktop/Universidade/4_ano/users/fmcta/desktop/CR/ips/wordToRegisto', nor could it be found using path 'C:/users/fmcta/desktop/CR/ips/wordToRegisto'.
WARNING: [filemgmt 56-2] IP Repository Path: Could not find the directory 'C:/Users/Utilizador/Desktop/Universidade/4_ano/users/fmcta/desktop/average', nor could it be found using path 'C:/users/fmcta/desktop/average'.
WARNING: [filemgmt 56-2] IP Repository Path: Could not find the directory 'C:/Users/Utilizador/Desktop/Universidade/4_ano/2_semestre/CR/Praticas/EightDispCont', nor could it be found using path 'C:/Users/fmcta/Desktop/EightDispCont'.
WARNING: [filemgmt 56-2] IP Repository Path: Could not find the directory 'C:/Users/Utilizador/Desktop/Universidade/4_ano/2_semestre/CR/clock_divider_1hz', nor could it be found using path 'C:/Users/fmcta/clock_divider_1hz'.
WARNING: [filemgmt 56-2] IP Repository Path: Could not find the directory 'C:/Users/Utilizador/Desktop/Universidade/4_ano/2_semestre/CR/ram_control', nor could it be found using path 'C:/Users/fmcta/ram_control'.
INFO: [IP_Flow 19-234] Refreshing IP repositories
WARNING: [IP_Flow 19-2248] Failed to load user IP repository 'c:/Users/Utilizador/Desktop/Universidade/4_ano/users/fmcta/desktop/CR/ips/wordToRegisto'; Can't find the specified path.
If this directory should no longer be in your list of user repositories, go to the IP Settings dialog and remove it.
WARNING: [IP_Flow 19-2248] Failed to load user IP repository 'c:/Users/Utilizador/Desktop/Universidade/4_ano/users/fmcta/desktop/average'; Can't find the specified path.
If this directory should no longer be in your list of user repositories, go to the IP Settings dialog and remove it.
WARNING: [IP_Flow 19-2248] Failed to load user IP repository 'c:/Users/Utilizador/Desktop/Universidade/4_ano/2_semestre/CR/Praticas/EightDispCont'; Can't find the specified path.
If this directory should no longer be in your list of user repositories, go to the IP Settings dialog and remove it.
WARNING: [IP_Flow 19-2248] Failed to load user IP repository 'c:/Users/Utilizador/Desktop/Universidade/4_ano/2_semestre/CR/clock_divider_1hz'; Can't find the specified path.
If this directory should no longer be in your list of user repositories, go to the IP Settings dialog and remove it.
WARNING: [IP_Flow 19-2248] Failed to load user IP repository 'c:/Users/Utilizador/Desktop/Universidade/4_ano/2_semestre/CR/ram_control'; Can't find the specified path.
If this directory should no longer be in your list of user repositories, go to the IP Settings dialog and remove it.
INFO: [IP_Flow 19-2313] Loaded Vivado IP repository 'C:/Xilinx/Vivado/2016.4/data/ip'.
WARNING: [BD 41-1661] One or more IPs have been locked in the design 'ex4.bd'. Please run report_ip_status for more details and recommendations on how to fix this issue.
List of locked IPs:
ex4_EightDisplayControl_0_0
ex4_Average_0_1
ex4_RAM_control_0_0
ex4_wordToRegisto_0_0
ex4_clock_divider_1hz_0_0

open_project: Time (s): cpu = 00:00:21 ; elapsed = 00:01:24 . Memory (MB): peak = 687.094 ; gain = 82.375
open_bd_design {C:/Users/Utilizador/Desktop/Universidade/4_ano/2_semestre/CR/Praticas/Aula6/aula6/ex4/ex4.srcs/sources_1/bd/ex4/ex4.bd}
Adding cell -- xilinx.com:ip:blk_mem_gen:8.3 - blk_mem_gen_0
Adding cell -- xilinx.com:user:EightDisplayControl:1.0 - EightDisplayControl_0
Adding cell -- xilinx.com:ip:xlslice:1.0 - xlslice_0
Adding cell -- xilinx.com:ip:xlslice:1.0 - xlslice_1
Adding cell -- xilinx.com:ip:xlconstant:1.1 - xlconstant_1
Adding cell -- xilinx.com:user:Average:1.0 - Average_0
Adding cell -- xilinx.com:ip:c_counter_binary:12.0 - c_counter_binary_0
Adding cell -- xilinx.com:user:clock_divider_1hz:1.0 - clock_divider_1hz_0
Adding cell -- xilinx.com:ip:xlconstant:1.1 - xlconstant_0
Adding cell -- xilinx.com:user:wordToRegisto:1.0 - wordToRegisto_0
Adding cell -- xilinx.com:user:RAM_control:1.0 - RAM_control_0
WARNING: [BD 41-1731] Type mismatch between connected pins: /RAM_control_0/clk_d(undef) and /blk_mem_gen_0/clka(clk)
Successfully read diagram <ex4> from BD file <C:/Users/Utilizador/Desktop/Universidade/4_ano/2_semestre/CR/Praticas/Aula6/aula6/ex4/ex4.srcs/sources_1/bd/ex4/ex4.bd>
open_bd_design: Time (s): cpu = 00:00:09 ; elapsed = 00:00:36 . Memory (MB): peak = 790.215 ; gain = 59.918
INFO: [Device 21-403] Loading part xc7a100tcsg324-1
WARNING: [IP_Flow 19-4067] Ignoring invalid widget type specified checkbox.Providing a default widget
WARNING: [IP_Flow 19-4067] Ignoring invalid widget type specified checkbox.Providing a default widget
exit
INFO: [Common 17-206] Exiting Vivado at Tue Apr 11 22:57:49 2017...
