Copyright 1986-2016 Xilinx, Inc. All Rights Reserved.
----------------------------------------------------------------------------------------
| Tool Version : Vivado v.2016.4 (win64) Build 1756540 Mon Jan 23 19:11:23 MST 2017
| Date         : Wed Mar 15 21:16:32 2017
| Host         : FilipePc running 64-bit major release  (build 9200)
| Command      : report_control_sets -verbose -file ex2_wrapper_control_sets_placed.rpt
| Design       : ex2_wrapper
| Device       : xc7a100t
----------------------------------------------------------------------------------------

Control Set Information

Table of Contents
-----------------
1. Summary
2. Flip-Flop Distribution
3. Detailed Control Set Information

1. Summary
----------

+----------------------------------------------------------+-------+
|                          Status                          | Count |
+----------------------------------------------------------+-------+
| Number of unique control sets                            |     7 |
| Unused register locations in slices containing registers |    12 |
+----------------------------------------------------------+-------+


2. Flip-Flop Distribution
-------------------------

+--------------+-----------------------+------------------------+-----------------+--------------+
| Clock Enable | Synchronous Set/Reset | Asynchronous Set/Reset | Total Registers | Total Slices |
+--------------+-----------------------+------------------------+-----------------+--------------+
| No           | No                    | No                     |              36 |           13 |
| No           | No                    | Yes                    |               0 |            0 |
| No           | Yes                   | No                     |               0 |            0 |
| Yes          | No                    | No                     |              32 |           11 |
| Yes          | No                    | Yes                    |               0 |            0 |
| Yes          | Yes                   | No                     |              32 |           12 |
+--------------+-----------------------+------------------------+-----------------+--------------+


3. Detailed Control Set Information
-----------------------------------

+---------------------------------------+----------------------------------------------------+--------------------------------------------------+------------------+----------------+
|              Clock Signal             |                    Enable Signal                   |                 Set/Reset Signal                 | Slice Load Count | Bel Load Count |
+---------------------------------------+----------------------------------------------------+--------------------------------------------------+------------------+----------------+
|  ex2_i/clock_divider_0/U0/divided_clk | ex2_i/GreatestMaximumDivisor_0/U0/Res              | ex2_i/GreatestMaximumDivisor_0/U0/Res[7]_i_1_n_0 |                4 |              8 |
|  ex2_i/clock_divider_0/U0/divided_clk | ex2_i/BinToBCD16_0/U0/c_s[0]                       | ex2_i/BinToBCD16_0/U0/c_s[1]                     |                4 |             12 |
|  ex2_i/clock_divider_0/U0/divided_clk | ex2_i/BinToBCD16_0/U0/get_outputs                  | ex2_i/BinToBCD16_0/U0/BCD4[3]_i_1_n_0            |                4 |             12 |
|  ex2_i/clock_divider_0/U0/divided_clk | ex2_i/BinToBCD16_0/U0/int_rg_c[15]_i_1_n_0         |                                                  |                3 |             16 |
|  ex2_i/clock_divider_0/U0/divided_clk | ex2_i/GreatestMaximumDivisor_0/U0/FSM_A[7]_i_1_n_0 |                                                  |                8 |             16 |
|  clk_IBUF                             |                                                    |                                                  |                4 |             16 |
|  ex2_i/clock_divider_0/U0/divided_clk |                                                    |                                                  |                9 |             20 |
+---------------------------------------+----------------------------------------------------+--------------------------------------------------+------------------+----------------+


+--------+-----------------------+
| Fanout | Number of ControlSets |
+--------+-----------------------+
| 8      |                     1 |
| 12     |                     2 |
| 16+    |                     4 |
+--------+-----------------------+


