Copyright 1986-2016 Xilinx, Inc. All Rights Reserved.
------------------------------------------------------------------------------------
| Tool Version : Vivado v.2016.4 (win64) Build 1756540 Mon Jan 23 19:11:23 MST 2017
| Date         : Tue Apr 04 16:26:29 2017
| Host         : TiagoHenriques running 64-bit major release  (build 9200)
| Command      : upgrade_ip
| Device       : xc7a100tcsg324-1
------------------------------------------------------------------------------------

Upgrade Log for IP 'design_1_mux_btnC_0_0'

1. Summary
----------

CAUTION (success, with warnings) in the upgrade of design_1_mux_btnC_0_0 (xilinx.com:user:mux_btnC:1.0) from (Rev. 2) to (Rev. 1)

After upgrade, an IP may have parameter and port differences compared to the original customization. Please review the parameters within the IP customization GUI to ensure proper functionality. Also, please review the updated IP instantiation template to ensure proper connectivity, and update your design if required.

2. Interface Information
------------------------

Detected external interface differences while upgrading 'design_1_mux_btnC_0_0'.



3. Connection Warnings
----------------------

Detected external port differences while upgrading 'design_1_mux_btnC_0_0'. These changes may impact your design.



4. Customization warnings
-------------------------

The normal upgrade process failed due to validation failures in the given configuration . Attempting partial upgrade.
This process will attempt to set as many user parameters as possible.Please check the parameters whose values were not applied


5. Debug Commands
-----------------

  The following debug information can be passed to Vivado as Tcl commands,
in order to validate or debug the output of the upgrade flow.
  You may consult any warnings from within this upgrade, and alter or remove
the configuration parameter(s) which caused the warning; then execute the Tcl
commands, and use the IP Customization GUI to verify the IP configuration.

create_ip -vlnv xilinx.com:user:mux_btnC:1.0 -user_name design_1_mux_btnC_0_0
set_property -dict "\
  CONFIG.Component_Name {design_1_mux_btnC_0_0} \
  CONFIG.size {16} " [get_ips design_1_mux_btnC_0_0]


