Unable to capture context for thread 10804 in process 1416, can not generate back trace
Unable to capture context for thread 10760 in process 1416, can not generate back trace
Exception at PC 0x00007FFBA14DBB93
Printing stacktrace...

Unable to capture context for thread 13224 in process 1416, can not generate back trace
Unable to capture context for thread 10760 in process 1416, can not generate back trace
Exception at PC 0x00007FFBDAE77788
Exception at PC 0x00007FFBDAE77788
Exception at PC 0x00007FFBDAE77788
Exception at PC 0x00007FFBDAE77788
Exception at PC 0x00007FFBDAE77788
Exception at PC 0x00007FFBDAE77788
Exception at PC 0x00007FFBDAE77788
Exception at PC 0x00007FFBDAE77788
Exception at PC 0x00007FFBDAE77788
Exception at PC 0x00007FFBDAE77788
Exception at PC 0x00007FFBDAE77788
Exception at PC 0x00007FFBDAE77788
Exception at PC 0x00007FFBDAE77788
Exception at PC 0x00007FFBDAE77788
Exception at PC 0x00007FFBDAE77788
Exception at PC 0x00007FFBDAE77788
Exception at PC 0x00007FFBDAE77788
Exception at PC 0x00007FFBDAE77788
[0]  [0x00007FFBA14DBB93]
[1]  [0x00007FFBA14DBB93]
[2]  [0x00007FFBA14DB4A1]
[3]  [0x00007FFBA14DB3EF]
[4]  [0x00007FFBA14C19FE]
[5]  [0x00007FFBA14C0ED1]
[6]  [0x00007FFBA14C0D76]
[7]  [0x00007FFBA14679F6]
[8]  [0x00007FFBA1457AFB]
[9]  [0x00007FFBA157E90A]
[10]  [0x00007FFBA1599F87]
[11]  [0x00007FFBA159A05F]
[12] (BaseThreadInitThunk+0x14) [0x00007FFBDE8A8364]
[13] (RtlUserThreadStart+0x21) [0x00007FFBDE9D70D1]
Done
