
*** Running vivado
    with args -log design_1_wrapper.vds -m64 -product Vivado -mode batch -messageDb vivado.pb -notrace -source design_1_wrapper.tcl


****** Vivado v2016.4 (64-bit)
  **** SW Build 1756540 on Mon Jan 23 19:11:23 MST 2017
  **** IP Build 1755317 on Mon Jan 23 20:30:07 MST 2017
    ** Copyright 1986-2016 Xilinx, Inc. All Rights Reserved.

source design_1_wrapper.tcl -notrace
INFO: [IP_Flow 19-234] Refreshing IP repositories
WARNING: [IP_Flow 19-3685] Ignored loading user repository 'c:/Users/Utilizador/Desktop/Universidade/4_ano/2_semestre/CR/Praticas/ips/iterativeSorter'. The path is contained within another repository.
WARNING: [IP_Flow 19-3685] Ignored loading user repository 'c:/Users/Utilizador/Desktop/Universidade/4_ano/2_semestre/CR/Praticas/ips/separate'. The path is contained within another repository.
INFO: [IP_Flow 19-1700] Loaded user IP repository 'c:/Users/Utilizador/Desktop/Universidade/4_ano/2_semestre/CR/Praticas/ips'.
INFO: [IP_Flow 19-2313] Loaded Vivado IP repository 'C:/Xilinx/Vivado/2016.4/data/ip'.
Command: synth_design -top design_1_wrapper -part xc7a100tcsg324-1
Starting synth_design
Attempting to get a license for feature 'Synthesis' and/or device 'xc7a100t'
INFO: [Common 17-349] Got license for feature 'Synthesis' and/or device 'xc7a100t'
INFO: Launching helper process for spawning children vivado processes
INFO: Helper process launched with PID 10228 
---------------------------------------------------------------------------------
Starting RTL Elaboration : Time (s): cpu = 00:00:05 ; elapsed = 00:00:08 . Memory (MB): peak = 294.781 ; gain = 84.680
---------------------------------------------------------------------------------
INFO: [Synth 8-638] synthesizing module 'design_1_wrapper' [C:/Users/Utilizador/Desktop/Universidade/4_ano/2_semestre/CR/Praticas/Aula6/Ex6/Ex6.srcs/sources_1/bd/design_1/hdl/design_1_wrapper.vhd:23]
INFO: [Synth 8-3491] module 'design_1' declared at 'C:/Users/Utilizador/Desktop/Universidade/4_ano/2_semestre/CR/Praticas/Aula6/Ex6/Ex6.srcs/sources_1/bd/design_1/hdl/design_1.vhd:14' bound to instance 'design_1_i' of component 'design_1' [C:/Users/Utilizador/Desktop/Universidade/4_ano/2_semestre/CR/Praticas/Aula6/Ex6/Ex6.srcs/sources_1/bd/design_1/hdl/design_1_wrapper.vhd:33]
INFO: [Synth 8-638] synthesizing module 'design_1' [C:/Users/Utilizador/Desktop/Universidade/4_ano/2_semestre/CR/Praticas/Aula6/Ex6/Ex6.srcs/sources_1/bd/design_1/hdl/design_1.vhd:27]
INFO: [Synth 8-3491] module 'design_1_EightDisplayControl_0_0' declared at 'C:/Users/Utilizador/Desktop/Universidade/4_ano/2_semestre/CR/Praticas/Aula6/Ex6/Ex6.runs/synth_1/.Xil/Vivado-6504-TiagoHenriques/realtime/design_1_EightDisplayControl_0_0_stub.vhdl:5' bound to instance 'EightDisplayControl_0' of component 'design_1_EightDisplayControl_0_0' [C:/Users/Utilizador/Desktop/Universidade/4_ano/2_semestre/CR/Praticas/Aula6/Ex6/Ex6.srcs/sources_1/bd/design_1/hdl/design_1.vhd:120]
INFO: [Synth 8-638] synthesizing module 'design_1_EightDisplayControl_0_0' [C:/Users/Utilizador/Desktop/Universidade/4_ano/2_semestre/CR/Praticas/Aula6/Ex6/Ex6.runs/synth_1/.Xil/Vivado-6504-TiagoHenriques/realtime/design_1_EightDisplayControl_0_0_stub.vhdl:22]
INFO: [Synth 8-3491] module 'design_1_IterativeSorter_0_0' declared at 'C:/Users/Utilizador/Desktop/Universidade/4_ano/2_semestre/CR/Praticas/Aula6/Ex6/Ex6.runs/synth_1/.Xil/Vivado-6504-TiagoHenriques/realtime/design_1_IterativeSorter_0_0_stub.vhdl:5' bound to instance 'IterativeSorter_0' of component 'design_1_IterativeSorter_0_0' [C:/Users/Utilizador/Desktop/Universidade/4_ano/2_semestre/CR/Praticas/Aula6/Ex6/Ex6.srcs/sources_1/bd/design_1/hdl/design_1.vhd:134]
INFO: [Synth 8-638] synthesizing module 'design_1_IterativeSorter_0_0' [C:/Users/Utilizador/Desktop/Universidade/4_ano/2_semestre/CR/Praticas/Aula6/Ex6/Ex6.runs/synth_1/.Xil/Vivado-6504-TiagoHenriques/realtime/design_1_IterativeSorter_0_0_stub.vhdl:16]
INFO: [Synth 8-3491] module 'design_1_blk_mem_gen_0_0' declared at 'C:/Users/Utilizador/Desktop/Universidade/4_ano/2_semestre/CR/Praticas/Aula6/Ex6/Ex6.runs/synth_1/.Xil/Vivado-6504-TiagoHenriques/realtime/design_1_blk_mem_gen_0_0_stub.vhdl:5' bound to instance 'blk_mem_gen_0' of component 'design_1_blk_mem_gen_0_0' [C:/Users/Utilizador/Desktop/Universidade/4_ano/2_semestre/CR/Praticas/Aula6/Ex6/Ex6.srcs/sources_1/bd/design_1/hdl/design_1.vhd:142]
INFO: [Synth 8-638] synthesizing module 'design_1_blk_mem_gen_0_0' [C:/Users/Utilizador/Desktop/Universidade/4_ano/2_semestre/CR/Praticas/Aula6/Ex6/Ex6.runs/synth_1/.Xil/Vivado-6504-TiagoHenriques/realtime/design_1_blk_mem_gen_0_0_stub.vhdl:16]
INFO: [Synth 8-3491] module 'design_1_clock_divider_0_0' declared at 'C:/Users/Utilizador/Desktop/Universidade/4_ano/2_semestre/CR/Praticas/Aula6/Ex6/Ex6.runs/synth_1/.Xil/Vivado-6504-TiagoHenriques/realtime/design_1_clock_divider_0_0_stub.vhdl:5' bound to instance 'clock_divider_0' of component 'design_1_clock_divider_0_0' [C:/Users/Utilizador/Desktop/Universidade/4_ano/2_semestre/CR/Praticas/Aula6/Ex6/Ex6.srcs/sources_1/bd/design_1/hdl/design_1.vhd:150]
INFO: [Synth 8-638] synthesizing module 'design_1_clock_divider_0_0' [C:/Users/Utilizador/Desktop/Universidade/4_ano/2_semestre/CR/Praticas/Aula6/Ex6/Ex6.runs/synth_1/.Xil/Vivado-6504-TiagoHenriques/realtime/design_1_clock_divider_0_0_stub.vhdl:14]
INFO: [Synth 8-3491] module 'design_1_separate_0_0' declared at 'C:/Users/Utilizador/Desktop/Universidade/4_ano/2_semestre/CR/Praticas/Aula6/Ex6/Ex6.runs/synth_1/.Xil/Vivado-6504-TiagoHenriques/realtime/design_1_separate_0_0_stub.vhdl:5' bound to instance 'separate_0' of component 'design_1_separate_0_0' [C:/Users/Utilizador/Desktop/Universidade/4_ano/2_semestre/CR/Praticas/Aula6/Ex6/Ex6.srcs/sources_1/bd/design_1/hdl/design_1.vhd:156]
INFO: [Synth 8-638] synthesizing module 'design_1_separate_0_0' [C:/Users/Utilizador/Desktop/Universidade/4_ano/2_semestre/CR/Praticas/Aula6/Ex6/Ex6.runs/synth_1/.Xil/Vivado-6504-TiagoHenriques/realtime/design_1_separate_0_0_stub.vhdl:14]
INFO: [Synth 8-3491] module 'design_1_xlconstant_0_0' declared at 'C:/Users/Utilizador/Desktop/Universidade/4_ano/2_semestre/CR/Praticas/Aula6/Ex6/Ex6.runs/synth_1/.Xil/Vivado-6504-TiagoHenriques/realtime/design_1_xlconstant_0_0_stub.vhdl:5' bound to instance 'xlconstant_0' of component 'design_1_xlconstant_0_0' [C:/Users/Utilizador/Desktop/Universidade/4_ano/2_semestre/CR/Praticas/Aula6/Ex6/Ex6.srcs/sources_1/bd/design_1/hdl/design_1.vhd:162]
INFO: [Synth 8-638] synthesizing module 'design_1_xlconstant_0_0' [C:/Users/Utilizador/Desktop/Universidade/4_ano/2_semestre/CR/Praticas/Aula6/Ex6/Ex6.runs/synth_1/.Xil/Vivado-6504-TiagoHenriques/realtime/design_1_xlconstant_0_0_stub.vhdl:12]
INFO: [Synth 8-3491] module 'design_1_xlconstant_1_0' declared at 'C:/Users/Utilizador/Desktop/Universidade/4_ano/2_semestre/CR/Praticas/Aula6/Ex6/Ex6.runs/synth_1/.Xil/Vivado-6504-TiagoHenriques/realtime/design_1_xlconstant_1_0_stub.vhdl:5' bound to instance 'xlconstant_1' of component 'design_1_xlconstant_1_0' [C:/Users/Utilizador/Desktop/Universidade/4_ano/2_semestre/CR/Praticas/Aula6/Ex6/Ex6.srcs/sources_1/bd/design_1/hdl/design_1.vhd:166]
INFO: [Synth 8-638] synthesizing module 'design_1_xlconstant_1_0' [C:/Users/Utilizador/Desktop/Universidade/4_ano/2_semestre/CR/Praticas/Aula6/Ex6/Ex6.runs/synth_1/.Xil/Vivado-6504-TiagoHenriques/realtime/design_1_xlconstant_1_0_stub.vhdl:12]
INFO: [Synth 8-3491] module 'design_1_xlconstant_2_0' declared at 'C:/Users/Utilizador/Desktop/Universidade/4_ano/2_semestre/CR/Praticas/Aula6/Ex6/Ex6.runs/synth_1/.Xil/Vivado-6504-TiagoHenriques/realtime/design_1_xlconstant_2_0_stub.vhdl:5' bound to instance 'xlconstant_2' of component 'design_1_xlconstant_2_0' [C:/Users/Utilizador/Desktop/Universidade/4_ano/2_semestre/CR/Praticas/Aula6/Ex6/Ex6.srcs/sources_1/bd/design_1/hdl/design_1.vhd:170]
INFO: [Synth 8-638] synthesizing module 'design_1_xlconstant_2_0' [C:/Users/Utilizador/Desktop/Universidade/4_ano/2_semestre/CR/Praticas/Aula6/Ex6/Ex6.runs/synth_1/.Xil/Vivado-6504-TiagoHenriques/realtime/design_1_xlconstant_2_0_stub.vhdl:12]
INFO: [Synth 8-3491] module 'design_1_xlslice_0_0' declared at 'C:/Users/Utilizador/Desktop/Universidade/4_ano/2_semestre/CR/Praticas/Aula6/Ex6/Ex6.runs/synth_1/.Xil/Vivado-6504-TiagoHenriques/realtime/design_1_xlslice_0_0_stub.vhdl:5' bound to instance 'xlslice_0' of component 'design_1_xlslice_0_0' [C:/Users/Utilizador/Desktop/Universidade/4_ano/2_semestre/CR/Praticas/Aula6/Ex6/Ex6.srcs/sources_1/bd/design_1/hdl/design_1.vhd:174]
INFO: [Synth 8-638] synthesizing module 'design_1_xlslice_0_0' [C:/Users/Utilizador/Desktop/Universidade/4_ano/2_semestre/CR/Praticas/Aula6/Ex6/Ex6.runs/synth_1/.Xil/Vivado-6504-TiagoHenriques/realtime/design_1_xlslice_0_0_stub.vhdl:13]
INFO: [Synth 8-3491] module 'design_1_xlslice_1_0' declared at 'C:/Users/Utilizador/Desktop/Universidade/4_ano/2_semestre/CR/Praticas/Aula6/Ex6/Ex6.runs/synth_1/.Xil/Vivado-6504-TiagoHenriques/realtime/design_1_xlslice_1_0_stub.vhdl:5' bound to instance 'xlslice_1' of component 'design_1_xlslice_1_0' [C:/Users/Utilizador/Desktop/Universidade/4_ano/2_semestre/CR/Praticas/Aula6/Ex6/Ex6.srcs/sources_1/bd/design_1/hdl/design_1.vhd:179]
INFO: [Synth 8-638] synthesizing module 'design_1_xlslice_1_0' [C:/Users/Utilizador/Desktop/Universidade/4_ano/2_semestre/CR/Praticas/Aula6/Ex6/Ex6.runs/synth_1/.Xil/Vivado-6504-TiagoHenriques/realtime/design_1_xlslice_1_0_stub.vhdl:13]
INFO: [Synth 8-256] done synthesizing module 'design_1' (1#1) [C:/Users/Utilizador/Desktop/Universidade/4_ano/2_semestre/CR/Praticas/Aula6/Ex6/Ex6.srcs/sources_1/bd/design_1/hdl/design_1.vhd:27]
INFO: [Synth 8-256] done synthesizing module 'design_1_wrapper' (2#1) [C:/Users/Utilizador/Desktop/Universidade/4_ano/2_semestre/CR/Praticas/Aula6/Ex6/Ex6.srcs/sources_1/bd/design_1/hdl/design_1_wrapper.vhd:23]
---------------------------------------------------------------------------------
Finished RTL Elaboration : Time (s): cpu = 00:00:06 ; elapsed = 00:00:09 . Memory (MB): peak = 332.273 ; gain = 122.172
---------------------------------------------------------------------------------

Report Check Netlist: 
+------+------------------+-------+---------+-------+------------------+
|      |Item              |Errors |Warnings |Status |Description       |
+------+------------------+-------+---------+-------+------------------+
|1     |multi_driven_nets |      0|        0|Passed |Multi driven nets |
+------+------------------+-------+---------+-------+------------------+
---------------------------------------------------------------------------------
Finished RTL Optimization Phase 1 : Time (s): cpu = 00:00:06 ; elapsed = 00:00:09 . Memory (MB): peak = 332.273 ; gain = 122.172
---------------------------------------------------------------------------------
WARNING: [Project 1-486] Could not resolve non-primitive black box cell 'design_1_EightDisplayControl_0_0' instantiated as 'design_1_i/EightDisplayControl_0' [C:/Users/Utilizador/Desktop/Universidade/4_ano/2_semestre/CR/Praticas/Aula6/Ex6/Ex6.srcs/sources_1/bd/design_1/hdl/design_1.vhd:120]
WARNING: [Project 1-486] Could not resolve non-primitive black box cell 'design_1_IterativeSorter_0_0' instantiated as 'design_1_i/IterativeSorter_0' [C:/Users/Utilizador/Desktop/Universidade/4_ano/2_semestre/CR/Praticas/Aula6/Ex6/Ex6.srcs/sources_1/bd/design_1/hdl/design_1.vhd:134]
WARNING: [Project 1-486] Could not resolve non-primitive black box cell 'design_1_blk_mem_gen_0_0' instantiated as 'design_1_i/blk_mem_gen_0' [C:/Users/Utilizador/Desktop/Universidade/4_ano/2_semestre/CR/Praticas/Aula6/Ex6/Ex6.srcs/sources_1/bd/design_1/hdl/design_1.vhd:142]
WARNING: [Project 1-486] Could not resolve non-primitive black box cell 'design_1_clock_divider_0_0' instantiated as 'design_1_i/clock_divider_0' [C:/Users/Utilizador/Desktop/Universidade/4_ano/2_semestre/CR/Praticas/Aula6/Ex6/Ex6.srcs/sources_1/bd/design_1/hdl/design_1.vhd:150]
WARNING: [Project 1-486] Could not resolve non-primitive black box cell 'design_1_separate_0_0' instantiated as 'design_1_i/separate_0' [C:/Users/Utilizador/Desktop/Universidade/4_ano/2_semestre/CR/Praticas/Aula6/Ex6/Ex6.srcs/sources_1/bd/design_1/hdl/design_1.vhd:156]
WARNING: [Project 1-486] Could not resolve non-primitive black box cell 'design_1_xlconstant_0_0' instantiated as 'design_1_i/xlconstant_0' [C:/Users/Utilizador/Desktop/Universidade/4_ano/2_semestre/CR/Praticas/Aula6/Ex6/Ex6.srcs/sources_1/bd/design_1/hdl/design_1.vhd:162]
WARNING: [Project 1-486] Could not resolve non-primitive black box cell 'design_1_xlconstant_1_0' instantiated as 'design_1_i/xlconstant_1' [C:/Users/Utilizador/Desktop/Universidade/4_ano/2_semestre/CR/Praticas/Aula6/Ex6/Ex6.srcs/sources_1/bd/design_1/hdl/design_1.vhd:166]
WARNING: [Project 1-486] Could not resolve non-primitive black box cell 'design_1_xlconstant_2_0' instantiated as 'design_1_i/xlconstant_2' [C:/Users/Utilizador/Desktop/Universidade/4_ano/2_semestre/CR/Praticas/Aula6/Ex6/Ex6.srcs/sources_1/bd/design_1/hdl/design_1.vhd:170]
WARNING: [Project 1-486] Could not resolve non-primitive black box cell 'design_1_xlslice_0_0' instantiated as 'design_1_i/xlslice_0' [C:/Users/Utilizador/Desktop/Universidade/4_ano/2_semestre/CR/Praticas/Aula6/Ex6/Ex6.srcs/sources_1/bd/design_1/hdl/design_1.vhd:174]
WARNING: [Project 1-486] Could not resolve non-primitive black box cell 'design_1_xlslice_1_0' instantiated as 'design_1_i/xlslice_1' [C:/Users/Utilizador/Desktop/Universidade/4_ano/2_semestre/CR/Praticas/Aula6/Ex6/Ex6.srcs/sources_1/bd/design_1/hdl/design_1.vhd:179]
INFO: [Device 21-403] Loading part xc7a100tcsg324-1
INFO: [Project 1-570] Preparing netlist for logic optimization

Processing XDC Constraints
Initializing timing engine
Parsing XDC File [C:/Users/Utilizador/Desktop/Universidade/4_ano/2_semestre/CR/Praticas/Aula6/Ex6/Ex6.runs/synth_1/.Xil/Vivado-6504-TiagoHenriques/dcp/design_1_clock_divider_0_0_in_context.xdc] for cell 'design_1_i/clock_divider_0'
Finished Parsing XDC File [C:/Users/Utilizador/Desktop/Universidade/4_ano/2_semestre/CR/Praticas/Aula6/Ex6/Ex6.runs/synth_1/.Xil/Vivado-6504-TiagoHenriques/dcp/design_1_clock_divider_0_0_in_context.xdc] for cell 'design_1_i/clock_divider_0'
Parsing XDC File [C:/Users/Utilizador/Desktop/Universidade/4_ano/2_semestre/CR/Praticas/Aula6/Ex6/Ex6.runs/synth_1/.Xil/Vivado-6504-TiagoHenriques/dcp_2/design_1_xlconstant_0_0_in_context.xdc] for cell 'design_1_i/xlconstant_0'
Finished Parsing XDC File [C:/Users/Utilizador/Desktop/Universidade/4_ano/2_semestre/CR/Praticas/Aula6/Ex6/Ex6.runs/synth_1/.Xil/Vivado-6504-TiagoHenriques/dcp_2/design_1_xlconstant_0_0_in_context.xdc] for cell 'design_1_i/xlconstant_0'
Parsing XDC File [C:/Users/Utilizador/Desktop/Universidade/4_ano/2_semestre/CR/Praticas/Aula6/Ex6/Ex6.runs/synth_1/.Xil/Vivado-6504-TiagoHenriques/dcp_3/design_1_blk_mem_gen_0_0_in_context.xdc] for cell 'design_1_i/blk_mem_gen_0'
Finished Parsing XDC File [C:/Users/Utilizador/Desktop/Universidade/4_ano/2_semestre/CR/Praticas/Aula6/Ex6/Ex6.runs/synth_1/.Xil/Vivado-6504-TiagoHenriques/dcp_3/design_1_blk_mem_gen_0_0_in_context.xdc] for cell 'design_1_i/blk_mem_gen_0'
Parsing XDC File [C:/Users/Utilizador/Desktop/Universidade/4_ano/2_semestre/CR/Praticas/Aula6/Ex6/Ex6.runs/synth_1/.Xil/Vivado-6504-TiagoHenriques/dcp_4/design_1_xlconstant_1_0_in_context.xdc] for cell 'design_1_i/xlconstant_1'
Finished Parsing XDC File [C:/Users/Utilizador/Desktop/Universidade/4_ano/2_semestre/CR/Praticas/Aula6/Ex6/Ex6.runs/synth_1/.Xil/Vivado-6504-TiagoHenriques/dcp_4/design_1_xlconstant_1_0_in_context.xdc] for cell 'design_1_i/xlconstant_1'
Parsing XDC File [C:/Users/Utilizador/Desktop/Universidade/4_ano/2_semestre/CR/Praticas/Aula6/Ex6/Ex6.runs/synth_1/.Xil/Vivado-6504-TiagoHenriques/dcp_5/design_1_IterativeSorter_0_0_in_context.xdc] for cell 'design_1_i/IterativeSorter_0'
WARNING: [Constraints 18-619] A clock with name 'clk' already exists, overwriting the previous clock with the same name. [C:/Users/Utilizador/Desktop/Universidade/4_ano/2_semestre/CR/Praticas/Aula6/Ex6/Ex6.runs/synth_1/.Xil/Vivado-6504-TiagoHenriques/dcp_5/design_1_IterativeSorter_0_0_in_context.xdc:1]
Finished Parsing XDC File [C:/Users/Utilizador/Desktop/Universidade/4_ano/2_semestre/CR/Praticas/Aula6/Ex6/Ex6.runs/synth_1/.Xil/Vivado-6504-TiagoHenriques/dcp_5/design_1_IterativeSorter_0_0_in_context.xdc] for cell 'design_1_i/IterativeSorter_0'
Parsing XDC File [C:/Users/Utilizador/Desktop/Universidade/4_ano/2_semestre/CR/Praticas/Aula6/Ex6/Ex6.runs/synth_1/.Xil/Vivado-6504-TiagoHenriques/dcp_6/design_1_separate_0_0_in_context.xdc] for cell 'design_1_i/separate_0'
WARNING: [Constraints 18-619] A clock with name 'clk' already exists, overwriting the previous clock with the same name. [C:/Users/Utilizador/Desktop/Universidade/4_ano/2_semestre/CR/Praticas/Aula6/Ex6/Ex6.runs/synth_1/.Xil/Vivado-6504-TiagoHenriques/dcp_6/design_1_separate_0_0_in_context.xdc:1]
Finished Parsing XDC File [C:/Users/Utilizador/Desktop/Universidade/4_ano/2_semestre/CR/Praticas/Aula6/Ex6/Ex6.runs/synth_1/.Xil/Vivado-6504-TiagoHenriques/dcp_6/design_1_separate_0_0_in_context.xdc] for cell 'design_1_i/separate_0'
Parsing XDC File [C:/Users/Utilizador/Desktop/Universidade/4_ano/2_semestre/CR/Praticas/Aula6/Ex6/Ex6.runs/synth_1/.Xil/Vivado-6504-TiagoHenriques/dcp_7/design_1_EightDisplayControl_0_0_in_context.xdc] for cell 'design_1_i/EightDisplayControl_0'
WARNING: [Constraints 18-619] A clock with name 'clk' already exists, overwriting the previous clock with the same name. [C:/Users/Utilizador/Desktop/Universidade/4_ano/2_semestre/CR/Praticas/Aula6/Ex6/Ex6.runs/synth_1/.Xil/Vivado-6504-TiagoHenriques/dcp_7/design_1_EightDisplayControl_0_0_in_context.xdc:1]
Finished Parsing XDC File [C:/Users/Utilizador/Desktop/Universidade/4_ano/2_semestre/CR/Praticas/Aula6/Ex6/Ex6.runs/synth_1/.Xil/Vivado-6504-TiagoHenriques/dcp_7/design_1_EightDisplayControl_0_0_in_context.xdc] for cell 'design_1_i/EightDisplayControl_0'
Parsing XDC File [C:/Users/Utilizador/Desktop/Universidade/4_ano/2_semestre/CR/Praticas/Aula6/Ex6/Ex6.runs/synth_1/.Xil/Vivado-6504-TiagoHenriques/dcp_8/design_1_xlslice_0_0_in_context.xdc] for cell 'design_1_i/xlslice_0'
Finished Parsing XDC File [C:/Users/Utilizador/Desktop/Universidade/4_ano/2_semestre/CR/Praticas/Aula6/Ex6/Ex6.runs/synth_1/.Xil/Vivado-6504-TiagoHenriques/dcp_8/design_1_xlslice_0_0_in_context.xdc] for cell 'design_1_i/xlslice_0'
Parsing XDC File [C:/Users/Utilizador/Desktop/Universidade/4_ano/2_semestre/CR/Praticas/Aula6/Ex6/Ex6.runs/synth_1/.Xil/Vivado-6504-TiagoHenriques/dcp_9/design_1_xlslice_1_0_in_context.xdc] for cell 'design_1_i/xlslice_1'
Finished Parsing XDC File [C:/Users/Utilizador/Desktop/Universidade/4_ano/2_semestre/CR/Praticas/Aula6/Ex6/Ex6.runs/synth_1/.Xil/Vivado-6504-TiagoHenriques/dcp_9/design_1_xlslice_1_0_in_context.xdc] for cell 'design_1_i/xlslice_1'
Parsing XDC File [C:/Users/Utilizador/Desktop/Universidade/4_ano/2_semestre/CR/Praticas/Aula6/Ex6/Ex6.runs/synth_1/.Xil/Vivado-6504-TiagoHenriques/dcp_10/design_1_xlconstant_2_0_in_context.xdc] for cell 'design_1_i/xlconstant_2'
Finished Parsing XDC File [C:/Users/Utilizador/Desktop/Universidade/4_ano/2_semestre/CR/Praticas/Aula6/Ex6/Ex6.runs/synth_1/.Xil/Vivado-6504-TiagoHenriques/dcp_10/design_1_xlconstant_2_0_in_context.xdc] for cell 'design_1_i/xlconstant_2'
Parsing XDC File [C:/Users/Utilizador/Desktop/Universidade/4_ano/2_semestre/CR/Praticas/Aula6/Ex6/Ex6.srcs/constrs_1/imports/Praticas/Nexys4_Master.xdc]
WARNING: [Vivado 12-584] No ports matched 'sw[0]'. [C:/Users/Utilizador/Desktop/Universidade/4_ano/2_semestre/CR/Praticas/Aula6/Ex6/Ex6.srcs/constrs_1/imports/Praticas/Nexys4_Master.xdc:14]
WARNING: [Vivado 12-584] No ports matched 'sw[0]'. [C:/Users/Utilizador/Desktop/Universidade/4_ano/2_semestre/CR/Praticas/Aula6/Ex6/Ex6.srcs/constrs_1/imports/Praticas/Nexys4_Master.xdc:15]
WARNING: [Vivado 12-584] No ports matched 'sw[1]'. [C:/Users/Utilizador/Desktop/Universidade/4_ano/2_semestre/CR/Praticas/Aula6/Ex6/Ex6.srcs/constrs_1/imports/Praticas/Nexys4_Master.xdc:17]
WARNING: [Vivado 12-584] No ports matched 'sw[1]'. [C:/Users/Utilizador/Desktop/Universidade/4_ano/2_semestre/CR/Praticas/Aula6/Ex6/Ex6.srcs/constrs_1/imports/Praticas/Nexys4_Master.xdc:18]
WARNING: [Vivado 12-584] No ports matched 'sw[2]'. [C:/Users/Utilizador/Desktop/Universidade/4_ano/2_semestre/CR/Praticas/Aula6/Ex6/Ex6.srcs/constrs_1/imports/Praticas/Nexys4_Master.xdc:20]
WARNING: [Vivado 12-584] No ports matched 'sw[2]'. [C:/Users/Utilizador/Desktop/Universidade/4_ano/2_semestre/CR/Praticas/Aula6/Ex6/Ex6.srcs/constrs_1/imports/Praticas/Nexys4_Master.xdc:21]
WARNING: [Vivado 12-584] No ports matched 'sw[3]'. [C:/Users/Utilizador/Desktop/Universidade/4_ano/2_semestre/CR/Praticas/Aula6/Ex6/Ex6.srcs/constrs_1/imports/Praticas/Nexys4_Master.xdc:23]
WARNING: [Vivado 12-584] No ports matched 'sw[3]'. [C:/Users/Utilizador/Desktop/Universidade/4_ano/2_semestre/CR/Praticas/Aula6/Ex6/Ex6.srcs/constrs_1/imports/Praticas/Nexys4_Master.xdc:24]
WARNING: [Vivado 12-584] No ports matched 'sw[4]'. [C:/Users/Utilizador/Desktop/Universidade/4_ano/2_semestre/CR/Praticas/Aula6/Ex6/Ex6.srcs/constrs_1/imports/Praticas/Nexys4_Master.xdc:26]
WARNING: [Vivado 12-584] No ports matched 'sw[4]'. [C:/Users/Utilizador/Desktop/Universidade/4_ano/2_semestre/CR/Praticas/Aula6/Ex6/Ex6.srcs/constrs_1/imports/Praticas/Nexys4_Master.xdc:27]
WARNING: [Vivado 12-584] No ports matched 'sw[5]'. [C:/Users/Utilizador/Desktop/Universidade/4_ano/2_semestre/CR/Praticas/Aula6/Ex6/Ex6.srcs/constrs_1/imports/Praticas/Nexys4_Master.xdc:29]
WARNING: [Vivado 12-584] No ports matched 'sw[5]'. [C:/Users/Utilizador/Desktop/Universidade/4_ano/2_semestre/CR/Praticas/Aula6/Ex6/Ex6.srcs/constrs_1/imports/Praticas/Nexys4_Master.xdc:30]
WARNING: [Vivado 12-584] No ports matched 'sw[6]'. [C:/Users/Utilizador/Desktop/Universidade/4_ano/2_semestre/CR/Praticas/Aula6/Ex6/Ex6.srcs/constrs_1/imports/Praticas/Nexys4_Master.xdc:32]
WARNING: [Vivado 12-584] No ports matched 'sw[6]'. [C:/Users/Utilizador/Desktop/Universidade/4_ano/2_semestre/CR/Praticas/Aula6/Ex6/Ex6.srcs/constrs_1/imports/Praticas/Nexys4_Master.xdc:33]
WARNING: [Vivado 12-584] No ports matched 'sw[7]'. [C:/Users/Utilizador/Desktop/Universidade/4_ano/2_semestre/CR/Praticas/Aula6/Ex6/Ex6.srcs/constrs_1/imports/Praticas/Nexys4_Master.xdc:35]
WARNING: [Vivado 12-584] No ports matched 'sw[7]'. [C:/Users/Utilizador/Desktop/Universidade/4_ano/2_semestre/CR/Praticas/Aula6/Ex6/Ex6.srcs/constrs_1/imports/Praticas/Nexys4_Master.xdc:36]
WARNING: [Vivado 12-584] No ports matched 'sw[8]'. [C:/Users/Utilizador/Desktop/Universidade/4_ano/2_semestre/CR/Praticas/Aula6/Ex6/Ex6.srcs/constrs_1/imports/Praticas/Nexys4_Master.xdc:38]
WARNING: [Vivado 12-584] No ports matched 'sw[8]'. [C:/Users/Utilizador/Desktop/Universidade/4_ano/2_semestre/CR/Praticas/Aula6/Ex6/Ex6.srcs/constrs_1/imports/Praticas/Nexys4_Master.xdc:39]
WARNING: [Vivado 12-584] No ports matched 'sw[9]'. [C:/Users/Utilizador/Desktop/Universidade/4_ano/2_semestre/CR/Praticas/Aula6/Ex6/Ex6.srcs/constrs_1/imports/Praticas/Nexys4_Master.xdc:41]
WARNING: [Vivado 12-584] No ports matched 'sw[9]'. [C:/Users/Utilizador/Desktop/Universidade/4_ano/2_semestre/CR/Praticas/Aula6/Ex6/Ex6.srcs/constrs_1/imports/Praticas/Nexys4_Master.xdc:42]
WARNING: [Vivado 12-584] No ports matched 'sw[10]'. [C:/Users/Utilizador/Desktop/Universidade/4_ano/2_semestre/CR/Praticas/Aula6/Ex6/Ex6.srcs/constrs_1/imports/Praticas/Nexys4_Master.xdc:44]
WARNING: [Vivado 12-584] No ports matched 'sw[10]'. [C:/Users/Utilizador/Desktop/Universidade/4_ano/2_semestre/CR/Praticas/Aula6/Ex6/Ex6.srcs/constrs_1/imports/Praticas/Nexys4_Master.xdc:45]
WARNING: [Vivado 12-584] No ports matched 'sw[11]'. [C:/Users/Utilizador/Desktop/Universidade/4_ano/2_semestre/CR/Praticas/Aula6/Ex6/Ex6.srcs/constrs_1/imports/Praticas/Nexys4_Master.xdc:47]
WARNING: [Vivado 12-584] No ports matched 'sw[11]'. [C:/Users/Utilizador/Desktop/Universidade/4_ano/2_semestre/CR/Praticas/Aula6/Ex6/Ex6.srcs/constrs_1/imports/Praticas/Nexys4_Master.xdc:48]
WARNING: [Vivado 12-584] No ports matched 'sw[12]'. [C:/Users/Utilizador/Desktop/Universidade/4_ano/2_semestre/CR/Praticas/Aula6/Ex6/Ex6.srcs/constrs_1/imports/Praticas/Nexys4_Master.xdc:50]
WARNING: [Vivado 12-584] No ports matched 'sw[12]'. [C:/Users/Utilizador/Desktop/Universidade/4_ano/2_semestre/CR/Praticas/Aula6/Ex6/Ex6.srcs/constrs_1/imports/Praticas/Nexys4_Master.xdc:51]
WARNING: [Vivado 12-584] No ports matched 'sw[13]'. [C:/Users/Utilizador/Desktop/Universidade/4_ano/2_semestre/CR/Praticas/Aula6/Ex6/Ex6.srcs/constrs_1/imports/Praticas/Nexys4_Master.xdc:53]
WARNING: [Vivado 12-584] No ports matched 'sw[13]'. [C:/Users/Utilizador/Desktop/Universidade/4_ano/2_semestre/CR/Praticas/Aula6/Ex6/Ex6.srcs/constrs_1/imports/Praticas/Nexys4_Master.xdc:54]
WARNING: [Vivado 12-584] No ports matched 'sw[14]'. [C:/Users/Utilizador/Desktop/Universidade/4_ano/2_semestre/CR/Praticas/Aula6/Ex6/Ex6.srcs/constrs_1/imports/Praticas/Nexys4_Master.xdc:56]
WARNING: [Vivado 12-584] No ports matched 'sw[14]'. [C:/Users/Utilizador/Desktop/Universidade/4_ano/2_semestre/CR/Praticas/Aula6/Ex6/Ex6.srcs/constrs_1/imports/Praticas/Nexys4_Master.xdc:57]
WARNING: [Vivado 12-584] No ports matched 'sw[15]'. [C:/Users/Utilizador/Desktop/Universidade/4_ano/2_semestre/CR/Praticas/Aula6/Ex6/Ex6.srcs/constrs_1/imports/Praticas/Nexys4_Master.xdc:59]
WARNING: [Vivado 12-584] No ports matched 'sw[15]'. [C:/Users/Utilizador/Desktop/Universidade/4_ano/2_semestre/CR/Praticas/Aula6/Ex6/Ex6.srcs/constrs_1/imports/Praticas/Nexys4_Master.xdc:60]
WARNING: [Vivado 12-584] No ports matched 'led[8]'. [C:/Users/Utilizador/Desktop/Universidade/4_ano/2_semestre/CR/Praticas/Aula6/Ex6/Ex6.srcs/constrs_1/imports/Praticas/Nexys4_Master.xdc:90]
WARNING: [Vivado 12-584] No ports matched 'led[8]'. [C:/Users/Utilizador/Desktop/Universidade/4_ano/2_semestre/CR/Praticas/Aula6/Ex6/Ex6.srcs/constrs_1/imports/Praticas/Nexys4_Master.xdc:91]
WARNING: [Vivado 12-584] No ports matched 'led[9]'. [C:/Users/Utilizador/Desktop/Universidade/4_ano/2_semestre/CR/Praticas/Aula6/Ex6/Ex6.srcs/constrs_1/imports/Praticas/Nexys4_Master.xdc:93]
WARNING: [Vivado 12-584] No ports matched 'led[9]'. [C:/Users/Utilizador/Desktop/Universidade/4_ano/2_semestre/CR/Praticas/Aula6/Ex6/Ex6.srcs/constrs_1/imports/Praticas/Nexys4_Master.xdc:94]
WARNING: [Vivado 12-584] No ports matched 'led[10]'. [C:/Users/Utilizador/Desktop/Universidade/4_ano/2_semestre/CR/Praticas/Aula6/Ex6/Ex6.srcs/constrs_1/imports/Praticas/Nexys4_Master.xdc:96]
WARNING: [Vivado 12-584] No ports matched 'led[10]'. [C:/Users/Utilizador/Desktop/Universidade/4_ano/2_semestre/CR/Praticas/Aula6/Ex6/Ex6.srcs/constrs_1/imports/Praticas/Nexys4_Master.xdc:97]
WARNING: [Vivado 12-584] No ports matched 'led[11]'. [C:/Users/Utilizador/Desktop/Universidade/4_ano/2_semestre/CR/Praticas/Aula6/Ex6/Ex6.srcs/constrs_1/imports/Praticas/Nexys4_Master.xdc:99]
WARNING: [Vivado 12-584] No ports matched 'led[11]'. [C:/Users/Utilizador/Desktop/Universidade/4_ano/2_semestre/CR/Praticas/Aula6/Ex6/Ex6.srcs/constrs_1/imports/Praticas/Nexys4_Master.xdc:100]
WARNING: [Vivado 12-584] No ports matched 'led[12]'. [C:/Users/Utilizador/Desktop/Universidade/4_ano/2_semestre/CR/Praticas/Aula6/Ex6/Ex6.srcs/constrs_1/imports/Praticas/Nexys4_Master.xdc:102]
WARNING: [Vivado 12-584] No ports matched 'led[12]'. [C:/Users/Utilizador/Desktop/Universidade/4_ano/2_semestre/CR/Praticas/Aula6/Ex6/Ex6.srcs/constrs_1/imports/Praticas/Nexys4_Master.xdc:103]
WARNING: [Vivado 12-584] No ports matched 'led[13]'. [C:/Users/Utilizador/Desktop/Universidade/4_ano/2_semestre/CR/Praticas/Aula6/Ex6/Ex6.srcs/constrs_1/imports/Praticas/Nexys4_Master.xdc:105]
WARNING: [Vivado 12-584] No ports matched 'led[13]'. [C:/Users/Utilizador/Desktop/Universidade/4_ano/2_semestre/CR/Praticas/Aula6/Ex6/Ex6.srcs/constrs_1/imports/Praticas/Nexys4_Master.xdc:106]
WARNING: [Vivado 12-584] No ports matched 'led[14]'. [C:/Users/Utilizador/Desktop/Universidade/4_ano/2_semestre/CR/Praticas/Aula6/Ex6/Ex6.srcs/constrs_1/imports/Praticas/Nexys4_Master.xdc:108]
WARNING: [Vivado 12-584] No ports matched 'led[14]'. [C:/Users/Utilizador/Desktop/Universidade/4_ano/2_semestre/CR/Praticas/Aula6/Ex6/Ex6.srcs/constrs_1/imports/Praticas/Nexys4_Master.xdc:109]
WARNING: [Vivado 12-584] No ports matched 'led[15]'. [C:/Users/Utilizador/Desktop/Universidade/4_ano/2_semestre/CR/Praticas/Aula6/Ex6/Ex6.srcs/constrs_1/imports/Praticas/Nexys4_Master.xdc:111]
WARNING: [Vivado 12-584] No ports matched 'led[15]'. [C:/Users/Utilizador/Desktop/Universidade/4_ano/2_semestre/CR/Praticas/Aula6/Ex6/Ex6.srcs/constrs_1/imports/Praticas/Nexys4_Master.xdc:112]
WARNING: [Vivado 12-584] No ports matched 'RGB1_Red'. [C:/Users/Utilizador/Desktop/Universidade/4_ano/2_semestre/CR/Praticas/Aula6/Ex6/Ex6.srcs/constrs_1/imports/Praticas/Nexys4_Master.xdc:115]
WARNING: [Vivado 12-584] No ports matched 'RGB1_Red'. [C:/Users/Utilizador/Desktop/Universidade/4_ano/2_semestre/CR/Praticas/Aula6/Ex6/Ex6.srcs/constrs_1/imports/Praticas/Nexys4_Master.xdc:116]
WARNING: [Vivado 12-584] No ports matched 'RGB1_Green'. [C:/Users/Utilizador/Desktop/Universidade/4_ano/2_semestre/CR/Praticas/Aula6/Ex6/Ex6.srcs/constrs_1/imports/Praticas/Nexys4_Master.xdc:118]
WARNING: [Vivado 12-584] No ports matched 'RGB1_Green'. [C:/Users/Utilizador/Desktop/Universidade/4_ano/2_semestre/CR/Praticas/Aula6/Ex6/Ex6.srcs/constrs_1/imports/Praticas/Nexys4_Master.xdc:119]
WARNING: [Vivado 12-584] No ports matched 'RGB1_Blue'. [C:/Users/Utilizador/Desktop/Universidade/4_ano/2_semestre/CR/Praticas/Aula6/Ex6/Ex6.srcs/constrs_1/imports/Praticas/Nexys4_Master.xdc:121]
WARNING: [Vivado 12-584] No ports matched 'RGB1_Blue'. [C:/Users/Utilizador/Desktop/Universidade/4_ano/2_semestre/CR/Praticas/Aula6/Ex6/Ex6.srcs/constrs_1/imports/Praticas/Nexys4_Master.xdc:122]
WARNING: [Vivado 12-584] No ports matched 'RGB2_Red'. [C:/Users/Utilizador/Desktop/Universidade/4_ano/2_semestre/CR/Praticas/Aula6/Ex6/Ex6.srcs/constrs_1/imports/Praticas/Nexys4_Master.xdc:124]
WARNING: [Vivado 12-584] No ports matched 'RGB2_Red'. [C:/Users/Utilizador/Desktop/Universidade/4_ano/2_semestre/CR/Praticas/Aula6/Ex6/Ex6.srcs/constrs_1/imports/Praticas/Nexys4_Master.xdc:125]
WARNING: [Vivado 12-584] No ports matched 'RGB2_Green'. [C:/Users/Utilizador/Desktop/Universidade/4_ano/2_semestre/CR/Praticas/Aula6/Ex6/Ex6.srcs/constrs_1/imports/Praticas/Nexys4_Master.xdc:127]
WARNING: [Vivado 12-584] No ports matched 'RGB2_Green'. [C:/Users/Utilizador/Desktop/Universidade/4_ano/2_semestre/CR/Praticas/Aula6/Ex6/Ex6.srcs/constrs_1/imports/Praticas/Nexys4_Master.xdc:128]
WARNING: [Vivado 12-584] No ports matched 'RGB2_Blue'. [C:/Users/Utilizador/Desktop/Universidade/4_ano/2_semestre/CR/Praticas/Aula6/Ex6/Ex6.srcs/constrs_1/imports/Praticas/Nexys4_Master.xdc:130]
WARNING: [Vivado 12-584] No ports matched 'RGB2_Blue'. [C:/Users/Utilizador/Desktop/Universidade/4_ano/2_semestre/CR/Praticas/Aula6/Ex6/Ex6.srcs/constrs_1/imports/Praticas/Nexys4_Master.xdc:131]
WARNING: [Vivado 12-584] No ports matched 'btnC'. [C:/Users/Utilizador/Desktop/Universidade/4_ano/2_semestre/CR/Praticas/Aula6/Ex6/Ex6.srcs/constrs_1/imports/Praticas/Nexys4_Master.xdc:194]
WARNING: [Vivado 12-584] No ports matched 'btnC'. [C:/Users/Utilizador/Desktop/Universidade/4_ano/2_semestre/CR/Praticas/Aula6/Ex6/Ex6.srcs/constrs_1/imports/Praticas/Nexys4_Master.xdc:195]
WARNING: [Vivado 12-584] No ports matched 'btnU'. [C:/Users/Utilizador/Desktop/Universidade/4_ano/2_semestre/CR/Praticas/Aula6/Ex6/Ex6.srcs/constrs_1/imports/Praticas/Nexys4_Master.xdc:197]
WARNING: [Vivado 12-584] No ports matched 'btnU'. [C:/Users/Utilizador/Desktop/Universidade/4_ano/2_semestre/CR/Praticas/Aula6/Ex6/Ex6.srcs/constrs_1/imports/Praticas/Nexys4_Master.xdc:198]
WARNING: [Vivado 12-584] No ports matched 'btnL'. [C:/Users/Utilizador/Desktop/Universidade/4_ano/2_semestre/CR/Praticas/Aula6/Ex6/Ex6.srcs/constrs_1/imports/Praticas/Nexys4_Master.xdc:200]
WARNING: [Vivado 12-584] No ports matched 'btnL'. [C:/Users/Utilizador/Desktop/Universidade/4_ano/2_semestre/CR/Praticas/Aula6/Ex6/Ex6.srcs/constrs_1/imports/Praticas/Nexys4_Master.xdc:201]
WARNING: [Vivado 12-584] No ports matched 'btnR'. [C:/Users/Utilizador/Desktop/Universidade/4_ano/2_semestre/CR/Praticas/Aula6/Ex6/Ex6.srcs/constrs_1/imports/Praticas/Nexys4_Master.xdc:203]
WARNING: [Vivado 12-584] No ports matched 'btnR'. [C:/Users/Utilizador/Desktop/Universidade/4_ano/2_semestre/CR/Praticas/Aula6/Ex6/Ex6.srcs/constrs_1/imports/Praticas/Nexys4_Master.xdc:204]
WARNING: [Vivado 12-584] No ports matched 'btnD'. [C:/Users/Utilizador/Desktop/Universidade/4_ano/2_semestre/CR/Praticas/Aula6/Ex6/Ex6.srcs/constrs_1/imports/Praticas/Nexys4_Master.xdc:206]
WARNING: [Vivado 12-584] No ports matched 'btnD'. [C:/Users/Utilizador/Desktop/Universidade/4_ano/2_semestre/CR/Praticas/Aula6/Ex6/Ex6.srcs/constrs_1/imports/Praticas/Nexys4_Master.xdc:207]
WARNING: [Vivado 12-584] No ports matched 'JA[0]'. [C:/Users/Utilizador/Desktop/Universidade/4_ano/2_semestre/CR/Praticas/Aula6/Ex6/Ex6.srcs/constrs_1/imports/Praticas/Nexys4_Master.xdc:213]
WARNING: [Vivado 12-584] No ports matched 'JA[0]'. [C:/Users/Utilizador/Desktop/Universidade/4_ano/2_semestre/CR/Praticas/Aula6/Ex6/Ex6.srcs/constrs_1/imports/Praticas/Nexys4_Master.xdc:214]
WARNING: [Vivado 12-584] No ports matched 'JA[1]'. [C:/Users/Utilizador/Desktop/Universidade/4_ano/2_semestre/CR/Praticas/Aula6/Ex6/Ex6.srcs/constrs_1/imports/Praticas/Nexys4_Master.xdc:216]
WARNING: [Vivado 12-584] No ports matched 'JA[1]'. [C:/Users/Utilizador/Desktop/Universidade/4_ano/2_semestre/CR/Praticas/Aula6/Ex6/Ex6.srcs/constrs_1/imports/Praticas/Nexys4_Master.xdc:217]
WARNING: [Vivado 12-584] No ports matched 'JA[2]'. [C:/Users/Utilizador/Desktop/Universidade/4_ano/2_semestre/CR/Praticas/Aula6/Ex6/Ex6.srcs/constrs_1/imports/Praticas/Nexys4_Master.xdc:219]
WARNING: [Vivado 12-584] No ports matched 'JA[2]'. [C:/Users/Utilizador/Desktop/Universidade/4_ano/2_semestre/CR/Praticas/Aula6/Ex6/Ex6.srcs/constrs_1/imports/Praticas/Nexys4_Master.xdc:220]
WARNING: [Vivado 12-584] No ports matched 'JA[3]'. [C:/Users/Utilizador/Desktop/Universidade/4_ano/2_semestre/CR/Praticas/Aula6/Ex6/Ex6.srcs/constrs_1/imports/Praticas/Nexys4_Master.xdc:222]
WARNING: [Vivado 12-584] No ports matched 'JA[3]'. [C:/Users/Utilizador/Desktop/Universidade/4_ano/2_semestre/CR/Praticas/Aula6/Ex6/Ex6.srcs/constrs_1/imports/Praticas/Nexys4_Master.xdc:223]
WARNING: [Vivado 12-584] No ports matched 'JA[4]'. [C:/Users/Utilizador/Desktop/Universidade/4_ano/2_semestre/CR/Praticas/Aula6/Ex6/Ex6.srcs/constrs_1/imports/Praticas/Nexys4_Master.xdc:225]
WARNING: [Vivado 12-584] No ports matched 'JA[4]'. [C:/Users/Utilizador/Desktop/Universidade/4_ano/2_semestre/CR/Praticas/Aula6/Ex6/Ex6.srcs/constrs_1/imports/Praticas/Nexys4_Master.xdc:226]
WARNING: [Vivado 12-584] No ports matched 'JA[5]'. [C:/Users/Utilizador/Desktop/Universidade/4_ano/2_semestre/CR/Praticas/Aula6/Ex6/Ex6.srcs/constrs_1/imports/Praticas/Nexys4_Master.xdc:228]
WARNING: [Vivado 12-584] No ports matched 'JA[5]'. [C:/Users/Utilizador/Desktop/Universidade/4_ano/2_semestre/CR/Praticas/Aula6/Ex6/Ex6.srcs/constrs_1/imports/Praticas/Nexys4_Master.xdc:229]
WARNING: [Vivado 12-584] No ports matched 'JA[6]'. [C:/Users/Utilizador/Desktop/Universidade/4_ano/2_semestre/CR/Praticas/Aula6/Ex6/Ex6.srcs/constrs_1/imports/Praticas/Nexys4_Master.xdc:231]
WARNING: [Vivado 12-584] No ports matched 'JA[6]'. [C:/Users/Utilizador/Desktop/Universidade/4_ano/2_semestre/CR/Praticas/Aula6/Ex6/Ex6.srcs/constrs_1/imports/Praticas/Nexys4_Master.xdc:232]
WARNING: [Vivado 12-584] No ports matched 'JA[7]'. [C:/Users/Utilizador/Desktop/Universidade/4_ano/2_semestre/CR/Praticas/Aula6/Ex6/Ex6.srcs/constrs_1/imports/Praticas/Nexys4_Master.xdc:234]
WARNING: [Vivado 12-584] No ports matched 'JA[7]'. [C:/Users/Utilizador/Desktop/Universidade/4_ano/2_semestre/CR/Praticas/Aula6/Ex6/Ex6.srcs/constrs_1/imports/Praticas/Nexys4_Master.xdc:235]
WARNING: [Vivado 12-584] No ports matched 'JB[0]'. [C:/Users/Utilizador/Desktop/Universidade/4_ano/2_semestre/CR/Praticas/Aula6/Ex6/Ex6.srcs/constrs_1/imports/Praticas/Nexys4_Master.xdc:241]
WARNING: [Vivado 12-584] No ports matched 'JB[0]'. [C:/Users/Utilizador/Desktop/Universidade/4_ano/2_semestre/CR/Praticas/Aula6/Ex6/Ex6.srcs/constrs_1/imports/Praticas/Nexys4_Master.xdc:242]
WARNING: [Vivado 12-584] No ports matched 'JB[1]'. [C:/Users/Utilizador/Desktop/Universidade/4_ano/2_semestre/CR/Praticas/Aula6/Ex6/Ex6.srcs/constrs_1/imports/Praticas/Nexys4_Master.xdc:244]
WARNING: [Vivado 12-584] No ports matched 'JB[1]'. [C:/Users/Utilizador/Desktop/Universidade/4_ano/2_semestre/CR/Praticas/Aula6/Ex6/Ex6.srcs/constrs_1/imports/Praticas/Nexys4_Master.xdc:245]
WARNING: [Vivado 12-584] No ports matched 'JB[2]'. [C:/Users/Utilizador/Desktop/Universidade/4_ano/2_semestre/CR/Praticas/Aula6/Ex6/Ex6.srcs/constrs_1/imports/Praticas/Nexys4_Master.xdc:247]
WARNING: [Vivado 12-584] No ports matched 'JB[2]'. [C:/Users/Utilizador/Desktop/Universidade/4_ano/2_semestre/CR/Praticas/Aula6/Ex6/Ex6.srcs/constrs_1/imports/Praticas/Nexys4_Master.xdc:248]
WARNING: [Vivado 12-584] No ports matched 'JB[3]'. [C:/Users/Utilizador/Desktop/Universidade/4_ano/2_semestre/CR/Praticas/Aula6/Ex6/Ex6.srcs/constrs_1/imports/Praticas/Nexys4_Master.xdc:250]
WARNING: [Vivado 12-584] No ports matched 'JB[3]'. [C:/Users/Utilizador/Desktop/Universidade/4_ano/2_semestre/CR/Praticas/Aula6/Ex6/Ex6.srcs/constrs_1/imports/Praticas/Nexys4_Master.xdc:251]
WARNING: [Vivado 12-584] No ports matched 'JB[4]'. [C:/Users/Utilizador/Desktop/Universidade/4_ano/2_semestre/CR/Praticas/Aula6/Ex6/Ex6.srcs/constrs_1/imports/Praticas/Nexys4_Master.xdc:253]
WARNING: [Vivado 12-584] No ports matched 'JB[4]'. [C:/Users/Utilizador/Desktop/Universidade/4_ano/2_semestre/CR/Praticas/Aula6/Ex6/Ex6.srcs/constrs_1/imports/Praticas/Nexys4_Master.xdc:254]
WARNING: [Vivado 12-584] No ports matched 'JB[5]'. [C:/Users/Utilizador/Desktop/Universidade/4_ano/2_semestre/CR/Praticas/Aula6/Ex6/Ex6.srcs/constrs_1/imports/Praticas/Nexys4_Master.xdc:256]
WARNING: [Vivado 12-584] No ports matched 'JB[5]'. [C:/Users/Utilizador/Desktop/Universidade/4_ano/2_semestre/CR/Praticas/Aula6/Ex6/Ex6.srcs/constrs_1/imports/Praticas/Nexys4_Master.xdc:257]
WARNING: [Vivado 12-584] No ports matched 'JB[6]'. [C:/Users/Utilizador/Desktop/Universidade/4_ano/2_semestre/CR/Praticas/Aula6/Ex6/Ex6.srcs/constrs_1/imports/Praticas/Nexys4_Master.xdc:259]
WARNING: [Vivado 12-584] No ports matched 'JB[6]'. [C:/Users/Utilizador/Desktop/Universidade/4_ano/2_semestre/CR/Praticas/Aula6/Ex6/Ex6.srcs/constrs_1/imports/Praticas/Nexys4_Master.xdc:260]
INFO: [Common 17-14] Message 'Vivado 12-584' appears 100 times and further instances of the messages will be disabled. Use the Tcl command set_msg_config to change the current settings. [C:/Users/Utilizador/Desktop/Universidade/4_ano/2_semestre/CR/Praticas/Aula6/Ex6/Ex6.srcs/constrs_1/imports/Praticas/Nexys4_Master.xdc:260]
Finished Parsing XDC File [C:/Users/Utilizador/Desktop/Universidade/4_ano/2_semestre/CR/Praticas/Aula6/Ex6/Ex6.srcs/constrs_1/imports/Praticas/Nexys4_Master.xdc]
WARNING: [Project 1-498] One or more constraints failed evaluation while reading constraint file [C:/Users/Utilizador/Desktop/Universidade/4_ano/2_semestre/CR/Praticas/Aula6/Ex6/Ex6.srcs/constrs_1/imports/Praticas/Nexys4_Master.xdc] and the design contains unresolved black boxes. These constraints will be read post-synthesis (as long as their source constraint file is marked as used_in_implementation) and should be applied correctly then. You should review the constraints listed in the file [.Xil/design_1_wrapper_propImpl.xdc] and check the run log file to verify that these constraints were correctly applied.
INFO: [Project 1-236] Implementation specific constraints were found while reading constraint file [C:/Users/Utilizador/Desktop/Universidade/4_ano/2_semestre/CR/Praticas/Aula6/Ex6/Ex6.srcs/constrs_1/imports/Praticas/Nexys4_Master.xdc]. These constraints will be ignored for synthesis but will be used in implementation. Impacted constraints are listed in the file [.Xil/design_1_wrapper_propImpl.xdc].
Resolution: To avoid this warning, move constraints listed in [.Xil/design_1_wrapper_propImpl.xdc] to another XDC file and exclude this new file from synthesis with the used_in_synthesis property (File Properties dialog in GUI) and re-run elaboration/synthesis.
Parsing XDC File [C:/Users/Utilizador/Desktop/Universidade/4_ano/2_semestre/CR/Praticas/Aula6/Ex6/Ex6.runs/synth_1/dont_touch.xdc]
Finished Parsing XDC File [C:/Users/Utilizador/Desktop/Universidade/4_ano/2_semestre/CR/Praticas/Aula6/Ex6/Ex6.runs/synth_1/dont_touch.xdc]
Completed Processing XDC Constraints

INFO: [Project 1-111] Unisim Transformation Summary:
No Unisim elements were transformed.

Constraint Validation Runtime : Time (s): cpu = 00:00:00 ; elapsed = 00:00:00 . Memory (MB): peak = 586.867 ; gain = 0.000
WARNING: [Timing 38-316] Clock period '20.000' specified during out-of-context synthesis of instance 'design_1_i/blk_mem_gen_0' at clock pin 'clka' is different from the actual clock period '10.000', this can lead to different synthesis results.
---------------------------------------------------------------------------------
Finished Constraint Validation : Time (s): cpu = 00:00:15 ; elapsed = 00:00:19 . Memory (MB): peak = 586.867 ; gain = 376.766
---------------------------------------------------------------------------------
---------------------------------------------------------------------------------
Start Loading Part and Timing Information
---------------------------------------------------------------------------------
Loading part: xc7a100tcsg324-1
---------------------------------------------------------------------------------
Finished Loading Part and Timing Information : Time (s): cpu = 00:00:15 ; elapsed = 00:00:19 . Memory (MB): peak = 586.867 ; gain = 376.766
---------------------------------------------------------------------------------
---------------------------------------------------------------------------------
Start Applying 'set_property' XDC Constraints
---------------------------------------------------------------------------------
Applied set_property DONT_TOUCH = true for design_1_i. (constraint file  auto generated constraint, line ).
Applied set_property DONT_TOUCH = true for design_1_i/EightDisplayControl_0. (constraint file  auto generated constraint, line ).
Applied set_property DONT_TOUCH = true for design_1_i/IterativeSorter_0. (constraint file  auto generated constraint, line ).
Applied set_property DONT_TOUCH = true for design_1_i/blk_mem_gen_0. (constraint file  auto generated constraint, line ).
Applied set_property DONT_TOUCH = true for design_1_i/clock_divider_0. (constraint file  auto generated constraint, line ).
Applied set_property DONT_TOUCH = true for design_1_i/separate_0. (constraint file  auto generated constraint, line ).
Applied set_property DONT_TOUCH = true for design_1_i/xlconstant_0. (constraint file  auto generated constraint, line ).
Applied set_property DONT_TOUCH = true for design_1_i/xlconstant_1. (constraint file  auto generated constraint, line ).
Applied set_property DONT_TOUCH = true for design_1_i/xlconstant_2. (constraint file  auto generated constraint, line ).
Applied set_property DONT_TOUCH = true for design_1_i/xlslice_0. (constraint file  auto generated constraint, line ).
Applied set_property DONT_TOUCH = true for design_1_i/xlslice_1. (constraint file  auto generated constraint, line ).
---------------------------------------------------------------------------------
Finished applying 'set_property' XDC Constraints : Time (s): cpu = 00:00:15 ; elapsed = 00:00:19 . Memory (MB): peak = 586.867 ; gain = 376.766
---------------------------------------------------------------------------------
---------------------------------------------------------------------------------
Finished RTL Optimization Phase 2 : Time (s): cpu = 00:00:15 ; elapsed = 00:00:19 . Memory (MB): peak = 586.867 ; gain = 376.766
---------------------------------------------------------------------------------

Report RTL Partitions: 
+-+--------------+------------+----------+
| |RTL Partition |Replication |Instances |
+-+--------------+------------+----------+
+-+--------------+------------+----------+
---------------------------------------------------------------------------------
Start RTL Component Statistics 
---------------------------------------------------------------------------------
Detailed RTL Component Info : 
---------------------------------------------------------------------------------
Finished RTL Component Statistics 
---------------------------------------------------------------------------------
---------------------------------------------------------------------------------
Start RTL Hierarchical Component Statistics 
---------------------------------------------------------------------------------
Hierarchical RTL Component report 
---------------------------------------------------------------------------------
Finished RTL Hierarchical Component Statistics
---------------------------------------------------------------------------------
---------------------------------------------------------------------------------
Start Part Resource Summary
---------------------------------------------------------------------------------
Part Resources:
DSPs: 240 (col length:80)
BRAMs: 270 (col length: RAMB18 80 RAMB36 40)
---------------------------------------------------------------------------------
Finished Part Resource Summary
---------------------------------------------------------------------------------
---------------------------------------------------------------------------------
Start Cross Boundary and Area Optimization
---------------------------------------------------------------------------------
---------------------------------------------------------------------------------
Finished Cross Boundary and Area Optimization : Time (s): cpu = 00:00:15 ; elapsed = 00:00:19 . Memory (MB): peak = 586.867 ; gain = 376.766
---------------------------------------------------------------------------------

Report RTL Partitions: 
+-+--------------+------------+----------+
| |RTL Partition |Replication |Instances |
+-+--------------+------------+----------+
+-+--------------+------------+----------+
---------------------------------------------------------------------------------
Start Timing Optimization
---------------------------------------------------------------------------------
---------------------------------------------------------------------------------
Start Applying XDC Timing Constraints
---------------------------------------------------------------------------------
WARNING: [Synth 8-565] redefining clock 'clk'
WARNING: [Synth 8-565] redefining clock 'clk'
WARNING: [Synth 8-565] redefining clock 'clk'
---------------------------------------------------------------------------------
Finished Applying XDC Timing Constraints : Time (s): cpu = 00:00:24 ; elapsed = 00:00:29 . Memory (MB): peak = 586.867 ; gain = 376.766
---------------------------------------------------------------------------------
---------------------------------------------------------------------------------
Finished Timing Optimization : Time (s): cpu = 00:00:24 ; elapsed = 00:00:29 . Memory (MB): peak = 586.867 ; gain = 376.766
---------------------------------------------------------------------------------

Report RTL Partitions: 
+-+--------------+------------+----------+
| |RTL Partition |Replication |Instances |
+-+--------------+------------+----------+
+-+--------------+------------+----------+
---------------------------------------------------------------------------------
Start Technology Mapping
---------------------------------------------------------------------------------
---------------------------------------------------------------------------------
Finished Technology Mapping : Time (s): cpu = 00:00:25 ; elapsed = 00:00:29 . Memory (MB): peak = 586.867 ; gain = 376.766
---------------------------------------------------------------------------------

Report RTL Partitions: 
+-+--------------+------------+----------+
| |RTL Partition |Replication |Instances |
+-+--------------+------------+----------+
+-+--------------+------------+----------+
---------------------------------------------------------------------------------
Start IO Insertion
---------------------------------------------------------------------------------
---------------------------------------------------------------------------------
Start Flattening Before IO Insertion
---------------------------------------------------------------------------------
---------------------------------------------------------------------------------
Finished Flattening Before IO Insertion
---------------------------------------------------------------------------------
---------------------------------------------------------------------------------
Start Final Netlist Cleanup
---------------------------------------------------------------------------------
---------------------------------------------------------------------------------
Finished Final Netlist Cleanup
---------------------------------------------------------------------------------
---------------------------------------------------------------------------------
Finished IO Insertion : Time (s): cpu = 00:00:25 ; elapsed = 00:00:29 . Memory (MB): peak = 586.867 ; gain = 376.766
---------------------------------------------------------------------------------

Report Check Netlist: 
+------+------------------+-------+---------+-------+------------------+
|      |Item              |Errors |Warnings |Status |Description       |
+------+------------------+-------+---------+-------+------------------+
|1     |multi_driven_nets |      0|        0|Passed |Multi driven nets |
+------+------------------+-------+---------+-------+------------------+
---------------------------------------------------------------------------------
Start Renaming Generated Instances
---------------------------------------------------------------------------------
---------------------------------------------------------------------------------
Finished Renaming Generated Instances : Time (s): cpu = 00:00:25 ; elapsed = 00:00:29 . Memory (MB): peak = 586.867 ; gain = 376.766
---------------------------------------------------------------------------------

Report RTL Partitions: 
+-+--------------+------------+----------+
| |RTL Partition |Replication |Instances |
+-+--------------+------------+----------+
+-+--------------+------------+----------+
---------------------------------------------------------------------------------
Start Rebuilding User Hierarchy
---------------------------------------------------------------------------------
---------------------------------------------------------------------------------
Finished Rebuilding User Hierarchy : Time (s): cpu = 00:00:25 ; elapsed = 00:00:29 . Memory (MB): peak = 586.867 ; gain = 376.766
---------------------------------------------------------------------------------
---------------------------------------------------------------------------------
Start Renaming Generated Ports
---------------------------------------------------------------------------------
---------------------------------------------------------------------------------
Finished Renaming Generated Ports : Time (s): cpu = 00:00:25 ; elapsed = 00:00:29 . Memory (MB): peak = 586.867 ; gain = 376.766
---------------------------------------------------------------------------------
---------------------------------------------------------------------------------
Start Handling Custom Attributes
---------------------------------------------------------------------------------
---------------------------------------------------------------------------------
Finished Handling Custom Attributes : Time (s): cpu = 00:00:25 ; elapsed = 00:00:29 . Memory (MB): peak = 586.867 ; gain = 376.766
---------------------------------------------------------------------------------
---------------------------------------------------------------------------------
Start Renaming Generated Nets
---------------------------------------------------------------------------------
---------------------------------------------------------------------------------
Finished Renaming Generated Nets : Time (s): cpu = 00:00:25 ; elapsed = 00:00:29 . Memory (MB): peak = 586.867 ; gain = 376.766
---------------------------------------------------------------------------------
---------------------------------------------------------------------------------
Start Writing Synthesis Report
---------------------------------------------------------------------------------

Report BlackBoxes: 
+------+---------------------------------+----------+
|      |BlackBox name                    |Instances |
+------+---------------------------------+----------+
|1     |design_1_EightDisplayControl_0_0 |         1|
|2     |design_1_IterativeSorter_0_0     |         1|
|3     |design_1_blk_mem_gen_0_0         |         1|
|4     |design_1_clock_divider_0_0       |         1|
|5     |design_1_separate_0_0            |         1|
|6     |design_1_xlconstant_0_0          |         1|
|7     |design_1_xlconstant_1_0          |         1|
|8     |design_1_xlconstant_2_0          |         1|
|9     |design_1_xlslice_0_0             |         1|
|10    |design_1_xlslice_1_0             |         1|
+------+---------------------------------+----------+

Report Cell Usage: 
+------+--------------------------------------+------+
|      |Cell                                  |Count |
+------+--------------------------------------+------+
|1     |design_1_EightDisplayControl_0_0_bbox |     1|
|2     |design_1_IterativeSorter_0_0_bbox     |     1|
|3     |design_1_blk_mem_gen_0_0_bbox         |     1|
|4     |design_1_clock_divider_0_0_bbox       |     1|
|5     |design_1_separate_0_0_bbox            |     1|
|6     |design_1_xlconstant_0_0_bbox          |     1|
|7     |design_1_xlconstant_1_0_bbox          |     1|
|8     |design_1_xlconstant_2_0_bbox          |     1|
|9     |design_1_xlslice_0_0_bbox             |     1|
|10    |design_1_xlslice_1_0_bbox             |     1|
|11    |IBUF                                  |     1|
|12    |OBUF                                  |    23|
+------+--------------------------------------+------+

Report Instance Areas: 
+------+-------------+---------+------+
|      |Instance     |Module   |Cells |
+------+-------------+---------+------+
|1     |top          |         |   453|
|2     |  design_1_i |design_1 |   429|
+------+-------------+---------+------+
---------------------------------------------------------------------------------
Finished Writing Synthesis Report : Time (s): cpu = 00:00:25 ; elapsed = 00:00:29 . Memory (MB): peak = 586.867 ; gain = 376.766
---------------------------------------------------------------------------------
Synthesis finished with 0 errors, 0 critical warnings and 3 warnings.
Synthesis Optimization Runtime : Time (s): cpu = 00:00:13 ; elapsed = 00:00:17 . Memory (MB): peak = 586.867 ; gain = 111.750
Synthesis Optimization Complete : Time (s): cpu = 00:00:25 ; elapsed = 00:00:29 . Memory (MB): peak = 586.867 ; gain = 376.766
INFO: [Project 1-571] Translating synthesized netlist
INFO: [Netlist 29-17] Analyzing 1 Unisim elements for replacement
INFO: [Netlist 29-28] Unisim Transformation completed in 0 CPU seconds
INFO: [Project 1-570] Preparing netlist for logic optimization
INFO: [Opt 31-138] Pushed 0 inverter(s) to 0 load pin(s).
INFO: [Project 1-111] Unisim Transformation Summary:
No Unisim elements were transformed.

INFO: [Common 17-83] Releasing license: Synthesis
43 Infos, 120 Warnings, 0 Critical Warnings and 0 Errors encountered.
synth_design completed successfully
synth_design: Time (s): cpu = 00:00:24 ; elapsed = 00:00:26 . Memory (MB): peak = 599.078 ; gain = 385.031
INFO: [Common 17-1381] The checkpoint 'C:/Users/Utilizador/Desktop/Universidade/4_ano/2_semestre/CR/Praticas/Aula6/Ex6/Ex6.runs/synth_1/design_1_wrapper.dcp' has been generated.
report_utilization: Time (s): cpu = 00:00:00 ; elapsed = 00:00:00.016 . Memory (MB): peak = 599.078 ; gain = 0.000
INFO: [Common 17-206] Exiting Vivado at Wed Apr 12 14:44:50 2017...
