#
# A fatal error has been detected by the Java Runtime Environment:
#
#  EXCEPTION_UNCAUGHT_CXX_EXCEPTION (0xe06d7363) at pc=0x00007ff970f23c58, pid=2660, tid=16460
#
# JRE version: Java(TM) SE Runtime Environment (8.0_66-b18) (build 1.8.0_66-b18)
# Java VM: Java HotSpot(TM) 64-Bit Server VM (25.66-b18 mixed mode windows-amd64 compressed oops)
# Problematic frame:
# C  [KERNELBASE.dll+0x33c58]
#
# Failed to write core dump. Minidumps are not enabled by default on client versions of Windows
#
# If you would like to submit a bug report, please visit:
#   http://bugreport.java.com/bugreport/crash.jsp
#

---------------  T H R E A D  ---------------

Current thread (0x0000000013cd9800):  VMThread [stack: 0x00000000159a0000,0x0000000015aa0000] [id=16460]

siginfo: ExceptionCode=0xe06d7363, ExceptionInformation=0x0000000019930520 0x0000000015a9f448 0x00007ff964d62cb8 0x00007ff964cb0000 

Registers:
RAX=0x004c0044002e006c, RBX=0x00007ff964d62cb8, RCX=0x000000000000004c, RDX=0x0000000000000000
RSP=0x0000000015a9f290, RBP=0x0000000015a9f3d0, RSI=0x00000000ffffffff, RDI=0x00000000270391c0
R8 =0x0000000000000000, R9 =0x0000000000000000, R10=0x0000000000000000, R11=0x0000000000000000
R12=0x0000000000000001, R13=0x0000000000000008, R14=0x0000000000000000, R15=0xffffffffffffffff
RIP=0x00007ff970f23c58, EFLAGS=0x0000000000000202

Top of Stack: (sp=0x0000000015a9f290)
0x0000000015a9f290:   0000000000000000 00007ff964d62cb8
0x0000000015a9f2a0:   00000000ffffffff 00000000270391c0
0x0000000015a9f2b0:   00000001e06d7363 0000000000000000
0x0000000015a9f2c0:   00007ff970f23c58 00007ff900000004
0x0000000015a9f2d0:   0000000019930520 0000000015a9f448
0x0000000015a9f2e0:   00007ff964d62cb8 00007ff964cb0000
0x0000000015a9f2f0:   0000000000000008 0000000000000001
0x0000000015a9f300:   00000000270391c0 00000000ffffffff
0x0000000015a9f310:   0000000015a9f3d0 00007ff9743cc26f
0x0000000015a9f320:   0000000015a9f3e0 0000000000000000
0x0000000015a9f330:   0000ede7bd4619c1 0000000000000001
0x0000000015a9f340:   00007ff964d79000 00007ff964cb0000
0x0000000015a9f350:   0000da20c12cac6f 0000000015a9f580
0x0000000015a9f360:   00007ff964d62cb8 00007ff964d0e92c
0x0000000015a9f370:   000000000000001f 0000000000000008
0x0000000015a9f380:   0000000000000001 00000000270391c0 

Instructions: (pc=0x00007ff970f23c58)
0x00007ff970f23c38:   49 8b d1 44 0f 47 c0 44 89 44 24 38 49 c1 e0 03
0x00007ff970f23c48:   e8 47 90 04 00 48 8d 4c 24 20 ff 15 a0 44 11 00
0x00007ff970f23c58:   48 8b 8c 24 c0 00 00 00 48 33 cc e8 d8 55 04 00
0x00007ff970f23c68:   48 81 c4 d8 00 00 00 c3 83 64 24 38 00 eb d6 cc 


Register to memory mapping:

RAX=0x004c0044002e006c is an unknown value
RBX=0x00007ff964d62cb8 is an unknown value
RCX=0x000000000000004c is an unknown value
RDX=0x0000000000000000 is an unknown value
RSP=0x0000000015a9f290 is an unknown value
RBP=0x0000000015a9f3d0 is an unknown value
RSI=0x00000000ffffffff is an unallocated location in the heap
RDI=0x00000000270391c0 is an unknown value
R8 =0x0000000000000000 is an unknown value
R9 =0x0000000000000000 is an unknown value
R10=0x0000000000000000 is an unknown value
R11=0x0000000000000000 is an unknown value
R12=0x0000000000000001 is an unknown value
R13=0x0000000000000008 is an unknown value
R14=0x0000000000000000 is an unknown value
R15=0xffffffffffffffff is an unknown value


Stack: [0x00000000159a0000,0x0000000015aa0000],  sp=0x0000000015a9f290,  free space=1020k
Native frames: (J=compiled Java code, j=interpreted, Vv=VM code, C=native code)
C  [KERNELBASE.dll+0x33c58]
C  [MSVCR110.dll+0x5e92c]
C  [MSVCR110.dll+0x1315c]
C  [MSVCR110.dll+0x136a9]
C  [MSVCR110.dll+0x13e9c]
C  [MSVCR110.dll+0x239e]
C  [MSVCR110.dll+0xaf9e]
C  [MSVCP110.dll+0x397b9]
C  [librdi_common.dll+0x183a66]
C  [librdi_common.dll+0x1826fb]
C  [librdi_target_manager.dll+0x2400]
C  [librdi_target_manager.dll+0x2682]
C  [ntdll.dll+0x2a35f]
C  [ntdll.dll+0x806b]
C  [ntdll.dll+0x7d94]
C  [KERNEL32.DLL+0x1ce6a]
C  [MSVCR100.dll+0x20ccd]
V  [jvm.dll+0x210cc5]
V  [jvm.dll+0x249897]
V  [jvm.dll+0x248b36]
V  [jvm.dll+0x248fd1]
V  [jvm.dll+0x2491ee]
V  [jvm.dll+0x29a0fa]
C  [MSVCR100.dll+0x21d9f]
C  [MSVCR100.dll+0x21e3b]
C  [KERNEL32.DLL+0x8364]
C  [ntdll.dll+0x670d1]

VM_Operation (0x000000000014f4c0): Exit, mode: safepoint, requested by thread 0x000000000057e800


---------------  P R O C E S S  ---------------

Java Threads: ( => current thread )
  0x0000000020775000 JavaThread "pool-2-thread-1" [_thread_blocked, id=8200, stack(0x000000002b3d0000,0x000000002b4d0000)]
  0x0000000020773000 JavaThread "Thread-38" daemon [_thread_blocked, id=10744, stack(0x000000002b1d0000,0x000000002b2d0000)]
  0x000000001b728000 JavaThread "TCF Channel Transmitter" daemon [_thread_blocked, id=10944, stack(0x00000000272d0000,0x00000000273d0000)]
  0x000000001b72b800 JavaThread "TCF Channel Receiver" daemon [_thread_in_native, id=4356, stack(0x00000000271d0000,0x00000000272d0000)]
  0x000000001b71f800 JavaThread "Process monitor" daemon [_thread_in_native, id=8616, stack(0x0000000026010000,0x0000000026110000)]
  0x000000001b726800 JavaThread "Input Stream Monitor" daemon [_thread_blocked, id=1052, stack(0x0000000025d90000,0x0000000025e90000)]
  0x000000001b71f000 JavaThread "Output Stream Monitor" daemon [_thread_in_native, id=15812, stack(0x0000000025c90000,0x0000000025d90000)]
  0x000000001b725000 JavaThread "Output Stream Monitor" daemon [_thread_in_native, id=12268, stack(0x0000000025b90000,0x0000000025c90000)]
  0x000000001b722000 JavaThread "TCF Locator DNS Lookup" daemon [_thread_blocked, id=9572, stack(0x0000000023a80000,0x0000000023b80000)]
  0x000000001b722800 JavaThread "TCF Locator Timer" daemon [_thread_blocked, id=2024, stack(0x0000000023980000,0x0000000023a80000)]
  0x00000000177e8000 JavaThread "TCF Locator Receiver" daemon [_thread_in_native, id=15052, stack(0x0000000023880000,0x0000000023980000)]
  0x00000000177e3800 JavaThread "TCF Timer Dispatcher" daemon [_thread_blocked, id=10572, stack(0x0000000023560000,0x0000000023660000)]
  0x0000000017977000 JavaThread "EMF Reference Cleaner" daemon [_thread_blocked, id=13500, stack(0x00000000191a0000,0x00000000192a0000)]
  0x0000000015e15800 JavaThread "Service Thread" daemon [_thread_blocked, id=9916, stack(0x00000000167a0000,0x00000000168a0000)]
  0x0000000013cee000 JavaThread "C1 CompilerThread3" daemon [_thread_blocked, id=12312, stack(0x00000000166a0000,0x00000000167a0000)]
  0x0000000015dd5800 JavaThread "C2 CompilerThread2" daemon [_thread_blocked, id=13464, stack(0x00000000165a0000,0x00000000166a0000)]
  0x0000000015dd1000 JavaThread "C2 CompilerThread1" daemon [_thread_blocked, id=7440, stack(0x00000000164a0000,0x00000000165a0000)]
  0x0000000015dcf000 JavaThread "C2 CompilerThread0" daemon [_thread_blocked, id=9256, stack(0x00000000163a0000,0x00000000164a0000)]
  0x0000000015ddd800 JavaThread "Attach Listener" daemon [_thread_blocked, id=12500, stack(0x00000000162a0000,0x00000000163a0000)]
  0x0000000015ddc000 JavaThread "Signal Dispatcher" daemon [_thread_blocked, id=1012, stack(0x00000000161a0000,0x00000000162a0000)]
  0x000000000246a800 JavaThread "Finalizer" daemon [_thread_blocked, id=12724, stack(0x0000000015ba0000,0x0000000015ca0000)]
  0x0000000013cdd800 JavaThread "Reference Handler" daemon [_thread_blocked, id=9068, stack(0x0000000015aa0000,0x0000000015ba0000)]
  0x000000000057e800 JavaThread "main" [_thread_blocked, id=7128, stack(0x0000000000050000,0x0000000000150000)]

Other Threads:
=>0x0000000013cd9800 VMThread [stack: 0x00000000159a0000,0x0000000015aa0000] [id=16460]

VM state:at safepoint (shutting down)

VM Mutex/Monitor currently owned by a thread:  ([mutex/lock_event])
[0x000000000057dcf0] Threads_lock - owner thread: 0x0000000013cd9800

Heap:
 PSYoungGen      total 102912K, used 43083K [0x00000000f5580000, 0x00000000fdd00000, 0x0000000100000000)
  eden space 74752K, 57% used [0x00000000f5580000,0x00000000f7f92de8,0x00000000f9e80000)
  from space 28160K, 0% used [0x00000000fbc80000,0x00000000fbc80000,0x00000000fd800000)
  to   space 30720K, 0% used [0x00000000f9e80000,0x00000000f9e80000,0x00000000fbc80000)
 ParOldGen       total 118272K, used 58537K [0x00000000e0000000, 0x00000000e7380000, 0x00000000f5580000)
  object space 118272K, 49% used [0x00000000e0000000,0x00000000e392a4a8,0x00000000e7380000)
 Metaspace       used 82174K, capacity 89502K, committed 89876K, reserved 1126400K
  class space    used 9941K, capacity 12187K, committed 12308K, reserved 1048576K

Card table byte_map: [0x0000000011830000,0x0000000011940000] byte_map_base: 0x0000000011130000

Marking Bits: (ParMarkBitMap*) 0x0000000058e3a5b0
 Begin Bits: [0x00000000121f0000, 0x00000000129f0000)
 End Bits:   [0x00000000129f0000, 0x00000000131f0000)

Polling page: 0x0000000001de0000

CodeCache: size=245760Kb used=27121Kb max_used=27509Kb free=218638Kb
 bounds [0x0000000002470000, 0x0000000003f80000, 0x0000000011470000]
 total_blobs=8644 nmethods=7761 adapters=791
 compilation: enabled

Compilation events (10 events):
Event: 237.884 Thread 0x0000000013cee000 9521       3       java.util.TimSort::gallopLeft (335 bytes)
Event: 237.885 Thread 0x0000000013cee000 nmethod 9521 0x000000000332b510 code [0x000000000332b700, 0x000000000332c1d8]
Event: 237.885 Thread 0x0000000015dd1000 9525       4       org.eclipse.osgi.container.ModuleDatabase::readLock (11 bytes)
Event: 237.885 Thread 0x0000000013cee000 9522       3       org.eclipse.osgi.storage.bundlefile.BundleFile::setMruIndex (6 bytes)
Event: 237.885 Thread 0x0000000013cee000 nmethod 9522 0x00000000032b2310 code [0x00000000032b2460, 0x00000000032b25b0]
Event: 237.886 Thread 0x0000000013cee000 9526       3       org.eclipse.osgi.container.Module::holdsTransitionEventLock (25 bytes)
Event: 237.887 Thread 0x0000000013cee000 nmethod 9526 0x0000000002bc7e50 code [0x0000000002bc7fe0, 0x0000000002bc8708]
Event: 237.887 Thread 0x0000000013cee000 9535   !   3       org.eclipse.osgi.storage.BundleInfo$Generation::clearManifestCache (30 bytes)
Event: 237.888 Thread 0x0000000013cee000 nmethod 9535 0x00000000030400d0 code [0x0000000003040260, 0x00000000030408a8]
Event: 237.888 Thread 0x0000000013cee000 9532       3       org.eclipse.osgi.internal.framework.EquinoxContainerAdaptor::invalidateWiring (186 bytes)

GC Heap History (10 events):
Event: 7.532 GC heap before
{Heap before GC invocations=14 (full 3):
 PSYoungGen      total 82432K, used 75954K [0x00000000f5580000, 0x00000000fbc80000, 0x0000000100000000)
  eden space 62464K, 100% used [0x00000000f5580000,0x00000000f9280000,0x00000000f9280000)
  from space 19968K, 67% used [0x00000000fa900000,0x00000000fb62c878,0x00000000fbc80000)
  to   space 21504K, 0% used [0x00000000f9280000,0x00000000f9280000,0x00000000fa780000)
 ParOldGen       total 118272K, used 41401K [0x00000000e0000000, 0x00000000e7380000, 0x00000000f5580000)
  object space 118272K, 35% used [0x00000000e0000000,0x00000000e286e690,0x00000000e7380000)
 Metaspace       used 70483K, capacity 76442K, committed 76564K, reserved 1116160K
  class space    used 8572K, capacity 10401K, committed 10516K, reserved 1048576K
Event: 7.548 GC heap after
Heap after GC invocations=14 (full 3):
 PSYoungGen      total 83968K, used 20301K [0x00000000f5580000, 0x00000000fcb00000, 0x0000000100000000)
  eden space 62464K, 0% used [0x00000000f5580000,0x00000000f5580000,0x00000000f9280000)
  from space 21504K, 94% used [0x00000000f9280000,0x00000000fa6534b8,0x00000000fa780000)
  to   space 24064K, 0% used [0x00000000fb380000,0x00000000fb380000,0x00000000fcb00000)
 ParOldGen       total 118272K, used 41409K [0x00000000e0000000, 0x00000000e7380000, 0x00000000f5580000)
  object space 118272K, 35% used [0x00000000e0000000,0x00000000e2870690,0x00000000e7380000)
 Metaspace       used 70483K, capacity 76442K, committed 76564K, reserved 1116160K
  class space    used 8572K, capacity 10401K, committed 10516K, reserved 1048576K
}
Event: 17.316 GC heap before
{Heap before GC invocations=15 (full 3):
 PSYoungGen      total 83968K, used 82765K [0x00000000f5580000, 0x00000000fcb00000, 0x0000000100000000)
  eden space 62464K, 100% used [0x00000000f5580000,0x00000000f9280000,0x00000000f9280000)
  from space 21504K, 94% used [0x00000000f9280000,0x00000000fa6534b8,0x00000000fa780000)
  to   space 24064K, 0% used [0x00000000fb380000,0x00000000fb380000,0x00000000fcb00000)
 ParOldGen       total 118272K, used 41409K [0x00000000e0000000, 0x00000000e7380000, 0x00000000f5580000)
  object space 118272K, 35% used [0x00000000e0000000,0x00000000e2870690,0x00000000e7380000)
 Metaspace       used 74360K, capacity 80580K, committed 80660K, reserved 1118208K
  class space    used 9025K, capacity 10993K, committed 11028K, reserved 1048576K
Event: 17.329 GC heap after
Heap after GC invocations=15 (full 3):
 PSYoungGen      total 94208K, used 20672K [0x00000000f5580000, 0x00000000fcd00000, 0x0000000100000000)
  eden space 70144K, 0% used [0x00000000f5580000,0x00000000f5580000,0x00000000f9a00000)
  from space 24064K, 85% used [0x00000000fb380000,0x00000000fc7b0220,0x00000000fcb00000)
  to   space 26112K, 0% used [0x00000000f9a00000,0x00000000f9a00000,0x00000000fb380000)
 ParOldGen       total 118272K, used 41417K [0x00000000e0000000, 0x00000000e7380000, 0x00000000f5580000)
  object space 118272K, 35% used [0x00000000e0000000,0x00000000e2872690,0x00000000e7380000)
 Metaspace       used 74360K, capacity 80580K, committed 80660K, reserved 1118208K
  class space    used 9025K, capacity 10993K, committed 11028K, reserved 1048576K
}
Event: 34.511 GC heap before
{Heap before GC invocations=16 (full 3):
 PSYoungGen      total 94208K, used 90816K [0x00000000f5580000, 0x00000000fcd00000, 0x0000000100000000)
  eden space 70144K, 100% used [0x00000000f5580000,0x00000000f9a00000,0x00000000f9a00000)
  from space 24064K, 85% used [0x00000000fb380000,0x00000000fc7b0220,0x00000000fcb00000)
  to   space 26112K, 0% used [0x00000000f9a00000,0x00000000f9a00000,0x00000000fb380000)
 ParOldGen       total 118272K, used 41417K [0x00000000e0000000, 0x00000000e7380000, 0x00000000f5580000)
  object space 118272K, 35% used [0x00000000e0000000,0x00000000e2872690,0x00000000e7380000)
 Metaspace       used 77142K, capacity 83710K, committed 83988K, reserved 1122304K
  class space    used 9350K, capacity 11242K, committed 11284K, reserved 1048576K
Event: 34.526 GC heap after
Heap after GC invocations=16 (full 3):
 PSYoungGen      total 96256K, used 21727K [0x00000000f5580000, 0x00000000fd800000, 0x0000000100000000)
  eden space 70144K, 0% used [0x00000000f5580000,0x00000000f5580000,0x00000000f9a00000)
  from space 26112K, 83% used [0x00000000f9a00000,0x00000000faf37d98,0x00000000fb380000)
  to   space 28160K, 0% used [0x00000000fbc80000,0x00000000fbc80000,0x00000000fd800000)
 ParOldGen       total 118272K, used 41425K [0x00000000e0000000, 0x00000000e7380000, 0x00000000f5580000)
  object space 118272K, 35% used [0x00000000e0000000,0x00000000e2874690,0x00000000e7380000)
 Metaspace       used 77142K, capacity 83710K, committed 83988K, reserved 1122304K
  class space    used 9350K, capacity 11242K, committed 11284K, reserved 1048576K
}
Event: 222.727 GC heap before
{Heap before GC invocations=17 (full 3):
 PSYoungGen      total 96256K, used 84267K [0x00000000f5580000, 0x00000000fd800000, 0x0000000100000000)
  eden space 70144K, 89% used [0x00000000f5580000,0x00000000f92930b8,0x00000000f9a00000)
  from space 26112K, 83% used [0x00000000f9a00000,0x00000000faf37d98,0x00000000fb380000)
  to   space 28160K, 0% used [0x00000000fbc80000,0x00000000fbc80000,0x00000000fd800000)
 ParOldGen       total 118272K, used 41425K [0x00000000e0000000, 0x00000000e7380000, 0x00000000f5580000)
  object space 118272K, 35% used [0x00000000e0000000,0x00000000e2874690,0x00000000e7380000)
 Metaspace       used 80174K, capacity 87014K, committed 87188K, reserved 1124352K
  class space    used 9709K, capacity 11804K, committed 11924K, reserved 1048576K
Event: 222.743 GC heap after
Heap after GC invocations=17 (full 3):
 PSYoungGen      total 102912K, used 24130K [0x00000000f5580000, 0x00000000fdd00000, 0x0000000100000000)
  eden space 74752K, 0% used [0x00000000f5580000,0x00000000f5580000,0x00000000f9e80000)
  from space 28160K, 85% used [0x00000000fbc80000,0x00000000fd410b10,0x00000000fd800000)
  to   space 30720K, 0% used [0x00000000f9e80000,0x00000000f9e80000,0x00000000fbc80000)
 ParOldGen       total 118272K, used 41433K [0x00000000e0000000, 0x00000000e7380000, 0x00000000f5580000)
  object space 118272K, 35% used [0x00000000e0000000,0x00000000e2876690,0x00000000e7380000)
 Metaspace       used 80174K, capacity 87014K, committed 87188K, reserved 1124352K
  class space    used 9709K, capacity 11804K, committed 11924K, reserved 1048576K
}
Event: 222.743 GC heap before
{Heap before GC invocations=18 (full 4):
 PSYoungGen      total 102912K, used 24130K [0x00000000f5580000, 0x00000000fdd00000, 0x0000000100000000)
  eden space 74752K, 0% used [0x00000000f5580000,0x00000000f5580000,0x00000000f9e80000)
  from space 28160K, 85% used [0x00000000fbc80000,0x00000000fd410b10,0x00000000fd800000)
  to   space 30720K, 0% used [0x00000000f9e80000,0x00000000f9e80000,0x00000000fbc80000)
 ParOldGen       total 118272K, used 41433K [0x00000000e0000000, 0x00000000e7380000, 0x00000000f5580000)
  object space 118272K, 35% used [0x00000000e0000000,0x00000000e2876690,0x00000000e7380000)
 Metaspace       used 80174K, capacity 87014K, committed 87188K, reserved 1124352K
  class space    used 9709K, capacity 11804K, committed 11924K, reserved 1048576K
Event: 223.079 GC heap after
Heap after GC invocations=18 (full 4):
 PSYoungGen      total 102912K, used 0K [0x00000000f5580000, 0x00000000fdd00000, 0x0000000100000000)
  eden space 74752K, 0% used [0x00000000f5580000,0x00000000f5580000,0x00000000f9e80000)
  from space 28160K, 0% used [0x00000000fbc80000,0x00000000fbc80000,0x00000000fd800000)
  to   space 30720K, 0% used [0x00000000f9e80000,0x00000000f9e80000,0x00000000fbc80000)
 ParOldGen       total 118272K, used 58537K [0x00000000e0000000, 0x00000000e7380000, 0x00000000f5580000)
  object space 118272K, 49% used [0x00000000e0000000,0x00000000e392a4a8,0x00000000e7380000)
 Metaspace       used 80174K, capacity 87014K, committed 87188K, reserved 1124352K
  class space    used 9709K, capacity 11804K, committed 11924K, reserved 1048576K
}

Deoptimization events (10 events):
Event: 236.754 Thread 0x000000000057e800 Uncommon trap: reason=unstable_if action=reinterpret pc=0x00000000026e7f84 method=java.lang.reflect.Executable.equalParamTypes([Ljava/lang/Class;[Ljava/lang/Class;)Z @ 12
Event: 236.817 Thread 0x000000000057e800 Uncommon trap: reason=unstable_if action=reinterpret pc=0x0000000003d7f940 method=org.eclipse.swt.widgets.Display.drawMenuBars()V @ 4
Event: 236.836 Thread 0x000000002077b000 Uncommon trap: reason=unstable_if action=reinterpret pc=0x0000000003acb4ac method=com.sun.org.apache.xml.internal.serializer.ToStream.escapingNotNeeded(C)Z @ 9
Event: 236.836 Thread 0x000000002077b000 Uncommon trap: reason=unstable_if action=reinterpret pc=0x0000000002919cec method=com.sun.org.apache.xml.internal.serializer.ToStream.escapingNotNeeded(C)Z @ 9
Event: 236.934 Thread 0x000000000057e800 Uncommon trap: reason=unstable_if action=reinterpret pc=0x0000000003dc1f94 method=org.eclipse.e4.ui.internal.workbench.swt.PartRenderingEngine.someAreVisible(Ljava/util/List;)Z @ 41
Event: 236.956 Thread 0x000000000057e800 Uncommon trap: reason=unstable_if action=reinterpret pc=0x00000000038acf40 method=org.eclipse.e4.ui.model.application.ui.impl.UIElementImpl.eIsSet(I)Z @ 188
Event: 237.222 Thread 0x00000000177e5000 Uncommon trap: reason=unstable_if action=reinterpret pc=0x00000000028ad548 method=org.eclipse.e4.ui.internal.workbench.swt.E4Application$1.syncExec(Ljava/lang/Runnable;)V @ 14
Event: 237.250 Thread 0x000000002077d800 Uncommon trap: reason=unstable_if action=reinterpret pc=0x0000000003f20848 method=org.eclipse.equinox.internal.event.EventHandlerTracker.getHandlers(Ljava/lang/String;)Ljava/util/Set; @ 28
Event: 237.291 Thread 0x0000000020779000 Uncommon trap: reason=unstable_if action=reinterpret pc=0x00000000025ef6e4 method=sun.nio.cs.SingleByte$Encoder.encode(C)I @ 13
Event: 237.832 Thread 0x000000002077d800 Uncommon trap: reason=unstable_if action=reinterpret pc=0x0000000002f0e6a8 method=org.eclipse.osgi.internal.hooks.EclipseLazyStarter.shouldActivateFor(Ljava/lang/String;Lorg/eclipse/osgi/container/Module;Lorg/eclipse/osgi/container/ModuleRevision;Lorg/ecliTn	€#˜m@

Internal exceptions (10 events):
Event: 237.213 Thread 0x000000000057e800 Exception <a 'java/io/FileNotFoundException'> (0x00000000f753b1b8) thrown at [C:\re\workspace\8-2-build-windows-amd64-cygwin\jdk8u66\5298\hotspot\src\share\vm\prims\jni.cpp, line 709]
Event: 237.213 Thread 0x000000000057e800 Exception <a 'java/io/FileNotFoundException'> (0x00000000f753d638) thrown at [C:\re\workspace\8-2-build-windows-amd64-cygwin\jdk8u66\5298\hotspot\src\share\vm\prims\jni.cpp, line 709]
Event: 237.214 Thread 0x000000000057e800 Exception <a 'java/io/FileNotFoundException'> (0x00000000f753fa78) thrown at [C:\re\workspace\8-2-build-windows-amd64-cygwin\jdk8u66\5298\hotspot\src\share\vm\prims\jni.cpp, line 709]
Event: 237.215 Thread 0x000000000057e800 Exception <a 'java/io/FileNotFoundException'> (0x00000000f7541eb8) thrown at [C:\re\workspace\8-2-build-windows-amd64-cygwin\jdk8u66\5298\hotspot\src\share\vm\prims\jni.cpp, line 709]
Event: 237.215 Thread 0x000000000057e800 Exception <a 'java/io/FileNotFoundException'> (0x00000000f7544438) thrown at [C:\re\workspace\8-2-build-windows-amd64-cygwin\jdk8u66\5298\hotspot\src\share\vm\prims\jni.cpp, line 709]
Event: 237.288 Thread 0x0000000020774800 Exception <a 'java/lang/InterruptedException'> (0x00000000f79e0ce0) thrown at [C:\re\workspace\8-2-build-windows-amd64-cygwin\jdk8u66\5298\hotspot\src\share\vm\runtime\objectMonitor.cpp, line 1683]
Event: 237.864 Thread 0x00000000177e5000 Exception <a 'java/lang/InterruptedException'> (0x00000000f75b1070) thrown at [C:\re\workspace\8-2-build-windows-amd64-cygwin\jdk8u66\5298\hotspot\src\share\vm\runtime\objectMonitor.cpp, line 1683]
Event: 237.880 Thread 0x0000000016e85800 Exception <a 'java/lang/InterruptedException'> (0x00000000f7d39c38) thrown at [C:\re\workspace\8-2-build-windows-amd64-cygwin\jdk8u66\5298\hotspot\src\share\vm\runtime\objectMonitor.cpp, line 1683]
Event: 237.884 Thread 0x00000000177e6000 Exception <a 'java/lang/InterruptedException'> (0x00000000f5cb2400) thrown at [C:\re\workspace\8-2-build-windows-amd64-cygwin\jdk8u66\5298\hotspot\src\share\vm\runtime\objectMonitor.cpp, line 1683]
Event: 237.885 Thread 0x0000000016e87000 Exception <a 'java/lang/InterruptedException'> (0x00000000f7f36070) thrown at [C:\re\workspace\8-2-build-windows-amd64-cygwin\jdk8u66\5298\hotspot\src\share\vm\runtime\objectMonitor.cpp, line 1683]

Events (10 events):
Event: 237.886 Executing VM operation: RevokeBias
Event: 237.886 Executing VM operation: RevokeBias done
Event: 237.887 Thread 0x000000002077d800 Thread exited: 0x000000002077d800
Event: 237.887 loading class java/util/IdentityHashMap$KeyIterator
Event: 237.887 loading class java/util/IdentityHashMap$IdentityHashMapIterator
Event: 237.887 loading class java/util/IdentityHashMap$IdentityHashMapIterator done
Event: 237.887 loading class java/util/IdentityHashMap$KeyIterator done
Event: 237.888 Thread 0x0000000020776000 Thread added: 0x0000000020776000
Event: 237.888 Thread 0x0000000020776000 Thread exited: 0x0000000020776000
Event: 237.889 Executing VM operation: Exit


Dynamic libraries:
0x0000000000400000 - 0x000000000044f000 	C:\Xilinx\SDK\2016.4\eclipse\win64.o\eclipse.exe
0x00007ff974380000 - 0x00007ff974551000 	C:\WINDOWS\SYSTEM32\ntdll.dll
0x00007ff973360000 - 0x00007ff97340c000 	C:\WINDOWS\System32\KERNEL32.DLL
0x00007ff9676b0000 - 0x00007ff967704000 	C:\Program Files (x86)\AVG\Av\avghooka.dll
0x00007ff970ef0000 - 0x00007ff97110d000 	C:\WINDOWS\System32\KERNELBASE.dll
0x00007ff96ed80000 - 0x00007ff96edfa000 	C:\WINDOWS\system32\apphelp.dll
0x00007ff973700000 - 0x00007ff973865000 	C:\WINDOWS\System32\USER32.dll
0x00007ff970c70000 - 0x00007ff970c8e000 	C:\WINDOWS\System32\win32u.dll
0x00007ff9738e0000 - 0x00007ff973914000 	C:\WINDOWS\System32\GDI32.dll
0x00007ff970870000 - 0x00007ff9709f2000 	C:\WINDOWS\System32\gdi32full.dll
0x00007ff9742d0000 - 0x00007ff97436e000 	C:\WINDOWS\System32\msvcrt.dll
0x00007ff963b10000 - 0x00007ff963d8a000 	C:\WINDOWS\WinSxS\amd64_microsoft.windows.common-controls_6595b64144ccf1df_6.0.14393.953_none_42151e83c686086b\COMCTL32.dll
0x00007ff973920000 - 0x00007ff973be8000 	C:\WINDOWS\System32\combase.dll
0x00007ff970d40000 - 0x00007ff970e35000 	C:\WINDOWS\System32\ucrtbase.dll
0x00007ff973130000 - 0x00007ff973251000 	C:\WINDOWS\System32\RPCRT4.dll
0x00007ff971160000 - 0x00007ff9711ca000 	C:\WINDOWS\System32\bcryptPrimitives.dll
0x00007ff973260000 - 0x00007ff97328e000 	C:\WINDOWS\System32\IMM32.DLL
0x0000000072000000 - 0x0000000072012000 	C:\Xilinx\SDK\2016.4\eclipse\win64.o\plugins\org.eclipse.equinox.launcher.win32.win32.x86_64_1.1.300.v20150602-1417\eclipse_1611.dll
0x00007ff973410000 - 0x00007ff9734b2000 	C:\WINDOWS\System32\ADVAPI32.dll
0x00007ff971910000 - 0x00007ff971969000 	C:\WINDOWS\System32\sechost.dll
0x00007ff962ad0000 - 0x00007ff962ada000 	C:\WINDOWS\SYSTEM32\VERSION.dll
0x00007ff96efc0000 - 0x00007ff96f055000 	C:\WINDOWS\system32\uxtheme.dll
0x00007ff974020000 - 0x00007ff97417a000 	C:\WINDOWS\System32\MSCTF.dll
0x00007ff973290000 - 0x00007ff97334f000 	C:\WINDOWS\System32\OLEAUT32.dll
0x00007ff970bd0000 - 0x00007ff970c6c000 	C:\WINDOWS\System32\msvcp_win.dll
0x0000000058630000 - 0x0000000058eb9000 	C:\Xilinx\SDK\2016.4\tps\win64\jre\bin\server\jvm.dll
0x00007ff973350000 - 0x00007ff973358000 	C:\WINDOWS\System32\PSAPI.DLL
0x00007ff966e50000 - 0x00007ff966e59000 	C:\WINDOWS\SYSTEM32\WSOCK32.dll
0x00007ff973870000 - 0x00007ff9738da000 	C:\WINDOWS\System32\WS2_32.dll
0x00007ff96eac0000 - 0x00007ff96eae3000 	C:\WINDOWS\SYSTEM32\WINMM.dll
0x000000005afc0000 - 0x000000005b092000 	C:\WINDOWS\SYSTEM32\MSVCR100.dll
0x00007ff96e920000 - 0x00007ff96e94b000 	C:\WINDOWS\SYSTEM32\WINMMBASE.dll
0x00007ff971110000 - 0x00007ff971152000 	C:\WINDOWS\System32\cfgmgr32.dll
0x0000000059f80000 - 0x0000000059f8f000 	C:\Xilinx\SDK\2016.4\tps\win64\jre\bin\verify.dll
0x0000000059a10000 - 0x0000000059a39000 	C:\Xilinx\SDK\2016.4\tps\win64\jre\bin\java.dll
0x00000000599f0000 - 0x0000000059a06000 	C:\Xilinx\SDK\2016.4\tps\win64\jre\bin\zip.dll
0x00007ff971c20000 - 0x00007ff973128000 	C:\WINDOWS\System32\SHELL32.dll
0x00007ff971230000 - 0x00007ff97190a000 	C:\WINDOWS\System32\windows.storage.dll
0x00007ff970820000 - 0x00007ff97086c000 	C:\WINDOWS\System32\powrprof.dll
0x00007ff9741f0000 - 0x00007ff974242000 	C:\WINDOWS\System32\shlwapi.dll
0x00007ff970810000 - 0x00007ff97081f000 	C:\WINDOWS\System32\kernel.appcore.dll
0x00007ff970c90000 - 0x00007ff970d39000 	C:\WINDOWS\System32\shcore.dll
0x00007ff9707f0000 - 0x00007ff970804000 	C:\WINDOWS\System32\profapi.dll
0x00007ff970260000 - 0x00007ff970277000 	C:\WINDOWS\SYSTEM32\CRYPTSP.dll
0x00007ff96fcb0000 - 0x00007ff96fce3000 	C:\WINDOWS\system32\rsaenh.dll
0x00007ff970720000 - 0x00007ff97074b000 	C:\WINDOWS\SYSTEM32\bcrypt.dll
0x00007ff96ff30000 - 0x00007ff96ff4f000 	C:\WINDOWS\SYSTEM32\USERENV.dll
0x00007ff970250000 - 0x00007ff97025b000 	C:\WINDOWS\SYSTEM32\CRYPTBASE.dll
0x00000000599d0000 - 0x00000000599ea000 	C:\Xilinx\SDK\2016.4\tps\win64\jre\bin\net.dll
0x00007ff9700b0000 - 0x00007ff97010c000 	C:\WINDOWS\system32\mswsock.dll
0x00007ff96fe30000 - 0x00007ff96fe68000 	C:\WINDOWS\SYSTEM32\IPHLPAPI.DLL
0x00007ff974370000 - 0x00007ff974378000 	C:\WINDOWS\System32\NSI.dll
0x00007ff96cc10000 - 0x00007ff96cc26000 	C:\WINDOWS\SYSTEM32\dhcpcsvc6.DLL
0x00007ff96cb40000 - 0x00007ff96cb5a000 	C:\WINDOWS\SYSTEM32\dhcpcsvc.DLL
0x00000000599b0000 - 0x00000000599c1000 	C:\Xilinx\SDK\2016.4\tps\win64\jre\bin\nio.dll
0x00007ff95e4a0000 - 0x00007ff95e4b6000 	C:\WINDOWS\system32\napinsp.dll
0x00007ff95e470000 - 0x00007ff95e48a000 	C:\WINDOWS\system32\pnrpnsp.dll
0x00007ff96be20000 - 0x00007ff96be38000 	C:\WINDOWS\system32\NLAapi.dll
0x00007ff96fe70000 - 0x00007ff96ff11000 	C:\WINDOWS\SYSTEM32\DNSAPI.dll
0x00007ff962ee0000 - 0x00007ff962eee000 	C:\WINDOWS\System32\winrnr.dll
0x000000005b0d0000 - 0x000000005b0f6000 	C:\Program Files\Bonjour\mdnsNSP.dll
0x00007ff96b090000 - 0x00007ff96b09a000 	C:\Windows\System32\rasadhlp.dll
0x00007ff96b450000 - 0x00007ff96b4ba000 	C:\WINDOWS\System32\fwpuclnt.dll
0x0000000018ea0000 - 0x0000000018f48000 	C:\Users\Utilizador\.Xilinx\SDK\2016.4\org.eclipse.osgi\319\0\.cp\swt-win32-4527.dll
0x00007ff971a70000 - 0x00007ff971ba8000 	C:\WINDOWS\System32\ole32.dll
0x00007ff971970000 - 0x00007ff971a6a000 	C:\WINDOWS\System32\comdlg32.dll
0x00007ff970a00000 - 0x00007ff970bc9000 	C:\WINDOWS\System32\CRYPT32.dll
0x00007ff9707e0000 - 0x00007ff9707f0000 	C:\WINDOWS\System32\MSASN1.dll
0x00007ff96bc30000 - 0x00007ff96bcb6000 	C:\WINDOWS\SYSTEM32\WINSPOOL.DRV
0x00007ff96a3c0000 - 0x00007ff96a3d9000 	C:\WINDOWS\SYSTEM32\USP10.dll
0x00007ff96ce90000 - 0x00007ff96d15a000 	C:\WINDOWS\SYSTEM32\WININET.dll
0x00007ff96dd30000 - 0x00007ff96dd56000 	C:\WINDOWS\system32\dwmapi.dll
0x00007ff96daa0000 - 0x00007ff96dc25000 	C:\WINDOWS\SYSTEM32\propsys.dll
0x00007ff973660000 - 0x00007ff9736ff000 	C:\WINDOWS\System32\clbcatq.dll
0x00000000194a0000 - 0x00000000194be000 	C:\Users\Utilizador\.Xilinx\SDK\2016.4\org.eclipse.osgi\319\0\.cp\swt-gdip-win32-4527.dll
0x00007ff965510000 - 0x00007ff9656aa000 	C:\WINDOWS\WinSxS\amd64_microsoft.windows.gdiplus_6595b64144ccf1df_1.1.14393.953_none_7300116921188239\gdiplus.dll
0x00007ff96c910000 - 0x00007ff96cab8000 	C:\WINDOWS\SYSTEM32\WindowsCodecs.dll
0x0000000180000000 - 0x0000000180012000 	C:\Users\Utilizador\.Xilinx\SDK\2016.4\org.eclipse.osgi\133\0\.cp\os\win32\x86_64\localfile_1_0_0.dll
0x00007ff95f420000 - 0x00007ff95f485000 	C:\WINDOWS\SYSTEM32\oleacc.dll
0x00007ff96a9c0000 - 0x00007ff96a9c7000 	C:\WINDOWS\SYSTEM32\msimg32.dll
0x00007ff96c760000 - 0x00007ff96c771000 	C:\Users\Utilizador\.Xilinx\SDK\2016.4\org.eclipse.osgi\136\0\.cp\jWinHttp-1.0.0.dll
0x00007ff96dc60000 - 0x00007ff96dd2d000 	C:\WINDOWS\SYSTEM32\WINHTTP.dll
0x00007ff96ec40000 - 0x00007ff96ec4f000 	C:\Xilinx\SDK\2016.4\lib\win64.o\librdi_repo_manager.dll
0x00007ff96c6f0000 - 0x00007ff96c71a000 	C:\Xilinx\SDK\2016.4\lib\win64.o\libisl_sysinfo.dll
0x00007ff912f70000 - 0x00007ff913a1a000 	C:\Xilinx\SDK\2016.4\lib\win64.o\librdi_common.dll
0x00007ff9574d0000 - 0x00007ff957523000 	C:\Xilinx\SDK\2016.4\lib\win64.o\librdi_commonxillic.dll
0x00007ff923810000 - 0x00007ff923a08000 	C:\Xilinx\SDK\2016.4\lib\win64.o\librdi_hsm.dll
0x00007ff964c00000 - 0x00007ff964ca7000 	C:\WINDOWS\SYSTEM32\MSVCP110.dll
0x00007ff964cb0000 - 0x00007ff964d84000 	C:\WINDOWS\SYSTEM32\MSVCR110.dll
0x00007ff913df0000 - 0x00007ff91415e000 	C:\Xilinx\SDK\2016.4\lib\win64.o\libCOIN-all.dll
0x00007ff913bd0000 - 0x00007ff913def000 	C:\Xilinx\SDK\2016.4\lib\win64.o\libXil_lmgr11.dll
0x00007ff9711d0000 - 0x00007ff971225000 	C:\WINDOWS\System32\WINTRUST.dll
0x00007ff96c3c0000 - 0x00007ff96c3d0000 	C:\Xilinx\SDK\2016.4\lib\win64.o\libboost_date_time.dll
0x00007ff96bb30000 - 0x00007ff96bb54000 	C:\Xilinx\SDK\2016.4\lib\win64.o\libboost_filesystem.dll
0x00007ff954c20000 - 0x00007ff954c97000 	C:\Xilinx\SDK\2016.4\lib\win64.o\libboost_program_options.dll
0x00007ff94d910000 - 0x00007ff94da16000 	C:\Xilinx\SDK\2016.4\lib\win64.o\libboost_regex.dll
0x00007ff96c220000 - 0x00007ff96c233000 	C:\Xilinx\SDK\2016.4\lib\win64.o\libboost_signals.dll
0x00007ff96c330000 - 0x00007ff96c339000 	C:\Xilinx\SDK\2016.4\lib\win64.o\libboost_system.dll
0x00007ff96c190000 - 0x00007ff96c1ad000 	C:\Xilinx\SDK\2016.4\lib\win64.o\libboost_thread.dll
0x00007ff96c260000 - 0x00007ff96c26b000 	C:\Xilinx\SDK\2016.4\lib\win64.o\libboost_xilinx.dll
0x00007ff94d890000 - 0x00007ff94d910000 	C:\Xilinx\SDK\2016.4\lib\win64.o\libhdlpsolve.dll
0x00007ff949fe0000 - 0x00007ff94a07a000 	C:\Xilinx\SDK\2016.4\lib\win64.o\libhdxml.dll
0x00007ff912ba0000 - 0x00007ff912f69000 	C:\Xilinx\SDK\2016.4\lib\win64.o\libisl_iostreams.dll
0x00007ff96bd30000 - 0x00007ff96bd45000 	C:\Xilinx\SDK\2016.4\lib\win64.o\pthreadVC2.dll
0x00007ff942640000 - 0x00007ff942770000 	C:\Xilinx\SDK\2016.4\lib\win64.o\librdi_curl.dll
0x00007ff96b8a0000 - 0x00007ff96b8b8000 	C:\Xilinx\SDK\2016.4\lib\win64.o\librdiconfig.dll
0x00007ff96b860000 - 0x00007ff96b87f000 	C:\Xilinx\SDK\2016.4\lib\win64.o\librdizlib.dll
0x0000000059f90000 - 0x000000005a0b7000 	C:\Xilinx\SDK\2016.4\lib\win64.o\tcl85t.dll
0x0000000025820000 - 0x0000000025a83000 	C:\Xilinx\SDK\2016.4\lib\win64.o\xerces-c_3_1.dll
0x00007ff963320000 - 0x00007ff9634e3000 	C:\WINDOWS\SYSTEM32\urlmon.dll
0x00007ff955770000 - 0x00007ff955793000 	C:\WINDOWS\SYSTEM32\VCOMP110.DLL
0x00007ff963e50000 - 0x00007ff963e93000 	C:\Xilinx\SDK\2016.4\lib\win64.o\librdi_hdf.dll
0x00007ff9128d0000 - 0x00007ff912b98000 	C:\Xilinx\SDK\2016.4\lib\win64.o\librdi_ippcw.dll
0x00007ff96a770000 - 0x00007ff96a788000 	C:\WINDOWS\SYSTEM32\NETAPI32.dll
0x00007ff968c50000 - 0x00007ff968c5b000 	C:\Xilinx\SDK\2016.4\lib\win64.o\libboost_chrono.dll
0x00007ff967150000 - 0x00007ff967166000 	C:\Xilinx\SDK\2016.4\lib\win64.o\libboost_iostreams.dll
0x00007ff9650e0000 - 0x00007ff965103000 	C:\Xilinx\SDK\2016.4\lib\win64.o\libisl_iosutils.dll
0x00007ff96ab70000 - 0x00007ff96ae15000 	C:\WINDOWS\SYSTEM32\iertutil.dll
0x00007ff962a20000 - 0x00007ff962a62000 	C:\WINDOWS\SYSTEM32\edputil.dll
0x00007ff963e10000 - 0x00007ff963e26000 	C:\Xilinx\SDK\2016.4\eclipse\win64.o\plugins\org.eclipse.cdt.core.win32.x86_64_5.4.0.201509131935\os\win32\x86_64\spawner.dll
0x00007ff96c240000 - 0x00007ff96c24a000 	C:\Xilinx\SDK\2016.4\lib\win64.o\librdi_jtag_settings.dll
0x00007ff953700000 - 0x00007ff953729000 	C:\Xilinx\SDK\2016.4\lib\win64.o\librdi_debug_dialog.dll
0x00007ff968c40000 - 0x00007ff968c48000 	C:\Xilinx\SDK\2016.4\lib\win64.o\librdi_target_manager.dll
0x00007ff9024d0000 - 0x00007ff902ce0000 	C:\Xilinx\SDK\2016.4\lib\win64.o\libXil_lmgr11FNP.dll
0x00007ff973bf0000 - 0x00007ff974019000 	C:\WINDOWS\System32\SETUPAPI.dll
0x00007ff961440000 - 0x00007ff96144c000 	C:\WINDOWS\SYSTEM32\snmpapi.dll
0x00007ff970450000 - 0x00007ff97047c000 	C:\WINDOWS\SYSTEM32\SspiCli.dll
0x0000000018f90000 - 0x0000000018f93000 	C:\WINDOWS\SYSTEM32\icmp.Dll

VM Arguments:
jvm_args: -Dcom.xilinx.sdk.args.hwspec=C:/Users/Utilizador/Desktop/Universidade/4_ano/2_semestre/CR/Projeto/ProjetoFinal/MP_ToDisplays/MP_ToDisplays.sdk/DebUART_wrapper.hdf -Xms64m -Xmx512m & 
java_command: <unknown>
java_class_path (initial): C:\Xilinx\SDK\2016.4\eclipse\win64.o\\plugins/org.eclipse.equinox.launcher_1.3.100.v20150511-1540.jar
Launcher Type: generic

Environment Variables:
JAVA_HOME=C:\Program Files\Java\jdk1.8.0_101
PATH=C:/Xilinx/SDK/2016.4/tps/win64/jre/bin/server;C:/Xilinx/SDK/2016.4/tps/win64/jre/bin;C:/Xilinx/SDK/2016.4/tps/win64/jre/lib/amd64;C:\Xilinx\SDK\2016.4\gnuwin\bin;C:\Xilinx\SDK\2016.4\gnu\microblaze\nt\bin;C:\Xilinx\SDK\2016.4\gnu\microblaze\linux_toolchain\nt64_le\bin;C:\Xilinx\SDK\2016.4\gnu\microblaze\linux_toolchain\nt64_be\bin;C:\Xilinx\SDK\2016.4\gnu\arm\nt\bin;C:\Xilinx\SDK\2016.4\gnu\aarch64\nt\aarch64-none\bin;C:\Xilinx\SDK\2016.4\gnu\aarch64\nt\aarch64-linux\bin;C:\Xilinx\SDK\2016.4\gnu\armr5\nt\gcc-arm-none-eabi\bin;C:\Xilinx\SDK\2016.4\gnu\aarch32\nt\gcc-arm-none-eabi\bin;C:\Xilinx\SDK\2016.4\gnu\aarch32\nt\gcc-arm-linux-gnueabi\bin;C:\Xilinx\SDK\2016.4\tps\win64\cmake-3.3.2\bin;;C:\Xilinx\SDK\2016.4\bin;C:\Xilinx\SDK\2016.4\lib\win64.o;C:\Xilinx\SDK\2016.4\tps\win64\jre\bin\server;C:\Xilinx\SDK\2016.4\tps\win64\jre\bin;C:\Xilinx\Vivado\2016.4\ids_lite\ISE\bin\nt64;C:\Xilinx\Vivado\2016.4\ids_lite\ISE\lib\nt64;C:\Xilinx\Vivado\2016.4\bin;C:\Xilinx\Vivado\2016.4\lib\win64.o;C:\Xilinx\Vivado\2016.4\tps\win64\jre\bin\server;C:\Xilinx\Vivado\2016.4\tps\win64\jre\bin;C:\Xilinx\Vivado_HLS\2016.4\bin;C:\WINDOWS\system32\Npcap;C:\Program Files\MATLAB\MATLAB Production Server\R2015a\runtime\win64;C:\Program Files\MATLAB\MATLAB Production Server\R2015a\bin;C:\Program Files\MATLAB\MATLAB Production Server\R2015a\polyspace\bin;C:\Program Files\PuTTY\;c:\Program Files\Intel\WiFi\bin\;c:\Program Files\Common Files\Intel\WirelessCommon\;C:\Users\Utilizador\AppData\Roaming\npm;C:\Users\Utilizador\AppData\Local\Microsoft\WindowsApps;C:\Python27;C:\Program Files\Java\jdk1.8.0_101\bin;C:\Program Files\NetBeans 8.2\java\maven\bin;C:\Users\Utilizador\Desktop\Universidade\4_ano\2_semestre\CR\Projeto\ProjetoFinal\MP_ToDisplays;
USERNAME=Utilizador
OS=Windows_NT
PROCESSOR_IDENTIFIER=Intel64 Family 6 Model 60 Stepping 3, GenuineIntel



---------------  S Y S T E M  ---------------

OS: Windows 10.0 , 64 bit Build 14393 (10.0.14393.1198)

CPU:total 8 (4 cores per cpu, 2 threads per core) family 6 model 60 stepping 3, cmov, cx8, fxsr, mmx, sse, sse2, sse3, ssse3, sse4.1, sse4.2, popcnt, avx, avx2, aes, clmul, erms, lzcnt, ht, tsc, tscinvbit, bmi1, bmi2

Memory: 4k page, physical 8319000k(3451272k free), swap 12976516k(6078620k free)

vm_info: Java HotSpot(TM) 64-Bit Server VM (25.66-b18) for windows-amd64 JRE (1.8.0_66-b18), built on Nov  9 2015 10:51:13 by "java_re" with MS VC++ 10.0 (VS2010)

time: Wed May 31 18:59:09 2017
elapsed time: 238 seconds (0d 0h 3m 58s)

