#
# A fatal error has been detected by the Java Runtime Environment:
#
#  EXCEPTION_UNCAUGHT_CXX_EXCEPTION (0xe06d7363) at pc=0x00007ff970f23c58, pid=5160, tid=15488
#
# JRE version: Java(TM) SE Runtime Environment (8.0_66-b18) (build 1.8.0_66-b18)
# Java VM: Java HotSpot(TM) 64-Bit Server VM (25.66-b18 mixed mode windows-amd64 compressed oops)
# Problematic frame:
# C  [KERNELBASE.dll+0x33c58]
#
# Failed to write core dump. Minidumps are not enabled by default on client versions of Windows
#
# If you would like to submit a bug report, please visit:
#   http://bugreport.java.com/bugreport/crash.jsp
#

---------------  T H R E A D  ---------------

Current thread (0x0000000013cb9800):  VMThread [stack: 0x00000000159a0000,0x0000000015aa0000] [id=15488]

siginfo: ExceptionCode=0xe06d7363, ExceptionInformation=0x0000000019930520 0x0000000015a9f648 0x00007ff964d62cb8 0x00007ff964cb0000 

Registers:
RAX=0x004c0044002e006c, RBX=0x00007ff964d62cb8, RCX=0x000000000000004c, RDX=0x0000000000000000
RSP=0x0000000015a9f490, RBP=0x0000000015a9f5d0, RSI=0x00000000ffffffff, RDI=0x0000000027077f30
R8 =0x0000000000000000, R9 =0x0000000000000000, R10=0x0000000000000000, R11=0x0000000000000000
R12=0x0000000000000001, R13=0x0000000000000008, R14=0x0000000000000000, R15=0xffffffffffffffff
RIP=0x00007ff970f23c58, EFLAGS=0x0000000000000202

Top of Stack: (sp=0x0000000015a9f490)
0x0000000015a9f490:   0000000000000000 00007ff964d62cb8
0x0000000015a9f4a0:   00000000ffffffff 0000000027077f30
0x0000000015a9f4b0:   00000001e06d7363 0000000000000000
0x0000000015a9f4c0:   00007ff970f23c58 00007ff900000004
0x0000000015a9f4d0:   0000000019930520 0000000015a9f648
0x0000000015a9f4e0:   00007ff964d62cb8 00007ff964cb0000
0x0000000015a9f4f0:   0000000000000008 0000000000000001
0x0000000015a9f500:   0000000027077f30 00000000ffffffff
0x0000000015a9f510:   0000000015a9f5d0 00007ff9743cc26f
0x0000000015a9f520:   0000000015a9f5e0 0000000000000000
0x0000000015a9f530:   00009da37923c570 0000000000000001
0x0000000015a9f540:   00007ff964d79000 00007ff964cb0000
0x0000000015a9f550:   0000c6ee336076d9 0000000015a9f780
0x0000000015a9f560:   00007ff964d62cb8 00007ff964d0e92c
0x0000000015a9f570:   000000000000001f 0000000000000008
0x0000000015a9f580:   0000000000000001 0000000027077f30 

Instructions: (pc=0x00007ff970f23c58)
0x00007ff970f23c38:   49 8b d1 44 0f 47 c0 44 89 44 24 38 49 c1 e0 03
0x00007ff970f23c48:   e8 47 90 04 00 48 8d 4c 24 20 ff 15 a0 44 11 00
0x00007ff970f23c58:   48 8b 8c 24 c0 00 00 00 48 33 cc e8 d8 55 04 00
0x00007ff970f23c68:   48 81 c4 d8 00 00 00 c3 83 64 24 38 00 eb d6 cc 


Register to memory mapping:

RAX=0x004c0044002e006c is an unknown value
RBX=0x00007ff964d62cb8 is an unknown value
RCX=0x000000000000004c is an unknown value
RDX=0x0000000000000000 is an unknown value
RSP=0x0000000015a9f490 is an unknown value
RBP=0x0000000015a9f5d0 is an unknown value
RSI=0x00000000ffffffff is an unallocated location in the heap
RDI=0x0000000027077f30 is an unknown value
R8 =0x0000000000000000 is an unknown value
R9 =0x0000000000000000 is an unknown value
R10=0x0000000000000000 is an unknown value
R11=0x0000000000000000 is an unknown value
R12=0x0000000000000001 is an unknown value
R13=0x0000000000000008 is an unknown value
R14=0x0000000000000000 is an unknown value
R15=0xffffffffffffffff is an unknown value


Stack: [0x00000000159a0000,0x0000000015aa0000],  sp=0x0000000015a9f490,  free space=1021k
Native frames: (J=compiled Java code, j=interpreted, Vv=VM code, C=native code)
C  [KERNELBASE.dll+0x33c58]
C  [MSVCR110.dll+0x5e92c]
C  [MSVCR110.dll+0x1315c]
C  [MSVCR110.dll+0x136a9]
C  [MSVCR110.dll+0x13e9c]
C  [MSVCR110.dll+0x239e]
C  [MSVCR110.dll+0xaf9e]
C  [MSVCP110.dll+0x397b9]
C  [librdi_common.dll+0x183a66]
C  [librdi_common.dll+0x1826fb]
C  [librdi_target_manager.dll+0x2400]
C  [librdi_target_manager.dll+0x2682]
C  [ntdll.dll+0x2a35f]
C  [ntdll.dll+0x806b]
C  [ntdll.dll+0x7d94]
C  [KERNEL32.DLL+0x1ce6a]
C  [MSVCR100.dll+0x20ccd]
V  [jvm.dll+0x210cc5]
V  [jvm.dll+0x249897]
V  [jvm.dll+0x248b36]
V  [jvm.dll+0x248fd1]
V  [jvm.dll+0x2491ee]
V  [jvm.dll+0x29a0fa]
C  [MSVCR100.dll+0x21d9f]
C  [MSVCR100.dll+0x21e3b]
C  [KERNEL32.DLL+0x8364]
C  [ntdll.dll+0x670d1]

VM_Operation (0x000000000014f4c0): Exit, mode: safepoint, requested by thread 0x000000000244e800


---------------  P R O C E S S  ---------------

Java Threads: ( => current thread )
  0x0000000017176000 JavaThread "pool-2-thread-2" [_thread_blocked, id=6700, stack(0x000000002ed60000,0x000000002ee60000)]
  0x000000001cde3800 JavaThread "pool-2-thread-1" [_thread_blocked, id=10928, stack(0x000000002d360000,0x000000002d460000)]
  0x0000000022a6f800 JavaThread "Thread-39" daemon [_thread_blocked, id=4288, stack(0x000000002d160000,0x000000002d260000)]
  0x000000001cde7800 JavaThread "TCF Channel Transmitter" daemon [_thread_blocked, id=8264, stack(0x0000000028d50000,0x0000000028e50000)]
  0x000000001cde3000 JavaThread "TCF Channel Receiver" daemon [_thread_in_native, id=12860, stack(0x0000000028c50000,0x0000000028d50000)]
  0x000000001cdde800 JavaThread "Process monitor" daemon [_thread_in_native, id=16016, stack(0x0000000027bf0000,0x0000000027cf0000)]
  0x000000001cde4800 JavaThread "Input Stream Monitor" daemon [_thread_blocked, id=9912, stack(0x0000000027af0000,0x0000000027bf0000)]
  0x000000001cde2000 JavaThread "Output Stream Monitor" daemon [_thread_in_native, id=18372, stack(0x00000000279f0000,0x0000000027af0000)]
  0x000000001cddc800 JavaThread "Output Stream Monitor" daemon [_thread_in_native, id=13836, stack(0x00000000278f0000,0x00000000279f0000)]
  0x000000001cde0800 JavaThread "TCF Locator DNS Lookup" daemon [_thread_blocked, id=13256, stack(0x00000000257c0000,0x00000000258c0000)]
  0x000000001cddb000 JavaThread "TCF Locator Timer" daemon [_thread_blocked, id=13500, stack(0x00000000256c0000,0x00000000257c0000)]
  0x000000001cddf000 JavaThread "TCF Locator Receiver" daemon [_thread_in_native, id=14744, stack(0x00000000255c0000,0x00000000256c0000)]
  0x0000000018222000 JavaThread "TCF Timer Dispatcher" daemon [_thread_blocked, id=8864, stack(0x0000000024160000,0x0000000024260000)]
  0x0000000017cf1800 JavaThread "EMF Reference Cleaner" daemon [_thread_blocked, id=528, stack(0x0000000019130000,0x0000000019230000)]
  0x0000000015e7c000 JavaThread "Service Thread" daemon [_thread_blocked, id=2152, stack(0x00000000167b0000,0x00000000168b0000)]
  0x0000000013ccc800 JavaThread "C1 CompilerThread3" daemon [_thread_blocked, id=13320, stack(0x00000000166b0000,0x00000000167b0000)]
  0x0000000015de4000 JavaThread "C2 CompilerThread2" daemon [_thread_blocked, id=9916, stack(0x00000000165b0000,0x00000000166b0000)]
  0x0000000015de1000 JavaThread "C2 CompilerThread1" daemon [_thread_blocked, id=17552, stack(0x00000000164b0000,0x00000000165b0000)]
  0x0000000015ddf000 JavaThread "C2 CompilerThread0" daemon [_thread_blocked, id=15812, stack(0x00000000163b0000,0x00000000164b0000)]
  0x0000000015ded800 JavaThread "Attach Listener" daemon [_thread_blocked, id=1700, stack(0x00000000162b0000,0x00000000163b0000)]
  0x0000000015dec000 JavaThread "Signal Dispatcher" daemon [_thread_blocked, id=10248, stack(0x00000000161b0000,0x00000000162b0000)]
  0x000000000241a800 JavaThread "Finalizer" daemon [_thread_blocked, id=11440, stack(0x0000000015ba0000,0x0000000015ca0000)]
  0x0000000013cbd800 JavaThread "Reference Handler" daemon [_thread_blocked, id=7128, stack(0x0000000015aa0000,0x0000000015ba0000)]
  0x000000000244e800 JavaThread "main" [_thread_blocked, id=7876, stack(0x0000000000050000,0x0000000000150000)]

Other Threads:
=>0x0000000013cb9800 VMThread [stack: 0x00000000159a0000,0x0000000015aa0000] [id=15488]

VM state:at safepoint (shutting down)

VM Mutex/Monitor currently owned by a thread:  ([mutex/lock_event])
[0x000000000244d970] Threads_lock - owner thread: 0x0000000013cb9800

Heap:
 PSYoungGen      total 118784K, used 64361K [0x00000000f5580000, 0x00000000fe980000, 0x0000000100000000)
  eden space 87040K, 73% used [0x00000000f5580000,0x00000000f945a428,0x00000000faa80000)
  from space 31744K, 0% used [0x00000000fca80000,0x00000000fca80000,0x00000000fe980000)
  to   space 32256K, 0% used [0x00000000faa80000,0x00000000faa80000,0x00000000fca00000)
 ParOldGen       total 115200K, used 46484K [0x00000000e0000000, 0x00000000e7080000, 0x00000000f5580000)
  object space 115200K, 40% used [0x00000000e0000000,0x00000000e2d651a0,0x00000000e7080000)
 Metaspace       used 84219K, capacity 91352K, committed 91696K, reserved 1128448K
  class space    used 10052K, capacity 12279K, committed 12336K, reserved 1048576K

Card table byte_map: [0x0000000011810000,0x0000000011920000] byte_map_base: 0x0000000011110000

Marking Bits: (ParMarkBitMap*) 0x0000000058e3a5b0
 Begin Bits: [0x00000000121d0000, 0x00000000129d0000)
 End Bits:   [0x00000000129d0000, 0x00000000131d0000)

Polling page: 0x0000000000580000

CodeCache: size=245760Kb used=34544Kb max_used=34564Kb free=211215Kb
 bounds [0x0000000002450000, 0x0000000004650000, 0x0000000011450000]
 total_blobs=10150 nmethods=9265 adapters=792
 compilation: enabled

Compilation events (10 events):
Event: 541.691 Thread 0x0000000013ccc800 11417       3       java.util.TimSort::reverseRange (32 bytes)
Event: 541.691 Thread 0x0000000013ccc800 nmethod 11417 0x0000000003b92b90 code [0x0000000003b92d20, 0x0000000003b931b0]
Event: 541.691 Thread 0x0000000013ccc800 11416       3       java.util.TimSort::gallopRight (335 bytes)
Event: 541.692 Thread 0x0000000013ccc800 nmethod 11416 0x0000000002984ed0 code [0x00000000029850c0, 0x0000000002985bb8]
Event: 541.692 Thread 0x0000000013ccc800 11420  s!   3       org.eclipse.osgi.storage.bundlefile.ZipBundleFile::close (64 bytes)
Event: 541.693 Thread 0x0000000013ccc800 nmethod 11420 0x00000000029b83d0 code [0x00000000029b85a0, 0x00000000029b8f38]
Event: 541.693 Thread 0x0000000015de4000 11427       4       org.eclipse.osgi.container.ModuleDatabase::readUnlock (11 bytes)
Event: 541.694 Thread 0x0000000013ccc800 11421       3       org.eclipse.osgi.container.Module::holdsTransitionEventLock (25 bytes)
Event: 541.694 Thread 0x0000000013ccc800 nmethod 11421 0x000000000335c1d0 code [0x000000000335c360, 0x000000000335ca88]
Event: 541.694 Thread 0x0000000013ccc800 11428       3       org.eclipse.osgi.internal.framework.EquinoxContainerAdaptor::invalidateWiring (186 bytes)

GC Heap History (10 events):
Event: 395.979 GC heap before
{Heap before GC invocations=21 (full 5):
 PSYoungGen      total 118784K, used 2887K [0x00000000f5580000, 0x00000000fea80000, 0x0000000100000000)
  eden space 86528K, 0% used [0x00000000f5580000,0x00000000f5580000,0x00000000faa00000)
  from space 32256K, 8% used [0x00000000fca00000,0x00000000fccd1c80,0x00000000fe980000)
  to   space 32768K, 0% used [0x00000000faa00000,0x00000000faa00000,0x00000000fca00000)
 ParOldGen       total 115200K, used 58010K [0x00000000e0000000, 0x00000000e7080000, 0x00000000f5580000)
  object space 115200K, 50% used [0x00000000e0000000,0x00000000e38a6a38,0x00000000e7080000)
 Metaspace       used 82851K, capacity 90098K, committed 90544K, reserved 1128448K
  class space    used 9943K, capacity 12101K, committed 12208K, reserved 1048576K
Event: 396.355 GC heap after
Heap after GC invocations=21 (full 5):
 PSYoungGen      total 118784K, used 0K [0x00000000f5580000, 0x00000000fea80000, 0x0000000100000000)
  eden space 86528K, 0% used [0x00000000f5580000,0x00000000f5580000,0x00000000faa00000)
  from space 32256K, 0% used [0x00000000fca00000,0x00000000fca00000,0x00000000fe980000)
  to   space 32768K, 0% used [0x00000000faa00000,0x00000000faa00000,0x00000000fca00000)
 ParOldGen       total 115200K, used 57560K [0x00000000e0000000, 0x00000000e7080000, 0x00000000f5580000)
  object space 115200K, 49% used [0x00000000e0000000,0x00000000e3836070,0x00000000e7080000)
 Metaspace       used 82851K, capacity 90098K, committed 90544K, reserved 1128448K
  class space    used 9943K, capacity 12101K, committed 12208K, reserved 1048576K
}
Event: 455.998 GC heap before
{Heap before GC invocations=22 (full 5):
 PSYoungGen      total 118784K, used 5038K [0x00000000f5580000, 0x00000000fea80000, 0x0000000100000000)
  eden space 86528K, 5% used [0x00000000f5580000,0x00000000f5a6bb10,0x00000000faa00000)
  from space 32256K, 0% used [0x00000000fca00000,0x00000000fca00000,0x00000000fe980000)
  to   space 32768K, 0% used [0x00000000faa00000,0x00000000faa00000,0x00000000fca00000)
 ParOldGen       total 115200K, used 57560K [0x00000000e0000000, 0x00000000e7080000, 0x00000000f5580000)
  object space 115200K, 49% used [0x00000000e0000000,0x00000000e3836070,0x00000000e7080000)
 Metaspace       used 82873K, capacity 90098K, committed 90544K, reserved 1128448K
  class space    used 9945K, capacity 12101K, committed 12208K, reserved 1048576K
Event: 456.001 GC heap after
Heap after GC invocations=22 (full 5):
 PSYoungGen      total 119296K, used 320K [0x00000000f5580000, 0x00000000fea80000, 0x0000000100000000)
  eden space 86528K, 0% used [0x00000000f5580000,0x00000000f5580000,0x00000000faa00000)
  from space 32768K, 0% used [0x00000000faa00000,0x00000000faa50000,0x00000000fca00000)
  to   space 32768K, 0% used [0x00000000fca80000,0x00000000fca80000,0x00000000fea80000)
 ParOldGen       total 115200K, used 57568K [0x00000000e0000000, 0x00000000e7080000, 0x00000000f5580000)
  object space 115200K, 49% used [0x00000000e0000000,0x00000000e3838070,0x00000000e7080000)
 Metaspace       used 82873K, capacity 90098K, committed 90544K, reserved 1128448K
  class space    used 9945K, capacity 12101K, committed 12208K, reserved 1048576K
}
Event: 456.001 GC heap before
{Heap before GC invocations=23 (full 6):
 PSYoungGen      total 119296K, used 320K [0x00000000f5580000, 0x00000000fea80000, 0x0000000100000000)
  eden space 86528K, 0% used [0x00000000f5580000,0x00000000f5580000,0x00000000faa00000)
  from space 32768K, 0% used [0x00000000faa00000,0x00000000faa50000,0x00000000fca00000)
  to   space 32768K, 0% used [0x00000000fca80000,0x00000000fca80000,0x00000000fea80000)
 ParOldGen       total 115200K, used 57568K [0x00000000e0000000, 0x00000000e7080000, 0x00000000f5580000)
  object space 115200K, 49% used [0x00000000e0000000,0x00000000e3838070,0x00000000e7080000)
 Metaspace       used 82873K, capacity 90098K, committed 90544K, reserved 1128448K
  class space    used 9945K, capacity 12101K, committed 12208K, reserved 1048576K
Event: 456.323 GC heap after
Heap after GC invocations=23 (full 6):
 PSYoungGen      total 119296K, used 0K [0x00000000f5580000, 0x00000000fea80000, 0x0000000100000000)
  eden space 86528K, 0% used [0x00000000f5580000,0x00000000f5580000,0x00000000faa00000)
  from space 32768K, 0% used [0x00000000faa00000,0x00000000faa00000,0x00000000fca00000)
  to   space 32768K, 0% used [0x00000000fca80000,0x00000000fca80000,0x00000000fea80000)
 ParOldGen       total 115200K, used 56954K [0x00000000e0000000, 0x00000000e7080000, 0x00000000f5580000)
  object space 115200K, 49% used [0x00000000e0000000,0x00000000e379e920,0x00000000e7080000)
 Metaspace       used 82873K, capacity 90098K, committed 90544K, reserved 1128448K
  class space    used 9945K, capacity 12101K, committed 12208K, reserved 1048576K
}
Event: 516.007 GC heap before
{Heap before GC invocations=24 (full 6):
 PSYoungGen      total 119296K, used 49703K [0x00000000f5580000, 0x00000000fea80000, 0x0000000100000000)
  eden space 86528K, 57% used [0x00000000f5580000,0x00000000f8609f18,0x00000000faa00000)
  from space 32768K, 0% used [0x00000000faa00000,0x00000000faa00000,0x00000000fca00000)
  to   space 32768K, 0% used [0x00000000fca80000,0x00000000fca80000,0x00000000fea80000)
 ParOldGen       total 115200K, used 56954K [0x00000000e0000000, 0x00000000e7080000, 0x00000000f5580000)
  object space 115200K, 49% used [0x00000000e0000000,0x00000000e379e920,0x00000000e7080000)
 Metaspace       used 83203K, capacity 90292K, committed 90544K, reserved 1128448K
  class space    used 9949K, capacity 12103K, committed 12208K, reserved 1048576K
Event: 516.010 GC heap after
Heap after GC invocations=24 (full 6):
 PSYoungGen      total 118784K, used 1792K [0x00000000f5580000, 0x00000000fe980000, 0x0000000100000000)
  eden space 87040K, 0% used [0x00000000f5580000,0x00000000f5580000,0x00000000faa80000)
  from space 31744K, 5% used [0x00000000fca80000,0x00000000fcc40000,0x00000000fe980000)
  to   space 32256K, 0% used [0x00000000faa80000,0x00000000faa80000,0x00000000fca00000)
 ParOldGen       total 115200K, used 56962K [0x00000000e0000000, 0x00000000e7080000, 0x00000000f5580000)
  object space 115200K, 49% used [0x00000000e0000000,0x00000000e37a0920,0x00000000e7080000)
 Metaspace       used 83203K, capacity 90292K, committed 90544K, reserved 1128448K
  class space    used 9949K, capacity 12103K, committed 12208K, reserved 1048576K
}
Event: 516.010 GC heap before
{Heap before GC invocations=25 (full 7):
 PSYoungGen      total 118784K, used 1792K [0x00000000f5580000, 0x00000000fe980000, 0x0000000100000000)
  eden space 87040K, 0% used [0x00000000f5580000,0x00000000f5580000,0x00000000faa80000)
  from space 31744K, 5% used [0x00000000fca80000,0x00000000fcc40000,0x00000000fe980000)
  to   space 32256K, 0% used [0x00000000faa80000,0x00000000faa80000,0x00000000fca00000)
 ParOldGen       total 115200K, used 56962K [0x00000000e0000000, 0x00000000e7080000, 0x00000000f5580000)
  object space 115200K, 49% used [0x00000000e0000000,0x00000000e37a0920,0x00000000e7080000)
 Metaspace       used 83203K, capacity 90292K, committed 90544K, reserved 1128448K
  class space    used 9949K, capacity 12103K, committed 12208K, reserved 1048576K
Event: 516.240 GC heap after
Heap after GC invocations=25 (full 7):
 PSYoungGen      total 118784K, used 0K [0x00000000f5580000, 0x00000000fe980000, 0x0000000100000000)
  eden space 87040K, 0% used [0x00000000f5580000,0x00000000f5580000,0x00000000faa80000)
  from space 31744K, 0% used [0x00000000fca80000,0x00000000fca80000,0x00000000fe980000)
  to   space 32256K, 0% used [0x00000000faa80000,0x00000000faa80000,0x00000000fca00000)
 ParOldGen       total 115200K, used 46484K [0x00000000e0000000, 0x00000000e7080000, 0x00000000f5580000)
  object space 115200K, 40% used [0x00000000e0000000,0x00000000e2d651a0,0x00000000e7080000)
 Metaspace       used 83143K, capacity 90192K, committed 90544K, reserved 1128448K
  class space    used 9938K, capacity 12083K, committed 12208K, reserved 1048576K
}

Deoptimization events (10 events):
Event: 541.036 Thread 0x0000000017177800 Uncommon trap: reason=class_check action=maybe_recompile pc=0x0000000004560afc method=org.eclipse.e4.core.internal.contexts.TrackableComputationExt.update(Lorg/eclipse/e4/core/internal/contexts/ContextChangeEvent;)Z @ 62
Event: 541.036 Thread 0x0000000017177800 Uncommon trap: reason=class_check action=maybe_recompile pc=0x0000000004560afc method=org.eclipse.e4.core.internal.contexts.TrackableComputationExt.update(Lorg/eclipse/e4/core/internal/contexts/ContextChangeEvent;)Z @ 62
Event: 541.085 Thread 0x0000000022a71000 Uncommon trap: reason=unstable_if action=reinterpret pc=0x00000000025d3ae4 method=sun.nio.cs.SingleByte$Encoder.encode(C)I @ 13
Event: 541.098 Thread 0x0000000017177800 Uncommon trap: reason=unstable_if action=reinterpret pc=0x0000000003ef8d24 method=org.eclipse.swt.graphics.Resource.dispose()V @ 15
Event: 541.644 Thread 0x0000000017177800 Uncommon trap: reason=unstable_if action=reinterpret pc=0x0000000002f0aff4 method=org.eclipse.osgi.internal.hooks.EclipseLazyStarter.shouldActivateFor(Ljava/lang/String;Lorg/eclipse/osgi/container/Module;Lorg/eclipse/osgi/container/ModuleRevision;Lorg/ecli!ì+æ(í€@
Event: 541.645 Thread 0x0000000018220800 Uncommon trap: reason=unstable_if action=reinterpret pc=0x0000000003e6c1bc method=org.eclipse.core.internal.jobs.JobManager.startJob(Lorg/eclipse/core/internal/jobs/Worker;)Lorg/eclipse/core/runtime/jobs/Job; @ 20
Event: 541.673 Thread 0x0000000018220800 Uncommon trap: reason=unstable_if action=reinterpret pc=0x0000000003e6653c method=org.eclipse.core.internal.jobs.JobManager.nextJob()Lorg/eclipse/core/runtime/jobs/Job; @ 80
Event: 541.673 Thread 0x000000001cde6800 Uncommon trap: reason=unstable_if action=reinterpret pc=0x0000000003e6653c method=org.eclipse.core.internal.jobs.JobManager.nextJob()Lorg/eclipse/core/runtime/jobs/Job; @ 80
Event: 541.673 Thread 0x000000001821f800 Uncommon trap: reason=unstable_if action=reinterpret pc=0x0000000003e6653c method=org.eclipse.core.internal.jobs.JobManager.nextJob()Lorg/eclipse/core/runtime/jobs/Job; @ 80
Event: 541.688 Thread 0x0000000017177800 Uncommon trap: reason=unstable_if action=reinterpret pc=0x0000000003c43824 method=sun.reflect.UnsafeStaticObjectFieldAccessorImpl.set(Ljava/lang/Object;Ljava/lang/Object;)V @ 13

Internal exceptions (10 events):
Event: 540.978 Thread 0x000000000244e800 Exception <a 'java/io/FileNotFoundException'> (0x00000000f8936420) thrown at [C:\re\workspace\8-2-build-windows-amd64-cygwin\jdk8u66\5298\hotspot\src\share\vm\prims\jni.cpp, line 709]
Event: 540.978 Thread 0x000000000244e800 Exception <a 'java/io/FileNotFoundException'> (0x00000000f8938788) thrown at [C:\re\workspace\8-2-build-windows-amd64-cygwin\jdk8u66\5298\hotspot\src\share\vm\prims\jni.cpp, line 709]
Event: 540.978 Thread 0x000000000244e800 Exception <a 'java/io/FileNotFoundException'> (0x00000000f893ac30) thrown at [C:\re\workspace\8-2-build-windows-amd64-cygwin\jdk8u66\5298\hotspot\src\share\vm\prims\jni.cpp, line 709]
Event: 541.001 Thread 0x000000000244e800 Implicit null exception at 0x0000000002a7e23d to 0x0000000002a80dad
Event: 541.084 Thread 0x0000000022a6e800 Exception <a 'java/lang/InterruptedException'> (0x00000000f8e9db98) thrown at [C:\re\workspace\8-2-build-windows-amd64-cygwin\jdk8u66\5298\hotspot\src\share\vm\runtime\objectMonitor.cpp, line 1683]
Event: 541.673 Thread 0x0000000018221000 Exception <a 'java/lang/InterruptedException'> (0x00000000f89a14a0) thrown at [C:\re\workspace\8-2-build-windows-amd64-cygwin\jdk8u66\5298\hotspot\src\share\vm\runtime\objectMonitor.cpp, line 1683]
Event: 541.688 Thread 0x0000000017177800 Implicit null exception at 0x0000000003c43417 to 0x0000000003c43811
Event: 541.689 Thread 0x0000000017130800 Exception <a 'java/lang/InterruptedException'> (0x00000000f91e8e98) thrown at [C:\re\workspace\8-2-build-windows-amd64-cygwin\jdk8u66\5298\hotspot\src\share\vm\runtime\objectMonitor.cpp, line 1683]
Event: 541.692 Thread 0x0000000018225000 Exception <a 'java/lang/InterruptedException'> (0x00000000f6c41be0) thrown at [C:\re\workspace\8-2-build-windows-amd64-cygwin\jdk8u66\5298\hotspot\src\share\vm\runtime\objectMonitor.cpp, line 1683]
Event: 541.692 Thread 0x0000000017782800 Exception <a 'java/lang/InterruptedException'> (0x00000000f93eef28) thrown at [C:\re\workspace\8-2-build-windows-amd64-cygwin\jdk8u66\5298\hotspot\src\share\vm\runtime\objectMonitor.cpp, line 1683]

Events (10 events):
Event: 541.694 Thread 0x0000000013ccc800 flushing nmethod 0x0000000002e1f090
Event: 541.694 loading class java/util/IdentityHashMap$KeyIterator
Event: 541.694 Thread 0x0000000013ccc800 flushing nmethod 0x0000000002e4e710
Event: 541.694 Thread 0x0000000013ccc800 flushing nmethod 0x0000000002e518d0
Event: 541.695 loading class java/util/IdentityHashMap$IdentityHashMapIterator
Event: 541.695 loading class java/util/IdentityHashMap$IdentityHashMapIterator done
Event: 541.695 loading class java/util/IdentityHashMap$KeyIterator done
Event: 541.695 Thread 0x0000000017177800 Thread added: 0x0000000017177800
Event: 541.695 Thread 0x0000000017177800 Thread exited: 0x0000000017177800
Event: 541.696 Executing VM operation: Exit


Dynamic libraries:
0x0000000000400000 - 0x000000000044f000 	C:\Xilinx\SDK\2016.4\eclipse\win64.o\eclipse.exe
0x00007ff974380000 - 0x00007ff974551000 	C:\WINDOWS\SYSTEM32\ntdll.dll
0x00007ff973360000 - 0x00007ff97340c000 	C:\WINDOWS\System32\KERNEL32.DLL
0x00007ff9676b0000 - 0x00007ff967704000 	C:\Program Files (x86)\AVG\Av\avghooka.dll
0x00007ff970ef0000 - 0x00007ff97110d000 	C:\WINDOWS\System32\KERNELBASE.dll
0x00007ff96ed80000 - 0x00007ff96edfa000 	C:\WINDOWS\system32\apphelp.dll
0x00007ff973700000 - 0x00007ff973865000 	C:\WINDOWS\System32\USER32.dll
0x00007ff970c70000 - 0x00007ff970c8e000 	C:\WINDOWS\System32\win32u.dll
0x00007ff9738e0000 - 0x00007ff973914000 	C:\WINDOWS\System32\GDI32.dll
0x00007ff970870000 - 0x00007ff9709f2000 	C:\WINDOWS\System32\gdi32full.dll
0x00007ff9742d0000 - 0x00007ff97436e000 	C:\WINDOWS\System32\msvcrt.dll
0x00007ff963b10000 - 0x00007ff963d8a000 	C:\WINDOWS\WinSxS\amd64_microsoft.windows.common-controls_6595b64144ccf1df_6.0.14393.953_none_42151e83c686086b\COMCTL32.dll
0x00007ff973920000 - 0x00007ff973be8000 	C:\WINDOWS\System32\combase.dll
0x00007ff970d40000 - 0x00007ff970e35000 	C:\WINDOWS\System32\ucrtbase.dll
0x00007ff973130000 - 0x00007ff973251000 	C:\WINDOWS\System32\RPCRT4.dll
0x00007ff971160000 - 0x00007ff9711ca000 	C:\WINDOWS\System32\bcryptPrimitives.dll
0x00007ff973260000 - 0x00007ff97328e000 	C:\WINDOWS\System32\IMM32.DLL
0x0000000072000000 - 0x0000000072012000 	C:\Xilinx\SDK\2016.4\eclipse\win64.o\plugins\org.eclipse.equinox.launcher.win32.win32.x86_64_1.1.300.v20150602-1417\eclipse_1611.dll
0x00007ff973410000 - 0x00007ff9734b2000 	C:\WINDOWS\System32\ADVAPI32.dll
0x00007ff971910000 - 0x00007ff971969000 	C:\WINDOWS\System32\sechost.dll
0x00007ff962ad0000 - 0x00007ff962ada000 	C:\WINDOWS\SYSTEM32\VERSION.dll
0x00007ff96efc0000 - 0x00007ff96f055000 	C:\WINDOWS\system32\uxtheme.dll
0x00007ff974020000 - 0x00007ff97417a000 	C:\WINDOWS\System32\MSCTF.dll
0x00007ff973290000 - 0x00007ff97334f000 	C:\WINDOWS\System32\OLEAUT32.dll
0x00007ff970bd0000 - 0x00007ff970c6c000 	C:\WINDOWS\System32\msvcp_win.dll
0x0000000058630000 - 0x0000000058eb9000 	C:\Xilinx\SDK\2016.4\tps\win64\jre\bin\server\jvm.dll
0x00007ff973350000 - 0x00007ff973358000 	C:\WINDOWS\System32\PSAPI.DLL
0x00007ff966e50000 - 0x00007ff966e59000 	C:\WINDOWS\SYSTEM32\WSOCK32.dll
0x00007ff973870000 - 0x00007ff9738da000 	C:\WINDOWS\System32\WS2_32.dll
0x00007ff96eac0000 - 0x00007ff96eae3000 	C:\WINDOWS\SYSTEM32\WINMM.dll
0x000000005afc0000 - 0x000000005b092000 	C:\WINDOWS\SYSTEM32\MSVCR100.dll
0x00007ff96e920000 - 0x00007ff96e94b000 	C:\WINDOWS\SYSTEM32\WINMMBASE.dll
0x00007ff971110000 - 0x00007ff971152000 	C:\WINDOWS\System32\cfgmgr32.dll
0x0000000059f80000 - 0x0000000059f8f000 	C:\Xilinx\SDK\2016.4\tps\win64\jre\bin\verify.dll
0x0000000059a10000 - 0x0000000059a39000 	C:\Xilinx\SDK\2016.4\tps\win64\jre\bin\java.dll
0x00000000599f0000 - 0x0000000059a06000 	C:\Xilinx\SDK\2016.4\tps\win64\jre\bin\zip.dll
0x00007ff971c20000 - 0x00007ff973128000 	C:\WINDOWS\System32\SHELL32.dll
0x00007ff971230000 - 0x00007ff97190a000 	C:\WINDOWS\System32\windows.storage.dll
0x00007ff970820000 - 0x00007ff97086c000 	C:\WINDOWS\System32\powrprof.dll
0x00007ff9741f0000 - 0x00007ff974242000 	C:\WINDOWS\System32\shlwapi.dll
0x00007ff970810000 - 0x00007ff97081f000 	C:\WINDOWS\System32\kernel.appcore.dll
0x00007ff970c90000 - 0x00007ff970d39000 	C:\WINDOWS\System32\shcore.dll
0x00007ff9707f0000 - 0x00007ff970804000 	C:\WINDOWS\System32\profapi.dll
0x00007ff970260000 - 0x00007ff970277000 	C:\WINDOWS\SYSTEM32\CRYPTSP.dll
0x00007ff96fcb0000 - 0x00007ff96fce3000 	C:\WINDOWS\system32\rsaenh.dll
0x00007ff970720000 - 0x00007ff97074b000 	C:\WINDOWS\SYSTEM32\bcrypt.dll
0x00007ff96ff30000 - 0x00007ff96ff4f000 	C:\WINDOWS\SYSTEM32\USERENV.dll
0x00007ff970250000 - 0x00007ff97025b000 	C:\WINDOWS\SYSTEM32\CRYPTBASE.dll
0x00000000599d0000 - 0x00000000599ea000 	C:\Xilinx\SDK\2016.4\tps\win64\jre\bin\net.dll
0x00007ff9700b0000 - 0x00007ff97010c000 	C:\WINDOWS\system32\mswsock.dll
0x00007ff96fe30000 - 0x00007ff96fe68000 	C:\WINDOWS\SYSTEM32\IPHLPAPI.DLL
0x00007ff974370000 - 0x00007ff974378000 	C:\WINDOWS\System32\NSI.dll
0x00007ff96cc10000 - 0x00007ff96cc26000 	C:\WINDOWS\SYSTEM32\dhcpcsvc6.DLL
0x00007ff96cb40000 - 0x00007ff96cb5a000 	C:\WINDOWS\SYSTEM32\dhcpcsvc.DLL
0x00000000599b0000 - 0x00000000599c1000 	C:\Xilinx\SDK\2016.4\tps\win64\jre\bin\nio.dll
0x00007ff95e4a0000 - 0x00007ff95e4b6000 	C:\WINDOWS\system32\napinsp.dll
0x00007ff95e470000 - 0x00007ff95e48a000 	C:\WINDOWS\system32\pnrpnsp.dll
0x00007ff96be20000 - 0x00007ff96be38000 	C:\WINDOWS\system32\NLAapi.dll
0x00007ff96fe70000 - 0x00007ff96ff11000 	C:\WINDOWS\SYSTEM32\DNSAPI.dll
0x00007ff962ee0000 - 0x00007ff962eee000 	C:\WINDOWS\System32\winrnr.dll
0x000000005b0d0000 - 0x000000005b0f6000 	C:\Program Files\Bonjour\mdnsNSP.dll
0x00007ff96b090000 - 0x00007ff96b09a000 	C:\Windows\System32\rasadhlp.dll
0x00007ff96b450000 - 0x00007ff96b4ba000 	C:\WINDOWS\System32\fwpuclnt.dll
0x0000000018e30000 - 0x0000000018ed8000 	C:\Users\Utilizador\.Xilinx\SDK\2016.4\org.eclipse.osgi\319\0\.cp\swt-win32-4527.dll
0x00007ff971a70000 - 0x00007ff971ba8000 	C:\WINDOWS\System32\ole32.dll
0x00007ff971970000 - 0x00007ff971a6a000 	C:\WINDOWS\System32\comdlg32.dll
0x00007ff970a00000 - 0x00007ff970bc9000 	C:\WINDOWS\System32\CRYPT32.dll
0x00007ff9707e0000 - 0x00007ff9707f0000 	C:\WINDOWS\System32\MSASN1.dll
0x00007ff96bc30000 - 0x00007ff96bcb6000 	C:\WINDOWS\SYSTEM32\WINSPOOL.DRV
0x00007ff96a3c0000 - 0x00007ff96a3d9000 	C:\WINDOWS\SYSTEM32\USP10.dll
0x00007ff96ce90000 - 0x00007ff96d15a000 	C:\WINDOWS\SYSTEM32\WININET.dll
0x00007ff96dd30000 - 0x00007ff96dd56000 	C:\WINDOWS\system32\dwmapi.dll
0x00007ff96daa0000 - 0x00007ff96dc25000 	C:\WINDOWS\SYSTEM32\propsys.dll
0x00007ff973660000 - 0x00007ff9736ff000 	C:\WINDOWS\System32\clbcatq.dll
0x00000000194b0000 - 0x00000000194ce000 	C:\Users\Utilizador\.Xilinx\SDK\2016.4\org.eclipse.osgi\319\0\.cp\swt-gdip-win32-4527.dll
0x00007ff965510000 - 0x00007ff9656aa000 	C:\WINDOWS\WinSxS\amd64_microsoft.windows.gdiplus_6595b64144ccf1df_1.1.14393.953_none_7300116921188239\gdiplus.dll
0x00007ff96c910000 - 0x00007ff96cab8000 	C:\WINDOWS\SYSTEM32\WindowsCodecs.dll
0x0000000180000000 - 0x0000000180012000 	C:\Users\Utilizador\.Xilinx\SDK\2016.4\org.eclipse.osgi\133\0\.cp\os\win32\x86_64\localfile_1_0_0.dll
0x00007ff95f420000 - 0x00007ff95f485000 	C:\WINDOWS\SYSTEM32\oleacc.dll
0x00007ff96a9c0000 - 0x00007ff96a9c7000 	C:\WINDOWS\SYSTEM32\msimg32.dll
0x00007ff96c760000 - 0x00007ff96c771000 	C:\Users\Utilizador\.Xilinx\SDK\2016.4\org.eclipse.osgi\136\0\.cp\jWinHttp-1.0.0.dll
0x00007ff96dc60000 - 0x00007ff96dd2d000 	C:\WINDOWS\SYSTEM32\WINHTTP.dll
0x00007ff96ec40000 - 0x00007ff96ec4f000 	C:\Xilinx\SDK\2016.4\lib\win64.o\librdi_repo_manager.dll
0x00007ff96c6f0000 - 0x00007ff96c71a000 	C:\Xilinx\SDK\2016.4\lib\win64.o\libisl_sysinfo.dll
0x00007ff912f70000 - 0x00007ff913a1a000 	C:\Xilinx\SDK\2016.4\lib\win64.o\librdi_common.dll
0x00007ff9574d0000 - 0x00007ff957523000 	C:\Xilinx\SDK\2016.4\lib\win64.o\librdi_commonxillic.dll
0x00007ff923810000 - 0x00007ff923a08000 	C:\Xilinx\SDK\2016.4\lib\win64.o\librdi_hsm.dll
0x00007ff964c00000 - 0x00007ff964ca7000 	C:\WINDOWS\SYSTEM32\MSVCP110.dll
0x00007ff964cb0000 - 0x00007ff964d84000 	C:\WINDOWS\SYSTEM32\MSVCR110.dll
0x00007ff913df0000 - 0x00007ff91415e000 	C:\Xilinx\SDK\2016.4\lib\win64.o\libCOIN-all.dll
0x00007ff913bd0000 - 0x00007ff913def000 	C:\Xilinx\SDK\2016.4\lib\win64.o\libXil_lmgr11.dll
0x00007ff9711d0000 - 0x00007ff971225000 	C:\WINDOWS\System32\WINTRUST.dll
0x00007ff96c3c0000 - 0x00007ff96c3d0000 	C:\Xilinx\SDK\2016.4\lib\win64.o\libboost_date_time.dll
0x00007ff96bb30000 - 0x00007ff96bb54000 	C:\Xilinx\SDK\2016.4\lib\win64.o\libboost_filesystem.dll
0x00007ff954c20000 - 0x00007ff954c97000 	C:\Xilinx\SDK\2016.4\lib\win64.o\libboost_program_options.dll
0x00007ff94d910000 - 0x00007ff94da16000 	C:\Xilinx\SDK\2016.4\lib\win64.o\libboost_regex.dll
0x00007ff96c190000 - 0x00007ff96c1a3000 	C:\Xilinx\SDK\2016.4\lib\win64.o\libboost_signals.dll
0x00007ff96c330000 - 0x00007ff96c339000 	C:\Xilinx\SDK\2016.4\lib\win64.o\libboost_system.dll
0x00007ff96bd30000 - 0x00007ff96bd4d000 	C:\Xilinx\SDK\2016.4\lib\win64.o\libboost_thread.dll
0x00007ff96c260000 - 0x00007ff96c26b000 	C:\Xilinx\SDK\2016.4\lib\win64.o\libboost_xilinx.dll
0x00007ff94d890000 - 0x00007ff94d910000 	C:\Xilinx\SDK\2016.4\lib\win64.o\libhdlpsolve.dll
0x00007ff949fe0000 - 0x00007ff94a07a000 	C:\Xilinx\SDK\2016.4\lib\win64.o\libhdxml.dll
0x00007ff912ba0000 - 0x00007ff912f69000 	C:\Xilinx\SDK\2016.4\lib\win64.o\libisl_iostreams.dll
0x00007ff96b8a0000 - 0x00007ff96b8b5000 	C:\Xilinx\SDK\2016.4\lib\win64.o\pthreadVC2.dll
0x00007ff942640000 - 0x00007ff942770000 	C:\Xilinx\SDK\2016.4\lib\win64.o\librdi_curl.dll
0x00007ff96b860000 - 0x00007ff96b878000 	C:\Xilinx\SDK\2016.4\lib\win64.o\librdiconfig.dll
0x00007ff968c40000 - 0x00007ff968c5f000 	C:\Xilinx\SDK\2016.4\lib\win64.o\librdizlib.dll
0x0000000059f90000 - 0x000000005a0b7000 	C:\Xilinx\SDK\2016.4\lib\win64.o\tcl85t.dll
0x0000000027680000 - 0x00000000278e3000 	C:\Xilinx\SDK\2016.4\lib\win64.o\xerces-c_3_1.dll
0x00007ff963320000 - 0x00007ff9634e3000 	C:\WINDOWS\SYSTEM32\urlmon.dll
0x00007ff955770000 - 0x00007ff955793000 	C:\WINDOWS\SYSTEM32\VCOMP110.DLL
0x00007ff963e50000 - 0x00007ff963e93000 	C:\Xilinx\SDK\2016.4\lib\win64.o\librdi_hdf.dll
0x00007ff9128d0000 - 0x00007ff912b98000 	C:\Xilinx\SDK\2016.4\lib\win64.o\librdi_ippcw.dll
0x00007ff96a770000 - 0x00007ff96a788000 	C:\WINDOWS\SYSTEM32\NETAPI32.dll
0x00007ff967160000 - 0x00007ff96716b000 	C:\Xilinx\SDK\2016.4\lib\win64.o\libboost_chrono.dll
0x00007ff9650f0000 - 0x00007ff965106000 	C:\Xilinx\SDK\2016.4\lib\win64.o\libboost_iostreams.dll
0x00007ff964ab0000 - 0x00007ff964ad3000 	C:\Xilinx\SDK\2016.4\lib\win64.o\libisl_iosutils.dll
0x00007ff96ab70000 - 0x00007ff96ae15000 	C:\WINDOWS\SYSTEM32\iertutil.dll
0x00007ff962a20000 - 0x00007ff962a62000 	C:\WINDOWS\SYSTEM32\edputil.dll
0x00007ff963e10000 - 0x00007ff963e26000 	C:\Xilinx\SDK\2016.4\eclipse\win64.o\plugins\org.eclipse.cdt.core.win32.x86_64_5.4.0.201509131935\os\win32\x86_64\spawner.dll
0x00007ff967150000 - 0x00007ff96715a000 	C:\Xilinx\SDK\2016.4\lib\win64.o\librdi_jtag_settings.dll
0x00007ff953700000 - 0x00007ff953729000 	C:\Xilinx\SDK\2016.4\lib\win64.o\librdi_debug_dialog.dll
0x00007ff965340000 - 0x00007ff965348000 	C:\Xilinx\SDK\2016.4\lib\win64.o\librdi_target_manager.dll
0x00007ff9024d0000 - 0x00007ff902ce0000 	C:\Xilinx\SDK\2016.4\lib\win64.o\libXil_lmgr11FNP.dll
0x00007ff973bf0000 - 0x00007ff974019000 	C:\WINDOWS\System32\SETUPAPI.dll
0x00007ff961440000 - 0x00007ff96144c000 	C:\WINDOWS\SYSTEM32\snmpapi.dll
0x00007ff970450000 - 0x00007ff97047c000 	C:\WINDOWS\SYSTEM32\SspiCli.dll
0x00000000199c0000 - 0x00000000199c3000 	C:\WINDOWS\SYSTEM32\icmp.Dll

VM Arguments:
jvm_args: -Dcom.xilinx.sdk.args.hwspec=C:/Users/Utilizador/Desktop/Universidade/4_ano/2_semestre/CR/Projeto/ProjetoFinal/MP_ToDisplays/MP_ToDisplays.sdk/DebUART_wrapper.hdf -Xms64m -Xmx512m & 
java_command: <unknown>
java_class_path (initial): C:\Xilinx\SDK\2016.4\eclipse\win64.o\\plugins/org.eclipse.equinox.launcher_1.3.100.v20150511-1540.jar
Launcher Type: generic

Environment Variables:
JAVA_HOME=C:\Program Files\Java\jdk1.8.0_101
PATH=C:/Xilinx/SDK/2016.4/tps/win64/jre/bin/server;C:/Xilinx/SDK/2016.4/tps/win64/jre/bin;C:/Xilinx/SDK/2016.4/tps/win64/jre/lib/amd64;C:\Xilinx\SDK\2016.4\gnuwin\bin;C:\Xilinx\SDK\2016.4\gnu\microblaze\nt\bin;C:\Xilinx\SDK\2016.4\gnu\microblaze\linux_toolchain\nt64_le\bin;C:\Xilinx\SDK\2016.4\gnu\microblaze\linux_toolchain\nt64_be\bin;C:\Xilinx\SDK\2016.4\gnu\arm\nt\bin;C:\Xilinx\SDK\2016.4\gnu\aarch64\nt\aarch64-none\bin;C:\Xilinx\SDK\2016.4\gnu\aarch64\nt\aarch64-linux\bin;C:\Xilinx\SDK\2016.4\gnu\armr5\nt\gcc-arm-none-eabi\bin;C:\Xilinx\SDK\2016.4\gnu\aarch32\nt\gcc-arm-none-eabi\bin;C:\Xilinx\SDK\2016.4\gnu\aarch32\nt\gcc-arm-linux-gnueabi\bin;C:\Xilinx\SDK\2016.4\tps\win64\cmake-3.3.2\bin;;C:\Xilinx\SDK\2016.4\bin;C:\Xilinx\SDK\2016.4\lib\win64.o;C:\Xilinx\SDK\2016.4\tps\win64\jre\bin\server;C:\Xilinx\SDK\2016.4\tps\win64\jre\bin;C:\Xilinx\Vivado\2016.4\ids_lite\ISE\bin\nt64;C:\Xilinx\Vivado\2016.4\ids_lite\ISE\lib\nt64;C:\Xilinx\Vivado\2016.4\bin;C:\Xilinx\Vivado\2016.4\lib\win64.o;C:\Xilinx\Vivado\2016.4\tps\win64\jre\bin\server;C:\Xilinx\Vivado\2016.4\tps\win64\jre\bin;C:\Xilinx\Vivado_HLS\2016.4\bin;C:\WINDOWS\system32\Npcap;C:\Program Files\MATLAB\MATLAB Production Server\R2015a\runtime\win64;C:\Program Files\MATLAB\MATLAB Production Server\R2015a\bin;C:\Program Files\MATLAB\MATLAB Production Server\R2015a\polyspace\bin;C:\Program Files\PuTTY\;c:\Program Files\Intel\WiFi\bin\;c:\Program Files\Common Files\Intel\WirelessCommon\;C:\Users\Utilizador\AppData\Roaming\npm;C:\Users\Utilizador\AppData\Local\Microsoft\WindowsApps;C:\Python27;C:\Program Files\Java\jdk1.8.0_101\bin;C:\Program Files\NetBeans 8.2\java\maven\bin;C:\Users\Utilizador\Desktop\Universidade\4_ano\2_semestre\CR\Projeto\ProjetoFinal\MP_ToDisplays;
USERNAME=Utilizador
OS=Windows_NT
PROCESSOR_IDENTIFIER=Intel64 Family 6 Model 60 Stepping 3, GenuineIntel



---------------  S Y S T E M  ---------------

OS: Windows 10.0 , 64 bit Build 14393 (10.0.14393.1198)

CPU:total 8 (4 cores per cpu, 2 threads per core) family 6 model 60 stepping 3, cmov, cx8, fxsr, mmx, sse, sse2, sse3, ssse3, sse4.1, sse4.2, popcnt, avx, avx2, aes, clmul, erms, lzcnt, ht, tsc, tscinvbit, bmi1, bmi2

Memory: 4k page, physical 8319000k(3318320k free), swap 12976516k(6044844k free)

vm_info: Java HotSpot(TM) 64-Bit Server VM (25.66-b18) for windows-amd64 JRE (1.8.0_66-b18), built on Nov  9 2015 10:51:13 by "java_re" with MS VC++ 10.0 (VS2010)

time: Wed May 31 18:17:51 2017
elapsed time: 542 seconds (0d 0h 9m 2s)

