#
# A fatal error has been detected by the Java Runtime Environment:
#
#  EXCEPTION_UNCAUGHT_CXX_EXCEPTION (0xe06d7363) at pc=0x00007ff970f23c58, pid=15284, tid=7624
#
# JRE version: Java(TM) SE Runtime Environment (8.0_66-b18) (build 1.8.0_66-b18)
# Java VM: Java HotSpot(TM) 64-Bit Server VM (25.66-b18 mixed mode windows-amd64 compressed oops)
# Problematic frame:
# C  [KERNELBASE.dll+0x33c58]
#
# Failed to write core dump. Minidumps are not enabled by default on client versions of Windows
#
# If you would like to submit a bug report, please visit:
#   http://bugreport.java.com/bugreport/crash.jsp
#

---------------  T H R E A D  ---------------

Current thread (0x0000000013d49800):  VMThread [stack: 0x0000000015a20000,0x0000000015b20000] [id=7624]

siginfo: ExceptionCode=0xe06d7363, ExceptionInformation=0x0000000019930520 0x0000000015b1f448 0x00007ff964d62cb8 0x00007ff964cb0000 

Registers:
RAX=0x004c0044002e006c, RBX=0x00007ff964d62cb8, RCX=0x000000000000004c, RDX=0x0000000000000000
RSP=0x0000000015b1f290, RBP=0x0000000015b1f3d0, RSI=0x00000000ffffffff, RDI=0x0000000026a6c710
R8 =0x0000000000000000, R9 =0x0000000000000000, R10=0x0000000000000000, R11=0x0000000000000000
R12=0x0000000000000001, R13=0x0000000000000008, R14=0x0000000000000000, R15=0xffffffffffffffff
RIP=0x00007ff970f23c58, EFLAGS=0x0000000000000202

Top of Stack: (sp=0x0000000015b1f290)
0x0000000015b1f290:   0000000000000000 00007ff964d62cb8
0x0000000015b1f2a0:   00000000ffffffff 0000000026a6c710
0x0000000015b1f2b0:   00000001e06d7363 0000000000000000
0x0000000015b1f2c0:   00007ff970f23c58 00007ff900000004
0x0000000015b1f2d0:   0000000019930520 0000000015b1f448
0x0000000015b1f2e0:   00007ff964d62cb8 00007ff964cb0000
0x0000000015b1f2f0:   0000000000000008 0000000000000001
0x0000000015b1f300:   0000000026a6c710 00000000ffffffff
0x0000000015b1f310:   0000000015b1f3d0 00007ff9743cc26f
0x0000000015b1f320:   0000000015b1f3e0 0000000000000000
0x0000000015b1f330:   0000cb930e51d1a4 0000000000000001
0x0000000015b1f340:   00007ff964d79000 00007ff964cb0000
0x0000000015b1f350:   0000577ec1752eaf 0000000015b1f580
0x0000000015b1f360:   00007ff964d62cb8 00007ff964d0e92c
0x0000000015b1f370:   000000000000001f 0000000000000008
0x0000000015b1f380:   0000000000000001 0000000026a6c710 

Instructions: (pc=0x00007ff970f23c58)
0x00007ff970f23c38:   49 8b d1 44 0f 47 c0 44 89 44 24 38 49 c1 e0 03
0x00007ff970f23c48:   e8 47 90 04 00 48 8d 4c 24 20 ff 15 a0 44 11 00
0x00007ff970f23c58:   48 8b 8c 24 c0 00 00 00 48 33 cc e8 d8 55 04 00
0x00007ff970f23c68:   48 81 c4 d8 00 00 00 c3 83 64 24 38 00 eb d6 cc 


Register to memory mapping:

RAX=0x004c0044002e006c is an unknown value
RBX=0x00007ff964d62cb8 is an unknown value
RCX=0x000000000000004c is an unknown value
RDX=0x0000000000000000 is an unknown value
RSP=0x0000000015b1f290 is an unknown value
RBP=0x0000000015b1f3d0 is an unknown value
RSI=0x00000000ffffffff is an unallocated location in the heap
RDI=0x0000000026a6c710 is an unknown value
R8 =0x0000000000000000 is an unknown value
R9 =0x0000000000000000 is an unknown value
R10=0x0000000000000000 is an unknown value
R11=0x0000000000000000 is an unknown value
R12=0x0000000000000001 is an unknown value
R13=0x0000000000000008 is an unknown value
R14=0x0000000000000000 is an unknown value
R15=0xffffffffffffffff is an unknown value


Stack: [0x0000000015a20000,0x0000000015b20000],  sp=0x0000000015b1f290,  free space=1020k
Native frames: (J=compiled Java code, j=interpreted, Vv=VM code, C=native code)
C  [KERNELBASE.dll+0x33c58]
C  [MSVCR110.dll+0x5e92c]
C  [MSVCR110.dll+0x1315c]
C  [MSVCR110.dll+0x136a9]
C  [MSVCR110.dll+0x13e9c]
C  [MSVCR110.dll+0x239e]
C  [MSVCR110.dll+0xaf9e]
C  [MSVCP110.dll+0x397b9]
C  [librdi_common.dll+0x183a66]
C  [librdi_common.dll+0x1826fb]
C  [librdi_target_manager.dll+0x2400]
C  [librdi_target_manager.dll+0x2682]
C  [ntdll.dll+0x2a35f]
C  [ntdll.dll+0x806b]
C  [ntdll.dll+0x7d94]
C  [KERNEL32.DLL+0x1ce6a]
C  [MSVCR100.dll+0x20ccd]
V  [jvm.dll+0x210cc5]
V  [jvm.dll+0x249897]
V  [jvm.dll+0x248b36]
V  [jvm.dll+0x248fd1]
V  [jvm.dll+0x2491ee]
V  [jvm.dll+0x29a0fa]
C  [MSVCR100.dll+0x21d9f]
C  [MSVCR100.dll+0x21e3b]
C  [KERNEL32.DLL+0x8364]
C  [ntdll.dll+0x670d1]

VM_Operation (0x000000000014f4c0): Exit, mode: safepoint, requested by thread 0x000000000248e800


---------------  P R O C E S S  ---------------

Java Threads: ( => current thread )
  0x000000001b48c000 JavaThread "pool-2-thread-4" [_thread_blocked, id=6448, stack(0x0000000036420000,0x0000000036520000)]
  0x000000001b487800 JavaThread "pool-2-thread-3" [_thread_blocked, id=7832, stack(0x0000000030f20000,0x0000000031020000)]
  0x000000001f5ae800 JavaThread "pool-2-thread-2" [_thread_blocked, id=13000, stack(0x000000002f020000,0x000000002f120000)]
  0x000000001f5ab800 JavaThread "pool-2-thread-1" [_thread_blocked, id=13848, stack(0x000000002be20000,0x000000002bf20000)]
  0x000000001f5a0000 JavaThread "Thread-55" daemon [_thread_blocked, id=11496, stack(0x000000002bc20000,0x000000002bd20000)]
  0x000000001b385000 JavaThread "TCF Channel Transmitter" daemon [_thread_blocked, id=14548, stack(0x0000000026920000,0x0000000026a20000)]
  0x000000001b380800 JavaThread "TCF Channel Receiver" daemon [_thread_in_native, id=4624, stack(0x0000000026820000,0x0000000026920000)]
  0x000000001b37f800 JavaThread "Process monitor" daemon [_thread_in_native, id=4828, stack(0x0000000025f40000,0x0000000026040000)]
  0x000000001b383800 JavaThread "Input Stream Monitor" daemon [_thread_blocked, id=7364, stack(0x0000000025e40000,0x0000000025f40000)]
  0x000000001b489800 JavaThread "Output Stream Monitor" daemon [_thread_in_native, id=3436, stack(0x0000000025d40000,0x0000000025e40000)]
  0x000000001b489000 JavaThread "Output Stream Monitor" daemon [_thread_in_native, id=8032, stack(0x0000000025c40000,0x0000000025d40000)]
  0x000000001b483800 JavaThread "TCF Locator DNS Lookup" daemon [_thread_blocked, id=9536, stack(0x00000000234d0000,0x00000000235d0000)]
  0x000000001b484800 JavaThread "TCF Locator Timer" daemon [_thread_blocked, id=13684, stack(0x00000000233d0000,0x00000000234d0000)]
  0x000000001b483000 JavaThread "TCF Locator Receiver" daemon [_thread_blocked, id=16536, stack(0x00000000232d0000,0x00000000233d0000)]
  0x000000001b47d000 JavaThread "TCF Timer Dispatcher" daemon [_thread_blocked, id=6300, stack(0x00000000230d0000,0x00000000231d0000)]
  0x0000000016156000 JavaThread "EMF Reference Cleaner" daemon [_thread_blocked, id=13772, stack(0x0000000019210000,0x0000000019310000)]
  0x0000000013d5e000 JavaThread "Service Thread" daemon [_thread_blocked, id=8768, stack(0x0000000016820000,0x0000000016920000)]
  0x0000000015e57000 JavaThread "C1 CompilerThread3" daemon [_thread_blocked, id=16720, stack(0x0000000016720000,0x0000000016820000)]
  0x0000000015e53800 JavaThread "C2 CompilerThread2" daemon [_thread_blocked, id=7564, stack(0x0000000016620000,0x0000000016720000)]
  0x0000000015e4f000 JavaThread "C2 CompilerThread1" daemon [_thread_blocked, id=2628, stack(0x0000000016520000,0x0000000016620000)]
  0x0000000015e4d800 JavaThread "C2 CompilerThread0" daemon [_thread_blocked, id=6292, stack(0x0000000016420000,0x0000000016520000)]
  0x0000000015e5c800 JavaThread "Attach Listener" daemon [_thread_blocked, id=16196, stack(0x0000000016320000,0x0000000016420000)]
  0x0000000015e5b800 JavaThread "Signal Dispatcher" daemon [_thread_blocked, id=8884, stack(0x0000000016220000,0x0000000016320000)]
  0x0000000002589800 JavaThread "Finalizer" daemon [_thread_blocked, id=2592, stack(0x0000000015c20000,0x0000000015d20000)]
  0x0000000013d4d800 JavaThread "Reference Handler" daemon [_thread_blocked, id=9240, stack(0x0000000015b20000,0x0000000015c20000)]
  0x000000000248e800 JavaThread "main" [_thread_blocked, id=17872, stack(0x0000000000050000,0x0000000000150000)]

Other Threads:
=>0x0000000013d49800 VMThread [stack: 0x0000000015a20000,0x0000000015b20000] [id=7624]

VM state:at safepoint (shutting down)

VM Mutex/Monitor currently owned by a thread:  ([mutex/lock_event])
[0x000000000248d240] Threads_lock - owner thread: 0x0000000013d49800

Heap:
 PSYoungGen      total 83456K, used 16028K [0x00000000f5580000, 0x00000000fc580000, 0x0000000100000000)
  eden space 77824K, 13% used [0x00000000f5580000,0x00000000f5fabfc0,0x00000000fa180000)
  from space 5632K, 99% used [0x00000000fa380000,0x00000000fa8fb240,0x00000000fa900000)
  to   space 18432K, 0% used [0x00000000fb380000,0x00000000fb380000,0x00000000fc580000)
 ParOldGen       total 118784K, used 44699K [0x00000000e0000000, 0x00000000e7400000, 0x00000000f5580000)
  object space 118784K, 37% used [0x00000000e0000000,0x00000000e2ba6c38,0x00000000e7400000)
 Metaspace       used 87904K, capacity 95252K, committed 95380K, reserved 1132544K
  class space    used 10418K, capacity 12635K, committed 12692K, reserved 1048576K

Card table byte_map: [0x0000000011950000,0x0000000011a60000] byte_map_base: 0x0000000011250000

Marking Bits: (ParMarkBitMap*) 0x0000000058d8a5b0
 Begin Bits: [0x0000000012260000, 0x0000000012a60000)
 End Bits:   [0x0000000012a60000, 0x0000000013260000)

Polling page: 0x0000000000460000

CodeCache: size=245760Kb used=41282Kb max_used=41282Kb free=204478Kb
 bounds [0x0000000002590000, 0x0000000004e30000, 0x0000000011590000]
 total_blobs=11953 nmethods=11064 adapters=796
 compilation: enabled

Compilation events (10 events):
Event: 1254.527 Thread 0x0000000015e57000 nmethod 13747 0x0000000003b35350 code [0x0000000003b354c0, 0x0000000003b35648]
Event: 1254.527 Thread 0x0000000015e57000 13748       3       org.eclipse.osgi.container.ModuleWiring::invalidate0 (52 bytes)
Event: 1254.529 Thread 0x0000000015e57000 nmethod 13748 0x00000000040e2290 code [0x00000000040e2440, 0x00000000040e2de8]
Event: 1254.529 Thread 0x0000000015e57000 13749       3       org.eclipse.osgi.internal.container.AtomicLazyInitializer::getAndClear (9 bytes)
Event: 1254.529 Thread 0x0000000015e57000 nmethod 13749 0x0000000003e2e610 code [0x0000000003e2e780, 0x0000000003e2e9d0]
Event: 1254.529 Thread 0x0000000015e57000 13750       3       java.util.concurrent.atomic.AtomicReference::getAndSet (12 bytes)
Event: 1254.529 Thread 0x0000000015e57000 nmethod 13750 0x000000000354d010 code [0x000000000354d160, 0x000000000354d2d0]
Event: 1254.529 Thread 0x0000000015e57000 13751       3       sun.misc.Unsafe::getAndSetObject (24 bytes)
Event: 1254.530 Thread 0x0000000015e57000 nmethod 13751 0x00000000038f6e50 code [0x00000000038f6fc0, 0x00000000038f71d0]
Event: 1254.530 Thread 0x0000000015e57000 13752       3       org.eclipse.osgi.internal.framework.EquinoxContainerAdaptor::invalidateWiring (186 bytes)

GC Heap History (10 events):
Event: 902.629 GC heap before
{Heap before GC invocations=32 (full 11):
 PSYoungGen      total 99328K, used 75264K [0x00000000f5580000, 0x00000000fcf00000, 0x0000000100000000)
  eden space 75264K, 100% used [0x00000000f5580000,0x00000000f9f00000,0x00000000f9f00000)
  from space 24064K, 0% used [0x00000000fb780000,0x00000000fb780000,0x00000000fcf00000)
  to   space 24576K, 0% used [0x00000000f9f00000,0x00000000f9f00000,0x00000000fb700000)
 ParOldGen       total 118784K, used 44659K [0x00000000e0000000, 0x00000000e7400000, 0x00000000f5580000)
  object space 118784K, 37% used [0x00000000e0000000,0x00000000e2b9cc38,0x00000000e7400000)
 Metaspace       used 83968K, capacity 91128K, committed 91412K, reserved 1128448K
  class space    used 10007K, capacity 12188K, committed 12308K, reserved 1048576K
Event: 902.644 GC heap after
Heap after GC invocations=32 (full 11):
 PSYoungGen      total 99840K, used 2638K [0x00000000f5580000, 0x00000000fd500000, 0x0000000100000000)
  eden space 75264K, 0% used [0x00000000f5580000,0x00000000f5580000,0x00000000f9f00000)
  from space 24576K, 10% used [0x00000000f9f00000,0x00000000fa1938c0,0x00000000fb700000)
  to   space 23552K, 0% used [0x00000000fbe00000,0x00000000fbe00000,0x00000000fd500000)
 ParOldGen       total 118784K, used 44667K [0x00000000e0000000, 0x00000000e7400000, 0x00000000f5580000)
  object space 118784K, 37% used [0x00000000e0000000,0x00000000e2b9ec38,0x00000000e7400000)
 Metaspace       used 83968K, capacity 91128K, committed 91412K, reserved 1128448K
  class space    used 10007K, capacity 12188K, committed 12308K, reserved 1048576K
}
Event: 1036.120 GC heap before
{Heap before GC invocations=33 (full 11):
 PSYoungGen      total 99840K, used 77902K [0x00000000f5580000, 0x00000000fd500000, 0x0000000100000000)
  eden space 75264K, 100% used [0x00000000f5580000,0x00000000f9f00000,0x00000000f9f00000)
  from space 24576K, 10% used [0x00000000f9f00000,0x00000000fa1938c0,0x00000000fb700000)
  to   space 23552K, 0% used [0x00000000fbe00000,0x00000000fbe00000,0x00000000fd500000)
 ParOldGen       total 118784K, used 44667K [0x00000000e0000000, 0x00000000e7400000, 0x00000000f5580000)
  object space 118784K, 37% used [0x00000000e0000000,0x00000000e2b9ec38,0x00000000e7400000)
 Metaspace       used 84387K, capacity 91748K, committed 91924K, reserved 1128448K
  class space    used 10022K, capacity 12222K, committed 12308K, reserved 1048576K
Event: 1036.136 GC heap after
Heap after GC invocations=33 (full 11):
 PSYoungGen      total 100864K, used 4527K [0x00000000f5580000, 0x00000000fd080000, 0x0000000100000000)
  eden space 81920K, 0% used [0x00000000f5580000,0x00000000f5580000,0x00000000fa580000)
  from space 18944K, 23% used [0x00000000fbe00000,0x00000000fc26bca0,0x00000000fd080000)
  to   space 22016K, 0% used [0x00000000fa580000,0x00000000fa580000,0x00000000fbb00000)
 ParOldGen       total 118784K, used 44675K [0x00000000e0000000, 0x00000000e7400000, 0x00000000f5580000)
  object space 118784K, 37% used [0x00000000e0000000,0x00000000e2ba0c38,0x00000000e7400000)
 Metaspace       used 84387K, capacity 91748K, committed 91924K, reserved 1128448K
  class space    used 10022K, capacity 12222K, committed 12308K, reserved 1048576K
}
Event: 1161.205 GC heap before
{Heap before GC invocations=34 (full 11):
 PSYoungGen      total 100864K, used 86447K [0x00000000f5580000, 0x00000000fd080000, 0x0000000100000000)
  eden space 81920K, 100% used [0x00000000f5580000,0x00000000fa580000,0x00000000fa580000)
  from space 18944K, 23% used [0x00000000fbe00000,0x00000000fc26bca0,0x00000000fd080000)
  to   space 22016K, 0% used [0x00000000fa580000,0x00000000fa580000,0x00000000fbb00000)
 ParOldGen       total 118784K, used 44675K [0x00000000e0000000, 0x00000000e7400000, 0x00000000f5580000)
  object space 118784K, 37% used [0x00000000e0000000,0x00000000e2ba0c38,0x00000000e7400000)
 Metaspace       used 85612K, capacity 93058K, committed 93332K, reserved 1130496K
  class space    used 10186K, capacity 12361K, committed 12436K, reserved 1048576K
Event: 1161.219 GC heap after
Heap after GC invocations=34 (full 11):
 PSYoungGen      total 103936K, used 5680K [0x00000000f5580000, 0x00000000fd300000, 0x0000000100000000)
  eden space 81920K, 0% used [0x00000000f5580000,0x00000000f5580000,0x00000000fa580000)
  from space 22016K, 25% used [0x00000000fa580000,0x00000000fab0c0d8,0x00000000fbb00000)
  to   space 20480K, 0% used [0x00000000fbf00000,0x00000000fbf00000,0x00000000fd300000)
 ParOldGen       total 118784K, used 44683K [0x00000000e0000000, 0x00000000e7400000, 0x00000000f5580000)
  object space 118784K, 37% used [0x00000000e0000000,0x00000000e2ba2c38,0x00000000e7400000)
 Metaspace       used 85612K, capacity 93058K, committed 93332K, reserved 1130496K
  class space    used 10186K, capacity 12361K, committed 12436K, reserved 1048576K
}
Event: 1228.680 GC heap before
{Heap before GC invocations=35 (full 11):
 PSYoungGen      total 103936K, used 87600K [0x00000000f5580000, 0x00000000fd300000, 0x0000000100000000)
  eden space 81920K, 100% used [0x00000000f5580000,0x00000000fa580000,0x00000000fa580000)
  from space 22016K, 25% used [0x00000000fa580000,0x00000000fab0c0d8,0x00000000fbb00000)
  to   space 20480K, 0% used [0x00000000fbf00000,0x00000000fbf00000,0x00000000fd300000)
 ParOldGen       total 118784K, used 44683K [0x00000000e0000000, 0x00000000e7400000, 0x00000000f5580000)
  object space 118784K, 37% used [0x00000000e0000000,0x00000000e2ba2c38,0x00000000e7400000)
 Metaspace       used 86832K, capacity 94296K, committed 94484K, reserved 1130496K
  class space    used 10320K, capacity 12471K, committed 12564K, reserved 1048576K
Event: 1228.699 GC heap after
Heap after GC invocations=35 (full 11):
 PSYoungGen      total 90624K, used 7788K [0x00000000f5580000, 0x00000000fc980000, 0x0000000100000000)
  eden space 79872K, 0% used [0x00000000f5580000,0x00000000f5580000,0x00000000fa380000)
  from space 10752K, 72% used [0x00000000fbf00000,0x00000000fc69b370,0x00000000fc980000)
  to   space 19456K, 0% used [0x00000000fa380000,0x00000000fa380000,0x00000000fb680000)
 ParOldGen       total 118784K, used 44691K [0x00000000e0000000, 0x00000000e7400000, 0x00000000f5580000)
  object space 118784K, 37% used [0x00000000e0000000,0x00000000e2ba4c38,0x00000000e7400000)
 Metaspace       used 86832K, capacity 94296K, committed 94484K, reserved 1130496K
  class space    used 10320K, capacity 12471K, committed 12564K, reserved 1048576K
}
Event: 1252.946 GC heap before
{Heap before GC invocations=36 (full 11):
 PSYoungGen      total 90624K, used 87660K [0x00000000f5580000, 0x00000000fc980000, 0x0000000100000000)
  eden space 79872K, 100% used [0x00000000f5580000,0x00000000fa380000,0x00000000fa380000)
  from space 10752K, 72% used [0x00000000fbf00000,0x00000000fc69b370,0x00000000fc980000)
  to   space 19456K, 0% used [0x00000000fa380000,0x00000000fa380000,0x00000000fb680000)
 ParOldGen       total 118784K, used 44691K [0x00000000e0000000, 0x00000000e7400000, 0x00000000f5580000)
  object space 118784K, 37% used [0x00000000e0000000,0x00000000e2ba4c38,0x00000000e7400000)
 Metaspace       used 87525K, capacity 94864K, committed 95124K, reserved 1132544K
  class space    used 10378K, capacity 12571K, committed 12692K, reserved 1048576K
Event: 1252.962 GC heap after
Heap after GC invocations=36 (full 11):
 PSYoungGen      total 83456K, used 5612K [0x00000000f5580000, 0x00000000fc580000, 0x0000000100000000)
  eden space 77824K, 0% used [0x00000000f5580000,0x00000000f5580000,0x00000000fa180000)
  from space 5632K, 99% used [0x00000000fa380000,0x00000000fa8fb240,0x00000000fa900000)
  to   space 18432K, 0% used [0x00000000fb380000,0x00000000fb380000,0x00000000fc580000)
 ParOldGen       total 118784K, used 44699K [0x00000000e0000000, 0x00000000e7400000, 0x00000000f5580000)
  object space 118784K, 37% used [0x00000000e0000000,0x00000000e2ba6c38,0x00000000e7400000)
 Metaspace       used 87525K, capacity 94864K, committed 95124K, reserved 1132544K
  class space    used 10378K, capacity 12571K, committed 12692K, reserved 1048576K
}

Deoptimization events (10 events):
Event: 1253.009 Thread 0x000000001b486800 Uncommon trap: reason=class_check action=maybe_recompile pc=0x0000000004d7c798 method=org.eclipse.e4.core.internal.contexts.TrackableComputationExt.update(Lorg/eclipse/e4/core/internal/contexts/ContextChangeEvent;)Z @ 62
Event: 1253.009 Thread 0x000000001b486800 Uncommon trap: reason=class_check action=maybe_recompile pc=0x0000000004d7c798 method=org.eclipse.e4.core.internal.contexts.TrackableComputationExt.update(Lorg/eclipse/e4/core/internal/contexts/ContextChangeEvent;)Z @ 62
Event: 1253.661 Thread 0x000000001b486800 Uncommon trap: reason=unstable_if action=reinterpret pc=0x000000000359aa24 method=org.eclipse.swt.graphics.Resource.dispose()V @ 15
Event: 1253.693 Thread 0x0000000016154800 Uncommon trap: reason=predicate action=maybe_recompile pc=0x0000000002cfd61c method=java.util.Arrays.fill([Ljava/lang/Object;Ljava/lang/Object;)V @ 10
Event: 1253.758 Thread 0x000000001f5a6000 Uncommon trap: reason=unstable_if action=reinterpret pc=0x000000000270e5a4 method=sun.nio.cs.SingleByte$Encoder.encode(C)I @ 13
Event: 1254.257 Thread 0x000000001b486800 Uncommon trap: reason=unstable_if action=reinterpret pc=0x0000000002f5d008 method=org.eclipse.core.internal.registry.ReferenceMap.purge()V @ 39
Event: 1254.275 Thread 0x000000001b486800 Uncommon trap: reason=unstable_if action=reinterpret pc=0x000000000328fed8 method=org.eclipse.osgi.internal.hooks.EclipseLazyStarter.shouldActivateFor(Ljava/lang/String;Lorg/eclipse/osgi/container/Module;Lorg/eclipse/osgi/container/ModuleRevision;Lorg/ecliywªbB™“@
Event: 1254.315 Thread 0x000000001b486800 Uncommon trap: reason=null_check action=maybe_recompile pc=0x0000000004576398 method=com.xilinx.sdk.targetmanager.internal.json.XMDJSONProcess.issueCommand(Ljava/lang/String;)Lcom/xilinx/sdk/targetmanager/internal/IXMDResult; @ 3
Event: 1254.444 Thread 0x000000001f5ac000 Uncommon trap: reason=unstable_if action=reinterpret pc=0x000000000458a2bc method=org.eclipse.core.internal.jobs.JobManager.nextJob()Lorg/eclipse/core/runtime/jobs/Job; @ 80
Event: 1254.507 Thread 0x000000001b486800 Uncommon trap: reason=unstable_if action=reinterpret pc=0x0000000004675bcc method=sun.reflect.UnsafeStaticObjectFieldAccessorImpl.set(Ljava/lang/Object;Ljava/lang/Object;)V @ 13

Internal exceptions (10 events):
Event: 1252.918 Thread 0x000000000248e800 Exception <a 'java/io/FileNotFoundException'> (0x00000000fa255ef8) thrown at [C:\re\workspace\8-2-build-windows-amd64-cygwin\jdk8u66\5298\hotspot\src\share\vm\prims\jni.cpp, line 709]
Event: 1252.945 Thread 0x000000000248e800 Implicit null exception at 0x0000000002bbd72d to 0x0000000002bc02d1
Event: 1253.528 Thread 0x000000001f5a4800 Exception <a 'java/lang/InterruptedException'> (0x00000000f595f2d8) thrown at [C:\re\workspace\8-2-build-windows-amd64-cygwin\jdk8u66\5298\hotspot\src\share\vm\runtime\objectMonitor.cpp, line 1683]
Event: 1254.315 Thread 0x000000001b486800 Implicit null exception at 0x0000000004575107 to 0x0000000004576389
Event: 1254.315 Thread 0x000000001b486800 Exception <a 'java/lang/NullPointerException'> (0x00000000f5c3fe20) thrown at [C:\re\workspace\8-2-build-windows-amd64-cygwin\jdk8u66\5298\hotspot\src\share\vm\prims\jvm.cpp, line 1390]
Event: 1254.442 Thread 0x000000001b47f000 Exception <a 'java/lang/InterruptedException'> (0x00000000f5d6cd78) thrown at [C:\re\workspace\8-2-build-windows-amd64-cygwin\jdk8u66\5298\hotspot\src\share\vm\runtime\objectMonitor.cpp, line 1683]
Event: 1254.507 Thread 0x000000001b486800 Implicit null exception at 0x00000000046758cc to 0x0000000004675bb9
Event: 1254.508 Thread 0x0000000016154800 Exception <a 'java/lang/InterruptedException'> (0x00000000f5d5b5a0) thrown at [C:\re\workspace\8-2-build-windows-amd64-cygwin\jdk8u66\5298\hotspot\src\share\vm\runtime\objectMonitor.cpp, line 1683]
Event: 1254.516 Thread 0x000000001b480800 Exception <a 'java/lang/InterruptedException'> (0x00000000f5b98de8) thrown at [C:\re\workspace\8-2-build-windows-amd64-cygwin\jdk8u66\5298\hotspot\src\share\vm\runtime\objectMonitor.cpp, line 1683]
Event: 1254.517 Thread 0x0000000016159000 Exception <a 'java/lang/InterruptedException'> (0x00000000f5f4b540) thrown at [C:\re\workspace\8-2-build-windows-amd64-cygwin\jdk8u66\5298\hotspot\src\share\vm\runtime\objectMonitor.cpp, line 1683]

Events (10 events):
Event: 1254.524 loading class java/util/IdentityHashMap$KeyIterator done
Event: 1254.524 Thread 0x000000001b47d800 Thread added: 0x000000001b47d800
Event: 1254.531 Executing VM operation: RevokeBias
Event: 1254.531 Executing VM operation: RevokeBias done
Event: 1254.531 Executing VM operation: RevokeBias
Event: 1254.531 Executing VM operation: RevokeBias done
Event: 1254.531 Executing VM operation: BulkRevokeBias
Event: 1254.532 Executing VM operation: BulkRevokeBias done
Event: 1254.532 Thread 0x000000001b47d800 Thread exited: 0x000000001b47d800
Event: 1254.534 Executing VM operation: Exit


Dynamic libraries:
0x0000000000400000 - 0x000000000044f000 	C:\Xilinx\SDK\2016.4\eclipse\win64.o\eclipse.exe
0x00007ff974380000 - 0x00007ff974551000 	C:\WINDOWS\SYSTEM32\ntdll.dll
0x00007ff973360000 - 0x00007ff97340c000 	C:\WINDOWS\System32\KERNEL32.DLL
0x00007ff9676b0000 - 0x00007ff967704000 	C:\Program Files (x86)\AVG\Av\avghooka.dll
0x00007ff970ef0000 - 0x00007ff97110d000 	C:\WINDOWS\System32\KERNELBASE.dll
0x00007ff96ed80000 - 0x00007ff96edfa000 	C:\WINDOWS\system32\apphelp.dll
0x00007ff973700000 - 0x00007ff973865000 	C:\WINDOWS\System32\USER32.dll
0x00007ff970c70000 - 0x00007ff970c8e000 	C:\WINDOWS\System32\win32u.dll
0x00007ff9738e0000 - 0x00007ff973914000 	C:\WINDOWS\System32\GDI32.dll
0x00007ff970870000 - 0x00007ff9709f2000 	C:\WINDOWS\System32\gdi32full.dll
0x00007ff9742d0000 - 0x00007ff97436e000 	C:\WINDOWS\System32\msvcrt.dll
0x00007ff963b10000 - 0x00007ff963d8a000 	C:\WINDOWS\WinSxS\amd64_microsoft.windows.common-controls_6595b64144ccf1df_6.0.14393.953_none_42151e83c686086b\COMCTL32.dll
0x00007ff973920000 - 0x00007ff973be8000 	C:\WINDOWS\System32\combase.dll
0x00007ff970d40000 - 0x00007ff970e35000 	C:\WINDOWS\System32\ucrtbase.dll
0x00007ff973130000 - 0x00007ff973251000 	C:\WINDOWS\System32\RPCRT4.dll
0x00007ff971160000 - 0x00007ff9711ca000 	C:\WINDOWS\System32\bcryptPrimitives.dll
0x00007ff973260000 - 0x00007ff97328e000 	C:\WINDOWS\System32\IMM32.DLL
0x0000000072000000 - 0x0000000072012000 	C:\Xilinx\SDK\2016.4\eclipse\win64.o\plugins\org.eclipse.equinox.launcher.win32.win32.x86_64_1.1.300.v20150602-1417\eclipse_1611.dll
0x00007ff973410000 - 0x00007ff9734b2000 	C:\WINDOWS\System32\ADVAPI32.dll
0x00007ff971910000 - 0x00007ff971969000 	C:\WINDOWS\System32\sechost.dll
0x00007ff962ad0000 - 0x00007ff962ada000 	C:\WINDOWS\SYSTEM32\VERSION.dll
0x00007ff96efc0000 - 0x00007ff96f055000 	C:\WINDOWS\system32\uxtheme.dll
0x00007ff974020000 - 0x00007ff97417a000 	C:\WINDOWS\System32\MSCTF.dll
0x00007ff973290000 - 0x00007ff97334f000 	C:\WINDOWS\System32\OLEAUT32.dll
0x00007ff970bd0000 - 0x00007ff970c6c000 	C:\WINDOWS\System32\msvcp_win.dll
0x0000000058580000 - 0x0000000058e09000 	C:\Xilinx\SDK\2016.4\tps\win64\jre\bin\server\jvm.dll
0x00007ff973350000 - 0x00007ff973358000 	C:\WINDOWS\System32\PSAPI.DLL
0x00007ff96b900000 - 0x00007ff96b909000 	C:\WINDOWS\SYSTEM32\WSOCK32.dll
0x00007ff973870000 - 0x00007ff9738da000 	C:\WINDOWS\System32\WS2_32.dll
0x00007ff96eac0000 - 0x00007ff96eae3000 	C:\WINDOWS\SYSTEM32\WINMM.dll
0x000000005afc0000 - 0x000000005b092000 	C:\WINDOWS\SYSTEM32\MSVCR100.dll
0x00007ff96e920000 - 0x00007ff96e94b000 	C:\WINDOWS\SYSTEM32\WINMMBASE.dll
0x00007ff971110000 - 0x00007ff971152000 	C:\WINDOWS\System32\cfgmgr32.dll
0x0000000059a40000 - 0x0000000059a4f000 	C:\Xilinx\SDK\2016.4\tps\win64\jre\bin\verify.dll
0x0000000059a10000 - 0x0000000059a39000 	C:\Xilinx\SDK\2016.4\tps\win64\jre\bin\java.dll
0x00000000599f0000 - 0x0000000059a06000 	C:\Xilinx\SDK\2016.4\tps\win64\jre\bin\zip.dll
0x00007ff971c20000 - 0x00007ff973128000 	C:\WINDOWS\System32\SHELL32.dll
0x00007ff971230000 - 0x00007ff97190a000 	C:\WINDOWS\System32\windows.storage.dll
0x00007ff970820000 - 0x00007ff97086c000 	C:\WINDOWS\System32\powrprof.dll
0x00007ff9741f0000 - 0x00007ff974242000 	C:\WINDOWS\System32\shlwapi.dll
0x00007ff970810000 - 0x00007ff97081f000 	C:\WINDOWS\System32\kernel.appcore.dll
0x00007ff970c90000 - 0x00007ff970d39000 	C:\WINDOWS\System32\shcore.dll
0x00007ff9707f0000 - 0x00007ff970804000 	C:\WINDOWS\System32\profapi.dll
0x00007ff970260000 - 0x00007ff970277000 	C:\WINDOWS\SYSTEM32\CRYPTSP.dll
0x00007ff96fcb0000 - 0x00007ff96fce3000 	C:\WINDOWS\system32\rsaenh.dll
0x00007ff970720000 - 0x00007ff97074b000 	C:\WINDOWS\SYSTEM32\bcrypt.dll
0x00007ff96ff30000 - 0x00007ff96ff4f000 	C:\WINDOWS\SYSTEM32\USERENV.dll
0x00007ff970250000 - 0x00007ff97025b000 	C:\WINDOWS\SYSTEM32\CRYPTBASE.dll
0x00000000599d0000 - 0x00000000599ea000 	C:\Xilinx\SDK\2016.4\tps\win64\jre\bin\net.dll
0x00007ff9700b0000 - 0x00007ff97010c000 	C:\WINDOWS\system32\mswsock.dll
0x00007ff96fe30000 - 0x00007ff96fe68000 	C:\WINDOWS\SYSTEM32\IPHLPAPI.DLL
0x00007ff974370000 - 0x00007ff974378000 	C:\WINDOWS\System32\NSI.dll
0x00007ff96cc10000 - 0x00007ff96cc26000 	C:\WINDOWS\SYSTEM32\dhcpcsvc6.DLL
0x00007ff96cb40000 - 0x00007ff96cb5a000 	C:\WINDOWS\SYSTEM32\dhcpcsvc.DLL
0x00000000599b0000 - 0x00000000599c1000 	C:\Xilinx\SDK\2016.4\tps\win64\jre\bin\nio.dll
0x00007ff95e4a0000 - 0x00007ff95e4b6000 	C:\WINDOWS\system32\napinsp.dll
0x00007ff95e470000 - 0x00007ff95e48a000 	C:\WINDOWS\system32\pnrpnsp.dll
0x00007ff96be20000 - 0x00007ff96be38000 	C:\WINDOWS\system32\NLAapi.dll
0x00007ff96fe70000 - 0x00007ff96ff11000 	C:\WINDOWS\SYSTEM32\DNSAPI.dll
0x00007ff962ee0000 - 0x00007ff962eee000 	C:\WINDOWS\System32\winrnr.dll
0x000000005b0d0000 - 0x000000005b0f6000 	C:\Program Files\Bonjour\mdnsNSP.dll
0x00007ff96b090000 - 0x00007ff96b09a000 	C:\Windows\System32\rasadhlp.dll
0x00007ff96b450000 - 0x00007ff96b4ba000 	C:\WINDOWS\System32\fwpuclnt.dll
0x0000000018440000 - 0x00000000184e8000 	C:\Users\Utilizador\.Xilinx\SDK\2016.4\org.eclipse.osgi\319\0\.cp\swt-win32-4527.dll
0x00007ff971a70000 - 0x00007ff971ba8000 	C:\WINDOWS\System32\ole32.dll
0x00007ff971970000 - 0x00007ff971a6a000 	C:\WINDOWS\System32\comdlg32.dll
0x00007ff970a00000 - 0x00007ff970bc9000 	C:\WINDOWS\System32\CRYPT32.dll
0x00007ff9707e0000 - 0x00007ff9707f0000 	C:\WINDOWS\System32\MSASN1.dll
0x00007ff96bc30000 - 0x00007ff96bcb6000 	C:\WINDOWS\SYSTEM32\WINSPOOL.DRV
0x00007ff967500000 - 0x00007ff967519000 	C:\WINDOWS\SYSTEM32\USP10.dll
0x00007ff96ce90000 - 0x00007ff96d15a000 	C:\WINDOWS\SYSTEM32\WININET.dll
0x00007ff96dd30000 - 0x00007ff96dd56000 	C:\WINDOWS\system32\dwmapi.dll
0x00007ff96daa0000 - 0x00007ff96dc25000 	C:\WINDOWS\SYSTEM32\propsys.dll
0x00007ff973660000 - 0x00007ff9736ff000 	C:\WINDOWS\System32\clbcatq.dll
0x0000000018fa0000 - 0x0000000018fbe000 	C:\Users\Utilizador\.Xilinx\SDK\2016.4\org.eclipse.osgi\319\0\.cp\swt-gdip-win32-4527.dll
0x00007ff965510000 - 0x00007ff9656aa000 	C:\WINDOWS\WinSxS\amd64_microsoft.windows.gdiplus_6595b64144ccf1df_1.1.14393.953_none_7300116921188239\gdiplus.dll
0x00007ff96c910000 - 0x00007ff96cab8000 	C:\WINDOWS\SYSTEM32\WindowsCodecs.dll
0x0000000180000000 - 0x0000000180012000 	C:\Users\Utilizador\.Xilinx\SDK\2016.4\org.eclipse.osgi\133\0\.cp\os\win32\x86_64\localfile_1_0_0.dll
0x00007ff95f420000 - 0x00007ff95f485000 	C:\WINDOWS\SYSTEM32\oleacc.dll
0x00007ff96a9c0000 - 0x00007ff96a9c7000 	C:\WINDOWS\SYSTEM32\msimg32.dll
0x00007ff9699b0000 - 0x00007ff9699c1000 	C:\Users\Utilizador\.Xilinx\SDK\2016.4\org.eclipse.osgi\136\0\.cp\jWinHttp-1.0.0.dll
0x00007ff96dc60000 - 0x00007ff96dd2d000 	C:\WINDOWS\SYSTEM32\WINHTTP.dll
0x00007ff96c400000 - 0x00007ff96c40f000 	C:\Xilinx\SDK\2016.4\lib\win64.o\librdi_repo_manager.dll
0x00007ff9677a0000 - 0x00007ff9677ca000 	C:\Xilinx\SDK\2016.4\lib\win64.o\libisl_sysinfo.dll
0x00007ff915300000 - 0x00007ff915daa000 	C:\Xilinx\SDK\2016.4\lib\win64.o\librdi_common.dll
0x00007ff956eb0000 - 0x00007ff956f03000 	C:\Xilinx\SDK\2016.4\lib\win64.o\librdi_commonxillic.dll
0x00007ff946400000 - 0x00007ff9465f8000 	C:\Xilinx\SDK\2016.4\lib\win64.o\librdi_hsm.dll
0x00007ff964c00000 - 0x00007ff964ca7000 	C:\WINDOWS\SYSTEM32\MSVCP110.dll
0x00007ff964cb0000 - 0x00007ff964d84000 	C:\WINDOWS\SYSTEM32\MSVCR110.dll
0x00007ff91ae60000 - 0x00007ff91b1ce000 	C:\Xilinx\SDK\2016.4\lib\win64.o\libCOIN-all.dll
0x00007ff9461e0000 - 0x00007ff9463ff000 	C:\Xilinx\SDK\2016.4\lib\win64.o\libXil_lmgr11.dll
0x00007ff9711d0000 - 0x00007ff971225000 	C:\WINDOWS\System32\WINTRUST.dll
0x00007ff96c380000 - 0x00007ff96c390000 	C:\Xilinx\SDK\2016.4\lib\win64.o\libboost_date_time.dll
0x00007ff966ff0000 - 0x00007ff967014000 	C:\Xilinx\SDK\2016.4\lib\win64.o\libboost_filesystem.dll
0x00007ff952400000 - 0x00007ff952477000 	C:\Xilinx\SDK\2016.4\lib\win64.o\libboost_program_options.dll
0x00007ff951e90000 - 0x00007ff951f96000 	C:\Xilinx\SDK\2016.4\lib\win64.o\libboost_regex.dll
0x00007ff965310000 - 0x00007ff965323000 	C:\Xilinx\SDK\2016.4\lib\win64.o\libboost_signals.dll
0x00007ff96c180000 - 0x00007ff96c189000 	C:\Xilinx\SDK\2016.4\lib\win64.o\libboost_system.dll
0x00007ff964a90000 - 0x00007ff964aad000 	C:\Xilinx\SDK\2016.4\lib\win64.o\libboost_thread.dll
0x00007ff96ba40000 - 0x00007ff96ba4b000 	C:\Xilinx\SDK\2016.4\lib\win64.o\libboost_xilinx.dll
0x00007ff9516a0000 - 0x00007ff951720000 	C:\Xilinx\SDK\2016.4\lib\win64.o\libhdlpsolve.dll
0x00007ff951600000 - 0x00007ff95169a000 	C:\Xilinx\SDK\2016.4\lib\win64.o\libhdxml.dll
0x00007ff91aa90000 - 0x00007ff91ae59000 	C:\Xilinx\SDK\2016.4\lib\win64.o\libisl_iostreams.dll
0x00007ff964a70000 - 0x00007ff964a85000 	C:\Xilinx\SDK\2016.4\lib\win64.o\pthreadVC2.dll
0x00007ff950b80000 - 0x00007ff950cb0000 	C:\Xilinx\SDK\2016.4\lib\win64.o\librdi_curl.dll
0x00007ff958a50000 - 0x00007ff958a68000 	C:\Xilinx\SDK\2016.4\lib\win64.o\librdiconfig.dll
0x00007ff958a30000 - 0x00007ff958a4f000 	C:\Xilinx\SDK\2016.4\lib\win64.o\librdizlib.dll
0x0000000059b30000 - 0x0000000059c57000 	C:\Xilinx\SDK\2016.4\lib\win64.o\tcl85t.dll
0x0000000024620000 - 0x0000000024883000 	C:\Xilinx\SDK\2016.4\lib\win64.o\xerces-c_3_1.dll
0x00007ff963320000 - 0x00007ff9634e3000 	C:\WINDOWS\SYSTEM32\urlmon.dll
0x00007ff964ad0000 - 0x00007ff964af3000 	C:\WINDOWS\SYSTEM32\VCOMP110.DLL
0x00007ff953c00000 - 0x00007ff953c43000 	C:\Xilinx\SDK\2016.4\lib\win64.o\librdi_hdf.dll
0x00007ff915030000 - 0x00007ff9152f8000 	C:\Xilinx\SDK\2016.4\lib\win64.o\librdi_ippcw.dll
0x00007ff96a770000 - 0x00007ff96a788000 	C:\WINDOWS\SYSTEM32\NETAPI32.dll
0x00007ff968bf0000 - 0x00007ff968bfb000 	C:\Xilinx\SDK\2016.4\lib\win64.o\libboost_chrono.dll
0x00007ff956e90000 - 0x00007ff956ea6000 	C:\Xilinx\SDK\2016.4\lib\win64.o\libboost_iostreams.dll
0x00007ff956840000 - 0x00007ff956863000 	C:\Xilinx\SDK\2016.4\lib\win64.o\libisl_iosutils.dll
0x00007ff96ab70000 - 0x00007ff96ae15000 	C:\WINDOWS\SYSTEM32\iertutil.dll
0x00007ff962a20000 - 0x00007ff962a62000 	C:\WINDOWS\SYSTEM32\edputil.dll
0x00007ff96c190000 - 0x00007ff96c1a6000 	C:\Xilinx\SDK\2016.4\eclipse\win64.o\plugins\org.eclipse.cdt.core.win32.x86_64_5.4.0.201509131935\os\win32\x86_64\spawner.dll
0x00007ff96c7c0000 - 0x00007ff96c7ca000 	C:\Xilinx\SDK\2016.4\lib\win64.o\librdi_jtag_settings.dll
0x00007ff9572c0000 - 0x00007ff9572e9000 	C:\Xilinx\SDK\2016.4\lib\win64.o\librdi_debug_dialog.dll
0x00007ff96c3a0000 - 0x00007ff96c3a8000 	C:\Xilinx\SDK\2016.4\lib\win64.o\librdi_target_manager.dll
0x00007ff905b90000 - 0x00007ff9063a0000 	C:\Xilinx\SDK\2016.4\lib\win64.o\libXil_lmgr11FNP.dll
0x00007ff973bf0000 - 0x00007ff974019000 	C:\WINDOWS\System32\SETUPAPI.dll
0x00007ff961440000 - 0x00007ff96144c000 	C:\WINDOWS\SYSTEM32\snmpapi.dll
0x00007ff970450000 - 0x00007ff97047c000 	C:\WINDOWS\SYSTEM32\SspiCli.dll
0x000000001c3b0000 - 0x000000001c3b3000 	C:\WINDOWS\SYSTEM32\icmp.Dll

VM Arguments:
jvm_args: -Dcom.xilinx.sdk.args.hwspec=C:/Users/Utilizador/Desktop/Universidade/4_ano/2_semestre/CR/Projeto/ProjetoFinal/MP_ToDisplays/MP_ToDisplays.sdk/DebUART_wrapper.hdf -Xms64m -Xmx512m & 
java_command: <unknown>
java_class_path (initial): C:\Xilinx\SDK\2016.4\eclipse\win64.o\\plugins/org.eclipse.equinox.launcher_1.3.100.v20150511-1540.jar
Launcher Type: generic

Environment Variables:
JAVA_HOME=C:\Program Files\Java\jdk1.8.0_101
PATH=C:/Xilinx/SDK/2016.4/tps/win64/jre/bin/server;C:/Xilinx/SDK/2016.4/tps/win64/jre/bin;C:/Xilinx/SDK/2016.4/tps/win64/jre/lib/amd64;C:\Xilinx\SDK\2016.4\gnuwin\bin;C:\Xilinx\SDK\2016.4\gnu\microblaze\nt\bin;C:\Xilinx\SDK\2016.4\gnu\microblaze\linux_toolchain\nt64_le\bin;C:\Xilinx\SDK\2016.4\gnu\microblaze\linux_toolchain\nt64_be\bin;C:\Xilinx\SDK\2016.4\gnu\arm\nt\bin;C:\Xilinx\SDK\2016.4\gnu\aarch64\nt\aarch64-none\bin;C:\Xilinx\SDK\2016.4\gnu\aarch64\nt\aarch64-linux\bin;C:\Xilinx\SDK\2016.4\gnu\armr5\nt\gcc-arm-none-eabi\bin;C:\Xilinx\SDK\2016.4\gnu\aarch32\nt\gcc-arm-none-eabi\bin;C:\Xilinx\SDK\2016.4\gnu\aarch32\nt\gcc-arm-linux-gnueabi\bin;C:\Xilinx\SDK\2016.4\tps\win64\cmake-3.3.2\bin;;C:\Xilinx\SDK\2016.4\bin;C:\Xilinx\SDK\2016.4\lib\win64.o;C:\Xilinx\SDK\2016.4\tps\win64\jre\bin\server;C:\Xilinx\SDK\2016.4\tps\win64\jre\bin;C:\Xilinx\Vivado\2016.4\ids_lite\ISE\bin\nt64;C:\Xilinx\Vivado\2016.4\ids_lite\ISE\lib\nt64;C:\Xilinx\Vivado\2016.4\bin;C:\Xilinx\Vivado\2016.4\lib\win64.o;C:\Xilinx\Vivado\2016.4\tps\win64\jre\bin\server;C:\Xilinx\Vivado\2016.4\tps\win64\jre\bin;C:\Xilinx\Vivado_HLS\2016.4\bin;C:\WINDOWS\system32\Npcap;C:\Program Files\MATLAB\MATLAB Production Server\R2015a\runtime\win64;C:\Program Files\MATLAB\MATLAB Production Server\R2015a\bin;C:\Program Files\MATLAB\MATLAB Production Server\R2015a\polyspace\bin;C:\Program Files\PuTTY\;c:\Program Files\Intel\WiFi\bin\;c:\Program Files\Common Files\Intel\WirelessCommon\;C:\Users\Utilizador\AppData\Roaming\npm;C:\Users\Utilizador\AppData\Local\Microsoft\WindowsApps;C:\Python27;C:\Program Files\Java\jdk1.8.0_101\bin;C:\Program Files\NetBeans 8.2\java\maven\bin;C:\Users\Utilizador\Desktop\Universidade\4_ano\2_semestre\CR\Projeto\ProjetoFinal\MP_ToDisplays;
USERNAME=Utilizador
OS=Windows_NT
PROCESSOR_IDENTIFIER=Intel64 Family 6 Model 60 Stepping 3, GenuineIntel



---------------  S Y S T E M  ---------------

OS: Windows 10.0 , 64 bit Build 14393 (10.0.14393.1198)

CPU:total 8 (4 cores per cpu, 2 threads per core) family 6 model 60 stepping 3, cmov, cx8, fxsr, mmx, sse, sse2, sse3, ssse3, sse4.1, sse4.2, popcnt, avx, avx2, aes, clmul, erms, lzcnt, ht, tsc, tscinvbit, bmi1, bmi2

Memory: 4k page, physical 8319000k(3450804k free), swap 11381736k(4826944k free)

vm_info: Java HotSpot(TM) 64-Bit Server VM (25.66-b18) for windows-amd64 JRE (1.8.0_66-b18), built on Nov  9 2015 10:51:13 by "java_re" with MS VC++ 10.0 (VS2010)

time: Fri May 19 11:06:29 2017
elapsed time: 1255 seconds (0d 0h 20m 55s)

