#
# A fatal error has been detected by the Java Runtime Environment:
#
#  EXCEPTION_UNCAUGHT_CXX_EXCEPTION (0xe06d7363) at pc=0x00007ff970f23c58, pid=3960, tid=7340
#
# JRE version: Java(TM) SE Runtime Environment (8.0_66-b18) (build 1.8.0_66-b18)
# Java VM: Java HotSpot(TM) 64-Bit Server VM (25.66-b18 mixed mode windows-amd64 compressed oops)
# Problematic frame:
# C  [KERNELBASE.dll+0x33c58]
#
# Failed to write core dump. Minidumps are not enabled by default on client versions of Windows
#
# If you would like to submit a bug report, please visit:
#   http://bugreport.java.com/bugreport/crash.jsp
#

---------------  T H R E A D  ---------------

Current thread (0x0000000013d39800):  VMThread [stack: 0x0000000015a20000,0x0000000015b20000] [id=7340]

siginfo: ExceptionCode=0xe06d7363, ExceptionInformation=0x0000000019930520 0x0000000015b1f648 0x00007ff964d62cb8 0x00007ff964cb0000 

Registers:
RAX=0x004c0044002e006c, RBX=0x00007ff964d62cb8, RCX=0x000000000000004c, RDX=0x0000000000000000
RSP=0x0000000015b1f490, RBP=0x0000000015b1f5d0, RSI=0x00000000ffffffff, RDI=0x00000000004eedc0
R8 =0x0000000000000000, R9 =0x0000000000000000, R10=0x0000000000000000, R11=0x0000000000000000
R12=0x0000000000000001, R13=0x0000000000000008, R14=0x0000000000000000, R15=0xffffffffffffffff
RIP=0x00007ff970f23c58, EFLAGS=0x0000000000000206

Top of Stack: (sp=0x0000000015b1f490)
0x0000000015b1f490:   0000000000000000 00007ff964d62cb8
0x0000000015b1f4a0:   00000000ffffffff 00000000004eedc0
0x0000000015b1f4b0:   00000001e06d7363 0000000000000000
0x0000000015b1f4c0:   00007ff970f23c58 00007ff900000004
0x0000000015b1f4d0:   0000000019930520 0000000015b1f648
0x0000000015b1f4e0:   00007ff964d62cb8 00007ff964cb0000
0x0000000015b1f4f0:   0000000000000008 0000000000000001
0x0000000015b1f500:   00000000004eedc0 00000000ffffffff
0x0000000015b1f510:   0000000015b1f5d0 00007ff9743cc26f
0x0000000015b1f520:   0000000015b1f5e0 0000000000000000
0x0000000015b1f530:   000004d5ca60c881 0000000000000001
0x0000000015b1f540:   00007ff964d79000 00007ff964cb0000
0x0000000015b1f550:   0000737b7a2aeb02 0000000015b1f780
0x0000000015b1f560:   00007ff964d62cb8 00007ff964d0e92c
0x0000000015b1f570:   000000000000001f 0000000000000008
0x0000000015b1f580:   0000000000000001 00000000004eedc0 

Instructions: (pc=0x00007ff970f23c58)
0x00007ff970f23c38:   49 8b d1 44 0f 47 c0 44 89 44 24 38 49 c1 e0 03
0x00007ff970f23c48:   e8 47 90 04 00 48 8d 4c 24 20 ff 15 a0 44 11 00
0x00007ff970f23c58:   48 8b 8c 24 c0 00 00 00 48 33 cc e8 d8 55 04 00
0x00007ff970f23c68:   48 81 c4 d8 00 00 00 c3 83 64 24 38 00 eb d6 cc 


Register to memory mapping:

RAX=0x004c0044002e006c is an unknown value
RBX=0x00007ff964d62cb8 is an unknown value
RCX=0x000000000000004c is an unknown value
RDX=0x0000000000000000 is an unknown value
RSP=0x0000000015b1f490 is an unknown value
RBP=0x0000000015b1f5d0 is an unknown value
RSI=0x00000000ffffffff is an unallocated location in the heap
RDI=0x00000000004eedc0 is an unknown value
R8 =0x0000000000000000 is an unknown value
R9 =0x0000000000000000 is an unknown value
R10=0x0000000000000000 is an unknown value
R11=0x0000000000000000 is an unknown value
R12=0x0000000000000001 is an unknown value
R13=0x0000000000000008 is an unknown value
R14=0x0000000000000000 is an unknown value
R15=0xffffffffffffffff is an unknown value


Stack: [0x0000000015a20000,0x0000000015b20000],  sp=0x0000000015b1f490,  free space=1021k
Native frames: (J=compiled Java code, j=interpreted, Vv=VM code, C=native code)
C  [KERNELBASE.dll+0x33c58]
C  [MSVCR110.dll+0x5e92c]
C  [MSVCR110.dll+0x1315c]
C  [MSVCR110.dll+0x136a9]
C  [MSVCR110.dll+0x13e9c]
C  [MSVCR110.dll+0x239e]
C  [MSVCR110.dll+0xaf9e]
C  [MSVCP110.dll+0x397b9]
C  [librdi_common.dll+0x183a66]
C  [librdi_common.dll+0x1826fb]
C  [librdi_target_manager.dll+0x2400]
C  [librdi_target_manager.dll+0x2682]
C  [ntdll.dll+0x2a35f]
C  [ntdll.dll+0x806b]
C  [ntdll.dll+0x7d94]
C  [KERNEL32.DLL+0x1ce6a]
C  [MSVCR100.dll+0x20ccd]
V  [jvm.dll+0x210cc5]
V  [jvm.dll+0x249897]
V  [jvm.dll+0x248b36]
V  [jvm.dll+0x248fd1]
V  [jvm.dll+0x2491ee]
V  [jvm.dll+0x29a0fa]
C  [MSVCR100.dll+0x21d9f]
C  [MSVCR100.dll+0x21e3b]
C  [KERNEL32.DLL+0x8364]
C  [ntdll.dll+0x670d1]

VM_Operation (0x000000000014f4c0): Exit, mode: safepoint, requested by thread 0x00000000022ce800


---------------  P R O C E S S  ---------------

Java Threads: ( => current thread )
  0x0000000021aad000 JavaThread "Thread-1" [_thread_blocked, id=8320, stack(0x000000003c780000,0x000000003c880000)]
  0x0000000021ab3800 JavaThread "pool-2-thread-3" [_thread_blocked, id=15988, stack(0x000000003b480000,0x000000003b580000)]
  0x0000000021aae800 JavaThread "pool-2-thread-2" [_thread_blocked, id=15640, stack(0x0000000039780000,0x0000000039880000)]
  0x0000000021aab800 JavaThread "pool-2-thread-1" [_thread_blocked, id=11636, stack(0x0000000034b80000,0x0000000034c80000)]
  0x0000000015e4e000 JavaThread "Thread-57" daemon [_thread_blocked, id=6192, stack(0x000000002ec80000,0x000000002ed80000)]
  0x0000000017003000 JavaThread "TCF Channel Transmitter" daemon [_thread_blocked, id=15784, stack(0x0000000028580000,0x0000000028680000)]
  0x0000000017007800 JavaThread "TCF Channel Receiver" daemon [_thread_blocked, id=11976, stack(0x0000000028480000,0x0000000028580000)]
  0x000000002194b000 JavaThread "Process monitor" daemon [_thread_in_native, id=3036, stack(0x0000000027710000,0x0000000027810000)]
  0x000000002194a000 JavaThread "Input Stream Monitor" daemon [_thread_blocked, id=7080, stack(0x0000000027610000,0x0000000027710000)]
  0x000000002194c800 JavaThread "Output Stream Monitor" daemon [_thread_in_native, id=15528, stack(0x0000000027510000,0x0000000027610000)]
  0x0000000021951000 JavaThread "Output Stream Monitor" daemon [_thread_in_native, id=17580, stack(0x0000000027410000,0x0000000027510000)]
  0x0000000021944000 JavaThread "TCF Locator DNS Lookup" daemon [_thread_blocked, id=4824, stack(0x0000000025fb0000,0x00000000260b0000)]
  0x0000000021949800 JavaThread "TCF Locator Timer" daemon [_thread_blocked, id=11468, stack(0x0000000025eb0000,0x0000000025fb0000)]
  0x0000000021942000 JavaThread "TCF Locator Receiver" daemon [_thread_blocked, id=2700, stack(0x0000000025db0000,0x0000000025eb0000)]
  0x0000000021945800 JavaThread "TCF Timer Dispatcher" daemon [_thread_blocked, id=8988, stack(0x0000000025bb0000,0x0000000025cb0000)]
  0x0000000017d7e000 JavaThread "EMF Reference Cleaner" daemon [_thread_blocked, id=10664, stack(0x000000001a2a0000,0x000000001a3a0000)]
  0x0000000015ef6000 JavaThread "Service Thread" daemon [_thread_blocked, id=14048, stack(0x0000000016820000,0x0000000016920000)]
  0x0000000015e54800 JavaThread "C1 CompilerThread3" daemon [_thread_blocked, id=17456, stack(0x0000000016720000,0x0000000016820000)]
  0x0000000015e50000 JavaThread "C2 CompilerThread2" daemon [_thread_blocked, id=12024, stack(0x0000000016620000,0x0000000016720000)]
  0x0000000015e4d000 JavaThread "C2 CompilerThread1" daemon [_thread_blocked, id=18264, stack(0x0000000016520000,0x0000000016620000)]
  0x0000000015e5e000 JavaThread "C2 CompilerThread0" daemon [_thread_blocked, id=4704, stack(0x0000000016420000,0x0000000016520000)]
  0x0000000015e5b800 JavaThread "Attach Listener" daemon [_thread_blocked, id=17836, stack(0x0000000016320000,0x0000000016420000)]
  0x0000000015e5a000 JavaThread "Signal Dispatcher" daemon [_thread_blocked, id=18136, stack(0x0000000016220000,0x0000000016320000)]
  0x00000000024c9800 JavaThread "Finalizer" daemon [_thread_blocked, id=1764, stack(0x0000000015c20000,0x0000000015d20000)]
  0x0000000013d3d800 JavaThread "Reference Handler" daemon [_thread_blocked, id=14704, stack(0x0000000015b20000,0x0000000015c20000)]
  0x00000000022ce800 JavaThread "main" [_thread_blocked, id=11736, stack(0x0000000000050000,0x0000000000150000)]

Other Threads:
=>0x0000000013d39800 VMThread [stack: 0x0000000015a20000,0x0000000015b20000] [id=7340]

VM state:at safepoint (shutting down)

VM Mutex/Monitor currently owned by a thread:  ([mutex/lock_event])
[0x00000000022cdf70] Threads_lock - owner thread: 0x0000000013d39800

Heap:
 PSYoungGen      total 102400K, used 87397K [0x00000000f5580000, 0x00000000fda00000, 0x0000000100000000)
  eden space 100864K, 86% used [0x00000000f5580000,0x00000000faad94c8,0x00000000fb800000)
  from space 1536K, 0% used [0x00000000fb800000,0x00000000fb800000,0x00000000fb980000)
  to   space 17408K, 0% used [0x00000000fc900000,0x00000000fc900000,0x00000000fda00000)
 ParOldGen       total 114176K, used 47009K [0x00000000e0000000, 0x00000000e6f80000, 0x00000000f5580000)
  object space 114176K, 41% used [0x00000000e0000000,0x00000000e2de8480,0x00000000e6f80000)
 Metaspace       used 86863K, capacity 94084K, committed 94376K, reserved 1130496K
  class space    used 10173K, capacity 12395K, committed 12456K, reserved 1048576K

Card table byte_map: [0x0000000011890000,0x00000000119a0000] byte_map_base: 0x0000000011190000

Marking Bits: (ParMarkBitMap*) 0x0000000058e3a5b0
 Begin Bits: [0x0000000012250000, 0x0000000012a50000)
 End Bits:   [0x0000000012a50000, 0x0000000013250000)

Polling page: 0x0000000000460000

CodeCache: size=245760Kb used=42996Kb max_used=43033Kb free=202763Kb
 bounds [0x00000000024d0000, 0x0000000004f20000, 0x00000000114d0000]
 total_blobs=12420 nmethods=11531 adapters=795
 compilation: enabled

Compilation events (10 events):
Event: 1116.266 Thread 0x0000000015e54800 nmethod 14292 0x0000000004740410 code [0x0000000004740580, 0x00000000047409a8]
Event: 1116.267 Thread 0x0000000015e54800 14294       3       java.util.WeakHashMap::isEmpty (13 bytes)
Event: 1116.268 Thread 0x0000000015e54800 nmethod 14294 0x00000000039564d0 code [0x0000000003956640, 0x0000000003956968]
Event: 1116.269 Thread 0x0000000015e54800 14295       3       java.util.TimSort::mergeHi (732 bytes)
Event: 1116.270 Thread 0x0000000015e50000 14304       4       org.eclipse.osgi.container.ModuleDatabase::readLock (11 bytes)
Event: 1116.271 Thread 0x0000000015e54800 nmethod 14295 0x0000000004f1b710 code [0x0000000004f1ba40, 0x0000000004f1dc78]
Event: 1116.272 Thread 0x0000000015e54800 14296       3       org.eclipse.osgi.container.Module::holdsTransitionEventLock (25 bytes)
Event: 1116.272 Thread 0x0000000015e54800 nmethod 14296 0x0000000002847090 code [0x0000000002847220, 0x0000000002847948]
Event: 1116.273 Thread 0x0000000015e54800 14297       3       org.eclipse.osgi.container.ModuleWiring::unload (6 bytes)
Event: 1116.273 Thread 0x0000000015e54800 nmethod 14297 0x0000000002b71c50 code [0x0000000002b71dc0, 0x0000000002b71f48]

GC Heap History (10 events):
Event: 841.326 GC heap before
{Heap before GC invocations=41 (full 14):
 PSYoungGen      total 117248K, used 97198K [0x00000000f5580000, 0x00000000fe080000, 0x0000000100000000)
  eden space 95744K, 100% used [0x00000000f5580000,0x00000000fb300000,0x00000000fb300000)
  from space 21504K, 6% used [0x00000000fc700000,0x00000000fc86b8e0,0x00000000fdc00000)
  to   space 20480K, 0% used [0x00000000fb300000,0x00000000fb300000,0x00000000fc700000)
 ParOldGen       total 114176K, used 46712K [0x00000000e0000000, 0x00000000e6f80000, 0x00000000f5580000)
  object space 114176K, 40% used [0x00000000e0000000,0x00000000e2d9e3d0,0x00000000e6f80000)
 Metaspace       used 85535K, capacity 92776K, committed 92968K, reserved 1130496K
  class space    used 10061K, capacity 12263K, committed 12328K, reserved 1048576K
Event: 841.329 GC heap after
Heap after GC invocations=41 (full 14):
 PSYoungGen      total 116224K, used 1246K [0x00000000f5580000, 0x00000000fde00000, 0x0000000100000000)
  eden space 95744K, 0% used [0x00000000f5580000,0x00000000f5580000,0x00000000fb300000)
  from space 20480K, 6% used [0x00000000fb300000,0x00000000fb4378f0,0x00000000fc700000)
  to   space 19456K, 0% used [0x00000000fcb00000,0x00000000fcb00000,0x00000000fde00000)
 ParOldGen       total 114176K, used 46720K [0x00000000e0000000, 0x00000000e6f80000, 0x00000000f5580000)
  object space 114176K, 40% used [0x00000000e0000000,0x00000000e2da03d0,0x00000000e6f80000)
 Metaspace       used 85535K, capacity 92776K, committed 92968K, reserved 1130496K
  class space    used 10061K, capacity 12263K, committed 12328K, reserved 1048576K
}
Event: 848.963 GC heap before
{Heap before GC invocations=42 (full 14):
 PSYoungGen      total 116224K, used 30054K [0x00000000f5580000, 0x00000000fde00000, 0x0000000100000000)
  eden space 95744K, 30% used [0x00000000f5580000,0x00000000f71a20c8,0x00000000fb300000)
  from space 20480K, 6% used [0x00000000fb300000,0x00000000fb4378f0,0x00000000fc700000)
  to   space 19456K, 0% used [0x00000000fcb00000,0x00000000fcb00000,0x00000000fde00000)
 ParOldGen       total 114176K, used 46720K [0x00000000e0000000, 0x00000000e6f80000, 0x00000000f5580000)
  object space 114176K, 40% used [0x00000000e0000000,0x00000000e2da03d0,0x00000000e6f80000)
 Metaspace       used 85622K, capacity 92776K, committed 92968K, reserved 1130496K
  class space    used 10063K, capacity 12263K, committed 12328K, reserved 1048576K
Event: 848.965 GC heap after
Heap after GC invocations=42 (full 14):
 PSYoungGen      total 118272K, used 1838K [0x00000000f5580000, 0x00000000fdc00000, 0x0000000100000000)
  eden space 100864K, 0% used [0x00000000f5580000,0x00000000f5580000,0x00000000fb800000)
  from space 17408K, 10% used [0x00000000fcb00000,0x00000000fcccb8e0,0x00000000fdc00000)
  to   space 18432K, 0% used [0x00000000fb800000,0x00000000fb800000,0x00000000fca00000)
 ParOldGen       total 114176K, used 46728K [0x00000000e0000000, 0x00000000e6f80000, 0x00000000f5580000)
  object space 114176K, 40% used [0x00000000e0000000,0x00000000e2da23d0,0x00000000e6f80000)
 Metaspace       used 85622K, capacity 92776K, committed 92968K, reserved 1130496K
  class space    used 10063K, capacity 12263K, committed 12328K, reserved 1048576K
}
Event: 848.965 GC heap before
{Heap before GC invocations=43 (full 15):
 PSYoungGen      total 118272K, used 1838K [0x00000000f5580000, 0x00000000fdc00000, 0x0000000100000000)
  eden space 100864K, 0% used [0x00000000f5580000,0x00000000f5580000,0x00000000fb800000)
  from space 17408K, 10% used [0x00000000fcb00000,0x00000000fcccb8e0,0x00000000fdc00000)
  to   space 18432K, 0% used [0x00000000fb800000,0x00000000fb800000,0x00000000fca00000)
 ParOldGen       total 114176K, used 46728K [0x00000000e0000000, 0x00000000e6f80000, 0x00000000f5580000)
  object space 114176K, 40% used [0x00000000e0000000,0x00000000e2da23d0,0x00000000e6f80000)
 Metaspace       used 85622K, capacity 92776K, committed 92968K, reserved 1130496K
  class space    used 10063K, capacity 12263K, committed 12328K, reserved 1048576K
Event: 849.152 GC heap after
Heap after GC invocations=43 (full 15):
 PSYoungGen      total 118272K, used 0K [0x00000000f5580000, 0x00000000fdc00000, 0x0000000100000000)
  eden space 100864K, 0% used [0x00000000f5580000,0x00000000f5580000,0x00000000fb800000)
  from space 17408K, 0% used [0x00000000fcb00000,0x00000000fcb00000,0x00000000fdc00000)
  to   space 18432K, 0% used [0x00000000fb800000,0x00000000fb800000,0x00000000fca00000)
 ParOldGen       total 114176K, used 46886K [0x00000000e0000000, 0x00000000e6f80000, 0x00000000f5580000)
  object space 114176K, 41% used [0x00000000e0000000,0x00000000e2dc9b78,0x00000000e6f80000)
 Metaspace       used 85622K, capacity 92776K, committed 92968K, reserved 1130496K
  class space    used 10063K, capacity 12263K, committed 12328K, reserved 1048576K
}
Event: 988.036 GC heap before
{Heap before GC invocations=44 (full 15):
 PSYoungGen      total 118272K, used 46998K [0x00000000f5580000, 0x00000000fdc00000, 0x0000000100000000)
  eden space 100864K, 46% used [0x00000000f5580000,0x00000000f8365878,0x00000000fb800000)
  from space 17408K, 0% used [0x00000000fcb00000,0x00000000fcb00000,0x00000000fdc00000)
  to   space 18432K, 0% used [0x00000000fb800000,0x00000000fb800000,0x00000000fca00000)
 ParOldGen       total 114176K, used 46886K [0x00000000e0000000, 0x00000000e6f80000, 0x00000000f5580000)
  object space 114176K, 41% used [0x00000000e0000000,0x00000000e2dc9b78,0x00000000e6f80000)
 Metaspace       used 85826K, capacity 92986K, committed 93224K, reserved 1130496K
  class space    used 10067K, capacity 12266K, committed 12328K, reserved 1048576K
Event: 988.040 GC heap after
Heap after GC invocations=44 (full 15):
 PSYoungGen      total 102400K, used 1351K [0x00000000f5580000, 0x00000000fda00000, 0x0000000100000000)
  eden space 100864K, 0% used [0x00000000f5580000,0x00000000f5580000,0x00000000fb800000)
  from space 1536K, 87% used [0x00000000fb800000,0x00000000fb951c60,0x00000000fb980000)
  to   space 17408K, 0% used [0x00000000fc900000,0x00000000fc900000,0x00000000fda00000)
 ParOldGen       total 114176K, used 46894K [0x00000000e0000000, 0x00000000e6f80000, 0x00000000f5580000)
  object space 114176K, 41% used [0x00000000e0000000,0x00000000e2dcbb78,0x00000000e6f80000)
 Metaspace       used 85826K, capacity 92986K, committed 93224K, reserved 1130496K
  class space    used 10067K, capacity 12266K, committed 12328K, reserved 1048576K
}
Event: 988.040 GC heap before
{Heap before GC invocations=45 (full 16):
 PSYoungGen      total 102400K, used 1351K [0x00000000f5580000, 0x00000000fda00000, 0x0000000100000000)
  eden space 100864K, 0% used [0x00000000f5580000,0x00000000f5580000,0x00000000fb800000)
  from space 1536K, 87% used [0x00000000fb800000,0x00000000fb951c60,0x00000000fb980000)
  to   space 17408K, 0% used [0x00000000fc900000,0x00000000fc900000,0x00000000fda00000)
 ParOldGen       total 114176K, used 46894K [0x00000000e0000000, 0x00000000e6f80000, 0x00000000f5580000)
  object space 114176K, 41% used [0x00000000e0000000,0x00000000e2dcbb78,0x00000000e6f80000)
 Metaspace       used 85826K, capacity 92986K, committed 93224K, reserved 1130496K
  class space    used 10067K, capacity 12266K, committed 12328K, reserved 1048576K
Event: 988.332 GC heap after
Heap after GC invocations=45 (full 16):
 PSYoungGen      total 102400K, used 0K [0x00000000f5580000, 0x00000000fda00000, 0x0000000100000000)
  eden space 100864K, 0% used [0x00000000f5580000,0x00000000f5580000,0x00000000fb800000)
  from space 1536K, 0% used [0x00000000fb800000,0x00000000fb800000,0x00000000fb980000)
  to   space 17408K, 0% used [0x00000000fc900000,0x00000000fc900000,0x00000000fda00000)
 ParOldGen       total 114176K, used 47009K [0x00000000e0000000, 0x00000000e6f80000, 0x00000000f5580000)
  object space 114176K, 41% used [0x00000000e0000000,0x00000000e2de8480,0x00000000e6f80000)
 Metaspace       used 85826K, capacity 92986K, committed 93224K, reserved 1130496K
  class space    used 10067K, capacity 12266K, committed 12328K, reserved 1048576K
}

Deoptimization events (10 events):
Event: 1072.973 Thread 0x0000000021948800 Uncommon trap: reason=class_check action=maybe_recompile pc=0x000000000361d62c method=org.eclipse.swt.widgets.Display.asyncExec(Ljava/lang/Runnable;)V @ 23
Event: 1115.424 Thread 0x0000000021ab3800 Uncommon trap: reason=unstable_if action=reinterpret pc=0x000000000397ee0c method=com.xilinx.sdk.targetmanager.internal.json.XMDJSONProcess.issueCommand(Ljava/lang/String;)Lcom/xilinx/sdk/targetmanager/internal/IXMDResult; @ 228
Event: 1115.663 Thread 0x0000000021aaf000 Uncommon trap: reason=unstable_if action=reinterpret pc=0x00000000042abae4 method=org.eclipse.swt.graphics.Resource.dispose()V @ 15
Event: 1116.189 Thread 0x0000000021aaf000 Uncommon trap: reason=unstable_if action=reinterpret pc=0x00000000027276f8 method=org.eclipse.osgi.internal.hooks.EclipseLazyStarter.shouldActivateFor(Ljava/lang/String;Lorg/eclipse/osgi/container/Module;Lorg/eclipse/osgi/container/ModuleRevision;Lorg/ecliþtÌÁp‘@
Event: 1116.189 Thread 0x0000000021aaf000 Uncommon trap: reason=class_check action=maybe_recompile pc=0x000000000361d62c method=org.eclipse.swt.widgets.Display.asyncExec(Ljava/lang/Runnable;)V @ 23
Event: 1116.189 Thread 0x0000000021aaf000 Uncommon trap: reason=class_check action=maybe_recompile pc=0x000000000361d62c method=org.eclipse.swt.widgets.Display.asyncExec(Ljava/lang/Runnable;)V @ 23
Event: 1116.190 Thread 0x0000000017002000 Uncommon trap: reason=unstable_if action=reinterpret pc=0x0000000004624850 method=org.eclipse.core.internal.jobs.JobManager.startJob(Lorg/eclipse/core/internal/jobs/Worker;)Lorg/eclipse/core/runtime/jobs/Job; @ 20
Event: 1116.210 Thread 0x0000000017152000 Uncommon trap: reason=unstable_if action=reinterpret pc=0x0000000004e9acdc method=org.eclipse.osgi.internal.framework.BundleContextImpl.dispatchEvent(Ljava/lang/Object;Ljava/lang/Object;ILjava/lang/Object;)V @ 16
Event: 1116.215 Thread 0x0000000021aaf000 Uncommon trap: reason=bimorphic action=maybe_recompile pc=0x0000000003cafc7c method=java.util.Hashtable.put(Ljava/lang/Object;Ljava/lang/Object;)Ljava/lang/Object; @ 60
Event: 1116.254 Thread 0x0000000021aaf000 Uncommon trap: reason=unstable_if action=reinterpret pc=0x0000000004733ca4 method=sun.reflect.UnsafeStaticObjectFieldAccessorImpl.set(Ljava/lang/Object;Ljava/lang/Object;)V @ 13

Internal exceptions (10 events):
Event: 1060.050 Thread 0x00000000022ce800 Implicit null exception at 0x0000000002b1d36d to 0x0000000002b1ff11
Event: 1115.424 Thread 0x0000000021ab3800 Exception <a 'java/io/IOException'> (0x00000000f7d87b08) thrown at [C:\re\workspace\8-2-build-windows-amd64-cygwin\jdk8u66\5298\hotspot\src\share\vm\prims\jni.cpp, line 709]
Event: 1115.424 Thread 0x0000000021ab3800 Exception <a 'java/io/IOException'> (0x00000000f7d87da0) thrown at [C:\re\workspace\8-2-build-windows-amd64-cygwin\jdk8u66\5298\hotspot\src\share\vm\prims\jni.cpp, line 709]
Event: 1115.424 Thread 0x0000000021ab3800 Exception <a 'java/io/IOException'> (0x00000000f7d88008) thrown at [C:\re\workspace\8-2-build-windows-amd64-cygwin\jdk8u66\5298\hotspot\src\share\vm\prims\jni.cpp, line 709]
Event: 1115.646 Thread 0x0000000017009800 Exception <a 'java/lang/InterruptedException'> (0x00000000fa4ca108) thrown at [C:\re\workspace\8-2-build-windows-amd64-cygwin\jdk8u66\5298\hotspot\src\share\vm\runtime\objectMonitor.cpp, line 1683]
Event: 1116.228 Thread 0x0000000021946800 Exception <a 'java/lang/InterruptedException'> (0x00000000f9870858) thrown at [C:\re\workspace\8-2-build-windows-amd64-cygwin\jdk8u66\5298\hotspot\src\share\vm\runtime\objectMonitor.cpp, line 1683]
Event: 1116.254 Thread 0x0000000021aaf000 Implicit null exception at 0x0000000004733897 to 0x0000000004733c91
Event: 1116.255 Thread 0x0000000017152000 Exception <a 'java/lang/InterruptedException'> (0x00000000fa84ea60) thrown at [C:\re\workspace\8-2-build-windows-amd64-cygwin\jdk8u66\5298\hotspot\src\share\vm\runtime\objectMonitor.cpp, line 1683]
Event: 1116.267 Thread 0x0000000015e52800 Exception <a 'java/lang/InterruptedException'> (0x00000000f9109ca0) thrown at [C:\re\workspace\8-2-build-windows-amd64-cygwin\jdk8u66\5298\hotspot\src\share\vm\runtime\objectMonitor.cpp, line 1683]
Event: 1116.268 Thread 0x0000000016ec7800 Exception <a 'java/lang/InterruptedException'> (0x00000000faa441c0) thrown at [C:\re\workspace\8-2-build-windows-amd64-cygwin\jdk8u66\5298\hotspot\src\share\vm\runtime\objectMonitor.cpp, line 1683]

Events (10 events):
Event: 1116.271 loading class java/util/IdentityHashMap$IdentityHashMapIterator
Event: 1116.271 loading class java/util/IdentityHashMap$IdentityHashMapIterator done
Event: 1116.271 loading class java/util/IdentityHashMap$KeyIterator done
Event: 1116.272 Thread 0x0000000021aad000 Thread added: 0x0000000021aad000
Event: 1116.273 Thread 0x0000000015e54800 flushing nmethod 0x0000000002d97a50
Event: 1116.273 Thread 0x0000000015e54800 flushing nmethod 0x0000000002de4510
Event: 1116.273 Thread 0x0000000015e54800 flushing nmethod 0x0000000002dfadd0
Event: 1116.273 Thread 0x0000000015e54800 flushing nmethod 0x0000000002e9c510
Event: 1116.274 Thread 0x0000000015e54800 flushing nmethod 0x0000000003031990
Event: 1116.274 Executing VM operation: Exit


Dynamic libraries:
0x0000000000400000 - 0x000000000044f000 	C:\Xilinx\SDK\2016.4\eclipse\win64.o\eclipse.exe
0x00007ff974380000 - 0x00007ff974551000 	C:\WINDOWS\SYSTEM32\ntdll.dll
0x00007ff973360000 - 0x00007ff97340c000 	C:\WINDOWS\System32\KERNEL32.DLL
0x00007ff9676b0000 - 0x00007ff967704000 	C:\Program Files (x86)\AVG\Av\avghooka.dll
0x00007ff970ef0000 - 0x00007ff97110d000 	C:\WINDOWS\System32\KERNELBASE.dll
0x00007ff96ed80000 - 0x00007ff96edfa000 	C:\WINDOWS\system32\apphelp.dll
0x00007ff973700000 - 0x00007ff973865000 	C:\WINDOWS\System32\USER32.dll
0x00007ff970c70000 - 0x00007ff970c8e000 	C:\WINDOWS\System32\win32u.dll
0x00007ff9738e0000 - 0x00007ff973914000 	C:\WINDOWS\System32\GDI32.dll
0x00007ff970870000 - 0x00007ff9709f2000 	C:\WINDOWS\System32\gdi32full.dll
0x00007ff9742d0000 - 0x00007ff97436e000 	C:\WINDOWS\System32\msvcrt.dll
0x00007ff963b10000 - 0x00007ff963d8a000 	C:\WINDOWS\WinSxS\amd64_microsoft.windows.common-controls_6595b64144ccf1df_6.0.14393.953_none_42151e83c686086b\COMCTL32.dll
0x00007ff973920000 - 0x00007ff973be8000 	C:\WINDOWS\System32\combase.dll
0x00007ff970d40000 - 0x00007ff970e35000 	C:\WINDOWS\System32\ucrtbase.dll
0x00007ff973130000 - 0x00007ff973251000 	C:\WINDOWS\System32\RPCRT4.dll
0x00007ff971160000 - 0x00007ff9711ca000 	C:\WINDOWS\System32\bcryptPrimitives.dll
0x00007ff973260000 - 0x00007ff97328e000 	C:\WINDOWS\System32\IMM32.DLL
0x0000000072000000 - 0x0000000072012000 	C:\Xilinx\SDK\2016.4\eclipse\win64.o\plugins\org.eclipse.equinox.launcher.win32.win32.x86_64_1.1.300.v20150602-1417\eclipse_1611.dll
0x00007ff973410000 - 0x00007ff9734b2000 	C:\WINDOWS\System32\ADVAPI32.dll
0x00007ff971910000 - 0x00007ff971969000 	C:\WINDOWS\System32\sechost.dll
0x00007ff962ad0000 - 0x00007ff962ada000 	C:\WINDOWS\SYSTEM32\VERSION.dll
0x00007ff96efc0000 - 0x00007ff96f055000 	C:\WINDOWS\system32\uxtheme.dll
0x00007ff974020000 - 0x00007ff97417a000 	C:\WINDOWS\System32\MSCTF.dll
0x00007ff973290000 - 0x00007ff97334f000 	C:\WINDOWS\System32\OLEAUT32.dll
0x00007ff970bd0000 - 0x00007ff970c6c000 	C:\WINDOWS\System32\msvcp_win.dll
0x0000000058630000 - 0x0000000058eb9000 	C:\Xilinx\SDK\2016.4\tps\win64\jre\bin\server\jvm.dll
0x00007ff973350000 - 0x00007ff973358000 	C:\WINDOWS\System32\PSAPI.DLL
0x00007ff966e50000 - 0x00007ff966e59000 	C:\WINDOWS\SYSTEM32\WSOCK32.dll
0x00007ff973870000 - 0x00007ff9738da000 	C:\WINDOWS\System32\WS2_32.dll
0x00007ff96eac0000 - 0x00007ff96eae3000 	C:\WINDOWS\SYSTEM32\WINMM.dll
0x000000005afc0000 - 0x000000005b092000 	C:\WINDOWS\SYSTEM32\MSVCR100.dll
0x00007ff96e920000 - 0x00007ff96e94b000 	C:\WINDOWS\SYSTEM32\WINMMBASE.dll
0x00007ff971110000 - 0x00007ff971152000 	C:\WINDOWS\System32\cfgmgr32.dll
0x0000000059f80000 - 0x0000000059f8f000 	C:\Xilinx\SDK\2016.4\tps\win64\jre\bin\verify.dll
0x0000000059a10000 - 0x0000000059a39000 	C:\Xilinx\SDK\2016.4\tps\win64\jre\bin\java.dll
0x00000000599f0000 - 0x0000000059a06000 	C:\Xilinx\SDK\2016.4\tps\win64\jre\bin\zip.dll
0x00007ff971c20000 - 0x00007ff973128000 	C:\WINDOWS\System32\SHELL32.dll
0x00007ff971230000 - 0x00007ff97190a000 	C:\WINDOWS\System32\windows.storage.dll
0x00007ff970820000 - 0x00007ff97086c000 	C:\WINDOWS\System32\powrprof.dll
0x00007ff9741f0000 - 0x00007ff974242000 	C:\WINDOWS\System32\shlwapi.dll
0x00007ff970810000 - 0x00007ff97081f000 	C:\WINDOWS\System32\kernel.appcore.dll
0x00007ff970c90000 - 0x00007ff970d39000 	C:\WINDOWS\System32\shcore.dll
0x00007ff9707f0000 - 0x00007ff970804000 	C:\WINDOWS\System32\profapi.dll
0x00007ff970260000 - 0x00007ff970277000 	C:\WINDOWS\SYSTEM32\CRYPTSP.dll
0x00007ff96fcb0000 - 0x00007ff96fce3000 	C:\WINDOWS\system32\rsaenh.dll
0x00007ff970720000 - 0x00007ff97074b000 	C:\WINDOWS\SYSTEM32\bcrypt.dll
0x00007ff96ff30000 - 0x00007ff96ff4f000 	C:\WINDOWS\SYSTEM32\USERENV.dll
0x00007ff970250000 - 0x00007ff97025b000 	C:\WINDOWS\SYSTEM32\CRYPTBASE.dll
0x00000000599d0000 - 0x00000000599ea000 	C:\Xilinx\SDK\2016.4\tps\win64\jre\bin\net.dll
0x00007ff9700b0000 - 0x00007ff97010c000 	C:\WINDOWS\system32\mswsock.dll
0x00007ff96fe30000 - 0x00007ff96fe68000 	C:\WINDOWS\SYSTEM32\IPHLPAPI.DLL
0x00007ff974370000 - 0x00007ff974378000 	C:\WINDOWS\System32\NSI.dll
0x00007ff96cc10000 - 0x00007ff96cc26000 	C:\WINDOWS\SYSTEM32\dhcpcsvc6.DLL
0x00007ff96cb40000 - 0x00007ff96cb5a000 	C:\WINDOWS\SYSTEM32\dhcpcsvc.DLL
0x00000000599b0000 - 0x00000000599c1000 	C:\Xilinx\SDK\2016.4\tps\win64\jre\bin\nio.dll
0x00007ff95e4a0000 - 0x00007ff95e4b6000 	C:\WINDOWS\system32\napinsp.dll
0x00007ff95e470000 - 0x00007ff95e48a000 	C:\WINDOWS\system32\pnrpnsp.dll
0x00007ff96be20000 - 0x00007ff96be38000 	C:\WINDOWS\system32\NLAapi.dll
0x00007ff96fe70000 - 0x00007ff96ff11000 	C:\WINDOWS\SYSTEM32\DNSAPI.dll
0x00007ff962ee0000 - 0x00007ff962eee000 	C:\WINDOWS\System32\winrnr.dll
0x000000005b0d0000 - 0x000000005b0f6000 	C:\Program Files\Bonjour\mdnsNSP.dll
0x00007ff96b090000 - 0x00007ff96b09a000 	C:\Windows\System32\rasadhlp.dll
0x00007ff96b450000 - 0x00007ff96b4ba000 	C:\WINDOWS\System32\fwpuclnt.dll
0x0000000019410000 - 0x00000000194b8000 	C:\Users\Utilizador\.Xilinx\SDK\2016.4\org.eclipse.osgi\319\0\.cp\swt-win32-4527.dll
0x00007ff971a70000 - 0x00007ff971ba8000 	C:\WINDOWS\System32\ole32.dll
0x00007ff971970000 - 0x00007ff971a6a000 	C:\WINDOWS\System32\comdlg32.dll
0x00007ff970a00000 - 0x00007ff970bc9000 	C:\WINDOWS\System32\CRYPT32.dll
0x00007ff9707e0000 - 0x00007ff9707f0000 	C:\WINDOWS\System32\MSASN1.dll
0x00007ff96bc30000 - 0x00007ff96bcb6000 	C:\WINDOWS\SYSTEM32\WINSPOOL.DRV
0x00007ff96a3c0000 - 0x00007ff96a3d9000 	C:\WINDOWS\SYSTEM32\USP10.dll
0x00007ff96ce90000 - 0x00007ff96d15a000 	C:\WINDOWS\SYSTEM32\WININET.dll
0x00007ff96dd30000 - 0x00007ff96dd56000 	C:\WINDOWS\system32\dwmapi.dll
0x00007ff96daa0000 - 0x00007ff96dc25000 	C:\WINDOWS\SYSTEM32\propsys.dll
0x00007ff973660000 - 0x00007ff9736ff000 	C:\WINDOWS\System32\clbcatq.dll
0x0000000019fa0000 - 0x0000000019fbe000 	C:\Users\Utilizador\.Xilinx\SDK\2016.4\org.eclipse.osgi\319\0\.cp\swt-gdip-win32-4527.dll
0x00007ff965510000 - 0x00007ff9656aa000 	C:\WINDOWS\WinSxS\amd64_microsoft.windows.gdiplus_6595b64144ccf1df_1.1.14393.953_none_7300116921188239\gdiplus.dll
0x00007ff96c910000 - 0x00007ff96cab8000 	C:\WINDOWS\SYSTEM32\WindowsCodecs.dll
0x0000000180000000 - 0x0000000180012000 	C:\Users\Utilizador\.Xilinx\SDK\2016.4\org.eclipse.osgi\133\0\.cp\os\win32\x86_64\localfile_1_0_0.dll
0x00007ff95f420000 - 0x00007ff95f485000 	C:\WINDOWS\SYSTEM32\oleacc.dll
0x00007ff96a9c0000 - 0x00007ff96a9c7000 	C:\WINDOWS\SYSTEM32\msimg32.dll
0x00007ff96c760000 - 0x00007ff96c771000 	C:\Users\Utilizador\.Xilinx\SDK\2016.4\org.eclipse.osgi\136\0\.cp\jWinHttp-1.0.0.dll
0x00007ff96dc60000 - 0x00007ff96dd2d000 	C:\WINDOWS\SYSTEM32\WINHTTP.dll
0x00007ff96ec40000 - 0x00007ff96ec4f000 	C:\Xilinx\SDK\2016.4\lib\win64.o\librdi_repo_manager.dll
0x00007ff96c6f0000 - 0x00007ff96c71a000 	C:\Xilinx\SDK\2016.4\lib\win64.o\libisl_sysinfo.dll
0x00007ff912f70000 - 0x00007ff913a1a000 	C:\Xilinx\SDK\2016.4\lib\win64.o\librdi_common.dll
0x00007ff9574d0000 - 0x00007ff957523000 	C:\Xilinx\SDK\2016.4\lib\win64.o\librdi_commonxillic.dll
0x00007ff923810000 - 0x00007ff923a08000 	C:\Xilinx\SDK\2016.4\lib\win64.o\librdi_hsm.dll
0x00007ff964c00000 - 0x00007ff964ca7000 	C:\WINDOWS\SYSTEM32\MSVCP110.dll
0x00007ff964cb0000 - 0x00007ff964d84000 	C:\WINDOWS\SYSTEM32\MSVCR110.dll
0x00007ff913df0000 - 0x00007ff91415e000 	C:\Xilinx\SDK\2016.4\lib\win64.o\libCOIN-all.dll
0x00007ff913bd0000 - 0x00007ff913def000 	C:\Xilinx\SDK\2016.4\lib\win64.o\libXil_lmgr11.dll
0x00007ff9711d0000 - 0x00007ff971225000 	C:\WINDOWS\System32\WINTRUST.dll
0x00007ff96c3c0000 - 0x00007ff96c3d0000 	C:\Xilinx\SDK\2016.4\lib\win64.o\libboost_date_time.dll
0x00007ff96bb30000 - 0x00007ff96bb54000 	C:\Xilinx\SDK\2016.4\lib\win64.o\libboost_filesystem.dll
0x00007ff954c20000 - 0x00007ff954c97000 	C:\Xilinx\SDK\2016.4\lib\win64.o\libboost_program_options.dll
0x00007ff94d910000 - 0x00007ff94da16000 	C:\Xilinx\SDK\2016.4\lib\win64.o\libboost_regex.dll
0x00007ff96c220000 - 0x00007ff96c233000 	C:\Xilinx\SDK\2016.4\lib\win64.o\libboost_signals.dll
0x00007ff96c330000 - 0x00007ff96c339000 	C:\Xilinx\SDK\2016.4\lib\win64.o\libboost_system.dll
0x00007ff96c190000 - 0x00007ff96c1ad000 	C:\Xilinx\SDK\2016.4\lib\win64.o\libboost_thread.dll
0x00007ff96c260000 - 0x00007ff96c26b000 	C:\Xilinx\SDK\2016.4\lib\win64.o\libboost_xilinx.dll
0x00007ff94d890000 - 0x00007ff94d910000 	C:\Xilinx\SDK\2016.4\lib\win64.o\libhdlpsolve.dll
0x00007ff949fe0000 - 0x00007ff94a07a000 	C:\Xilinx\SDK\2016.4\lib\win64.o\libhdxml.dll
0x00007ff912ba0000 - 0x00007ff912f69000 	C:\Xilinx\SDK\2016.4\lib\win64.o\libisl_iostreams.dll
0x00007ff96bd30000 - 0x00007ff96bd45000 	C:\Xilinx\SDK\2016.4\lib\win64.o\pthreadVC2.dll
0x00007ff942640000 - 0x00007ff942770000 	C:\Xilinx\SDK\2016.4\lib\win64.o\librdi_curl.dll
0x00007ff96b8a0000 - 0x00007ff96b8b8000 	C:\Xilinx\SDK\2016.4\lib\win64.o\librdiconfig.dll
0x00007ff96b860000 - 0x00007ff96b87f000 	C:\Xilinx\SDK\2016.4\lib\win64.o\librdizlib.dll
0x0000000059f90000 - 0x000000005a0b7000 	C:\Xilinx\SDK\2016.4\lib\win64.o\tcl85t.dll
0x0000000026fa0000 - 0x0000000027203000 	C:\Xilinx\SDK\2016.4\lib\win64.o\xerces-c_3_1.dll
0x00007ff963320000 - 0x00007ff9634e3000 	C:\WINDOWS\SYSTEM32\urlmon.dll
0x00007ff955770000 - 0x00007ff955793000 	C:\WINDOWS\SYSTEM32\VCOMP110.DLL
0x00007ff963e50000 - 0x00007ff963e93000 	C:\Xilinx\SDK\2016.4\lib\win64.o\librdi_hdf.dll
0x00007ff9128d0000 - 0x00007ff912b98000 	C:\Xilinx\SDK\2016.4\lib\win64.o\librdi_ippcw.dll
0x00007ff96a770000 - 0x00007ff96a788000 	C:\WINDOWS\SYSTEM32\NETAPI32.dll
0x00007ff968c50000 - 0x00007ff968c5b000 	C:\Xilinx\SDK\2016.4\lib\win64.o\libboost_chrono.dll
0x00007ff967150000 - 0x00007ff967166000 	C:\Xilinx\SDK\2016.4\lib\win64.o\libboost_iostreams.dll
0x00007ff9650e0000 - 0x00007ff965103000 	C:\Xilinx\SDK\2016.4\lib\win64.o\libisl_iosutils.dll
0x00007ff96ab70000 - 0x00007ff96ae15000 	C:\WINDOWS\SYSTEM32\iertutil.dll
0x00007ff962a20000 - 0x00007ff962a62000 	C:\WINDOWS\SYSTEM32\edputil.dll
0x00007ff963e10000 - 0x00007ff963e26000 	C:\Xilinx\SDK\2016.4\eclipse\win64.o\plugins\org.eclipse.cdt.core.win32.x86_64_5.4.0.201509131935\os\win32\x86_64\spawner.dll
0x00007ff96c240000 - 0x00007ff96c24a000 	C:\Xilinx\SDK\2016.4\lib\win64.o\librdi_jtag_settings.dll
0x00007ff953700000 - 0x00007ff953729000 	C:\Xilinx\SDK\2016.4\lib\win64.o\librdi_debug_dialog.dll
0x00007ff968c40000 - 0x00007ff968c48000 	C:\Xilinx\SDK\2016.4\lib\win64.o\librdi_target_manager.dll
0x00007ff9024d0000 - 0x00007ff902ce0000 	C:\Xilinx\SDK\2016.4\lib\win64.o\libXil_lmgr11FNP.dll
0x00007ff973bf0000 - 0x00007ff974019000 	C:\WINDOWS\System32\SETUPAPI.dll
0x00007ff961440000 - 0x00007ff96144c000 	C:\WINDOWS\SYSTEM32\snmpapi.dll
0x00007ff970450000 - 0x00007ff97047c000 	C:\WINDOWS\SYSTEM32\SspiCli.dll
0x000000001aa80000 - 0x000000001aa83000 	C:\WINDOWS\SYSTEM32\icmp.Dll

VM Arguments:
jvm_args: -Dcom.xilinx.sdk.args.hwspec=C:/Users/Utilizador/Desktop/Universidade/4_ano/2_semestre/CR/Projeto/ProjetoFinal/MP_ToDisplays/MP_ToDisplays.sdk/DebUART_wrapper.hdf -Xms64m -Xmx512m & 
java_command: <unknown>
java_class_path (initial): C:\Xilinx\SDK\2016.4\eclipse\win64.o\\plugins/org.eclipse.equinox.launcher_1.3.100.v20150511-1540.jar
Launcher Type: generic

Environment Variables:
JAVA_HOME=C:\Program Files\Java\jdk1.8.0_101
PATH=C:/Xilinx/SDK/2016.4/tps/win64/jre/bin/server;C:/Xilinx/SDK/2016.4/tps/win64/jre/bin;C:/Xilinx/SDK/2016.4/tps/win64/jre/lib/amd64;C:\Xilinx\SDK\2016.4\gnuwin\bin;C:\Xilinx\SDK\2016.4\gnu\microblaze\nt\bin;C:\Xilinx\SDK\2016.4\gnu\microblaze\linux_toolchain\nt64_le\bin;C:\Xilinx\SDK\2016.4\gnu\microblaze\linux_toolchain\nt64_be\bin;C:\Xilinx\SDK\2016.4\gnu\arm\nt\bin;C:\Xilinx\SDK\2016.4\gnu\aarch64\nt\aarch64-none\bin;C:\Xilinx\SDK\2016.4\gnu\aarch64\nt\aarch64-linux\bin;C:\Xilinx\SDK\2016.4\gnu\armr5\nt\gcc-arm-none-eabi\bin;C:\Xilinx\SDK\2016.4\gnu\aarch32\nt\gcc-arm-none-eabi\bin;C:\Xilinx\SDK\2016.4\gnu\aarch32\nt\gcc-arm-linux-gnueabi\bin;C:\Xilinx\SDK\2016.4\tps\win64\cmake-3.3.2\bin;;C:\Xilinx\SDK\2016.4\bin;C:\Xilinx\SDK\2016.4\lib\win64.o;C:\Xilinx\SDK\2016.4\tps\win64\jre\bin\server;C:\Xilinx\SDK\2016.4\tps\win64\jre\bin;C:\Xilinx\Vivado\2016.4\ids_lite\ISE\bin\nt64;C:\Xilinx\Vivado\2016.4\ids_lite\ISE\lib\nt64;C:\Xilinx\Vivado\2016.4\bin;C:\Xilinx\Vivado\2016.4\lib\win64.o;C:\Xilinx\Vivado\2016.4\tps\win64\jre\bin\server;C:\Xilinx\Vivado\2016.4\tps\win64\jre\bin;C:\Xilinx\Vivado_HLS\2016.4\bin;C:\WINDOWS\system32\Npcap;C:\Program Files\MATLAB\MATLAB Production Server\R2015a\runtime\win64;C:\Program Files\MATLAB\MATLAB Production Server\R2015a\bin;C:\Program Files\MATLAB\MATLAB Production Server\R2015a\polyspace\bin;C:\Program Files\PuTTY\;c:\Program Files\Intel\WiFi\bin\;c:\Program Files\Common Files\Intel\WirelessCommon\;C:\Users\Utilizador\AppData\Roaming\npm;C:\Users\Utilizador\AppData\Local\Microsoft\WindowsApps;C:\Python27;C:\Program Files\Java\jdk1.8.0_101\bin;C:\Program Files\NetBeans 8.2\java\maven\bin;C:\Users\Utilizador\Desktop\Universidade\4_ano\2_semestre\CR\Projeto\ProjetoFinal\MP_ToDisplays;
USERNAME=Utilizador
OS=Windows_NT
PROCESSOR_IDENTIFIER=Intel64 Family 6 Model 60 Stepping 3, GenuineIntel



---------------  S Y S T E M  ---------------

OS: Windows 10.0 , 64 bit Build 14393 (10.0.14393.1198)

CPU:total 8 (4 cores per cpu, 2 threads per core) family 6 model 60 stepping 3, cmov, cx8, fxsr, mmx, sse, sse2, sse3, ssse3, sse4.1, sse4.2, popcnt, avx, avx2, aes, clmul, erms, lzcnt, ht, tsc, tscinvbit, bmi1, bmi2

Memory: 4k page, physical 8319000k(3041336k free), swap 12976516k(5532932k free)

vm_info: Java HotSpot(TM) 64-Bit Server VM (25.66-b18) for windows-amd64 JRE (1.8.0_66-b18), built on Nov  9 2015 10:51:13 by "java_re" with MS VC++ 10.0 (VS2010)

time: Wed May 31 18:56:03 2017
elapsed time: 1116 seconds (0d 0h 18m 36s)

