#
# A fatal error has been detected by the Java Runtime Environment:
#
#  EXCEPTION_UNCAUGHT_CXX_EXCEPTION (0xe06d7363) at pc=0x00007ff970f23c58, pid=11324, tid=8112
#
# JRE version: Java(TM) SE Runtime Environment (8.0_66-b18) (build 1.8.0_66-b18)
# Java VM: Java HotSpot(TM) 64-Bit Server VM (25.66-b18 mixed mode windows-amd64 compressed oops)
# Problematic frame:
# C  [KERNELBASE.dll+0x33c58]
#
# Failed to write core dump. Minidumps are not enabled by default on client versions of Windows
#
# If you would like to submit a bug report, please visit:
#   http://bugreport.java.com/bugreport/crash.jsp
#

---------------  T H R E A D  ---------------

Current thread (0x0000000013de9000):  VMThread [stack: 0x0000000015ae0000,0x0000000015be0000] [id=8112]

siginfo: ExceptionCode=0xe06d7363, ExceptionInformation=0x0000000019930520 0x0000000015bdf448 0x00007ff964d62cb8 0x00007ff964cb0000 

Registers:
RAX=0x004c0044002e006c, RBX=0x00007ff964d62cb8, RCX=0x000000000000004c, RDX=0x0000000000000000
RSP=0x0000000015bdf290, RBP=0x0000000015bdf3d0, RSI=0x00000000ffffffff, RDI=0x000000000064f820
R8 =0x0000000000000000, R9 =0x0000000000000000, R10=0x0000000000000000, R11=0x0000000000000000
R12=0x0000000000000001, R13=0x0000000000000008, R14=0x0000000000000000, R15=0xffffffffffffffff
RIP=0x00007ff970f23c58, EFLAGS=0x0000000000000206

Top of Stack: (sp=0x0000000015bdf290)
0x0000000015bdf290:   0000000000000000 00007ff964d62cb8
0x0000000015bdf2a0:   00000000ffffffff 000000000064f820
0x0000000015bdf2b0:   00000001e06d7363 0000000000000000
0x0000000015bdf2c0:   00007ff970f23c58 00007ff900000004
0x0000000015bdf2d0:   0000000019930520 0000000015bdf448
0x0000000015bdf2e0:   00007ff964d62cb8 00007ff964cb0000
0x0000000015bdf2f0:   0000000000000008 0000000000000001
0x0000000015bdf300:   000000000064f820 00000000ffffffff
0x0000000015bdf310:   0000000015bdf3d0 00007ff9743cc26f
0x0000000015bdf320:   0000000015bdf3e0 0000000000000000
0x0000000015bdf330:   0000b874f46c74d1 0000000000000001
0x0000000015bdf340:   00007ff964d79000 00007ff964cb0000
0x0000000015bdf350:   0000478270bc99ef 0000000015bdf580
0x0000000015bdf360:   00007ff964d62cb8 00007ff964d0e92c
0x0000000015bdf370:   000000000000001f 0000000000000008
0x0000000015bdf380:   0000000000000001 000000000064f820 

Instructions: (pc=0x00007ff970f23c58)
0x00007ff970f23c38:   49 8b d1 44 0f 47 c0 44 89 44 24 38 49 c1 e0 03
0x00007ff970f23c48:   e8 47 90 04 00 48 8d 4c 24 20 ff 15 a0 44 11 00
0x00007ff970f23c58:   48 8b 8c 24 c0 00 00 00 48 33 cc e8 d8 55 04 00
0x00007ff970f23c68:   48 81 c4 d8 00 00 00 c3 83 64 24 38 00 eb d6 cc 


Register to memory mapping:

RAX=0x004c0044002e006c is an unknown value
RBX=0x00007ff964d62cb8 is an unknown value
RCX=0x000000000000004c is an unknown value
RDX=0x0000000000000000 is an unknown value
RSP=0x0000000015bdf290 is an unknown value
RBP=0x0000000015bdf3d0 is an unknown value
RSI=0x00000000ffffffff is an unallocated location in the heap
RDI=0x000000000064f820 is an unknown value
R8 =0x0000000000000000 is an unknown value
R9 =0x0000000000000000 is an unknown value
R10=0x0000000000000000 is an unknown value
R11=0x0000000000000000 is an unknown value
R12=0x0000000000000001 is an unknown value
R13=0x0000000000000008 is an unknown value
R14=0x0000000000000000 is an unknown value
R15=0xffffffffffffffff is an unknown value


Stack: [0x0000000015ae0000,0x0000000015be0000],  sp=0x0000000015bdf290,  free space=1020k
Native frames: (J=compiled Java code, j=interpreted, Vv=VM code, C=native code)
C  [KERNELBASE.dll+0x33c58]
C  [MSVCR110.dll+0x5e92c]
C  [MSVCR110.dll+0x1315c]
C  [MSVCR110.dll+0x136a9]
C  [MSVCR110.dll+0x13e9c]
C  [MSVCR110.dll+0x239e]
C  [MSVCR110.dll+0xaf9e]
C  [MSVCP110.dll+0x397b9]
C  [librdi_common.dll+0x183a66]
C  [librdi_common.dll+0x1826fb]
C  [librdi_target_manager.dll+0x2400]
C  [librdi_target_manager.dll+0x2682]
C  [ntdll.dll+0x2a35f]
C  [ntdll.dll+0x806b]
C  [ntdll.dll+0x7d94]
C  [KERNEL32.DLL+0x1ce6a]
C  [MSVCR100.dll+0x20ccd]
V  [jvm.dll+0x210cc5]
V  [jvm.dll+0x249897]
V  [jvm.dll+0x248b36]
V  [jvm.dll+0x248fd1]
V  [jvm.dll+0x2491ee]
V  [jvm.dll+0x29a0fa]
C  [MSVCR100.dll+0x21d9f]
C  [MSVCR100.dll+0x21e3b]
C  [KERNEL32.DLL+0x8364]
C  [ntdll.dll+0x670d1]

VM_Operation (0x000000000014f4c0): Exit, mode: safepoint, requested by thread 0x000000000247e800


---------------  P R O C E S S  ---------------

Java Threads: ( => current thread )
  0x00000000193aa800 JavaThread "pool-2-thread-4" [_thread_blocked, id=14948, stack(0x0000000033d30000,0x0000000033e30000)]
  0x00000000193a6800 JavaThread "pool-2-thread-3" [_thread_blocked, id=12756, stack(0x0000000031930000,0x0000000031a30000)]
  0x00000000193a9000 JavaThread "pool-2-thread-2" [_thread_blocked, id=8736, stack(0x000000002e530000,0x000000002e630000)]
  0x00000000193a4800 JavaThread "pool-2-thread-1" [_thread_blocked, id=18332, stack(0x000000002b930000,0x000000002ba30000)]
  0x000000001cdb7000 JavaThread "Thread-47" daemon [_thread_blocked, id=9080, stack(0x000000002b730000,0x000000002b830000)]
  0x000000001cdb1000 JavaThread "TCF Channel Transmitter" daemon [_thread_blocked, id=1964, stack(0x0000000027830000,0x0000000027930000)]
  0x000000001cdb6000 JavaThread "TCF Channel Receiver" daemon [_thread_in_native, id=14824, stack(0x0000000026690000,0x0000000026790000)]
  0x000000001cda8000 JavaThread "Process monitor" daemon [_thread_in_native, id=1444, stack(0x0000000025ba0000,0x0000000025ca0000)]
  0x000000001cdae800 JavaThread "Input Stream Monitor" daemon [_thread_blocked, id=17508, stack(0x0000000025aa0000,0x0000000025ba0000)]
  0x000000001cdab800 JavaThread "Output Stream Monitor" daemon [_thread_in_native, id=11868, stack(0x00000000259a0000,0x0000000025aa0000)]
  0x000000001cdab000 JavaThread "Output Stream Monitor" daemon [_thread_in_native, id=11952, stack(0x00000000253c0000,0x00000000254c0000)]
  0x000000001cdad000 JavaThread "TCF Locator DNS Lookup" daemon [_thread_blocked, id=1316, stack(0x00000000235b0000,0x00000000236b0000)]
  0x000000001cdae000 JavaThread "TCF Locator Timer" daemon [_thread_blocked, id=14332, stack(0x00000000234b0000,0x00000000235b0000)]
  0x00000000180d9000 JavaThread "TCF Locator Receiver" daemon [_thread_in_native, id=16304, stack(0x00000000233b0000,0x00000000234b0000)]
  0x00000000180d7800 JavaThread "TCF Timer Dispatcher" daemon [_thread_blocked, id=9592, stack(0x00000000231b0000,0x00000000232b0000)]
  0x00000000182c4000 JavaThread "EMF Reference Cleaner" daemon [_thread_blocked, id=14656, stack(0x000000001a300000,0x000000001a400000)]
  0x0000000015f36000 JavaThread "Service Thread" daemon [_thread_blocked, id=9544, stack(0x00000000168e0000,0x00000000169e0000)]
  0x0000000015f1a000 JavaThread "C1 CompilerThread3" daemon [_thread_blocked, id=11132, stack(0x00000000167e0000,0x00000000168e0000)]
  0x0000000015f14800 JavaThread "C2 CompilerThread2" daemon [_thread_blocked, id=9064, stack(0x00000000166e0000,0x00000000167e0000)]
  0x0000000015f10800 JavaThread "C2 CompilerThread1" daemon [_thread_blocked, id=500, stack(0x00000000165e0000,0x00000000166e0000)]
  0x0000000015f0e800 JavaThread "C2 CompilerThread0" daemon [_thread_blocked, id=11448, stack(0x00000000164e0000,0x00000000165e0000)]
  0x0000000015f0b000 JavaThread "Attach Listener" daemon [_thread_blocked, id=6964, stack(0x00000000163e0000,0x00000000164e0000)]
  0x0000000015f0a800 JavaThread "Signal Dispatcher" daemon [_thread_blocked, id=1152, stack(0x00000000162e0000,0x00000000163e0000)]
  0x000000000257a800 JavaThread "Finalizer" daemon [_thread_blocked, id=15668, stack(0x0000000015ce0000,0x0000000015de0000)]
  0x0000000013ded000 JavaThread "Reference Handler" daemon [_thread_blocked, id=13484, stack(0x0000000015be0000,0x0000000015ce0000)]
  0x000000000247e800 JavaThread "main" [_thread_blocked, id=17392, stack(0x0000000000050000,0x0000000000150000)]

Other Threads:
=>0x0000000013de9000 VMThread [stack: 0x0000000015ae0000,0x0000000015be0000] [id=8112]

VM state:at safepoint (shutting down)

VM Mutex/Monitor currently owned by a thread:  ([mutex/lock_event])
[0x000000000247db70] Threads_lock - owner thread: 0x0000000013de9000

Heap:
 PSYoungGen      total 103424K, used 11646K [0x00000000f5580000, 0x00000000fce00000, 0x0000000100000000)
  eden space 82944K, 10% used [0x00000000f5580000,0x00000000f5dc1440,0x00000000fa680000)
  from space 20480K, 15% used [0x00000000fba00000,0x00000000fbd1e748,0x00000000fce00000)
  to   space 19968K, 0% used [0x00000000fa680000,0x00000000fa680000,0x00000000fba00000)
 ParOldGen       total 120320K, used 47088K [0x00000000e0000000, 0x00000000e7580000, 0x00000000f5580000)
  object space 120320K, 39% used [0x00000000e0000000,0x00000000e2dfc180,0x00000000e7580000)
 Metaspace       used 86353K, capacity 93474K, committed 93616K, reserved 1130496K
  class space    used 10167K, capacity 12392K, committed 12464K, reserved 1048576K

Card table byte_map: [0x0000000011940000,0x0000000011a50000] byte_map_base: 0x0000000011240000

Marking Bits: (ParMarkBitMap*) 0x0000000058e3a5b0
 Begin Bits: [0x0000000012300000, 0x0000000012b00000)
 End Bits:   [0x0000000012b00000, 0x0000000013300000)

Polling page: 0x0000000001ed0000

CodeCache: size=245760Kb used=40569Kb max_used=40943Kb free=205190Kb
 bounds [0x0000000002580000, 0x0000000004dc0000, 0x0000000011580000]
 total_blobs=11891 nmethods=11003 adapters=796
 compilation: enabled

Compilation events (10 events):
Event: 1285.150 Thread 0x0000000015f1a000 13743   !   3       org.eclipse.osgi.storage.BundleInfo$Generation::close (34 bytes)
Event: 1285.150 Thread 0x0000000015f1a000 nmethod 13743 0x0000000004201210 code [0x0000000004201380, 0x00000000042017a8]
Event: 1285.153 Thread 0x0000000015f1a000 13745       3       org.eclipse.osgi.container.Module::holdsTransitionEventLock (25 bytes)
Event: 1285.154 Thread 0x0000000015f1a000 nmethod 13745 0x00000000026bb3d0 code [0x00000000026bb560, 0x00000000026bbc88]
Event: 1285.155 Thread 0x0000000015f14800 13755       4       org.eclipse.osgi.container.ModuleDatabase::readLock (11 bytes)
Event: 1285.155 Thread 0x0000000015f1a000 13754   !   3       org.eclipse.osgi.storage.BundleInfo$Generation::clearManifestCache (30 bytes)
Event: 1285.156 Thread 0x0000000015f1a000 nmethod 13754 0x0000000002703d10 code [0x0000000002703ea0, 0x00000000027044e8]
Event: 1285.157 Thread 0x0000000015f1a000 13746       3       org.eclipse.osgi.container.ModuleWiring::unload (6 bytes)
Event: 1285.157 Thread 0x0000000015f1a000 nmethod 13746 0x0000000002cb38d0 code [0x0000000002cb3a40, 0x0000000002cb3bc8]
Event: 1285.158 Thread 0x0000000015f1a000 13747       3       org.eclipse.osgi.container.ModuleWiring::invalidate0 (52 bytes)

GC Heap History (10 events):
Event: 1146.670 GC heap before
{Heap before GC invocations=38 (full 12):
 PSYoungGen      total 83456K, used 3438K [0x00000000f5580000, 0x00000000fd200000, 0x0000000100000000)
  eden space 81408K, 4% used [0x00000000f5580000,0x00000000f58db920,0x00000000fa500000)
  from space 2048K, 0% used [0x00000000fa500000,0x00000000fa500000,0x00000000fa700000)
  to   space 23040K, 0% used [0x00000000fbb80000,0x00000000fbb80000,0x00000000fd200000)
 ParOldGen       total 120320K, used 46250K [0x00000000e0000000, 0x00000000e7580000, 0x00000000f5580000)
  object space 120320K, 38% used [0x00000000e0000000,0x00000000e2d2ab18,0x00000000e7580000)
 Metaspace       used 84902K, capacity 92272K, committed 92464K, reserved 1130496K
  class space    used 10021K, capacity 12228K, committed 12336K, reserved 1048576K
Event: 1146.673 GC heap after
Heap after GC invocations=38 (full 12):
 PSYoungGen      total 103424K, used 256K [0x00000000f5580000, 0x00000000fd100000, 0x0000000100000000)
  eden space 81408K, 0% used [0x00000000f5580000,0x00000000f5580000,0x00000000fa500000)
  from space 22016K, 1% used [0x00000000fbb80000,0x00000000fbbc0000,0x00000000fd100000)
  to   space 22528K, 0% used [0x00000000fa500000,0x00000000fa500000,0x00000000fbb00000)
 ParOldGen       total 120320K, used 46250K [0x00000000e0000000, 0x00000000e7580000, 0x00000000f5580000)
  object space 120320K, 38% used [0x00000000e0000000,0x00000000e2d2ab18,0x00000000e7580000)
 Metaspace       used 84902K, capacity 92272K, committed 92464K, reserved 1130496K
  class space    used 10021K, capacity 12228K, committed 12336K, reserved 1048576K
}
Event: 1146.673 GC heap before
{Heap before GC invocations=39 (full 13):
 PSYoungGen      total 103424K, used 256K [0x00000000f5580000, 0x00000000fd100000, 0x0000000100000000)
  eden space 81408K, 0% used [0x00000000f5580000,0x00000000f5580000,0x00000000fa500000)
  from space 22016K, 1% used [0x00000000fbb80000,0x00000000fbbc0000,0x00000000fd100000)
  to   space 22528K, 0% used [0x00000000fa500000,0x00000000fa500000,0x00000000fbb00000)
 ParOldGen       total 120320K, used 46250K [0x00000000e0000000, 0x00000000e7580000, 0x00000000f5580000)
  object space 120320K, 38% used [0x00000000e0000000,0x00000000e2d2ab18,0x00000000e7580000)
 Metaspace       used 84902K, capacity 92272K, committed 92464K, reserved 1130496K
  class space    used 10021K, capacity 12228K, committed 12336K, reserved 1048576K
Event: 1146.794 GC heap after
Heap after GC invocations=39 (full 13):
 PSYoungGen      total 103424K, used 0K [0x00000000f5580000, 0x00000000fd100000, 0x0000000100000000)
  eden space 81408K, 0% used [0x00000000f5580000,0x00000000f5580000,0x00000000fa500000)
  from space 22016K, 0% used [0x00000000fbb80000,0x00000000fbb80000,0x00000000fd100000)
  to   space 22528K, 0% used [0x00000000fa500000,0x00000000fa500000,0x00000000fbb00000)
 ParOldGen       total 120320K, used 46123K [0x00000000e0000000, 0x00000000e7580000, 0x00000000f5580000)
  object space 120320K, 38% used [0x00000000e0000000,0x00000000e2d0ae10,0x00000000e7580000)
 Metaspace       used 84902K, capacity 92272K, committed 92464K, reserved 1130496K
  class space    used 10021K, capacity 12228K, committed 12336K, reserved 1048576K
}
Event: 1206.678 GC heap before
{Heap before GC invocations=40 (full 13):
 PSYoungGen      total 103424K, used 25989K [0x00000000f5580000, 0x00000000fd100000, 0x0000000100000000)
  eden space 81408K, 31% used [0x00000000f5580000,0x00000000f6ee15c8,0x00000000fa500000)
  from space 22016K, 0% used [0x00000000fbb80000,0x00000000fbb80000,0x00000000fd100000)
  to   space 22528K, 0% used [0x00000000fa500000,0x00000000fa500000,0x00000000fbb00000)
 ParOldGen       total 120320K, used 46123K [0x00000000e0000000, 0x00000000e7580000, 0x00000000f5580000)
  object space 120320K, 38% used [0x00000000e0000000,0x00000000e2d0ae10,0x00000000e7580000)
 Metaspace       used 85097K, capacity 92528K, committed 92720K, reserved 1130496K
  class space    used 10032K, capacity 12228K, committed 12336K, reserved 1048576K
Event: 1206.682 GC heap after
Heap after GC invocations=40 (full 13):
 PSYoungGen      total 83968K, used 2400K [0x00000000f5580000, 0x00000000fcf00000, 0x0000000100000000)
  eden space 81408K, 0% used [0x00000000f5580000,0x00000000f5580000,0x00000000fa500000)
  from space 2560K, 93% used [0x00000000fa500000,0x00000000fa758000,0x00000000fa780000)
  to   space 21504K, 0% used [0x00000000fba00000,0x00000000fba00000,0x00000000fcf00000)
 ParOldGen       total 120320K, used 46131K [0x00000000e0000000, 0x00000000e7580000, 0x00000000f5580000)
  object space 120320K, 38% used [0x00000000e0000000,0x00000000e2d0ce10,0x00000000e7580000)
 Metaspace       used 85097K, capacity 92528K, committed 92720K, reserved 1130496K
  class space    used 10032K, capacity 12228K, committed 12336K, reserved 1048576K
}
Event: 1206.682 GC heap before
{Heap before GC invocations=41 (full 14):
 PSYoungGen      total 83968K, used 2400K [0x00000000f5580000, 0x00000000fcf00000, 0x0000000100000000)
  eden space 81408K, 0% used [0x00000000f5580000,0x00000000f5580000,0x00000000fa500000)
  from space 2560K, 93% used [0x00000000fa500000,0x00000000fa758000,0x00000000fa780000)
  to   space 21504K, 0% used [0x00000000fba00000,0x00000000fba00000,0x00000000fcf00000)
 ParOldGen       total 120320K, used 46131K [0x00000000e0000000, 0x00000000e7580000, 0x00000000f5580000)
  object space 120320K, 38% used [0x00000000e0000000,0x00000000e2d0ce10,0x00000000e7580000)
 Metaspace       used 85097K, capacity 92528K, committed 92720K, reserved 1130496K
  class space    used 10032K, capacity 12228K, committed 12336K, reserved 1048576K
Event: 1206.850 GC heap after
Heap after GC invocations=41 (full 14):
 PSYoungGen      total 83968K, used 0K [0x00000000f5580000, 0x00000000fcf00000, 0x0000000100000000)
  eden space 81408K, 0% used [0x00000000f5580000,0x00000000f5580000,0x00000000fa500000)
  from space 2560K, 0% used [0x00000000fa500000,0x00000000fa500000,0x00000000fa780000)
  to   space 21504K, 0% used [0x00000000fba00000,0x00000000fba00000,0x00000000fcf00000)
 ParOldGen       total 120320K, used 47080K [0x00000000e0000000, 0x00000000e7580000, 0x00000000f5580000)
  object space 120320K, 39% used [0x00000000e0000000,0x00000000e2dfa180,0x00000000e7580000)
 Metaspace       used 85097K, capacity 92528K, committed 92720K, reserved 1130496K
  class space    used 10032K, capacity 12228K, committed 12336K, reserved 1048576K
}
Event: 1284.466 GC heap before
{Heap before GC invocations=42 (full 14):
 PSYoungGen      total 83968K, used 81408K [0x00000000f5580000, 0x00000000fcf00000, 0x0000000100000000)
  eden space 81408K, 100% used [0x00000000f5580000,0x00000000fa500000,0x00000000fa500000)
  from space 2560K, 0% used [0x00000000fa500000,0x00000000fa500000,0x00000000fa780000)
  to   space 21504K, 0% used [0x00000000fba00000,0x00000000fba00000,0x00000000fcf00000)
 ParOldGen       total 120320K, used 47080K [0x00000000e0000000, 0x00000000e7580000, 0x00000000f5580000)
  object space 120320K, 39% used [0x00000000e0000000,0x00000000e2dfa180,0x00000000e7580000)
 Metaspace       used 86021K, capacity 93310K, committed 93616K, reserved 1130496K
  class space    used 10131K, capacity 12360K, committed 12464K, reserved 1048576K
Event: 1284.476 GC heap after
Heap after GC invocations=42 (full 14):
 PSYoungGen      total 103424K, used 3193K [0x00000000f5580000, 0x00000000fce00000, 0x0000000100000000)
  eden space 82944K, 0% used [0x00000000f5580000,0x00000000f5580000,0x00000000fa680000)
  from space 20480K, 15% used [0x00000000fba00000,0x00000000fbd1e748,0x00000000fce00000)
  to   space 19968K, 0% used [0x00000000fa680000,0x00000000fa680000,0x00000000fba00000)
 ParOldGen       total 120320K, used 47088K [0x00000000e0000000, 0x00000000e7580000, 0x00000000f5580000)
  object space 120320K, 39% used [0x00000000e0000000,0x00000000e2dfc180,0x00000000e7580000)
 Metaspace       used 86021K, capacity 93310K, committed 93616K, reserved 1130496K
  class space    used 10131K, capacity 12360K, committed 12464K, reserved 1048576K
}

Deoptimization events (10 events):
Event: 1285.061 Thread 0x000000001809b000 Uncommon trap: reason=array_check action=maybe_recompile pc=0x0000000003786734 method=java.util.Arrays.fill([Ljava/lang/Object;Ljava/lang/Object;)V @ 13
Event: 1285.061 Thread 0x000000001809b000 Uncommon trap: reason=array_check action=maybe_recompile pc=0x0000000003786734 method=java.util.Arrays.fill([Ljava/lang/Object;Ljava/lang/Object;)V @ 13
Event: 1285.061 Thread 0x000000001809b000 Uncommon trap: reason=array_check action=maybe_recompile pc=0x0000000003786734 method=java.util.Arrays.fill([Ljava/lang/Object;Ljava/lang/Object;)V @ 13
Event: 1285.107 Thread 0x00000000193ac000 Uncommon trap: reason=unstable_if action=reinterpret pc=0x0000000002acdbb8 method=org.eclipse.core.internal.jobs.JobManager.nextJob()Lorg/eclipse/core/runtime/jobs/Job; @ 80
Event: 1285.107 Thread 0x00000000193ac000 Uncommon trap: reason=unstable_if action=reinterpret pc=0x0000000004a311f8 method=org.eclipse.core.internal.jobs.WorkerPool.startJob(Lorg/eclipse/core/internal/jobs/Worker;)Lorg/eclipse/core/internal/jobs/InternalJob; @ 177
Event: 1285.107 Thread 0x000000001cdb1800 Uncommon trap: reason=unstable_if action=reinterpret pc=0x0000000004a311f8 method=org.eclipse.core.internal.jobs.WorkerPool.startJob(Lorg/eclipse/core/internal/jobs/Worker;)Lorg/eclipse/core/internal/jobs/InternalJob; @ 177
Event: 1285.108 Thread 0x000000001cda8800 Uncommon trap: reason=unstable_if action=reinterpret pc=0x0000000004a311f8 method=org.eclipse.core.internal.jobs.WorkerPool.startJob(Lorg/eclipse/core/internal/jobs/Worker;)Lorg/eclipse/core/internal/jobs/InternalJob; @ 177
Event: 1285.108 Thread 0x00000000193a9800 Uncommon trap: reason=unstable_if action=reinterpret pc=0x0000000004a311f8 method=org.eclipse.core.internal.jobs.WorkerPool.startJob(Lorg/eclipse/core/internal/jobs/Worker;)Lorg/eclipse/core/internal/jobs/InternalJob; @ 177
Event: 1285.108 Thread 0x00000000193af000 Uncommon trap: reason=unstable_if action=reinterpret pc=0x0000000004a311f8 method=org.eclipse.core.internal.jobs.WorkerPool.startJob(Lorg/eclipse/core/internal/jobs/Worker;)Lorg/eclipse/core/internal/jobs/InternalJob; @ 177
Event: 1285.108 Thread 0x00000000193a8000 Uncommon trap: reason=unstable_if action=reinterpret pc=0x0000000004a311f8 method=org.eclipse.core.internal.jobs.WorkerPool.startJob(Lorg/eclipse/core/internal/jobs/Worker;)Lorg/eclipse/core/internal/jobs/InternalJob; @ 177

Internal exceptions (10 events):
Event: 1284.388 Thread 0x000000000247e800 Exception <a 'java/io/FileNotFoundException'> (0x00000000fa151108) thrown at [C:\re\workspace\8-2-build-windows-amd64-cygwin\jdk8u66\5298\hotspot\src\share\vm\prims\jni.cpp, line 709]
Event: 1284.389 Thread 0x000000000247e800 Exception <a 'java/io/FileNotFoundException'> (0x00000000fa153470) thrown at [C:\re\workspace\8-2-build-windows-amd64-cygwin\jdk8u66\5298\hotspot\src\share\vm\prims\jni.cpp, line 709]
Event: 1284.389 Thread 0x000000000247e800 Exception <a 'java/io/FileNotFoundException'> (0x00000000fa1557d8) thrown at [C:\re\workspace\8-2-build-windows-amd64-cygwin\jdk8u66\5298\hotspot\src\share\vm\prims\jni.cpp, line 709]
Event: 1284.389 Thread 0x000000000247e800 Exception <a 'java/io/FileNotFoundException'> (0x00000000fa157c80) thrown at [C:\re\workspace\8-2-build-windows-amd64-cygwin\jdk8u66\5298\hotspot\src\share\vm\prims\jni.cpp, line 709]
Event: 1284.409 Thread 0x000000000247e800 Implicit null exception at 0x0000000002bb2f3a to 0x0000000002bb5ab1
Event: 1284.503 Thread 0x000000001cdb4800 Exception <a 'java/lang/InterruptedException'> (0x00000000f56c0c70) thrown at [C:\re\workspace\8-2-build-windows-amd64-cygwin\jdk8u66\5298\hotspot\src\share\vm\runtime\objectMonitor.cpp, line 1683]
Event: 1285.106 Thread 0x00000000180d5000 Exception <a 'java/lang/InterruptedException'> (0x00000000f5ab9898) thrown at [C:\re\workspace\8-2-build-windows-amd64-cygwin\jdk8u66\5298\hotspot\src\share\vm\runtime\objectMonitor.cpp, line 1683]
Event: 1285.137 Thread 0x000000001809b000 Exception <a 'java/lang/InterruptedException'> (0x00000000f5aa88b8) thrown at [C:\re\workspace\8-2-build-windows-amd64-cygwin\jdk8u66\5298\hotspot\src\share\vm\runtime\objectMonitor.cpp, line 1683]
Event: 1285.152 Thread 0x00000000180d9800 Exception <a 'java/lang/InterruptedException'> (0x00000000f59034b0) thrown at [C:\re\workspace\8-2-build-windows-amd64-cygwin\jdk8u66\5298\hotspot\src\share\vm\runtime\objectMonitor.cpp, line 1683]
Event: 1285.153 Thread 0x000000001814f800 Exception <a 'java/lang/InterruptedException'> (0x00000000f5c97330) thrown at [C:\re\workspace\8-2-build-windows-amd64-cygwin\jdk8u66\5298\hotspot\src\share\vm\runtime\objectMonitor.cpp, line 1683]

Events (10 events):
Event: 1285.156 Thread 0x0000000015f1a000 flushing nmethod 0x0000000002e23010
Event: 1285.156 loading class java/util/IdentityHashMap$IdentityHashMapIterator done
Event: 1285.156 loading class java/util/IdentityHashMap$KeyIterator done
Event: 1285.157 Thread 0x00000000193a6000 Thread added: 0x00000000193a6000
Event: 1285.157 Thread 0x0000000015f1a000 flushing nmethod 0x0000000002fea850
Event: 1285.158 Thread 0x0000000015f1a000 flushing nmethod 0x0000000003046490
Event: 1285.158 Thread 0x00000000193a6000 Thread exited: 0x00000000193a6000
Event: 1285.158 Thread 0x0000000015f1a000 flushing nmethod 0x0000000003058dd0
Event: 1285.158 Thread 0x0000000015f1a000 flushing nmethod 0x000000000307fbd0
Event: 1285.158 Executing VM operation: Exit


Dynamic libraries:
0x0000000000400000 - 0x000000000044f000 	C:\Xilinx\SDK\2016.4\eclipse\win64.o\eclipse.exe
0x00007ff974380000 - 0x00007ff974551000 	C:\WINDOWS\SYSTEM32\ntdll.dll
0x00007ff973360000 - 0x00007ff97340c000 	C:\WINDOWS\System32\KERNEL32.DLL
0x00007ff9676b0000 - 0x00007ff967704000 	C:\Program Files (x86)\AVG\Av\avghooka.dll
0x00007ff970ef0000 - 0x00007ff97110d000 	C:\WINDOWS\System32\KERNELBASE.dll
0x00007ff96ed80000 - 0x00007ff96edfa000 	C:\WINDOWS\system32\apphelp.dll
0x00007ff973700000 - 0x00007ff973865000 	C:\WINDOWS\System32\USER32.dll
0x00007ff970c70000 - 0x00007ff970c8e000 	C:\WINDOWS\System32\win32u.dll
0x00007ff9738e0000 - 0x00007ff973914000 	C:\WINDOWS\System32\GDI32.dll
0x00007ff970870000 - 0x00007ff9709f2000 	C:\WINDOWS\System32\gdi32full.dll
0x00007ff9742d0000 - 0x00007ff97436e000 	C:\WINDOWS\System32\msvcrt.dll
0x00007ff963b10000 - 0x00007ff963d8a000 	C:\WINDOWS\WinSxS\amd64_microsoft.windows.common-controls_6595b64144ccf1df_6.0.14393.953_none_42151e83c686086b\COMCTL32.dll
0x00007ff973920000 - 0x00007ff973be8000 	C:\WINDOWS\System32\combase.dll
0x00007ff970d40000 - 0x00007ff970e35000 	C:\WINDOWS\System32\ucrtbase.dll
0x00007ff973130000 - 0x00007ff973251000 	C:\WINDOWS\System32\RPCRT4.dll
0x00007ff971160000 - 0x00007ff9711ca000 	C:\WINDOWS\System32\bcryptPrimitives.dll
0x00007ff973260000 - 0x00007ff97328e000 	C:\WINDOWS\System32\IMM32.DLL
0x0000000072000000 - 0x0000000072012000 	C:\Xilinx\SDK\2016.4\eclipse\win64.o\plugins\org.eclipse.equinox.launcher.win32.win32.x86_64_1.1.300.v20150602-1417\eclipse_1611.dll
0x00007ff973410000 - 0x00007ff9734b2000 	C:\WINDOWS\System32\ADVAPI32.dll
0x00007ff971910000 - 0x00007ff971969000 	C:\WINDOWS\System32\sechost.dll
0x00007ff962ad0000 - 0x00007ff962ada000 	C:\WINDOWS\SYSTEM32\VERSION.dll
0x00007ff96efc0000 - 0x00007ff96f055000 	C:\WINDOWS\system32\uxtheme.dll
0x00007ff974020000 - 0x00007ff97417a000 	C:\WINDOWS\System32\MSCTF.dll
0x00007ff973290000 - 0x00007ff97334f000 	C:\WINDOWS\System32\OLEAUT32.dll
0x00007ff970bd0000 - 0x00007ff970c6c000 	C:\WINDOWS\System32\msvcp_win.dll
0x0000000058630000 - 0x0000000058eb9000 	C:\Xilinx\SDK\2016.4\tps\win64\jre\bin\server\jvm.dll
0x00007ff973350000 - 0x00007ff973358000 	C:\WINDOWS\System32\PSAPI.DLL
0x00007ff96c260000 - 0x00007ff96c269000 	C:\WINDOWS\SYSTEM32\WSOCK32.dll
0x00007ff973870000 - 0x00007ff9738da000 	C:\WINDOWS\System32\WS2_32.dll
0x00007ff96eac0000 - 0x00007ff96eae3000 	C:\WINDOWS\SYSTEM32\WINMM.dll
0x000000005afc0000 - 0x000000005b092000 	C:\WINDOWS\SYSTEM32\MSVCR100.dll
0x00007ff96e920000 - 0x00007ff96e94b000 	C:\WINDOWS\SYSTEM32\WINMMBASE.dll
0x00007ff971110000 - 0x00007ff971152000 	C:\WINDOWS\System32\cfgmgr32.dll
0x0000000059b20000 - 0x0000000059b2f000 	C:\Xilinx\SDK\2016.4\tps\win64\jre\bin\verify.dll
0x0000000059af0000 - 0x0000000059b19000 	C:\Xilinx\SDK\2016.4\tps\win64\jre\bin\java.dll
0x0000000059ad0000 - 0x0000000059ae6000 	C:\Xilinx\SDK\2016.4\tps\win64\jre\bin\zip.dll
0x00007ff971c20000 - 0x00007ff973128000 	C:\WINDOWS\System32\SHELL32.dll
0x00007ff971230000 - 0x00007ff97190a000 	C:\WINDOWS\System32\windows.storage.dll
0x00007ff970820000 - 0x00007ff97086c000 	C:\WINDOWS\System32\powrprof.dll
0x00007ff9741f0000 - 0x00007ff974242000 	C:\WINDOWS\System32\shlwapi.dll
0x00007ff970810000 - 0x00007ff97081f000 	C:\WINDOWS\System32\kernel.appcore.dll
0x00007ff970c90000 - 0x00007ff970d39000 	C:\WINDOWS\System32\shcore.dll
0x00007ff9707f0000 - 0x00007ff970804000 	C:\WINDOWS\System32\profapi.dll
0x00007ff970260000 - 0x00007ff970277000 	C:\WINDOWS\SYSTEM32\CRYPTSP.dll
0x00007ff96fcb0000 - 0x00007ff96fce3000 	C:\WINDOWS\system32\rsaenh.dll
0x00007ff970720000 - 0x00007ff97074b000 	C:\WINDOWS\SYSTEM32\bcrypt.dll
0x00007ff96ff30000 - 0x00007ff96ff4f000 	C:\WINDOWS\SYSTEM32\USERENV.dll
0x00007ff970250000 - 0x00007ff97025b000 	C:\WINDOWS\SYSTEM32\CRYPTBASE.dll
0x0000000059ab0000 - 0x0000000059aca000 	C:\Xilinx\SDK\2016.4\tps\win64\jre\bin\net.dll
0x00007ff9700b0000 - 0x00007ff97010c000 	C:\WINDOWS\system32\mswsock.dll
0x00007ff96fe30000 - 0x00007ff96fe68000 	C:\WINDOWS\SYSTEM32\IPHLPAPI.DLL
0x00007ff974370000 - 0x00007ff974378000 	C:\WINDOWS\System32\NSI.dll
0x00007ff96cc10000 - 0x00007ff96cc26000 	C:\WINDOWS\SYSTEM32\dhcpcsvc6.DLL
0x00007ff96cb40000 - 0x00007ff96cb5a000 	C:\WINDOWS\SYSTEM32\dhcpcsvc.DLL
0x0000000059a90000 - 0x0000000059aa1000 	C:\Xilinx\SDK\2016.4\tps\win64\jre\bin\nio.dll
0x00007ff95e4a0000 - 0x00007ff95e4b6000 	C:\WINDOWS\system32\napinsp.dll
0x00007ff95e470000 - 0x00007ff95e48a000 	C:\WINDOWS\system32\pnrpnsp.dll
0x00007ff96be20000 - 0x00007ff96be38000 	C:\WINDOWS\system32\NLAapi.dll
0x00007ff96fe70000 - 0x00007ff96ff11000 	C:\WINDOWS\SYSTEM32\DNSAPI.dll
0x00007ff962ee0000 - 0x00007ff962eee000 	C:\WINDOWS\System32\winrnr.dll
0x000000005b0d0000 - 0x000000005b0f6000 	C:\Program Files\Bonjour\mdnsNSP.dll
0x00007ff96b090000 - 0x00007ff96b09a000 	C:\Windows\System32\rasadhlp.dll
0x00007ff96b450000 - 0x00007ff96b4ba000 	C:\WINDOWS\System32\fwpuclnt.dll
0x0000000018500000 - 0x00000000185a8000 	C:\Users\Utilizador\.Xilinx\SDK\2016.4\org.eclipse.osgi\319\0\.cp\swt-win32-4527.dll
0x00007ff971a70000 - 0x00007ff971ba8000 	C:\WINDOWS\System32\ole32.dll
0x00007ff971970000 - 0x00007ff971a6a000 	C:\WINDOWS\System32\comdlg32.dll
0x00007ff970a00000 - 0x00007ff970bc9000 	C:\WINDOWS\System32\CRYPT32.dll
0x00007ff9707e0000 - 0x00007ff9707f0000 	C:\WINDOWS\System32\MSASN1.dll
0x00007ff96bc30000 - 0x00007ff96bcb6000 	C:\WINDOWS\SYSTEM32\WINSPOOL.DRV
0x00007ff956e60000 - 0x00007ff956e79000 	C:\WINDOWS\SYSTEM32\USP10.dll
0x00007ff96ce90000 - 0x00007ff96d15a000 	C:\WINDOWS\SYSTEM32\WININET.dll
0x00007ff96dd30000 - 0x00007ff96dd56000 	C:\WINDOWS\system32\dwmapi.dll
0x00007ff96daa0000 - 0x00007ff96dc25000 	C:\WINDOWS\SYSTEM32\propsys.dll
0x00007ff973660000 - 0x00007ff9736ff000 	C:\WINDOWS\System32\clbcatq.dll
0x0000000002440000 - 0x000000000245e000 	C:\Users\Utilizador\.Xilinx\SDK\2016.4\org.eclipse.osgi\319\0\.cp\swt-gdip-win32-4527.dll
0x00007ff965510000 - 0x00007ff9656aa000 	C:\WINDOWS\WinSxS\amd64_microsoft.windows.gdiplus_6595b64144ccf1df_1.1.14393.953_none_7300116921188239\gdiplus.dll
0x00007ff96c910000 - 0x00007ff96cab8000 	C:\WINDOWS\SYSTEM32\WindowsCodecs.dll
0x0000000180000000 - 0x0000000180012000 	C:\Users\Utilizador\.Xilinx\SDK\2016.4\org.eclipse.osgi\133\0\.cp\os\win32\x86_64\localfile_1_0_0.dll
0x00007ff95f420000 - 0x00007ff95f485000 	C:\WINDOWS\SYSTEM32\oleacc.dll
0x00007ff96a9c0000 - 0x00007ff96a9c7000 	C:\WINDOWS\SYSTEM32\msimg32.dll
0x00007ff95cb20000 - 0x00007ff95cb31000 	C:\Users\Utilizador\.Xilinx\SDK\2016.4\org.eclipse.osgi\136\0\.cp\jWinHttp-1.0.0.dll
0x00007ff96dc60000 - 0x00007ff96dd2d000 	C:\WINDOWS\SYSTEM32\WINHTTP.dll
0x00007ff965320000 - 0x00007ff96532f000 	C:\Xilinx\SDK\2016.4\lib\win64.o\librdi_repo_manager.dll
0x00007ff9574b0000 - 0x00007ff9574da000 	C:\Xilinx\SDK\2016.4\lib\win64.o\libisl_sysinfo.dll
0x00007ff910a40000 - 0x00007ff9114ea000 	C:\Xilinx\SDK\2016.4\lib\win64.o\librdi_common.dll
0x00007ff950b80000 - 0x00007ff950bd3000 	C:\Xilinx\SDK\2016.4\lib\win64.o\librdi_commonxillic.dll
0x00007ff91a710000 - 0x00007ff91a908000 	C:\Xilinx\SDK\2016.4\lib\win64.o\librdi_hsm.dll
0x00007ff964c00000 - 0x00007ff964ca7000 	C:\WINDOWS\SYSTEM32\MSVCP110.dll
0x00007ff964cb0000 - 0x00007ff964d84000 	C:\WINDOWS\SYSTEM32\MSVCR110.dll
0x00007ff91a3a0000 - 0x00007ff91a70e000 	C:\Xilinx\SDK\2016.4\lib\win64.o\libCOIN-all.dll
0x00007ff91a180000 - 0x00007ff91a39f000 	C:\Xilinx\SDK\2016.4\lib\win64.o\libXil_lmgr11.dll
0x00007ff9711d0000 - 0x00007ff971225000 	C:\WINDOWS\System32\WINTRUST.dll
0x00007ff964d90000 - 0x00007ff964da0000 	C:\Xilinx\SDK\2016.4\lib\win64.o\libboost_date_time.dll
0x00007ff953700000 - 0x00007ff953724000 	C:\Xilinx\SDK\2016.4\lib\win64.o\libboost_filesystem.dll
0x00007ff94a380000 - 0x00007ff94a3f7000 	C:\Xilinx\SDK\2016.4\lib\win64.o\libboost_program_options.dll
0x00007ff91fc50000 - 0x00007ff91fd56000 	C:\Xilinx\SDK\2016.4\lib\win64.o\libboost_regex.dll
0x00007ff956340000 - 0x00007ff956353000 	C:\Xilinx\SDK\2016.4\lib\win64.o\libboost_signals.dll
0x00007ff963db0000 - 0x00007ff963db9000 	C:\Xilinx\SDK\2016.4\lib\win64.o\libboost_system.dll
0x00007ff955ef0000 - 0x00007ff955f0d000 	C:\Xilinx\SDK\2016.4\lib\win64.o\libboost_thread.dll
0x00007ff9636b0000 - 0x00007ff9636bb000 	C:\Xilinx\SDK\2016.4\lib\win64.o\libboost_xilinx.dll
0x00007ff91fbd0000 - 0x00007ff91fc50000 	C:\Xilinx\SDK\2016.4\lib\win64.o\libhdlpsolve.dll
0x00007ff91f990000 - 0x00007ff91fa2a000 	C:\Xilinx\SDK\2016.4\lib\win64.o\libhdxml.dll
0x00007ff910670000 - 0x00007ff910a39000 	C:\Xilinx\SDK\2016.4\lib\win64.o\libisl_iostreams.dll
0x00007ff955520000 - 0x00007ff955535000 	C:\Xilinx\SDK\2016.4\lib\win64.o\pthreadVC2.dll
0x00007ff910320000 - 0x00007ff910450000 	C:\Xilinx\SDK\2016.4\lib\win64.o\librdi_curl.dll
0x00007ff9523d0000 - 0x00007ff9523e8000 	C:\Xilinx\SDK\2016.4\lib\win64.o\librdiconfig.dll
0x00007ff9522e0000 - 0x00007ff9522ff000 	C:\Xilinx\SDK\2016.4\lib\win64.o\librdizlib.dll
0x0000000059b30000 - 0x0000000059c57000 	C:\Xilinx\SDK\2016.4\lib\win64.o\tcl85t.dll
0x0000000025730000 - 0x0000000025993000 	C:\Xilinx\SDK\2016.4\lib\win64.o\xerces-c_3_1.dll
0x00007ff963320000 - 0x00007ff9634e3000 	C:\WINDOWS\SYSTEM32\urlmon.dll
0x00007ff9649c0000 - 0x00007ff9649e3000 	C:\WINDOWS\SYSTEM32\VCOMP110.DLL
0x00007ff952160000 - 0x00007ff9521a3000 	C:\Xilinx\SDK\2016.4\lib\win64.o\librdi_hdf.dll
0x00007ff910050000 - 0x00007ff910318000 	C:\Xilinx\SDK\2016.4\lib\win64.o\librdi_ippcw.dll
0x00007ff96a770000 - 0x00007ff96a788000 	C:\WINDOWS\SYSTEM32\NETAPI32.dll
0x00007ff962090000 - 0x00007ff96209b000 	C:\Xilinx\SDK\2016.4\lib\win64.o\libboost_chrono.dll
0x00007ff951a60000 - 0x00007ff951a76000 	C:\Xilinx\SDK\2016.4\lib\win64.o\libboost_iostreams.dll
0x00007ff94fe20000 - 0x00007ff94fe43000 	C:\Xilinx\SDK\2016.4\lib\win64.o\libisl_iosutils.dll
0x00007ff96ab70000 - 0x00007ff96ae15000 	C:\WINDOWS\SYSTEM32\iertutil.dll
0x00007ff962a20000 - 0x00007ff962a62000 	C:\WINDOWS\SYSTEM32\edputil.dll
0x00007ff950b60000 - 0x00007ff950b76000 	C:\Xilinx\SDK\2016.4\eclipse\win64.o\plugins\org.eclipse.cdt.core.win32.x86_64_5.4.0.201509131935\os\win32\x86_64\spawner.dll
0x00007ff9614b0000 - 0x00007ff9614ba000 	C:\Xilinx\SDK\2016.4\lib\win64.o\librdi_jtag_settings.dll
0x00007ff94f7c0000 - 0x00007ff94f7e9000 	C:\Xilinx\SDK\2016.4\lib\win64.o\librdi_debug_dialog.dll
0x00007ff960640000 - 0x00007ff960648000 	C:\Xilinx\SDK\2016.4\lib\win64.o\librdi_target_manager.dll
0x00007ff91f620000 - 0x00007ff91f668000 	C:\Program Files (x86)\TeamViewer\tv_x64.dll
0x00007ff90d600000 - 0x00007ff90de10000 	C:\Xilinx\SDK\2016.4\lib\win64.o\libXil_lmgr11FNP.dll
0x00007ff973bf0000 - 0x00007ff974019000 	C:\WINDOWS\System32\SETUPAPI.dll
0x00007ff961440000 - 0x00007ff96144c000 	C:\WINDOWS\SYSTEM32\snmpapi.dll
0x00007ff970450000 - 0x00007ff97047c000 	C:\WINDOWS\SYSTEM32\SspiCli.dll

VM Arguments:
jvm_args: -Dcom.xilinx.sdk.args.hwspec=C:/Users/Utilizador/Desktop/Universidade/4_ano/2_semestre/CR/Projeto/ProjetoFinal/MP_ToDisplays/MP_ToDisplays.sdk/DebUART_wrapper.hdf -Xms64m -Xmx512m & 
java_command: <unknown>
java_class_path (initial): C:\Xilinx\SDK\2016.4\eclipse\win64.o\\plugins/org.eclipse.equinox.launcher_1.3.100.v20150511-1540.jar
Launcher Type: generic

Environment Variables:
JAVA_HOME=C:\Program Files\Java\jdk1.8.0_101
PATH=C:/Xilinx/SDK/2016.4/tps/win64/jre/bin/server;C:/Xilinx/SDK/2016.4/tps/win64/jre/bin;C:/Xilinx/SDK/2016.4/tps/win64/jre/lib/amd64;C:\Xilinx\SDK\2016.4\gnuwin\bin;C:\Xilinx\SDK\2016.4\gnu\microblaze\nt\bin;C:\Xilinx\SDK\2016.4\gnu\microblaze\linux_toolchain\nt64_le\bin;C:\Xilinx\SDK\2016.4\gnu\microblaze\linux_toolchain\nt64_be\bin;C:\Xilinx\SDK\2016.4\gnu\arm\nt\bin;C:\Xilinx\SDK\2016.4\gnu\aarch64\nt\aarch64-none\bin;C:\Xilinx\SDK\2016.4\gnu\aarch64\nt\aarch64-linux\bin;C:\Xilinx\SDK\2016.4\gnu\armr5\nt\gcc-arm-none-eabi\bin;C:\Xilinx\SDK\2016.4\gnu\aarch32\nt\gcc-arm-none-eabi\bin;C:\Xilinx\SDK\2016.4\gnu\aarch32\nt\gcc-arm-linux-gnueabi\bin;C:\Xilinx\SDK\2016.4\tps\win64\cmake-3.3.2\bin;;C:\Xilinx\SDK\2016.4\bin;C:\Xilinx\SDK\2016.4\lib\win64.o;C:\Xilinx\SDK\2016.4\tps\win64\jre\bin\server;C:\Xilinx\SDK\2016.4\tps\win64\jre\bin;C:\Xilinx\Vivado\2016.4\ids_lite\ISE\bin\nt64;C:\Xilinx\Vivado\2016.4\ids_lite\ISE\lib\nt64;C:\Xilinx\Vivado\2016.4\bin;C:\Xilinx\Vivado\2016.4\lib\win64.o;C:\Xilinx\Vivado\2016.4\tps\win64\jre\bin\server;C:\Xilinx\Vivado\2016.4\tps\win64\jre\bin;C:\Xilinx\Vivado_HLS\2016.4\bin;C:\WINDOWS\system32\Npcap;C:\Program Files\MATLAB\MATLAB Production Server\R2015a\runtime\win64;C:\Program Files\MATLAB\MATLAB Production Server\R2015a\bin;C:\Program Files\MATLAB\MATLAB Production Server\R2015a\polyspace\bin;C:\Program Files\PuTTY\;c:\Program Files\Intel\WiFi\bin\;c:\Program Files\Common Files\Intel\WirelessCommon\;C:\Users\Utilizador\AppData\Roaming\npm;C:\Users\Utilizador\AppData\Local\Microsoft\WindowsApps;C:\Python27;C:\Program Files\Java\jdk1.8.0_101\bin;C:\Program Files\NetBeans 8.2\java\maven\bin;C:\Users\Utilizador\Desktop\Universidade\4_ano\2_semestre\CR\Projeto\ProjetoFinal\MP_ToDisplays;
USERNAME=Utilizador
OS=Windows_NT
PROCESSOR_IDENTIFIER=Intel64 Family 6 Model 60 Stepping 3, GenuineIntel



---------------  S Y S T E M  ---------------

OS: Windows 10.0 , 64 bit Build 14393 (10.0.14393.1198)

CPU:total 8 (4 cores per cpu, 2 threads per core) family 6 model 60 stepping 3, cmov, cx8, fxsr, mmx, sse, sse2, sse3, ssse3, sse4.1, sse4.2, popcnt, avx, avx2, aes, clmul, erms, lzcnt, ht, tsc, tscinvbit, bmi1, bmi2

Memory: 4k page, physical 8319000k(2593644k free), swap 12976516k(4982536k free)

vm_info: Java HotSpot(TM) 64-Bit Server VM (25.66-b18) for windows-amd64 JRE (1.8.0_66-b18), built on Nov  9 2015 10:51:13 by "java_re" with MS VC++ 10.0 (VS2010)

time: Fri May 26 18:48:13 2017
elapsed time: 1285 seconds (0d 0h 21m 25s)

