#
# A fatal error has been detected by the Java Runtime Environment:
#
#  EXCEPTION_UNCAUGHT_CXX_EXCEPTION (0xe06d7363) at pc=0x00007ff970f23c58, pid=7460, tid=15148
#
# JRE version: Java(TM) SE Runtime Environment (8.0_66-b18) (build 1.8.0_66-b18)
# Java VM: Java HotSpot(TM) 64-Bit Server VM (25.66-b18 mixed mode windows-amd64 compressed oops)
# Problematic frame:
# C  [KERNELBASE.dll+0x33c58]
#
# Failed to write core dump. Minidumps are not enabled by default on client versions of Windows
#
# If you would like to submit a bug report, please visit:
#   http://bugreport.java.com/bugreport/crash.jsp
#

---------------  T H R E A D  ---------------

Current thread (0x0000000013cf9800):  VMThread [stack: 0x00000000159c0000,0x0000000015ac0000] [id=15148]

siginfo: ExceptionCode=0xe06d7363, ExceptionInformation=0x0000000019930520 0x0000000015abf448 0x00007ff964d62cb8 0x00007ff964cb0000 

Registers:
RAX=0x004c0044002e006c, RBX=0x00007ff964d62cb8, RCX=0x000000000000004c, RDX=0x0000000000000000
RSP=0x0000000015abf290, RBP=0x0000000015abf3d0, RSI=0x00000000ffffffff, RDI=0x000000000064aee0
R8 =0x0000000000000000, R9 =0x0000000000000000, R10=0x0000000000000000, R11=0x0000000000000000
R12=0x0000000000000001, R13=0x0000000000000008, R14=0x0000000000000000, R15=0xffffffffffffffff
RIP=0x00007ff970f23c58, EFLAGS=0x0000000000000206

Top of Stack: (sp=0x0000000015abf290)
0x0000000015abf290:   0000000000000000 00007ff964d62cb8
0x0000000015abf2a0:   00000000ffffffff 000000000064aee0
0x0000000015abf2b0:   00000001e06d7363 0000000000000000
0x0000000015abf2c0:   00007ff970f23c58 00007ff900000004
0x0000000015abf2d0:   0000000019930520 0000000015abf448
0x0000000015abf2e0:   00007ff964d62cb8 00007ff964cb0000
0x0000000015abf2f0:   0000000000000008 0000000000000001
0x0000000015abf300:   000000000064aee0 00000000ffffffff
0x0000000015abf310:   0000000015abf3d0 00007ff9743cc26f
0x0000000015abf320:   0000000015abf3e0 0000000000000000
0x0000000015abf330:   000051c3a3495403 0000000000000001
0x0000000015abf340:   00007ff964d79000 00007ff964cb0000
0x0000000015abf350:   00002e35f6b04857 0000000015abf580
0x0000000015abf360:   00007ff964d62cb8 00007ff964d0e92c
0x0000000015abf370:   000000000000001f 0000000000000008
0x0000000015abf380:   0000000000000001 000000000064aee0 

Instructions: (pc=0x00007ff970f23c58)
0x00007ff970f23c38:   49 8b d1 44 0f 47 c0 44 89 44 24 38 49 c1 e0 03
0x00007ff970f23c48:   e8 47 90 04 00 48 8d 4c 24 20 ff 15 a0 44 11 00
0x00007ff970f23c58:   48 8b 8c 24 c0 00 00 00 48 33 cc e8 d8 55 04 00
0x00007ff970f23c68:   48 81 c4 d8 00 00 00 c3 83 64 24 38 00 eb d6 cc 


Register to memory mapping:

RAX=0x004c0044002e006c is an unknown value
RBX=0x00007ff964d62cb8 is an unknown value
RCX=0x000000000000004c is an unknown value
RDX=0x0000000000000000 is an unknown value
RSP=0x0000000015abf290 is an unknown value
RBP=0x0000000015abf3d0 is an unknown value
RSI=0x00000000ffffffff is an unallocated location in the heap
RDI=0x000000000064aee0 is an unknown value
R8 =0x0000000000000000 is an unknown value
R9 =0x0000000000000000 is an unknown value
R10=0x0000000000000000 is an unknown value
R11=0x0000000000000000 is an unknown value
R12=0x0000000000000001 is an unknown value
R13=0x0000000000000008 is an unknown value
R14=0x0000000000000000 is an unknown value
R15=0xffffffffffffffff is an unknown value


Stack: [0x00000000159c0000,0x0000000015ac0000],  sp=0x0000000015abf290,  free space=1020k
Native frames: (J=compiled Java code, j=interpreted, Vv=VM code, C=native code)
C  [KERNELBASE.dll+0x33c58]
C  [MSVCR110.dll+0x5e92c]
C  [MSVCR110.dll+0x1315c]
C  [MSVCR110.dll+0x136a9]
C  [MSVCR110.dll+0x13e9c]
C  [MSVCR110.dll+0x239e]
C  [MSVCR110.dll+0xaf9e]
C  [MSVCP110.dll+0x397b9]
C  [librdi_common.dll+0x183a66]
C  [librdi_common.dll+0x1826fb]
C  [librdi_target_manager.dll+0x2400]
C  [librdi_target_manager.dll+0x2682]
C  [ntdll.dll+0x2a35f]
C  [ntdll.dll+0x806b]
C  [ntdll.dll+0x7d94]
C  [KERNEL32.DLL+0x1ce6a]
C  [MSVCR100.dll+0x20ccd]
V  [jvm.dll+0x210cc5]
V  [jvm.dll+0x249897]
V  [jvm.dll+0x248b36]
V  [jvm.dll+0x248fd1]
V  [jvm.dll+0x2491ee]
V  [jvm.dll+0x29a0fa]
C  [MSVCR100.dll+0x21d9f]
C  [MSVCR100.dll+0x21e3b]
C  [KERNEL32.DLL+0x8364]
C  [ntdll.dll+0x670d1]

VM_Operation (0x000000000014f4c0): Exit, mode: safepoint, requested by thread 0x000000000057e800


---------------  P R O C E S S  ---------------

Java Threads: ( => current thread )
  0x0000000020e7a000 JavaThread "pool-2-thread-7" [_thread_blocked, id=1900, stack(0x000000004bcb0000,0x000000004bdb0000)]
  0x0000000020e81800 JavaThread "pool-2-thread-6" [_thread_blocked, id=6744, stack(0x000000004a3b0000,0x000000004a4b0000)]
  0x0000000020e79000 JavaThread "pool-2-thread-5" [_thread_blocked, id=13888, stack(0x00000000477b0000,0x00000000478b0000)]
  0x0000000020e80800 JavaThread "pool-2-thread-4" [_thread_blocked, id=12524, stack(0x0000000045cb0000,0x0000000045db0000)]
  0x0000000020e80000 JavaThread "pool-2-thread-3" [_thread_blocked, id=5156, stack(0x00000000422b0000,0x00000000423b0000)]
  0x0000000020e7d000 JavaThread "pool-2-thread-2" [_thread_blocked, id=10484, stack(0x00000000377b0000,0x00000000378b0000)]
  0x0000000017d9a800 JavaThread "pool-2-thread-1" [_thread_blocked, id=12208, stack(0x000000002cbb0000,0x000000002ccb0000)]
  0x0000000017d92800 JavaThread "Thread-41" daemon [_thread_blocked, id=17492, stack(0x000000002c9b0000,0x000000002cab0000)]
  0x0000000017d8d000 JavaThread "TCF Channel Transmitter" daemon [_thread_blocked, id=11012, stack(0x00000000276c0000,0x00000000277c0000)]
  0x0000000017d94000 JavaThread "TCF Channel Receiver" daemon [_thread_in_native, id=16396, stack(0x00000000274c0000,0x00000000275c0000)]
  0x000000001881a000 JavaThread "Process monitor" daemon [_thread_in_native, id=6520, stack(0x00000000253b0000,0x00000000254b0000)]
  0x000000001881e000 JavaThread "Input Stream Monitor" daemon [_thread_blocked, id=15168, stack(0x00000000252b0000,0x00000000253b0000)]
  0x000000001881b800 JavaThread "Output Stream Monitor" daemon [_thread_in_native, id=10668, stack(0x00000000251b0000,0x00000000252b0000)]
  0x000000001881b000 JavaThread "Output Stream Monitor" daemon [_thread_in_native, id=12804, stack(0x00000000250b0000,0x00000000251b0000)]
  0x0000000018820000 JavaThread "TCF Locator DNS Lookup" daemon [_thread_blocked, id=13332, stack(0x0000000023790000,0x0000000023890000)]
  0x000000001881c800 JavaThread "TCF Locator Timer" daemon [_thread_blocked, id=5740, stack(0x0000000023690000,0x0000000023790000)]
  0x0000000017dd7000 JavaThread "TCF Locator Receiver" daemon [_thread_in_native, id=16184, stack(0x0000000023590000,0x0000000023690000)]
  0x0000000017dd3800 JavaThread "TCF Timer Dispatcher" daemon [_thread_blocked, id=9708, stack(0x00000000230c0000,0x00000000231c0000)]
  0x00000000184ef000 JavaThread "EMF Reference Cleaner" daemon [_thread_blocked, id=14240, stack(0x000000001a2d0000,0x000000001a3d0000)]
  0x0000000015e8f800 JavaThread "Service Thread" daemon [_thread_blocked, id=9448, stack(0x00000000167c0000,0x00000000168c0000)]
  0x0000000015dfc000 JavaThread "C1 CompilerThread3" daemon [_thread_blocked, id=8040, stack(0x00000000166c0000,0x00000000167c0000)]
  0x0000000015dee800 JavaThread "C2 CompilerThread2" daemon [_thread_blocked, id=13020, stack(0x00000000165c0000,0x00000000166c0000)]
  0x0000000015de8000 JavaThread "C2 CompilerThread1" daemon [_thread_blocked, id=6704, stack(0x00000000164c0000,0x00000000165c0000)]
  0x0000000015de6000 JavaThread "C2 CompilerThread0" daemon [_thread_blocked, id=13684, stack(0x00000000163c0000,0x00000000164c0000)]
  0x0000000015df6800 JavaThread "Attach Listener" daemon [_thread_blocked, id=1764, stack(0x00000000162c0000,0x00000000163c0000)]
  0x0000000015df5000 JavaThread "Signal Dispatcher" daemon [_thread_blocked, id=6764, stack(0x00000000161c0000,0x00000000162c0000)]
  0x0000000002489800 JavaThread "Finalizer" daemon [_thread_blocked, id=1292, stack(0x0000000015bc0000,0x0000000015cc0000)]
  0x0000000013cfd800 JavaThread "Reference Handler" daemon [_thread_blocked, id=4248, stack(0x0000000015ac0000,0x0000000015bc0000)]
  0x000000000057e800 JavaThread "main" [_thread_blocked, id=11668, stack(0x0000000000050000,0x0000000000150000)]

Other Threads:
=>0x0000000013cf9800 VMThread [stack: 0x00000000159c0000,0x0000000015ac0000] [id=15148]

VM state:at safepoint (shutting down)

VM Mutex/Monitor currently owned by a thread:  ([mutex/lock_event])
[0x000000000057d240] Threads_lock - owner thread: 0x0000000013cf9800

Heap:
 PSYoungGen      total 77824K, used 29531K [0x00000000f5580000, 0x00000000faf80000, 0x0000000100000000)
  eden space 74752K, 35% used [0x00000000f5580000,0x00000000f6f59190,0x00000000f9e80000)
  from space 3072K, 99% used [0x00000000fa080000,0x00000000fa37dc70,0x00000000fa380000)
  to   space 8704K, 0% used [0x00000000fa700000,0x00000000fa700000,0x00000000faf80000)
 ParOldGen       total 115712K, used 47055K [0x00000000e0000000, 0x00000000e7100000, 0x00000000f5580000)
  object space 115712K, 40% used [0x00000000e0000000,0x00000000e2df3e80,0x00000000e7100000)
 Metaspace       used 89154K, capacity 96196K, committed 96304K, reserved 1132544K
  class space    used 10299K, capacity 12520K, committed 12592K, reserved 1048576K

Card table byte_map: [0x0000000011850000,0x0000000011960000] byte_map_base: 0x0000000011150000

Marking Bits: (ParMarkBitMap*) 0x0000000058d5a5b0
 Begin Bits: [0x0000000012210000, 0x0000000012a10000)
 End Bits:   [0x0000000012a10000, 0x0000000013210000)

Polling page: 0x0000000001de0000

CodeCache: size=245760Kb used=51705Kb max_used=52179Kb free=194054Kb
 bounds [0x0000000002490000, 0x0000000005800000, 0x0000000011490000]
 total_blobs=14293 nmethods=13398 adapters=801
 compilation: enabled

Compilation events (10 events):
Event: 2425.223 Thread 0x0000000015dfc000 17126       3       org.eclipse.osgi.container.ModuleWiring::invalidate0 (52 bytes)
Event: 2425.224 Thread 0x0000000015dfc000 nmethod 17126 0x00000000050dd390 code [0x00000000050dd540, 0x00000000050ddee8]
Event: 2425.224 Thread 0x0000000015dfc000 17127       3       org.eclipse.osgi.internal.container.AtomicLazyInitializer::getAndClear (9 bytes)
Event: 2425.224 Thread 0x0000000015dfc000 nmethod 17127 0x00000000028b7c50 code [0x00000000028b7dc0, 0x00000000028b8010]
Event: 2425.224 Thread 0x0000000015dfc000 17128       3       java.util.concurrent.atomic.AtomicReference::getAndSet (12 bytes)
Event: 2425.224 Thread 0x0000000015dfc000 nmethod 17128 0x0000000002ffac90 code [0x0000000002ffade0, 0x0000000002ffaf50]
Event: 2425.224 Thread 0x0000000015dfc000 17130       3       sun.misc.Unsafe::getAndSetObject (24 bytes)
Event: 2425.224 Thread 0x0000000015dfc000 nmethod 17130 0x000000000281a590 code [0x000000000281a700, 0x000000000281a910]
Event: 2425.224 Thread 0x0000000015dfc000 17131       3       org.eclipse.osgi.internal.framework.EquinoxContainerAdaptor::invalidateWiring (186 bytes)
Event: 2425.224 Thread 0x0000000015de6000 17112   !   4       org.eclipse.osgi.internal.framework.EquinoxEventPublisher::publishBundleEventPrivileged (649 bytes)

GC Heap History (10 events):
Event: 2138.648 GC heap before
{Heap before GC invocations=57 (full 17):
 PSYoungGen      total 81920K, used 74776K [0x00000000f5580000, 0x00000000fb780000, 0x0000000100000000)
  eden space 78848K, 91% used [0x00000000f5580000,0x00000000f9bf9e68,0x00000000fa280000)
  from space 3072K, 84% used [0x00000000fa480000,0x00000000fa70c240,0x00000000fa780000)
  to   space 10752K, 0% used [0x00000000fad00000,0x00000000fad00000,0x00000000fb780000)
 ParOldGen       total 115712K, used 46607K [0x00000000e0000000, 0x00000000e7100000, 0x00000000f5580000)
  object space 115712K, 40% used [0x00000000e0000000,0x00000000e2d83f08,0x00000000e7100000)
 Metaspace       used 87699K, capacity 94750K, committed 95024K, reserved 1132544K
  class space    used 10152K, capacity 12294K, committed 12336K, reserved 1048576K
Event: 2138.665 GC heap after
Heap after GC invocations=57 (full 17):
 PSYoungGen      total 88576K, used 2704K [0x00000000f5580000, 0x00000000fb680000, 0x0000000100000000)
  eden space 78848K, 0% used [0x00000000f5580000,0x00000000f5580000,0x00000000fa280000)
  from space 9728K, 27% used [0x00000000fad00000,0x00000000fafa4240,0x00000000fb680000)
  to   space 10240K, 0% used [0x00000000fa280000,0x00000000fa280000,0x00000000fac80000)
 ParOldGen       total 115712K, used 46615K [0x00000000e0000000, 0x00000000e7100000, 0x00000000f5580000)
  object space 115712K, 40% used [0x00000000e0000000,0x00000000e2d85f08,0x00000000e7100000)
 Metaspace       used 87699K, capacity 94750K, committed 95024K, reserved 1132544K
  class space    used 10152K, capacity 12294K, committed 12336K, reserved 1048576K
}
Event: 2138.665 GC heap before
{Heap before GC invocations=58 (full 18):
 PSYoungGen      total 88576K, used 2704K [0x00000000f5580000, 0x00000000fb680000, 0x0000000100000000)
  eden space 78848K, 0% used [0x00000000f5580000,0x00000000f5580000,0x00000000fa280000)
  from space 9728K, 27% used [0x00000000fad00000,0x00000000fafa4240,0x00000000fb680000)
  to   space 10240K, 0% used [0x00000000fa280000,0x00000000fa280000,0x00000000fac80000)
 ParOldGen       total 115712K, used 46615K [0x00000000e0000000, 0x00000000e7100000, 0x00000000f5580000)
  object space 115712K, 40% used [0x00000000e0000000,0x00000000e2d85f08,0x00000000e7100000)
 Metaspace       used 87699K, capacity 94750K, committed 95024K, reserved 1132544K
  class space    used 10152K, capacity 12294K, committed 12336K, reserved 1048576K
Event: 2138.866 GC heap after
Heap after GC invocations=58 (full 18):
 PSYoungGen      total 88576K, used 0K [0x00000000f5580000, 0x00000000fb680000, 0x0000000100000000)
  eden space 78848K, 0% used [0x00000000f5580000,0x00000000f5580000,0x00000000fa280000)
  from space 9728K, 0% used [0x00000000fad00000,0x00000000fad00000,0x00000000fb680000)
  to   space 10240K, 0% used [0x00000000fa280000,0x00000000fa280000,0x00000000fac80000)
 ParOldGen       total 115712K, used 47031K [0x00000000e0000000, 0x00000000e7100000, 0x00000000f5580000)
  object space 115712K, 40% used [0x00000000e0000000,0x00000000e2dede80,0x00000000e7100000)
 Metaspace       used 87699K, capacity 94750K, committed 95024K, reserved 1132544K
  class space    used 10152K, capacity 12294K, committed 12336K, reserved 1048576K
}
Event: 2179.817 GC heap before
{Heap before GC invocations=59 (full 18):
 PSYoungGen      total 88576K, used 78848K [0x00000000f5580000, 0x00000000fb680000, 0x0000000100000000)
  eden space 78848K, 100% used [0x00000000f5580000,0x00000000fa280000,0x00000000fa280000)
  from space 9728K, 0% used [0x00000000fad00000,0x00000000fad00000,0x00000000fb680000)
  to   space 10240K, 0% used [0x00000000fa280000,0x00000000fa280000,0x00000000fac80000)
 ParOldGen       total 115712K, used 47031K [0x00000000e0000000, 0x00000000e7100000, 0x00000000f5580000)
  object space 115712K, 40% used [0x00000000e0000000,0x00000000e2dede80,0x00000000e7100000)
 Metaspace       used 88106K, capacity 95166K, committed 95280K, reserved 1132544K
  class space    used 10208K, capacity 12326K, committed 12336K, reserved 1048576K
Event: 2179.820 GC heap after
Heap after GC invocations=59 (full 18):
 PSYoungGen      total 89088K, used 1283K [0x00000000f5580000, 0x00000000fb600000, 0x0000000100000000)
  eden space 78848K, 0% used [0x00000000f5580000,0x00000000f5580000,0x00000000fa280000)
  from space 10240K, 12% used [0x00000000fa280000,0x00000000fa3c0cb8,0x00000000fac80000)
  to   space 9728K, 0% used [0x00000000fac80000,0x00000000fac80000,0x00000000fb600000)
 ParOldGen       total 115712K, used 47039K [0x00000000e0000000, 0x00000000e7100000, 0x00000000f5580000)
  object space 115712K, 40% used [0x00000000e0000000,0x00000000e2defe80,0x00000000e7100000)
 Metaspace       used 88106K, capacity 95166K, committed 95280K, reserved 1132544K
  class space    used 10208K, capacity 12326K, committed 12336K, reserved 1048576K
}
Event: 2382.137 GC heap before
{Heap before GC invocations=60 (full 18):
 PSYoungGen      total 89088K, used 80131K [0x00000000f5580000, 0x00000000fb600000, 0x0000000100000000)
  eden space 78848K, 100% used [0x00000000f5580000,0x00000000fa280000,0x00000000fa280000)
  from space 10240K, 12% used [0x00000000fa280000,0x00000000fa3c0cb8,0x00000000fac80000)
  to   space 9728K, 0% used [0x00000000fac80000,0x00000000fac80000,0x00000000fb600000)
 ParOldGen       total 115712K, used 47039K [0x00000000e0000000, 0x00000000e7100000, 0x00000000f5580000)
  object space 115712K, 40% used [0x00000000e0000000,0x00000000e2defe80,0x00000000e7100000)
 Metaspace       used 88201K, capacity 95294K, committed 95536K, reserved 1132544K
  class space    used 10208K, capacity 12326K, committed 12336K, reserved 1048576K
Event: 2382.143 GC heap after
Heap after GC invocations=60 (full 18):
 PSYoungGen      total 82944K, used 2743K [0x00000000f5580000, 0x00000000fb280000, 0x0000000100000000)
  eden space 76800K, 0% used [0x00000000f5580000,0x00000000f5580000,0x00000000fa080000)
  from space 6144K, 44% used [0x00000000fac80000,0x00000000faf2dc70,0x00000000fb280000)
  to   space 9216K, 0% used [0x00000000fa080000,0x00000000fa080000,0x00000000fa980000)
 ParOldGen       total 115712K, used 47047K [0x00000000e0000000, 0x00000000e7100000, 0x00000000f5580000)
  object space 115712K, 40% used [0x00000000e0000000,0x00000000e2df1e80,0x00000000e7100000)
 Metaspace       used 88201K, capacity 95294K, committed 95536K, reserved 1132544K
  class space    used 10208K, capacity 12326K, committed 12336K, reserved 1048576K
}
Event: 2423.967 GC heap before
{Heap before GC invocations=61 (full 18):
 PSYoungGen      total 82944K, used 79543K [0x00000000f5580000, 0x00000000fb280000, 0x0000000100000000)
  eden space 76800K, 100% used [0x00000000f5580000,0x00000000fa080000,0x00000000fa080000)
  from space 6144K, 44% used [0x00000000fac80000,0x00000000faf2dc70,0x00000000fb280000)
  to   space 9216K, 0% used [0x00000000fa080000,0x00000000fa080000,0x00000000fa980000)
 ParOldGen       total 115712K, used 47047K [0x00000000e0000000, 0x00000000e7100000, 0x00000000f5580000)
  object space 115712K, 40% used [0x00000000e0000000,0x00000000e2df1e80,0x00000000e7100000)
 Metaspace       used 88479K, capacity 95520K, committed 95664K, reserved 1132544K
  class space    used 10226K, capacity 12360K, committed 12464K, reserved 1048576K
Event: 2423.971 GC heap after
Heap after GC invocations=61 (full 18):
 PSYoungGen      total 77824K, used 3063K [0x00000000f5580000, 0x00000000faf80000, 0x0000000100000000)
  eden space 74752K, 0% used [0x00000000f5580000,0x00000000f5580000,0x00000000f9e80000)
  from space 3072K, 99% used [0x00000000fa080000,0x00000000fa37dc70,0x00000000fa380000)
  to   space 8704K, 0% used [0x00000000fa700000,0x00000000fa700000,0x00000000faf80000)
 ParOldGen       total 115712K, used 47055K [0x00000000e0000000, 0x00000000e7100000, 0x00000000f5580000)
  object space 115712K, 40% used [0x00000000e0000000,0x00000000e2df3e80,0x00000000e7100000)
 Metaspace       used 88479K, capacity 95520K, committed 95664K, reserved 1132544K
  class space    used 10226K, capacity 12360K, committed 12464K, reserved 1048576K
}

Deoptimization events (10 events):
Event: 2425.193 Thread 0x000000001881e800 Uncommon trap: reason=unstable_if action=reinterpret pc=0x000000000500fec0 method=org.eclipse.core.internal.jobs.WorkerPool.startJob(Lorg/eclipse/core/internal/jobs/Worker;)Lorg/eclipse/core/internal/jobs/InternalJob; @ 177
Event: 2425.193 Thread 0x0000000020e7d800 Uncommon trap: reason=unstable_if action=reinterpret pc=0x000000000500fec0 method=org.eclipse.core.internal.jobs.WorkerPool.startJob(Lorg/eclipse/core/internal/jobs/Worker;)Lorg/eclipse/core/internal/jobs/InternalJob; @ 177
Event: 2425.193 Thread 0x0000000017d94800 Uncommon trap: reason=unstable_if action=reinterpret pc=0x000000000500fec0 method=org.eclipse.core.internal.jobs.WorkerPool.startJob(Lorg/eclipse/core/internal/jobs/Worker;)Lorg/eclipse/core/internal/jobs/InternalJob; @ 177
Event: 2425.193 Thread 0x000000001881d000 Uncommon trap: reason=unstable_if action=reinterpret pc=0x000000000500fec0 method=org.eclipse.core.internal.jobs.WorkerPool.startJob(Lorg/eclipse/core/internal/jobs/Worker;)Lorg/eclipse/core/internal/jobs/InternalJob; @ 177
Event: 2425.193 Thread 0x0000000020e7e800 Uncommon trap: reason=unstable_if action=reinterpret pc=0x000000000500fec0 method=org.eclipse.core.internal.jobs.WorkerPool.startJob(Lorg/eclipse/core/internal/jobs/Worker;)Lorg/eclipse/core/internal/jobs/InternalJob; @ 177
Event: 2425.193 Thread 0x0000000017d93000 Uncommon trap: reason=unstable_if action=reinterpret pc=0x000000000500fec0 method=org.eclipse.core.internal.jobs.WorkerPool.startJob(Lorg/eclipse/core/internal/jobs/Worker;)Lorg/eclipse/core/internal/jobs/InternalJob; @ 177
Event: 2425.194 Thread 0x0000000017dd5000 Uncommon trap: reason=unstable_if action=reinterpret pc=0x000000000500fec0 method=org.eclipse.core.internal.jobs.WorkerPool.startJob(Lorg/eclipse/core/internal/jobs/Worker;)Lorg/eclipse/core/internal/jobs/InternalJob; @ 177
Event: 2425.211 Thread 0x0000000020e82800 Uncommon trap: reason=unstable_if action=reinterpret pc=0x0000000004a9f564 method=sun.reflect.UnsafeStaticObjectFieldAccessorImpl.set(Ljava/lang/Object;Ljava/lang/Object;)V @ 13
Event: 2425.211 Thread 0x0000000017d3f800 Uncommon trap: reason=unstable_if action=reinterpret pc=0x00000000040c6720 method=org.eclipse.osgi.framework.eventmgr.EventManager$EventThread.getNextEvent()Lorg/eclipse/osgi/framework/eventmgr/EventManager$EventThread$Queued; @ 15
Event: 2425.219 Thread 0x0000000017dd9800 Uncommon trap: reason=unstable_if action=reinterpret pc=0x00000000040c6720 method=org.eclipse.osgi.framework.eventmgr.EventManager$EventThread.getNextEvent()Lorg/eclipse/osgi/framework/eventmgr/EventManager$EventThread$Queued; @ 15

Internal exceptions (10 events):
Event: 2424.481 Thread 0x000000000057e800 Implicit null exception at 0x0000000002ac2cbd to 0x0000000002ac5811
Event: 2424.557 Thread 0x0000000017d97800 Exception <a 'java/lang/InterruptedException'> (0x00000000f6963460) thrown at [C:\re\workspace\8-2-build-windows-amd64-cygwin\jdk8u66\5298\hotspot\src\share\vm\runtime\objectMonitor.cpp, line 1683]
Event: 2424.581 Thread 0x0000000020e82800 Implicit null exception at 0x0000000004fc9b50 to 0x0000000004fcb0c6
Event: 2425.166 Thread 0x0000000020e82800 Implicit null exception at 0x00000000053c1907 to 0x00000000053c2bfd
Event: 2425.166 Thread 0x0000000020e82800 Exception <a 'java/lang/NullPointerException'> (0x00000000f6be9ef0) thrown at [C:\re\workspace\8-2-build-windows-amd64-cygwin\jdk8u66\5298\hotspot\src\share\vm\prims\jvm.cpp, line 1390]
Event: 2425.192 Thread 0x0000000017dda000 Exception <a 'java/lang/InterruptedException'> (0x00000000f64eddb8) thrown at [C:\re\workspace\8-2-build-windows-amd64-cygwin\jdk8u66\5298\hotspot\src\share\vm\runtime\objectMonitor.cpp, line 1683]
Event: 2425.211 Thread 0x0000000020e82800 Implicit null exception at 0x0000000004a9f157 to 0x0000000004a9f551
Event: 2425.211 Thread 0x0000000017d3f800 Exception <a 'java/lang/InterruptedException'> (0x00000000f6d1fca8) thrown at [C:\re\workspace\8-2-build-windows-amd64-cygwin\jdk8u66\5298\hotspot\src\share\vm\runtime\objectMonitor.cpp, line 1683]
Event: 2425.219 Thread 0x0000000017dd9800 Exception <a 'java/lang/InterruptedException'> (0x00000000f5e81b38) thrown at [C:\re\workspace\8-2-build-windows-amd64-cygwin\jdk8u66\5298\hotspot\src\share\vm\runtime\objectMonitor.cpp, line 1683]
Event: 2425.220 Thread 0x000000001772f800 Exception <a 'java/lang/InterruptedException'> (0x00000000f6efe220) thrown at [C:\re\workspace\8-2-build-windows-amd64-cygwin\jdk8u66\5298\hotspot\src\share\vm\runtime\objectMonitor.cpp, line 1683]

Events (10 events):
Event: 2425.221 Executing VM operation: RevokeBias
Event: 2425.221 Executing VM operation: RevokeBias done
Event: 2425.223 Thread 0x0000000020e82800 Thread exited: 0x0000000020e82800
Event: 2425.223 loading class java/util/IdentityHashMap$KeyIterator
Event: 2425.223 loading class java/util/IdentityHashMap$IdentityHashMapIterator
Event: 2425.223 loading class java/util/IdentityHashMap$IdentityHashMapIterator done
Event: 2425.223 loading class java/util/IdentityHashMap$KeyIterator done
Event: 2425.223 Thread 0x0000000020e7c000 Thread added: 0x0000000020e7c000
Event: 2425.224 Thread 0x0000000020e7c000 Thread exited: 0x0000000020e7c000
Event: 2425.225 Executing VM operation: Exit


Dynamic libraries:
0x0000000000400000 - 0x000000000044f000 	C:\Xilinx\SDK\2016.4\eclipse\win64.o\eclipse.exe
0x00007ff974380000 - 0x00007ff974551000 	C:\WINDOWS\SYSTEM32\ntdll.dll
0x00007ff973360000 - 0x00007ff97340c000 	C:\WINDOWS\System32\KERNEL32.DLL
0x00007ff9676b0000 - 0x00007ff967704000 	C:\Program Files (x86)\AVG\Av\avghooka.dll
0x00007ff970ef0000 - 0x00007ff97110d000 	C:\WINDOWS\System32\KERNELBASE.dll
0x00007ff96ed80000 - 0x00007ff96edfa000 	C:\WINDOWS\system32\apphelp.dll
0x00007ff973700000 - 0x00007ff973865000 	C:\WINDOWS\System32\USER32.dll
0x00007ff970c70000 - 0x00007ff970c8e000 	C:\WINDOWS\System32\win32u.dll
0x00007ff9738e0000 - 0x00007ff973914000 	C:\WINDOWS\System32\GDI32.dll
0x00007ff970870000 - 0x00007ff9709f2000 	C:\WINDOWS\System32\gdi32full.dll
0x00007ff9742d0000 - 0x00007ff97436e000 	C:\WINDOWS\System32\msvcrt.dll
0x00007ff963b10000 - 0x00007ff963d8a000 	C:\WINDOWS\WinSxS\amd64_microsoft.windows.common-controls_6595b64144ccf1df_6.0.14393.953_none_42151e83c686086b\COMCTL32.dll
0x00007ff973920000 - 0x00007ff973be8000 	C:\WINDOWS\System32\combase.dll
0x00007ff970d40000 - 0x00007ff970e35000 	C:\WINDOWS\System32\ucrtbase.dll
0x00007ff973130000 - 0x00007ff973251000 	C:\WINDOWS\System32\RPCRT4.dll
0x00007ff971160000 - 0x00007ff9711ca000 	C:\WINDOWS\System32\bcryptPrimitives.dll
0x00007ff973260000 - 0x00007ff97328e000 	C:\WINDOWS\System32\IMM32.DLL
0x0000000072000000 - 0x0000000072012000 	C:\Xilinx\SDK\2016.4\eclipse\win64.o\plugins\org.eclipse.equinox.launcher.win32.win32.x86_64_1.1.300.v20150602-1417\eclipse_1611.dll
0x00007ff973410000 - 0x00007ff9734b2000 	C:\WINDOWS\System32\ADVAPI32.dll
0x00007ff971910000 - 0x00007ff971969000 	C:\WINDOWS\System32\sechost.dll
0x00007ff962ad0000 - 0x00007ff962ada000 	C:\WINDOWS\SYSTEM32\VERSION.dll
0x00007ff96efc0000 - 0x00007ff96f055000 	C:\WINDOWS\system32\uxtheme.dll
0x00007ff974020000 - 0x00007ff97417a000 	C:\WINDOWS\System32\MSCTF.dll
0x00007ff973290000 - 0x00007ff97334f000 	C:\WINDOWS\System32\OLEAUT32.dll
0x00007ff970bd0000 - 0x00007ff970c6c000 	C:\WINDOWS\System32\msvcp_win.dll
0x0000000058550000 - 0x0000000058dd9000 	C:\Xilinx\SDK\2016.4\tps\win64\jre\bin\server\jvm.dll
0x00007ff973350000 - 0x00007ff973358000 	C:\WINDOWS\System32\PSAPI.DLL
0x00007ff96c3c0000 - 0x00007ff96c3c9000 	C:\WINDOWS\SYSTEM32\WSOCK32.dll
0x00007ff973870000 - 0x00007ff9738da000 	C:\WINDOWS\System32\WS2_32.dll
0x00007ff96eac0000 - 0x00007ff96eae3000 	C:\WINDOWS\SYSTEM32\WINMM.dll
0x000000005afc0000 - 0x000000005b092000 	C:\WINDOWS\SYSTEM32\MSVCR100.dll
0x00007ff96e920000 - 0x00007ff96e94b000 	C:\WINDOWS\SYSTEM32\WINMMBASE.dll
0x00007ff971110000 - 0x00007ff971152000 	C:\WINDOWS\System32\cfgmgr32.dll
0x0000000059ef0000 - 0x0000000059eff000 	C:\Xilinx\SDK\2016.4\tps\win64\jre\bin\verify.dll
0x0000000059e80000 - 0x0000000059ea9000 	C:\Xilinx\SDK\2016.4\tps\win64\jre\bin\java.dll
0x0000000059ed0000 - 0x0000000059ee6000 	C:\Xilinx\SDK\2016.4\tps\win64\jre\bin\zip.dll
0x00007ff971c20000 - 0x00007ff973128000 	C:\WINDOWS\System32\SHELL32.dll
0x00007ff971230000 - 0x00007ff97190a000 	C:\WINDOWS\System32\windows.storage.dll
0x00007ff970820000 - 0x00007ff97086c000 	C:\WINDOWS\System32\powrprof.dll
0x00007ff9741f0000 - 0x00007ff974242000 	C:\WINDOWS\System32\shlwapi.dll
0x00007ff970810000 - 0x00007ff97081f000 	C:\WINDOWS\System32\kernel.appcore.dll
0x00007ff970c90000 - 0x00007ff970d39000 	C:\WINDOWS\System32\shcore.dll
0x00007ff9707f0000 - 0x00007ff970804000 	C:\WINDOWS\System32\profapi.dll
0x00007ff970260000 - 0x00007ff970277000 	C:\WINDOWS\SYSTEM32\CRYPTSP.dll
0x00007ff96fcb0000 - 0x00007ff96fce3000 	C:\WINDOWS\system32\rsaenh.dll
0x00007ff970720000 - 0x00007ff97074b000 	C:\WINDOWS\SYSTEM32\bcrypt.dll
0x00007ff96ff30000 - 0x00007ff96ff4f000 	C:\WINDOWS\SYSTEM32\USERENV.dll
0x00007ff970250000 - 0x00007ff97025b000 	C:\WINDOWS\SYSTEM32\CRYPTBASE.dll
0x0000000059e60000 - 0x0000000059e7a000 	C:\Xilinx\SDK\2016.4\tps\win64\jre\bin\net.dll
0x00007ff9700b0000 - 0x00007ff97010c000 	C:\WINDOWS\system32\mswsock.dll
0x00007ff96fe30000 - 0x00007ff96fe68000 	C:\WINDOWS\SYSTEM32\IPHLPAPI.DLL
0x00007ff974370000 - 0x00007ff974378000 	C:\WINDOWS\System32\NSI.dll
0x00007ff96cc10000 - 0x00007ff96cc26000 	C:\WINDOWS\SYSTEM32\dhcpcsvc6.DLL
0x00007ff96cb40000 - 0x00007ff96cb5a000 	C:\WINDOWS\SYSTEM32\dhcpcsvc.DLL
0x0000000059e40000 - 0x0000000059e51000 	C:\Xilinx\SDK\2016.4\tps\win64\jre\bin\nio.dll
0x00007ff95e4a0000 - 0x00007ff95e4b6000 	C:\WINDOWS\system32\napinsp.dll
0x00007ff95e470000 - 0x00007ff95e48a000 	C:\WINDOWS\system32\pnrpnsp.dll
0x00007ff96be20000 - 0x00007ff96be38000 	C:\WINDOWS\system32\NLAapi.dll
0x00007ff96fe70000 - 0x00007ff96ff11000 	C:\WINDOWS\SYSTEM32\DNSAPI.dll
0x00007ff962ee0000 - 0x00007ff962eee000 	C:\WINDOWS\System32\winrnr.dll
0x000000005b0d0000 - 0x000000005b0f6000 	C:\Program Files\Bonjour\mdnsNSP.dll
0x00007ff96b090000 - 0x00007ff96b09a000 	C:\Windows\System32\rasadhlp.dll
0x00007ff96b450000 - 0x00007ff96b4ba000 	C:\WINDOWS\System32\fwpuclnt.dll
0x0000000019460000 - 0x0000000019508000 	C:\Users\Utilizador\.Xilinx\SDK\2016.4\org.eclipse.osgi\319\0\.cp\swt-win32-4527.dll
0x00007ff971a70000 - 0x00007ff971ba8000 	C:\WINDOWS\System32\ole32.dll
0x00007ff971970000 - 0x00007ff971a6a000 	C:\WINDOWS\System32\comdlg32.dll
0x00007ff970a00000 - 0x00007ff970bc9000 	C:\WINDOWS\System32\CRYPT32.dll
0x00007ff9707e0000 - 0x00007ff9707f0000 	C:\WINDOWS\System32\MSASN1.dll
0x00007ff96bc30000 - 0x00007ff96bcb6000 	C:\WINDOWS\SYSTEM32\WINSPOOL.DRV
0x00007ff964ae0000 - 0x00007ff964af9000 	C:\WINDOWS\SYSTEM32\USP10.dll
0x00007ff96ce90000 - 0x00007ff96d15a000 	C:\WINDOWS\SYSTEM32\WININET.dll
0x00007ff96dd30000 - 0x00007ff96dd56000 	C:\WINDOWS\system32\dwmapi.dll
0x00007ff96daa0000 - 0x00007ff96dc25000 	C:\WINDOWS\SYSTEM32\propsys.dll
0x00007ff973660000 - 0x00007ff9736ff000 	C:\WINDOWS\System32\clbcatq.dll
0x0000000019560000 - 0x000000001957e000 	C:\Users\Utilizador\.Xilinx\SDK\2016.4\org.eclipse.osgi\319\0\.cp\swt-gdip-win32-4527.dll
0x00007ff965510000 - 0x00007ff9656aa000 	C:\WINDOWS\WinSxS\amd64_microsoft.windows.gdiplus_6595b64144ccf1df_1.1.14393.953_none_7300116921188239\gdiplus.dll
0x00007ff96c910000 - 0x00007ff96cab8000 	C:\WINDOWS\SYSTEM32\WindowsCodecs.dll
0x0000000180000000 - 0x0000000180012000 	C:\Users\Utilizador\.Xilinx\SDK\2016.4\org.eclipse.osgi\133\0\.cp\os\win32\x86_64\localfile_1_0_0.dll
0x00007ff95f420000 - 0x00007ff95f485000 	C:\WINDOWS\SYSTEM32\oleacc.dll
0x00007ff96a9c0000 - 0x00007ff96a9c7000 	C:\WINDOWS\SYSTEM32\msimg32.dll
0x00007ff96c270000 - 0x00007ff96c281000 	C:\Users\Utilizador\.Xilinx\SDK\2016.4\org.eclipse.osgi\136\0\.cp\jWinHttp-1.0.0.dll
0x00007ff96dc60000 - 0x00007ff96dd2d000 	C:\WINDOWS\SYSTEM32\WINHTTP.dll
0x00007ff96ec40000 - 0x00007ff96ec4f000 	C:\Xilinx\SDK\2016.4\lib\win64.o\librdi_repo_manager.dll
0x00007ff96a3d0000 - 0x00007ff96a3fa000 	C:\Xilinx\SDK\2016.4\lib\win64.o\libisl_sysinfo.dll
0x00007ff940dd0000 - 0x00007ff94187a000 	C:\Xilinx\SDK\2016.4\lib\win64.o\librdi_common.dll
0x00007ff969810000 - 0x00007ff969863000 	C:\Xilinx\SDK\2016.4\lib\win64.o\librdi_commonxillic.dll
0x00007ff956160000 - 0x00007ff956358000 	C:\Xilinx\SDK\2016.4\lib\win64.o\librdi_hsm.dll
0x00007ff964c00000 - 0x00007ff964ca7000 	C:\WINDOWS\SYSTEM32\MSVCP110.dll
0x00007ff964cb0000 - 0x00007ff964d84000 	C:\WINDOWS\SYSTEM32\MSVCR110.dll
0x00007ff94bc10000 - 0x00007ff94bf7e000 	C:\Xilinx\SDK\2016.4\lib\win64.o\libCOIN-all.dll
0x00007ff953ec0000 - 0x00007ff9540df000 	C:\Xilinx\SDK\2016.4\lib\win64.o\libXil_lmgr11.dll
0x00007ff9711d0000 - 0x00007ff971225000 	C:\WINDOWS\System32\WINTRUST.dll
0x00007ff96c2e0000 - 0x00007ff96c2f0000 	C:\Xilinx\SDK\2016.4\lib\win64.o\libboost_date_time.dll
0x00007ff969d30000 - 0x00007ff969d54000 	C:\Xilinx\SDK\2016.4\lib\win64.o\libboost_filesystem.dll
0x00007ff954d20000 - 0x00007ff954d97000 	C:\Xilinx\SDK\2016.4\lib\win64.o\libboost_program_options.dll
0x00007ff953c50000 - 0x00007ff953d56000 	C:\Xilinx\SDK\2016.4\lib\win64.o\libboost_regex.dll
0x00007ff96a340000 - 0x00007ff96a353000 	C:\Xilinx\SDK\2016.4\lib\win64.o\libboost_signals.dll
0x00007ff96c260000 - 0x00007ff96c269000 	C:\Xilinx\SDK\2016.4\lib\win64.o\libboost_system.dll
0x00007ff968c50000 - 0x00007ff968c6d000 	C:\Xilinx\SDK\2016.4\lib\win64.o\libboost_thread.dll
0x00007ff96b9b0000 - 0x00007ff96b9bb000 	C:\Xilinx\SDK\2016.4\lib\win64.o\libboost_xilinx.dll
0x00007ff954ca0000 - 0x00007ff954d20000 	C:\Xilinx\SDK\2016.4\lib\win64.o\libhdlpsolve.dll
0x00007ff953e20000 - 0x00007ff953eba000 	C:\Xilinx\SDK\2016.4\lib\win64.o\libhdxml.dll
0x00007ff940a00000 - 0x00007ff940dc9000 	C:\Xilinx\SDK\2016.4\lib\win64.o\libisl_iostreams.dll
0x00007ff968c30000 - 0x00007ff968c45000 	C:\Xilinx\SDK\2016.4\lib\win64.o\pthreadVC2.dll
0x00007ff94f890000 - 0x00007ff94f9c0000 	C:\Xilinx\SDK\2016.4\lib\win64.o\librdi_curl.dll
0x00007ff967550000 - 0x00007ff967568000 	C:\Xilinx\SDK\2016.4\lib\win64.o\librdiconfig.dll
0x00007ff967090000 - 0x00007ff9670af000 	C:\Xilinx\SDK\2016.4\lib\win64.o\librdizlib.dll
0x0000000059a40000 - 0x0000000059b67000 	C:\Xilinx\SDK\2016.4\lib\win64.o\tcl85t.dll
0x0000000024e40000 - 0x00000000250a3000 	C:\Xilinx\SDK\2016.4\lib\win64.o\xerces-c_3_1.dll
0x00007ff963320000 - 0x00007ff9634e3000 	C:\WINDOWS\SYSTEM32\urlmon.dll
0x00007ff9518d0000 - 0x00007ff9518f3000 	C:\WINDOWS\SYSTEM32\VCOMP110.DLL
0x00007ff965310000 - 0x00007ff965353000 	C:\Xilinx\SDK\2016.4\lib\win64.o\librdi_hdf.dll
0x00007ff940730000 - 0x00007ff9409f8000 	C:\Xilinx\SDK\2016.4\lib\win64.o\librdi_ippcw.dll
0x00007ff96a770000 - 0x00007ff96a788000 	C:\WINDOWS\SYSTEM32\NETAPI32.dll
0x00007ff96a3c0000 - 0x00007ff96a3cb000 	C:\Xilinx\SDK\2016.4\lib\win64.o\libboost_chrono.dll
0x00007ff965020000 - 0x00007ff965036000 	C:\Xilinx\SDK\2016.4\lib\win64.o\libboost_iostreams.dll
0x00007ff963e40000 - 0x00007ff963e63000 	C:\Xilinx\SDK\2016.4\lib\win64.o\libisl_iosutils.dll
0x00007ff96ab70000 - 0x00007ff96ae15000 	C:\WINDOWS\SYSTEM32\iertutil.dll
0x00007ff962a20000 - 0x00007ff962a62000 	C:\WINDOWS\SYSTEM32\edputil.dll
0x00007ff964b80000 - 0x00007ff964b96000 	C:\Xilinx\SDK\2016.4\eclipse\win64.o\plugins\org.eclipse.cdt.core.win32.x86_64_5.4.0.201509131935\os\win32\x86_64\spawner.dll
0x00007ff96c780000 - 0x00007ff96c78a000 	C:\Xilinx\SDK\2016.4\lib\win64.o\librdi_jtag_settings.dll
0x00007ff958ad0000 - 0x00007ff958af9000 	C:\Xilinx\SDK\2016.4\lib\win64.o\librdi_debug_dialog.dll
0x00007ff969800000 - 0x00007ff969808000 	C:\Xilinx\SDK\2016.4\lib\win64.o\librdi_target_manager.dll
0x00007ff902770000 - 0x00007ff902f80000 	C:\Xilinx\SDK\2016.4\lib\win64.o\libXil_lmgr11FNP.dll
0x00007ff973bf0000 - 0x00007ff974019000 	C:\WINDOWS\System32\SETUPAPI.dll
0x00007ff961440000 - 0x00007ff96144c000 	C:\WINDOWS\SYSTEM32\snmpapi.dll
0x00007ff970450000 - 0x00007ff97047c000 	C:\WINDOWS\SYSTEM32\SspiCli.dll
0x000000001aad0000 - 0x000000001aad3000 	C:\WINDOWS\SYSTEM32\icmp.Dll

VM Arguments:
jvm_args: -Dcom.xilinx.sdk.args.hwspec=C:/Users/Utilizador/Desktop/Universidade/4_ano/2_semestre/CR/Projeto/ProjetoFinal/MP_ToDisplays/MP_ToDisplays.sdk/DebUART_wrapper.hdf -Xms64m -Xmx512m & 
java_command: <unknown>
java_class_path (initial): C:\Xilinx\SDK\2016.4\eclipse\win64.o\\plugins/org.eclipse.equinox.launcher_1.3.100.v20150511-1540.jar
Launcher Type: generic

Environment Variables:
JAVA_HOME=C:\Program Files\Java\jdk1.8.0_101
PATH=C:/Xilinx/SDK/2016.4/tps/win64/jre/bin/server;C:/Xilinx/SDK/2016.4/tps/win64/jre/bin;C:/Xilinx/SDK/2016.4/tps/win64/jre/lib/amd64;C:\Xilinx\SDK\2016.4\gnuwin\bin;C:\Xilinx\SDK\2016.4\gnu\microblaze\nt\bin;C:\Xilinx\SDK\2016.4\gnu\microblaze\linux_toolchain\nt64_le\bin;C:\Xilinx\SDK\2016.4\gnu\microblaze\linux_toolchain\nt64_be\bin;C:\Xilinx\SDK\2016.4\gnu\arm\nt\bin;C:\Xilinx\SDK\2016.4\gnu\aarch64\nt\aarch64-none\bin;C:\Xilinx\SDK\2016.4\gnu\aarch64\nt\aarch64-linux\bin;C:\Xilinx\SDK\2016.4\gnu\armr5\nt\gcc-arm-none-eabi\bin;C:\Xilinx\SDK\2016.4\gnu\aarch32\nt\gcc-arm-none-eabi\bin;C:\Xilinx\SDK\2016.4\gnu\aarch32\nt\gcc-arm-linux-gnueabi\bin;C:\Xilinx\SDK\2016.4\tps\win64\cmake-3.3.2\bin;;C:\Xilinx\SDK\2016.4\bin;C:\Xilinx\SDK\2016.4\lib\win64.o;C:\Xilinx\SDK\2016.4\tps\win64\jre\bin\server;C:\Xilinx\SDK\2016.4\tps\win64\jre\bin;C:\Xilinx\Vivado\2016.4\ids_lite\ISE\bin\nt64;C:\Xilinx\Vivado\2016.4\ids_lite\ISE\lib\nt64;C:\Xilinx\Vivado\2016.4\bin;C:\Xilinx\Vivado\2016.4\lib\win64.o;C:\Xilinx\Vivado\2016.4\tps\win64\jre\bin\server;C:\Xilinx\Vivado\2016.4\tps\win64\jre\bin;C:\Xilinx\Vivado_HLS\2016.4\bin;C:\WINDOWS\system32\Npcap;C:\Program Files\MATLAB\MATLAB Production Server\R2015a\runtime\win64;C:\Program Files\MATLAB\MATLAB Production Server\R2015a\bin;C:\Program Files\MATLAB\MATLAB Production Server\R2015a\polyspace\bin;C:\Program Files\PuTTY\;c:\Program Files\Intel\WiFi\bin\;c:\Program Files\Common Files\Intel\WirelessCommon\;C:\Users\Utilizador\AppData\Roaming\npm;C:\Users\Utilizador\AppData\Local\Microsoft\WindowsApps;C:\Python27;C:\Program Files\Java\jdk1.8.0_101\bin;C:\Program Files\NetBeans 8.2\java\maven\bin;c:\Users\Utilizador\Desktop\Universidade\4_ano\2_semestre\CR\Projeto\ProjetoFinal\MP_ToDisplays;
USERNAME=Utilizador
OS=Windows_NT
PROCESSOR_IDENTIFIER=Intel64 Family 6 Model 60 Stepping 3, GenuineIntel



---------------  S Y S T E M  ---------------

OS: Windows 10.0 , 64 bit Build 14393 (10.0.14393.1198)

CPU:total 8 (4 cores per cpu, 2 threads per core) family 6 model 60 stepping 3, cmov, cx8, fxsr, mmx, sse, sse2, sse3, ssse3, sse4.1, sse4.2, popcnt, avx, avx2, aes, clmul, erms, lzcnt, ht, tsc, tscinvbit, bmi1, bmi2

Memory: 4k page, physical 8319000k(3055424k free), swap 12976516k(4903276k free)

vm_info: Java HotSpot(TM) 64-Bit Server VM (25.66-b18) for windows-amd64 JRE (1.8.0_66-b18), built on Nov  9 2015 10:51:13 by "java_re" with MS VC++ 10.0 (VS2010)

time: Fri May 26 11:59:53 2017
elapsed time: 2425 seconds (0d 0h 40m 25s)

