#
# A fatal error has been detected by the Java Runtime Environment:
#
#  EXCEPTION_UNCAUGHT_CXX_EXCEPTION (0xe06d7363) at pc=0x00007ff970f23c58, pid=4968, tid=10428
#
# JRE version: Java(TM) SE Runtime Environment (8.0_66-b18) (build 1.8.0_66-b18)
# Java VM: Java HotSpot(TM) 64-Bit Server VM (25.66-b18 mixed mode windows-amd64 compressed oops)
# Problematic frame:
# C  [KERNELBASE.dll+0x33c58]
#
# Failed to write core dump. Minidumps are not enabled by default on client versions of Windows
#
# If you would like to submit a bug report, please visit:
#   http://bugreport.java.com/bugreport/crash.jsp
#

---------------  T H R E A D  ---------------

Current thread (0x0000000013d89800):  VMThread [stack: 0x0000000015a60000,0x0000000015b60000] [id=10428]

siginfo: ExceptionCode=0xe06d7363, ExceptionInformation=0x0000000019930520 0x0000000015b5f648 0x00007ff964d62cb8 0x00007ff964cb0000 

Registers:
RAX=0x004c0044002e006c, RBX=0x00007ff964d62cb8, RCX=0x000000000000004c, RDX=0x0000000000000000
RSP=0x0000000015b5f490, RBP=0x0000000015b5f5d0, RSI=0x00000000ffffffff, RDI=0x00000000210a80f0
R8 =0x0000000000000000, R9 =0x0000000000000000, R10=0x0000000000000000, R11=0x0000000000000000
R12=0x0000000000000001, R13=0x0000000000000008, R14=0x0000000000000000, R15=0xffffffffffffffff
RIP=0x00007ff970f23c58, EFLAGS=0x0000000000000206

Top of Stack: (sp=0x0000000015b5f490)
0x0000000015b5f490:   0000000000000000 00007ff964d62cb8
0x0000000015b5f4a0:   00000000ffffffff 00000000210a80f0
0x0000000015b5f4b0:   00000001e06d7363 0000000000000000
0x0000000015b5f4c0:   00007ff970f23c58 00007ff900000004
0x0000000015b5f4d0:   0000000019930520 0000000015b5f648
0x0000000015b5f4e0:   00007ff964d62cb8 00007ff964cb0000
0x0000000015b5f4f0:   0000000000000008 0000000000000001
0x0000000015b5f500:   00000000210a80f0 00000000ffffffff
0x0000000015b5f510:   0000000015b5f5d0 00007ff9743cc26f
0x0000000015b5f520:   0000000015b5f5e0 0000000000000000
0x0000000015b5f530:   0000c280122c461d 0000000000000001
0x0000000015b5f540:   00007ff964d79000 00007ff964cb0000
0x0000000015b5f550:   0000509a9411c368 0000000015b5f780
0x0000000015b5f560:   00007ff964d62cb8 00007ff964d0e92c
0x0000000015b5f570:   000000000000001f 0000000000000008
0x0000000015b5f580:   0000000000000001 00000000210a80f0 

Instructions: (pc=0x00007ff970f23c58)
0x00007ff970f23c38:   49 8b d1 44 0f 47 c0 44 89 44 24 38 49 c1 e0 03
0x00007ff970f23c48:   e8 47 90 04 00 48 8d 4c 24 20 ff 15 a0 44 11 00
0x00007ff970f23c58:   48 8b 8c 24 c0 00 00 00 48 33 cc e8 d8 55 04 00
0x00007ff970f23c68:   48 81 c4 d8 00 00 00 c3 83 64 24 38 00 eb d6 cc 


Register to memory mapping:

RAX=0x004c0044002e006c is an unknown value
RBX=0x00007ff964d62cb8 is an unknown value
RCX=0x000000000000004c is an unknown value
RDX=0x0000000000000000 is an unknown value
RSP=0x0000000015b5f490 is an unknown value
RBP=0x0000000015b5f5d0 is an unknown value
RSI=0x00000000ffffffff is an unallocated location in the heap
RDI=0x00000000210a80f0 is an unknown value
R8 =0x0000000000000000 is an unknown value
R9 =0x0000000000000000 is an unknown value
R10=0x0000000000000000 is an unknown value
R11=0x0000000000000000 is an unknown value
R12=0x0000000000000001 is an unknown value
R13=0x0000000000000008 is an unknown value
R14=0x0000000000000000 is an unknown value
R15=0xffffffffffffffff is an unknown value


Stack: [0x0000000015a60000,0x0000000015b60000],  sp=0x0000000015b5f490,  free space=1021k
Native frames: (J=compiled Java code, j=interpreted, Vv=VM code, C=native code)
C  [KERNELBASE.dll+0x33c58]
C  [MSVCR110.dll+0x5e92c]
C  [MSVCR110.dll+0x1315c]
C  [MSVCR110.dll+0x136a9]
C  [MSVCR110.dll+0x13e9c]
C  [MSVCR110.dll+0x239e]
C  [MSVCR110.dll+0xaf9e]
C  [MSVCP110.dll+0x397b9]
C  [librdi_common.dll+0x183a66]
C  [librdi_common.dll+0x1826fb]
C  [librdi_target_manager.dll+0x2400]
C  [librdi_target_manager.dll+0x2682]
C  [ntdll.dll+0x2a35f]
C  [ntdll.dll+0x806b]
C  [ntdll.dll+0x7d94]
C  [KERNEL32.DLL+0x1ce6a]
C  [MSVCR100.dll+0x20ccd]
V  [jvm.dll+0x210cc5]
V  [jvm.dll+0x249897]
V  [jvm.dll+0x248b36]
V  [jvm.dll+0x248fd1]
V  [jvm.dll+0x2491ee]
V  [jvm.dll+0x29a0fa]
C  [MSVCR100.dll+0x21d9f]
C  [MSVCR100.dll+0x21e3b]
C  [KERNEL32.DLL+0x8364]
C  [ntdll.dll+0x670d1]

VM_Operation (0x000000000014f4c0): Exit, mode: safepoint, requested by thread 0x000000000251e800


---------------  P R O C E S S  ---------------

Java Threads: ( => current thread )
  0x0000000017608800 JavaThread "pool-2-thread-2" [_thread_blocked, id=14920, stack(0x0000000030050000,0x0000000030150000)]
  0x0000000017606800 JavaThread "pool-2-thread-1" [_thread_blocked, id=14660, stack(0x000000002d950000,0x000000002da50000)]
  0x00000000175ff000 JavaThread "Thread-49" daemon [_thread_blocked, id=16704, stack(0x000000002d750000,0x000000002d850000)]
  0x000000001c27c800 JavaThread "TCF Channel Transmitter" daemon [_thread_blocked, id=1656, stack(0x00000000282b0000,0x00000000283b0000)]
  0x000000001c27c000 JavaThread "TCF Channel Receiver" daemon [_thread_blocked, id=8408, stack(0x00000000281b0000,0x00000000282b0000)]
  0x000000001c27d800 JavaThread "Process monitor" daemon [_thread_in_native, id=7864, stack(0x0000000027710000,0x0000000027810000)]
  0x000000001c280800 JavaThread "Input Stream Monitor" daemon [_thread_blocked, id=17724, stack(0x0000000027610000,0x0000000027710000)]
  0x000000001c27b000 JavaThread "Output Stream Monitor" daemon [_thread_in_native, id=9488, stack(0x0000000027510000,0x0000000027610000)]
  0x000000001c281000 JavaThread "Output Stream Monitor" daemon [_thread_in_native, id=7208, stack(0x0000000027410000,0x0000000027510000)]
  0x000000001c273800 JavaThread "Worker-8" [_thread_blocked, id=17536, stack(0x0000000027310000,0x0000000027410000)]
  0x000000001c279000 JavaThread "TCF Locator DNS Lookup" daemon [_thread_blocked, id=14112, stack(0x00000000251c0000,0x00000000252c0000)]
  0x000000001c279800 JavaThread "TCF Locator Timer" daemon [_thread_blocked, id=2816, stack(0x00000000250c0000,0x00000000251c0000)]
  0x000000001807b000 JavaThread "TCF Timer Dispatcher" daemon [_thread_blocked, id=12472, stack(0x0000000023b70000,0x0000000023c70000)]
  0x00000000177b2000 JavaThread "EMF Reference Cleaner" daemon [_thread_blocked, id=11804, stack(0x0000000019210000,0x0000000019310000)]
  0x0000000015f2a800 JavaThread "Service Thread" daemon [_thread_blocked, id=16152, stack(0x0000000016860000,0x0000000016960000)]
  0x0000000013d9b800 JavaThread "C1 CompilerThread3" daemon [_thread_blocked, id=3692, stack(0x0000000016760000,0x0000000016860000)]
  0x0000000015e92800 JavaThread "C2 CompilerThread2" daemon [_thread_blocked, id=11252, stack(0x0000000016660000,0x0000000016760000)]
  0x0000000015e92000 JavaThread "C2 CompilerThread1" daemon [_thread_blocked, id=13236, stack(0x0000000016560000,0x0000000016660000)]
  0x0000000015e90000 JavaThread "C2 CompilerThread0" daemon [_thread_blocked, id=11892, stack(0x0000000016460000,0x0000000016560000)]
  0x0000000015e9e000 JavaThread "Attach Listener" daemon [_thread_blocked, id=9764, stack(0x0000000016360000,0x0000000016460000)]
  0x0000000015e9d000 JavaThread "Signal Dispatcher" daemon [_thread_blocked, id=3988, stack(0x0000000016260000,0x0000000016360000)]
  0x00000000024cc000 JavaThread "Finalizer" daemon [_thread_blocked, id=8020, stack(0x0000000015c60000,0x0000000015d60000)]
  0x0000000013d8d000 JavaThread "Reference Handler" daemon [_thread_blocked, id=13072, stack(0x0000000015b60000,0x0000000015c60000)]
  0x000000000251e800 JavaThread "main" [_thread_blocked, id=18036, stack(0x0000000000050000,0x0000000000150000)]

Other Threads:
=>0x0000000013d89800 VMThread [stack: 0x0000000015a60000,0x0000000015b60000] [id=10428]

VM state:at safepoint (shutting down)

VM Mutex/Monitor currently owned by a thread:  ([mutex/lock_event])
[0x000000000251d1f0] Threads_lock - owner thread: 0x0000000013d89800

Heap:
 PSYoungGen      total 102912K, used 64261K [0x00000000f5580000, 0x00000000fd900000, 0x0000000100000000)
  eden space 73216K, 83% used [0x00000000f5580000,0x00000000f90ebb20,0x00000000f9d00000)
  from space 29696K, 11% used [0x00000000fbc00000,0x00000000fbf55c80,0x00000000fd900000)
  to   space 30720K, 0% used [0x00000000f9d00000,0x00000000f9d00000,0x00000000fbb00000)
 ParOldGen       total 121856K, used 56890K [0x00000000e0000000, 0x00000000e7700000, 0x00000000f5580000)
  object space 121856K, 46% used [0x00000000e0000000,0x00000000e378ea10,0x00000000e7700000)
 Metaspace       used 84512K, capacity 91884K, committed 91952K, reserved 1128448K
  class space    used 10105K, capacity 12336K, committed 12336K, reserved 1048576K

Card table byte_map: [0x00000000118e0000,0x00000000119f0000] byte_map_base: 0x00000000111e0000

Marking Bits: (ParMarkBitMap*) 0x000000005839a5b0
 Begin Bits: [0x00000000122a0000, 0x0000000012aa0000)
 End Bits:   [0x0000000012aa0000, 0x00000000132a0000)

Polling page: 0x0000000001e60000

CodeCache: size=245760Kb used=32246Kb max_used=32304Kb free=213513Kb
 bounds [0x0000000002520000, 0x00000000044f0000, 0x0000000011520000]
 total_blobs=9959 nmethods=9072 adapters=794
 compilation: enabled

Compilation events (10 events):
Event: 218.303 Thread 0x0000000013d9b800 11011  s!   3       org.eclipse.osgi.storage.bundlefile.ZipBundleFile::close (64 bytes)
Event: 218.304 Thread 0x0000000013d9b800 nmethod 11011 0x00000000044b9810 code [0x00000000044b99e0, 0x00000000044ba358]
Event: 218.304 Thread 0x0000000015e92000 11013       4       java.lang.Long::hashCode (8 bytes)
Event: 218.304 Thread 0x0000000015e92000 nmethod 11013 0x0000000002bf7910 code [0x0000000002bf7a40, 0x0000000002bf7ab8]
Event: 218.305 Thread 0x0000000013d9b800 11010       3       org.eclipse.osgi.storage.bundlefile.MRUBundleFileList::removeInternal (37 bytes)
Event: 218.305 Thread 0x0000000013d9b800 nmethod 11010 0x0000000002d45ad0 code [0x0000000002d45c40, 0x0000000002d460b0]
Event: 218.306 Thread 0x0000000013d9b800 11014       3       org.eclipse.osgi.container.Module::holdsTransitionEventLock (25 bytes)
Event: 218.306 Thread 0x0000000013d9b800 nmethod 11014 0x0000000002d353d0 code [0x0000000002d35560, 0x0000000002d35c88]
Event: 218.307 Thread 0x0000000013d9b800 11015       3       org.eclipse.osgi.container.ModuleWiring::unload (6 bytes)
Event: 218.307 Thread 0x0000000013d9b800 nmethod 11015 0x0000000003067c90 code [0x0000000003067e00, 0x0000000003067f88]

GC Heap History (10 events):
Event: 44.399 GC heap before
{Heap before GC invocations=16 (full 3):
 PSYoungGen      total 91136K, used 86614K [0x00000000f5580000, 0x00000000fca00000, 0x0000000100000000)
  eden space 66048K, 100% used [0x00000000f5580000,0x00000000f9600000,0x00000000f9600000)
  from space 25088K, 81% used [0x00000000fb000000,0x00000000fc4158f8,0x00000000fc880000)
  to   space 26624K, 0% used [0x00000000f9600000,0x00000000f9600000,0x00000000fb000000)
 ParOldGen       total 121856K, used 41516K [0x00000000e0000000, 0x00000000e7700000, 0x00000000f5580000)
  object space 121856K, 34% used [0x00000000e0000000,0x00000000e288b180,0x00000000e7700000)
 Metaspace       used 77768K, capacity 84168K, committed 84400K, reserved 1122304K
  class space    used 9422K, capacity 11335K, committed 11440K, reserved 1048576K
Event: 44.411 GC heap after
Heap after GC invocations=16 (full 3):
 PSYoungGen      total 92672K, used 22265K [0x00000000f5580000, 0x00000000fd380000, 0x0000000100000000)
  eden space 66048K, 0% used [0x00000000f5580000,0x00000000f5580000,0x00000000f9600000)
  from space 26624K, 83% used [0x00000000f9600000,0x00000000fabbe6f8,0x00000000fb000000)
  to   space 28672K, 0% used [0x00000000fb780000,0x00000000fb780000,0x00000000fd380000)
 ParOldGen       total 121856K, used 41524K [0x00000000e0000000, 0x00000000e7700000, 0x00000000f5580000)
  object space 121856K, 34% used [0x00000000e0000000,0x00000000e288d180,0x00000000e7700000)
 Metaspace       used 77768K, capacity 84168K, committed 84400K, reserved 1122304K
  class space    used 9422K, capacity 11335K, committed 11440K, reserved 1048576K
}
Event: 64.845 GC heap before
{Heap before GC invocations=17 (full 3):
 PSYoungGen      total 92672K, used 81308K [0x00000000f5580000, 0x00000000fd380000, 0x0000000100000000)
  eden space 66048K, 89% used [0x00000000f5580000,0x00000000f8f28c38,0x00000000f9600000)
  from space 26624K, 83% used [0x00000000f9600000,0x00000000fabbe6f8,0x00000000fb000000)
  to   space 28672K, 0% used [0x00000000fb780000,0x00000000fb780000,0x00000000fd380000)
 ParOldGen       total 121856K, used 41524K [0x00000000e0000000, 0x00000000e7700000, 0x00000000f5580000)
  object space 121856K, 34% used [0x00000000e0000000,0x00000000e288d180,0x00000000e7700000)
 Metaspace       used 79850K, capacity 86632K, committed 86704K, reserved 1124352K
  class space    used 9657K, capacity 11660K, committed 11696K, reserved 1048576K
Event: 64.860 GC heap after
Heap after GC invocations=17 (full 3):
 PSYoungGen      total 98304K, used 22626K [0x00000000f5580000, 0x00000000fd780000, 0x0000000100000000)
  eden space 69632K, 0% used [0x00000000f5580000,0x00000000f5580000,0x00000000f9980000)
  from space 28672K, 78% used [0x00000000fb780000,0x00000000fcd98a38,0x00000000fd380000)
  to   space 30720K, 0% used [0x00000000f9980000,0x00000000f9980000,0x00000000fb780000)
 ParOldGen       total 121856K, used 41532K [0x00000000e0000000, 0x00000000e7700000, 0x00000000f5580000)
  object space 121856K, 34% used [0x00000000e0000000,0x00000000e288f180,0x00000000e7700000)
 Metaspace       used 79850K, capacity 86632K, committed 86704K, reserved 1124352K
  class space    used 9657K, capacity 11660K, committed 11696K, reserved 1048576K
}
Event: 64.860 GC heap before
{Heap before GC invocations=18 (full 4):
 PSYoungGen      total 98304K, used 22626K [0x00000000f5580000, 0x00000000fd780000, 0x0000000100000000)
  eden space 69632K, 0% used [0x00000000f5580000,0x00000000f5580000,0x00000000f9980000)
  from space 28672K, 78% used [0x00000000fb780000,0x00000000fcd98a38,0x00000000fd380000)
  to   space 30720K, 0% used [0x00000000f9980000,0x00000000f9980000,0x00000000fb780000)
 ParOldGen       total 121856K, used 41532K [0x00000000e0000000, 0x00000000e7700000, 0x00000000f5580000)
  object space 121856K, 34% used [0x00000000e0000000,0x00000000e288f180,0x00000000e7700000)
 Metaspace       used 79850K, capacity 86632K, committed 86704K, reserved 1124352K
  class space    used 9657K, capacity 11660K, committed 11696K, reserved 1048576K
Event: 65.163 GC heap after
Heap after GC invocations=18 (full 4):
 PSYoungGen      total 98304K, used 0K [0x00000000f5580000, 0x00000000fd780000, 0x0000000100000000)
  eden space 69632K, 0% used [0x00000000f5580000,0x00000000f5580000,0x00000000f9980000)
  from space 28672K, 0% used [0x00000000fb780000,0x00000000fb780000,0x00000000fd380000)
  to   space 30720K, 0% used [0x00000000f9980000,0x00000000f9980000,0x00000000fb780000)
 ParOldGen       total 121856K, used 56874K [0x00000000e0000000, 0x00000000e7700000, 0x00000000f5580000)
  object space 121856K, 46% used [0x00000000e0000000,0x00000000e378aa10,0x00000000e7700000)
 Metaspace       used 79850K, capacity 86632K, committed 86704K, reserved 1124352K
  class space    used 9657K, capacity 11660K, committed 11696K, reserved 1048576K
}
Event: 172.188 GC heap before
{Heap before GC invocations=19 (full 4):
 PSYoungGen      total 98304K, used 69632K [0x00000000f5580000, 0x00000000fd780000, 0x0000000100000000)
  eden space 69632K, 100% used [0x00000000f5580000,0x00000000f9980000,0x00000000f9980000)
  from space 28672K, 0% used [0x00000000fb780000,0x00000000fb780000,0x00000000fd380000)
  to   space 30720K, 0% used [0x00000000f9980000,0x00000000f9980000,0x00000000fb780000)
 ParOldGen       total 121856K, used 56874K [0x00000000e0000000, 0x00000000e7700000, 0x00000000f5580000)
  object space 121856K, 46% used [0x00000000e0000000,0x00000000e378aa10,0x00000000e7700000)
 Metaspace       used 82484K, capacity 89820K, committed 90032K, reserved 1126400K
  class space    used 9942K, capacity 12142K, committed 12208K, reserved 1048576K
Event: 172.194 GC heap after
Heap after GC invocations=19 (full 4):
 PSYoungGen      total 100352K, used 5279K [0x00000000f5580000, 0x00000000fda00000, 0x0000000100000000)
  eden space 69632K, 0% used [0x00000000f5580000,0x00000000f5580000,0x00000000f9980000)
  from space 30720K, 17% used [0x00000000f9980000,0x00000000f9ea7f30,0x00000000fb780000)
  to   space 30720K, 0% used [0x00000000fbc00000,0x00000000fbc00000,0x00000000fda00000)
 ParOldGen       total 121856K, used 56882K [0x00000000e0000000, 0x00000000e7700000, 0x00000000f5580000)
  object space 121856K, 46% used [0x00000000e0000000,0x00000000e378ca10,0x00000000e7700000)
 Metaspace       used 82484K, capacity 89820K, committed 90032K, reserved 1126400K
  class space    used 9942K, capacity 12142K, committed 12208K, reserved 1048576K
}
Event: 208.539 GC heap before
{Heap before GC invocations=20 (full 4):
 PSYoungGen      total 100352K, used 74911K [0x00000000f5580000, 0x00000000fda00000, 0x0000000100000000)
  eden space 69632K, 100% used [0x00000000f5580000,0x00000000f9980000,0x00000000f9980000)
  from space 30720K, 17% used [0x00000000f9980000,0x00000000f9ea7f30,0x00000000fb780000)
  to   space 30720K, 0% used [0x00000000fbc00000,0x00000000fbc00000,0x00000000fda00000)
 ParOldGen       total 121856K, used 56882K [0x00000000e0000000, 0x00000000e7700000, 0x00000000f5580000)
  object space 121856K, 46% used [0x00000000e0000000,0x00000000e378ca10,0x00000000e7700000)
 Metaspace       used 82906K, capacity 90210K, committed 90544K, reserved 1128448K
  class space    used 9950K, capacity 12143K, committed 12208K, reserved 1048576K
Event: 208.543 GC heap after
Heap after GC invocations=20 (full 4):
 PSYoungGen      total 102912K, used 3415K [0x00000000f5580000, 0x00000000fd900000, 0x0000000100000000)
  eden space 73216K, 0% used [0x00000000f5580000,0x00000000f5580000,0x00000000f9d00000)
  from space 29696K, 11% used [0x00000000fbc00000,0x00000000fbf55c80,0x00000000fd900000)
  to   space 30720K, 0% used [0x00000000f9d00000,0x00000000f9d00000,0x00000000fbb00000)
 ParOldGen       total 121856K, used 56890K [0x00000000e0000000, 0x00000000e7700000, 0x00000000f5580000)
  object space 121856K, 46% used [0x00000000e0000000,0x00000000e378ea10,0x00000000e7700000)
 Metaspace       used 82906K, capacity 90210K, committed 90544K, reserved 1128448K
  class space    used 9950K, capacity 12143K, committed 12208K, reserved 1048576K
}

Deoptimization events (10 events):
Event: 217.316 Thread 0x0000000017609800 Uncommon trap: reason=class_check action=maybe_recompile pc=0x0000000004164a44 method=org.eclipse.e4.core.internal.contexts.TrackableComputationExt.update(Lorg/eclipse/e4/core/internal/contexts/ContextChangeEvent;)Z @ 62
Event: 217.316 Thread 0x0000000017609800 Uncommon trap: reason=class_check action=maybe_recompile pc=0x0000000004164a44 method=org.eclipse.e4.core.internal.contexts.TrackableComputationExt.update(Lorg/eclipse/e4/core/internal/contexts/ContextChangeEvent;)Z @ 62
Event: 217.366 Thread 0x0000000017605800 Uncommon trap: reason=unstable_if action=reinterpret pc=0x00000000026a2f24 method=sun.nio.cs.SingleByte$Encoder.encode(C)I @ 13
Event: 217.929 Thread 0x0000000017609800 Uncommon trap: reason=unstable_if action=reinterpret pc=0x0000000002cee170 method=org.eclipse.osgi.internal.hooks.EclipseLazyStarter.shouldActivateFor(Ljava/lang/String;Lorg/eclipse/osgi/container/Module;Lorg/eclipse/osgi/container/ModuleRevision;Lorg/ecliì$ Ì=k@
Event: 217.931 Thread 0x0000000018076800 Uncommon trap: reason=unstable_if action=reinterpret pc=0x00000000039bc294 method=org.eclipse.core.internal.jobs.JobManager.startJob(Lorg/eclipse/core/internal/jobs/Worker;)Lorg/eclipse/core/runtime/jobs/Job; @ 20
Event: 218.277 Thread 0x0000000018076000 Uncommon trap: reason=unstable_if action=reinterpret pc=0x00000000031dcffc method=org.eclipse.core.internal.jobs.JobManager.nextJob()Lorg/eclipse/core/runtime/jobs/Job; @ 80
Event: 218.277 Thread 0x000000001c277800 Uncommon trap: reason=unstable_if action=reinterpret pc=0x00000000031dcffc method=org.eclipse.core.internal.jobs.JobManager.nextJob()Lorg/eclipse/core/runtime/jobs/Job; @ 80
Event: 218.277 Thread 0x0000000018076800 Uncommon trap: reason=unstable_if action=reinterpret pc=0x00000000031dcffc method=org.eclipse.core.internal.jobs.JobManager.nextJob()Lorg/eclipse/core/runtime/jobs/Job; @ 80
Event: 218.277 Thread 0x00000000175fd800 Uncommon trap: reason=unstable_if action=reinterpret pc=0x00000000031dcffc method=org.eclipse.core.internal.jobs.JobManager.nextJob()Lorg/eclipse/core/runtime/jobs/Job; @ 80
Event: 218.296 Thread 0x0000000017609800 Uncommon trap: reason=unstable_if action=reinterpret pc=0x0000000003fee924 method=sun.reflect.UnsafeStaticObjectFieldAccessorImpl.set(Ljava/lang/Object;Ljava/lang/Object;)V @ 13

Internal exceptions (10 events):
Event: 217.277 Thread 0x000000000251e800 Exception <a 'java/io/FileNotFoundException'> (0x00000000f86b8f48) thrown at [C:\re\workspace\8-2-build-windows-amd64-cygwin\jdk8u66\5298\hotspot\src\share\vm\prims\jni.cpp, line 709]
Event: 217.348 Thread 0x0000000017601000 Exception <a 'java/lang/InterruptedException'> (0x00000000f8b43d10) thrown at [C:\re\workspace\8-2-build-windows-amd64-cygwin\jdk8u66\5298\hotspot\src\share\vm\runtime\objectMonitor.cpp, line 1683]
Event: 217.965 Thread 0x0000000018078000 Exception <a 'java/lang/InterruptedException'> (0x00000000f86db820) thrown at [C:\re\workspace\8-2-build-windows-amd64-cygwin\jdk8u66\5298\hotspot\src\share\vm\runtime\objectMonitor.cpp, line 1683]
Event: 218.277 Thread 0x0000000017609800 Exception <a 'java/io/IOException'> (0x00000000f8eb53d0) thrown at [C:\re\workspace\8-2-build-windows-amd64-cygwin\jdk8u66\5298\hotspot\src\share\vm\prims\jni.cpp, line 709]
Event: 218.277 Thread 0x0000000017609800 Exception <a 'java/io/IOException'> (0x00000000f8eb5668) thrown at [C:\re\workspace\8-2-build-windows-amd64-cygwin\jdk8u66\5298\hotspot\src\share\vm\prims\jni.cpp, line 709]
Event: 218.277 Thread 0x0000000017609800 Exception <a 'java/io/IOException'> (0x00000000f8eb58d0) thrown at [C:\re\workspace\8-2-build-windows-amd64-cygwin\jdk8u66\5298\hotspot\src\share\vm\prims\jni.cpp, line 709]
Event: 218.296 Thread 0x0000000017609800 Implicit null exception at 0x0000000003fee517 to 0x0000000003fee911
Event: 218.296 Thread 0x0000000016e4e000 Exception <a 'java/lang/InterruptedException'> (0x00000000f8e9ef60) thrown at [C:\re\workspace\8-2-build-windows-amd64-cygwin\jdk8u66\5298\hotspot\src\share\vm\runtime\objectMonitor.cpp, line 1683]
Event: 218.303 Thread 0x0000000018079000 Exception <a 'java/lang/InterruptedException'> (0x00000000f8267398) thrown at [C:\re\workspace\8-2-build-windows-amd64-cygwin\jdk8u66\5298\hotspot\src\share\vm\runtime\objectMonitor.cpp, line 1683]
Event: 218.303 Thread 0x0000000017531800 Exception <a 'java/lang/InterruptedException'> (0x00000000f90916d0) thrown at [C:\re\workspace\8-2-build-windows-amd64-cygwin\jdk8u66\5298\hotspot\src\share\vm\runtime\objectMonitor.cpp, line 1683]

Events (10 events):
Event: 218.306 loading class java/util/IdentityHashMap$IdentityHashMapIterator
Event: 218.306 loading class java/util/IdentityHashMap$IdentityHashMapIterator done
Event: 218.306 loading class java/util/IdentityHashMap$KeyIterator done
Event: 218.306 Thread 0x0000000013d9b800 flushing nmethod 0x0000000003092e90
Event: 218.306 Thread 0x0000000017601000 Thread added: 0x0000000017601000
Event: 218.307 Thread 0x0000000017601000 Thread exited: 0x0000000017601000
Event: 218.307 Thread 0x0000000013d9b800 flushing nmethod 0x0000000003284f90
Event: 218.307 Thread 0x0000000013d9b800 flushing nmethod 0x00000000032dc3d0
Event: 218.307 Thread 0x0000000013d9b800 flushing nmethod 0x00000000032ec610
Event: 218.307 Executing VM operation: Exit


Dynamic libraries:
0x0000000000400000 - 0x000000000044f000 	C:\Xilinx\SDK\2016.4\eclipse\win64.o\eclipse.exe
0x00007ff974380000 - 0x00007ff974551000 	C:\WINDOWS\SYSTEM32\ntdll.dll
0x00007ff973360000 - 0x00007ff97340c000 	C:\WINDOWS\System32\KERNEL32.DLL
0x00007ff9676b0000 - 0x00007ff967704000 	C:\Program Files (x86)\AVG\Av\avghooka.dll
0x00007ff970ef0000 - 0x00007ff97110d000 	C:\WINDOWS\System32\KERNELBASE.dll
0x00007ff96ed80000 - 0x00007ff96edfa000 	C:\WINDOWS\system32\apphelp.dll
0x00007ff973700000 - 0x00007ff973865000 	C:\WINDOWS\System32\USER32.dll
0x00007ff970c70000 - 0x00007ff970c8e000 	C:\WINDOWS\System32\win32u.dll
0x00007ff9738e0000 - 0x00007ff973914000 	C:\WINDOWS\System32\GDI32.dll
0x00007ff970870000 - 0x00007ff9709f2000 	C:\WINDOWS\System32\gdi32full.dll
0x00007ff9742d0000 - 0x00007ff97436e000 	C:\WINDOWS\System32\msvcrt.dll
0x00007ff963b10000 - 0x00007ff963d8a000 	C:\WINDOWS\WinSxS\amd64_microsoft.windows.common-controls_6595b64144ccf1df_6.0.14393.953_none_42151e83c686086b\COMCTL32.dll
0x00007ff973920000 - 0x00007ff973be8000 	C:\WINDOWS\System32\combase.dll
0x00007ff970d40000 - 0x00007ff970e35000 	C:\WINDOWS\System32\ucrtbase.dll
0x00007ff973130000 - 0x00007ff973251000 	C:\WINDOWS\System32\RPCRT4.dll
0x00007ff971160000 - 0x00007ff9711ca000 	C:\WINDOWS\System32\bcryptPrimitives.dll
0x00007ff973260000 - 0x00007ff97328e000 	C:\WINDOWS\System32\IMM32.DLL
0x0000000072000000 - 0x0000000072012000 	C:\Xilinx\SDK\2016.4\eclipse\win64.o\plugins\org.eclipse.equinox.launcher.win32.win32.x86_64_1.1.300.v20150602-1417\eclipse_1611.dll
0x00007ff973410000 - 0x00007ff9734b2000 	C:\WINDOWS\System32\ADVAPI32.dll
0x00007ff971910000 - 0x00007ff971969000 	C:\WINDOWS\System32\sechost.dll
0x00007ff962ad0000 - 0x00007ff962ada000 	C:\WINDOWS\SYSTEM32\VERSION.dll
0x00007ff96efc0000 - 0x00007ff96f055000 	C:\WINDOWS\system32\uxtheme.dll
0x00007ff974020000 - 0x00007ff97417a000 	C:\WINDOWS\System32\MSCTF.dll
0x00007ff973290000 - 0x00007ff97334f000 	C:\WINDOWS\System32\OLEAUT32.dll
0x00007ff970bd0000 - 0x00007ff970c6c000 	C:\WINDOWS\System32\msvcp_win.dll
0x0000000057b90000 - 0x0000000058419000 	C:\Xilinx\SDK\2016.4\tps\win64\jre\bin\server\jvm.dll
0x00007ff973350000 - 0x00007ff973358000 	C:\WINDOWS\System32\PSAPI.DLL
0x00007ff96c260000 - 0x00007ff96c269000 	C:\WINDOWS\SYSTEM32\WSOCK32.dll
0x00007ff973870000 - 0x00007ff9738da000 	C:\WINDOWS\System32\WS2_32.dll
0x00007ff96eac0000 - 0x00007ff96eae3000 	C:\WINDOWS\SYSTEM32\WINMM.dll
0x000000005afc0000 - 0x000000005b092000 	C:\WINDOWS\SYSTEM32\MSVCR100.dll
0x00007ff96e920000 - 0x00007ff96e94b000 	C:\WINDOWS\SYSTEM32\WINMMBASE.dll
0x00007ff971110000 - 0x00007ff971152000 	C:\WINDOWS\System32\cfgmgr32.dll
0x000000005a030000 - 0x000000005a03f000 	C:\Xilinx\SDK\2016.4\tps\win64\jre\bin\verify.dll
0x0000000059ea0000 - 0x0000000059ec9000 	C:\Xilinx\SDK\2016.4\tps\win64\jre\bin\java.dll
0x0000000059e80000 - 0x0000000059e96000 	C:\Xilinx\SDK\2016.4\tps\win64\jre\bin\zip.dll
0x00007ff971c20000 - 0x00007ff973128000 	C:\WINDOWS\System32\SHELL32.dll
0x00007ff971230000 - 0x00007ff97190a000 	C:\WINDOWS\System32\windows.storage.dll
0x00007ff970820000 - 0x00007ff97086c000 	C:\WINDOWS\System32\powrprof.dll
0x00007ff9741f0000 - 0x00007ff974242000 	C:\WINDOWS\System32\shlwapi.dll
0x00007ff970810000 - 0x00007ff97081f000 	C:\WINDOWS\System32\kernel.appcore.dll
0x00007ff970c90000 - 0x00007ff970d39000 	C:\WINDOWS\System32\shcore.dll
0x00007ff9707f0000 - 0x00007ff970804000 	C:\WINDOWS\System32\profapi.dll
0x00007ff970260000 - 0x00007ff970277000 	C:\WINDOWS\SYSTEM32\CRYPTSP.dll
0x00007ff96fcb0000 - 0x00007ff96fce3000 	C:\WINDOWS\system32\rsaenh.dll
0x00007ff970720000 - 0x00007ff97074b000 	C:\WINDOWS\SYSTEM32\bcrypt.dll
0x00007ff96ff30000 - 0x00007ff96ff4f000 	C:\WINDOWS\SYSTEM32\USERENV.dll
0x00007ff970250000 - 0x00007ff97025b000 	C:\WINDOWS\SYSTEM32\CRYPTBASE.dll
0x0000000059e60000 - 0x0000000059e7a000 	C:\Xilinx\SDK\2016.4\tps\win64\jre\bin\net.dll
0x00007ff9700b0000 - 0x00007ff97010c000 	C:\WINDOWS\system32\mswsock.dll
0x00007ff96fe30000 - 0x00007ff96fe68000 	C:\WINDOWS\SYSTEM32\IPHLPAPI.DLL
0x00007ff974370000 - 0x00007ff974378000 	C:\WINDOWS\System32\NSI.dll
0x00007ff96cc10000 - 0x00007ff96cc26000 	C:\WINDOWS\SYSTEM32\dhcpcsvc6.DLL
0x00007ff96cb40000 - 0x00007ff96cb5a000 	C:\WINDOWS\SYSTEM32\dhcpcsvc.DLL
0x0000000059e40000 - 0x0000000059e51000 	C:\Xilinx\SDK\2016.4\tps\win64\jre\bin\nio.dll
0x00007ff95e4a0000 - 0x00007ff95e4b6000 	C:\WINDOWS\system32\napinsp.dll
0x00007ff95e470000 - 0x00007ff95e48a000 	C:\WINDOWS\system32\pnrpnsp.dll
0x00007ff96be20000 - 0x00007ff96be38000 	C:\WINDOWS\system32\NLAapi.dll
0x00007ff96fe70000 - 0x00007ff96ff11000 	C:\WINDOWS\SYSTEM32\DNSAPI.dll
0x00007ff962ee0000 - 0x00007ff962eee000 	C:\WINDOWS\System32\winrnr.dll
0x000000005b0d0000 - 0x000000005b0f6000 	C:\Program Files\Bonjour\mdnsNSP.dll
0x00007ff96b090000 - 0x00007ff96b09a000 	C:\Windows\System32\rasadhlp.dll
0x00007ff96b450000 - 0x00007ff96b4ba000 	C:\WINDOWS\System32\fwpuclnt.dll
0x0000000018f10000 - 0x0000000018fb8000 	C:\Users\Utilizador\.Xilinx\SDK\2016.4\org.eclipse.osgi\319\0\.cp\swt-win32-4527.dll
0x00007ff971a70000 - 0x00007ff971ba8000 	C:\WINDOWS\System32\ole32.dll
0x00007ff971970000 - 0x00007ff971a6a000 	C:\WINDOWS\System32\comdlg32.dll
0x00007ff970a00000 - 0x00007ff970bc9000 	C:\WINDOWS\System32\CRYPT32.dll
0x00007ff9707e0000 - 0x00007ff9707f0000 	C:\WINDOWS\System32\MSASN1.dll
0x00007ff96bc30000 - 0x00007ff96bcb6000 	C:\WINDOWS\SYSTEM32\WINSPOOL.DRV
0x00007ff956e60000 - 0x00007ff956e79000 	C:\WINDOWS\SYSTEM32\USP10.dll
0x00007ff96ce90000 - 0x00007ff96d15a000 	C:\WINDOWS\SYSTEM32\WININET.dll
0x00007ff96dd30000 - 0x00007ff96dd56000 	C:\WINDOWS\system32\dwmapi.dll
0x00007ff96daa0000 - 0x00007ff96dc25000 	C:\WINDOWS\SYSTEM32\propsys.dll
0x00007ff973660000 - 0x00007ff9736ff000 	C:\WINDOWS\System32\clbcatq.dll
0x00000000185e0000 - 0x00000000185fe000 	C:\Users\Utilizador\.Xilinx\SDK\2016.4\org.eclipse.osgi\319\0\.cp\swt-gdip-win32-4527.dll
0x00007ff965510000 - 0x00007ff9656aa000 	C:\WINDOWS\WinSxS\amd64_microsoft.windows.gdiplus_6595b64144ccf1df_1.1.14393.953_none_7300116921188239\gdiplus.dll
0x00007ff96c910000 - 0x00007ff96cab8000 	C:\WINDOWS\SYSTEM32\WindowsCodecs.dll
0x0000000180000000 - 0x0000000180012000 	C:\Users\Utilizador\.Xilinx\SDK\2016.4\org.eclipse.osgi\133\0\.cp\os\win32\x86_64\localfile_1_0_0.dll
0x00007ff95f420000 - 0x00007ff95f485000 	C:\WINDOWS\SYSTEM32\oleacc.dll
0x00007ff96a9c0000 - 0x00007ff96a9c7000 	C:\WINDOWS\SYSTEM32\msimg32.dll
0x00007ff95cb20000 - 0x00007ff95cb31000 	C:\Users\Utilizador\.Xilinx\SDK\2016.4\org.eclipse.osgi\136\0\.cp\jWinHttp-1.0.0.dll
0x00007ff96dc60000 - 0x00007ff96dd2d000 	C:\WINDOWS\SYSTEM32\WINHTTP.dll
0x00007ff96cb70000 - 0x00007ff96cb7f000 	C:\Xilinx\SDK\2016.4\lib\win64.o\librdi_repo_manager.dll
0x00007ff9574b0000 - 0x00007ff9574da000 	C:\Xilinx\SDK\2016.4\lib\win64.o\libisl_sysinfo.dll
0x00007ff910a40000 - 0x00007ff9114ea000 	C:\Xilinx\SDK\2016.4\lib\win64.o\librdi_common.dll
0x00007ff952150000 - 0x00007ff9521a3000 	C:\Xilinx\SDK\2016.4\lib\win64.o\librdi_commonxillic.dll
0x00007ff91fd60000 - 0x00007ff91ff58000 	C:\Xilinx\SDK\2016.4\lib\win64.o\librdi_hsm.dll
0x00007ff964c00000 - 0x00007ff964ca7000 	C:\WINDOWS\SYSTEM32\MSVCP110.dll
0x00007ff964cb0000 - 0x00007ff964d84000 	C:\WINDOWS\SYSTEM32\MSVCR110.dll
0x00007ff9106d0000 - 0x00007ff910a3e000 	C:\Xilinx\SDK\2016.4\lib\win64.o\libCOIN-all.dll
0x00007ff910230000 - 0x00007ff91044f000 	C:\Xilinx\SDK\2016.4\lib\win64.o\libXil_lmgr11.dll
0x00007ff9711d0000 - 0x00007ff971225000 	C:\WINDOWS\System32\WINTRUST.dll
0x00007ff966de0000 - 0x00007ff966df0000 	C:\Xilinx\SDK\2016.4\lib\win64.o\libboost_date_time.dll
0x00007ff953700000 - 0x00007ff953724000 	C:\Xilinx\SDK\2016.4\lib\win64.o\libboost_filesystem.dll
0x00007ff950b60000 - 0x00007ff950bd7000 	C:\Xilinx\SDK\2016.4\lib\win64.o\libboost_program_options.dll
0x00007ff91fc50000 - 0x00007ff91fd56000 	C:\Xilinx\SDK\2016.4\lib\win64.o\libboost_regex.dll
0x00007ff956340000 - 0x00007ff956353000 	C:\Xilinx\SDK\2016.4\lib\win64.o\libboost_signals.dll
0x00007ff965320000 - 0x00007ff965329000 	C:\Xilinx\SDK\2016.4\lib\win64.o\libboost_system.dll
0x00007ff955ef0000 - 0x00007ff955f0d000 	C:\Xilinx\SDK\2016.4\lib\win64.o\libboost_thread.dll
0x00007ff964d90000 - 0x00007ff964d9b000 	C:\Xilinx\SDK\2016.4\lib\win64.o\libboost_xilinx.dll
0x00007ff94a380000 - 0x00007ff94a400000 	C:\Xilinx\SDK\2016.4\lib\win64.o\libhdlpsolve.dll
0x00007ff91fbb0000 - 0x00007ff91fc4a000 	C:\Xilinx\SDK\2016.4\lib\win64.o\libhdxml.dll
0x00007ff90fe60000 - 0x00007ff910229000 	C:\Xilinx\SDK\2016.4\lib\win64.o\libisl_iostreams.dll
0x00007ff955520000 - 0x00007ff955535000 	C:\Xilinx\SDK\2016.4\lib\win64.o\pthreadVC2.dll
0x00007ff90fd30000 - 0x00007ff90fe60000 	C:\Xilinx\SDK\2016.4\lib\win64.o\librdi_curl.dll
0x00007ff9522e0000 - 0x00007ff9522f8000 	C:\Xilinx\SDK\2016.4\lib\win64.o\librdiconfig.dll
0x00007ff950500000 - 0x00007ff95051f000 	C:\Xilinx\SDK\2016.4\lib\win64.o\librdizlib.dll
0x0000000059be0000 - 0x0000000059d07000 	C:\Xilinx\SDK\2016.4\lib\win64.o\tcl85t.dll
0x00000000265f0000 - 0x0000000026853000 	C:\Xilinx\SDK\2016.4\lib\win64.o\xerces-c_3_1.dll
0x00007ff963320000 - 0x00007ff9634e3000 	C:\WINDOWS\SYSTEM32\urlmon.dll
0x00007ff969060000 - 0x00007ff969083000 	C:\WINDOWS\SYSTEM32\VCOMP110.DLL
0x00007ff94fe00000 - 0x00007ff94fe43000 	C:\Xilinx\SDK\2016.4\lib\win64.o\librdi_hdf.dll
0x00007ff90fa60000 - 0x00007ff90fd28000 	C:\Xilinx\SDK\2016.4\lib\win64.o\librdi_ippcw.dll
0x00007ff96a770000 - 0x00007ff96a788000 	C:\WINDOWS\SYSTEM32\NETAPI32.dll
0x00007ff963db0000 - 0x00007ff963dbb000 	C:\Xilinx\SDK\2016.4\lib\win64.o\libboost_chrono.dll
0x00007ff94fde0000 - 0x00007ff94fdf6000 	C:\Xilinx\SDK\2016.4\lib\win64.o\libboost_iostreams.dll
0x00007ff94f7e0000 - 0x00007ff94f803000 	C:\Xilinx\SDK\2016.4\lib\win64.o\libisl_iosutils.dll
0x00007ff96ab70000 - 0x00007ff96ae15000 	C:\WINDOWS\SYSTEM32\iertutil.dll
0x00007ff962a20000 - 0x00007ff962a62000 	C:\WINDOWS\SYSTEM32\edputil.dll
0x00007ff94f7c0000 - 0x00007ff94f7d6000 	C:\Xilinx\SDK\2016.4\eclipse\win64.o\plugins\org.eclipse.cdt.core.win32.x86_64_5.4.0.201509131935\os\win32\x86_64\spawner.dll
0x00007ff96cb80000 - 0x00007ff96cb8a000 	C:\Xilinx\SDK\2016.4\lib\win64.o\librdi_jtag_settings.dll
0x00007ff949360000 - 0x00007ff949389000 	C:\Xilinx\SDK\2016.4\lib\win64.o\librdi_debug_dialog.dll
0x00007ff9636b0000 - 0x00007ff9636b8000 	C:\Xilinx\SDK\2016.4\lib\win64.o\librdi_target_manager.dll
0x00007ff90d520000 - 0x00007ff90dd30000 	C:\Xilinx\SDK\2016.4\lib\win64.o\libXil_lmgr11FNP.dll
0x00007ff973bf0000 - 0x00007ff974019000 	C:\WINDOWS\System32\SETUPAPI.dll
0x00007ff961440000 - 0x00007ff96144c000 	C:\WINDOWS\SYSTEM32\snmpapi.dll
0x00007ff970450000 - 0x00007ff97047c000 	C:\WINDOWS\SYSTEM32\SspiCli.dll
0x00000000240d0000 - 0x00000000240d3000 	C:\WINDOWS\SYSTEM32\icmp.Dll

VM Arguments:
jvm_args: -Dcom.xilinx.sdk.args.hwspec=C:/Users/Utilizador/Desktop/Universidade/4_ano/2_semestre/CR/Projeto/ProjetoFinal/MP_ToDisplays/MP_ToDisplays.sdk/DebUART_wrapper.hdf -Xms64m -Xmx512m & 
java_command: <unknown>
java_class_path (initial): C:\Xilinx\SDK\2016.4\eclipse\win64.o\\plugins/org.eclipse.equinox.launcher_1.3.100.v20150511-1540.jar
Launcher Type: generic

Environment Variables:
JAVA_HOME=C:\Program Files\Java\jdk1.8.0_101
PATH=C:/Xilinx/SDK/2016.4/tps/win64/jre/bin/server;C:/Xilinx/SDK/2016.4/tps/win64/jre/bin;C:/Xilinx/SDK/2016.4/tps/win64/jre/lib/amd64;C:\Xilinx\SDK\2016.4\gnuwin\bin;C:\Xilinx\SDK\2016.4\gnu\microblaze\nt\bin;C:\Xilinx\SDK\2016.4\gnu\microblaze\linux_toolchain\nt64_le\bin;C:\Xilinx\SDK\2016.4\gnu\microblaze\linux_toolchain\nt64_be\bin;C:\Xilinx\SDK\2016.4\gnu\arm\nt\bin;C:\Xilinx\SDK\2016.4\gnu\aarch64\nt\aarch64-none\bin;C:\Xilinx\SDK\2016.4\gnu\aarch64\nt\aarch64-linux\bin;C:\Xilinx\SDK\2016.4\gnu\armr5\nt\gcc-arm-none-eabi\bin;C:\Xilinx\SDK\2016.4\gnu\aarch32\nt\gcc-arm-none-eabi\bin;C:\Xilinx\SDK\2016.4\gnu\aarch32\nt\gcc-arm-linux-gnueabi\bin;C:\Xilinx\SDK\2016.4\tps\win64\cmake-3.3.2\bin;;C:\Xilinx\SDK\2016.4\bin;C:\Xilinx\SDK\2016.4\lib\win64.o;C:\Xilinx\SDK\2016.4\tps\win64\jre\bin\server;C:\Xilinx\SDK\2016.4\tps\win64\jre\bin;C:\Xilinx\Vivado\2016.4\ids_lite\ISE\bin\nt64;C:\Xilinx\Vivado\2016.4\ids_lite\ISE\lib\nt64;C:\Xilinx\Vivado\2016.4\bin;C:\Xilinx\Vivado\2016.4\lib\win64.o;C:\Xilinx\Vivado\2016.4\tps\win64\jre\bin\server;C:\Xilinx\Vivado\2016.4\tps\win64\jre\bin;C:\Xilinx\Vivado_HLS\2016.4\bin;C:\WINDOWS\system32\Npcap;C:\Program Files\MATLAB\MATLAB Production Server\R2015a\runtime\win64;C:\Program Files\MATLAB\MATLAB Production Server\R2015a\bin;C:\Program Files\MATLAB\MATLAB Production Server\R2015a\polyspace\bin;C:\Program Files\PuTTY\;c:\Program Files\Intel\WiFi\bin\;c:\Program Files\Common Files\Intel\WirelessCommon\;C:\Users\Utilizador\AppData\Roaming\npm;C:\Users\Utilizador\AppData\Local\Microsoft\WindowsApps;C:\Python27;C:\Program Files\Java\jdk1.8.0_101\bin;C:\Program Files\NetBeans 8.2\java\maven\bin;C:\Users\Utilizador\Desktop\Universidade\4_ano\2_semestre\CR\Projeto\ProjetoFinal\MP_ToDisplays;
USERNAME=Utilizador
OS=Windows_NT
PROCESSOR_IDENTIFIER=Intel64 Family 6 Model 60 Stepping 3, GenuineIntel



---------------  S Y S T E M  ---------------

OS: Windows 10.0 , 64 bit Build 14393 (10.0.14393.1198)

CPU:total 8 (4 cores per cpu, 2 threads per core) family 6 model 60 stepping 3, cmov, cx8, fxsr, mmx, sse, sse2, sse3, ssse3, sse4.1, sse4.2, popcnt, avx, avx2, aes, clmul, erms, lzcnt, ht, tsc, tscinvbit, bmi1, bmi2

Memory: 4k page, physical 8319000k(2521792k free), swap 12976516k(4232580k free)

vm_info: Java HotSpot(TM) 64-Bit Server VM (25.66-b18) for windows-amd64 JRE (1.8.0_66-b18), built on Nov  9 2015 10:51:13 by "java_re" with MS VC++ 10.0 (VS2010)

time: Fri May 26 17:32:23 2017
elapsed time: 218 seconds (0d 0h 3m 38s)

