#
# A fatal error has been detected by the Java Runtime Environment:
#
#  Internal Error (0xc000000d), pid=10488, tid=8088
#
# JRE version: Java(TM) SE Runtime Environment (8.0_66-b18) (build 1.8.0_66-b18)
# Java VM: Java HotSpot(TM) 64-Bit Server VM (25.66-b18 mixed mode windows-amd64 compressed oops)
# Problematic frame:
# C  [ntdll.dll+0xff44c]
#
# Failed to write core dump. Minidumps are not enabled by default on client versions of Windows
#
# If you would like to submit a bug report, please visit:
#   http://bugreport.java.com/bugreport/crash.jsp
#

---------------  T H R E A D  ---------------

Current thread (0x0000000013cc9000):  VMThread [stack: 0x00000000159d0000,0x0000000015ad0000] [id=8088]

siginfo: ExceptionCode=0xc000000d

Registers:
RAX=0x0000000000000000, RBX=0xfffffffffffffffe, RCX=0x0000000000000000, RDX=0x0000000000000000
RSP=0x0000000015acf470, RBP=0x00007ff964cb7408, RSI=0x0000000000000000, RDI=0x0000000000000edc
R8 =0x0000000000000000, R9 =0x0000000000020000, R10=0x0000000015acef50, R11=0x0000000015acef50
R12=0x00000000173da0b0, R13=0x00000000005a4670, R14=0x00000000173da1b8, R15=0x0000000015acf5e8
RIP=0x00007ff97447f44c, EFLAGS=0x0000000000000202

Top of Stack: (sp=0x0000000015acf470)
0x0000000015acf470:   0000000000000057 fffffffffffffffe
0x0000000015acf480:   0000000000000000 0000000000000edc
0x0000000015acf490:   00000000c000000d 0000000000000000
0x0000000015acf4a0:   00007ff97447f44c 0000000000000000
0x0000000015acf4b0:   0000000000000000 0000000000000000
0x0000000015acf4c0:   0000000000000000 0000000000000000
0x0000000015acf4d0:   0000000000000000 0000000000000000
0x0000000015acf4e0:   0000000000000000 0000000000000000
0x0000000015acf4f0:   0000000000000000 0000000000000000
0x0000000015acf500:   0000000000000000 0000000000000000
0x0000000015acf510:   0000000000000000 0000000000000000
0x0000000015acf520:   0000000000000000 0000000000000000
0x0000000015acf530:   00005a52a35e529d 0000000000000100
0x0000000015acf540:   0000000900000020 00007ff97444150d
0x0000000015acf550:   0000000900000000 0000000000000000
0x0000000015acf560:   004e005200450001 00007ff9676b2635 

Instructions: (pc=0x00007ff97447f44c)
0x00007ff97447f42c:   d5 fa ff c7 44 24 20 0d 00 00 c0 b9 57 00 00 00
0x00007ff97447f43c:   e8 7f 13 f6 ff 90 48 8d 4c 24 20 e8 04 bf f4 ff
0x00007ff97447f44c:   eb 00 48 8b 8c 24 c0 00 00 00 48 33 cc e8 82 74
0x00007ff97447f45c:   f9 ff 48 81 c4 d8 00 00 00 c3 40 55 48 83 ec 20 


Register to memory mapping:

RAX=0x0000000000000000 is an unknown value
RBX=0xfffffffffffffffe is an unknown value
RCX=0x0000000000000000 is an unknown value
RDX=0x0000000000000000 is an unknown value
RSP=0x0000000015acf470 is an unknown value
RBP=0x00007ff964cb7408 is an unknown value
RSI=0x0000000000000000 is an unknown value
RDI=0x0000000000000edc is an unknown value
R8 =0x0000000000000000 is an unknown value
R9 =0x0000000000020000 is an unknown value
R10=0x0000000015acef50 is an unknown value
R11=0x0000000015acef50 is an unknown value
R12=0x00000000173da0b0 is an unknown value
R13=0x00000000005a4670 is an unknown value
R14=0x00000000173da1b8 is an unknown value
R15=0x0000000015acf5e8 is an unknown value


Stack: [0x00000000159d0000,0x0000000015ad0000],  sp=0x0000000015acf470,  free space=1021k
Native frames: (J=compiled Java code, j=interpreted, Vv=VM code, C=native code)
C  [ntdll.dll+0xff44c]
C  [ntdll.dll+0xc150d]
C  [KERNEL32.DLL+0x1fafa]
C  [MSVCR110.dll+0x752d]
C  [MSVCR110.dll+0x73c6]
C  [MSVCR110.dll+0x14cca]
C  [MSVCR110.dll+0x13edc]
C  [MSVCR110.dll+0x239e]
C  [MSVCR110.dll+0xaf9e]
C  [MSVCP110.dll+0x397b9]
C  [librdi_common.dll+0x183a66]
C  [librdi_common.dll+0x1826fb]
C  [librdi_target_manager.dll+0x2400]
C  [librdi_target_manager.dll+0x2682]
C  [ntdll.dll+0x2a35f]
C  [ntdll.dll+0x806b]
C  [ntdll.dll+0x7d94]
C  [KERNEL32.DLL+0x1ce6a]
C  [MSVCR100.dll+0x20ccd]
V  [jvm.dll+0x210cc5]
V  [jvm.dll+0x249897]
V  [jvm.dll+0x248b36]
V  [jvm.dll+0x248fd1]
V  [jvm.dll+0x2491ee]
V  [jvm.dll+0x29a0fa]
C  [MSVCR100.dll+0x21d9f]
C  [MSVCR100.dll+0x21e3b]
C  [KERNEL32.DLL+0x8364]
C  [ntdll.dll+0x670d1]

VM_Operation (0x000000000014f4c0): Exit, mode: safepoint, requested by thread 0x0000000001ede800


---------------  P R O C E S S  ---------------

Java Threads: ( => current thread )
  0x0000000016c1e000 JavaThread "pool-2-thread-2" [_thread_blocked, id=232, stack(0x000000002ea90000,0x000000002eb90000)]
  0x0000000016c1a800 JavaThread "pool-2-thread-1" [_thread_blocked, id=15768, stack(0x000000002b290000,0x000000002b390000)]
  0x0000000016c14800 JavaThread "Thread-40" daemon [_thread_blocked, id=18340, stack(0x0000000028b90000,0x0000000028c90000)]
  0x0000000016c16800 JavaThread "TCF Channel Transmitter" daemon [_thread_blocked, id=11616, stack(0x00000000266a0000,0x00000000267a0000)]
  0x0000000016c13800 JavaThread "TCF Channel Receiver" daemon [_thread_in_native, id=15116, stack(0x00000000265a0000,0x00000000266a0000)]
  0x0000000016c11800 JavaThread "Process monitor" daemon [_thread_in_native, id=13040, stack(0x0000000025fa0000,0x00000000260a0000)]
  0x0000000016c10800 JavaThread "Input Stream Monitor" daemon [_thread_blocked, id=17128, stack(0x0000000025ea0000,0x0000000025fa0000)]
  0x000000001dbb0000 JavaThread "Output Stream Monitor" daemon [_thread_in_native, id=4044, stack(0x0000000025da0000,0x0000000025ea0000)]
  0x0000000017f64800 JavaThread "Output Stream Monitor" daemon [_thread_in_native, id=10544, stack(0x0000000025870000,0x0000000025970000)]
  0x000000001dba4000 JavaThread "TCF Locator DNS Lookup" daemon [_thread_blocked, id=9936, stack(0x0000000023330000,0x0000000023430000)]
  0x000000001dbaa800 JavaThread "TCF Locator Timer" daemon [_thread_blocked, id=18052, stack(0x0000000023230000,0x0000000023330000)]
  0x000000001dbaa000 JavaThread "TCF Locator Receiver" daemon [_thread_in_native, id=16132, stack(0x0000000023130000,0x0000000023230000)]
  0x000000001dba3000 JavaThread "TCF Timer Dispatcher" daemon [_thread_blocked, id=10400, stack(0x0000000022e30000,0x0000000022f30000)]
  0x0000000017a7a800 JavaThread "EMF Reference Cleaner" daemon [_thread_blocked, id=8768, stack(0x0000000019280000,0x0000000019380000)]
  0x0000000015ea3800 JavaThread "Service Thread" daemon [_thread_blocked, id=13316, stack(0x00000000167d0000,0x00000000168d0000)]
  0x0000000015e17000 JavaThread "C1 CompilerThread3" daemon [_thread_blocked, id=16436, stack(0x00000000166d0000,0x00000000167d0000)]
  0x0000000015dfe000 JavaThread "C2 CompilerThread2" daemon [_thread_blocked, id=8400, stack(0x00000000165d0000,0x00000000166d0000)]
  0x0000000015dfd000 JavaThread "C2 CompilerThread1" daemon [_thread_blocked, id=15160, stack(0x00000000164d0000,0x00000000165d0000)]
  0x0000000015dfb800 JavaThread "C2 CompilerThread0" daemon [_thread_blocked, id=8388, stack(0x00000000163d0000,0x00000000164d0000)]
  0x0000000015e0b800 JavaThread "Attach Listener" daemon [_thread_blocked, id=11972, stack(0x00000000162d0000,0x00000000163d0000)]
  0x0000000015e0a800 JavaThread "Signal Dispatcher" daemon [_thread_blocked, id=9212, stack(0x00000000161d0000,0x00000000162d0000)]
  0x000000000245a800 JavaThread "Finalizer" daemon [_thread_blocked, id=16488, stack(0x0000000015bd0000,0x0000000015cd0000)]
  0x0000000013ccd000 JavaThread "Reference Handler" daemon [_thread_blocked, id=14796, stack(0x0000000015ad0000,0x0000000015bd0000)]
  0x0000000001ede800 JavaThread "main" [_thread_blocked, id=4984, stack(0x0000000000050000,0x0000000000150000)]

Other Threads:
=>0x0000000013cc9000 VMThread [stack: 0x00000000159d0000,0x0000000015ad0000] [id=8088]

VM state:at safepoint (shutting down)

VM Mutex/Monitor currently owned by a thread:  ([mutex/lock_event])
[0x0000000001edd2c0] Threads_lock - owner thread: 0x0000000013cc9000

Heap:
 PSYoungGen      total 117248K, used 77597K [0x00000000f5580000, 0x00000000fea00000, 0x0000000100000000)
  eden space 88064K, 88% used [0x00000000f5580000,0x00000000fa147758,0x00000000fab80000)
  from space 29184K, 0% used [0x00000000fab80000,0x00000000fab80000,0x00000000fc800000)
  to   space 29184K, 0% used [0x00000000fcd80000,0x00000000fcd80000,0x00000000fea00000)
 ParOldGen       total 107520K, used 57798K [0x00000000e0000000, 0x00000000e6900000, 0x00000000f5580000)
  object space 107520K, 53% used [0x00000000e0000000,0x00000000e3871860,0x00000000e6900000)
 Metaspace       used 83831K, capacity 90938K, committed 91056K, reserved 1128448K
  class space    used 10011K, capacity 12178K, committed 12208K, reserved 1048576K

Card table byte_map: [0x0000000011820000,0x0000000011930000] byte_map_base: 0x0000000011120000

Marking Bits: (ParMarkBitMap*) 0x0000000058c0a5b0
 Begin Bits: [0x00000000121e0000, 0x00000000129e0000)
 End Bits:   [0x00000000129e0000, 0x00000000131e0000)

Polling page: 0x0000000001ea0000

CodeCache: size=245760Kb used=33842Kb max_used=33875Kb free=211918Kb
 bounds [0x0000000002460000, 0x00000000045b0000, 0x0000000011460000]
 total_blobs=10121 nmethods=9236 adapters=793
 compilation: enabled

Compilation events (10 events):
Event: 413.736 Thread 0x0000000015e17000 11331   !   3       org.eclipse.osgi.storage.BundleInfo$Generation::clearManifestCache (30 bytes)
Event: 413.736 Thread 0x0000000015e17000 nmethod 11331 0x0000000003bb30d0 code [0x0000000003bb3260, 0x0000000003bb38a8]
Event: 413.736 Thread 0x0000000015e17000 11326       3       java.util.concurrent.atomic.AtomicReference::getAndSet (12 bytes)
Event: 413.736 Thread 0x0000000015e17000 nmethod 11326 0x0000000003891450 code [0x00000000038915a0, 0x0000000003891710]
Event: 413.736 Thread 0x0000000015e17000 11328       3       org.eclipse.osgi.internal.framework.EquinoxContainerAdaptor::invalidateWiring (186 bytes)
Event: 413.738 Thread 0x0000000015e17000 nmethod 11328 0x0000000003379790 code [0x0000000003379b60, 0x000000000337c4d8]
Event: 413.738 Thread 0x0000000015e17000 11327       3       sun.misc.Unsafe::getAndSetObject (24 bytes)
Event: 413.738 Thread 0x0000000015e17000 nmethod 11327 0x00000000034a6350 code [0x00000000034a64c0, 0x00000000034a66d0]
Event: 413.738 Thread 0x0000000015e17000 11320   !   3       org.eclipse.osgi.storage.BundleInfo$Generation::close (34 bytes)
Event: 413.738 Thread 0x0000000015e17000 nmethod 11320 0x0000000004429550 code [0x00000000044296c0, 0x0000000004429ae8]

GC Heap History (10 events):
Event: 308.874 GC heap before
{Heap before GC invocations=17 (full 4):
 PSYoungGen      total 112640K, used 82159K [0x00000000f5580000, 0x00000000fe580000, 0x0000000100000000)
  eden space 85504K, 96% used [0x00000000f5580000,0x00000000fa5bbf10,0x00000000fa900000)
  from space 27136K, 0% used [0x00000000fc600000,0x00000000fc600000,0x00000000fe080000)
  to   space 29696K, 0% used [0x00000000fa900000,0x00000000fa900000,0x00000000fc600000)
 ParOldGen       total 107520K, used 57015K [0x00000000e0000000, 0x00000000e6900000, 0x00000000f5580000)
  object space 107520K, 53% used [0x00000000e0000000,0x00000000e37adde8,0x00000000e6900000)
 Metaspace       used 80764K, capacity 87892K, committed 88240K, reserved 1126400K
  class space    used 9771K, capacity 11848K, committed 11952K, reserved 1048576K
Event: 308.891 GC heap after
Heap after GC invocations=17 (full 4):
 PSYoungGen      total 115200K, used 5297K [0x00000000f5580000, 0x00000000fe480000, 0x0000000100000000)
  eden space 85504K, 0% used [0x00000000f5580000,0x00000000f5580000,0x00000000fa900000)
  from space 29696K, 17% used [0x00000000fa900000,0x00000000fae2c708,0x00000000fc600000)
  to   space 29184K, 0% used [0x00000000fc800000,0x00000000fc800000,0x00000000fe480000)
 ParOldGen       total 107520K, used 57087K [0x00000000e0000000, 0x00000000e6900000, 0x00000000f5580000)
  object space 107520K, 53% used [0x00000000e0000000,0x00000000e37bfdf8,0x00000000e6900000)
 Metaspace       used 80764K, capacity 87892K, committed 88240K, reserved 1126400K
  class space    used 9771K, capacity 11848K, committed 11952K, reserved 1048576K
}
Event: 308.891 GC heap before
{Heap before GC invocations=18 (full 5):
 PSYoungGen      total 115200K, used 5297K [0x00000000f5580000, 0x00000000fe480000, 0x0000000100000000)
  eden space 85504K, 0% used [0x00000000f5580000,0x00000000f5580000,0x00000000fa900000)
  from space 29696K, 17% used [0x00000000fa900000,0x00000000fae2c708,0x00000000fc600000)
  to   space 29184K, 0% used [0x00000000fc800000,0x00000000fc800000,0x00000000fe480000)
 ParOldGen       total 107520K, used 57087K [0x00000000e0000000, 0x00000000e6900000, 0x00000000f5580000)
  object space 107520K, 53% used [0x00000000e0000000,0x00000000e37bfdf8,0x00000000e6900000)
 Metaspace       used 80764K, capacity 87892K, committed 88240K, reserved 1126400K
  class space    used 9771K, capacity 11848K, committed 11952K, reserved 1048576K
Event: 309.316 GC heap after
Heap after GC invocations=18 (full 5):
 PSYoungGen      total 115200K, used 0K [0x00000000f5580000, 0x00000000fe480000, 0x0000000100000000)
  eden space 85504K, 0% used [0x00000000f5580000,0x00000000f5580000,0x00000000fa900000)
  from space 29696K, 0% used [0x00000000fa900000,0x00000000fa900000,0x00000000fc600000)
  to   space 29184K, 0% used [0x00000000fc800000,0x00000000fc800000,0x00000000fe480000)
 ParOldGen       total 107520K, used 58991K [0x00000000e0000000, 0x00000000e6900000, 0x00000000f5580000)
  object space 107520K, 54% used [0x00000000e0000000,0x00000000e399bf00,0x00000000e6900000)
 Metaspace       used 80764K, capacity 87892K, committed 88240K, reserved 1126400K
  class space    used 9771K, capacity 11848K, committed 11952K, reserved 1048576K
}
Event: 340.178 GC heap before
{Heap before GC invocations=19 (full 5):
 PSYoungGen      total 115200K, used 85504K [0x00000000f5580000, 0x00000000fe480000, 0x0000000100000000)
  eden space 85504K, 100% used [0x00000000f5580000,0x00000000fa900000,0x00000000fa900000)
  from space 29696K, 0% used [0x00000000fa900000,0x00000000fa900000,0x00000000fc600000)
  to   space 29184K, 0% used [0x00000000fc800000,0x00000000fc800000,0x00000000fe480000)
 ParOldGen       total 107520K, used 58991K [0x00000000e0000000, 0x00000000e6900000, 0x00000000f5580000)
  object space 107520K, 54% used [0x00000000e0000000,0x00000000e399bf00,0x00000000e6900000)
 Metaspace       used 82171K, capacity 89286K, committed 89520K, reserved 1126400K
  class space    used 9865K, capacity 11947K, committed 11952K, reserved 1048576K
Event: 340.184 GC heap after
Heap after GC invocations=19 (full 5):
 PSYoungGen      total 117248K, used 3232K [0x00000000f5580000, 0x00000000fea00000, 0x0000000100000000)
  eden space 88064K, 0% used [0x00000000f5580000,0x00000000f5580000,0x00000000fab80000)
  from space 29184K, 11% used [0x00000000fc800000,0x00000000fcb28020,0x00000000fe480000)
  to   space 29184K, 0% used [0x00000000fab80000,0x00000000fab80000,0x00000000fc800000)
 ParOldGen       total 107520K, used 58999K [0x00000000e0000000, 0x00000000e6900000, 0x00000000f5580000)
  object space 107520K, 54% used [0x00000000e0000000,0x00000000e399df00,0x00000000e6900000)
 Metaspace       used 82171K, capacity 89286K, committed 89520K, reserved 1126400K
  class space    used 9865K, capacity 11947K, committed 11952K, reserved 1048576K
}
Event: 368.881 GC heap before
{Heap before GC invocations=20 (full 5):
 PSYoungGen      total 117248K, used 23780K [0x00000000f5580000, 0x00000000fea00000, 0x0000000100000000)
  eden space 88064K, 23% used [0x00000000f5580000,0x00000000f6991098,0x00000000fab80000)
  from space 29184K, 11% used [0x00000000fc800000,0x00000000fcb28020,0x00000000fe480000)
  to   space 29184K, 0% used [0x00000000fab80000,0x00000000fab80000,0x00000000fc800000)
 ParOldGen       total 107520K, used 58999K [0x00000000e0000000, 0x00000000e6900000, 0x00000000f5580000)
  object space 107520K, 54% used [0x00000000e0000000,0x00000000e399df00,0x00000000e6900000)
 Metaspace       used 82363K, capacity 89612K, committed 89776K, reserved 1126400K
  class space    used 9880K, capacity 11949K, committed 11952K, reserved 1048576K
Event: 368.885 GC heap after
Heap after GC invocations=20 (full 5):
 PSYoungGen      total 117248K, used 2816K [0x00000000f5580000, 0x00000000fea00000, 0x0000000100000000)
  eden space 88064K, 0% used [0x00000000f5580000,0x00000000f5580000,0x00000000fab80000)
  from space 29184K, 9% used [0x00000000fab80000,0x00000000fae40000,0x00000000fc800000)
  to   space 29184K, 0% used [0x00000000fcd80000,0x00000000fcd80000,0x00000000fea00000)
 ParOldGen       total 107520K, used 59007K [0x00000000e0000000, 0x00000000e6900000, 0x00000000f5580000)
  object space 107520K, 54% used [0x00000000e0000000,0x00000000e399ff00,0x00000000e6900000)
 Metaspace       used 82363K, capacity 89612K, committed 89776K, reserved 1126400K
  class space    used 9880K, capacity 11949K, committed 11952K, reserved 1048576K
}
Event: 368.885 GC heap before
{Heap before GC invocations=21 (full 6):
 PSYoungGen      total 117248K, used 2816K [0x00000000f5580000, 0x00000000fea00000, 0x0000000100000000)
  eden space 88064K, 0% used [0x00000000f5580000,0x00000000f5580000,0x00000000fab80000)
  from space 29184K, 9% used [0x00000000fab80000,0x00000000fae40000,0x00000000fc800000)
  to   space 29184K, 0% used [0x00000000fcd80000,0x00000000fcd80000,0x00000000fea00000)
 ParOldGen       total 107520K, used 59007K [0x00000000e0000000, 0x00000000e6900000, 0x00000000f5580000)
  object space 107520K, 54% used [0x00000000e0000000,0x00000000e399ff00,0x00000000e6900000)
 Metaspace       used 82363K, capacity 89612K, committed 89776K, reserved 1126400K
  class space    used 9880K, capacity 11949K, committed 11952K, reserved 1048576K
Event: 369.227 GC heap after
Heap after GC invocations=21 (full 6):
 PSYoungGen      total 117248K, used 0K [0x00000000f5580000, 0x00000000fea00000, 0x0000000100000000)
  eden space 88064K, 0% used [0x00000000f5580000,0x00000000f5580000,0x00000000fab80000)
  from space 29184K, 0% used [0x00000000fab80000,0x00000000fab80000,0x00000000fc800000)
  to   space 29184K, 0% used [0x00000000fcd80000,0x00000000fcd80000,0x00000000fea00000)
 ParOldGen       total 107520K, used 57798K [0x00000000e0000000, 0x00000000e6900000, 0x00000000f5580000)
  object space 107520K, 53% used [0x00000000e0000000,0x00000000e3871860,0x00000000e6900000)
 Metaspace       used 82363K, capacity 89612K, committed 89776K, reserved 1126400K
  class space    used 9880K, capacity 11949K, committed 11952K, reserved 1048576K
}

Deoptimization events (10 events):
Event: 412.499 Thread 0x0000000016c1c800 Uncommon trap: reason=unstable_if action=reinterpret pc=0x0000000003489200 method=org.eclipse.equinox.internal.event.EventHandlerTracker.getHandlers(Ljava/lang/String;)Ljava/util/Set; @ 28
Event: 412.502 Thread 0x0000000016c1c800 Uncommon trap: reason=class_check action=maybe_recompile pc=0x00000000044c684c method=org.eclipse.e4.core.internal.contexts.TrackableComputationExt.update(Lorg/eclipse/e4/core/internal/contexts/ContextChangeEvent;)Z @ 62
Event: 412.502 Thread 0x0000000016c1c800 Uncommon trap: reason=class_check action=maybe_recompile pc=0x00000000044c684c method=org.eclipse.e4.core.internal.contexts.TrackableComputationExt.update(Lorg/eclipse/e4/core/internal/contexts/ContextChangeEvent;)Z @ 62
Event: 412.577 Thread 0x0000000016c15000 Uncommon trap: reason=unstable_if action=reinterpret pc=0x00000000025e1ce4 method=sun.nio.cs.SingleByte$Encoder.encode(C)I @ 13
Event: 412.703 Thread 0x0000000016c1c800 Uncommon trap: reason=unstable_if action=reinterpret pc=0x0000000003ceb864 method=org.eclipse.swt.graphics.Resource.dispose()V @ 15
Event: 413.591 Thread 0x0000000016c1c800 Uncommon trap: reason=unstable_if action=reinterpret pc=0x00000000031012d8 method=org.eclipse.osgi.internal.hooks.EclipseLazyStarter.shouldActivateFor(Ljava/lang/String;Lorg/eclipse/osgi/container/Module;Lorg/eclipse/osgi/container/ModuleRevision;Lorg/ecliŽÏZdÛy@
Event: 413.712 Thread 0x0000000017f65000 Uncommon trap: reason=unstable_if action=reinterpret pc=0x000000000435b0d0 method=org.eclipse.core.internal.jobs.JobManager.nextJob()Lorg/eclipse/core/runtime/jobs/Job; @ 80
Event: 413.712 Thread 0x000000001dbae800 Uncommon trap: reason=unstable_if action=reinterpret pc=0x000000000435b0d0 method=org.eclipse.core.internal.jobs.JobManager.nextJob()Lorg/eclipse/core/runtime/jobs/Job; @ 80
Event: 413.712 Thread 0x000000001dbb0800 Uncommon trap: reason=unstable_if action=reinterpret pc=0x0000000004356b68 method=org.eclipse.core.internal.jobs.JobManager.nextJob()Lorg/eclipse/core/runtime/jobs/Job; @ 80
Event: 413.713 Thread 0x000000001dba5800 Uncommon trap: reason=unstable_if action=reinterpret pc=0x000000000435b0d0 method=org.eclipse.core.internal.jobs.JobManager.nextJob()Lorg/eclipse/core/runtime/jobs/Job; @ 80

Internal exceptions (10 events):
Event: 412.400 Thread 0x0000000001ede800 Exception <a 'java/io/FileNotFoundException'> (0x00000000f96c6578) thrown at [C:\re\workspace\8-2-build-windows-amd64-cygwin\jdk8u66\5298\hotspot\src\share\vm\prims\jni.cpp, line 709]
Event: 412.400 Thread 0x0000000001ede800 Exception <a 'java/io/FileNotFoundException'> (0x00000000f96c89d8) thrown at [C:\re\workspace\8-2-build-windows-amd64-cygwin\jdk8u66\5298\hotspot\src\share\vm\prims\jni.cpp, line 709]
Event: 412.400 Thread 0x0000000001ede800 Exception <a 'java/io/FileNotFoundException'> (0x00000000f96cad20) thrown at [C:\re\workspace\8-2-build-windows-amd64-cygwin\jdk8u66\5298\hotspot\src\share\vm\prims\jni.cpp, line 709]
Event: 412.401 Thread 0x0000000001ede800 Exception <a 'java/io/FileNotFoundException'> (0x00000000f96cd068) thrown at [C:\re\workspace\8-2-build-windows-amd64-cygwin\jdk8u66\5298\hotspot\src\share\vm\prims\jni.cpp, line 709]
Event: 412.401 Thread 0x0000000001ede800 Exception <a 'java/io/FileNotFoundException'> (0x00000000f96cf4f0) thrown at [C:\re\workspace\8-2-build-windows-amd64-cygwin\jdk8u66\5298\hotspot\src\share\vm\prims\jni.cpp, line 709]
Event: 412.575 Thread 0x0000000016c17800 Exception <a 'java/lang/InterruptedException'> (0x00000000f9b634f0) thrown at [C:\re\workspace\8-2-build-windows-amd64-cygwin\jdk8u66\5298\hotspot\src\share\vm\runtime\objectMonitor.cpp, line 1683]
Event: 413.711 Thread 0x0000000017f62000 Exception <a 'java/lang/InterruptedException'> (0x00000000f9769dc0) thrown at [C:\re\workspace\8-2-build-windows-amd64-cygwin\jdk8u66\5298\hotspot\src\share\vm\runtime\objectMonitor.cpp, line 1683]
Event: 413.729 Thread 0x0000000016176000 Exception <a 'java/lang/InterruptedException'> (0x00000000f9eb79b8) thrown at [C:\re\workspace\8-2-build-windows-amd64-cygwin\jdk8u66\5298\hotspot\src\share\vm\runtime\objectMonitor.cpp, line 1683]
Event: 413.732 Thread 0x0000000017f63000 Exception <a 'java/lang/InterruptedException'> (0x00000000f5a07aa8) thrown at [C:\re\workspace\8-2-build-windows-amd64-cygwin\jdk8u66\5298\hotspot\src\share\vm\runtime\objectMonitor.cpp, line 1683]
Event: 413.732 Thread 0x0000000017217000 Exception <a 'java/lang/InterruptedException'> (0x00000000fa0c9010) thrown at [C:\re\workspace\8-2-build-windows-amd64-cygwin\jdk8u66\5298\hotspot\src\share\vm\runtime\objectMonitor.cpp, line 1683]

Events (10 events):
Event: 413.733 Executing VM operation: RevokeBias
Event: 413.733 Executing VM operation: RevokeBias done
Event: 413.735 Thread 0x0000000016c1c800 Thread exited: 0x0000000016c1c800
Event: 413.735 loading class java/util/IdentityHashMap$KeyIterator
Event: 413.753 loading class java/util/IdentityHashMap$IdentityHashMapIterator
Event: 413.757 loading class java/util/IdentityHashMap$IdentityHashMapIterator done
Event: 413.757 loading class java/util/IdentityHashMap$KeyIterator done
Event: 413.757 Thread 0x0000000016c15000 Thread added: 0x0000000016c15000
Event: 413.758 Thread 0x0000000016c15000 Thread exited: 0x0000000016c15000
Event: 413.788 Executing VM operation: Exit


Dynamic libraries:
0x0000000000400000 - 0x000000000044f000 	C:\Xilinx\SDK\2016.4\eclipse\win64.o\eclipse.exe
0x00007ff974380000 - 0x00007ff974551000 	C:\WINDOWS\SYSTEM32\ntdll.dll
0x00007ff973360000 - 0x00007ff97340c000 	C:\WINDOWS\System32\KERNEL32.DLL
0x00007ff9676b0000 - 0x00007ff967704000 	C:\Program Files (x86)\AVG\Av\avghooka.dll
0x00007ff970ef0000 - 0x00007ff97110d000 	C:\WINDOWS\System32\KERNELBASE.dll
0x00007ff96ed80000 - 0x00007ff96edfa000 	C:\WINDOWS\system32\apphelp.dll
0x00007ff973700000 - 0x00007ff973865000 	C:\WINDOWS\System32\USER32.dll
0x00007ff970c70000 - 0x00007ff970c8e000 	C:\WINDOWS\System32\win32u.dll
0x00007ff9738e0000 - 0x00007ff973914000 	C:\WINDOWS\System32\GDI32.dll
0x00007ff970870000 - 0x00007ff9709f2000 	C:\WINDOWS\System32\gdi32full.dll
0x00007ff9742d0000 - 0x00007ff97436e000 	C:\WINDOWS\System32\msvcrt.dll
0x00007ff963b10000 - 0x00007ff963d8a000 	C:\WINDOWS\WinSxS\amd64_microsoft.windows.common-controls_6595b64144ccf1df_6.0.14393.953_none_42151e83c686086b\COMCTL32.dll
0x00007ff973920000 - 0x00007ff973be8000 	C:\WINDOWS\System32\combase.dll
0x00007ff970d40000 - 0x00007ff970e35000 	C:\WINDOWS\System32\ucrtbase.dll
0x00007ff973130000 - 0x00007ff973251000 	C:\WINDOWS\System32\RPCRT4.dll
0x00007ff971160000 - 0x00007ff9711ca000 	C:\WINDOWS\System32\bcryptPrimitives.dll
0x00007ff973260000 - 0x00007ff97328e000 	C:\WINDOWS\System32\IMM32.DLL
0x0000000072000000 - 0x0000000072012000 	C:\Xilinx\SDK\2016.4\eclipse\win64.o\plugins\org.eclipse.equinox.launcher.win32.win32.x86_64_1.1.300.v20150602-1417\eclipse_1611.dll
0x00007ff973410000 - 0x00007ff9734b2000 	C:\WINDOWS\System32\ADVAPI32.dll
0x00007ff971910000 - 0x00007ff971969000 	C:\WINDOWS\System32\sechost.dll
0x00007ff962ad0000 - 0x00007ff962ada000 	C:\WINDOWS\SYSTEM32\VERSION.dll
0x00007ff96efc0000 - 0x00007ff96f055000 	C:\WINDOWS\system32\uxtheme.dll
0x00007ff974020000 - 0x00007ff97417a000 	C:\WINDOWS\System32\MSCTF.dll
0x00007ff973290000 - 0x00007ff97334f000 	C:\WINDOWS\System32\OLEAUT32.dll
0x00007ff970bd0000 - 0x00007ff970c6c000 	C:\WINDOWS\System32\msvcp_win.dll
0x0000000058400000 - 0x0000000058c89000 	C:\Xilinx\SDK\2016.4\tps\win64\jre\bin\server\jvm.dll
0x00007ff973350000 - 0x00007ff973358000 	C:\WINDOWS\System32\PSAPI.DLL
0x00007ff96c3c0000 - 0x00007ff96c3c9000 	C:\WINDOWS\SYSTEM32\WSOCK32.dll
0x00007ff973870000 - 0x00007ff9738da000 	C:\WINDOWS\System32\WS2_32.dll
0x00007ff96eac0000 - 0x00007ff96eae3000 	C:\WINDOWS\SYSTEM32\WINMM.dll
0x000000005afc0000 - 0x000000005b092000 	C:\WINDOWS\SYSTEM32\MSVCR100.dll
0x00007ff96e920000 - 0x00007ff96e94b000 	C:\WINDOWS\SYSTEM32\WINMMBASE.dll
0x00007ff971110000 - 0x00007ff971152000 	C:\WINDOWS\System32\cfgmgr32.dll
0x0000000059ef0000 - 0x0000000059eff000 	C:\Xilinx\SDK\2016.4\tps\win64\jre\bin\verify.dll
0x0000000059e80000 - 0x0000000059ea9000 	C:\Xilinx\SDK\2016.4\tps\win64\jre\bin\java.dll
0x0000000059ed0000 - 0x0000000059ee6000 	C:\Xilinx\SDK\2016.4\tps\win64\jre\bin\zip.dll
0x00007ff971c20000 - 0x00007ff973128000 	C:\WINDOWS\System32\SHELL32.dll
0x00007ff971230000 - 0x00007ff97190a000 	C:\WINDOWS\System32\windows.storage.dll
0x00007ff970820000 - 0x00007ff97086c000 	C:\WINDOWS\System32\powrprof.dll
0x00007ff9741f0000 - 0x00007ff974242000 	C:\WINDOWS\System32\shlwapi.dll
0x00007ff970810000 - 0x00007ff97081f000 	C:\WINDOWS\System32\kernel.appcore.dll
0x00007ff970c90000 - 0x00007ff970d39000 	C:\WINDOWS\System32\shcore.dll
0x00007ff9707f0000 - 0x00007ff970804000 	C:\WINDOWS\System32\profapi.dll
0x00007ff970260000 - 0x00007ff970277000 	C:\WINDOWS\SYSTEM32\CRYPTSP.dll
0x00007ff96fcb0000 - 0x00007ff96fce3000 	C:\WINDOWS\system32\rsaenh.dll
0x00007ff970720000 - 0x00007ff97074b000 	C:\WINDOWS\SYSTEM32\bcrypt.dll
0x00007ff96ff30000 - 0x00007ff96ff4f000 	C:\WINDOWS\SYSTEM32\USERENV.dll
0x00007ff970250000 - 0x00007ff97025b000 	C:\WINDOWS\SYSTEM32\CRYPTBASE.dll
0x0000000059e60000 - 0x0000000059e7a000 	C:\Xilinx\SDK\2016.4\tps\win64\jre\bin\net.dll
0x00007ff9700b0000 - 0x00007ff97010c000 	C:\WINDOWS\system32\mswsock.dll
0x00007ff96fe30000 - 0x00007ff96fe68000 	C:\WINDOWS\SYSTEM32\IPHLPAPI.DLL
0x00007ff974370000 - 0x00007ff974378000 	C:\WINDOWS\System32\NSI.dll
0x00007ff96cc10000 - 0x00007ff96cc26000 	C:\WINDOWS\SYSTEM32\dhcpcsvc6.DLL
0x00007ff96cb40000 - 0x00007ff96cb5a000 	C:\WINDOWS\SYSTEM32\dhcpcsvc.DLL
0x0000000059e40000 - 0x0000000059e51000 	C:\Xilinx\SDK\2016.4\tps\win64\jre\bin\nio.dll
0x00007ff95e4a0000 - 0x00007ff95e4b6000 	C:\WINDOWS\system32\napinsp.dll
0x00007ff95e470000 - 0x00007ff95e48a000 	C:\WINDOWS\system32\pnrpnsp.dll
0x00007ff96be20000 - 0x00007ff96be38000 	C:\WINDOWS\system32\NLAapi.dll
0x00007ff96fe70000 - 0x00007ff96ff11000 	C:\WINDOWS\SYSTEM32\DNSAPI.dll
0x00007ff962ee0000 - 0x00007ff962eee000 	C:\WINDOWS\System32\winrnr.dll
0x000000005b0d0000 - 0x000000005b0f6000 	C:\Program Files\Bonjour\mdnsNSP.dll
0x00007ff96b090000 - 0x00007ff96b09a000 	C:\Windows\System32\rasadhlp.dll
0x00007ff96b450000 - 0x00007ff96b4ba000 	C:\WINDOWS\System32\fwpuclnt.dll
0x0000000018f80000 - 0x0000000019028000 	C:\Users\Utilizador\.Xilinx\SDK\2016.4\org.eclipse.osgi\319\0\.cp\swt-win32-4527.dll
0x00007ff971a70000 - 0x00007ff971ba8000 	C:\WINDOWS\System32\ole32.dll
0x00007ff971970000 - 0x00007ff971a6a000 	C:\WINDOWS\System32\comdlg32.dll
0x00007ff970a00000 - 0x00007ff970bc9000 	C:\WINDOWS\System32\CRYPT32.dll
0x00007ff9707e0000 - 0x00007ff9707f0000 	C:\WINDOWS\System32\MSASN1.dll
0x00007ff96bc30000 - 0x00007ff96bcb6000 	C:\WINDOWS\SYSTEM32\WINSPOOL.DRV
0x00007ff964ae0000 - 0x00007ff964af9000 	C:\WINDOWS\SYSTEM32\USP10.dll
0x00007ff96ce90000 - 0x00007ff96d15a000 	C:\WINDOWS\SYSTEM32\WININET.dll
0x00007ff96dd30000 - 0x00007ff96dd56000 	C:\WINDOWS\system32\dwmapi.dll
0x00007ff96daa0000 - 0x00007ff96dc25000 	C:\WINDOWS\SYSTEM32\propsys.dll
0x00007ff973660000 - 0x00007ff9736ff000 	C:\WINDOWS\System32\clbcatq.dll
0x00000000195d0000 - 0x00000000195ee000 	C:\Users\Utilizador\.Xilinx\SDK\2016.4\org.eclipse.osgi\319\0\.cp\swt-gdip-win32-4527.dll
0x00007ff965510000 - 0x00007ff9656aa000 	C:\WINDOWS\WinSxS\amd64_microsoft.windows.gdiplus_6595b64144ccf1df_1.1.14393.953_none_7300116921188239\gdiplus.dll
0x00007ff96c910000 - 0x00007ff96cab8000 	C:\WINDOWS\SYSTEM32\WindowsCodecs.dll
0x0000000180000000 - 0x0000000180012000 	C:\Users\Utilizador\.Xilinx\SDK\2016.4\org.eclipse.osgi\133\0\.cp\os\win32\x86_64\localfile_1_0_0.dll
0x00007ff95f420000 - 0x00007ff95f485000 	C:\WINDOWS\SYSTEM32\oleacc.dll
0x00007ff96a9c0000 - 0x00007ff96a9c7000 	C:\WINDOWS\SYSTEM32\msimg32.dll
0x00007ff967090000 - 0x00007ff9670a1000 	C:\Users\Utilizador\.Xilinx\SDK\2016.4\org.eclipse.osgi\136\0\.cp\jWinHttp-1.0.0.dll
0x00007ff96dc60000 - 0x00007ff96dd2d000 	C:\WINDOWS\SYSTEM32\WINHTTP.dll
0x00007ff96a3f0000 - 0x00007ff96a3ff000 	C:\Xilinx\SDK\2016.4\lib\win64.o\librdi_repo_manager.dll
0x00007ff965330000 - 0x00007ff96535a000 	C:\Xilinx\SDK\2016.4\lib\win64.o\libisl_sysinfo.dll
0x00007ff90fc80000 - 0x00007ff91072a000 	C:\Xilinx\SDK\2016.4\lib\win64.o\librdi_common.dll
0x00007ff94eef0000 - 0x00007ff94ef43000 	C:\Xilinx\SDK\2016.4\lib\win64.o\librdi_commonxillic.dll
0x00007ff913ec0000 - 0x00007ff9140b8000 	C:\Xilinx\SDK\2016.4\lib\win64.o\librdi_hsm.dll
0x00007ff964c00000 - 0x00007ff964ca7000 	C:\WINDOWS\SYSTEM32\MSVCP110.dll
0x00007ff964cb0000 - 0x00007ff964d84000 	C:\WINDOWS\SYSTEM32\MSVCR110.dll
0x00007ff90f910000 - 0x00007ff90fc7e000 	C:\Xilinx\SDK\2016.4\lib\win64.o\libCOIN-all.dll
0x00007ff90f6f0000 - 0x00007ff90f90f000 	C:\Xilinx\SDK\2016.4\lib\win64.o\libXil_lmgr11.dll
0x00007ff9711d0000 - 0x00007ff971225000 	C:\WINDOWS\System32\WINTRUST.dll
0x00007ff969d30000 - 0x00007ff969d40000 	C:\Xilinx\SDK\2016.4\lib\win64.o\libboost_date_time.dll
0x00007ff965300000 - 0x00007ff965324000 	C:\Xilinx\SDK\2016.4\lib\win64.o\libboost_filesystem.dll
0x00007ff94ee70000 - 0x00007ff94eee7000 	C:\Xilinx\SDK\2016.4\lib\win64.o\libboost_program_options.dll
0x00007ff9433b0000 - 0x00007ff9434b6000 	C:\Xilinx\SDK\2016.4\lib\win64.o\libboost_regex.dll
0x00007ff958840000 - 0x00007ff958853000 	C:\Xilinx\SDK\2016.4\lib\win64.o\libboost_signals.dll
0x00007ff9647e0000 - 0x00007ff9647e9000 	C:\Xilinx\SDK\2016.4\lib\win64.o\libboost_system.dll
0x00007ff954d80000 - 0x00007ff954d9d000 	C:\Xilinx\SDK\2016.4\lib\win64.o\libboost_thread.dll
0x00007ff962dc0000 - 0x00007ff962dcb000 	C:\Xilinx\SDK\2016.4\lib\win64.o\libboost_xilinx.dll
0x00007ff946850000 - 0x00007ff9468d0000 	C:\Xilinx\SDK\2016.4\lib\win64.o\libhdlpsolve.dll
0x00007ff944330000 - 0x00007ff9443ca000 	C:\Xilinx\SDK\2016.4\lib\win64.o\libhdxml.dll
0x00007ff90f320000 - 0x00007ff90f6e9000 	C:\Xilinx\SDK\2016.4\lib\win64.o\libisl_iostreams.dll
0x00007ff953d40000 - 0x00007ff953d55000 	C:\Xilinx\SDK\2016.4\lib\win64.o\pthreadVC2.dll
0x00007ff913d90000 - 0x00007ff913ec0000 	C:\Xilinx\SDK\2016.4\lib\win64.o\librdi_curl.dll
0x00007ff953d20000 - 0x00007ff953d38000 	C:\Xilinx\SDK\2016.4\lib\win64.o\librdiconfig.dll
0x00007ff94ee10000 - 0x00007ff94ee2f000 	C:\Xilinx\SDK\2016.4\lib\win64.o\librdizlib.dll
0x0000000059a40000 - 0x0000000059b67000 	C:\Xilinx\SDK\2016.4\lib\win64.o\tcl85t.dll
0x0000000025450000 - 0x00000000256b3000 	C:\Xilinx\SDK\2016.4\lib\win64.o\xerces-c_3_1.dll
0x00007ff963320000 - 0x00007ff9634e3000 	C:\WINDOWS\SYSTEM32\urlmon.dll
0x00007ff9518d0000 - 0x00007ff9518f3000 	C:\WINDOWS\SYSTEM32\VCOMP110.DLL
0x00007ff949f00000 - 0x00007ff949f43000 	C:\Xilinx\SDK\2016.4\lib\win64.o\librdi_hdf.dll
0x00007ff90f050000 - 0x00007ff90f318000 	C:\Xilinx\SDK\2016.4\lib\win64.o\librdi_ippcw.dll
0x00007ff96a770000 - 0x00007ff96a788000 	C:\WINDOWS\SYSTEM32\NETAPI32.dll
0x00007ff962090000 - 0x00007ff96209b000 	C:\Xilinx\SDK\2016.4\lib\win64.o\libboost_chrono.dll
0x00007ff94edf0000 - 0x00007ff94ee06000 	C:\Xilinx\SDK\2016.4\lib\win64.o\libboost_iostreams.dll
0x00007ff94c930000 - 0x00007ff94c953000 	C:\Xilinx\SDK\2016.4\lib\win64.o\libisl_iosutils.dll
0x00007ff96ab70000 - 0x00007ff96ae15000 	C:\WINDOWS\SYSTEM32\iertutil.dll
0x00007ff962a20000 - 0x00007ff962a62000 	C:\WINDOWS\SYSTEM32\edputil.dll
0x00007ff96c260000 - 0x00007ff96c26a000 	C:\Xilinx\SDK\2016.4\lib\win64.o\librdi_jtag_settings.dll
0x00007ff9467f0000 - 0x00007ff946819000 	C:\Xilinx\SDK\2016.4\lib\win64.o\librdi_debug_dialog.dll
0x00007ff961d90000 - 0x00007ff961d98000 	C:\Xilinx\SDK\2016.4\lib\win64.o\librdi_target_manager.dll
0x00007ff94bf60000 - 0x00007ff94bf76000 	C:\Xilinx\SDK\2016.4\eclipse\win64.o\plugins\org.eclipse.cdt.core.win32.x86_64_5.4.0.201509131935\os\win32\x86_64\spawner.dll
0x00007ff90cd10000 - 0x00007ff90d520000 	C:\Xilinx\SDK\2016.4\lib\win64.o\libXil_lmgr11FNP.dll
0x00007ff973bf0000 - 0x00007ff974019000 	C:\WINDOWS\System32\SETUPAPI.dll
0x00007ff961440000 - 0x00007ff96144c000 	C:\WINDOWS\SYSTEM32\snmpapi.dll
0x00007ff96f320000 - 0x00007ff96f348000 	C:\WINDOWS\SYSTEM32\DEVOBJ.dll
0x00007ff970450000 - 0x00007ff97047c000 	C:\WINDOWS\SYSTEM32\SspiCli.dll

VM Arguments:
jvm_args: -Dcom.xilinx.sdk.args.hwspec=C:/Users/Utilizador/Desktop/Universidade/4_ano/2_semestre/CR/Projeto/ProjetoFinal/MP_ToDisplays/MP_ToDisplays.sdk/DebUART_wrapper.hdf -Xms64m -Xmx512m & 
java_command: <unknown>
java_class_path (initial): C:\Xilinx\SDK\2016.4\eclipse\win64.o\\plugins/org.eclipse.equinox.launcher_1.3.100.v20150511-1540.jar
Launcher Type: generic

Environment Variables:
JAVA_HOME=C:\Program Files\Java\jdk1.8.0_101
PATH=C:/Xilinx/SDK/2016.4/tps/win64/jre/bin/server;C:/Xilinx/SDK/2016.4/tps/win64/jre/bin;C:/Xilinx/SDK/2016.4/tps/win64/jre/lib/amd64;C:\Xilinx\SDK\2016.4\gnuwin\bin;C:\Xilinx\SDK\2016.4\gnu\microblaze\nt\bin;C:\Xilinx\SDK\2016.4\gnu\microblaze\linux_toolchain\nt64_le\bin;C:\Xilinx\SDK\2016.4\gnu\microblaze\linux_toolchain\nt64_be\bin;C:\Xilinx\SDK\2016.4\gnu\arm\nt\bin;C:\Xilinx\SDK\2016.4\gnu\aarch64\nt\aarch64-none\bin;C:\Xilinx\SDK\2016.4\gnu\aarch64\nt\aarch64-linux\bin;C:\Xilinx\SDK\2016.4\gnu\armr5\nt\gcc-arm-none-eabi\bin;C:\Xilinx\SDK\2016.4\gnu\aarch32\nt\gcc-arm-none-eabi\bin;C:\Xilinx\SDK\2016.4\gnu\aarch32\nt\gcc-arm-linux-gnueabi\bin;C:\Xilinx\SDK\2016.4\tps\win64\cmake-3.3.2\bin;;C:\Xilinx\SDK\2016.4\bin;C:\Xilinx\SDK\2016.4\lib\win64.o;C:\Xilinx\SDK\2016.4\tps\win64\jre\bin\server;C:\Xilinx\SDK\2016.4\tps\win64\jre\bin;C:\Xilinx\Vivado\2016.4\ids_lite\ISE\bin\nt64;C:\Xilinx\Vivado\2016.4\ids_lite\ISE\lib\nt64;C:\Xilinx\Vivado\2016.4\bin;C:\Xilinx\Vivado\2016.4\lib\win64.o;C:\Xilinx\Vivado\2016.4\tps\win64\jre\bin\server;C:\Xilinx\Vivado\2016.4\tps\win64\jre\bin;C:\Xilinx\Vivado_HLS\2016.4\bin;C:\WINDOWS\system32\Npcap;C:\Program Files\MATLAB\MATLAB Production Server\R2015a\runtime\win64;C:\Program Files\MATLAB\MATLAB Production Server\R2015a\bin;C:\Program Files\MATLAB\MATLAB Production Server\R2015a\polyspace\bin;C:\Program Files\PuTTY\;c:\Program Files\Intel\WiFi\bin\;c:\Program Files\Common Files\Intel\WirelessCommon\;C:\Users\Utilizador\AppData\Roaming\npm;C:\Users\Utilizador\AppData\Local\Microsoft\WindowsApps;C:\Python27;C:\Program Files\Java\jdk1.8.0_101\bin;C:\Program Files\NetBeans 8.2\java\maven\bin;C:\Users\Utilizador\Desktop\Universidade\4_ano\2_semestre\CR\Projeto\ProjetoFinal\MP_ToDisplays;
USERNAME=Utilizador
OS=Windows_NT
PROCESSOR_IDENTIFIER=Intel64 Family 6 Model 60 Stepping 3, GenuineIntel



---------------  S Y S T E M  ---------------

OS: Windows 10.0 , 64 bit Build 14393 (10.0.14393.1198)

CPU:total 8 (4 cores per cpu, 2 threads per core) family 6 model 60 stepping 3, cmov, cx8, fxsr, mmx, sse, sse2, sse3, ssse3, sse4.1, sse4.2, popcnt, avx, avx2, aes, clmul, erms, lzcnt, ht, tsc, tscinvbit, bmi1, bmi2

Memory: 4k page, physical 8319000k(2336504k free), swap 12976516k(5310224k free)

vm_info: Java HotSpot(TM) 64-Bit Server VM (25.66-b18) for windows-amd64 JRE (1.8.0_66-b18), built on Nov  9 2015 10:51:13 by "java_re" with MS VC++ 10.0 (VS2010)

time: Fri May 26 10:47:55 2017
elapsed time: 605 seconds (0d 0h 10m 5s)

