#
# A fatal error has been detected by the Java Runtime Environment:
#
#  EXCEPTION_UNCAUGHT_CXX_EXCEPTION (0xe06d7363) at pc=0x00007ff970f23c58, pid=10068, tid=15688
#
# JRE version: Java(TM) SE Runtime Environment (8.0_66-b18) (build 1.8.0_66-b18)
# Java VM: Java HotSpot(TM) 64-Bit Server VM (25.66-b18 mixed mode windows-amd64 compressed oops)
# Problematic frame:
# C  [KERNELBASE.dll+0x33c58]
#
# Failed to write core dump. Minidumps are not enabled by default on client versions of Windows
#
# If you would like to submit a bug report, please visit:
#   http://bugreport.java.com/bugreport/crash.jsp
#

---------------  T H R E A D  ---------------

Current thread (0x0000000013d09000):  VMThread [stack: 0x00000000159e0000,0x0000000015ae0000] [id=15688]

siginfo: ExceptionCode=0xe06d7363, ExceptionInformation=0x0000000019930520 0x0000000015adf448 0x00007ff964d62cb8 0x00007ff964cb0000 

Registers:
RAX=0x004c0044002e006c, RBX=0x00007ff964d62cb8, RCX=0x0000000000001bf8, RDX=0x0000000000000000
RSP=0x0000000015adf290, RBP=0x0000000015adf3d0, RSI=0x00000000ffffffff, RDI=0x0000000026efee00
R8 =0x0000000020d50790, R9 =0x0000000000000000, R10=0x0000000000000000, R11=0x0000000000000000
R12=0x0000000000000001, R13=0x0000000000000008, R14=0x0000000000000000, R15=0xffffffffffffffff
RIP=0x00007ff970f23c58, EFLAGS=0x0000000000000202

Top of Stack: (sp=0x0000000015adf290)
0x0000000015adf290:   0000000000000000 00007ff964d62cb8
0x0000000015adf2a0:   00000000ffffffff 0000000026efee00
0x0000000015adf2b0:   00000001e06d7363 0000000000000000
0x0000000015adf2c0:   00007ff970f23c58 00007ff900000004
0x0000000015adf2d0:   0000000019930520 0000000015adf448
0x0000000015adf2e0:   00007ff964d62cb8 00007ff964cb0000
0x0000000015adf2f0:   0000000000000008 0000000000000001
0x0000000015adf300:   0000000026efee00 00000000ffffffff
0x0000000015adf310:   0000000015adf3d0 00007ff9743cc26f
0x0000000015adf320:   0000000015adf3e0 0000000000000000
0x0000000015adf330:   0000626a00d6d7bc 0000000000000001
0x0000000015adf340:   00007ff964d79000 00007ff964cb0000
0x0000000015adf350:   00006a8cb00919b6 0000000015adf580
0x0000000015adf360:   00007ff964d62cb8 00007ff964d0e92c
0x0000000015adf370:   000000000000001f 0000000000000008
0x0000000015adf380:   0000000000000001 0000000026efee00 

Instructions: (pc=0x00007ff970f23c58)
0x00007ff970f23c38:   49 8b d1 44 0f 47 c0 44 89 44 24 38 49 c1 e0 03
0x00007ff970f23c48:   e8 47 90 04 00 48 8d 4c 24 20 ff 15 a0 44 11 00
0x00007ff970f23c58:   48 8b 8c 24 c0 00 00 00 48 33 cc e8 d8 55 04 00
0x00007ff970f23c68:   48 81 c4 d8 00 00 00 c3 83 64 24 38 00 eb d6 cc 


Register to memory mapping:

RAX=0x004c0044002e006c is an unknown value
RBX=0x00007ff964d62cb8 is an unknown value
RCX=0x0000000000001bf8 is an unknown value
RDX=0x0000000000000000 is an unknown value
RSP=0x0000000015adf290 is an unknown value
RBP=0x0000000015adf3d0 is an unknown value
RSI=0x00000000ffffffff is an unallocated location in the heap
RDI=0x0000000026efee00 is an unknown value
R8 =0x0000000020d50790 is an unknown value
R9 =0x0000000000000000 is an unknown value
R10=0x0000000000000000 is an unknown value
R11=0x0000000000000000 is an unknown value
R12=0x0000000000000001 is an unknown value
R13=0x0000000000000008 is an unknown value
R14=0x0000000000000000 is an unknown value
R15=0xffffffffffffffff is an unknown value


Stack: [0x00000000159e0000,0x0000000015ae0000],  sp=0x0000000015adf290,  free space=1020k
Native frames: (J=compiled Java code, j=interpreted, Vv=VM code, C=native code)
C  [KERNELBASE.dll+0x33c58]
C  [MSVCR110.dll+0x5e92c]
C  [MSVCR110.dll+0x1315c]
C  [MSVCR110.dll+0x136a9]
C  [MSVCR110.dll+0x13e9c]
C  [MSVCR110.dll+0x239e]
C  [MSVCR110.dll+0xaf9e]
C  [MSVCP110.dll+0x397b9]
C  [librdi_common.dll+0x183a66]
C  [librdi_common.dll+0x1826fb]
C  [librdi_target_manager.dll+0x2400]
C  [librdi_target_manager.dll+0x2682]
C  [ntdll.dll+0x2a35f]
C  [ntdll.dll+0x806b]
C  [ntdll.dll+0x7d94]
C  [KERNEL32.DLL+0x1ce6a]
C  [MSVCR100.dll+0x20ccd]
V  [jvm.dll+0x210cc5]
V  [jvm.dll+0x249897]
V  [jvm.dll+0x248b36]
V  [jvm.dll+0x248fd1]
V  [jvm.dll+0x2491ee]
V  [jvm.dll+0x29a0fa]
C  [MSVCR100.dll+0x21d9f]
C  [MSVCR100.dll+0x21e3b]
C  [KERNEL32.DLL+0x8364]
C  [ntdll.dll+0x670d1]

VM_Operation (0x000000000014f4c0): Exit, mode: safepoint, requested by thread 0x000000000249e800


---------------  P R O C E S S  ---------------

Java Threads: ( => current thread )
  0x000000001cef7800 JavaThread "pool-2-thread-10" [_thread_blocked, id=8236, stack(0x000000004b0e0000,0x000000004b1e0000)]
  0x000000001cef9000 JavaThread "pool-2-thread-9" [_thread_blocked, id=14140, stack(0x00000000496e0000,0x00000000497e0000)]
  0x000000001cef8800 JavaThread "pool-2-thread-8" [_thread_blocked, id=17324, stack(0x0000000047de0000,0x0000000047ee0000)]
  0x000000001cef1000 JavaThread "pool-2-thread-7" [_thread_blocked, id=14228, stack(0x0000000045ee0000,0x0000000045fe0000)]
  0x000000001ceef800 JavaThread "pool-2-thread-6" [_thread_blocked, id=6816, stack(0x00000000444e0000,0x00000000445e0000)]
  0x000000001cef0000 JavaThread "pool-2-thread-5" [_thread_blocked, id=11208, stack(0x0000000042de0000,0x0000000042ee0000)]
  0x000000001cef7000 JavaThread "pool-2-thread-4" [_thread_blocked, id=15832, stack(0x00000000416e0000,0x00000000417e0000)]
  0x000000001cef4800 JavaThread "pool-2-thread-3" [_thread_blocked, id=9652, stack(0x000000003d3e0000,0x000000003d4e0000)]
  0x000000001cef4000 JavaThread "pool-2-thread-2" [_thread_blocked, id=14016, stack(0x00000000384e0000,0x00000000385e0000)]
  0x000000001ceeb000 JavaThread "pool-2-thread-1" [_thread_blocked, id=9224, stack(0x0000000033ae0000,0x0000000033be0000)]
  0x000000001ceee800 JavaThread "Thread-117" daemon [_thread_blocked, id=8288, stack(0x00000000338e0000,0x00000000339e0000)]
  0x0000000016141800 JavaThread "TCF Channel Transmitter" daemon [_thread_blocked, id=11796, stack(0x00000000274e0000,0x00000000275e0000)]
  0x0000000016145800 JavaThread "TCF Channel Receiver" daemon [_thread_in_native, id=18364, stack(0x0000000027150000,0x0000000027250000)]
  0x0000000016141000 JavaThread "Process monitor" daemon [_thread_in_native, id=13436, stack(0x00000000266e0000,0x00000000267e0000)]
  0x0000000016144000 JavaThread "Input Stream Monitor" daemon [_thread_blocked, id=12488, stack(0x0000000026400000,0x0000000026500000)]
  0x0000000016142800 JavaThread "Output Stream Monitor" daemon [_thread_in_native, id=17840, stack(0x0000000026300000,0x0000000026400000)]
  0x0000000016144800 JavaThread "Output Stream Monitor" daemon [_thread_in_native, id=7548, stack(0x0000000026200000,0x0000000026300000)]
  0x000000001613e800 JavaThread "TCF Locator DNS Lookup" daemon [_thread_blocked, id=12948, stack(0x0000000024ca0000,0x0000000024da0000)]
  0x000000001613c800 JavaThread "TCF Locator Timer" daemon [_thread_blocked, id=11480, stack(0x0000000024ba0000,0x0000000024ca0000)]
  0x0000000018c5f800 JavaThread "TCF Locator Receiver" daemon [_thread_in_native, id=9672, stack(0x0000000024aa0000,0x0000000024ba0000)]
  0x0000000018c5e000 JavaThread "TCF Timer Dispatcher" daemon [_thread_blocked, id=11244, stack(0x00000000248a0000,0x00000000249a0000)]
  0x0000000016fd6000 JavaThread "EMF Reference Cleaner" daemon [_thread_blocked, id=6860, stack(0x000000001a2c0000,0x000000001a3c0000)]
  0x0000000015eb8000 JavaThread "Service Thread" daemon [_thread_blocked, id=8736, stack(0x00000000167e0000,0x00000000168e0000)]
  0x0000000015e25800 JavaThread "C1 CompilerThread3" daemon [_thread_blocked, id=4936, stack(0x00000000166e0000,0x00000000167e0000)]
  0x0000000015e11800 JavaThread "C2 CompilerThread2" daemon [_thread_blocked, id=7328, stack(0x00000000165e0000,0x00000000166e0000)]
  0x0000000015e10800 JavaThread "C2 CompilerThread1" daemon [_thread_blocked, id=18132, stack(0x00000000164e0000,0x00000000165e0000)]
  0x0000000015e0e800 JavaThread "C2 CompilerThread0" daemon [_thread_blocked, id=500, stack(0x00000000163e0000,0x00000000164e0000)]
  0x0000000015e0b800 JavaThread "Attach Listener" daemon [_thread_blocked, id=18120, stack(0x00000000162e0000,0x00000000163e0000)]
  0x0000000015e0a800 JavaThread "Signal Dispatcher" daemon [_thread_blocked, id=11848, stack(0x00000000161e0000,0x00000000162e0000)]
  0x000000000246a800 JavaThread "Finalizer" daemon [_thread_blocked, id=11976, stack(0x0000000015be0000,0x0000000015ce0000)]
  0x0000000013d0d000 JavaThread "Reference Handler" daemon [_thread_blocked, id=7212, stack(0x0000000015ae0000,0x0000000015be0000)]
  0x000000000249e800 JavaThread "main" [_thread_blocked, id=6688, stack(0x0000000000050000,0x0000000000150000)]

Other Threads:
=>0x0000000013d09000 VMThread [stack: 0x00000000159e0000,0x0000000015ae0000] [id=15688]

VM state:at safepoint (shutting down)

VM Mutex/Monitor currently owned by a thread:  ([mutex/lock_event])
[0x000000000249d7f0] Threads_lock - owner thread: 0x0000000013d09000

Heap:
 PSYoungGen      total 84480K, used 29504K [0x00000000f5580000, 0x00000000fad80000, 0x0000000100000000)
  eden space 79872K, 34% used [0x00000000f5580000,0x00000000f70905f0,0x00000000fa380000)
  from space 4608K, 38% used [0x00000000fa900000,0x00000000faabfc60,0x00000000fad80000)
  to   space 5120K, 0% used [0x00000000fa380000,0x00000000fa380000,0x00000000fa880000)
 ParOldGen       total 121344K, used 46711K [0x00000000e0000000, 0x00000000e7680000, 0x00000000f5580000)
  object space 121344K, 38% used [0x00000000e0000000,0x00000000e2d9dfb8,0x00000000e7680000)
 Metaspace       used 88547K, capacity 95742K, committed 95920K, reserved 1132544K
  class space    used 10214K, capacity 12433K, committed 12464K, reserved 1048576K

Card table byte_map: [0x0000000011860000,0x0000000011970000] byte_map_base: 0x0000000011160000

Marking Bits: (ParMarkBitMap*) 0x0000000058e3a5b0
 Begin Bits: [0x0000000012220000, 0x0000000012a20000)
 End Bits:   [0x0000000012a20000, 0x0000000013220000)

Polling page: 0x0000000001e90000

CodeCache: size=245760Kb used=50754Kb max_used=50882Kb free=195005Kb
 bounds [0x00000000024a0000, 0x00000000056b0000, 0x00000000114a0000]
 total_blobs=14208 nmethods=13318 adapters=797
 compilation: enabled

Compilation events (10 events):
Event: 1724.495 Thread 0x0000000015e25800 nmethod 16855 0x00000000045b93d0 code [0x00000000045b9560, 0x00000000045b9c88]
Event: 1724.495 Thread 0x0000000015e25800 16864       3       org.eclipse.osgi.internal.framework.EquinoxContainerAdaptor::clearManifestCache (84 bytes)
Event: 1724.497 Thread 0x0000000015e25800 nmethod 16864 0x0000000004b04410 code [0x0000000004b04660, 0x0000000004b05d78]
Event: 1724.497 Thread 0x0000000015e25800 16865   !   3       org.eclipse.osgi.storage.BundleInfo$Generation::clearManifestCache (30 bytes)
Event: 1724.498 Thread 0x0000000015e25800 nmethod 16865 0x0000000004b03950 code [0x0000000004b03ae0, 0x0000000004b04128]
Event: 1724.498 Thread 0x0000000015e25800 16859       3       java.util.concurrent.atomic.AtomicReference::getAndSet (12 bytes)
Event: 1724.498 Thread 0x0000000015e25800 nmethod 16859 0x0000000003021e50 code [0x0000000003021fa0, 0x0000000003022110]
Event: 1724.498 Thread 0x0000000015e25800 16860       3       sun.misc.Unsafe::getAndSetObject (24 bytes)
Event: 1724.498 Thread 0x0000000015e25800 nmethod 16860 0x0000000004a17910 code [0x0000000004a17a80, 0x0000000004a17c90]
Event: 1724.498 Thread 0x0000000015e25800 16861       3       org.eclipse.osgi.internal.framework.EquinoxContainerAdaptor::invalidateWiring (186 bytes)

GC Heap History (10 events):
Event: 1640.934 GC heap before
{Heap before GC invocations=67 (full 22):
 PSYoungGen      total 84480K, used 78848K [0x00000000f5580000, 0x00000000fae80000, 0x0000000100000000)
  eden space 78848K, 100% used [0x00000000f5580000,0x00000000fa280000,0x00000000fa280000)
  from space 5632K, 0% used [0x00000000fa900000,0x00000000fa900000,0x00000000fae80000)
  to   space 6144K, 0% used [0x00000000fa280000,0x00000000fa280000,0x00000000fa880000)
 ParOldGen       total 121344K, used 46592K [0x00000000e0000000, 0x00000000e7680000, 0x00000000f5580000)
  object space 121344K, 38% used [0x00000000e0000000,0x00000000e2d801e0,0x00000000e7680000)
 Metaspace       used 87483K, capacity 94840K, committed 95024K, reserved 1132544K
  class space    used 10111K, capacity 12303K, committed 12336K, reserved 1048576K
Event: 1640.938 GC heap after
Heap after GC invocations=67 (full 22):
 PSYoungGen      total 84992K, used 2274K [0x00000000f5580000, 0x00000000faf00000, 0x0000000100000000)
  eden space 78848K, 0% used [0x00000000f5580000,0x00000000f5580000,0x00000000fa280000)
  from space 6144K, 37% used [0x00000000fa280000,0x00000000fa4b8ba0,0x00000000fa880000)
  to   space 6144K, 0% used [0x00000000fa900000,0x00000000fa900000,0x00000000faf00000)
 ParOldGen       total 121344K, used 46600K [0x00000000e0000000, 0x00000000e7680000, 0x00000000f5580000)
  object space 121344K, 38% used [0x00000000e0000000,0x00000000e2d821e0,0x00000000e7680000)
 Metaspace       used 87483K, capacity 94840K, committed 95024K, reserved 1132544K
  class space    used 10111K, capacity 12303K, committed 12336K, reserved 1048576K
}
Event: 1645.922 GC heap before
{Heap before GC invocations=68 (full 22):
 PSYoungGen      total 84992K, used 17048K [0x00000000f5580000, 0x00000000faf00000, 0x0000000100000000)
  eden space 78848K, 18% used [0x00000000f5580000,0x00000000f63ed788,0x00000000fa280000)
  from space 6144K, 37% used [0x00000000fa280000,0x00000000fa4b8ba0,0x00000000fa880000)
  to   space 6144K, 0% used [0x00000000fa900000,0x00000000fa900000,0x00000000faf00000)
 ParOldGen       total 121344K, used 46600K [0x00000000e0000000, 0x00000000e7680000, 0x00000000f5580000)
  object space 121344K, 38% used [0x00000000e0000000,0x00000000e2d821e0,0x00000000e7680000)
 Metaspace       used 87502K, capacity 94840K, committed 95024K, reserved 1132544K
  class space    used 10111K, capacity 12303K, committed 12336K, reserved 1048576K
Event: 1645.926 GC heap after
Heap after GC invocations=68 (full 22):
 PSYoungGen      total 84480K, used 2265K [0x00000000f5580000, 0x00000000fae00000, 0x0000000100000000)
  eden space 79360K, 0% used [0x00000000f5580000,0x00000000f5580000,0x00000000fa300000)
  from space 5120K, 44% used [0x00000000fa900000,0x00000000fab367f0,0x00000000fae00000)
  to   space 5632K, 0% used [0x00000000fa300000,0x00000000fa300000,0x00000000fa880000)
 ParOldGen       total 121344K, used 46600K [0x00000000e0000000, 0x00000000e7680000, 0x00000000f5580000)
  object space 121344K, 38% used [0x00000000e0000000,0x00000000e2d821e0,0x00000000e7680000)
 Metaspace       used 87502K, capacity 94840K, committed 95024K, reserved 1132544K
  class space    used 10111K, capacity 12303K, committed 12336K, reserved 1048576K
}
Event: 1645.926 GC heap before
{Heap before GC invocations=69 (full 23):
 PSYoungGen      total 84480K, used 2265K [0x00000000f5580000, 0x00000000fae00000, 0x0000000100000000)
  eden space 79360K, 0% used [0x00000000f5580000,0x00000000f5580000,0x00000000fa300000)
  from space 5120K, 44% used [0x00000000fa900000,0x00000000fab367f0,0x00000000fae00000)
  to   space 5632K, 0% used [0x00000000fa300000,0x00000000fa300000,0x00000000fa880000)
 ParOldGen       total 121344K, used 46600K [0x00000000e0000000, 0x00000000e7680000, 0x00000000f5580000)
  object space 121344K, 38% used [0x00000000e0000000,0x00000000e2d821e0,0x00000000e7680000)
 Metaspace       used 87502K, capacity 94840K, committed 95024K, reserved 1132544K
  class space    used 10111K, capacity 12303K, committed 12336K, reserved 1048576K
Event: 1646.048 GC heap after
Heap after GC invocations=69 (full 23):
 PSYoungGen      total 84480K, used 0K [0x00000000f5580000, 0x00000000fae00000, 0x0000000100000000)
  eden space 79360K, 0% used [0x00000000f5580000,0x00000000f5580000,0x00000000fa300000)
  from space 5120K, 0% used [0x00000000fa900000,0x00000000fa900000,0x00000000fae00000)
  to   space 5632K, 0% used [0x00000000fa300000,0x00000000fa300000,0x00000000fa880000)
 ParOldGen       total 121344K, used 46703K [0x00000000e0000000, 0x00000000e7680000, 0x00000000f5580000)
  object space 121344K, 38% used [0x00000000e0000000,0x00000000e2d9bfb8,0x00000000e7680000)
 Metaspace       used 87502K, capacity 94840K, committed 95024K, reserved 1132544K
  class space    used 10111K, capacity 12303K, committed 12336K, reserved 1048576K
}
Event: 1704.513 GC heap before
{Heap before GC invocations=70 (full 23):
 PSYoungGen      total 84480K, used 79360K [0x00000000f5580000, 0x00000000fae00000, 0x0000000100000000)
  eden space 79360K, 100% used [0x00000000f5580000,0x00000000fa300000,0x00000000fa300000)
  from space 5120K, 0% used [0x00000000fa900000,0x00000000fa900000,0x00000000fae00000)
  to   space 5632K, 0% used [0x00000000fa300000,0x00000000fa300000,0x00000000fa880000)
 ParOldGen       total 121344K, used 46703K [0x00000000e0000000, 0x00000000e7680000, 0x00000000f5580000)
  object space 121344K, 38% used [0x00000000e0000000,0x00000000e2d9bfb8,0x00000000e7680000)
 Metaspace       used 87605K, capacity 94840K, committed 95024K, reserved 1132544K
  class space    used 10111K, capacity 12303K, committed 12336K, reserved 1048576K
Event: 1704.516 GC heap after
Heap after GC invocations=70 (full 23):
 PSYoungGen      total 84992K, used 1191K [0x00000000f5580000, 0x00000000fae80000, 0x0000000100000000)
  eden space 79360K, 0% used [0x00000000f5580000,0x00000000f5580000,0x00000000fa300000)
  from space 5632K, 21% used [0x00000000fa300000,0x00000000fa429c80,0x00000000fa880000)
  to   space 5632K, 0% used [0x00000000fa900000,0x00000000fa900000,0x00000000fae80000)
 ParOldGen       total 121344K, used 46703K [0x00000000e0000000, 0x00000000e7680000, 0x00000000f5580000)
  object space 121344K, 38% used [0x00000000e0000000,0x00000000e2d9bfb8,0x00000000e7680000)
 Metaspace       used 87605K, capacity 94840K, committed 95024K, reserved 1132544K
  class space    used 10111K, capacity 12303K, committed 12336K, reserved 1048576K
}
Event: 1722.774 GC heap before
{Heap before GC invocations=71 (full 23):
 PSYoungGen      total 84992K, used 80551K [0x00000000f5580000, 0x00000000fae80000, 0x0000000100000000)
  eden space 79360K, 100% used [0x00000000f5580000,0x00000000fa300000,0x00000000fa300000)
  from space 5632K, 21% used [0x00000000fa300000,0x00000000fa429c80,0x00000000fa880000)
  to   space 5632K, 0% used [0x00000000fa900000,0x00000000fa900000,0x00000000fae80000)
 ParOldGen       total 121344K, used 46703K [0x00000000e0000000, 0x00000000e7680000, 0x00000000f5580000)
  object space 121344K, 38% used [0x00000000e0000000,0x00000000e2d9bfb8,0x00000000e7680000)
 Metaspace       used 87823K, capacity 94938K, committed 95152K, reserved 1132544K
  class space    used 10129K, capacity 12337K, committed 12464K, reserved 1048576K
Event: 1722.778 GC heap after
Heap after GC invocations=71 (full 23):
 PSYoungGen      total 84480K, used 1791K [0x00000000f5580000, 0x00000000fad80000, 0x0000000100000000)
  eden space 79872K, 0% used [0x00000000f5580000,0x00000000f5580000,0x00000000fa380000)
  from space 4608K, 38% used [0x00000000fa900000,0x00000000faabfc60,0x00000000fad80000)
  to   space 5120K, 0% used [0x00000000fa380000,0x00000000fa380000,0x00000000fa880000)
 ParOldGen       total 121344K, used 46711K [0x00000000e0000000, 0x00000000e7680000, 0x00000000f5580000)
  object space 121344K, 38% used [0x00000000e0000000,0x00000000e2d9dfb8,0x00000000e7680000)
 Metaspace       used 87823K, capacity 94938K, committed 95152K, reserved 1132544K
  class space    used 10129K, capacity 12337K, committed 12464K, reserved 1048576K
}

Deoptimization events (10 events):
Event: 1724.459 Thread 0x0000000016143000 Uncommon trap: reason=unstable_if action=reinterpret pc=0x00000000050a78a4 method=org.eclipse.core.internal.jobs.WorkerPool.startJob(Lorg/eclipse/core/internal/jobs/Worker;)Lorg/eclipse/core/internal/jobs/InternalJob; @ 177
Event: 1724.459 Thread 0x000000001cef6000 Uncommon trap: reason=unstable_if action=reinterpret pc=0x00000000050a78a4 method=org.eclipse.core.internal.jobs.WorkerPool.startJob(Lorg/eclipse/core/internal/jobs/Worker;)Lorg/eclipse/core/internal/jobs/InternalJob; @ 177
Event: 1724.459 Thread 0x0000000016146800 Uncommon trap: reason=unstable_if action=reinterpret pc=0x00000000050a78a4 method=org.eclipse.core.internal.jobs.WorkerPool.startJob(Lorg/eclipse/core/internal/jobs/Worker;)Lorg/eclipse/core/internal/jobs/InternalJob; @ 177
Event: 1724.459 Thread 0x0000000018c63000 Uncommon trap: reason=unstable_if action=reinterpret pc=0x00000000050a78a4 method=org.eclipse.core.internal.jobs.WorkerPool.startJob(Lorg/eclipse/core/internal/jobs/Worker;)Lorg/eclipse/core/internal/jobs/InternalJob; @ 177
Event: 1724.459 Thread 0x000000001614a000 Uncommon trap: reason=unstable_if action=reinterpret pc=0x00000000050a78a4 method=org.eclipse.core.internal.jobs.WorkerPool.startJob(Lorg/eclipse/core/internal/jobs/Worker;)Lorg/eclipse/core/internal/jobs/InternalJob; @ 177
Event: 1724.459 Thread 0x000000001613b800 Uncommon trap: reason=unstable_if action=reinterpret pc=0x00000000050a78a4 method=org.eclipse.core.internal.jobs.WorkerPool.startJob(Lorg/eclipse/core/internal/jobs/Worker;)Lorg/eclipse/core/internal/jobs/InternalJob; @ 177
Event: 1724.459 Thread 0x000000001cef3000 Uncommon trap: reason=unstable_if action=reinterpret pc=0x00000000050a78a4 method=org.eclipse.core.internal.jobs.WorkerPool.startJob(Lorg/eclipse/core/internal/jobs/Worker;)Lorg/eclipse/core/internal/jobs/InternalJob; @ 177
Event: 1724.459 Thread 0x000000001614b000 Uncommon trap: reason=unstable_if action=reinterpret pc=0x00000000050a78a4 method=org.eclipse.core.internal.jobs.WorkerPool.startJob(Lorg/eclipse/core/internal/jobs/Worker;)Lorg/eclipse/core/internal/jobs/InternalJob; @ 177
Event: 1724.459 Thread 0x0000000016149800 Uncommon trap: reason=unstable_if action=reinterpret pc=0x00000000050a78a4 method=org.eclipse.core.internal.jobs.WorkerPool.startJob(Lorg/eclipse/core/internal/jobs/Worker;)Lorg/eclipse/core/internal/jobs/InternalJob; @ 177
Event: 1724.482 Thread 0x000000001613d000 Uncommon trap: reason=unstable_if action=reinterpret pc=0x00000000034a9240 method=sun.reflect.UnsafeStaticObjectFieldAccessorImpl.set(Ljava/lang/Object;Ljava/lang/Object;)V @ 13

Internal exceptions (10 events):
Event: 1723.686 Thread 0x000000000249e800 Exception <a 'java/io/FileNotFoundException'> (0x00000000f64de600) thrown at [C:\re\workspace\8-2-build-windows-amd64-cygwin\jdk8u66\5298\hotspot\src\share\vm\prims\jni.cpp, line 709]
Event: 1723.701 Thread 0x000000000249e800 Implicit null exception at 0x0000000002ae49ed to 0x0000000002ae7591
Event: 1723.749 Thread 0x000000001ceeb800 Exception <a 'java/lang/InterruptedException'> (0x00000000f69e76a8) thrown at [C:\re\workspace\8-2-build-windows-amd64-cygwin\jdk8u66\5298\hotspot\src\share\vm\runtime\objectMonitor.cpp, line 1683]
Event: 1724.436 Thread 0x000000001613d000 Implicit null exception at 0x0000000002cab7e4 to 0x0000000002cac029
Event: 1724.436 Thread 0x000000001613d000 Exception <a 'java/lang/NullPointerException'> (0x00000000f6d3dc68) thrown at [C:\re\workspace\8-2-build-windows-amd64-cygwin\jdk8u66\5298\hotspot\src\share\vm\prims\jvm.cpp, line 1390]
Event: 1724.458 Thread 0x0000000018c62800 Exception <a 'java/lang/InterruptedException'> (0x00000000f6539e80) thrown at [C:\re\workspace\8-2-build-windows-amd64-cygwin\jdk8u66\5298\hotspot\src\share\vm\runtime\objectMonitor.cpp, line 1683]
Event: 1724.482 Thread 0x000000001613d000 Implicit null exception at 0x00000000034a8ef7 to 0x00000000034a922d
Event: 1724.483 Thread 0x0000000017a3b800 Exception <a 'java/lang/InterruptedException'> (0x00000000f6e76318) thrown at [C:\re\workspace\8-2-build-windows-amd64-cygwin\jdk8u66\5298\hotspot\src\share\vm\runtime\objectMonitor.cpp, line 1683]
Event: 1724.490 Thread 0x0000000018c61800 Exception <a 'java/lang/InterruptedException'> (0x00000000f5e91ae0) thrown at [C:\re\workspace\8-2-build-windows-amd64-cygwin\jdk8u66\5298\hotspot\src\share\vm\runtime\objectMonitor.cpp, line 1683]
Event: 1724.490 Thread 0x0000000017d7b000 Exception <a 'java/lang/InterruptedException'> (0x00000000f702e908) thrown at [C:\re\workspace\8-2-build-windows-amd64-cygwin\jdk8u66\5298\hotspot\src\share\vm\runtime\objectMonitor.cpp, line 1683]

Events (10 events):
Event: 1724.492 Thread 0x0000000015e25800 flushing nmethod 0x0000000005528510
Event: 1724.492 Thread 0x0000000015e25800 flushing nmethod 0x0000000005536190
Event: 1724.494 Thread 0x000000001613d000 Thread exited: 0x000000001613d000
Event: 1724.496 loading class java/util/IdentityHashMap$KeyIterator
Event: 1724.496 loading class java/util/IdentityHashMap$IdentityHashMapIterator
Event: 1724.496 loading class java/util/IdentityHashMap$IdentityHashMapIterator done
Event: 1724.496 loading class java/util/IdentityHashMap$KeyIterator done
Event: 1724.496 Thread 0x0000000016140000 Thread added: 0x0000000016140000
Event: 1724.498 Thread 0x0000000016140000 Thread exited: 0x0000000016140000
Event: 1724.499 Executing VM operation: Exit


Dynamic libraries:
0x0000000000400000 - 0x000000000044f000 	C:\Xilinx\SDK\2016.4\eclipse\win64.o\eclipse.exe
0x00007ff974380000 - 0x00007ff974551000 	C:\WINDOWS\SYSTEM32\ntdll.dll
0x00007ff973360000 - 0x00007ff97340c000 	C:\WINDOWS\System32\KERNEL32.DLL
0x00007ff9676b0000 - 0x00007ff967704000 	C:\Program Files (x86)\AVG\Av\avghooka.dll
0x00007ff970ef0000 - 0x00007ff97110d000 	C:\WINDOWS\System32\KERNELBASE.dll
0x00007ff96ed80000 - 0x00007ff96edfa000 	C:\WINDOWS\system32\apphelp.dll
0x00007ff973700000 - 0x00007ff973865000 	C:\WINDOWS\System32\USER32.dll
0x00007ff970c70000 - 0x00007ff970c8e000 	C:\WINDOWS\System32\win32u.dll
0x00007ff9738e0000 - 0x00007ff973914000 	C:\WINDOWS\System32\GDI32.dll
0x00007ff970870000 - 0x00007ff9709f2000 	C:\WINDOWS\System32\gdi32full.dll
0x00007ff9742d0000 - 0x00007ff97436e000 	C:\WINDOWS\System32\msvcrt.dll
0x00007ff963b10000 - 0x00007ff963d8a000 	C:\WINDOWS\WinSxS\amd64_microsoft.windows.common-controls_6595b64144ccf1df_6.0.14393.953_none_42151e83c686086b\COMCTL32.dll
0x00007ff973920000 - 0x00007ff973be8000 	C:\WINDOWS\System32\combase.dll
0x00007ff970d40000 - 0x00007ff970e35000 	C:\WINDOWS\System32\ucrtbase.dll
0x00007ff973130000 - 0x00007ff973251000 	C:\WINDOWS\System32\RPCRT4.dll
0x00007ff971160000 - 0x00007ff9711ca000 	C:\WINDOWS\System32\bcryptPrimitives.dll
0x00007ff973260000 - 0x00007ff97328e000 	C:\WINDOWS\System32\IMM32.DLL
0x0000000072000000 - 0x0000000072012000 	C:\Xilinx\SDK\2016.4\eclipse\win64.o\plugins\org.eclipse.equinox.launcher.win32.win32.x86_64_1.1.300.v20150602-1417\eclipse_1611.dll
0x00007ff973410000 - 0x00007ff9734b2000 	C:\WINDOWS\System32\ADVAPI32.dll
0x00007ff971910000 - 0x00007ff971969000 	C:\WINDOWS\System32\sechost.dll
0x00007ff962ad0000 - 0x00007ff962ada000 	C:\WINDOWS\SYSTEM32\VERSION.dll
0x00007ff96efc0000 - 0x00007ff96f055000 	C:\WINDOWS\system32\uxtheme.dll
0x00007ff974020000 - 0x00007ff97417a000 	C:\WINDOWS\System32\MSCTF.dll
0x00007ff973290000 - 0x00007ff97334f000 	C:\WINDOWS\System32\OLEAUT32.dll
0x00007ff970bd0000 - 0x00007ff970c6c000 	C:\WINDOWS\System32\msvcp_win.dll
0x0000000058630000 - 0x0000000058eb9000 	C:\Xilinx\SDK\2016.4\tps\win64\jre\bin\server\jvm.dll
0x00007ff973350000 - 0x00007ff973358000 	C:\WINDOWS\System32\PSAPI.DLL
0x00007ff966e50000 - 0x00007ff966e59000 	C:\WINDOWS\SYSTEM32\WSOCK32.dll
0x00007ff973870000 - 0x00007ff9738da000 	C:\WINDOWS\System32\WS2_32.dll
0x00007ff96eac0000 - 0x00007ff96eae3000 	C:\WINDOWS\SYSTEM32\WINMM.dll
0x000000005afc0000 - 0x000000005b092000 	C:\WINDOWS\SYSTEM32\MSVCR100.dll
0x00007ff96e920000 - 0x00007ff96e94b000 	C:\WINDOWS\SYSTEM32\WINMMBASE.dll
0x00007ff971110000 - 0x00007ff971152000 	C:\WINDOWS\System32\cfgmgr32.dll
0x0000000059f80000 - 0x0000000059f8f000 	C:\Xilinx\SDK\2016.4\tps\win64\jre\bin\verify.dll
0x0000000059a10000 - 0x0000000059a39000 	C:\Xilinx\SDK\2016.4\tps\win64\jre\bin\java.dll
0x00000000599f0000 - 0x0000000059a06000 	C:\Xilinx\SDK\2016.4\tps\win64\jre\bin\zip.dll
0x00007ff971c20000 - 0x00007ff973128000 	C:\WINDOWS\System32\SHELL32.dll
0x00007ff971230000 - 0x00007ff97190a000 	C:\WINDOWS\System32\windows.storage.dll
0x00007ff970820000 - 0x00007ff97086c000 	C:\WINDOWS\System32\powrprof.dll
0x00007ff9741f0000 - 0x00007ff974242000 	C:\WINDOWS\System32\shlwapi.dll
0x00007ff970810000 - 0x00007ff97081f000 	C:\WINDOWS\System32\kernel.appcore.dll
0x00007ff970c90000 - 0x00007ff970d39000 	C:\WINDOWS\System32\shcore.dll
0x00007ff9707f0000 - 0x00007ff970804000 	C:\WINDOWS\System32\profapi.dll
0x00007ff970260000 - 0x00007ff970277000 	C:\WINDOWS\SYSTEM32\CRYPTSP.dll
0x00007ff96fcb0000 - 0x00007ff96fce3000 	C:\WINDOWS\system32\rsaenh.dll
0x00007ff970720000 - 0x00007ff97074b000 	C:\WINDOWS\SYSTEM32\bcrypt.dll
0x00007ff96ff30000 - 0x00007ff96ff4f000 	C:\WINDOWS\SYSTEM32\USERENV.dll
0x00007ff970250000 - 0x00007ff97025b000 	C:\WINDOWS\SYSTEM32\CRYPTBASE.dll
0x00000000599d0000 - 0x00000000599ea000 	C:\Xilinx\SDK\2016.4\tps\win64\jre\bin\net.dll
0x00007ff9700b0000 - 0x00007ff97010c000 	C:\WINDOWS\system32\mswsock.dll
0x00007ff96fe30000 - 0x00007ff96fe68000 	C:\WINDOWS\SYSTEM32\IPHLPAPI.DLL
0x00007ff974370000 - 0x00007ff974378000 	C:\WINDOWS\System32\NSI.dll
0x00007ff96cc10000 - 0x00007ff96cc26000 	C:\WINDOWS\SYSTEM32\dhcpcsvc6.DLL
0x00007ff96cb40000 - 0x00007ff96cb5a000 	C:\WINDOWS\SYSTEM32\dhcpcsvc.DLL
0x00000000599b0000 - 0x00000000599c1000 	C:\Xilinx\SDK\2016.4\tps\win64\jre\bin\nio.dll
0x00007ff95e4a0000 - 0x00007ff95e4b6000 	C:\WINDOWS\system32\napinsp.dll
0x00007ff95e470000 - 0x00007ff95e48a000 	C:\WINDOWS\system32\pnrpnsp.dll
0x00007ff96be20000 - 0x00007ff96be38000 	C:\WINDOWS\system32\NLAapi.dll
0x00007ff96fe70000 - 0x00007ff96ff11000 	C:\WINDOWS\SYSTEM32\DNSAPI.dll
0x00007ff962ee0000 - 0x00007ff962eee000 	C:\WINDOWS\System32\winrnr.dll
0x000000005b0d0000 - 0x000000005b0f6000 	C:\Program Files\Bonjour\mdnsNSP.dll
0x00007ff96b090000 - 0x00007ff96b09a000 	C:\Windows\System32\rasadhlp.dll
0x00007ff96b450000 - 0x00007ff96b4ba000 	C:\WINDOWS\System32\fwpuclnt.dll
0x0000000018440000 - 0x00000000184e8000 	C:\Users\Utilizador\.Xilinx\SDK\2016.4\org.eclipse.osgi\319\0\.cp\swt-win32-4527.dll
0x00007ff971a70000 - 0x00007ff971ba8000 	C:\WINDOWS\System32\ole32.dll
0x00007ff971970000 - 0x00007ff971a6a000 	C:\WINDOWS\System32\comdlg32.dll
0x00007ff970a00000 - 0x00007ff970bc9000 	C:\WINDOWS\System32\CRYPT32.dll
0x00007ff9707e0000 - 0x00007ff9707f0000 	C:\WINDOWS\System32\MSASN1.dll
0x00007ff96bc30000 - 0x00007ff96bcb6000 	C:\WINDOWS\SYSTEM32\WINSPOOL.DRV
0x00007ff96a3c0000 - 0x00007ff96a3d9000 	C:\WINDOWS\SYSTEM32\USP10.dll
0x00007ff96ce90000 - 0x00007ff96d15a000 	C:\WINDOWS\SYSTEM32\WININET.dll
0x00007ff96dd30000 - 0x00007ff96dd56000 	C:\WINDOWS\system32\dwmapi.dll
0x00007ff96daa0000 - 0x00007ff96dc25000 	C:\WINDOWS\SYSTEM32\propsys.dll
0x00007ff973660000 - 0x00007ff9736ff000 	C:\WINDOWS\System32\clbcatq.dll
0x0000000018590000 - 0x00000000185ae000 	C:\Users\Utilizador\.Xilinx\SDK\2016.4\org.eclipse.osgi\319\0\.cp\swt-gdip-win32-4527.dll
0x00007ff965510000 - 0x00007ff9656aa000 	C:\WINDOWS\WinSxS\amd64_microsoft.windows.gdiplus_6595b64144ccf1df_1.1.14393.953_none_7300116921188239\gdiplus.dll
0x00007ff96c910000 - 0x00007ff96cab8000 	C:\WINDOWS\SYSTEM32\WindowsCodecs.dll
0x0000000180000000 - 0x0000000180012000 	C:\Users\Utilizador\.Xilinx\SDK\2016.4\org.eclipse.osgi\133\0\.cp\os\win32\x86_64\localfile_1_0_0.dll
0x00007ff95f420000 - 0x00007ff95f485000 	C:\WINDOWS\SYSTEM32\oleacc.dll
0x00007ff96a9c0000 - 0x00007ff96a9c7000 	C:\WINDOWS\SYSTEM32\msimg32.dll
0x00007ff96c700000 - 0x00007ff96c711000 	C:\Users\Utilizador\.Xilinx\SDK\2016.4\org.eclipse.osgi\136\0\.cp\jWinHttp-1.0.0.dll
0x00007ff96dc60000 - 0x00007ff96dd2d000 	C:\WINDOWS\SYSTEM32\WINHTTP.dll
0x00007ff96c260000 - 0x00007ff96c26f000 	C:\Xilinx\SDK\2016.4\lib\win64.o\librdi_repo_manager.dll
0x00007ff957500000 - 0x00007ff95752a000 	C:\Xilinx\SDK\2016.4\lib\win64.o\libisl_sysinfo.dll
0x00007ff912f70000 - 0x00007ff913a1a000 	C:\Xilinx\SDK\2016.4\lib\win64.o\librdi_common.dll
0x00007ff94d9c0000 - 0x00007ff94da13000 	C:\Xilinx\SDK\2016.4\lib\win64.o\librdi_commonxillic.dll
0x00007ff913f60000 - 0x00007ff914158000 	C:\Xilinx\SDK\2016.4\lib\win64.o\librdi_hsm.dll
0x00007ff964c00000 - 0x00007ff964ca7000 	C:\WINDOWS\SYSTEM32\MSVCP110.dll
0x00007ff964cb0000 - 0x00007ff964d84000 	C:\WINDOWS\SYSTEM32\MSVCR110.dll
0x00007ff913bf0000 - 0x00007ff913f5e000 	C:\Xilinx\SDK\2016.4\lib\win64.o\libCOIN-all.dll
0x00007ff912d50000 - 0x00007ff912f6f000 	C:\Xilinx\SDK\2016.4\lib\win64.o\libXil_lmgr11.dll
0x00007ff9711d0000 - 0x00007ff971225000 	C:\WINDOWS\System32\WINTRUST.dll
0x00007ff96bb30000 - 0x00007ff96bb40000 	C:\Xilinx\SDK\2016.4\lib\win64.o\libboost_date_time.dll
0x00007ff9574a0000 - 0x00007ff9574c4000 	C:\Xilinx\SDK\2016.4\lib\win64.o\libboost_filesystem.dll
0x00007ff94d940000 - 0x00007ff94d9b7000 	C:\Xilinx\SDK\2016.4\lib\win64.o\libboost_program_options.dll
0x00007ff942660000 - 0x00007ff942766000 	C:\Xilinx\SDK\2016.4\lib\win64.o\libboost_regex.dll
0x00007ff96b8a0000 - 0x00007ff96b8b3000 	C:\Xilinx\SDK\2016.4\lib\win64.o\libboost_signals.dll
0x00007ff96b870000 - 0x00007ff96b879000 	C:\Xilinx\SDK\2016.4\lib\win64.o\libboost_system.dll
0x00007ff955e70000 - 0x00007ff955e8d000 	C:\Xilinx\SDK\2016.4\lib\win64.o\libboost_thread.dll
0x00007ff96b860000 - 0x00007ff96b86b000 	C:\Xilinx\SDK\2016.4\lib\win64.o\libboost_xilinx.dll
0x00007ff94d8c0000 - 0x00007ff94d940000 	C:\Xilinx\SDK\2016.4\lib\win64.o\libhdlpsolve.dll
0x00007ff949fe0000 - 0x00007ff94a07a000 	C:\Xilinx\SDK\2016.4\lib\win64.o\libhdxml.dll
0x00007ff912980000 - 0x00007ff912d49000 	C:\Xilinx\SDK\2016.4\lib\win64.o\libisl_iostreams.dll
0x00007ff950df0000 - 0x00007ff950e05000 	C:\Xilinx\SDK\2016.4\lib\win64.o\pthreadVC2.dll
0x00007ff920bc0000 - 0x00007ff920cf0000 	C:\Xilinx\SDK\2016.4\lib\win64.o\librdi_curl.dll
0x00007ff94fa30000 - 0x00007ff94fa48000 	C:\Xilinx\SDK\2016.4\lib\win64.o\librdiconfig.dll
0x00007ff94ed50000 - 0x00007ff94ed6f000 	C:\Xilinx\SDK\2016.4\lib\win64.o\librdizlib.dll
0x0000000059f90000 - 0x000000005a0b7000 	C:\Xilinx\SDK\2016.4\lib\win64.o\tcl85t.dll
0x0000000025f90000 - 0x00000000261f3000 	C:\Xilinx\SDK\2016.4\lib\win64.o\xerces-c_3_1.dll
0x00007ff963320000 - 0x00007ff9634e3000 	C:\WINDOWS\SYSTEM32\urlmon.dll
0x00007ff955770000 - 0x00007ff955793000 	C:\WINDOWS\SYSTEM32\VCOMP110.DLL
0x00007ff94c2d0000 - 0x00007ff94c313000 	C:\Xilinx\SDK\2016.4\lib\win64.o\librdi_hdf.dll
0x00007ff9126b0000 - 0x00007ff912978000 	C:\Xilinx\SDK\2016.4\lib\win64.o\librdi_ippcw.dll
0x00007ff96a770000 - 0x00007ff96a788000 	C:\WINDOWS\SYSTEM32\NETAPI32.dll
0x00007ff964d90000 - 0x00007ff964d9b000 	C:\Xilinx\SDK\2016.4\lib\win64.o\libboost_chrono.dll
0x00007ff94d8a0000 - 0x00007ff94d8b6000 	C:\Xilinx\SDK\2016.4\lib\win64.o\libboost_iostreams.dll
0x00007ff94c2a0000 - 0x00007ff94c2c3000 	C:\Xilinx\SDK\2016.4\lib\win64.o\libisl_iosutils.dll
0x00007ff96ab70000 - 0x00007ff96ae15000 	C:\WINDOWS\SYSTEM32\iertutil.dll
0x00007ff962a20000 - 0x00007ff962a62000 	C:\WINDOWS\SYSTEM32\edputil.dll
0x00007ff96bd30000 - 0x00007ff96bd46000 	C:\Xilinx\SDK\2016.4\eclipse\win64.o\plugins\org.eclipse.cdt.core.win32.x86_64_5.4.0.201509131935\os\win32\x86_64\spawner.dll
0x00007ff96ec40000 - 0x00007ff96ec4a000 	C:\Xilinx\SDK\2016.4\lib\win64.o\librdi_jtag_settings.dll
0x00007ff964ab0000 - 0x00007ff964ad9000 	C:\Xilinx\SDK\2016.4\lib\win64.o\librdi_debug_dialog.dll
0x00007ff96c3c0000 - 0x00007ff96c3c8000 	C:\Xilinx\SDK\2016.4\lib\win64.o\librdi_target_manager.dll
0x00007ff90e780000 - 0x00007ff90ef90000 	C:\Xilinx\SDK\2016.4\lib\win64.o\libXil_lmgr11FNP.dll
0x00007ff973bf0000 - 0x00007ff974019000 	C:\WINDOWS\System32\SETUPAPI.dll
0x00007ff961440000 - 0x00007ff96144c000 	C:\WINDOWS\SYSTEM32\snmpapi.dll
0x00007ff970450000 - 0x00007ff97047c000 	C:\WINDOWS\SYSTEM32\SspiCli.dll
0x0000000019bb0000 - 0x0000000019bb3000 	C:\WINDOWS\SYSTEM32\icmp.Dll

VM Arguments:
jvm_args: -Dcom.xilinx.sdk.args.hwspec=C:/Users/Utilizador/Desktop/Universidade/4_ano/2_semestre/CR/Projeto/ProjetoFinal/MP_ToDisplays/MP_ToDisplays.sdk/DebUART_wrapper.hdf -Xms64m -Xmx512m & 
java_command: <unknown>
java_class_path (initial): C:\Xilinx\SDK\2016.4\eclipse\win64.o\\plugins/org.eclipse.equinox.launcher_1.3.100.v20150511-1540.jar
Launcher Type: generic

Environment Variables:
JAVA_HOME=C:\Program Files\Java\jdk1.8.0_101
PATH=C:/Xilinx/SDK/2016.4/tps/win64/jre/bin/server;C:/Xilinx/SDK/2016.4/tps/win64/jre/bin;C:/Xilinx/SDK/2016.4/tps/win64/jre/lib/amd64;C:\Xilinx\SDK\2016.4\gnuwin\bin;C:\Xilinx\SDK\2016.4\gnu\microblaze\nt\bin;C:\Xilinx\SDK\2016.4\gnu\microblaze\linux_toolchain\nt64_le\bin;C:\Xilinx\SDK\2016.4\gnu\microblaze\linux_toolchain\nt64_be\bin;C:\Xilinx\SDK\2016.4\gnu\arm\nt\bin;C:\Xilinx\SDK\2016.4\gnu\aarch64\nt\aarch64-none\bin;C:\Xilinx\SDK\2016.4\gnu\aarch64\nt\aarch64-linux\bin;C:\Xilinx\SDK\2016.4\gnu\armr5\nt\gcc-arm-none-eabi\bin;C:\Xilinx\SDK\2016.4\gnu\aarch32\nt\gcc-arm-none-eabi\bin;C:\Xilinx\SDK\2016.4\gnu\aarch32\nt\gcc-arm-linux-gnueabi\bin;C:\Xilinx\SDK\2016.4\tps\win64\cmake-3.3.2\bin;;C:\Xilinx\SDK\2016.4\bin;C:\Xilinx\SDK\2016.4\lib\win64.o;C:\Xilinx\SDK\2016.4\tps\win64\jre\bin\server;C:\Xilinx\SDK\2016.4\tps\win64\jre\bin;C:\Xilinx\Vivado\2016.4\ids_lite\ISE\bin\nt64;C:\Xilinx\Vivado\2016.4\ids_lite\ISE\lib\nt64;C:\Xilinx\Vivado\2016.4\bin;C:\Xilinx\Vivado\2016.4\lib\win64.o;C:\Xilinx\Vivado\2016.4\tps\win64\jre\bin\server;C:\Xilinx\Vivado\2016.4\tps\win64\jre\bin;C:\Xilinx\Vivado_HLS\2016.4\bin;C:\WINDOWS\system32\Npcap;C:\Program Files\MATLAB\MATLAB Production Server\R2015a\runtime\win64;C:\Program Files\MATLAB\MATLAB Production Server\R2015a\bin;C:\Program Files\MATLAB\MATLAB Production Server\R2015a\polyspace\bin;C:\Program Files\PuTTY\;c:\Program Files\Intel\WiFi\bin\;c:\Program Files\Common Files\Intel\WirelessCommon\;C:\Users\Utilizador\AppData\Roaming\npm;C:\Users\Utilizador\AppData\Local\Microsoft\WindowsApps;C:\Python27;C:\Program Files\Java\jdk1.8.0_101\bin;C:\Program Files\NetBeans 8.2\java\maven\bin;C:\Users\Utilizador\Desktop\Universidade\4_ano\2_semestre\CR\Projeto\ProjetoFinal\MP_ToDisplays;
USERNAME=Utilizador
OS=Windows_NT
PROCESSOR_IDENTIFIER=Intel64 Family 6 Model 60 Stepping 3, GenuineIntel



---------------  S Y S T E M  ---------------

OS: Windows 10.0 , 64 bit Build 14393 (10.0.14393.1198)

CPU:total 8 (4 cores per cpu, 2 threads per core) family 6 model 60 stepping 3, cmov, cx8, fxsr, mmx, sse, sse2, sse3, ssse3, sse4.1, sse4.2, popcnt, avx, avx2, aes, clmul, erms, lzcnt, ht, tsc, tscinvbit, bmi1, bmi2

Memory: 4k page, physical 8319000k(3624196k free), swap 12976516k(6368096k free)

vm_info: Java HotSpot(TM) 64-Bit Server VM (25.66-b18) for windows-amd64 JRE (1.8.0_66-b18), built on Nov  9 2015 10:51:13 by "java_re" with MS VC++ 10.0 (VS2010)

time: Wed May 31 17:50:02 2017
elapsed time: 1725 seconds (0d 0h 28m 45s)

