#
# A fatal error has been detected by the Java Runtime Environment:
#
#  EXCEPTION_UNCAUGHT_CXX_EXCEPTION (0xe06d7363) at pc=0x00007ff970f23c58, pid=6128, tid=11608
#
# JRE version: Java(TM) SE Runtime Environment (8.0_66-b18) (build 1.8.0_66-b18)
# Java VM: Java HotSpot(TM) 64-Bit Server VM (25.66-b18 mixed mode windows-amd64 compressed oops)
# Problematic frame:
# C  [KERNELBASE.dll+0x33c58]
#
# Failed to write core dump. Minidumps are not enabled by default on client versions of Windows
#
# If you would like to submit a bug report, please visit:
#   http://bugreport.java.com/bugreport/crash.jsp
#

---------------  T H R E A D  ---------------

Current thread (0x0000000013d29000):  VMThread [stack: 0x00000000159f0000,0x0000000015af0000] [id=11608]

siginfo: ExceptionCode=0xe06d7363, ExceptionInformation=0x0000000019930520 0x0000000015aef648 0x00007ff964d62cb8 0x00007ff964cb0000 

Registers:
RAX=0x004c0044002e006c, RBX=0x00007ff964d62cb8, RCX=0x000000000000004c, RDX=0x0000000000000000
RSP=0x0000000015aef490, RBP=0x0000000015aef5d0, RSI=0x00000000ffffffff, RDI=0x000000002721d5f0
R8 =0x0000000000000000, R9 =0x0000000000000000, R10=0x0000000000000000, R11=0x0000000000000000
R12=0x0000000000000001, R13=0x0000000000000008, R14=0x0000000000000000, R15=0xffffffffffffffff
RIP=0x00007ff970f23c58, EFLAGS=0x0000000000000206

Top of Stack: (sp=0x0000000015aef490)
0x0000000015aef490:   0000000017478040 00007ff964d62cb8
0x0000000015aef4a0:   00000000ffffffff 000000002721d5f0
0x0000000015aef4b0:   00000001e06d7363 0000000000000000
0x0000000015aef4c0:   00007ff970f23c58 00007ff900000004
0x0000000015aef4d0:   0000000019930520 0000000015aef648
0x0000000015aef4e0:   00007ff964d62cb8 00007ff964cb0000
0x0000000015aef4f0:   0000000000000008 0000000000000001
0x0000000015aef500:   000000002721d5f0 00000000ffffffff
0x0000000015aef510:   0000000015aef5d0 00007ff9743cc26f
0x0000000015aef520:   0000000015aef5e0 0000000000000000
0x0000000015aef530:   00001a30f6025b30 0000000000000001
0x0000000015aef540:   00007ff964d79000 00007ff964cb0000
0x0000000015aef550:   000076c6396a1cf6 0000000015aef780
0x0000000015aef560:   00007ff964d62cb8 00007ff964d0e92c
0x0000000015aef570:   000000000000001f 0000000000000008
0x0000000015aef580:   0000000000000001 000000002721d5f0 

Instructions: (pc=0x00007ff970f23c58)
0x00007ff970f23c38:   49 8b d1 44 0f 47 c0 44 89 44 24 38 49 c1 e0 03
0x00007ff970f23c48:   e8 47 90 04 00 48 8d 4c 24 20 ff 15 a0 44 11 00
0x00007ff970f23c58:   48 8b 8c 24 c0 00 00 00 48 33 cc e8 d8 55 04 00
0x00007ff970f23c68:   48 81 c4 d8 00 00 00 c3 83 64 24 38 00 eb d6 cc 


Register to memory mapping:

RAX=0x004c0044002e006c is an unknown value
RBX=0x00007ff964d62cb8 is an unknown value
RCX=0x000000000000004c is an unknown value
RDX=0x0000000000000000 is an unknown value
RSP=0x0000000015aef490 is an unknown value
RBP=0x0000000015aef5d0 is an unknown value
RSI=0x00000000ffffffff is an unallocated location in the heap
RDI=0x000000002721d5f0 is an unknown value
R8 =0x0000000000000000 is an unknown value
R9 =0x0000000000000000 is an unknown value
R10=0x0000000000000000 is an unknown value
R11=0x0000000000000000 is an unknown value
R12=0x0000000000000001 is an unknown value
R13=0x0000000000000008 is an unknown value
R14=0x0000000000000000 is an unknown value
R15=0xffffffffffffffff is an unknown value


Stack: [0x00000000159f0000,0x0000000015af0000],  sp=0x0000000015aef490,  free space=1021k
Native frames: (J=compiled Java code, j=interpreted, Vv=VM code, C=native code)
C  [KERNELBASE.dll+0x33c58]
C  [MSVCR110.dll+0x5e92c]
C  [MSVCR110.dll+0x1315c]
C  [MSVCR110.dll+0x136a9]
C  [MSVCR110.dll+0x13e9c]
C  [MSVCR110.dll+0x239e]
C  [MSVCR110.dll+0xaf9e]
C  [MSVCP110.dll+0x397b9]
C  [librdi_common.dll+0x183a66]
C  [librdi_common.dll+0x1826fb]
C  [librdi_target_manager.dll+0x2400]
C  [librdi_target_manager.dll+0x2682]
C  [ntdll.dll+0x2a35f]
C  [ntdll.dll+0x806b]
C  [ntdll.dll+0x7d94]
C  [KERNEL32.DLL+0x1ce6a]
C  [MSVCR100.dll+0x20ccd]
V  [jvm.dll+0x210cc5]
V  [jvm.dll+0x249897]
V  [jvm.dll+0x248b36]
V  [jvm.dll+0x248fd1]
V  [jvm.dll+0x2491ee]
V  [jvm.dll+0x29a0fa]
C  [MSVCR100.dll+0x21d9f]
C  [MSVCR100.dll+0x21e3b]
C  [KERNEL32.DLL+0x8364]
C  [ntdll.dll+0x670d1]

VM_Operation (0x000000000014f4c0): Exit, mode: safepoint, requested by thread 0x00000000024be800


---------------  P R O C E S S  ---------------

Java Threads: ( => current thread )
  0x0000000016bb1800 JavaThread "pool-2-thread-5" [_thread_blocked, id=4896, stack(0x00000000343e0000,0x00000000344e0000)]
  0x0000000016bb0800 JavaThread "pool-2-thread-4" [_thread_blocked, id=16324, stack(0x00000000329e0000,0x0000000032ae0000)]
  0x0000000016baf000 JavaThread "pool-2-thread-3" [_thread_blocked, id=11916, stack(0x00000000302e0000,0x00000000303e0000)]
  0x0000000016bab800 JavaThread "pool-2-thread-2" [_thread_blocked, id=13024, stack(0x000000002ebe0000,0x000000002ece0000)]
  0x000000001a65d800 JavaThread "pool-2-thread-1" [_thread_blocked, id=17760, stack(0x000000002c9e0000,0x000000002cae0000)]
  0x000000001a658800 JavaThread "Thread-38" daemon [_thread_blocked, id=12324, stack(0x000000002c7e0000,0x000000002c8e0000)]
  0x000000001a654000 JavaThread "TCF Channel Transmitter" daemon [_thread_blocked, id=1788, stack(0x0000000027830000,0x0000000027930000)]
  0x000000001abcb000 JavaThread "TCF Channel Receiver" daemon [_thread_in_native, id=8180, stack(0x0000000027630000,0x0000000027730000)]
  0x000000001abca800 JavaThread "Process monitor" daemon [_thread_in_native, id=10904, stack(0x0000000026960000,0x0000000026a60000)]
  0x000000001abd1000 JavaThread "Input Stream Monitor" daemon [_thread_blocked, id=12844, stack(0x0000000026860000,0x0000000026960000)]
  0x000000001abce000 JavaThread "Output Stream Monitor" daemon [_thread_in_native, id=4400, stack(0x0000000026760000,0x0000000026860000)]
  0x000000001abcf000 JavaThread "Output Stream Monitor" daemon [_thread_in_native, id=7772, stack(0x0000000026660000,0x0000000026760000)]
  0x000000001abc9000 JavaThread "TCF Locator DNS Lookup" daemon [_thread_blocked, id=17008, stack(0x00000000253d0000,0x00000000254d0000)]
  0x000000001abc8000 JavaThread "TCF Locator Timer" daemon [_thread_blocked, id=11016, stack(0x00000000252d0000,0x00000000253d0000)]
  0x000000001abc7800 JavaThread "TCF Locator Receiver" daemon [_thread_in_native, id=4112, stack(0x00000000251d0000,0x00000000252d0000)]
  0x000000001abc4800 JavaThread "TCF Timer Dispatcher" daemon [_thread_blocked, id=9580, stack(0x0000000024fd0000,0x00000000250d0000)]
  0x00000000172a4000 JavaThread "EMF Reference Cleaner" daemon [_thread_blocked, id=18416, stack(0x0000000019370000,0x0000000019470000)]
  0x0000000013d3e000 JavaThread "Service Thread" daemon [_thread_blocked, id=4216, stack(0x00000000167f0000,0x00000000168f0000)]
  0x0000000015e26800 JavaThread "C1 CompilerThread3" daemon [_thread_blocked, id=14484, stack(0x00000000166f0000,0x00000000167f0000)]
  0x0000000015e21000 JavaThread "C2 CompilerThread2" daemon [_thread_blocked, id=11076, stack(0x00000000165f0000,0x00000000166f0000)]
  0x0000000015e1d000 JavaThread "C2 CompilerThread1" daemon [_thread_blocked, id=14564, stack(0x00000000164f0000,0x00000000165f0000)]
  0x0000000015e1b800 JavaThread "C2 CompilerThread0" daemon [_thread_blocked, id=6668, stack(0x00000000163f0000,0x00000000164f0000)]
  0x0000000015e2b800 JavaThread "Attach Listener" daemon [_thread_blocked, id=2192, stack(0x00000000162f0000,0x00000000163f0000)]
  0x000000000249b000 JavaThread "Finalizer" daemon [_thread_blocked, id=15132, stack(0x0000000015bf0000,0x0000000015cf0000)]
  0x0000000013d2d000 JavaThread "Reference Handler" daemon [_thread_blocked, id=5124, stack(0x0000000015af0000,0x0000000015bf0000)]
  0x00000000024be800 JavaThread "main" [_thread_blocked, id=17696, stack(0x0000000000050000,0x0000000000150000)]

Other Threads:
=>0x0000000013d29000 VMThread [stack: 0x00000000159f0000,0x0000000015af0000] [id=11608]

VM state:at safepoint (shutting down)

VM Mutex/Monitor currently owned by a thread:  ([mutex/lock_event])
[0x00000000024bd3f0] Threads_lock - owner thread: 0x0000000013d29000

Heap:
 PSYoungGen      total 104960K, used 39105K [0x00000000f5580000, 0x00000000fd980000, 0x0000000100000000)
  eden space 76800K, 47% used [0x00000000f5580000,0x00000000f7954ec0,0x00000000fa080000)
  from space 28160K, 8% used [0x00000000fa080000,0x00000000fa2db8c0,0x00000000fbc00000)
  to   space 28160K, 0% used [0x00000000fbe00000,0x00000000fbe00000,0x00000000fd980000)
 ParOldGen       total 122880K, used 56762K [0x00000000e0000000, 0x00000000e7800000, 0x00000000f5580000)
  object space 122880K, 46% used [0x00000000e0000000,0x00000000e376eb90,0x00000000e7800000)
 Metaspace       used 84644K, capacity 91808K, committed 91944K, reserved 1128448K
  class space    used 10059K, capacity 12266K, committed 12328K, reserved 1048576K

Card table byte_map: [0x0000000011880000,0x0000000011990000] byte_map_base: 0x0000000011180000

Marking Bits: (ParMarkBitMap*) 0x0000000058e3a5b0
 Begin Bits: [0x0000000012240000, 0x0000000012a40000)
 End Bits:   [0x0000000012a40000, 0x0000000013240000)

Polling page: 0x00000000005c0000

CodeCache: size=245760Kb used=35215Kb max_used=35520Kb free=210544Kb
 bounds [0x00000000024c0000, 0x00000000047e0000, 0x00000000114c0000]
 total_blobs=10442 nmethods=9558 adapters=791
 compilation: enabled

Compilation events (10 events):
Event: 194.653 Thread 0x0000000015e26800 11688       3       org.eclipse.osgi.container.ModuleWiring::invalidate0 (52 bytes)
Event: 194.654 Thread 0x0000000015e26800 nmethod 11688 0x0000000002df0410 code [0x0000000002df05c0, 0x0000000002df0f68]
Event: 194.654 Thread 0x0000000015e26800 11689       3       org.eclipse.osgi.internal.container.AtomicLazyInitializer::getAndClear (9 bytes)
Event: 194.654 Thread 0x0000000015e26800 nmethod 11689 0x0000000003052f90 code [0x0000000003053100, 0x0000000003053350]
Event: 194.654 Thread 0x0000000015e26800 11690       3       java.util.concurrent.atomic.AtomicReference::getAndSet (12 bytes)
Event: 194.654 Thread 0x0000000015e21000 11673   !   4       org.eclipse.osgi.internal.framework.BundleContextImpl::dispatchEvent (546 bytes)
Event: 194.654 Thread 0x0000000015e26800 nmethod 11690 0x0000000002dc1810 code [0x0000000002dc1960, 0x0000000002dc1ad0]
Event: 194.655 Thread 0x0000000015e26800 11686       3       org.eclipse.osgi.container.Module::holdsTransitionEventLock (25 bytes)
Event: 194.656 Thread 0x0000000015e26800 nmethod 11686 0x0000000002d99ed0 code [0x0000000002d9a060, 0x0000000002d9a788]
Event: 194.657 Thread 0x0000000015e26800 11693       3       org.eclipse.osgi.internal.framework.EquinoxContainerAdaptor::invalidateWiring (186 bytes)

GC Heap History (10 events):
Event: 112.757 GC heap before
{Heap before GC invocations=20 (full 4):
 PSYoungGen      total 100352K, used 77495K [0x00000000f5580000, 0x00000000fd800000, 0x0000000100000000)
  eden space 72192K, 100% used [0x00000000f5580000,0x00000000f9c00000,0x00000000f9c00000)
  from space 28160K, 18% used [0x00000000f9c00000,0x00000000fa12de48,0x00000000fb780000)
  to   space 28160K, 0% used [0x00000000fbc80000,0x00000000fbc80000,0x00000000fd800000)
 ParOldGen       total 122880K, used 56630K [0x00000000e0000000, 0x00000000e7800000, 0x00000000f5580000)
  object space 122880K, 46% used [0x00000000e0000000,0x00000000e374da00,0x00000000e7800000)
 Metaspace       used 82115K, capacity 89324K, committed 89384K, reserved 1126400K
  class space    used 9892K, capacity 12036K, committed 12072K, reserved 1048576K
Event: 112.762 GC heap after
Heap after GC invocations=20 (full 4):
 PSYoungGen      total 104448K, used 2391K [0x00000000f5580000, 0x00000000fd800000, 0x0000000100000000)
  eden space 76288K, 0% used [0x00000000f5580000,0x00000000f5580000,0x00000000fa000000)
  from space 28160K, 8% used [0x00000000fbc80000,0x00000000fbed5c70,0x00000000fd800000)
  to   space 28672K, 0% used [0x00000000fa000000,0x00000000fa000000,0x00000000fbc00000)
 ParOldGen       total 122880K, used 56638K [0x00000000e0000000, 0x00000000e7800000, 0x00000000f5580000)
  object space 122880K, 46% used [0x00000000e0000000,0x00000000e374fa00,0x00000000e7800000)
 Metaspace       used 82115K, capacity 89324K, committed 89384K, reserved 1126400K
  class space    used 9892K, capacity 12036K, committed 12072K, reserved 1048576K
}
Event: 123.163 GC heap before
{Heap before GC invocations=21 (full 4):
 PSYoungGen      total 104448K, used 50617K [0x00000000f5580000, 0x00000000fd800000, 0x0000000100000000)
  eden space 76288K, 63% used [0x00000000f5580000,0x00000000f8498b10,0x00000000fa000000)
  from space 28160K, 8% used [0x00000000fbc80000,0x00000000fbed5c70,0x00000000fd800000)
  to   space 28672K, 0% used [0x00000000fa000000,0x00000000fa000000,0x00000000fbc00000)
 ParOldGen       total 122880K, used 56638K [0x00000000e0000000, 0x00000000e7800000, 0x00000000f5580000)
  object space 122880K, 46% used [0x00000000e0000000,0x00000000e374fa00,0x00000000e7800000)
 Metaspace       used 82386K, capacity 89644K, committed 89896K, reserved 1126400K
  class space    used 9892K, capacity 12036K, committed 12072K, reserved 1048576K
Event: 123.167 GC heap after
Heap after GC invocations=21 (full 4):
 PSYoungGen      total 104960K, used 3262K [0x00000000f5580000, 0x00000000fd800000, 0x0000000100000000)
  eden space 76288K, 0% used [0x00000000f5580000,0x00000000f5580000,0x00000000fa000000)
  from space 28672K, 11% used [0x00000000fa000000,0x00000000fa32f900,0x00000000fbc00000)
  to   space 28672K, 0% used [0x00000000fbc00000,0x00000000fbc00000,0x00000000fd800000)
 ParOldGen       total 122880K, used 56646K [0x00000000e0000000, 0x00000000e7800000, 0x00000000f5580000)
  object space 122880K, 46% used [0x00000000e0000000,0x00000000e3751a00,0x00000000e7800000)
 Metaspace       used 82386K, capacity 89644K, committed 89896K, reserved 1126400K
  class space    used 9892K, capacity 12036K, committed 12072K, reserved 1048576K
}
Event: 123.167 GC heap before
{Heap before GC invocations=22 (full 5):
 PSYoungGen      total 104960K, used 3262K [0x00000000f5580000, 0x00000000fd800000, 0x0000000100000000)
  eden space 76288K, 0% used [0x00000000f5580000,0x00000000f5580000,0x00000000fa000000)
  from space 28672K, 11% used [0x00000000fa000000,0x00000000fa32f900,0x00000000fbc00000)
  to   space 28672K, 0% used [0x00000000fbc00000,0x00000000fbc00000,0x00000000fd800000)
 ParOldGen       total 122880K, used 56646K [0x00000000e0000000, 0x00000000e7800000, 0x00000000f5580000)
  object space 122880K, 46% used [0x00000000e0000000,0x00000000e3751a00,0x00000000e7800000)
 Metaspace       used 82386K, capacity 89644K, committed 89896K, reserved 1126400K
  class space    used 9892K, capacity 12036K, committed 12072K, reserved 1048576K
Event: 123.513 GC heap after
Heap after GC invocations=22 (full 5):
 PSYoungGen      total 104960K, used 0K [0x00000000f5580000, 0x00000000fd800000, 0x0000000100000000)
  eden space 76288K, 0% used [0x00000000f5580000,0x00000000f5580000,0x00000000fa000000)
  from space 28672K, 0% used [0x00000000fa000000,0x00000000fa000000,0x00000000fbc00000)
  to   space 28672K, 0% used [0x00000000fbc00000,0x00000000fbc00000,0x00000000fd800000)
 ParOldGen       total 122880K, used 56746K [0x00000000e0000000, 0x00000000e7800000, 0x00000000f5580000)
  object space 122880K, 46% used [0x00000000e0000000,0x00000000e376ab90,0x00000000e7800000)
 Metaspace       used 82386K, capacity 89644K, committed 89896K, reserved 1126400K
  class space    used 9892K, capacity 12036K, committed 12072K, reserved 1048576K
}
Event: 168.037 GC heap before
{Heap before GC invocations=23 (full 5):
 PSYoungGen      total 104960K, used 76288K [0x00000000f5580000, 0x00000000fd800000, 0x0000000100000000)
  eden space 76288K, 100% used [0x00000000f5580000,0x00000000fa000000,0x00000000fa000000)
  from space 28672K, 0% used [0x00000000fa000000,0x00000000fa000000,0x00000000fbc00000)
  to   space 28672K, 0% used [0x00000000fbc00000,0x00000000fbc00000,0x00000000fd800000)
 ParOldGen       total 122880K, used 56746K [0x00000000e0000000, 0x00000000e7800000, 0x00000000f5580000)
  object space 122880K, 46% used [0x00000000e0000000,0x00000000e376ab90,0x00000000e7800000)
 Metaspace       used 82959K, capacity 90234K, committed 90408K, reserved 1128448K
  class space    used 9900K, capacity 12040K, committed 12072K, reserved 1048576K
Event: 168.041 GC heap after
Heap after GC invocations=23 (full 5):
 PSYoungGen      total 105472K, used 1287K [0x00000000f5580000, 0x00000000fda80000, 0x0000000100000000)
  eden space 76800K, 0% used [0x00000000f5580000,0x00000000f5580000,0x00000000fa080000)
  from space 28672K, 4% used [0x00000000fbc00000,0x00000000fbd41c60,0x00000000fd800000)
  to   space 28160K, 0% used [0x00000000fa080000,0x00000000fa080000,0x00000000fbc00000)
 ParOldGen       total 122880K, used 56754K [0x00000000e0000000, 0x00000000e7800000, 0x00000000f5580000)
  object space 122880K, 46% used [0x00000000e0000000,0x00000000e376cb90,0x00000000e7800000)
 Metaspace       used 82959K, capacity 90234K, committed 90408K, reserved 1128448K
  class space    used 9900K, capacity 12040K, committed 12072K, reserved 1048576K
}
Event: 187.879 GC heap before
{Heap before GC invocations=24 (full 5):
 PSYoungGen      total 105472K, used 78087K [0x00000000f5580000, 0x00000000fda80000, 0x0000000100000000)
  eden space 76800K, 100% used [0x00000000f5580000,0x00000000fa080000,0x00000000fa080000)
  from space 28672K, 4% used [0x00000000fbc00000,0x00000000fbd41c60,0x00000000fd800000)
  to   space 28160K, 0% used [0x00000000fa080000,0x00000000fa080000,0x00000000fbc00000)
 ParOldGen       total 122880K, used 56754K [0x00000000e0000000, 0x00000000e7800000, 0x00000000f5580000)
  object space 122880K, 46% used [0x00000000e0000000,0x00000000e376cb90,0x00000000e7800000)
 Metaspace       used 83273K, capacity 90492K, committed 90664K, reserved 1128448K
  class space    used 9904K, capacity 12042K, committed 12072K, reserved 1048576K
Event: 187.883 GC heap after
Heap after GC invocations=24 (full 5):
 PSYoungGen      total 104960K, used 2414K [0x00000000f5580000, 0x00000000fd980000, 0x0000000100000000)
  eden space 76800K, 0% used [0x00000000f5580000,0x00000000f5580000,0x00000000fa080000)
  from space 28160K, 8% used [0x00000000fa080000,0x00000000fa2db8c0,0x00000000fbc00000)
  to   space 28160K, 0% used [0x00000000fbe00000,0x00000000fbe00000,0x00000000fd980000)
 ParOldGen       total 122880K, used 56762K [0x00000000e0000000, 0x00000000e7800000, 0x00000000f5580000)
  object space 122880K, 46% used [0x00000000e0000000,0x00000000e376eb90,0x00000000e7800000)
 Metaspace       used 83273K, capacity 90492K, committed 90664K, reserved 1128448K
  class space    used 9904K, capacity 12042K, committed 12072K, reserved 1048576K
}

Deoptimization events (10 events):
Event: 193.873 Thread 0x000000001abc5000 Uncommon trap: reason=unstable_if action=reinterpret pc=0x0000000002fb9248 method=org.eclipse.e4.ui.internal.workbench.swt.E4Application$1.syncExec(Ljava/lang/Runnable;)V @ 14
Event: 193.904 Thread 0x0000000016bb6800 Uncommon trap: reason=unstable_if action=reinterpret pc=0x00000000044c72dc method=org.eclipse.equinox.internal.event.EventHandlerTracker.getHandlers(Ljava/lang/String;)Ljava/util/Set; @ 28
Event: 193.913 Thread 0x0000000016bb6800 Uncommon trap: reason=class_check action=maybe_recompile pc=0x0000000004697f24 method=org.eclipse.e4.core.internal.contexts.TrackableComputationExt.update(Lorg/eclipse/e4/core/internal/contexts/ContextChangeEvent;)Z @ 62
Event: 193.913 Thread 0x0000000016bb6800 Uncommon trap: reason=class_check action=maybe_recompile pc=0x0000000004697f24 method=org.eclipse.e4.core.internal.contexts.TrackableComputationExt.update(Lorg/eclipse/e4/core/internal/contexts/ContextChangeEvent;)Z @ 62
Event: 193.988 Thread 0x000000001a65b800 Uncommon trap: reason=unstable_if action=reinterpret pc=0x00000000026402a4 method=sun.nio.cs.SingleByte$Encoder.encode(C)I @ 13
Event: 193.994 Thread 0x0000000016bb6800 Uncommon trap: reason=unstable_if action=reinterpret pc=0x00000000042ab7a4 method=org.eclipse.core.internal.localstore.FileStoreRoot.getManager(Lorg/eclipse/core/runtime/IPath;)Lorg/eclipse/core/resources/IPathVariableManager; @ 18
Event: 194.562 Thread 0x0000000016bb6800 Uncommon trap: reason=unstable_if action=reinterpret pc=0x000000000333b960 method=org.eclipse.osgi.internal.hooks.EclipseLazyStarter.shouldActivateFor(Ljava/lang/String;Lorg/eclipse/osgi/container/Module;Lorg/eclipse/osgi/container/ModuleRevision;Lorg/ecliçäß«†Rh@
Event: 194.579 Thread 0x0000000016bb6800 Uncommon trap: reason=null_check action=maybe_recompile pc=0x0000000003cd9620 method=com.xilinx.sdk.targetmanager.internal.json.XMDJSONProcess.issueCommand(Ljava/lang/String;)Lcom/xilinx/sdk/targetmanager/internal/IXMDResult; @ 3
Event: 194.592 Thread 0x00000000172a7000 Uncommon trap: reason=unstable_if action=reinterpret pc=0x00000000031e3800 method=org.eclipse.osgi.internal.framework.BundleContextImpl.dispatchEvent(Ljava/lang/Object;Ljava/lang/Object;ILjava/lang/Object;)V @ 16
Event: 194.643 Thread 0x0000000016bb6800 Uncommon trap: reason=unstable_if action=reinterpret pc=0x0000000003080598 method=sun.reflect.UnsafeStaticObjectFieldAccessorImpl.set(Ljava/lang/Object;Ljava/lang/Object;)V @ 13

Internal exceptions (10 events):
Event: 193.860 Thread 0x00000000024be800 Exception <a 'java/io/FileNotFoundException'> (0x00000000f6f4cbe8) thrown at [C:\re\workspace\8-2-build-windows-amd64-cygwin\jdk8u66\5298\hotspot\src\share\vm\prims\jni.cpp, line 709]
Event: 193.861 Thread 0x00000000024be800 Exception <a 'java/io/FileNotFoundException'> (0x00000000f6f4f168) thrown at [C:\re\workspace\8-2-build-windows-amd64-cygwin\jdk8u66\5298\hotspot\src\share\vm\prims\jni.cpp, line 709]
Event: 193.965 Thread 0x000000001a65a000 Exception <a 'java/lang/InterruptedException'> (0x00000000f738d048) thrown at [C:\re\workspace\8-2-build-windows-amd64-cygwin\jdk8u66\5298\hotspot\src\share\vm\runtime\objectMonitor.cpp, line 1683]
Event: 194.579 Thread 0x0000000016bb6800 Implicit null exception at 0x0000000003cd5e67 to 0x0000000003cd9611
Event: 194.579 Thread 0x0000000016bb6800 Exception <a 'java/lang/NullPointerException'> (0x00000000f75de4b8) thrown at [C:\re\workspace\8-2-build-windows-amd64-cygwin\jdk8u66\5298\hotspot\src\share\vm\prims\jvm.cpp, line 1390]
Event: 194.617 Thread 0x000000001abc5000 Exception <a 'java/lang/InterruptedException'> (0x00000000f6f9ad98) thrown at [C:\re\workspace\8-2-build-windows-amd64-cygwin\jdk8u66\5298\hotspot\src\share\vm\runtime\objectMonitor.cpp, line 1683]
Event: 194.643 Thread 0x0000000016bb6800 Implicit null exception at 0x0000000003080193 to 0x0000000003080585
Event: 194.643 Thread 0x00000000172a7000 Exception <a 'java/lang/InterruptedException'> (0x00000000f76fdcf0) thrown at [C:\re\workspace\8-2-build-windows-amd64-cygwin\jdk8u66\5298\hotspot\src\share\vm\runtime\objectMonitor.cpp, line 1683]
Event: 194.650 Thread 0x000000001abc3800 Exception <a 'java/lang/InterruptedException'> (0x00000000f6b92310) thrown at [C:\re\workspace\8-2-build-windows-amd64-cygwin\jdk8u66\5298\hotspot\src\share\vm\runtime\objectMonitor.cpp, line 1683]
Event: 194.651 Thread 0x00000000172a7800 Exception <a 'java/lang/InterruptedException'> (0x00000000f78f6df8) thrown at [C:\re\workspace\8-2-build-windows-amd64-cygwin\jdk8u66\5298\hotspot\src\share\vm\runtime\objectMonitor.cpp, line 1683]

Events (10 events):
Event: 194.655 loading class java/util/IdentityHashMap$IdentityHashMapIterator done
Event: 194.655 loading class java/util/IdentityHashMap$KeyIterator done
Event: 194.655 Thread 0x0000000015e26800 flushing nmethod 0x000000000362c690
Event: 194.656 Thread 0x0000000016bb3000 Thread added: 0x0000000016bb3000
Event: 194.656 Thread 0x0000000015e26800 flushing nmethod 0x000000000369fcd0
Event: 194.656 Thread 0x0000000015e26800 flushing nmethod 0x0000000003731750
Event: 194.657 Thread 0x0000000015e26800 flushing nmethod 0x0000000003920990
Event: 194.658 Thread 0x0000000015e2a800 Thread exited: 0x0000000015e2a800
Event: 194.658 Thread 0x0000000016bb3000 Thread exited: 0x0000000016bb3000
Event: 194.658 Executing VM operation: Exit


Dynamic libraries:
0x0000000000400000 - 0x000000000044f000 	C:\Xilinx\SDK\2016.4\eclipse\win64.o\eclipse.exe
0x00007ff974380000 - 0x00007ff974551000 	C:\WINDOWS\SYSTEM32\ntdll.dll
0x00007ff973360000 - 0x00007ff97340c000 	C:\WINDOWS\System32\KERNEL32.DLL
0x00007ff9676b0000 - 0x00007ff967704000 	C:\Program Files (x86)\AVG\Av\avghooka.dll
0x00007ff970ef0000 - 0x00007ff97110d000 	C:\WINDOWS\System32\KERNELBASE.dll
0x00007ff96ed80000 - 0x00007ff96edfa000 	C:\WINDOWS\system32\apphelp.dll
0x00007ff973700000 - 0x00007ff973865000 	C:\WINDOWS\System32\USER32.dll
0x00007ff970c70000 - 0x00007ff970c8e000 	C:\WINDOWS\System32\win32u.dll
0x00007ff9738e0000 - 0x00007ff973914000 	C:\WINDOWS\System32\GDI32.dll
0x00007ff970870000 - 0x00007ff9709f2000 	C:\WINDOWS\System32\gdi32full.dll
0x00007ff9742d0000 - 0x00007ff97436e000 	C:\WINDOWS\System32\msvcrt.dll
0x00007ff963b10000 - 0x00007ff963d8a000 	C:\WINDOWS\WinSxS\amd64_microsoft.windows.common-controls_6595b64144ccf1df_6.0.14393.953_none_42151e83c686086b\COMCTL32.dll
0x00007ff973920000 - 0x00007ff973be8000 	C:\WINDOWS\System32\combase.dll
0x00007ff970d40000 - 0x00007ff970e35000 	C:\WINDOWS\System32\ucrtbase.dll
0x00007ff973130000 - 0x00007ff973251000 	C:\WINDOWS\System32\RPCRT4.dll
0x00007ff971160000 - 0x00007ff9711ca000 	C:\WINDOWS\System32\bcryptPrimitives.dll
0x00007ff973260000 - 0x00007ff97328e000 	C:\WINDOWS\System32\IMM32.DLL
0x0000000072000000 - 0x0000000072012000 	C:\Xilinx\SDK\2016.4\eclipse\win64.o\plugins\org.eclipse.equinox.launcher.win32.win32.x86_64_1.1.300.v20150602-1417\eclipse_1611.dll
0x00007ff973410000 - 0x00007ff9734b2000 	C:\WINDOWS\System32\ADVAPI32.dll
0x00007ff971910000 - 0x00007ff971969000 	C:\WINDOWS\System32\sechost.dll
0x00007ff962ad0000 - 0x00007ff962ada000 	C:\WINDOWS\SYSTEM32\VERSION.dll
0x00007ff96efc0000 - 0x00007ff96f055000 	C:\WINDOWS\system32\uxtheme.dll
0x00007ff974020000 - 0x00007ff97417a000 	C:\WINDOWS\System32\MSCTF.dll
0x00007ff973290000 - 0x00007ff97334f000 	C:\WINDOWS\System32\OLEAUT32.dll
0x00007ff970bd0000 - 0x00007ff970c6c000 	C:\WINDOWS\System32\msvcp_win.dll
0x0000000058630000 - 0x0000000058eb9000 	C:\Xilinx\SDK\2016.4\tps\win64\jre\bin\server\jvm.dll
0x00007ff973350000 - 0x00007ff973358000 	C:\WINDOWS\System32\PSAPI.DLL
0x00007ff966e50000 - 0x00007ff966e59000 	C:\WINDOWS\SYSTEM32\WSOCK32.dll
0x00007ff973870000 - 0x00007ff9738da000 	C:\WINDOWS\System32\WS2_32.dll
0x00007ff96eac0000 - 0x00007ff96eae3000 	C:\WINDOWS\SYSTEM32\WINMM.dll
0x000000005afc0000 - 0x000000005b092000 	C:\WINDOWS\SYSTEM32\MSVCR100.dll
0x00007ff96e920000 - 0x00007ff96e94b000 	C:\WINDOWS\SYSTEM32\WINMMBASE.dll
0x00007ff971110000 - 0x00007ff971152000 	C:\WINDOWS\System32\cfgmgr32.dll
0x0000000059f80000 - 0x0000000059f8f000 	C:\Xilinx\SDK\2016.4\tps\win64\jre\bin\verify.dll
0x0000000059a10000 - 0x0000000059a39000 	C:\Xilinx\SDK\2016.4\tps\win64\jre\bin\java.dll
0x00000000599f0000 - 0x0000000059a06000 	C:\Xilinx\SDK\2016.4\tps\win64\jre\bin\zip.dll
0x00007ff971c20000 - 0x00007ff973128000 	C:\WINDOWS\System32\SHELL32.dll
0x00007ff971230000 - 0x00007ff97190a000 	C:\WINDOWS\System32\windows.storage.dll
0x00007ff970820000 - 0x00007ff97086c000 	C:\WINDOWS\System32\powrprof.dll
0x00007ff9741f0000 - 0x00007ff974242000 	C:\WINDOWS\System32\shlwapi.dll
0x00007ff970810000 - 0x00007ff97081f000 	C:\WINDOWS\System32\kernel.appcore.dll
0x00007ff970c90000 - 0x00007ff970d39000 	C:\WINDOWS\System32\shcore.dll
0x00007ff9707f0000 - 0x00007ff970804000 	C:\WINDOWS\System32\profapi.dll
0x00007ff970260000 - 0x00007ff970277000 	C:\WINDOWS\SYSTEM32\CRYPTSP.dll
0x00007ff96fcb0000 - 0x00007ff96fce3000 	C:\WINDOWS\system32\rsaenh.dll
0x00007ff970720000 - 0x00007ff97074b000 	C:\WINDOWS\SYSTEM32\bcrypt.dll
0x00007ff96ff30000 - 0x00007ff96ff4f000 	C:\WINDOWS\SYSTEM32\USERENV.dll
0x00007ff970250000 - 0x00007ff97025b000 	C:\WINDOWS\SYSTEM32\CRYPTBASE.dll
0x00000000599d0000 - 0x00000000599ea000 	C:\Xilinx\SDK\2016.4\tps\win64\jre\bin\net.dll
0x00007ff9700b0000 - 0x00007ff97010c000 	C:\WINDOWS\system32\mswsock.dll
0x00007ff96fe30000 - 0x00007ff96fe68000 	C:\WINDOWS\SYSTEM32\IPHLPAPI.DLL
0x00007ff974370000 - 0x00007ff974378000 	C:\WINDOWS\System32\NSI.dll
0x00007ff96cc10000 - 0x00007ff96cc26000 	C:\WINDOWS\SYSTEM32\dhcpcsvc6.DLL
0x00007ff96cb40000 - 0x00007ff96cb5a000 	C:\WINDOWS\SYSTEM32\dhcpcsvc.DLL
0x00000000599b0000 - 0x00000000599c1000 	C:\Xilinx\SDK\2016.4\tps\win64\jre\bin\nio.dll
0x00007ff95e4a0000 - 0x00007ff95e4b6000 	C:\WINDOWS\system32\napinsp.dll
0x00007ff95e470000 - 0x00007ff95e48a000 	C:\WINDOWS\system32\pnrpnsp.dll
0x00007ff96be20000 - 0x00007ff96be38000 	C:\WINDOWS\system32\NLAapi.dll
0x00007ff96fe70000 - 0x00007ff96ff11000 	C:\WINDOWS\SYSTEM32\DNSAPI.dll
0x00007ff962ee0000 - 0x00007ff962eee000 	C:\WINDOWS\System32\winrnr.dll
0x000000005b0d0000 - 0x000000005b0f6000 	C:\Program Files\Bonjour\mdnsNSP.dll
0x00007ff96b090000 - 0x00007ff96b09a000 	C:\Windows\System32\rasadhlp.dll
0x00007ff96b450000 - 0x00007ff96b4ba000 	C:\WINDOWS\System32\fwpuclnt.dll
0x00000000186a0000 - 0x0000000018748000 	C:\Users\Utilizador\.Xilinx\SDK\2016.4\org.eclipse.osgi\319\0\.cp\swt-win32-4527.dll
0x00007ff971a70000 - 0x00007ff971ba8000 	C:\WINDOWS\System32\ole32.dll
0x00007ff971970000 - 0x00007ff971a6a000 	C:\WINDOWS\System32\comdlg32.dll
0x00007ff970a00000 - 0x00007ff970bc9000 	C:\WINDOWS\System32\CRYPT32.dll
0x00007ff9707e0000 - 0x00007ff9707f0000 	C:\WINDOWS\System32\MSASN1.dll
0x00007ff96bc30000 - 0x00007ff96bcb6000 	C:\WINDOWS\SYSTEM32\WINSPOOL.DRV
0x00007ff96a3c0000 - 0x00007ff96a3d9000 	C:\WINDOWS\SYSTEM32\USP10.dll
0x00007ff96ce90000 - 0x00007ff96d15a000 	C:\WINDOWS\SYSTEM32\WININET.dll
0x00007ff96dd30000 - 0x00007ff96dd56000 	C:\WINDOWS\system32\dwmapi.dll
0x00007ff96daa0000 - 0x00007ff96dc25000 	C:\WINDOWS\SYSTEM32\propsys.dll
0x00007ff973660000 - 0x00007ff9736ff000 	C:\WINDOWS\System32\clbcatq.dll
0x00000000190b0000 - 0x00000000190ce000 	C:\Users\Utilizador\.Xilinx\SDK\2016.4\org.eclipse.osgi\319\0\.cp\swt-gdip-win32-4527.dll
0x00007ff965510000 - 0x00007ff9656aa000 	C:\WINDOWS\WinSxS\amd64_microsoft.windows.gdiplus_6595b64144ccf1df_1.1.14393.953_none_7300116921188239\gdiplus.dll
0x00007ff96c910000 - 0x00007ff96cab8000 	C:\WINDOWS\SYSTEM32\WindowsCodecs.dll
0x0000000180000000 - 0x0000000180012000 	C:\Users\Utilizador\.Xilinx\SDK\2016.4\org.eclipse.osgi\133\0\.cp\os\win32\x86_64\localfile_1_0_0.dll
0x00007ff95f420000 - 0x00007ff95f485000 	C:\WINDOWS\SYSTEM32\oleacc.dll
0x00007ff96a9c0000 - 0x00007ff96a9c7000 	C:\WINDOWS\SYSTEM32\msimg32.dll
0x00007ff96c700000 - 0x00007ff96c711000 	C:\Users\Utilizador\.Xilinx\SDK\2016.4\org.eclipse.osgi\136\0\.cp\jWinHttp-1.0.0.dll
0x00007ff96dc60000 - 0x00007ff96dd2d000 	C:\WINDOWS\SYSTEM32\WINHTTP.dll
0x00007ff96ec40000 - 0x00007ff96ec4f000 	C:\Xilinx\SDK\2016.4\lib\win64.o\librdi_repo_manager.dll
0x00007ff96bb30000 - 0x00007ff96bb5a000 	C:\Xilinx\SDK\2016.4\lib\win64.o\libisl_sysinfo.dll
0x00007ff912f70000 - 0x00007ff913a1a000 	C:\Xilinx\SDK\2016.4\lib\win64.o\librdi_common.dll
0x00007ff9574d0000 - 0x00007ff957523000 	C:\Xilinx\SDK\2016.4\lib\win64.o\librdi_commonxillic.dll
0x00007ff923810000 - 0x00007ff923a08000 	C:\Xilinx\SDK\2016.4\lib\win64.o\librdi_hsm.dll
0x00007ff964c00000 - 0x00007ff964ca7000 	C:\WINDOWS\SYSTEM32\MSVCP110.dll
0x00007ff964cb0000 - 0x00007ff964d84000 	C:\WINDOWS\SYSTEM32\MSVCR110.dll
0x00007ff913df0000 - 0x00007ff91415e000 	C:\Xilinx\SDK\2016.4\lib\win64.o\libCOIN-all.dll
0x00007ff913bd0000 - 0x00007ff913def000 	C:\Xilinx\SDK\2016.4\lib\win64.o\libXil_lmgr11.dll
0x00007ff9711d0000 - 0x00007ff971225000 	C:\WINDOWS\System32\WINTRUST.dll
0x00007ff96c3c0000 - 0x00007ff96c3d0000 	C:\Xilinx\SDK\2016.4\lib\win64.o\libboost_date_time.dll
0x00007ff9650e0000 - 0x00007ff965104000 	C:\Xilinx\SDK\2016.4\lib\win64.o\libboost_filesystem.dll
0x00007ff954c20000 - 0x00007ff954c97000 	C:\Xilinx\SDK\2016.4\lib\win64.o\libboost_program_options.dll
0x00007ff94d910000 - 0x00007ff94da16000 	C:\Xilinx\SDK\2016.4\lib\win64.o\libboost_regex.dll
0x00007ff96c190000 - 0x00007ff96c1a3000 	C:\Xilinx\SDK\2016.4\lib\win64.o\libboost_signals.dll
0x00007ff96c330000 - 0x00007ff96c339000 	C:\Xilinx\SDK\2016.4\lib\win64.o\libboost_system.dll
0x00007ff96bd30000 - 0x00007ff96bd4d000 	C:\Xilinx\SDK\2016.4\lib\win64.o\libboost_thread.dll
0x00007ff96c260000 - 0x00007ff96c26b000 	C:\Xilinx\SDK\2016.4\lib\win64.o\libboost_xilinx.dll
0x00007ff94d890000 - 0x00007ff94d910000 	C:\Xilinx\SDK\2016.4\lib\win64.o\libhdlpsolve.dll
0x00007ff949fe0000 - 0x00007ff94a07a000 	C:\Xilinx\SDK\2016.4\lib\win64.o\libhdxml.dll
0x00007ff912ba0000 - 0x00007ff912f69000 	C:\Xilinx\SDK\2016.4\lib\win64.o\libisl_iostreams.dll
0x00007ff96b8a0000 - 0x00007ff96b8b5000 	C:\Xilinx\SDK\2016.4\lib\win64.o\pthreadVC2.dll
0x00007ff942640000 - 0x00007ff942770000 	C:\Xilinx\SDK\2016.4\lib\win64.o\librdi_curl.dll
0x00007ff96b860000 - 0x00007ff96b878000 	C:\Xilinx\SDK\2016.4\lib\win64.o\librdiconfig.dll
0x00007ff968c40000 - 0x00007ff968c5f000 	C:\Xilinx\SDK\2016.4\lib\win64.o\librdizlib.dll
0x0000000059f90000 - 0x000000005a0b7000 	C:\Xilinx\SDK\2016.4\lib\win64.o\tcl85t.dll
0x00000000263f0000 - 0x0000000026653000 	C:\Xilinx\SDK\2016.4\lib\win64.o\xerces-c_3_1.dll
0x00007ff963320000 - 0x00007ff9634e3000 	C:\WINDOWS\SYSTEM32\urlmon.dll
0x00007ff955770000 - 0x00007ff955793000 	C:\WINDOWS\SYSTEM32\VCOMP110.DLL
0x00007ff963e50000 - 0x00007ff963e93000 	C:\Xilinx\SDK\2016.4\lib\win64.o\librdi_hdf.dll
0x00007ff9128d0000 - 0x00007ff912b98000 	C:\Xilinx\SDK\2016.4\lib\win64.o\librdi_ippcw.dll
0x00007ff96a770000 - 0x00007ff96a788000 	C:\WINDOWS\SYSTEM32\NETAPI32.dll
0x00007ff967160000 - 0x00007ff96716b000 	C:\Xilinx\SDK\2016.4\lib\win64.o\libboost_chrono.dll
0x00007ff964ac0000 - 0x00007ff964ad6000 	C:\Xilinx\SDK\2016.4\lib\win64.o\libboost_iostreams.dll
0x00007ff9574a0000 - 0x00007ff9574c3000 	C:\Xilinx\SDK\2016.4\lib\win64.o\libisl_iosutils.dll
0x00007ff96ab70000 - 0x00007ff96ae15000 	C:\WINDOWS\SYSTEM32\iertutil.dll
0x00007ff962a20000 - 0x00007ff962a62000 	C:\WINDOWS\SYSTEM32\edputil.dll
0x00007ff964aa0000 - 0x00007ff964ab6000 	C:\Xilinx\SDK\2016.4\eclipse\win64.o\plugins\org.eclipse.cdt.core.win32.x86_64_5.4.0.201509131935\os\win32\x86_64\spawner.dll
0x00007ff96c6f0000 - 0x00007ff96c6fa000 	C:\Xilinx\SDK\2016.4\lib\win64.o\librdi_jtag_settings.dll
0x00007ff9583b0000 - 0x00007ff9583d9000 	C:\Xilinx\SDK\2016.4\lib\win64.o\librdi_debug_dialog.dll
0x00007ff967150000 - 0x00007ff967158000 	C:\Xilinx\SDK\2016.4\lib\win64.o\librdi_target_manager.dll
0x00007ff90e780000 - 0x00007ff90ef90000 	C:\Xilinx\SDK\2016.4\lib\win64.o\libXil_lmgr11FNP.dll
0x00007ff973bf0000 - 0x00007ff974019000 	C:\WINDOWS\System32\SETUPAPI.dll
0x00007ff961440000 - 0x00007ff96144c000 	C:\WINDOWS\SYSTEM32\snmpapi.dll
0x00007ff970450000 - 0x00007ff97047c000 	C:\WINDOWS\SYSTEM32\SspiCli.dll
0x00000000197c0000 - 0x00000000197c3000 	C:\WINDOWS\SYSTEM32\icmp.Dll

VM Arguments:
jvm_args: -Dcom.xilinx.sdk.args.hwspec=C:/Users/Utilizador/Desktop/Universidade/4_ano/2_semestre/CR/Projeto/ProjetoFinal/MP_ToDisplays/MP_ToDisplays.sdk/DebUART_wrapper.hdf -Xms64m -Xmx512m & 
java_command: <unknown>
java_class_path (initial): C:\Xilinx\SDK\2016.4\eclipse\win64.o\\plugins/org.eclipse.equinox.launcher_1.3.100.v20150511-1540.jar
Launcher Type: generic

Environment Variables:
JAVA_HOME=C:\Program Files\Java\jdk1.8.0_101
PATH=C:/Xilinx/SDK/2016.4/tps/win64/jre/bin/server;C:/Xilinx/SDK/2016.4/tps/win64/jre/bin;C:/Xilinx/SDK/2016.4/tps/win64/jre/lib/amd64;C:\Xilinx\SDK\2016.4\gnuwin\bin;C:\Xilinx\SDK\2016.4\gnu\microblaze\nt\bin;C:\Xilinx\SDK\2016.4\gnu\microblaze\linux_toolchain\nt64_le\bin;C:\Xilinx\SDK\2016.4\gnu\microblaze\linux_toolchain\nt64_be\bin;C:\Xilinx\SDK\2016.4\gnu\arm\nt\bin;C:\Xilinx\SDK\2016.4\gnu\aarch64\nt\aarch64-none\bin;C:\Xilinx\SDK\2016.4\gnu\aarch64\nt\aarch64-linux\bin;C:\Xilinx\SDK\2016.4\gnu\armr5\nt\gcc-arm-none-eabi\bin;C:\Xilinx\SDK\2016.4\gnu\aarch32\nt\gcc-arm-none-eabi\bin;C:\Xilinx\SDK\2016.4\gnu\aarch32\nt\gcc-arm-linux-gnueabi\bin;C:\Xilinx\SDK\2016.4\tps\win64\cmake-3.3.2\bin;;C:\Xilinx\SDK\2016.4\bin;C:\Xilinx\SDK\2016.4\lib\win64.o;C:\Xilinx\SDK\2016.4\tps\win64\jre\bin\server;C:\Xilinx\SDK\2016.4\tps\win64\jre\bin;C:\Xilinx\Vivado\2016.4\ids_lite\ISE\bin\nt64;C:\Xilinx\Vivado\2016.4\ids_lite\ISE\lib\nt64;C:\Xilinx\Vivado\2016.4\bin;C:\Xilinx\Vivado\2016.4\lib\win64.o;C:\Xilinx\Vivado\2016.4\tps\win64\jre\bin\server;C:\Xilinx\Vivado\2016.4\tps\win64\jre\bin;C:\Xilinx\Vivado_HLS\2016.4\bin;C:\WINDOWS\system32\Npcap;C:\Program Files\MATLAB\MATLAB Production Server\R2015a\runtime\win64;C:\Program Files\MATLAB\MATLAB Production Server\R2015a\bin;C:\Program Files\MATLAB\MATLAB Production Server\R2015a\polyspace\bin;C:\Program Files\PuTTY\;c:\Program Files\Intel\WiFi\bin\;c:\Program Files\Common Files\Intel\WirelessCommon\;C:\Users\Utilizador\AppData\Roaming\npm;C:\Users\Utilizador\AppData\Local\Microsoft\WindowsApps;C:\Python27;C:\Program Files\Java\jdk1.8.0_101\bin;C:\Program Files\NetBeans 8.2\java\maven\bin;C:\Users\Utilizador\Desktop\Universidade\4_ano\2_semestre\CR\Projeto\ProjetoFinal\MP_ToDisplays;
USERNAME=Utilizador
OS=Windows_NT
PROCESSOR_IDENTIFIER=Intel64 Family 6 Model 60 Stepping 3, GenuineIntel



---------------  S Y S T E M  ---------------

OS: Windows 10.0 , 64 bit Build 14393 (10.0.14393.1198)

CPU:total 8 (4 cores per cpu, 2 threads per core) family 6 model 60 stepping 3, cmov, cx8, fxsr, mmx, sse, sse2, sse3, ssse3, sse4.1, sse4.2, popcnt, avx, avx2, aes, clmul, erms, lzcnt, ht, tsc, tscinvbit, bmi1, bmi2

Memory: 4k page, physical 8319000k(3601728k free), swap 12976516k(6302832k free)

vm_info: Java HotSpot(TM) 64-Bit Server VM (25.66-b18) for windows-amd64 JRE (1.8.0_66-b18), built on Nov  9 2015 10:51:13 by "java_re" with MS VC++ 10.0 (VS2010)

time: Wed May 31 17:58:05 2017
elapsed time: 195 seconds (0d 0h 3m 15s)

