#
# A fatal error has been detected by the Java Runtime Environment:
#
#  Internal Error (0xc000000d), pid=12124, tid=9436
#
# JRE version: Java(TM) SE Runtime Environment (8.0_66-b18) (build 1.8.0_66-b18)
# Java VM: Java HotSpot(TM) 64-Bit Server VM (25.66-b18 mixed mode windows-amd64 compressed oops)
# Problematic frame:
# C  [ntdll.dll+0xff44c]
#
# Failed to write core dump. Minidumps are not enabled by default on client versions of Windows
#
# If you would like to submit a bug report, please visit:
#   http://bugreport.java.com/bugreport/crash.jsp
#

---------------  T H R E A D  ---------------

Current thread (0x0000000013d99000):  VMThread [stack: 0x0000000015a80000,0x0000000015b80000] [id=9436]

siginfo: ExceptionCode=0xc000000d

Registers:
RAX=0x0000000000000000, RBX=0xfffffffffffffffe, RCX=0x0000000000000000, RDX=0x0000000000000000
RSP=0x0000000015b7f270, RBP=0x00007ff964cb7408, RSI=0x0000000000000000, RDI=0x0000000000000f60
R8 =0x0000000000000000, R9 =0x0000000000020600, R10=0x0000000000000001, R11=0x0000000000000000
R12=0x000000000061a220, R13=0x000000001ca7f260, R14=0x000000000061a328, R15=0x0000000015b7f3e8
RIP=0x00007ff97447f44c, EFLAGS=0x0000000000000202

Top of Stack: (sp=0x0000000015b7f270)
0x0000000015b7f270:   0000000000000057 fffffffffffffffe
0x0000000015b7f280:   0000000000000000 0000000000000f60
0x0000000015b7f290:   00000000c000000d 0000000000000000
0x0000000015b7f2a0:   00007ff97447f44c 0000000000000000
0x0000000015b7f2b0:   0000000000000000 0000000000000000
0x0000000015b7f2c0:   0000000000000000 0000000000000000
0x0000000015b7f2d0:   0000000000000000 0000000000000000
0x0000000015b7f2e0:   0000000000000000 0000000000000000
0x0000000015b7f2f0:   0000000000000000 0000000000000000
0x0000000015b7f300:   0000000000000000 0000000000000000
0x0000000015b7f310:   0000000000000000 0000000000000000
0x0000000015b7f320:   0000000000000000 0000000000000000
0x0000000015b7f330:   000015b4003801f1 000000004b000000
0x0000000015b7f340:   0000000900000020 00007ff97444150d
0x0000000015b7f350:   0000000900000000 0000000000000000
0x0000000015b7f360:   004e005200450001 00007ff9676b2635 

Instructions: (pc=0x00007ff97447f44c)
0x00007ff97447f42c:   d5 fa ff c7 44 24 20 0d 00 00 c0 b9 57 00 00 00
0x00007ff97447f43c:   e8 7f 13 f6 ff 90 48 8d 4c 24 20 e8 04 bf f4 ff
0x00007ff97447f44c:   eb 00 48 8b 8c 24 c0 00 00 00 48 33 cc e8 82 74
0x00007ff97447f45c:   f9 ff 48 81 c4 d8 00 00 00 c3 40 55 48 83 ec 20 


Register to memory mapping:

RAX=0x0000000000000000 is an unknown value
RBX=0xfffffffffffffffe is an unknown value
RCX=0x0000000000000000 is an unknown value
RDX=0x0000000000000000 is an unknown value
RSP=0x0000000015b7f270 is an unknown value
RBP=0x00007ff964cb7408 is an unknown value
RSI=0x0000000000000000 is an unknown value
RDI=0x0000000000000f60 is an unknown value
R8 =0x0000000000000000 is an unknown value
R9 =0x0000000000020600 is an unknown value
R10=0x0000000000000001 is an unknown value
R11=0x0000000000000000 is an unknown value
R12=0x000000000061a220 is an unknown value
R13=0x000000001ca7f260 is an unknown value
R14=0x000000000061a328 is an unknown value
R15=0x0000000015b7f3e8 is an unknown value


Stack: [0x0000000015a80000,0x0000000015b80000],  sp=0x0000000015b7f270,  free space=1020k
Native frames: (J=compiled Java code, j=interpreted, Vv=VM code, C=native code)
C  [ntdll.dll+0xff44c]
C  [ntdll.dll+0xc150d]
C  [KERNEL32.DLL+0x1fafa]
C  [MSVCR110.dll+0x752d]
C  [MSVCR110.dll+0x73c6]
C  [MSVCR110.dll+0x14cca]
C  [MSVCR110.dll+0x13edc]
C  [MSVCR110.dll+0x239e]
C  [MSVCR110.dll+0xaf9e]
C  [MSVCP110.dll+0x397b9]
C  [librdi_common.dll+0x183a66]
C  [librdi_common.dll+0x1826fb]
C  [librdi_target_manager.dll+0x2400]
C  [librdi_target_manager.dll+0x2682]
C  [ntdll.dll+0x2a35f]
C  [ntdll.dll+0x806b]
C  [ntdll.dll+0x7d94]
C  [KERNEL32.DLL+0x1ce6a]
C  [MSVCR100.dll+0x20ccd]
V  [jvm.dll+0x210cc5]
V  [jvm.dll+0x249897]
V  [jvm.dll+0x248b36]
V  [jvm.dll+0x248fd1]
V  [jvm.dll+0x2491ee]
V  [jvm.dll+0x29a0fa]
C  [MSVCR100.dll+0x21d9f]
C  [MSVCR100.dll+0x21e3b]
C  [KERNEL32.DLL+0x8364]
C  [ntdll.dll+0x670d1]

VM_Operation (0x000000000014f4c0): Exit, mode: safepoint, requested by thread 0x000000000242e800


---------------  P R O C E S S  ---------------

Java Threads: ( => current thread )
  0x000000001ee4e800 JavaThread "pool-2-thread-1" [_thread_blocked, id=18008, stack(0x000000002c5a0000,0x000000002c6a0000)]
  0x000000001ee50000 JavaThread "Thread-38" daemon [_thread_blocked, id=14488, stack(0x0000000028fa0000,0x00000000290a0000)]
  0x000000001ee4d000 JavaThread "TCF Channel Transmitter" daemon [_thread_blocked, id=15556, stack(0x00000000262e0000,0x00000000263e0000)]
  0x000000001ee47000 JavaThread "TCF Channel Receiver" daemon [_thread_in_native, id=10432, stack(0x00000000261e0000,0x00000000262e0000)]
  0x000000001ee48800 JavaThread "Process monitor" daemon [_thread_in_native, id=17592, stack(0x0000000025290000,0x0000000025390000)]
  0x000000001c338800 JavaThread "Input Stream Monitor" daemon [_thread_blocked, id=4160, stack(0x0000000025190000,0x0000000025290000)]
  0x000000001c33c800 JavaThread "Output Stream Monitor" daemon [_thread_in_native, id=14680, stack(0x0000000025090000,0x0000000025190000)]
  0x000000001c33b800 JavaThread "Output Stream Monitor" daemon [_thread_in_native, id=7244, stack(0x0000000024f90000,0x0000000025090000)]
  0x000000001c338000 JavaThread "TCF Locator DNS Lookup" daemon [_thread_blocked, id=17840, stack(0x0000000023da0000,0x0000000023ea0000)]
  0x0000000018081800 JavaThread "TCF Locator Timer" daemon [_thread_blocked, id=18248, stack(0x0000000023ca0000,0x0000000023da0000)]
  0x0000000018083000 JavaThread "TCF Locator Receiver" daemon [_thread_in_native, id=14400, stack(0x0000000023ba0000,0x0000000023ca0000)]
  0x0000000018080000 JavaThread "TCF Timer Dispatcher" daemon [_thread_blocked, id=10408, stack(0x00000000239a0000,0x0000000023aa0000)]
  0x000000001758f000 JavaThread "EMF Reference Cleaner" daemon [_thread_blocked, id=10116, stack(0x00000000191d0000,0x00000000192d0000)]
  0x0000000015f58000 JavaThread "Service Thread" daemon [_thread_blocked, id=4704, stack(0x0000000016880000,0x0000000016980000)]
  0x0000000013dae000 JavaThread "C1 CompilerThread3" daemon [_thread_blocked, id=8604, stack(0x0000000016780000,0x0000000016880000)]
  0x0000000015eb1800 JavaThread "C2 CompilerThread2" daemon [_thread_blocked, id=12740, stack(0x0000000016680000,0x0000000016780000)]
  0x0000000015eb0800 JavaThread "C2 CompilerThread1" daemon [_thread_blocked, id=12572, stack(0x0000000016580000,0x0000000016680000)]
  0x0000000015eaf000 JavaThread "C2 CompilerThread0" daemon [_thread_blocked, id=11232, stack(0x0000000016480000,0x0000000016580000)]
  0x0000000015ebd000 JavaThread "Attach Listener" daemon [_thread_blocked, id=9568, stack(0x0000000016380000,0x0000000016480000)]
  0x0000000015ebc000 JavaThread "Signal Dispatcher" daemon [_thread_blocked, id=15368, stack(0x0000000016280000,0x0000000016380000)]
  0x000000000252a800 JavaThread "Finalizer" daemon [_thread_blocked, id=9244, stack(0x0000000015c80000,0x0000000015d80000)]
  0x0000000013d9c800 JavaThread "Reference Handler" daemon [_thread_blocked, id=9320, stack(0x0000000015b80000,0x0000000015c80000)]
  0x000000000242e800 JavaThread "main" [_thread_blocked, id=15004, stack(0x0000000000050000,0x0000000000150000)]

Other Threads:
=>0x0000000013d99000 VMThread [stack: 0x0000000015a80000,0x0000000015b80000] [id=9436]

VM state:at safepoint (shutting down)

VM Mutex/Monitor currently owned by a thread:  ([mutex/lock_event])
[0x000000000242dee0] Threads_lock - owner thread: 0x0000000013d99000

Heap:
 PSYoungGen      total 110080K, used 34232K [0x00000000f5580000, 0x00000000fe480000, 0x0000000100000000)
  eden space 77824K, 43% used [0x00000000f5580000,0x00000000f76ee2c0,0x00000000fa180000)
  from space 32256K, 0% used [0x00000000fa180000,0x00000000fa180000,0x00000000fc100000)
  to   space 32256K, 0% used [0x00000000fc500000,0x00000000fc500000,0x00000000fe480000)
 ParOldGen       total 116736K, used 57138K [0x00000000e0000000, 0x00000000e7200000, 0x00000000f5580000)
  object space 116736K, 48% used [0x00000000e0000000,0x00000000e37cc9f8,0x00000000e7200000)
 Metaspace       used 84787K, capacity 91948K, committed 92120K, reserved 1128448K
  class space    used 10127K, capacity 12401K, committed 12504K, reserved 1048576K

Card table byte_map: [0x00000000118f0000,0x0000000011a00000] byte_map_base: 0x00000000111f0000

Marking Bits: (ParMarkBitMap*) 0x0000000058e3a5b0
 Begin Bits: [0x00000000122b0000, 0x0000000012ab0000)
 End Bits:   [0x0000000012ab0000, 0x00000000132b0000)

Polling page: 0x0000000001de0000

CodeCache: size=245760Kb used=33744Kb max_used=34257Kb free=212015Kb
 bounds [0x0000000002530000, 0x00000000046f0000, 0x0000000011530000]
 total_blobs=10151 nmethods=9266 adapters=794
 compilation: enabled

Compilation events (10 events):
Event: 238.086 Thread 0x0000000013dae000 nmethod 11333 0x0000000002baf150 code [0x0000000002baf340, 0x0000000002bafe18]
Event: 238.087 Thread 0x0000000013dae000 11334       3       org.eclipse.osgi.storage.bundlefile.BundleFile::setMruIndex (6 bytes)
Event: 238.087 Thread 0x0000000013dae000 nmethod 11334 0x0000000002dfc710 code [0x0000000002dfc860, 0x0000000002dfc9b0]
Event: 238.088 Thread 0x0000000013dae000 11336  s!   3       org.eclipse.osgi.storage.bundlefile.ZipBundleFile::close (64 bytes)
Event: 238.089 Thread 0x0000000013dae000 nmethod 11336 0x0000000003532990 code [0x0000000003532b60, 0x00000000035334f8]
Event: 238.089 Thread 0x0000000013dae000 11338       3       org.eclipse.osgi.container.Module::holdsTransitionEventLock (25 bytes)
Event: 238.090 Thread 0x0000000013dae000 nmethod 11338 0x0000000002fc4a10 code [0x0000000002fc4ba0, 0x0000000002fc52c8]
Event: 238.090 Thread 0x0000000013dae000 11345   !   3       org.eclipse.osgi.container.ModuleDatabase::getRevisionsTimestamp (25 bytes)
Event: 238.091 Thread 0x0000000013dae000 nmethod 11345 0x0000000002d2d910 code [0x0000000002d2db20, 0x0000000002d2e858]
Event: 238.092 Thread 0x0000000013dae000 11346       3       org.eclipse.osgi.internal.framework.EquinoxContainerAdaptor::clearManifestCache (84 bytes)

GC Heap History (10 events):
Event: 161.200 GC heap before
{Heap before GC invocations=19 (full 4):
 PSYoungGen      total 105472K, used 58637K [0x00000000f5580000, 0x00000000fdf80000, 0x0000000100000000)
  eden space 75776K, 77% used [0x00000000f5580000,0x00000000f8ec3548,0x00000000f9f80000)
  from space 29696K, 0% used [0x00000000fbe80000,0x00000000fbe80000,0x00000000fdb80000)
  to   space 31744K, 0% used [0x00000000f9f80000,0x00000000f9f80000,0x00000000fbe80000)
 ParOldGen       total 116736K, used 57699K [0x00000000e0000000, 0x00000000e7200000, 0x00000000f5580000)
  object space 116736K, 49% used [0x00000000e0000000,0x00000000e3858c80,0x00000000e7200000)
 Metaspace       used 82019K, capacity 89316K, committed 89432K, reserved 1126400K
  class space    used 9873K, capacity 12037K, committed 12120K, reserved 1048576K
Event: 161.205 GC heap after
Heap after GC invocations=19 (full 4):
 PSYoungGen      total 107520K, used 3765K [0x00000000f5580000, 0x00000000fe080000, 0x0000000100000000)
  eden space 75776K, 0% used [0x00000000f5580000,0x00000000f5580000,0x00000000f9f80000)
  from space 31744K, 11% used [0x00000000f9f80000,0x00000000fa32d4b8,0x00000000fbe80000)
  to   space 32256K, 0% used [0x00000000fc100000,0x00000000fc100000,0x00000000fe080000)
 ParOldGen       total 116736K, used 57707K [0x00000000e0000000, 0x00000000e7200000, 0x00000000f5580000)
  object space 116736K, 49% used [0x00000000e0000000,0x00000000e385ac80,0x00000000e7200000)
 Metaspace       used 82019K, capacity 89316K, committed 89432K, reserved 1126400K
  class space    used 9873K, capacity 12037K, committed 12120K, reserved 1048576K
}
Event: 161.205 GC heap before
{Heap before GC invocations=20 (full 5):
 PSYoungGen      total 107520K, used 3765K [0x00000000f5580000, 0x00000000fe080000, 0x0000000100000000)
  eden space 75776K, 0% used [0x00000000f5580000,0x00000000f5580000,0x00000000f9f80000)
  from space 31744K, 11% used [0x00000000f9f80000,0x00000000fa32d4b8,0x00000000fbe80000)
  to   space 32256K, 0% used [0x00000000fc100000,0x00000000fc100000,0x00000000fe080000)
 ParOldGen       total 116736K, used 57707K [0x00000000e0000000, 0x00000000e7200000, 0x00000000f5580000)
  object space 116736K, 49% used [0x00000000e0000000,0x00000000e385ac80,0x00000000e7200000)
 Metaspace       used 82019K, capacity 89316K, committed 89432K, reserved 1126400K
  class space    used 9873K, capacity 12037K, committed 12120K, reserved 1048576K
Event: 161.548 GC heap after
Heap after GC invocations=20 (full 5):
 PSYoungGen      total 107520K, used 0K [0x00000000f5580000, 0x00000000fe080000, 0x0000000100000000)
  eden space 75776K, 0% used [0x00000000f5580000,0x00000000f5580000,0x00000000f9f80000)
  from space 31744K, 0% used [0x00000000f9f80000,0x00000000f9f80000,0x00000000fbe80000)
  to   space 32256K, 0% used [0x00000000fc100000,0x00000000fc100000,0x00000000fe080000)
 ParOldGen       total 116736K, used 58105K [0x00000000e0000000, 0x00000000e7200000, 0x00000000f5580000)
  object space 116736K, 49% used [0x00000000e0000000,0x00000000e38be7f0,0x00000000e7200000)
 Metaspace       used 82019K, capacity 89316K, committed 89432K, reserved 1126400K
  class space    used 9873K, capacity 12037K, committed 12120K, reserved 1048576K
}
Event: 199.295 GC heap before
{Heap before GC invocations=21 (full 5):
 PSYoungGen      total 107520K, used 75776K [0x00000000f5580000, 0x00000000fe080000, 0x0000000100000000)
  eden space 75776K, 100% used [0x00000000f5580000,0x00000000f9f80000,0x00000000f9f80000)
  from space 31744K, 0% used [0x00000000f9f80000,0x00000000f9f80000,0x00000000fbe80000)
  to   space 32256K, 0% used [0x00000000fc100000,0x00000000fc100000,0x00000000fe080000)
 ParOldGen       total 116736K, used 58105K [0x00000000e0000000, 0x00000000e7200000, 0x00000000f5580000)
  object space 116736K, 49% used [0x00000000e0000000,0x00000000e38be7f0,0x00000000e7200000)
 Metaspace       used 83319K, capacity 90600K, committed 90840K, reserved 1128448K
  class space    used 9984K, capacity 12209K, committed 12248K, reserved 1048576K
Event: 199.298 GC heap after
Heap after GC invocations=21 (full 5):
 PSYoungGen      total 110080K, used 1620K [0x00000000f5580000, 0x00000000fe480000, 0x0000000100000000)
  eden space 77824K, 0% used [0x00000000f5580000,0x00000000f5580000,0x00000000fa180000)
  from space 32256K, 5% used [0x00000000fc100000,0x00000000fc295158,0x00000000fe080000)
  to   space 32256K, 0% used [0x00000000fa180000,0x00000000fa180000,0x00000000fc100000)
 ParOldGen       total 116736K, used 58113K [0x00000000e0000000, 0x00000000e7200000, 0x00000000f5580000)
  object space 116736K, 49% used [0x00000000e0000000,0x00000000e38c07f0,0x00000000e7200000)
 Metaspace       used 83319K, capacity 90600K, committed 90840K, reserved 1128448K
  class space    used 9984K, capacity 12209K, committed 12248K, reserved 1048576K
}
Event: 221.206 GC heap before
{Heap before GC invocations=22 (full 5):
 PSYoungGen      total 110080K, used 22223K [0x00000000f5580000, 0x00000000fe480000, 0x0000000100000000)
  eden space 77824K, 26% used [0x00000000f5580000,0x00000000f699ec40,0x00000000fa180000)
  from space 32256K, 5% used [0x00000000fc100000,0x00000000fc295158,0x00000000fe080000)
  to   space 32256K, 0% used [0x00000000fa180000,0x00000000fa180000,0x00000000fc100000)
 ParOldGen       total 116736K, used 58113K [0x00000000e0000000, 0x00000000e7200000, 0x00000000f5580000)
  object space 116736K, 49% used [0x00000000e0000000,0x00000000e38c07f0,0x00000000e7200000)
 Metaspace       used 83459K, capacity 90792K, committed 90840K, reserved 1128448K
  class space    used 9984K, capacity 12209K, committed 12248K, reserved 1048576K
Event: 221.210 GC heap after
Heap after GC invocations=22 (full 5):
 PSYoungGen      total 110080K, used 1824K [0x00000000f5580000, 0x00000000fe480000, 0x0000000100000000)
  eden space 77824K, 0% used [0x00000000f5580000,0x00000000f5580000,0x00000000fa180000)
  from space 32256K, 5% used [0x00000000fa180000,0x00000000fa348000,0x00000000fc100000)
  to   space 32256K, 0% used [0x00000000fc500000,0x00000000fc500000,0x00000000fe480000)
 ParOldGen       total 116736K, used 58121K [0x00000000e0000000, 0x00000000e7200000, 0x00000000f5580000)
  object space 116736K, 49% used [0x00000000e0000000,0x00000000e38c27f0,0x00000000e7200000)
 Metaspace       used 83459K, capacity 90792K, committed 90840K, reserved 1128448K
  class space    used 9984K, capacity 12209K, committed 12248K, reserved 1048576K
}
Event: 221.210 GC heap before
{Heap before GC invocations=23 (full 6):
 PSYoungGen      total 110080K, used 1824K [0x00000000f5580000, 0x00000000fe480000, 0x0000000100000000)
  eden space 77824K, 0% used [0x00000000f5580000,0x00000000f5580000,0x00000000fa180000)
  from space 32256K, 5% used [0x00000000fa180000,0x00000000fa348000,0x00000000fc100000)
  to   space 32256K, 0% used [0x00000000fc500000,0x00000000fc500000,0x00000000fe480000)
 ParOldGen       total 116736K, used 58121K [0x00000000e0000000, 0x00000000e7200000, 0x00000000f5580000)
  object space 116736K, 49% used [0x00000000e0000000,0x00000000e38c27f0,0x00000000e7200000)
 Metaspace       used 83459K, capacity 90792K, committed 90840K, reserved 1128448K
  class space    used 9984K, capacity 12209K, committed 12248K, reserved 1048576K
Event: 221.487 GC heap after
Heap after GC invocations=23 (full 6):
 PSYoungGen      total 110080K, used 0K [0x00000000f5580000, 0x00000000fe480000, 0x0000000100000000)
  eden space 77824K, 0% used [0x00000000f5580000,0x00000000f5580000,0x00000000fa180000)
  from space 32256K, 0% used [0x00000000fa180000,0x00000000fa180000,0x00000000fc100000)
  to   space 32256K, 0% used [0x00000000fc500000,0x00000000fc500000,0x00000000fe480000)
 ParOldGen       total 116736K, used 57138K [0x00000000e0000000, 0x00000000e7200000, 0x00000000f5580000)
  object space 116736K, 48% used [0x00000000e0000000,0x00000000e37cc9f8,0x00000000e7200000)
 Metaspace       used 83459K, capacity 90792K, committed 90840K, reserved 1128448K
  class space    used 9984K, capacity 12209K, committed 12248K, reserved 1048576K
}

Deoptimization events (10 events):
Event: 237.476 Thread 0x000000001726a000 Uncommon trap: reason=array_check action=maybe_recompile pc=0x0000000003a5a4d8 method=java.util.Arrays.fill([Ljava/lang/Object;Ljava/lang/Object;)V @ 13
Event: 237.476 Thread 0x000000001726a000 Uncommon trap: reason=array_check action=maybe_recompile pc=0x0000000003a5a4d8 method=java.util.Arrays.fill([Ljava/lang/Object;Ljava/lang/Object;)V @ 13
Event: 237.476 Thread 0x000000001726a000 Uncommon trap: reason=array_check action=maybe_recompile pc=0x0000000003a5a4d8 method=java.util.Arrays.fill([Ljava/lang/Object;Ljava/lang/Object;)V @ 13
Event: 237.476 Thread 0x000000001726a000 Uncommon trap: reason=array_check action=maybe_recompile pc=0x0000000003a5a4d8 method=java.util.Arrays.fill([Ljava/lang/Object;Ljava/lang/Object;)V @ 13
Event: 237.491 Thread 0x0000000020da0000 Uncommon trap: reason=unstable_if action=reinterpret pc=0x000000000420aa24 method=org.eclipse.swt.graphics.Resource.dispose()V @ 15
Event: 238.027 Thread 0x0000000020da0000 Uncommon trap: reason=unstable_if action=reinterpret pc=0x000000000343159c method=org.eclipse.osgi.internal.hooks.EclipseLazyStarter.shouldActivateFor(Ljava/lang/String;Lorg/eclipse/osgi/container/Module;Lorg/eclipse/osgi/container/ModuleRevision;Lorg/ecliXg‡Á¿m@
Event: 238.028 Thread 0x000000001c33d000 Uncommon trap: reason=unstable_if action=reinterpret pc=0x000000000418dc88 method=org.eclipse.core.internal.jobs.JobManager.startJob(Lorg/eclipse/core/internal/jobs/Worker;)Lorg/eclipse/core/runtime/jobs/Job; @ 20
Event: 238.062 Thread 0x000000001c33d000 Uncommon trap: reason=unstable_if action=reinterpret pc=0x0000000004184e90 method=org.eclipse.core.internal.jobs.JobManager.nextJob()Lorg/eclipse/core/runtime/jobs/Job; @ 80
Event: 238.062 Thread 0x0000000017ee5000 Uncommon trap: reason=unstable_if action=reinterpret pc=0x0000000004184e90 method=org.eclipse.core.internal.jobs.JobManager.nextJob()Lorg/eclipse/core/runtime/jobs/Job; @ 80
Event: 238.079 Thread 0x0000000020da0000 Uncommon trap: reason=unstable_if action=reinterpret pc=0x00000000041b0de4 method=sun.reflect.UnsafeStaticObjectFieldAccessorImpl.set(Ljava/lang/Object;Ljava/lang/Object;)V @ 13

Internal exceptions (10 events):
Event: 237.388 Thread 0x000000000242e800 Exception <a 'java/io/FileNotFoundException'> (0x00000000f6ce6f00) thrown at [C:\re\workspace\8-2-build-windows-amd64-cygwin\jdk8u66\5298\hotspot\src\share\vm\prims\jni.cpp, line 709]
Event: 237.388 Thread 0x000000000242e800 Exception <a 'java/io/FileNotFoundException'> (0x00000000f6ce9340) thrown at [C:\re\workspace\8-2-build-windows-amd64-cygwin\jdk8u66\5298\hotspot\src\share\vm\prims\jni.cpp, line 709]
Event: 237.388 Thread 0x000000000242e800 Exception <a 'java/io/FileNotFoundException'> (0x00000000f6ceb780) thrown at [C:\re\workspace\8-2-build-windows-amd64-cygwin\jdk8u66\5298\hotspot\src\share\vm\prims\jni.cpp, line 709]
Event: 237.389 Thread 0x000000000242e800 Exception <a 'java/io/FileNotFoundException'> (0x00000000f6cedd00) thrown at [C:\re\workspace\8-2-build-windows-amd64-cygwin\jdk8u66\5298\hotspot\src\share\vm\prims\jni.cpp, line 709]
Event: 237.470 Thread 0x000000001ee4a000 Exception <a 'java/lang/InterruptedException'> (0x00000000f710f5d8) thrown at [C:\re\workspace\8-2-build-windows-amd64-cygwin\jdk8u66\5298\hotspot\src\share\vm\runtime\objectMonitor.cpp, line 1683]
Event: 238.062 Thread 0x0000000018085800 Exception <a 'java/lang/InterruptedException'> (0x00000000f6d28b68) thrown at [C:\re\workspace\8-2-build-windows-amd64-cygwin\jdk8u66\5298\hotspot\src\share\vm\runtime\objectMonitor.cpp, line 1683]
Event: 238.079 Thread 0x0000000020da0000 Implicit null exception at 0x00000000041b09d7 to 0x00000000041b0dd1
Event: 238.080 Thread 0x000000001726a000 Exception <a 'java/lang/InterruptedException'> (0x00000000f74b9740) thrown at [C:\re\workspace\8-2-build-windows-amd64-cygwin\jdk8u66\5298\hotspot\src\share\vm\runtime\objectMonitor.cpp, line 1683]
Event: 238.087 Thread 0x0000000018086000 Exception <a 'java/lang/InterruptedException'> (0x00000000f602a4e0) thrown at [C:\re\workspace\8-2-build-windows-amd64-cygwin\jdk8u66\5298\hotspot\src\share\vm\runtime\objectMonitor.cpp, line 1683]
Event: 238.087 Thread 0x0000000017da2000 Exception <a 'java/lang/InterruptedException'> (0x00000000f768d840) thrown at [C:\re\workspace\8-2-build-windows-amd64-cygwin\jdk8u66\5298\hotspot\src\share\vm\runtime\objectMonitor.cpp, line 1683]

Events (10 events):
Event: 238.089 Executing VM operation: RevokeBias
Event: 238.089 Executing VM operation: RevokeBias done
Event: 238.090 Thread 0x0000000020da0000 Thread exited: 0x0000000020da0000
Event: 238.090 loading class java/util/IdentityHashMap$KeyIterator
Event: 238.091 loading class java/util/IdentityHashMap$IdentityHashMapIterator
Event: 238.091 loading class java/util/IdentityHashMap$IdentityHashMapIterator done
Event: 238.091 loading class java/util/IdentityHashMap$KeyIterator done
Event: 238.091 Thread 0x0000000020da4800 Thread added: 0x0000000020da4800
Event: 238.091 Thread 0x0000000020da4800 Thread exited: 0x0000000020da4800
Event: 238.092 Executing VM operation: Exit


Dynamic libraries:
0x0000000000400000 - 0x000000000044f000 	C:\Xilinx\SDK\2016.4\eclipse\win64.o\eclipse.exe
0x00007ff974380000 - 0x00007ff974551000 	C:\WINDOWS\SYSTEM32\ntdll.dll
0x00007ff973360000 - 0x00007ff97340c000 	C:\WINDOWS\System32\KERNEL32.DLL
0x00007ff9676b0000 - 0x00007ff967704000 	C:\Program Files (x86)\AVG\Av\avghooka.dll
0x00007ff970ef0000 - 0x00007ff97110d000 	C:\WINDOWS\System32\KERNELBASE.dll
0x00007ff96ed80000 - 0x00007ff96edfa000 	C:\WINDOWS\system32\apphelp.dll
0x00007ff973700000 - 0x00007ff973865000 	C:\WINDOWS\System32\USER32.dll
0x00007ff970c70000 - 0x00007ff970c8e000 	C:\WINDOWS\System32\win32u.dll
0x00007ff9738e0000 - 0x00007ff973914000 	C:\WINDOWS\System32\GDI32.dll
0x00007ff970870000 - 0x00007ff9709f2000 	C:\WINDOWS\System32\gdi32full.dll
0x00007ff9742d0000 - 0x00007ff97436e000 	C:\WINDOWS\System32\msvcrt.dll
0x00007ff963b10000 - 0x00007ff963d8a000 	C:\WINDOWS\WinSxS\amd64_microsoft.windows.common-controls_6595b64144ccf1df_6.0.14393.953_none_42151e83c686086b\COMCTL32.dll
0x00007ff973920000 - 0x00007ff973be8000 	C:\WINDOWS\System32\combase.dll
0x00007ff970d40000 - 0x00007ff970e35000 	C:\WINDOWS\System32\ucrtbase.dll
0x00007ff973130000 - 0x00007ff973251000 	C:\WINDOWS\System32\RPCRT4.dll
0x00007ff971160000 - 0x00007ff9711ca000 	C:\WINDOWS\System32\bcryptPrimitives.dll
0x00007ff973260000 - 0x00007ff97328e000 	C:\WINDOWS\System32\IMM32.DLL
0x0000000072000000 - 0x0000000072012000 	C:\Xilinx\SDK\2016.4\eclipse\win64.o\plugins\org.eclipse.equinox.launcher.win32.win32.x86_64_1.1.300.v20150602-1417\eclipse_1611.dll
0x00007ff973410000 - 0x00007ff9734b2000 	C:\WINDOWS\System32\ADVAPI32.dll
0x00007ff971910000 - 0x00007ff971969000 	C:\WINDOWS\System32\sechost.dll
0x00007ff962ad0000 - 0x00007ff962ada000 	C:\WINDOWS\SYSTEM32\VERSION.dll
0x00007ff96efc0000 - 0x00007ff96f055000 	C:\WINDOWS\system32\uxtheme.dll
0x00007ff974020000 - 0x00007ff97417a000 	C:\WINDOWS\System32\MSCTF.dll
0x00007ff973290000 - 0x00007ff97334f000 	C:\WINDOWS\System32\OLEAUT32.dll
0x00007ff970bd0000 - 0x00007ff970c6c000 	C:\WINDOWS\System32\msvcp_win.dll
0x0000000058630000 - 0x0000000058eb9000 	C:\Xilinx\SDK\2016.4\tps\win64\jre\bin\server\jvm.dll
0x00007ff973350000 - 0x00007ff973358000 	C:\WINDOWS\System32\PSAPI.DLL
0x00007ff96c260000 - 0x00007ff96c269000 	C:\WINDOWS\SYSTEM32\WSOCK32.dll
0x00007ff973870000 - 0x00007ff9738da000 	C:\WINDOWS\System32\WS2_32.dll
0x00007ff96eac0000 - 0x00007ff96eae3000 	C:\WINDOWS\SYSTEM32\WINMM.dll
0x000000005afc0000 - 0x000000005b092000 	C:\WINDOWS\SYSTEM32\MSVCR100.dll
0x00007ff96e920000 - 0x00007ff96e94b000 	C:\WINDOWS\SYSTEM32\WINMMBASE.dll
0x00007ff971110000 - 0x00007ff971152000 	C:\WINDOWS\System32\cfgmgr32.dll
0x0000000059b20000 - 0x0000000059b2f000 	C:\Xilinx\SDK\2016.4\tps\win64\jre\bin\verify.dll
0x0000000059af0000 - 0x0000000059b19000 	C:\Xilinx\SDK\2016.4\tps\win64\jre\bin\java.dll
0x0000000059ad0000 - 0x0000000059ae6000 	C:\Xilinx\SDK\2016.4\tps\win64\jre\bin\zip.dll
0x00007ff971c20000 - 0x00007ff973128000 	C:\WINDOWS\System32\SHELL32.dll
0x00007ff971230000 - 0x00007ff97190a000 	C:\WINDOWS\System32\windows.storage.dll
0x00007ff970820000 - 0x00007ff97086c000 	C:\WINDOWS\System32\powrprof.dll
0x00007ff9741f0000 - 0x00007ff974242000 	C:\WINDOWS\System32\shlwapi.dll
0x00007ff970810000 - 0x00007ff97081f000 	C:\WINDOWS\System32\kernel.appcore.dll
0x00007ff970c90000 - 0x00007ff970d39000 	C:\WINDOWS\System32\shcore.dll
0x00007ff9707f0000 - 0x00007ff970804000 	C:\WINDOWS\System32\profapi.dll
0x00007ff970260000 - 0x00007ff970277000 	C:\WINDOWS\SYSTEM32\CRYPTSP.dll
0x00007ff96fcb0000 - 0x00007ff96fce3000 	C:\WINDOWS\system32\rsaenh.dll
0x00007ff970720000 - 0x00007ff97074b000 	C:\WINDOWS\SYSTEM32\bcrypt.dll
0x00007ff96ff30000 - 0x00007ff96ff4f000 	C:\WINDOWS\SYSTEM32\USERENV.dll
0x00007ff970250000 - 0x00007ff97025b000 	C:\WINDOWS\SYSTEM32\CRYPTBASE.dll
0x0000000059ab0000 - 0x0000000059aca000 	C:\Xilinx\SDK\2016.4\tps\win64\jre\bin\net.dll
0x00007ff9700b0000 - 0x00007ff97010c000 	C:\WINDOWS\system32\mswsock.dll
0x00007ff96fe30000 - 0x00007ff96fe68000 	C:\WINDOWS\SYSTEM32\IPHLPAPI.DLL
0x00007ff974370000 - 0x00007ff974378000 	C:\WINDOWS\System32\NSI.dll
0x00007ff96cc10000 - 0x00007ff96cc26000 	C:\WINDOWS\SYSTEM32\dhcpcsvc6.DLL
0x00007ff96cb40000 - 0x00007ff96cb5a000 	C:\WINDOWS\SYSTEM32\dhcpcsvc.DLL
0x0000000059a90000 - 0x0000000059aa1000 	C:\Xilinx\SDK\2016.4\tps\win64\jre\bin\nio.dll
0x00007ff95e4a0000 - 0x00007ff95e4b6000 	C:\WINDOWS\system32\napinsp.dll
0x00007ff95e470000 - 0x00007ff95e48a000 	C:\WINDOWS\system32\pnrpnsp.dll
0x00007ff96be20000 - 0x00007ff96be38000 	C:\WINDOWS\system32\NLAapi.dll
0x00007ff96fe70000 - 0x00007ff96ff11000 	C:\WINDOWS\SYSTEM32\DNSAPI.dll
0x00007ff962ee0000 - 0x00007ff962eee000 	C:\WINDOWS\System32\winrnr.dll
0x000000005b0d0000 - 0x000000005b0f6000 	C:\Program Files\Bonjour\mdnsNSP.dll
0x00007ff96b090000 - 0x00007ff96b09a000 	C:\Windows\System32\rasadhlp.dll
0x00007ff96b450000 - 0x00007ff96b4ba000 	C:\WINDOWS\System32\fwpuclnt.dll
0x0000000018ed0000 - 0x0000000018f78000 	C:\Users\Utilizador\.Xilinx\SDK\2016.4\org.eclipse.osgi\319\0\.cp\swt-win32-4527.dll
0x00007ff971a70000 - 0x00007ff971ba8000 	C:\WINDOWS\System32\ole32.dll
0x00007ff971970000 - 0x00007ff971a6a000 	C:\WINDOWS\System32\comdlg32.dll
0x00007ff970a00000 - 0x00007ff970bc9000 	C:\WINDOWS\System32\CRYPT32.dll
0x00007ff9707e0000 - 0x00007ff9707f0000 	C:\WINDOWS\System32\MSASN1.dll
0x00007ff96bc30000 - 0x00007ff96bcb6000 	C:\WINDOWS\SYSTEM32\WINSPOOL.DRV
0x00007ff956e60000 - 0x00007ff956e79000 	C:\WINDOWS\SYSTEM32\USP10.dll
0x00007ff96ce90000 - 0x00007ff96d15a000 	C:\WINDOWS\SYSTEM32\WININET.dll
0x00007ff96dd30000 - 0x00007ff96dd56000 	C:\WINDOWS\system32\dwmapi.dll
0x00007ff96daa0000 - 0x00007ff96dc25000 	C:\WINDOWS\SYSTEM32\propsys.dll
0x00007ff973660000 - 0x00007ff9736ff000 	C:\WINDOWS\System32\clbcatq.dll
0x00000000194d0000 - 0x00000000194ee000 	C:\Users\Utilizador\.Xilinx\SDK\2016.4\org.eclipse.osgi\319\0\.cp\swt-gdip-win32-4527.dll
0x00007ff965510000 - 0x00007ff9656aa000 	C:\WINDOWS\WinSxS\amd64_microsoft.windows.gdiplus_6595b64144ccf1df_1.1.14393.953_none_7300116921188239\gdiplus.dll
0x00007ff96c910000 - 0x00007ff96cab8000 	C:\WINDOWS\SYSTEM32\WindowsCodecs.dll
0x0000000180000000 - 0x0000000180012000 	C:\Users\Utilizador\.Xilinx\SDK\2016.4\org.eclipse.osgi\133\0\.cp\os\win32\x86_64\localfile_1_0_0.dll
0x00007ff95f420000 - 0x00007ff95f485000 	C:\WINDOWS\SYSTEM32\oleacc.dll
0x00007ff96a9c0000 - 0x00007ff96a9c7000 	C:\WINDOWS\SYSTEM32\msimg32.dll
0x00007ff95cb20000 - 0x00007ff95cb31000 	C:\Users\Utilizador\.Xilinx\SDK\2016.4\org.eclipse.osgi\136\0\.cp\jWinHttp-1.0.0.dll
0x00007ff96dc60000 - 0x00007ff96dd2d000 	C:\WINDOWS\SYSTEM32\WINHTTP.dll
0x00007ff965320000 - 0x00007ff96532f000 	C:\Xilinx\SDK\2016.4\lib\win64.o\librdi_repo_manager.dll
0x00007ff950b70000 - 0x00007ff950b9a000 	C:\Xilinx\SDK\2016.4\lib\win64.o\libisl_sysinfo.dll
0x00007ff90f9a0000 - 0x00007ff91044a000 	C:\Xilinx\SDK\2016.4\lib\win64.o\librdi_common.dll
0x00007ff94fdf0000 - 0x00007ff94fe43000 	C:\Xilinx\SDK\2016.4\lib\win64.o\librdi_commonxillic.dll
0x00007ff910a30000 - 0x00007ff910c28000 	C:\Xilinx\SDK\2016.4\lib\win64.o\librdi_hsm.dll
0x00007ff964c00000 - 0x00007ff964ca7000 	C:\WINDOWS\SYSTEM32\MSVCP110.dll
0x00007ff964cb0000 - 0x00007ff964d84000 	C:\WINDOWS\SYSTEM32\MSVCR110.dll
0x00007ff9106c0000 - 0x00007ff910a2e000 	C:\Xilinx\SDK\2016.4\lib\win64.o\libCOIN-all.dll
0x00007ff90f780000 - 0x00007ff90f99f000 	C:\Xilinx\SDK\2016.4\lib\win64.o\libXil_lmgr11.dll
0x00007ff9711d0000 - 0x00007ff971225000 	C:\WINDOWS\System32\WINTRUST.dll
0x00007ff964d90000 - 0x00007ff964da0000 	C:\Xilinx\SDK\2016.4\lib\win64.o\libboost_date_time.dll
0x00007ff94f7c0000 - 0x00007ff94f7e4000 	C:\Xilinx\SDK\2016.4\lib\win64.o\libboost_filesystem.dll
0x00007ff91fc40000 - 0x00007ff91fcb7000 	C:\Xilinx\SDK\2016.4\lib\win64.o\libboost_program_options.dll
0x00007ff91a170000 - 0x00007ff91a276000 	C:\Xilinx\SDK\2016.4\lib\win64.o\libboost_regex.dll
0x00007ff955520000 - 0x00007ff955533000 	C:\Xilinx\SDK\2016.4\lib\win64.o\libboost_signals.dll
0x00007ff963db0000 - 0x00007ff963db9000 	C:\Xilinx\SDK\2016.4\lib\win64.o\libboost_system.dll
0x00007ff9523d0000 - 0x00007ff9523ed000 	C:\Xilinx\SDK\2016.4\lib\win64.o\libboost_thread.dll
0x00007ff9636b0000 - 0x00007ff9636bb000 	C:\Xilinx\SDK\2016.4\lib\win64.o\libboost_xilinx.dll
0x00007ff91fbc0000 - 0x00007ff91fc40000 	C:\Xilinx\SDK\2016.4\lib\win64.o\libhdlpsolve.dll
0x00007ff91f990000 - 0x00007ff91fa2a000 	C:\Xilinx\SDK\2016.4\lib\win64.o\libhdxml.dll
0x00007ff90f0f0000 - 0x00007ff90f4b9000 	C:\Xilinx\SDK\2016.4\lib\win64.o\libisl_iostreams.dll
0x00007ff9522e0000 - 0x00007ff9522f5000 	C:\Xilinx\SDK\2016.4\lib\win64.o\pthreadVC2.dll
0x00007ff90f650000 - 0x00007ff90f780000 	C:\Xilinx\SDK\2016.4\lib\win64.o\librdi_curl.dll
0x00007ff951a60000 - 0x00007ff951a78000 	C:\Xilinx\SDK\2016.4\lib\win64.o\librdiconfig.dll
0x00007ff94db40000 - 0x00007ff94db5f000 	C:\Xilinx\SDK\2016.4\lib\win64.o\librdizlib.dll
0x0000000059b30000 - 0x0000000059c57000 	C:\Xilinx\SDK\2016.4\lib\win64.o\tcl85t.dll
0x0000000024c20000 - 0x0000000024e83000 	C:\Xilinx\SDK\2016.4\lib\win64.o\xerces-c_3_1.dll
0x00007ff963320000 - 0x00007ff9634e3000 	C:\WINDOWS\SYSTEM32\urlmon.dll
0x00007ff9649c0000 - 0x00007ff9649e3000 	C:\WINDOWS\SYSTEM32\VCOMP110.DLL
0x00007ff949380000 - 0x00007ff9493c3000 	C:\Xilinx\SDK\2016.4\lib\win64.o\librdi_hdf.dll
0x00007ff90ee20000 - 0x00007ff90f0e8000 	C:\Xilinx\SDK\2016.4\lib\win64.o\librdi_ippcw.dll
0x00007ff96a770000 - 0x00007ff96a788000 	C:\WINDOWS\SYSTEM32\NETAPI32.dll
0x00007ff962090000 - 0x00007ff96209b000 	C:\Xilinx\SDK\2016.4\lib\win64.o\libboost_chrono.dll
0x00007ff94a3e0000 - 0x00007ff94a3f6000 	C:\Xilinx\SDK\2016.4\lib\win64.o\libboost_iostreams.dll
0x00007ff91a140000 - 0x00007ff91a163000 	C:\Xilinx\SDK\2016.4\lib\win64.o\libisl_iosutils.dll
0x00007ff96ab70000 - 0x00007ff96ae15000 	C:\WINDOWS\SYSTEM32\iertutil.dll
0x00007ff962a20000 - 0x00007ff962a62000 	C:\WINDOWS\SYSTEM32\edputil.dll
0x00007ff9614b0000 - 0x00007ff9614ba000 	C:\Xilinx\SDK\2016.4\lib\win64.o\librdi_jtag_settings.dll
0x00007ff91a0d0000 - 0x00007ff91a0f9000 	C:\Xilinx\SDK\2016.4\lib\win64.o\librdi_debug_dialog.dll
0x00007ff960640000 - 0x00007ff960648000 	C:\Xilinx\SDK\2016.4\lib\win64.o\librdi_target_manager.dll
0x00007ff949360000 - 0x00007ff949376000 	C:\Xilinx\SDK\2016.4\eclipse\win64.o\plugins\org.eclipse.cdt.core.win32.x86_64_5.4.0.201509131935\os\win32\x86_64\spawner.dll
0x00007ff910ce0000 - 0x00007ff9114f0000 	C:\Xilinx\SDK\2016.4\lib\win64.o\libXil_lmgr11FNP.dll
0x00007ff973bf0000 - 0x00007ff974019000 	C:\WINDOWS\System32\SETUPAPI.dll
0x00007ff961440000 - 0x00007ff96144c000 	C:\WINDOWS\SYSTEM32\snmpapi.dll
0x00007ff970450000 - 0x00007ff97047c000 	C:\WINDOWS\SYSTEM32\SspiCli.dll
0x0000000019a30000 - 0x0000000019a33000 	C:\WINDOWS\SYSTEM32\icmp.Dll

VM Arguments:
jvm_args: -Dcom.xilinx.sdk.args.hwspec=C:/Users/Utilizador/Desktop/Universidade/4_ano/2_semestre/CR/Projeto/ProjetoFinal/MP_ToDisplays/MP_ToDisplays.sdk/DebUART_wrapper.hdf -Xms64m -Xmx512m & 
java_command: <unknown>
java_class_path (initial): C:\Xilinx\SDK\2016.4\eclipse\win64.o\\plugins/org.eclipse.equinox.launcher_1.3.100.v20150511-1540.jar
Launcher Type: generic

Environment Variables:
JAVA_HOME=C:\Program Files\Java\jdk1.8.0_101
PATH=C:/Xilinx/SDK/2016.4/tps/win64/jre/bin/server;C:/Xilinx/SDK/2016.4/tps/win64/jre/bin;C:/Xilinx/SDK/2016.4/tps/win64/jre/lib/amd64;C:\Xilinx\SDK\2016.4\gnuwin\bin;C:\Xilinx\SDK\2016.4\gnu\microblaze\nt\bin;C:\Xilinx\SDK\2016.4\gnu\microblaze\linux_toolchain\nt64_le\bin;C:\Xilinx\SDK\2016.4\gnu\microblaze\linux_toolchain\nt64_be\bin;C:\Xilinx\SDK\2016.4\gnu\arm\nt\bin;C:\Xilinx\SDK\2016.4\gnu\aarch64\nt\aarch64-none\bin;C:\Xilinx\SDK\2016.4\gnu\aarch64\nt\aarch64-linux\bin;C:\Xilinx\SDK\2016.4\gnu\armr5\nt\gcc-arm-none-eabi\bin;C:\Xilinx\SDK\2016.4\gnu\aarch32\nt\gcc-arm-none-eabi\bin;C:\Xilinx\SDK\2016.4\gnu\aarch32\nt\gcc-arm-linux-gnueabi\bin;C:\Xilinx\SDK\2016.4\tps\win64\cmake-3.3.2\bin;;C:\Xilinx\SDK\2016.4\bin;C:\Xilinx\SDK\2016.4\lib\win64.o;C:\Xilinx\SDK\2016.4\tps\win64\jre\bin\server;C:\Xilinx\SDK\2016.4\tps\win64\jre\bin;C:\Xilinx\Vivado\2016.4\ids_lite\ISE\bin\nt64;C:\Xilinx\Vivado\2016.4\ids_lite\ISE\lib\nt64;C:\Xilinx\Vivado\2016.4\bin;C:\Xilinx\Vivado\2016.4\lib\win64.o;C:\Xilinx\Vivado\2016.4\tps\win64\jre\bin\server;C:\Xilinx\Vivado\2016.4\tps\win64\jre\bin;C:\Xilinx\Vivado_HLS\2016.4\bin;C:\WINDOWS\system32\Npcap;C:\Program Files\MATLAB\MATLAB Production Server\R2015a\runtime\win64;C:\Program Files\MATLAB\MATLAB Production Server\R2015a\bin;C:\Program Files\MATLAB\MATLAB Production Server\R2015a\polyspace\bin;C:\Program Files\PuTTY\;c:\Program Files\Intel\WiFi\bin\;c:\Program Files\Common Files\Intel\WirelessCommon\;C:\Users\Utilizador\AppData\Roaming\npm;C:\Users\Utilizador\AppData\Local\Microsoft\WindowsApps;C:\Python27;C:\Program Files\Java\jdk1.8.0_101\bin;C:\Program Files\NetBeans 8.2\java\maven\bin;C:\Users\Utilizador\Desktop\Universidade\4_ano\2_semestre\CR\Projeto\ProjetoFinal\MP_ToDisplays;
USERNAME=Utilizador
OS=Windows_NT
PROCESSOR_IDENTIFIER=Intel64 Family 6 Model 60 Stepping 3, GenuineIntel



---------------  S Y S T E M  ---------------

OS: Windows 10.0 , 64 bit Build 14393 (10.0.14393.1198)

CPU:total 8 (4 cores per cpu, 2 threads per core) family 6 model 60 stepping 3, cmov, cx8, fxsr, mmx, sse, sse2, sse3, ssse3, sse4.1, sse4.2, popcnt, avx, avx2, aes, clmul, erms, lzcnt, ht, tsc, tscinvbit, bmi1, bmi2

Memory: 4k page, physical 8319000k(2786356k free), swap 12976516k(4843244k free)

vm_info: Java HotSpot(TM) 64-Bit Server VM (25.66-b18) for windows-amd64 JRE (1.8.0_66-b18), built on Nov  9 2015 10:51:13 by "java_re" with MS VC++ 10.0 (VS2010)

time: Fri May 26 19:25:31 2017
elapsed time: 252 seconds (0d 0h 4m 12s)

