#
# A fatal error has been detected by the Java Runtime Environment:
#
#  Internal Error (0xc000000d), pid=14152, tid=7276
#
# JRE version: Java(TM) SE Runtime Environment (8.0_66-b18) (build 1.8.0_66-b18)
# Java VM: Java HotSpot(TM) 64-Bit Server VM (25.66-b18 mixed mode windows-amd64 compressed oops)
# Problematic frame:
# C  [ntdll.dll+0xff44c]
#
# Failed to write core dump. Minidumps are not enabled by default on client versions of Windows
#
# If you would like to submit a bug report, please visit:
#   http://bugreport.java.com/bugreport/crash.jsp
#

---------------  T H R E A D  ---------------

Current thread (0x0000000013d49000):  VMThread [stack: 0x0000000015a20000,0x0000000015b20000] [id=7276]

siginfo: ExceptionCode=0xc000000d

Registers:
RAX=0x0000000000000000, RBX=0xfffffffffffffffe, RCX=0x0000000000000000, RDX=0x0000000000000000
RSP=0x0000000015b1f470, RBP=0x00007ff964cb7408, RSI=0x0000000000000000, RDI=0x0000000000000ec8
R8 =0x0000000000000000, R9 =0x0000000000020000, R10=0x0000000015b1ef50, R11=0x0000000015b1ef50
R12=0x0000000000527040, R13=0x000000001f6dc4a0, R14=0x0000000000527148, R15=0x0000000015b1f5e8
RIP=0x00007ff97447f44c, EFLAGS=0x0000000000000202

Top of Stack: (sp=0x0000000015b1f470)
0x0000000015b1f470:   0000000000000057 fffffffffffffffe
0x0000000015b1f480:   0000000000000000 0000000000000ec8
0x0000000015b1f490:   00000000c000000d 0000000000000000
0x0000000015b1f4a0:   00007ff97447f44c 0000000000000000
0x0000000015b1f4b0:   0000000000000000 0000000000000000
0x0000000015b1f4c0:   0000000000000000 0000000000000000
0x0000000015b1f4d0:   0000000000000000 0000000000000000
0x0000000015b1f4e0:   0000000000000000 0000000000000000
0x0000000015b1f4f0:   0000000000000000 0000000000000000
0x0000000015b1f500:   0000000000000000 0000000000000000
0x0000000015b1f510:   0000000000000000 0000000000000000
0x0000000015b1f520:   0000000000000000 0000000000000000
0x0000000015b1f530:   0000067a557d6629 0000000000000300
0x0000000015b1f540:   0000000900000020 00007ff97444150d
0x0000000015b1f550:   0000000900000000 0000000000000000
0x0000000015b1f560:   004e005200450001 00007ff9676b2635 

Instructions: (pc=0x00007ff97447f44c)
0x00007ff97447f42c:   d5 fa ff c7 44 24 20 0d 00 00 c0 b9 57 00 00 00
0x00007ff97447f43c:   e8 7f 13 f6 ff 90 48 8d 4c 24 20 e8 04 bf f4 ff
0x00007ff97447f44c:   eb 00 48 8b 8c 24 c0 00 00 00 48 33 cc e8 82 74
0x00007ff97447f45c:   f9 ff 48 81 c4 d8 00 00 00 c3 40 55 48 83 ec 20 


Register to memory mapping:

RAX=0x0000000000000000 is an unknown value
RBX=0xfffffffffffffffe is an unknown value
RCX=0x0000000000000000 is an unknown value
RDX=0x0000000000000000 is an unknown value
RSP=0x0000000015b1f470 is an unknown value
RBP=0x00007ff964cb7408 is an unknown value
RSI=0x0000000000000000 is an unknown value
RDI=0x0000000000000ec8 is an unknown value
R8 =0x0000000000000000 is an unknown value
R9 =0x0000000000020000 is an unknown value
R10=0x0000000015b1ef50 is an unknown value
R11=0x0000000015b1ef50 is an unknown value
R12=0x0000000000527040 is an unknown value
R13=0x000000001f6dc4a0 is an unknown value
R14=0x0000000000527148 is an unknown value
R15=0x0000000015b1f5e8 is an unknown value


Stack: [0x0000000015a20000,0x0000000015b20000],  sp=0x0000000015b1f470,  free space=1021k
Native frames: (J=compiled Java code, j=interpreted, Vv=VM code, C=native code)
C  [ntdll.dll+0xff44c]
C  [ntdll.dll+0xc150d]
C  [KERNEL32.DLL+0x1fafa]
C  [MSVCR110.dll+0x752d]
C  [MSVCR110.dll+0x73c6]
C  [MSVCR110.dll+0x14cca]
C  [MSVCR110.dll+0x13edc]
C  [MSVCR110.dll+0x239e]
C  [MSVCR110.dll+0xaf9e]
C  [MSVCP110.dll+0x397b9]
C  [librdi_common.dll+0x183a66]
C  [librdi_common.dll+0x1826fb]
C  [librdi_target_manager.dll+0x2400]
C  [librdi_target_manager.dll+0x2682]
C  [ntdll.dll+0x2a35f]
C  [ntdll.dll+0x806b]
C  [ntdll.dll+0x7d94]
C  [KERNEL32.DLL+0x1ce6a]
C  [MSVCR100.dll+0x20ccd]
V  [jvm.dll+0x210cc5]
V  [jvm.dll+0x249897]
V  [jvm.dll+0x248b36]
V  [jvm.dll+0x248fd1]
V  [jvm.dll+0x2491ee]
V  [jvm.dll+0x29a0fa]
C  [MSVCR100.dll+0x21d9f]
C  [MSVCR100.dll+0x21e3b]
C  [KERNEL32.DLL+0x8364]
C  [ntdll.dll+0x670d1]

VM_Operation (0x000000000014f4c0): Exit, mode: safepoint, requested by thread 0x0000000001ebe800


---------------  P R O C E S S  ---------------

Java Threads: ( => current thread )
  0x000000001c4d2800 JavaThread "pool-2-thread-2" [_thread_blocked, id=7876, stack(0x000000002df30000,0x000000002e030000)]
  0x000000001c4c9800 JavaThread "pool-2-thread-1" [_thread_blocked, id=13976, stack(0x000000002ba30000,0x000000002bb30000)]
  0x000000001c4cf000 JavaThread "Thread-37" daemon [_thread_blocked, id=14484, stack(0x0000000028030000,0x0000000028130000)]
  0x000000001e5af800 JavaThread "TCF Channel Transmitter" daemon [_thread_blocked, id=15156, stack(0x0000000026630000,0x0000000026730000)]
  0x000000001e5af000 JavaThread "TCF Channel Receiver" daemon [_thread_in_native, id=1156, stack(0x0000000026530000,0x0000000026630000)]
  0x000000001e5b0800 JavaThread "Process monitor" daemon [_thread_in_native, id=10008, stack(0x00000000259b0000,0x0000000025ab0000)]
  0x000000001e5ae000 JavaThread "Input Stream Monitor" daemon [_thread_blocked, id=17756, stack(0x00000000258b0000,0x00000000259b0000)]
  0x000000001e5a5000 JavaThread "Output Stream Monitor" daemon [_thread_in_native, id=3272, stack(0x00000000257b0000,0x00000000258b0000)]
  0x000000001733a800 JavaThread "Output Stream Monitor" daemon [_thread_in_native, id=15232, stack(0x00000000251a0000,0x00000000252a0000)]
  0x000000001e5a1000 JavaThread "TCF Locator DNS Lookup" daemon [_thread_blocked, id=7436, stack(0x0000000023840000,0x0000000023940000)]
  0x000000001e5a8000 JavaThread "TCF Locator Timer" daemon [_thread_blocked, id=12868, stack(0x0000000023740000,0x0000000023840000)]
  0x000000001e5a6800 JavaThread "TCF Locator Receiver" daemon [_thread_in_native, id=8252, stack(0x0000000023640000,0x0000000023740000)]
  0x000000001e5a2000 JavaThread "TCF Timer Dispatcher" daemon [_thread_blocked, id=9840, stack(0x0000000023440000,0x0000000023540000)]
  0x0000000017823000 JavaThread "EMF Reference Cleaner" daemon [_thread_blocked, id=10300, stack(0x0000000019230000,0x0000000019330000)]
  0x0000000015eed000 JavaThread "Service Thread" daemon [_thread_blocked, id=15524, stack(0x0000000016820000,0x0000000016920000)]
  0x0000000015e58000 JavaThread "C1 CompilerThread3" daemon [_thread_blocked, id=10408, stack(0x0000000016720000,0x0000000016820000)]
  0x0000000015e51000 JavaThread "C2 CompilerThread2" daemon [_thread_blocked, id=16620, stack(0x0000000016620000,0x0000000016720000)]
  0x0000000015e50800 JavaThread "C2 CompilerThread1" daemon [_thread_blocked, id=11492, stack(0x0000000016520000,0x0000000016620000)]
  0x0000000015e4e800 JavaThread "C2 CompilerThread0" daemon [_thread_blocked, id=9876, stack(0x0000000016420000,0x0000000016520000)]
  0x0000000015e5d000 JavaThread "Attach Listener" daemon [_thread_blocked, id=15008, stack(0x0000000016320000,0x0000000016420000)]
  0x0000000015e5c000 JavaThread "Signal Dispatcher" daemon [_thread_blocked, id=14964, stack(0x0000000016220000,0x0000000016320000)]
  0x00000000024da800 JavaThread "Finalizer" daemon [_thread_blocked, id=6680, stack(0x0000000015c20000,0x0000000015d20000)]
  0x0000000013d4d000 JavaThread "Reference Handler" daemon [_thread_blocked, id=14496, stack(0x0000000015b20000,0x0000000015c20000)]
  0x0000000001ebe800 JavaThread "main" [_thread_blocked, id=14588, stack(0x0000000000050000,0x0000000000150000)]

Other Threads:
=>0x0000000013d49000 VMThread [stack: 0x0000000015a20000,0x0000000015b20000] [id=7276]

VM state:at safepoint (shutting down)

VM Mutex/Monitor currently owned by a thread:  ([mutex/lock_event])
[0x0000000001ebd670] Threads_lock - owner thread: 0x0000000013d49000

Heap:
 PSYoungGen      total 111104K, used 37264K [0x00000000f5580000, 0x00000000fdf80000, 0x0000000100000000)
  eden space 83968K, 40% used [0x00000000f5580000,0x00000000f76c9a38,0x00000000fa780000)
  from space 27136K, 11% used [0x00000000fc500000,0x00000000fc81a688,0x00000000fdf80000)
  to   space 28672K, 0% used [0x00000000fa780000,0x00000000fa780000,0x00000000fc380000)
 ParOldGen       total 117248K, used 57331K [0x00000000e0000000, 0x00000000e7280000, 0x00000000f5580000)
  object space 117248K, 48% used [0x00000000e0000000,0x00000000e37fcfd0,0x00000000e7280000)
 Metaspace       used 85098K, capacity 92436K, committed 92584K, reserved 1130496K
  class space    used 10133K, capacity 12371K, committed 12464K, reserved 1048576K

Card table byte_map: [0x00000000118a0000,0x00000000119b0000] byte_map_base: 0x00000000111a0000

Marking Bits: (ParMarkBitMap*) 0x000000005839a5b0
 Begin Bits: [0x0000000012260000, 0x0000000012a60000)
 End Bits:   [0x0000000012a60000, 0x0000000013260000)

Polling page: 0x0000000000460000

CodeCache: size=245760Kb used=34784Kb max_used=35068Kb free=210975Kb
 bounds [0x00000000024e0000, 0x0000000004780000, 0x00000000114e0000]
 total_blobs=10372 nmethods=9484 adapters=795
 compilation: enabled

Compilation events (10 events):
Event: 344.097 Thread 0x0000000015e58000 nmethod 11588 0x0000000003889910 code [0x0000000003889ae0, 0x000000000388a478]
Event: 344.098 Thread 0x0000000015e58000 11590       3       org.eclipse.osgi.container.Module::holdsTransitionEventLock (25 bytes)
Event: 344.098 Thread 0x0000000015e51000 11598       4       java.lang.Long::hashCode (8 bytes)
Event: 344.098 Thread 0x0000000015e58000 nmethod 11590 0x0000000002e2ab90 code [0x0000000002e2ad20, 0x0000000002e2b448]
Event: 344.098 Thread 0x0000000015e51000 nmethod 11598 0x0000000002ba1b10 code [0x0000000002ba1c40, 0x0000000002ba1cb8]
Event: 344.098 Thread 0x0000000015e51000 11601       4       java.util.concurrent.locks.AbstractQueuedSynchronizer::release (33 bytes)
Event: 344.099 Thread 0x0000000015e58000 11595       3       sun.misc.Unsafe::getAndSetObject (24 bytes)
Event: 344.099 Thread 0x0000000015e51000 nmethod 11601 0x00000000027fdb90 code [0x00000000027fdce0, 0x00000000027fdda8]
Event: 344.099 Thread 0x0000000015e58000 nmethod 11595 0x0000000002b8d310 code [0x0000000002b8d480, 0x0000000002b8d690]
Event: 344.099 Thread 0x0000000015e58000 11596       3       org.eclipse.osgi.internal.framework.EquinoxContainerAdaptor::invalidateWiring (186 bytes)

GC Heap History (10 events):
Event: 127.026 GC heap before
{Heap before GC invocations=20 (full 5):
 PSYoungGen      total 107520K, used 2529K [0x00000000f5580000, 0x00000000fdc00000, 0x0000000100000000)
  eden space 78848K, 0% used [0x00000000f5580000,0x00000000f5580000,0x00000000fa280000)
  from space 28672K, 8% used [0x00000000fa280000,0x00000000fa4f85e0,0x00000000fbe80000)
  to   space 29184K, 0% used [0x00000000fbf80000,0x00000000fbf80000,0x00000000fdc00000)
 ParOldGen       total 117248K, used 55477K [0x00000000e0000000, 0x00000000e7280000, 0x00000000f5580000)
  object space 117248K, 47% used [0x00000000e0000000,0x00000000e362d598,0x00000000e7280000)
 Metaspace       used 80456K, capacity 87644K, committed 87976K, reserved 1126400K
  class space    used 9719K, capacity 11825K, committed 11952K, reserved 1048576K
Event: 127.406 GC heap after
Heap after GC invocations=20 (full 5):
 PSYoungGen      total 107520K, used 0K [0x00000000f5580000, 0x00000000fdc00000, 0x0000000100000000)
  eden space 78848K, 0% used [0x00000000f5580000,0x00000000f5580000,0x00000000fa280000)
  from space 28672K, 0% used [0x00000000fa280000,0x00000000fa280000,0x00000000fbe80000)
  to   space 29184K, 0% used [0x00000000fbf80000,0x00000000fbf80000,0x00000000fdc00000)
 ParOldGen       total 117248K, used 57335K [0x00000000e0000000, 0x00000000e7280000, 0x00000000f5580000)
  object space 117248K, 48% used [0x00000000e0000000,0x00000000e37fdd98,0x00000000e7280000)
 Metaspace       used 80456K, capacity 87644K, committed 87976K, reserved 1126400K
  class space    used 9719K, capacity 11825K, committed 11952K, reserved 1048576K
}
Event: 223.101 GC heap before
{Heap before GC invocations=21 (full 5):
 PSYoungGen      total 107520K, used 78848K [0x00000000f5580000, 0x00000000fdc00000, 0x0000000100000000)
  eden space 78848K, 100% used [0x00000000f5580000,0x00000000fa280000,0x00000000fa280000)
  from space 28672K, 0% used [0x00000000fa280000,0x00000000fa280000,0x00000000fbe80000)
  to   space 29184K, 0% used [0x00000000fbf80000,0x00000000fbf80000,0x00000000fdc00000)
 ParOldGen       total 117248K, used 57335K [0x00000000e0000000, 0x00000000e7280000, 0x00000000f5580000)
  object space 117248K, 48% used [0x00000000e0000000,0x00000000e37fdd98,0x00000000e7280000)
 Metaspace       used 82857K, capacity 90180K, committed 90280K, reserved 1128448K
  class space    used 9967K, capacity 12177K, committed 12208K, reserved 1048576K
Event: 223.107 GC heap after
Heap after GC invocations=21 (full 5):
 PSYoungGen      total 108544K, used 4164K [0x00000000f5580000, 0x00000000fe180000, 0x0000000100000000)
  eden space 79360K, 0% used [0x00000000f5580000,0x00000000f5580000,0x00000000fa300000)
  from space 29184K, 14% used [0x00000000fbf80000,0x00000000fc391260,0x00000000fdc00000)
  to   space 29184K, 0% used [0x00000000fa300000,0x00000000fa300000,0x00000000fbf80000)
 ParOldGen       total 117248K, used 57343K [0x00000000e0000000, 0x00000000e7280000, 0x00000000f5580000)
  object space 117248K, 48% used [0x00000000e0000000,0x00000000e37ffd98,0x00000000e7280000)
 Metaspace       used 82857K, capacity 90180K, committed 90280K, reserved 1128448K
  class space    used 9967K, capacity 12177K, committed 12208K, reserved 1048576K
}
Event: 227.771 GC heap before
{Heap before GC invocations=22 (full 5):
 PSYoungGen      total 108544K, used 19637K [0x00000000f5580000, 0x00000000fe180000, 0x0000000100000000)
  eden space 79360K, 19% used [0x00000000f5580000,0x00000000f649c2b0,0x00000000fa300000)
  from space 29184K, 14% used [0x00000000fbf80000,0x00000000fc391260,0x00000000fdc00000)
  to   space 29184K, 0% used [0x00000000fa300000,0x00000000fa300000,0x00000000fbf80000)
 ParOldGen       total 117248K, used 57343K [0x00000000e0000000, 0x00000000e7280000, 0x00000000f5580000)
  object space 117248K, 48% used [0x00000000e0000000,0x00000000e37ffd98,0x00000000e7280000)
 Metaspace       used 82998K, capacity 90308K, committed 90536K, reserved 1128448K
  class space    used 9967K, capacity 12177K, committed 12208K, reserved 1048576K
Event: 227.774 GC heap after
Heap after GC invocations=22 (full 5):
 PSYoungGen      total 108544K, used 3139K [0x00000000f5580000, 0x00000000fe180000, 0x0000000100000000)
  eden space 79360K, 0% used [0x00000000f5580000,0x00000000f5580000,0x00000000fa300000)
  from space 29184K, 10% used [0x00000000fa300000,0x00000000fa610e40,0x00000000fbf80000)
  to   space 29184K, 0% used [0x00000000fc500000,0x00000000fc500000,0x00000000fe180000)
 ParOldGen       total 117248K, used 57351K [0x00000000e0000000, 0x00000000e7280000, 0x00000000f5580000)
  object space 117248K, 48% used [0x00000000e0000000,0x00000000e3801d98,0x00000000e7280000)
 Metaspace       used 82998K, capacity 90308K, committed 90536K, reserved 1128448K
  class space    used 9967K, capacity 12177K, committed 12208K, reserved 1048576K
}
Event: 227.774 GC heap before
{Heap before GC invocations=23 (full 6):
 PSYoungGen      total 108544K, used 3139K [0x00000000f5580000, 0x00000000fe180000, 0x0000000100000000)
  eden space 79360K, 0% used [0x00000000f5580000,0x00000000f5580000,0x00000000fa300000)
  from space 29184K, 10% used [0x00000000fa300000,0x00000000fa610e40,0x00000000fbf80000)
  to   space 29184K, 0% used [0x00000000fc500000,0x00000000fc500000,0x00000000fe180000)
 ParOldGen       total 117248K, used 57351K [0x00000000e0000000, 0x00000000e7280000, 0x00000000f5580000)
  object space 117248K, 48% used [0x00000000e0000000,0x00000000e3801d98,0x00000000e7280000)
 Metaspace       used 82998K, capacity 90308K, committed 90536K, reserved 1128448K
  class space    used 9967K, capacity 12177K, committed 12208K, reserved 1048576K
Event: 228.078 GC heap after
Heap after GC invocations=23 (full 6):
 PSYoungGen      total 108544K, used 0K [0x00000000f5580000, 0x00000000fe180000, 0x0000000100000000)
  eden space 79360K, 0% used [0x00000000f5580000,0x00000000f5580000,0x00000000fa300000)
  from space 29184K, 0% used [0x00000000fa300000,0x00000000fa300000,0x00000000fbf80000)
  to   space 29184K, 0% used [0x00000000fc500000,0x00000000fc500000,0x00000000fe180000)
 ParOldGen       total 117248K, used 57259K [0x00000000e0000000, 0x00000000e7280000, 0x00000000f5580000)
  object space 117248K, 48% used [0x00000000e0000000,0x00000000e37eafc0,0x00000000e7280000)
 Metaspace       used 82998K, capacity 90308K, committed 90536K, reserved 1128448K
  class space    used 9967K, capacity 12177K, committed 12208K, reserved 1048576K
}
Event: 339.692 GC heap before
{Heap before GC invocations=24 (full 6):
 PSYoungGen      total 108544K, used 79360K [0x00000000f5580000, 0x00000000fe180000, 0x0000000100000000)
  eden space 79360K, 100% used [0x00000000f5580000,0x00000000fa300000,0x00000000fa300000)
  from space 29184K, 0% used [0x00000000fa300000,0x00000000fa300000,0x00000000fbf80000)
  to   space 29184K, 0% used [0x00000000fc500000,0x00000000fc500000,0x00000000fe180000)
 ParOldGen       total 117248K, used 57259K [0x00000000e0000000, 0x00000000e7280000, 0x00000000f5580000)
  object space 117248K, 48% used [0x00000000e0000000,0x00000000e37eafc0,0x00000000e7280000)
 Metaspace       used 84140K, capacity 91568K, committed 91944K, reserved 1128448K
  class space    used 10027K, capacity 12211K, committed 12336K, reserved 1048576K
Event: 339.697 GC heap after
Heap after GC invocations=24 (full 6):
 PSYoungGen      total 111104K, used 3177K [0x00000000f5580000, 0x00000000fdf80000, 0x0000000100000000)
  eden space 83968K, 0% used [0x00000000f5580000,0x00000000f5580000,0x00000000fa780000)
  from space 27136K, 11% used [0x00000000fc500000,0x00000000fc81a688,0x00000000fdf80000)
  to   space 28672K, 0% used [0x00000000fa780000,0x00000000fa780000,0x00000000fc380000)
 ParOldGen       total 117248K, used 57331K [0x00000000e0000000, 0x00000000e7280000, 0x00000000f5580000)
  object space 117248K, 48% used [0x00000000e0000000,0x00000000e37fcfd0,0x00000000e7280000)
 Metaspace       used 84140K, capacity 91568K, committed 91944K, reserved 1128448K
  class space    used 10027K, capacity 12211K, committed 12336K, reserved 1048576K
}

Deoptimization events (10 events):
Event: 343.339 Thread 0x000000001e5a4000 Uncommon trap: reason=unstable_if action=reinterpret pc=0x0000000003b54b08 method=org.eclipse.e4.ui.internal.workbench.swt.E4Application$1.syncExec(Ljava/lang/Runnable;)V @ 14
Event: 343.373 Thread 0x000000001c4d4000 Uncommon trap: reason=unstable_if action=reinterpret pc=0x0000000003f5b9a8 method=org.eclipse.equinox.internal.event.EventHandlerTracker.getHandlers(Ljava/lang/String;)Ljava/util/Set; @ 28
Event: 343.431 Thread 0x000000001c4ce000 Uncommon trap: reason=unstable_if action=reinterpret pc=0x00000000026607e4 method=sun.nio.cs.SingleByte$Encoder.encode(C)I @ 13
Event: 343.445 Thread 0x000000001c4d4000 Uncommon trap: reason=unstable_if action=reinterpret pc=0x00000000044233e4 method=org.eclipse.swt.graphics.Resource.dispose()V @ 15
Event: 343.986 Thread 0x000000001c4d4000 Uncommon trap: reason=unstable_if action=reinterpret pc=0x000000000296e028 method=org.eclipse.osgi.internal.hooks.EclipseLazyStarter.shouldActivateFor(Ljava/lang/String;Lorg/eclipse/osgi/container/Module;Lorg/eclipse/osgi/container/ModuleRevision;Lorg/ecli€v´¯Óu@
Event: 343.989 Thread 0x000000001e5ac800 Uncommon trap: reason=unstable_if action=reinterpret pc=0x00000000042c24c4 method=org.eclipse.core.internal.jobs.JobManager.startJob(Lorg/eclipse/core/internal/jobs/Worker;)Lorg/eclipse/core/runtime/jobs/Job; @ 20
Event: 344.073 Thread 0x000000001e5ac800 Uncommon trap: reason=unstable_if action=reinterpret pc=0x000000000427a4f8 method=org.eclipse.core.internal.jobs.JobManager.nextJob()Lorg/eclipse/core/runtime/jobs/Job; @ 80
Event: 344.073 Thread 0x000000001c4cc000 Uncommon trap: reason=unstable_if action=reinterpret pc=0x000000000427a4f8 method=org.eclipse.core.internal.jobs.JobManager.nextJob()Lorg/eclipse/core/runtime/jobs/Job; @ 80
Event: 344.073 Thread 0x000000001e5ab800 Uncommon trap: reason=unstable_if action=reinterpret pc=0x000000000427a4f8 method=org.eclipse.core.internal.jobs.JobManager.nextJob()Lorg/eclipse/core/runtime/jobs/Job; @ 80
Event: 344.089 Thread 0x000000001c4d4000 Uncommon trap: reason=unstable_if action=reinterpret pc=0x0000000003f01e28 method=sun.reflect.UnsafeStaticObjectFieldAccessorImpl.set(Ljava/lang/Object;Ljava/lang/Object;)V @ 13

Internal exceptions (10 events):
Event: 343.320 Thread 0x0000000001ebe800 Exception <a 'java/io/FileNotFoundException'> (0x00000000f6c5cb00) thrown at [C:\re\workspace\8-2-build-windows-amd64-cygwin\jdk8u66\5298\hotspot\src\share\vm\prims\jni.cpp, line 709]
Event: 343.320 Thread 0x0000000001ebe800 Exception <a 'java/io/FileNotFoundException'> (0x00000000f6c5ee68) thrown at [C:\re\workspace\8-2-build-windows-amd64-cygwin\jdk8u66\5298\hotspot\src\share\vm\prims\jni.cpp, line 709]
Event: 343.320 Thread 0x0000000001ebe800 Exception <a 'java/io/FileNotFoundException'> (0x00000000f6c611d0) thrown at [C:\re\workspace\8-2-build-windows-amd64-cygwin\jdk8u66\5298\hotspot\src\share\vm\prims\jni.cpp, line 709]
Event: 343.320 Thread 0x0000000001ebe800 Exception <a 'java/io/FileNotFoundException'> (0x00000000f6c63678) thrown at [C:\re\workspace\8-2-build-windows-amd64-cygwin\jdk8u66\5298\hotspot\src\share\vm\prims\jni.cpp, line 709]
Event: 343.418 Thread 0x000000001c4cd800 Exception <a 'java/lang/InterruptedException'> (0x00000000f70c0f20) thrown at [C:\re\workspace\8-2-build-windows-amd64-cygwin\jdk8u66\5298\hotspot\src\share\vm\runtime\objectMonitor.cpp, line 1683]
Event: 344.072 Thread 0x000000001e5a4000 Exception <a 'java/lang/InterruptedException'> (0x00000000f6751ea8) thrown at [C:\re\workspace\8-2-build-windows-amd64-cygwin\jdk8u66\5298\hotspot\src\share\vm\runtime\objectMonitor.cpp, line 1683]
Event: 344.089 Thread 0x000000001c4d4000 Implicit null exception at 0x0000000003f01a17 to 0x0000000003f01e15
Event: 344.089 Thread 0x000000001757b000 Exception <a 'java/lang/InterruptedException'> (0x00000000f7465148) thrown at [C:\re\workspace\8-2-build-windows-amd64-cygwin\jdk8u66\5298\hotspot\src\share\vm\runtime\objectMonitor.cpp, line 1683]
Event: 344.096 Thread 0x000000001e5a3800 Exception <a 'java/lang/InterruptedException'> (0x00000000f72c7710) thrown at [C:\re\workspace\8-2-build-windows-amd64-cygwin\jdk8u66\5298\hotspot\src\share\vm\runtime\objectMonitor.cpp, line 1683]
Event: 344.096 Thread 0x000000001720d800 Exception <a 'java/lang/InterruptedException'> (0x00000000f76509e0) thrown at [C:\re\workspace\8-2-build-windows-amd64-cygwin\jdk8u66\5298\hotspot\src\share\vm\runtime\objectMonitor.cpp, line 1683]

Events (10 events):
Event: 344.097 Thread 0x0000000015e58000 flushing nmethod 0x0000000002bb8bd0
Event: 344.098 Thread 0x000000001c4d4000 Thread exited: 0x000000001c4d4000
Event: 344.098 loading class java/util/IdentityHashMap$KeyIterator
Event: 344.099 loading class java/util/IdentityHashMap$IdentityHashMapIterator
Event: 344.099 loading class java/util/IdentityHashMap$IdentityHashMapIterator done
Event: 344.099 loading class java/util/IdentityHashMap$KeyIterator done
Event: 344.099 Thread 0x0000000015e58000 flushing nmethod 0x0000000002dca1d0
Event: 344.099 Thread 0x000000001c4c8000 Thread added: 0x000000001c4c8000
Event: 344.099 Thread 0x000000001c4c8000 Thread exited: 0x000000001c4c8000
Event: 344.100 Executing VM operation: Exit


Dynamic libraries:
0x0000000000400000 - 0x000000000044f000 	C:\Xilinx\SDK\2016.4\eclipse\win64.o\eclipse.exe
0x00007ff974380000 - 0x00007ff974551000 	C:\WINDOWS\SYSTEM32\ntdll.dll
0x00007ff973360000 - 0x00007ff97340c000 	C:\WINDOWS\System32\KERNEL32.DLL
0x00007ff9676b0000 - 0x00007ff967704000 	C:\Program Files (x86)\AVG\Av\avghooka.dll
0x00007ff970ef0000 - 0x00007ff97110d000 	C:\WINDOWS\System32\KERNELBASE.dll
0x00007ff96ed80000 - 0x00007ff96edfa000 	C:\WINDOWS\system32\apphelp.dll
0x00007ff973700000 - 0x00007ff973865000 	C:\WINDOWS\System32\USER32.dll
0x00007ff970c70000 - 0x00007ff970c8e000 	C:\WINDOWS\System32\win32u.dll
0x00007ff9738e0000 - 0x00007ff973914000 	C:\WINDOWS\System32\GDI32.dll
0x00007ff970870000 - 0x00007ff9709f2000 	C:\WINDOWS\System32\gdi32full.dll
0x00007ff9742d0000 - 0x00007ff97436e000 	C:\WINDOWS\System32\msvcrt.dll
0x00007ff963b10000 - 0x00007ff963d8a000 	C:\WINDOWS\WinSxS\amd64_microsoft.windows.common-controls_6595b64144ccf1df_6.0.14393.953_none_42151e83c686086b\COMCTL32.dll
0x00007ff973920000 - 0x00007ff973be8000 	C:\WINDOWS\System32\combase.dll
0x00007ff970d40000 - 0x00007ff970e35000 	C:\WINDOWS\System32\ucrtbase.dll
0x00007ff973130000 - 0x00007ff973251000 	C:\WINDOWS\System32\RPCRT4.dll
0x00007ff971160000 - 0x00007ff9711ca000 	C:\WINDOWS\System32\bcryptPrimitives.dll
0x00007ff973260000 - 0x00007ff97328e000 	C:\WINDOWS\System32\IMM32.DLL
0x0000000072000000 - 0x0000000072012000 	C:\Xilinx\SDK\2016.4\eclipse\win64.o\plugins\org.eclipse.equinox.launcher.win32.win32.x86_64_1.1.300.v20150602-1417\eclipse_1611.dll
0x00007ff973410000 - 0x00007ff9734b2000 	C:\WINDOWS\System32\ADVAPI32.dll
0x00007ff971910000 - 0x00007ff971969000 	C:\WINDOWS\System32\sechost.dll
0x00007ff962ad0000 - 0x00007ff962ada000 	C:\WINDOWS\SYSTEM32\VERSION.dll
0x00007ff96efc0000 - 0x00007ff96f055000 	C:\WINDOWS\system32\uxtheme.dll
0x00007ff974020000 - 0x00007ff97417a000 	C:\WINDOWS\System32\MSCTF.dll
0x00007ff973290000 - 0x00007ff97334f000 	C:\WINDOWS\System32\OLEAUT32.dll
0x00007ff970bd0000 - 0x00007ff970c6c000 	C:\WINDOWS\System32\msvcp_win.dll
0x0000000057b90000 - 0x0000000058419000 	C:\Xilinx\SDK\2016.4\tps\win64\jre\bin\server\jvm.dll
0x00007ff973350000 - 0x00007ff973358000 	C:\WINDOWS\System32\PSAPI.DLL
0x00007ff96c260000 - 0x00007ff96c269000 	C:\WINDOWS\SYSTEM32\WSOCK32.dll
0x00007ff973870000 - 0x00007ff9738da000 	C:\WINDOWS\System32\WS2_32.dll
0x00007ff96eac0000 - 0x00007ff96eae3000 	C:\WINDOWS\SYSTEM32\WINMM.dll
0x000000005afc0000 - 0x000000005b092000 	C:\WINDOWS\SYSTEM32\MSVCR100.dll
0x00007ff96e920000 - 0x00007ff96e94b000 	C:\WINDOWS\SYSTEM32\WINMMBASE.dll
0x00007ff971110000 - 0x00007ff971152000 	C:\WINDOWS\System32\cfgmgr32.dll
0x000000005a030000 - 0x000000005a03f000 	C:\Xilinx\SDK\2016.4\tps\win64\jre\bin\verify.dll
0x0000000059ea0000 - 0x0000000059ec9000 	C:\Xilinx\SDK\2016.4\tps\win64\jre\bin\java.dll
0x0000000059e80000 - 0x0000000059e96000 	C:\Xilinx\SDK\2016.4\tps\win64\jre\bin\zip.dll
0x00007ff971c20000 - 0x00007ff973128000 	C:\WINDOWS\System32\SHELL32.dll
0x00007ff971230000 - 0x00007ff97190a000 	C:\WINDOWS\System32\windows.storage.dll
0x00007ff970820000 - 0x00007ff97086c000 	C:\WINDOWS\System32\powrprof.dll
0x00007ff9741f0000 - 0x00007ff974242000 	C:\WINDOWS\System32\shlwapi.dll
0x00007ff970810000 - 0x00007ff97081f000 	C:\WINDOWS\System32\kernel.appcore.dll
0x00007ff970c90000 - 0x00007ff970d39000 	C:\WINDOWS\System32\shcore.dll
0x00007ff9707f0000 - 0x00007ff970804000 	C:\WINDOWS\System32\profapi.dll
0x00007ff970260000 - 0x00007ff970277000 	C:\WINDOWS\SYSTEM32\CRYPTSP.dll
0x00007ff96fcb0000 - 0x00007ff96fce3000 	C:\WINDOWS\system32\rsaenh.dll
0x00007ff970720000 - 0x00007ff97074b000 	C:\WINDOWS\SYSTEM32\bcrypt.dll
0x00007ff96ff30000 - 0x00007ff96ff4f000 	C:\WINDOWS\SYSTEM32\USERENV.dll
0x00007ff970250000 - 0x00007ff97025b000 	C:\WINDOWS\SYSTEM32\CRYPTBASE.dll
0x0000000059e60000 - 0x0000000059e7a000 	C:\Xilinx\SDK\2016.4\tps\win64\jre\bin\net.dll
0x00007ff9700b0000 - 0x00007ff97010c000 	C:\WINDOWS\system32\mswsock.dll
0x00007ff96fe30000 - 0x00007ff96fe68000 	C:\WINDOWS\SYSTEM32\IPHLPAPI.DLL
0x00007ff974370000 - 0x00007ff974378000 	C:\WINDOWS\System32\NSI.dll
0x00007ff96cc10000 - 0x00007ff96cc26000 	C:\WINDOWS\SYSTEM32\dhcpcsvc6.DLL
0x00007ff96cb40000 - 0x00007ff96cb5a000 	C:\WINDOWS\SYSTEM32\dhcpcsvc.DLL
0x0000000059e40000 - 0x0000000059e51000 	C:\Xilinx\SDK\2016.4\tps\win64\jre\bin\nio.dll
0x00007ff95e4a0000 - 0x00007ff95e4b6000 	C:\WINDOWS\system32\napinsp.dll
0x00007ff95e470000 - 0x00007ff95e48a000 	C:\WINDOWS\system32\pnrpnsp.dll
0x00007ff96be20000 - 0x00007ff96be38000 	C:\WINDOWS\system32\NLAapi.dll
0x00007ff96fe70000 - 0x00007ff96ff11000 	C:\WINDOWS\SYSTEM32\DNSAPI.dll
0x00007ff962ee0000 - 0x00007ff962eee000 	C:\WINDOWS\System32\winrnr.dll
0x000000005b0d0000 - 0x000000005b0f6000 	C:\Program Files\Bonjour\mdnsNSP.dll
0x00007ff96b090000 - 0x00007ff96b09a000 	C:\Windows\System32\rasadhlp.dll
0x00007ff96b450000 - 0x00007ff96b4ba000 	C:\WINDOWS\System32\fwpuclnt.dll
0x0000000018440000 - 0x00000000184e8000 	C:\Users\Utilizador\.Xilinx\SDK\2016.4\org.eclipse.osgi\319\0\.cp\swt-win32-4527.dll
0x00007ff971a70000 - 0x00007ff971ba8000 	C:\WINDOWS\System32\ole32.dll
0x00007ff971970000 - 0x00007ff971a6a000 	C:\WINDOWS\System32\comdlg32.dll
0x00007ff970a00000 - 0x00007ff970bc9000 	C:\WINDOWS\System32\CRYPT32.dll
0x00007ff9707e0000 - 0x00007ff9707f0000 	C:\WINDOWS\System32\MSASN1.dll
0x00007ff96bc30000 - 0x00007ff96bcb6000 	C:\WINDOWS\SYSTEM32\WINSPOOL.DRV
0x00007ff956e60000 - 0x00007ff956e79000 	C:\WINDOWS\SYSTEM32\USP10.dll
0x00007ff96ce90000 - 0x00007ff96d15a000 	C:\WINDOWS\SYSTEM32\WININET.dll
0x00007ff96dd30000 - 0x00007ff96dd56000 	C:\WINDOWS\system32\dwmapi.dll
0x00007ff96daa0000 - 0x00007ff96dc25000 	C:\WINDOWS\SYSTEM32\propsys.dll
0x00007ff973660000 - 0x00007ff9736ff000 	C:\WINDOWS\System32\clbcatq.dll
0x0000000018fb0000 - 0x0000000018fce000 	C:\Users\Utilizador\.Xilinx\SDK\2016.4\org.eclipse.osgi\319\0\.cp\swt-gdip-win32-4527.dll
0x00007ff965510000 - 0x00007ff9656aa000 	C:\WINDOWS\WinSxS\amd64_microsoft.windows.gdiplus_6595b64144ccf1df_1.1.14393.953_none_7300116921188239\gdiplus.dll
0x00007ff96c910000 - 0x00007ff96cab8000 	C:\WINDOWS\SYSTEM32\WindowsCodecs.dll
0x0000000180000000 - 0x0000000180012000 	C:\Users\Utilizador\.Xilinx\SDK\2016.4\org.eclipse.osgi\133\0\.cp\os\win32\x86_64\localfile_1_0_0.dll
0x00007ff95f420000 - 0x00007ff95f485000 	C:\WINDOWS\SYSTEM32\oleacc.dll
0x00007ff96a9c0000 - 0x00007ff96a9c7000 	C:\WINDOWS\SYSTEM32\msimg32.dll
0x00007ff9574c0000 - 0x00007ff9574d1000 	C:\Users\Utilizador\.Xilinx\SDK\2016.4\org.eclipse.osgi\136\0\.cp\jWinHttp-1.0.0.dll
0x00007ff96dc60000 - 0x00007ff96dd2d000 	C:\WINDOWS\SYSTEM32\WINHTTP.dll
0x00007ff966de0000 - 0x00007ff966def000 	C:\Xilinx\SDK\2016.4\lib\win64.o\librdi_repo_manager.dll
0x00007ff953700000 - 0x00007ff95372a000 	C:\Xilinx\SDK\2016.4\lib\win64.o\libisl_sysinfo.dll
0x00007ff910a40000 - 0x00007ff9114ea000 	C:\Xilinx\SDK\2016.4\lib\win64.o\librdi_common.dll
0x00007ff950b80000 - 0x00007ff950bd3000 	C:\Xilinx\SDK\2016.4\lib\win64.o\librdi_commonxillic.dll
0x00007ff91fd60000 - 0x00007ff91ff58000 	C:\Xilinx\SDK\2016.4\lib\win64.o\librdi_hsm.dll
0x00007ff964c00000 - 0x00007ff964ca7000 	C:\WINDOWS\SYSTEM32\MSVCP110.dll
0x00007ff964cb0000 - 0x00007ff964d84000 	C:\WINDOWS\SYSTEM32\MSVCR110.dll
0x00007ff9106d0000 - 0x00007ff910a3e000 	C:\Xilinx\SDK\2016.4\lib\win64.o\libCOIN-all.dll
0x00007ff910230000 - 0x00007ff91044f000 	C:\Xilinx\SDK\2016.4\lib\win64.o\libXil_lmgr11.dll
0x00007ff9711d0000 - 0x00007ff971225000 	C:\WINDOWS\System32\WINTRUST.dll
0x00007ff965320000 - 0x00007ff965330000 	C:\Xilinx\SDK\2016.4\lib\win64.o\libboost_date_time.dll
0x00007ff94fe20000 - 0x00007ff94fe44000 	C:\Xilinx\SDK\2016.4\lib\win64.o\libboost_filesystem.dll
0x00007ff91fce0000 - 0x00007ff91fd57000 	C:\Xilinx\SDK\2016.4\lib\win64.o\libboost_program_options.dll
0x00007ff91fbd0000 - 0x00007ff91fcd6000 	C:\Xilinx\SDK\2016.4\lib\win64.o\libboost_regex.dll
0x00007ff9574a0000 - 0x00007ff9574b3000 	C:\Xilinx\SDK\2016.4\lib\win64.o\libboost_signals.dll
0x00007ff964d90000 - 0x00007ff964d99000 	C:\Xilinx\SDK\2016.4\lib\win64.o\libboost_system.dll
0x00007ff956340000 - 0x00007ff95635d000 	C:\Xilinx\SDK\2016.4\lib\win64.o\libboost_thread.dll
0x00007ff963db0000 - 0x00007ff963dbb000 	C:\Xilinx\SDK\2016.4\lib\win64.o\libboost_xilinx.dll
0x00007ff91f9b0000 - 0x00007ff91fa30000 	C:\Xilinx\SDK\2016.4\lib\win64.o\libhdlpsolve.dll
0x00007ff910630000 - 0x00007ff9106ca000 	C:\Xilinx\SDK\2016.4\lib\win64.o\libhdxml.dll
0x00007ff90fe60000 - 0x00007ff910229000 	C:\Xilinx\SDK\2016.4\lib\win64.o\libisl_iostreams.dll
0x00007ff955ef0000 - 0x00007ff955f05000 	C:\Xilinx\SDK\2016.4\lib\win64.o\pthreadVC2.dll
0x00007ff90fd30000 - 0x00007ff90fe60000 	C:\Xilinx\SDK\2016.4\lib\win64.o\librdi_curl.dll
0x00007ff955520000 - 0x00007ff955538000 	C:\Xilinx\SDK\2016.4\lib\win64.o\librdiconfig.dll
0x00007ff9522e0000 - 0x00007ff9522ff000 	C:\Xilinx\SDK\2016.4\lib\win64.o\librdizlib.dll
0x00000000599b0000 - 0x0000000059ad7000 	C:\Xilinx\SDK\2016.4\lib\win64.o\tcl85t.dll
0x0000000025340000 - 0x00000000255a3000 	C:\Xilinx\SDK\2016.4\lib\win64.o\xerces-c_3_1.dll
0x00007ff963320000 - 0x00007ff9634e3000 	C:\WINDOWS\SYSTEM32\urlmon.dll
0x00007ff969060000 - 0x00007ff969083000 	C:\WINDOWS\SYSTEM32\VCOMP110.DLL
0x00007ff94f7c0000 - 0x00007ff94f803000 	C:\Xilinx\SDK\2016.4\lib\win64.o\librdi_hdf.dll
0x00007ff90fa60000 - 0x00007ff90fd28000 	C:\Xilinx\SDK\2016.4\lib\win64.o\librdi_ippcw.dll
0x00007ff96a770000 - 0x00007ff96a788000 	C:\WINDOWS\SYSTEM32\NETAPI32.dll
0x00007ff9636b0000 - 0x00007ff9636bb000 	C:\Xilinx\SDK\2016.4\lib\win64.o\libboost_chrono.dll
0x00007ff952140000 - 0x00007ff952156000 	C:\Xilinx\SDK\2016.4\lib\win64.o\libboost_iostreams.dll
0x00007ff94fdf0000 - 0x00007ff94fe13000 	C:\Xilinx\SDK\2016.4\lib\win64.o\libisl_iosutils.dll
0x00007ff96ab70000 - 0x00007ff96ae15000 	C:\WINDOWS\SYSTEM32\iertutil.dll
0x00007ff962a20000 - 0x00007ff962a62000 	C:\WINDOWS\SYSTEM32\edputil.dll
0x00007ff962090000 - 0x00007ff96209a000 	C:\Xilinx\SDK\2016.4\lib\win64.o\librdi_jtag_settings.dll
0x00007ff949360000 - 0x00007ff949389000 	C:\Xilinx\SDK\2016.4\lib\win64.o\librdi_debug_dialog.dll
0x00007ff9614b0000 - 0x00007ff9614b8000 	C:\Xilinx\SDK\2016.4\lib\win64.o\librdi_target_manager.dll
0x00007ff950b60000 - 0x00007ff950b76000 	C:\Xilinx\SDK\2016.4\eclipse\win64.o\plugins\org.eclipse.cdt.core.win32.x86_64_5.4.0.201509131935\os\win32\x86_64\spawner.dll
0x00007ff90d520000 - 0x00007ff90dd30000 	C:\Xilinx\SDK\2016.4\lib\win64.o\libXil_lmgr11FNP.dll
0x00007ff973bf0000 - 0x00007ff974019000 	C:\WINDOWS\System32\SETUPAPI.dll
0x00007ff961440000 - 0x00007ff96144c000 	C:\WINDOWS\SYSTEM32\snmpapi.dll
0x00007ff970450000 - 0x00007ff97047c000 	C:\WINDOWS\SYSTEM32\SspiCli.dll
0x000000001f3b0000 - 0x000000001f3b3000 	C:\WINDOWS\SYSTEM32\icmp.Dll

VM Arguments:
jvm_args: -Dcom.xilinx.sdk.args.hwspec=C:/Users/Utilizador/Desktop/Universidade/4_ano/2_semestre/CR/Projeto/ProjetoFinal/MP_ToDisplays/MP_ToDisplays.sdk/DebUART_wrapper.hdf -Xms64m -Xmx512m & 
java_command: <unknown>
java_class_path (initial): C:\Xilinx\SDK\2016.4\eclipse\win64.o\\plugins/org.eclipse.equinox.launcher_1.3.100.v20150511-1540.jar
Launcher Type: generic

Environment Variables:
JAVA_HOME=C:\Program Files\Java\jdk1.8.0_101
PATH=C:/Xilinx/SDK/2016.4/tps/win64/jre/bin/server;C:/Xilinx/SDK/2016.4/tps/win64/jre/bin;C:/Xilinx/SDK/2016.4/tps/win64/jre/lib/amd64;C:\Xilinx\SDK\2016.4\gnuwin\bin;C:\Xilinx\SDK\2016.4\gnu\microblaze\nt\bin;C:\Xilinx\SDK\2016.4\gnu\microblaze\linux_toolchain\nt64_le\bin;C:\Xilinx\SDK\2016.4\gnu\microblaze\linux_toolchain\nt64_be\bin;C:\Xilinx\SDK\2016.4\gnu\arm\nt\bin;C:\Xilinx\SDK\2016.4\gnu\aarch64\nt\aarch64-none\bin;C:\Xilinx\SDK\2016.4\gnu\aarch64\nt\aarch64-linux\bin;C:\Xilinx\SDK\2016.4\gnu\armr5\nt\gcc-arm-none-eabi\bin;C:\Xilinx\SDK\2016.4\gnu\aarch32\nt\gcc-arm-none-eabi\bin;C:\Xilinx\SDK\2016.4\gnu\aarch32\nt\gcc-arm-linux-gnueabi\bin;C:\Xilinx\SDK\2016.4\tps\win64\cmake-3.3.2\bin;;C:\Xilinx\SDK\2016.4\bin;C:\Xilinx\SDK\2016.4\lib\win64.o;C:\Xilinx\SDK\2016.4\tps\win64\jre\bin\server;C:\Xilinx\SDK\2016.4\tps\win64\jre\bin;C:\Xilinx\Vivado\2016.4\ids_lite\ISE\bin\nt64;C:\Xilinx\Vivado\2016.4\ids_lite\ISE\lib\nt64;C:\Xilinx\Vivado\2016.4\bin;C:\Xilinx\Vivado\2016.4\lib\win64.o;C:\Xilinx\Vivado\2016.4\tps\win64\jre\bin\server;C:\Xilinx\Vivado\2016.4\tps\win64\jre\bin;C:\Xilinx\Vivado_HLS\2016.4\bin;C:\WINDOWS\system32\Npcap;C:\Program Files\MATLAB\MATLAB Production Server\R2015a\runtime\win64;C:\Program Files\MATLAB\MATLAB Production Server\R2015a\bin;C:\Program Files\MATLAB\MATLAB Production Server\R2015a\polyspace\bin;C:\Program Files\PuTTY\;c:\Program Files\Intel\WiFi\bin\;c:\Program Files\Common Files\Intel\WirelessCommon\;C:\Users\Utilizador\AppData\Roaming\npm;C:\Users\Utilizador\AppData\Local\Microsoft\WindowsApps;C:\Python27;C:\Program Files\Java\jdk1.8.0_101\bin;C:\Program Files\NetBeans 8.2\java\maven\bin;C:\Users\Utilizador\Desktop\Universidade\4_ano\2_semestre\CR\Projeto\ProjetoFinal\MP_ToDisplays;
USERNAME=Utilizador
OS=Windows_NT
PROCESSOR_IDENTIFIER=Intel64 Family 6 Model 60 Stepping 3, GenuineIntel



---------------  S Y S T E M  ---------------

OS: Windows 10.0 , 64 bit Build 14393 (10.0.14393.1198)

CPU:total 8 (4 cores per cpu, 2 threads per core) family 6 model 60 stepping 3, cmov, cx8, fxsr, mmx, sse, sse2, sse3, ssse3, sse4.1, sse4.2, popcnt, avx, avx2, aes, clmul, erms, lzcnt, ht, tsc, tscinvbit, bmi1, bmi2

Memory: 4k page, physical 8319000k(1784352k free), swap 12976516k(3654260k free)

vm_info: Java HotSpot(TM) 64-Bit Server VM (25.66-b18) for windows-amd64 JRE (1.8.0_66-b18), built on Nov  9 2015 10:51:13 by "java_re" with MS VC++ 10.0 (VS2010)

time: Fri May 26 17:01:54 2017
elapsed time: 854 seconds (0d 0h 14m 14s)

