#
# A fatal error has been detected by the Java Runtime Environment:
#
#  EXCEPTION_UNCAUGHT_CXX_EXCEPTION (0xe06d7363) at pc=0x00007ff970f23c58, pid=12484, tid=17512
#
# JRE version: Java(TM) SE Runtime Environment (8.0_66-b18) (build 1.8.0_66-b18)
# Java VM: Java HotSpot(TM) 64-Bit Server VM (25.66-b18 mixed mode windows-amd64 compressed oops)
# Problematic frame:
# C  [KERNELBASE.dll+0x33c58]
#
# Failed to write core dump. Minidumps are not enabled by default on client versions of Windows
#
# If you would like to submit a bug report, please visit:
#   http://bugreport.java.com/bugreport/crash.jsp
#

---------------  T H R E A D  ---------------

Current thread (0x0000000013d29800):  VMThread [stack: 0x0000000015a10000,0x0000000015b10000] [id=17512]

siginfo: ExceptionCode=0xe06d7363, ExceptionInformation=0x0000000019930520 0x0000000015b0f448 0x00007ff964d62cb8 0x00007ff964cb0000 

Registers:
RAX=0x004c0044002e006c, RBX=0x00007ff964d62cb8, RCX=0x000000000000004c, RDX=0x0000000000000000
RSP=0x0000000015b0f290, RBP=0x0000000015b0f3d0, RSI=0x00000000ffffffff, RDI=0x00000000005e51b0
R8 =0x0000000000000000, R9 =0x0000000000000000, R10=0x0000000000000000, R11=0x0000000000000000
R12=0x0000000000000001, R13=0x0000000000000008, R14=0x0000000000000000, R15=0xffffffffffffffff
RIP=0x00007ff970f23c58, EFLAGS=0x0000000000000206

Top of Stack: (sp=0x0000000015b0f290)
0x0000000015b0f290:   0000000000000000 00007ff964d62cb8
0x0000000015b0f2a0:   00000000ffffffff 00000000005e51b0
0x0000000015b0f2b0:   00000001e06d7363 0000000000000000
0x0000000015b0f2c0:   00007ff970f23c58 00007ff900000004
0x0000000015b0f2d0:   0000000019930520 0000000015b0f448
0x0000000015b0f2e0:   00007ff964d62cb8 00007ff964cb0000
0x0000000015b0f2f0:   0000000000000008 0000000000000001
0x0000000015b0f300:   00000000005e51b0 00000000ffffffff
0x0000000015b0f310:   0000000015b0f3d0 00007ff9743cc26f
0x0000000015b0f320:   0000000015b0f3e0 0000000000000000
0x0000000015b0f330:   0000a31eb3301ab4 0000000000000001
0x0000000015b0f340:   00007ff964d79000 00007ff964cb0000
0x0000000015b0f350:   0000338e04a511e1 0000000015b0f580
0x0000000015b0f360:   00007ff964d62cb8 00007ff964d0e92c
0x0000000015b0f370:   000000000000001f 0000000000000008
0x0000000015b0f380:   0000000000000001 00000000005e51b0 

Instructions: (pc=0x00007ff970f23c58)
0x00007ff970f23c38:   49 8b d1 44 0f 47 c0 44 89 44 24 38 49 c1 e0 03
0x00007ff970f23c48:   e8 47 90 04 00 48 8d 4c 24 20 ff 15 a0 44 11 00
0x00007ff970f23c58:   48 8b 8c 24 c0 00 00 00 48 33 cc e8 d8 55 04 00
0x00007ff970f23c68:   48 81 c4 d8 00 00 00 c3 83 64 24 38 00 eb d6 cc 


Register to memory mapping:

RAX=0x004c0044002e006c is an unknown value
RBX=0x00007ff964d62cb8 is an unknown value
RCX=0x000000000000004c is an unknown value
RDX=0x0000000000000000 is an unknown value
RSP=0x0000000015b0f290 is an unknown value
RBP=0x0000000015b0f3d0 is an unknown value
RSI=0x00000000ffffffff is an unallocated location in the heap
RDI=0x00000000005e51b0 is an unknown value
R8 =0x0000000000000000 is an unknown value
R9 =0x0000000000000000 is an unknown value
R10=0x0000000000000000 is an unknown value
R11=0x0000000000000000 is an unknown value
R12=0x0000000000000001 is an unknown value
R13=0x0000000000000008 is an unknown value
R14=0x0000000000000000 is an unknown value
R15=0xffffffffffffffff is an unknown value


Stack: [0x0000000015a10000,0x0000000015b10000],  sp=0x0000000015b0f290,  free space=1020k
Native frames: (J=compiled Java code, j=interpreted, Vv=VM code, C=native code)
C  [KERNELBASE.dll+0x33c58]
C  [MSVCR110.dll+0x5e92c]
C  [MSVCR110.dll+0x1315c]
C  [MSVCR110.dll+0x136a9]
C  [MSVCR110.dll+0x13e9c]
C  [MSVCR110.dll+0x239e]
C  [MSVCR110.dll+0xaf9e]
C  [MSVCP110.dll+0x397b9]
C  [librdi_common.dll+0x183a66]
C  [librdi_common.dll+0x1826fb]
C  [librdi_target_manager.dll+0x2400]
C  [librdi_target_manager.dll+0x2682]
C  [ntdll.dll+0x2a35f]
C  [ntdll.dll+0x806b]
C  [ntdll.dll+0x7d94]
C  [KERNEL32.DLL+0x1ce6a]
C  [MSVCR100.dll+0x20ccd]
V  [jvm.dll+0x210cc5]
V  [jvm.dll+0x249897]
V  [jvm.dll+0x248b36]
V  [jvm.dll+0x248fd1]
V  [jvm.dll+0x2491ee]
V  [jvm.dll+0x29a0fa]
C  [MSVCR100.dll+0x21d9f]
C  [MSVCR100.dll+0x21e3b]
C  [KERNEL32.DLL+0x8364]
C  [ntdll.dll+0x670d1]

VM_Operation (0x000000000014f4c0): Exit, mode: safepoint, requested by thread 0x00000000004ae800


---------------  P R O C E S S  ---------------

Java Threads: ( => current thread )
  0x0000000017cc5800 JavaThread "pool-2-thread-1" [_thread_blocked, id=8488, stack(0x000000002c7b0000,0x000000002c8b0000)]
  0x0000000017ccb000 JavaThread "Thread-39" daemon [_thread_blocked, id=15140, stack(0x000000002c5b0000,0x000000002c6b0000)]
  0x0000000020cf9000 JavaThread "TCF Channel Transmitter" daemon [_thread_blocked, id=7788, stack(0x0000000026e80000,0x0000000026f80000)]
  0x0000000020cf7800 JavaThread "TCF Channel Receiver" daemon [_thread_in_native, id=10440, stack(0x0000000026d80000,0x0000000026e80000)]
  0x0000000020cec800 JavaThread "Process monitor" daemon [_thread_in_native, id=10984, stack(0x00000000259f0000,0x0000000025af0000)]
  0x0000000020ceb000 JavaThread "Input Stream Monitor" daemon [_thread_blocked, id=16544, stack(0x00000000258f0000,0x00000000259f0000)]
  0x0000000020cf2000 JavaThread "Output Stream Monitor" daemon [_thread_in_native, id=7784, stack(0x00000000257f0000,0x00000000258f0000)]
  0x0000000020cf1000 JavaThread "Output Stream Monitor" daemon [_thread_in_native, id=14748, stack(0x00000000256f0000,0x00000000257f0000)]
  0x0000000020cee000 JavaThread "TCF Locator DNS Lookup" daemon [_thread_blocked, id=1508, stack(0x0000000023df0000,0x0000000023ef0000)]
  0x0000000020cef000 JavaThread "TCF Locator Timer" daemon [_thread_blocked, id=11828, stack(0x0000000023cf0000,0x0000000023df0000)]
  0x00000000182ab800 JavaThread "TCF Locator Receiver" daemon [_thread_in_native, id=15280, stack(0x0000000023bf0000,0x0000000023cf0000)]
  0x00000000182b1800 JavaThread "TCF Timer Dispatcher" daemon [_thread_blocked, id=13040, stack(0x00000000239f0000,0x0000000023af0000)]
  0x0000000017924800 JavaThread "EMF Reference Cleaner" daemon [_thread_blocked, id=12624, stack(0x00000000192c0000,0x00000000193c0000)]
  0x0000000015edd800 JavaThread "Service Thread" daemon [_thread_blocked, id=16832, stack(0x0000000016810000,0x0000000016910000)]
  0x0000000015e4e000 JavaThread "C1 CompilerThread3" daemon [_thread_blocked, id=1276, stack(0x0000000016710000,0x0000000016810000)]
  0x0000000015e44800 JavaThread "C2 CompilerThread2" daemon [_thread_blocked, id=3768, stack(0x0000000016610000,0x0000000016710000)]
  0x0000000015e40800 JavaThread "C2 CompilerThread1" daemon [_thread_blocked, id=9740, stack(0x0000000016510000,0x0000000016610000)]
  0x0000000015e3e800 JavaThread "C2 CompilerThread0" daemon [_thread_blocked, id=14904, stack(0x0000000016410000,0x0000000016510000)]
  0x0000000015e3b000 JavaThread "Attach Listener" daemon [_thread_blocked, id=17912, stack(0x0000000016310000,0x0000000016410000)]
  0x0000000015e3a800 JavaThread "Signal Dispatcher" daemon [_thread_blocked, id=13592, stack(0x0000000016210000,0x0000000016310000)]
  0x000000000256a800 JavaThread "Finalizer" daemon [_thread_blocked, id=1816, stack(0x0000000015c10000,0x0000000015d10000)]
  0x0000000002564000 JavaThread "Reference Handler" daemon [_thread_blocked, id=7756, stack(0x0000000015b10000,0x0000000015c10000)]
  0x00000000004ae800 JavaThread "main" [_thread_blocked, id=9552, stack(0x0000000000050000,0x0000000000150000)]

Other Threads:
=>0x0000000013d29800 VMThread [stack: 0x0000000015a10000,0x0000000015b10000] [id=17512]

VM state:at safepoint (shutting down)

VM Mutex/Monitor currently owned by a thread:  ([mutex/lock_event])
[0x00000000004ad7f0] Threads_lock - owner thread: 0x0000000013d29800

Heap:
 PSYoungGen      total 106496K, used 36141K [0x00000000f5580000, 0x00000000fdb80000, 0x0000000100000000)
  eden space 75776K, 47% used [0x00000000f5580000,0x00000000f78cb648,0x00000000f9f80000)
  from space 30720K, 0% used [0x00000000fbd80000,0x00000000fbd80000,0x00000000fdb80000)
  to   space 30720K, 0% used [0x00000000f9f80000,0x00000000f9f80000,0x00000000fbd80000)
 ParOldGen       total 115712K, used 56952K [0x00000000e0000000, 0x00000000e7100000, 0x00000000f5580000)
  object space 115712K, 49% used [0x00000000e0000000,0x00000000e379e318,0x00000000e7100000)
 Metaspace       used 83407K, capacity 90822K, committed 90900K, reserved 1128448K
  class space    used 10055K, capacity 12303K, committed 12308K, reserved 1048576K

Card table byte_map: [0x0000000011930000,0x0000000011a40000] byte_map_base: 0x0000000011230000

Marking Bits: (ParMarkBitMap*) 0x0000000058e3a5b0
 Begin Bits: [0x0000000012240000, 0x0000000012a40000)
 End Bits:   [0x0000000012a40000, 0x0000000013240000)

Polling page: 0x00000000004f0000

CodeCache: size=245760Kb used=30431Kb max_used=30823Kb free=215328Kb
 bounds [0x0000000002570000, 0x00000000043f0000, 0x0000000011570000]
 total_blobs=9251 nmethods=8367 adapters=793
 compilation: enabled

Compilation events (10 events):
Event: 421.917 Thread 0x0000000015e4e000 nmethod 10177 0x00000000029f2f10 code [0x00000000029f3100, 0x00000000029f3bf8]
Event: 421.918 Thread 0x0000000015e4e000 10178       3       java.util.TimSort::gallopLeft (335 bytes)
Event: 421.919 Thread 0x0000000015e4e000 nmethod 10178 0x0000000002e47150 code [0x0000000002e47340, 0x0000000002e47e18]
Event: 421.919 Thread 0x0000000015e4e000 10179       3       org.eclipse.osgi.storage.bundlefile.BundleFile::setMruIndex (6 bytes)
Event: 421.919 Thread 0x0000000015e4e000 nmethod 10179 0x000000000343b150 code [0x000000000343b2a0, 0x000000000343b3f0]
Event: 421.920 Thread 0x0000000015e4e000 10182       3       org.eclipse.osgi.container.Module::holdsTransitionEventLock (25 bytes)
Event: 421.921 Thread 0x0000000015e4e000 nmethod 10182 0x0000000002dbf7d0 code [0x0000000002dbf960, 0x0000000002dc0088]
Event: 421.921 Thread 0x0000000015e4e000 10191   !   3       org.eclipse.osgi.storage.BundleInfo$Generation::clearManifestCache (30 bytes)
Event: 421.922 Thread 0x0000000015e4e000 nmethod 10191 0x00000000035b3a50 code [0x00000000035b3be0, 0x00000000035b4228]
Event: 421.923 Thread 0x0000000015e4e000 10188       3       org.eclipse.osgi.internal.framework.EquinoxContainerAdaptor::invalidateWiring (186 bytes)

GC Heap History (10 events):
Event: 262.534 GC heap before
{Heap before GC invocations=19 (full 5):
 PSYoungGen      total 105984K, used 3729K [0x00000000f5580000, 0x00000000fda80000, 0x0000000100000000)
  eden space 75776K, 0% used [0x00000000f5580000,0x00000000f5580000,0x00000000f9f80000)
  from space 30208K, 12% used [0x00000000fbd00000,0x00000000fc0a47e0,0x00000000fda80000)
  to   space 30208K, 0% used [0x00000000f9f80000,0x00000000f9f80000,0x00000000fbd00000)
 ParOldGen       total 115712K, used 57397K [0x00000000e0000000, 0x00000000e7100000, 0x00000000f5580000)
  object space 115712K, 49% used [0x00000000e0000000,0x00000000e380d4a0,0x00000000e7100000)
 Metaspace       used 81417K, capacity 88898K, committed 89108K, reserved 1126400K
  class space    used 9863K, capacity 12047K, committed 12052K, reserved 1048576K
Event: 262.915 GC heap after
Heap after GC invocations=19 (full 5):
 PSYoungGen      total 105984K, used 0K [0x00000000f5580000, 0x00000000fda80000, 0x0000000100000000)
  eden space 75776K, 0% used [0x00000000f5580000,0x00000000f5580000,0x00000000f9f80000)
  from space 30208K, 0% used [0x00000000fbd00000,0x00000000fbd00000,0x00000000fda80000)
  to   space 30208K, 0% used [0x00000000f9f80000,0x00000000f9f80000,0x00000000fbd00000)
 ParOldGen       total 115712K, used 58149K [0x00000000e0000000, 0x00000000e7100000, 0x00000000f5580000)
  object space 115712K, 50% used [0x00000000e0000000,0x00000000e38c9638,0x00000000e7100000)
 Metaspace       used 81417K, capacity 88898K, committed 89108K, reserved 1126400K
  class space    used 9863K, capacity 12047K, committed 12052K, reserved 1048576K
}
Event: 322.543 GC heap before
{Heap before GC invocations=20 (full 5):
 PSYoungGen      total 105984K, used 27575K [0x00000000f5580000, 0x00000000fda80000, 0x0000000100000000)
  eden space 75776K, 36% used [0x00000000f5580000,0x00000000f706dc48,0x00000000f9f80000)
  from space 30208K, 0% used [0x00000000fbd00000,0x00000000fbd00000,0x00000000fda80000)
  to   space 30208K, 0% used [0x00000000f9f80000,0x00000000f9f80000,0x00000000fbd00000)
 ParOldGen       total 115712K, used 58149K [0x00000000e0000000, 0x00000000e7100000, 0x00000000f5580000)
  object space 115712K, 50% used [0x00000000e0000000,0x00000000e38c9638,0x00000000e7100000)
 Metaspace       used 82295K, capacity 89698K, committed 90004K, reserved 1126400K
  class space    used 9933K, capacity 12143K, committed 12180K, reserved 1048576K
Event: 322.546 GC heap after
Heap after GC invocations=20 (full 5):
 PSYoungGen      total 105984K, used 1440K [0x00000000f5580000, 0x00000000fdb80000, 0x0000000100000000)
  eden space 75776K, 0% used [0x00000000f5580000,0x00000000f5580000,0x00000000f9f80000)
  from space 30208K, 4% used [0x00000000f9f80000,0x00000000fa0e8000,0x00000000fbd00000)
  to   space 30720K, 0% used [0x00000000fbd80000,0x00000000fbd80000,0x00000000fdb80000)
 ParOldGen       total 115712K, used 58221K [0x00000000e0000000, 0x00000000e7100000, 0x00000000f5580000)
  object space 115712K, 50% used [0x00000000e0000000,0x00000000e38db648,0x00000000e7100000)
 Metaspace       used 82295K, capacity 89698K, committed 90004K, reserved 1126400K
  class space    used 9933K, capacity 12143K, committed 12180K, reserved 1048576K
}
Event: 322.546 GC heap before
{Heap before GC invocations=21 (full 6):
 PSYoungGen      total 105984K, used 1440K [0x00000000f5580000, 0x00000000fdb80000, 0x0000000100000000)
  eden space 75776K, 0% used [0x00000000f5580000,0x00000000f5580000,0x00000000f9f80000)
  from space 30208K, 4% used [0x00000000f9f80000,0x00000000fa0e8000,0x00000000fbd00000)
  to   space 30720K, 0% used [0x00000000fbd80000,0x00000000fbd80000,0x00000000fdb80000)
 ParOldGen       total 115712K, used 58221K [0x00000000e0000000, 0x00000000e7100000, 0x00000000f5580000)
  object space 115712K, 50% used [0x00000000e0000000,0x00000000e38db648,0x00000000e7100000)
 Metaspace       used 82295K, capacity 89698K, committed 90004K, reserved 1126400K
  class space    used 9933K, capacity 12143K, committed 12180K, reserved 1048576K
Event: 322.834 GC heap after
Heap after GC invocations=21 (full 6):
 PSYoungGen      total 105984K, used 0K [0x00000000f5580000, 0x00000000fdb80000, 0x0000000100000000)
  eden space 75776K, 0% used [0x00000000f5580000,0x00000000f5580000,0x00000000f9f80000)
  from space 30208K, 0% used [0x00000000f9f80000,0x00000000f9f80000,0x00000000fbd00000)
  to   space 30720K, 0% used [0x00000000fbd80000,0x00000000fbd80000,0x00000000fdb80000)
 ParOldGen       total 115712K, used 57341K [0x00000000e0000000, 0x00000000e7100000, 0x00000000f5580000)
  object space 115712K, 49% used [0x00000000e0000000,0x00000000e37ff768,0x00000000e7100000)
 Metaspace       used 82295K, capacity 89698K, committed 90004K, reserved 1126400K
  class space    used 9933K, capacity 12143K, committed 12180K, reserved 1048576K
}
Event: 382.560 GC heap before
{Heap before GC invocations=22 (full 6):
 PSYoungGen      total 105984K, used 5983K [0x00000000f5580000, 0x00000000fdb80000, 0x0000000100000000)
  eden space 75776K, 7% used [0x00000000f5580000,0x00000000f5b57ce8,0x00000000f9f80000)
  from space 30208K, 0% used [0x00000000f9f80000,0x00000000f9f80000,0x00000000fbd00000)
  to   space 30720K, 0% used [0x00000000fbd80000,0x00000000fbd80000,0x00000000fdb80000)
 ParOldGen       total 115712K, used 57341K [0x00000000e0000000, 0x00000000e7100000, 0x00000000f5580000)
  object space 115712K, 49% used [0x00000000e0000000,0x00000000e37ff768,0x00000000e7100000)
 Metaspace       used 82308K, capacity 89698K, committed 90004K, reserved 1126400K
  class space    used 9933K, capacity 12143K, committed 12180K, reserved 1048576K
Event: 382.562 GC heap after
Heap after GC invocations=22 (full 6):
 PSYoungGen      total 106496K, used 384K [0x00000000f5580000, 0x00000000fdb80000, 0x0000000100000000)
  eden space 75776K, 0% used [0x00000000f5580000,0x00000000f5580000,0x00000000f9f80000)
  from space 30720K, 1% used [0x00000000fbd80000,0x00000000fbde0000,0x00000000fdb80000)
  to   space 30720K, 0% used [0x00000000f9f80000,0x00000000f9f80000,0x00000000fbd80000)
 ParOldGen       total 115712K, used 57341K [0x00000000e0000000, 0x00000000e7100000, 0x00000000f5580000)
  object space 115712K, 49% used [0x00000000e0000000,0x00000000e37ff768,0x00000000e7100000)
 Metaspace       used 82308K, capacity 89698K, committed 90004K, reserved 1126400K
  class space    used 9933K, capacity 12143K, committed 12180K, reserved 1048576K
}
Event: 382.562 GC heap before
{Heap before GC invocations=23 (full 7):
 PSYoungGen      total 106496K, used 384K [0x00000000f5580000, 0x00000000fdb80000, 0x0000000100000000)
  eden space 75776K, 0% used [0x00000000f5580000,0x00000000f5580000,0x00000000f9f80000)
  from space 30720K, 1% used [0x00000000fbd80000,0x00000000fbde0000,0x00000000fdb80000)
  to   space 30720K, 0% used [0x00000000f9f80000,0x00000000f9f80000,0x00000000fbd80000)
 ParOldGen       total 115712K, used 57341K [0x00000000e0000000, 0x00000000e7100000, 0x00000000f5580000)
  object space 115712K, 49% used [0x00000000e0000000,0x00000000e37ff768,0x00000000e7100000)
 Metaspace       used 82308K, capacity 89698K, committed 90004K, reserved 1126400K
  class space    used 9933K, capacity 12143K, committed 12180K, reserved 1048576K
Event: 382.777 GC heap after
Heap after GC invocations=23 (full 7):
 PSYoungGen      total 106496K, used 0K [0x00000000f5580000, 0x00000000fdb80000, 0x0000000100000000)
  eden space 75776K, 0% used [0x00000000f5580000,0x00000000f5580000,0x00000000f9f80000)
  from space 30720K, 0% used [0x00000000fbd80000,0x00000000fbd80000,0x00000000fdb80000)
  to   space 30720K, 0% used [0x00000000f9f80000,0x00000000f9f80000,0x00000000fbd80000)
 ParOldGen       total 115712K, used 56952K [0x00000000e0000000, 0x00000000e7100000, 0x00000000f5580000)
  object space 115712K, 49% used [0x00000000e0000000,0x00000000e379e318,0x00000000e7100000)
 Metaspace       used 82308K, capacity 89698K, committed 90004K, reserved 1126400K
  class space    used 9933K, capacity 12143K, committed 12180K, reserved 1048576K
}

Deoptimization events (10 events):
Event: 421.085 Thread 0x00000000004ae800 Uncommon trap: reason=unstable_if action=reinterpret pc=0x00000000041001fc method=org.eclipse.emf.ecore.xmi.impl.StringSegment.add(Ljava/lang/String;)V @ 151
Event: 421.098 Thread 0x00000000004ae800 Uncommon trap: reason=unstable_if action=reinterpret pc=0x0000000003ee1d60 method=org.eclipse.emf.ecore.impl.MinimalEObjectImpl.setField(ILjava/lang/Object;)V @ 9
Event: 421.218 Thread 0x00000000182ac800 Uncommon trap: reason=unstable_if action=reinterpret pc=0x000000000355c988 method=org.eclipse.e4.ui.internal.workbench.swt.E4Application$1.syncExec(Ljava/lang/Runnable;)V @ 14
Event: 421.320 Thread 0x0000000017ccb800 Uncommon trap: reason=unstable_if action=reinterpret pc=0x0000000002b1c064 method=org.eclipse.swt.graphics.Resource.dispose()V @ 15
Event: 421.352 Thread 0x0000000017cc9800 Uncommon trap: reason=unstable_if action=reinterpret pc=0x00000000026f2fe4 method=sun.nio.cs.SingleByte$Encoder.encode(C)I @ 13
Event: 421.859 Thread 0x0000000017ccb800 Uncommon trap: reason=unstable_if action=reinterpret pc=0x00000000032bb0d4 method=org.eclipse.osgi.internal.hooks.EclipseLazyStarter.shouldActivateFor(Ljava/lang/String;Lorg/eclipse/osgi/container/Module;Lorg/eclipse/osgi/container/ModuleRevision;Lorg/ecli
Event: 421.861 Thread 0x0000000020cea800 Uncommon trap: reason=unstable_if action=reinterpret pc=0x0000000004059ee8 method=org.eclipse.core.internal.jobs.JobManager.startJob(Lorg/eclipse/core/internal/jobs/Worker;)Lorg/eclipse/core/runtime/jobs/Job; @ 20
Event: 421.886 Thread 0x0000000016e6d000 Uncommon trap: reason=unstable_if action=reinterpret pc=0x00000000032861c0 method=org.eclipse.osgi.internal.framework.BundleContextImpl.dispatchEvent(Ljava/lang/Object;Ljava/lang/Object;ILjava/lang/Object;)V @ 16
Event: 421.895 Thread 0x0000000020cf4800 Uncommon trap: reason=unstable_if action=reinterpret pc=0x000000000405447c method=org.eclipse.core.internal.jobs.JobManager.nextJob()Lorg/eclipse/core/runtime/jobs/Job; @ 80
Event: 421.895 Thread 0x0000000020cef800 Uncommon trap: reason=unstable_if action=reinterpret pc=0x000000000405447c method=org.eclipse.core.internal.jobs.JobManager.nextJob()Lorg/eclipse/core/runtime/jobs/Job; @ 80

Internal exceptions (10 events):
Event: 421.209 Thread 0x00000000004ae800 Exception <a 'java/io/FileNotFoundException'> (0x00000000f6e45540) thrown at [C:\re\workspace\8-2-build-windows-amd64-cygwin\jdk8u66\5298\hotspot\src\share\vm\prims\jni.cpp, line 709]
Event: 421.209 Thread 0x00000000004ae800 Exception <a 'java/io/FileNotFoundException'> (0x00000000f6e478e8) thrown at [C:\re\workspace\8-2-build-windows-amd64-cygwin\jdk8u66\5298\hotspot\src\share\vm\prims\jni.cpp, line 709]
Event: 421.210 Thread 0x00000000004ae800 Exception <a 'java/io/FileNotFoundException'> (0x00000000f6e49c50) thrown at [C:\re\workspace\8-2-build-windows-amd64-cygwin\jdk8u66\5298\hotspot\src\share\vm\prims\jni.cpp, line 709]
Event: 421.210 Thread 0x00000000004ae800 Exception <a 'java/io/FileNotFoundException'> (0x00000000f6e4c008) thrown at [C:\re\workspace\8-2-build-windows-amd64-cygwin\jdk8u66\5298\hotspot\src\share\vm\prims\jni.cpp, line 709]
Event: 421.210 Thread 0x00000000004ae800 Exception <a 'java/io/FileNotFoundException'> (0x00000000f6e4e4b0) thrown at [C:\re\workspace\8-2-build-windows-amd64-cygwin\jdk8u66\5298\hotspot\src\share\vm\prims\jni.cpp, line 709]
Event: 421.302 Thread 0x0000000017cc6800 Exception <a 'java/lang/InterruptedException'> (0x00000000f73197f0) thrown at [C:\re\workspace\8-2-build-windows-amd64-cygwin\jdk8u66\5298\hotspot\src\share\vm\runtime\objectMonitor.cpp, line 1683]
Event: 421.894 Thread 0x00000000182ac800 Exception <a 'java/lang/InterruptedException'> (0x00000000f6effff0) thrown at [C:\re\workspace\8-2-build-windows-amd64-cygwin\jdk8u66\5298\hotspot\src\share\vm\runtime\objectMonitor.cpp, line 1683]
Event: 421.913 Thread 0x0000000016e6d000 Exception <a 'java/lang/InterruptedException'> (0x00000000f7694bb8) thrown at [C:\re\workspace\8-2-build-windows-amd64-cygwin\jdk8u66\5298\hotspot\src\share\vm\runtime\objectMonitor.cpp, line 1683]
Event: 421.918 Thread 0x00000000182b1000 Exception <a 'java/lang/InterruptedException'> (0x00000000f618a448) thrown at [C:\re\workspace\8-2-build-windows-amd64-cygwin\jdk8u66\5298\hotspot\src\share\vm\runtime\objectMonitor.cpp, line 1683]
Event: 421.918 Thread 0x0000000016e6d800 Exception <a 'java/lang/InterruptedException'> (0x00000000f786bb60) thrown at [C:\re\workspace\8-2-build-windows-amd64-cygwin\jdk8u66\5298\hotspot\src\share\vm\runtime\objectMonitor.cpp, line 1683]

Events (10 events):
Event: 421.920 Executing VM operation: RevokeBias
Event: 421.920 Executing VM operation: RevokeBias done
Event: 421.921 Thread 0x0000000017ccb800 Thread exited: 0x0000000017ccb800
Event: 421.921 loading class java/util/IdentityHashMap$KeyIterator
Event: 421.921 loading class java/util/IdentityHashMap$IdentityHashMapIterator
Event: 421.921 loading class java/util/IdentityHashMap$IdentityHashMapIterator done
Event: 421.921 loading class java/util/IdentityHashMap$KeyIterator done
Event: 421.922 Thread 0x0000000017cc6800 Thread added: 0x0000000017cc6800
Event: 421.922 Thread 0x0000000017cc6800 Thread exited: 0x0000000017cc6800
Event: 421.923 Executing VM operation: Exit


Dynamic libraries:
0x0000000000400000 - 0x000000000044f000 	C:\Xilinx\SDK\2016.4\eclipse\win64.o\eclipse.exe
0x00007ff974380000 - 0x00007ff974551000 	C:\WINDOWS\SYSTEM32\ntdll.dll
0x00007ff973360000 - 0x00007ff97340c000 	C:\WINDOWS\System32\KERNEL32.DLL
0x00007ff9676b0000 - 0x00007ff967704000 	C:\Program Files (x86)\AVG\Av\avghooka.dll
0x00007ff970ef0000 - 0x00007ff97110d000 	C:\WINDOWS\System32\KERNELBASE.dll
0x00007ff96ed80000 - 0x00007ff96edfa000 	C:\WINDOWS\system32\apphelp.dll
0x00007ff973700000 - 0x00007ff973865000 	C:\WINDOWS\System32\USER32.dll
0x00007ff970c70000 - 0x00007ff970c8e000 	C:\WINDOWS\System32\win32u.dll
0x00007ff9738e0000 - 0x00007ff973914000 	C:\WINDOWS\System32\GDI32.dll
0x00007ff970870000 - 0x00007ff9709f2000 	C:\WINDOWS\System32\gdi32full.dll
0x00007ff9742d0000 - 0x00007ff97436e000 	C:\WINDOWS\System32\msvcrt.dll
0x00007ff963b10000 - 0x00007ff963d8a000 	C:\WINDOWS\WinSxS\amd64_microsoft.windows.common-controls_6595b64144ccf1df_6.0.14393.953_none_42151e83c686086b\COMCTL32.dll
0x00007ff973920000 - 0x00007ff973be8000 	C:\WINDOWS\System32\combase.dll
0x00007ff970d40000 - 0x00007ff970e35000 	C:\WINDOWS\System32\ucrtbase.dll
0x00007ff973130000 - 0x00007ff973251000 	C:\WINDOWS\System32\RPCRT4.dll
0x00007ff971160000 - 0x00007ff9711ca000 	C:\WINDOWS\System32\bcryptPrimitives.dll
0x00007ff973260000 - 0x00007ff97328e000 	C:\WINDOWS\System32\IMM32.DLL
0x0000000072000000 - 0x0000000072012000 	C:\Xilinx\SDK\2016.4\eclipse\win64.o\plugins\org.eclipse.equinox.launcher.win32.win32.x86_64_1.1.300.v20150602-1417\eclipse_1611.dll
0x00007ff973410000 - 0x00007ff9734b2000 	C:\WINDOWS\System32\ADVAPI32.dll
0x00007ff971910000 - 0x00007ff971969000 	C:\WINDOWS\System32\sechost.dll
0x00007ff962ad0000 - 0x00007ff962ada000 	C:\WINDOWS\SYSTEM32\VERSION.dll
0x00007ff96efc0000 - 0x00007ff96f055000 	C:\WINDOWS\system32\uxtheme.dll
0x00007ff974020000 - 0x00007ff97417a000 	C:\WINDOWS\System32\MSCTF.dll
0x00007ff973290000 - 0x00007ff97334f000 	C:\WINDOWS\System32\OLEAUT32.dll
0x00007ff970bd0000 - 0x00007ff970c6c000 	C:\WINDOWS\System32\msvcp_win.dll
0x0000000058630000 - 0x0000000058eb9000 	C:\Xilinx\SDK\2016.4\tps\win64\jre\bin\server\jvm.dll
0x00007ff973350000 - 0x00007ff973358000 	C:\WINDOWS\System32\PSAPI.DLL
0x00007ff96b920000 - 0x00007ff96b929000 	C:\WINDOWS\SYSTEM32\WSOCK32.dll
0x00007ff973870000 - 0x00007ff9738da000 	C:\WINDOWS\System32\WS2_32.dll
0x00007ff96eac0000 - 0x00007ff96eae3000 	C:\WINDOWS\SYSTEM32\WINMM.dll
0x000000005afc0000 - 0x000000005b092000 	C:\WINDOWS\SYSTEM32\MSVCR100.dll
0x00007ff96e920000 - 0x00007ff96e94b000 	C:\WINDOWS\SYSTEM32\WINMMBASE.dll
0x00007ff971110000 - 0x00007ff971152000 	C:\WINDOWS\System32\cfgmgr32.dll
0x0000000059a20000 - 0x0000000059a2f000 	C:\Xilinx\SDK\2016.4\tps\win64\jre\bin\verify.dll
0x00000000599f0000 - 0x0000000059a19000 	C:\Xilinx\SDK\2016.4\tps\win64\jre\bin\java.dll
0x00000000599d0000 - 0x00000000599e6000 	C:\Xilinx\SDK\2016.4\tps\win64\jre\bin\zip.dll
0x00007ff971c20000 - 0x00007ff973128000 	C:\WINDOWS\System32\SHELL32.dll
0x00007ff971230000 - 0x00007ff97190a000 	C:\WINDOWS\System32\windows.storage.dll
0x00007ff970820000 - 0x00007ff97086c000 	C:\WINDOWS\System32\powrprof.dll
0x00007ff9741f0000 - 0x00007ff974242000 	C:\WINDOWS\System32\shlwapi.dll
0x00007ff970810000 - 0x00007ff97081f000 	C:\WINDOWS\System32\kernel.appcore.dll
0x00007ff970c90000 - 0x00007ff970d39000 	C:\WINDOWS\System32\shcore.dll
0x00007ff9707f0000 - 0x00007ff970804000 	C:\WINDOWS\System32\profapi.dll
0x00007ff970260000 - 0x00007ff970277000 	C:\WINDOWS\SYSTEM32\CRYPTSP.dll
0x00007ff96fcb0000 - 0x00007ff96fce3000 	C:\WINDOWS\system32\rsaenh.dll
0x00007ff970720000 - 0x00007ff97074b000 	C:\WINDOWS\SYSTEM32\bcrypt.dll
0x00007ff96ff30000 - 0x00007ff96ff4f000 	C:\WINDOWS\SYSTEM32\USERENV.dll
0x00007ff970250000 - 0x00007ff97025b000 	C:\WINDOWS\SYSTEM32\CRYPTBASE.dll
0x00000000599b0000 - 0x00000000599ca000 	C:\Xilinx\SDK\2016.4\tps\win64\jre\bin\net.dll
0x00007ff9700b0000 - 0x00007ff97010c000 	C:\WINDOWS\system32\mswsock.dll
0x00007ff96fe30000 - 0x00007ff96fe68000 	C:\WINDOWS\SYSTEM32\IPHLPAPI.DLL
0x00007ff974370000 - 0x00007ff974378000 	C:\WINDOWS\System32\NSI.dll
0x00007ff96cc10000 - 0x00007ff96cc26000 	C:\WINDOWS\SYSTEM32\dhcpcsvc6.DLL
0x00007ff96cb40000 - 0x00007ff96cb5a000 	C:\WINDOWS\SYSTEM32\dhcpcsvc.DLL
0x0000000059990000 - 0x00000000599a1000 	C:\Xilinx\SDK\2016.4\tps\win64\jre\bin\nio.dll
0x00007ff95e4a0000 - 0x00007ff95e4b6000 	C:\WINDOWS\system32\napinsp.dll
0x00007ff95e470000 - 0x00007ff95e48a000 	C:\WINDOWS\system32\pnrpnsp.dll
0x00007ff96be20000 - 0x00007ff96be38000 	C:\WINDOWS\system32\NLAapi.dll
0x00007ff96fe70000 - 0x00007ff96ff11000 	C:\WINDOWS\SYSTEM32\DNSAPI.dll
0x00007ff962ee0000 - 0x00007ff962eee000 	C:\WINDOWS\System32\winrnr.dll
0x000000005b0d0000 - 0x000000005b0f6000 	C:\Program Files\Bonjour\mdnsNSP.dll
0x00007ff96b090000 - 0x00007ff96b09a000 	C:\Windows\System32\rasadhlp.dll
0x00007ff96b450000 - 0x00007ff96b4ba000 	C:\WINDOWS\System32\fwpuclnt.dll
0x0000000018fc0000 - 0x0000000019068000 	C:\Users\Utilizador\.Xilinx\SDK\2016.4\org.eclipse.osgi\319\0\.cp\swt-win32-4527.dll
0x00007ff971a70000 - 0x00007ff971ba8000 	C:\WINDOWS\System32\ole32.dll
0x00007ff971970000 - 0x00007ff971a6a000 	C:\WINDOWS\System32\comdlg32.dll
0x00007ff970a00000 - 0x00007ff970bc9000 	C:\WINDOWS\System32\CRYPT32.dll
0x00007ff9707e0000 - 0x00007ff9707f0000 	C:\WINDOWS\System32\MSASN1.dll
0x00007ff96bc30000 - 0x00007ff96bcb6000 	C:\WINDOWS\SYSTEM32\WINSPOOL.DRV
0x00007ff96b5a0000 - 0x00007ff96b5b9000 	C:\WINDOWS\SYSTEM32\USP10.dll
0x00007ff96ce90000 - 0x00007ff96d15a000 	C:\WINDOWS\SYSTEM32\WININET.dll
0x00007ff96dd30000 - 0x00007ff96dd56000 	C:\WINDOWS\system32\dwmapi.dll
0x00007ff96daa0000 - 0x00007ff96dc25000 	C:\WINDOWS\SYSTEM32\propsys.dll
0x00007ff973660000 - 0x00007ff9736ff000 	C:\WINDOWS\System32\clbcatq.dll
0x00000000195c0000 - 0x00000000195de000 	C:\Users\Utilizador\.Xilinx\SDK\2016.4\org.eclipse.osgi\319\0\.cp\swt-gdip-win32-4527.dll
0x00007ff965510000 - 0x00007ff9656aa000 	C:\WINDOWS\WinSxS\amd64_microsoft.windows.gdiplus_6595b64144ccf1df_1.1.14393.953_none_7300116921188239\gdiplus.dll
0x00007ff96c910000 - 0x00007ff96cab8000 	C:\WINDOWS\SYSTEM32\WindowsCodecs.dll
0x0000000180000000 - 0x0000000180012000 	C:\Users\Utilizador\.Xilinx\SDK\2016.4\org.eclipse.osgi\133\0\.cp\os\win32\x86_64\localfile_1_0_0.dll
0x00007ff95e030000 - 0x00007ff95e095000 	C:\WINDOWS\SYSTEM32\oleacc.dll
0x00007ff96a9c0000 - 0x00007ff96a9c7000 	C:\WINDOWS\SYSTEM32\msimg32.dll
0x00007ff953c10000 - 0x00007ff953c21000 	C:\Users\Utilizador\.Xilinx\SDK\2016.4\org.eclipse.osgi\136\0\.cp\jWinHttp-1.0.0.dll
0x00007ff96dc60000 - 0x00007ff96dd2d000 	C:\WINDOWS\SYSTEM32\WINHTTP.dll
0x00007ff967790000 - 0x00007ff96779f000 	C:\Xilinx\SDK\2016.4\lib\win64.o\librdi_repo_manager.dll
0x00007ff953700000 - 0x00007ff95372a000 	C:\Xilinx\SDK\2016.4\lib\win64.o\libisl_sysinfo.dll
0x00007ff9157e0000 - 0x00007ff91628a000 	C:\Xilinx\SDK\2016.4\lib\win64.o\librdi_common.dll
0x00007ff94d4d0000 - 0x00007ff94d523000 	C:\Xilinx\SDK\2016.4\lib\win64.o\librdi_commonxillic.dll
0x00007ff9164a0000 - 0x00007ff916698000 	C:\Xilinx\SDK\2016.4\lib\win64.o\librdi_hsm.dll
0x00007ff964c00000 - 0x00007ff964ca7000 	C:\WINDOWS\SYSTEM32\MSVCP110.dll
0x00007ff964cb0000 - 0x00007ff964d84000 	C:\WINDOWS\SYSTEM32\MSVCR110.dll
0x00007ff915470000 - 0x00007ff9157de000 	C:\Xilinx\SDK\2016.4\lib\win64.o\libCOIN-all.dll
0x00007ff914b30000 - 0x00007ff914d4f000 	C:\Xilinx\SDK\2016.4\lib\win64.o\libXil_lmgr11.dll
0x00007ff9711d0000 - 0x00007ff971225000 	C:\WINDOWS\System32\WINTRUST.dll
0x00007ff967570000 - 0x00007ff967580000 	C:\Xilinx\SDK\2016.4\lib\win64.o\libboost_date_time.dll
0x00007ff952180000 - 0x00007ff9521a4000 	C:\Xilinx\SDK\2016.4\lib\win64.o\libboost_filesystem.dll
0x00007ff94d450000 - 0x00007ff94d4c7000 	C:\Xilinx\SDK\2016.4\lib\win64.o\libboost_program_options.dll
0x00007ff94d340000 - 0x00007ff94d446000 	C:\Xilinx\SDK\2016.4\lib\win64.o\libboost_regex.dll
0x00007ff953bf0000 - 0x00007ff953c03000 	C:\Xilinx\SDK\2016.4\lib\win64.o\libboost_signals.dll
0x00007ff9671c0000 - 0x00007ff9671c9000 	C:\Xilinx\SDK\2016.4\lib\win64.o\libboost_system.dll
0x00007ff9537b0000 - 0x00007ff9537cd000 	C:\Xilinx\SDK\2016.4\lib\win64.o\libboost_thread.dll
0x00007ff9670c0000 - 0x00007ff9670cb000 	C:\Xilinx\SDK\2016.4\lib\win64.o\libboost_xilinx.dll
0x00007ff949ce0000 - 0x00007ff949d60000 	C:\Xilinx\SDK\2016.4\lib\win64.o\libhdlpsolve.dll
0x00007ff948e60000 - 0x00007ff948efa000 	C:\Xilinx\SDK\2016.4\lib\win64.o\libhdxml.dll
0x00007ff914390000 - 0x00007ff914759000 	C:\Xilinx\SDK\2016.4\lib\win64.o\libisl_iostreams.dll
0x00007ff9522e0000 - 0x00007ff9522f5000 	C:\Xilinx\SDK\2016.4\lib\win64.o\pthreadVC2.dll
0x00007ff9476f0000 - 0x00007ff947820000 	C:\Xilinx\SDK\2016.4\lib\win64.o\librdi_curl.dll
0x00007ff951950000 - 0x00007ff951968000 	C:\Xilinx\SDK\2016.4\lib\win64.o\librdiconfig.dll
0x00007ff94fde0000 - 0x00007ff94fdff000 	C:\Xilinx\SDK\2016.4\lib\win64.o\librdizlib.dll
0x0000000058500000 - 0x0000000058627000 	C:\Xilinx\SDK\2016.4\lib\win64.o\tcl85t.dll
0x00000000260e0000 - 0x0000000026343000 	C:\Xilinx\SDK\2016.4\lib\win64.o\xerces-c_3_1.dll
0x00007ff963320000 - 0x00007ff9634e3000 	C:\WINDOWS\SYSTEM32\urlmon.dll
0x00007ff95cb10000 - 0x00007ff95cb33000 	C:\WINDOWS\SYSTEM32\VCOMP110.DLL
0x00007ff9495b0000 - 0x00007ff9495f3000 	C:\Xilinx\SDK\2016.4\lib\win64.o\librdi_hdf.dll
0x00007ff913f00000 - 0x00007ff9141c8000 	C:\Xilinx\SDK\2016.4\lib\win64.o\librdi_ippcw.dll
0x00007ff96a770000 - 0x00007ff96a788000 	C:\WINDOWS\SYSTEM32\NETAPI32.dll
0x00007ff965370000 - 0x00007ff96537b000 	C:\Xilinx\SDK\2016.4\lib\win64.o\libboost_chrono.dll
0x00007ff94f7d0000 - 0x00007ff94f7e6000 	C:\Xilinx\SDK\2016.4\lib\win64.o\libboost_iostreams.dll
0x00007ff94cc70000 - 0x00007ff94cc93000 	C:\Xilinx\SDK\2016.4\lib\win64.o\libisl_iosutils.dll
0x00007ff96ab70000 - 0x00007ff96ae15000 	C:\WINDOWS\SYSTEM32\iertutil.dll
0x00007ff962a20000 - 0x00007ff962a62000 	C:\WINDOWS\SYSTEM32\edputil.dll
0x00007ff94dd30000 - 0x00007ff94dd46000 	C:\Xilinx\SDK\2016.4\eclipse\win64.o\plugins\org.eclipse.cdt.core.win32.x86_64_5.4.0.201509131935\os\win32\x86_64\spawner.dll
0x00007ff965320000 - 0x00007ff96532a000 	C:\Xilinx\SDK\2016.4\lib\win64.o\librdi_jtag_settings.dll
0x00007ff94ad50000 - 0x00007ff94ad79000 	C:\Xilinx\SDK\2016.4\lib\win64.o\librdi_debug_dialog.dll
0x00007ff964e80000 - 0x00007ff964e88000 	C:\Xilinx\SDK\2016.4\lib\win64.o\librdi_target_manager.dll
0x00007ff910a40000 - 0x00007ff911250000 	C:\Xilinx\SDK\2016.4\lib\win64.o\libXil_lmgr11FNP.dll
0x00007ff973bf0000 - 0x00007ff974019000 	C:\WINDOWS\System32\SETUPAPI.dll
0x00007ff961440000 - 0x00007ff96144c000 	C:\WINDOWS\SYSTEM32\snmpapi.dll
0x00007ff970450000 - 0x00007ff97047c000 	C:\WINDOWS\SYSTEM32\SspiCli.dll
0x00000000190b0000 - 0x00000000190b3000 	C:\WINDOWS\SYSTEM32\icmp.Dll

VM Arguments:
jvm_args: -Dcom.xilinx.sdk.args.hwspec=C:/Users/Utilizador/Desktop/Universidade/4_ano/2_semestre/CR/Projeto/ProjetoFinal/MP_ToDisplays/MP_ToDisplays.sdk/DebUART_wrapper.hdf -Xms64m -Xmx512m & 
java_command: <unknown>
java_class_path (initial): C:\Xilinx\SDK\2016.4\eclipse\win64.o\\plugins/org.eclipse.equinox.launcher_1.3.100.v20150511-1540.jar
Launcher Type: generic

Environment Variables:
JAVA_HOME=C:\Program Files\Java\jdk1.8.0_101
PATH=C:/Xilinx/SDK/2016.4/tps/win64/jre/bin/server;C:/Xilinx/SDK/2016.4/tps/win64/jre/bin;C:/Xilinx/SDK/2016.4/tps/win64/jre/lib/amd64;C:\Xilinx\SDK\2016.4\gnuwin\bin;C:\Xilinx\SDK\2016.4\gnu\microblaze\nt\bin;C:\Xilinx\SDK\2016.4\gnu\microblaze\linux_toolchain\nt64_le\bin;C:\Xilinx\SDK\2016.4\gnu\microblaze\linux_toolchain\nt64_be\bin;C:\Xilinx\SDK\2016.4\gnu\arm\nt\bin;C:\Xilinx\SDK\2016.4\gnu\aarch64\nt\aarch64-none\bin;C:\Xilinx\SDK\2016.4\gnu\aarch64\nt\aarch64-linux\bin;C:\Xilinx\SDK\2016.4\gnu\armr5\nt\gcc-arm-none-eabi\bin;C:\Xilinx\SDK\2016.4\gnu\aarch32\nt\gcc-arm-none-eabi\bin;C:\Xilinx\SDK\2016.4\gnu\aarch32\nt\gcc-arm-linux-gnueabi\bin;C:\Xilinx\SDK\2016.4\tps\win64\cmake-3.3.2\bin;;C:\Xilinx\SDK\2016.4\bin;C:\Xilinx\SDK\2016.4\lib\win64.o;C:\Xilinx\SDK\2016.4\tps\win64\jre\bin\server;C:\Xilinx\SDK\2016.4\tps\win64\jre\bin;C:\Xilinx\Vivado\2016.4\ids_lite\ISE\bin\nt64;C:\Xilinx\Vivado\2016.4\ids_lite\ISE\lib\nt64;C:\Xilinx\Vivado\2016.4\bin;C:\Xilinx\Vivado\2016.4\lib\win64.o;C:\Xilinx\Vivado\2016.4\tps\win64\jre\bin\server;C:\Xilinx\Vivado\2016.4\tps\win64\jre\bin;C:\Xilinx\Vivado_HLS\2016.4\bin;C:\WINDOWS\system32\Npcap;C:\Program Files\MATLAB\MATLAB Production Server\R2015a\runtime\win64;C:\Program Files\MATLAB\MATLAB Production Server\R2015a\bin;C:\Program Files\MATLAB\MATLAB Production Server\R2015a\polyspace\bin;C:\Program Files\PuTTY\;c:\Program Files\Intel\WiFi\bin\;c:\Program Files\Common Files\Intel\WirelessCommon\;C:\Users\Utilizador\AppData\Roaming\npm;C:\Users\Utilizador\AppData\Local\Microsoft\WindowsApps;C:\Python27;C:\Program Files\Java\jdk1.8.0_101\bin;C:\Program Files\NetBeans 8.2\java\maven\bin;C:\Users\Utilizador\Desktop\Universidade\4_ano\2_semestre\CR\Projeto\ProjetoFinal\MP_ToDisplays;
USERNAME=Utilizador
OS=Windows_NT
PROCESSOR_IDENTIFIER=Intel64 Family 6 Model 60 Stepping 3, GenuineIntel



---------------  S Y S T E M  ---------------

OS: Windows 10.0 , 64 bit Build 14393 (10.0.14393.1198)

CPU:total 8 (4 cores per cpu, 2 threads per core) family 6 model 60 stepping 3, cmov, cx8, fxsr, mmx, sse, sse2, sse3, ssse3, sse4.1, sse4.2, popcnt, avx, avx2, aes, clmul, erms, lzcnt, ht, tsc, tscinvbit, bmi1, bmi2

Memory: 4k page, physical 8319000k(2546936k free), swap 12976516k(5898988k free)

vm_info: Java HotSpot(TM) 64-Bit Server VM (25.66-b18) for windows-amd64 JRE (1.8.0_66-b18), built on Nov  9 2015 10:51:13 by "java_re" with MS VC++ 10.0 (VS2010)

time: Sun May 28 14:40:25 2017
elapsed time: 422 seconds (0d 0h 7m 2s)

