#
# A fatal error has been detected by the Java Runtime Environment:
#
#  EXCEPTION_UNCAUGHT_CXX_EXCEPTION (0xe06d7363) at pc=0x00007ff970f23c58, pid=14692, tid=18152
#
# JRE version: Java(TM) SE Runtime Environment (8.0_66-b18) (build 1.8.0_66-b18)
# Java VM: Java HotSpot(TM) 64-Bit Server VM (25.66-b18 mixed mode windows-amd64 compressed oops)
# Problematic frame:
# C  [KERNELBASE.dll+0x33c58]
#
# Failed to write core dump. Minidumps are not enabled by default on client versions of Windows
#
# If you would like to submit a bug report, please visit:
#   http://bugreport.java.com/bugreport/crash.jsp
#

---------------  T H R E A D  ---------------

Current thread (0x0000000013cb9800):  VMThread [stack: 0x00000000159b0000,0x0000000015ab0000] [id=18152]

siginfo: ExceptionCode=0xe06d7363, ExceptionInformation=0x0000000019930520 0x0000000015aaf448 0x00007ff964d62cb8 0x00007ff964cb0000 

Registers:
RAX=0x004c0044002e006c, RBX=0x00007ff964d62cb8, RCX=0x000000000000004c, RDX=0x0000000000000000
RSP=0x0000000015aaf290, RBP=0x0000000015aaf3d0, RSI=0x00000000ffffffff, RDI=0x0000000022907be0
R8 =0x0000000000000000, R9 =0x0000000000000000, R10=0x0000000000000000, R11=0x0000000000000000
R12=0x0000000000000001, R13=0x0000000000000008, R14=0x0000000000000000, R15=0xffffffffffffffff
RIP=0x00007ff970f23c58, EFLAGS=0x0000000000000202

Top of Stack: (sp=0x0000000015aaf290)
0x0000000015aaf290:   0000000000000000 00007ff964d62cb8
0x0000000015aaf2a0:   00000000ffffffff 0000000022907be0
0x0000000015aaf2b0:   00000001e06d7363 0000000000000000
0x0000000015aaf2c0:   00007ff970f23c58 00007ff900000004
0x0000000015aaf2d0:   0000000019930520 0000000015aaf448
0x0000000015aaf2e0:   00007ff964d62cb8 00007ff964cb0000
0x0000000015aaf2f0:   0000000000000008 0000000000000001
0x0000000015aaf300:   0000000022907be0 00000000ffffffff
0x0000000015aaf310:   0000000015aaf3d0 00007ff9743cc26f
0x0000000015aaf320:   0000000015aaf3e0 0000000000000000
0x0000000015aaf330:   0000bba793fdc1ec 0000000000000001
0x0000000015aaf340:   00007ff964d79000 00007ff964cb0000
0x0000000015aaf350:   0000c7b3fdfcfee1 0000000015aaf580
0x0000000015aaf360:   00007ff964d62cb8 00007ff964d0e92c
0x0000000015aaf370:   000000000000001f 0000000000000008
0x0000000015aaf380:   0000000000000001 0000000022907be0 

Instructions: (pc=0x00007ff970f23c58)
0x00007ff970f23c38:   49 8b d1 44 0f 47 c0 44 89 44 24 38 49 c1 e0 03
0x00007ff970f23c48:   e8 47 90 04 00 48 8d 4c 24 20 ff 15 a0 44 11 00
0x00007ff970f23c58:   48 8b 8c 24 c0 00 00 00 48 33 cc e8 d8 55 04 00
0x00007ff970f23c68:   48 81 c4 d8 00 00 00 c3 83 64 24 38 00 eb d6 cc 


Register to memory mapping:

RAX=0x004c0044002e006c is an unknown value
RBX=0x00007ff964d62cb8 is an unknown value
RCX=0x000000000000004c is an unknown value
RDX=0x0000000000000000 is an unknown value
RSP=0x0000000015aaf290 is an unknown value
RBP=0x0000000015aaf3d0 is an unknown value
RSI=0x00000000ffffffff is an unallocated location in the heap
RDI=0x0000000022907be0 is an unknown value
R8 =0x0000000000000000 is an unknown value
R9 =0x0000000000000000 is an unknown value
R10=0x0000000000000000 is an unknown value
R11=0x0000000000000000 is an unknown value
R12=0x0000000000000001 is an unknown value
R13=0x0000000000000008 is an unknown value
R14=0x0000000000000000 is an unknown value
R15=0xffffffffffffffff is an unknown value


Stack: [0x00000000159b0000,0x0000000015ab0000],  sp=0x0000000015aaf290,  free space=1020k
Native frames: (J=compiled Java code, j=interpreted, Vv=VM code, C=native code)
C  [KERNELBASE.dll+0x33c58]
C  [MSVCR110.dll+0x5e92c]
C  [MSVCR110.dll+0x1315c]
C  [MSVCR110.dll+0x136a9]
C  [MSVCR110.dll+0x13e9c]
C  [MSVCR110.dll+0x239e]
C  [MSVCR110.dll+0xaf9e]
C  [MSVCP110.dll+0x397b9]
C  [librdi_common.dll+0x183a66]
C  [librdi_common.dll+0x1826fb]
C  [librdi_target_manager.dll+0x2400]
C  [librdi_target_manager.dll+0x2682]
C  [ntdll.dll+0x2a35f]
C  [ntdll.dll+0x806b]
C  [ntdll.dll+0x7d94]
C  [KERNEL32.DLL+0x1ce6a]
C  [MSVCR100.dll+0x20ccd]
V  [jvm.dll+0x210cc5]
V  [jvm.dll+0x249897]
V  [jvm.dll+0x248b36]
V  [jvm.dll+0x248fd1]
V  [jvm.dll+0x2491ee]
V  [jvm.dll+0x29a0fa]
C  [MSVCR100.dll+0x21d9f]
C  [MSVCR100.dll+0x21e3b]
C  [KERNEL32.DLL+0x8364]
C  [ntdll.dll+0x670d1]

VM_Operation (0x000000000014f4c0): Exit, mode: safepoint, requested by thread 0x00000000023ee800


---------------  P R O C E S S  ---------------

Java Threads: ( => current thread )
  0x0000000018f21800 JavaThread "pool-2-thread-1" [_thread_blocked, id=11292, stack(0x000000002c0b0000,0x000000002c1b0000)]
  0x0000000018f28800 JavaThread "Thread-38" daemon [_thread_blocked, id=10824, stack(0x000000002beb0000,0x000000002bfb0000)]
  0x0000000018f24000 JavaThread "Output Stream Monitor" daemon [_thread_in_native, id=4644, stack(0x000000002bab0000,0x000000002bbb0000)]
  0x0000000018f25800 JavaThread "Output Stream Monitor" daemon [_thread_in_native, id=7880, stack(0x000000002b9b0000,0x000000002bab0000)]
  0x0000000018db1000 JavaThread "TCF Channel Transmitter" daemon [_thread_blocked, id=15608, stack(0x0000000027fb0000,0x00000000280b0000)]
  0x0000000018db0000 JavaThread "TCF Channel Receiver" daemon [_thread_in_native, id=9664, stack(0x0000000027eb0000,0x0000000027fb0000)]
  0x0000000018da9800 JavaThread "Process monitor" daemon [_thread_in_native, id=6328, stack(0x0000000026080000,0x0000000026180000)]
  0x0000000018da8000 JavaThread "Input Stream Monitor" daemon [_thread_blocked, id=1592, stack(0x0000000025f80000,0x0000000026080000)]
  0x0000000018dae800 JavaThread "Output Stream Monitor" daemon [_thread_in_native, id=12092, stack(0x0000000025e80000,0x0000000025f80000)]
  0x0000000018da7000 JavaThread "Output Stream Monitor" daemon [_thread_in_native, id=11000, stack(0x0000000025d80000,0x0000000025e80000)]
  0x0000000018dae000 JavaThread "TCF Locator DNS Lookup" daemon [_thread_blocked, id=18268, stack(0x0000000024af0000,0x0000000024bf0000)]
  0x0000000018da6800 JavaThread "TCF Locator Timer" daemon [_thread_blocked, id=1176, stack(0x00000000249f0000,0x0000000024af0000)]
  0x0000000018a31000 JavaThread "TCF Locator Receiver" daemon [_thread_in_native, id=10632, stack(0x00000000248f0000,0x00000000249f0000)]
  0x0000000018a30000 JavaThread "TCF Timer Dispatcher" daemon [_thread_blocked, id=3776, stack(0x00000000246f0000,0x00000000247f0000)]
  0x0000000018013000 JavaThread "EMF Reference Cleaner" daemon [_thread_blocked, id=8748, stack(0x000000001a2d0000,0x000000001a3d0000)]
  0x0000000015e8a000 JavaThread "Service Thread" daemon [_thread_blocked, id=13256, stack(0x00000000167c0000,0x00000000168c0000)]
  0x0000000015def000 JavaThread "C1 CompilerThread3" daemon [_thread_blocked, id=2964, stack(0x00000000166c0000,0x00000000167c0000)]
  0x0000000015deb800 JavaThread "C2 CompilerThread2" daemon [_thread_blocked, id=12124, stack(0x00000000165c0000,0x00000000166c0000)]
  0x0000000015de7000 JavaThread "C2 CompilerThread1" daemon [_thread_blocked, id=4268, stack(0x00000000164c0000,0x00000000165c0000)]
  0x0000000015de5800 JavaThread "C2 CompilerThread0" daemon [_thread_blocked, id=4036, stack(0x00000000163c0000,0x00000000164c0000)]
  0x0000000015df4800 JavaThread "Attach Listener" daemon [_thread_blocked, id=4020, stack(0x00000000162c0000,0x00000000163c0000)]
  0x0000000015df3000 JavaThread "Signal Dispatcher" daemon [_thread_blocked, id=13488, stack(0x00000000161c0000,0x00000000162c0000)]
  0x00000000024e9800 JavaThread "Finalizer" daemon [_thread_blocked, id=4328, stack(0x0000000015bb0000,0x0000000015cb0000)]
  0x0000000013cbd800 JavaThread "Reference Handler" daemon [_thread_blocked, id=264, stack(0x0000000015ab0000,0x0000000015bb0000)]
  0x00000000023ee800 JavaThread "main" [_thread_blocked, id=15044, stack(0x0000000000050000,0x0000000000150000)]

Other Threads:
=>0x0000000013cb9800 VMThread [stack: 0x00000000159b0000,0x0000000015ab0000] [id=18152]

VM state:at safepoint (shutting down)

VM Mutex/Monitor currently owned by a thread:  ([mutex/lock_event])
[0x00000000023ed340] Threads_lock - owner thread: 0x0000000013cb9800

Heap:
 PSYoungGen      total 88064K, used 34721K [0x00000000f5580000, 0x00000000fd800000, 0x0000000100000000)
  eden space 87552K, 39% used [0x00000000f5580000,0x00000000f7768508,0x00000000fab00000)
  from space 512K, 0% used [0x00000000fab00000,0x00000000fab00000,0x00000000fab80000)
  to   space 23040K, 0% used [0x00000000fc180000,0x00000000fc180000,0x00000000fd800000)
 ParOldGen       total 113152K, used 45498K [0x00000000e0000000, 0x00000000e6e80000, 0x00000000f5580000)
  object space 113152K, 40% used [0x00000000e0000000,0x00000000e2c6e908,0x00000000e6e80000)
 Metaspace       used 84320K, capacity 91516K, committed 91736K, reserved 1128448K
  class space    used 10063K, capacity 12302K, committed 12376K, reserved 1048576K

Card table byte_map: [0x00000000118b0000,0x00000000119c0000] byte_map_base: 0x00000000111b0000

Marking Bits: (ParMarkBitMap*) 0x0000000058c0a5b0
 Begin Bits: [0x00000000121c0000, 0x00000000129c0000)
 End Bits:   [0x00000000129c0000, 0x00000000131c0000)

Polling page: 0x00000000004b0000

CodeCache: size=245760Kb used=34873Kb max_used=35427Kb free=210886Kb
 bounds [0x00000000024f0000, 0x00000000047d0000, 0x00000000114f0000]
 total_blobs=10341 nmethods=9454 adapters=795
 compilation: enabled

Compilation events (10 events):
Event: 1416.829 Thread 0x0000000015def000 12063       3       org.eclipse.osgi.internal.container.AtomicLazyInitializer::getAndClear (9 bytes)
Event: 1416.829 Thread 0x0000000015def000 nmethod 12063 0x0000000002bd7910 code [0x0000000002bd7a80, 0x0000000002bd7cd0]
Event: 1416.830 Thread 0x0000000015def000 12064       3       java.util.concurrent.atomic.AtomicReference::getAndSet (12 bytes)
Event: 1416.830 Thread 0x0000000015def000 nmethod 12064 0x0000000002bc5690 code [0x0000000002bc57e0, 0x0000000002bc5950]
Event: 1416.831 Thread 0x0000000015def000 12065       3       sun.misc.Unsafe::getAndSetObject (24 bytes)
Event: 1416.831 Thread 0x0000000015def000 nmethod 12065 0x0000000003286c90 code [0x0000000003286e00, 0x0000000003287010]
Event: 1416.832 Thread 0x0000000015def000 12066       3       org.eclipse.osgi.internal.framework.EquinoxContainerAdaptor::invalidateWiring (186 bytes)
Event: 1416.835 Thread 0x0000000015def000 nmethod 12066 0x000000000446b5d0 code [0x000000000446b9a0, 0x000000000446e318]
Event: 1416.835 Thread 0x0000000015deb800 nmethod 12068 0x00000000035337d0 code [0x00000000035339a0, 0x0000000003534180]
Event: 1416.861 Thread 0x0000000015de7000 nmethod 12037 0x0000000004577d90 code [0x00000000045781c0, 0x000000000457bef8]

GC Heap History (10 events):
Event: 1232.807 GC heap before
{Heap before GC invocations=41 (full 14):
 PSYoungGen      total 90624K, used 2795K [0x00000000f5580000, 0x00000000fdd00000, 0x0000000100000000)
  eden space 87552K, 0% used [0x00000000f5580000,0x00000000f5580000,0x00000000fab00000)
  from space 3072K, 90% used [0x00000000fab00000,0x00000000fadbade0,0x00000000fae00000)
  to   space 25600K, 0% used [0x00000000fc400000,0x00000000fc400000,0x00000000fdd00000)
 ParOldGen       total 113152K, used 44846K [0x00000000e0000000, 0x00000000e6e80000, 0x00000000f5580000)
  object space 113152K, 39% used [0x00000000e0000000,0x00000000e2bcb908,0x00000000e6e80000)
 Metaspace       used 83304K, capacity 90454K, committed 90840K, reserved 1128448K
  class space    used 9952K, capacity 12140K, committed 12248K, reserved 1048576K
Event: 1233.146 GC heap after
Heap after GC invocations=41 (full 14):
 PSYoungGen      total 90624K, used 0K [0x00000000f5580000, 0x00000000fdd00000, 0x0000000100000000)
  eden space 87552K, 0% used [0x00000000f5580000,0x00000000f5580000,0x00000000fab00000)
  from space 3072K, 0% used [0x00000000fab00000,0x00000000fab00000,0x00000000fae00000)
  to   space 25600K, 0% used [0x00000000fc400000,0x00000000fc400000,0x00000000fdd00000)
 ParOldGen       total 113152K, used 46019K [0x00000000e0000000, 0x00000000e6e80000, 0x00000000f5580000)
  object space 113152K, 40% used [0x00000000e0000000,0x00000000e2cf0f40,0x00000000e6e80000)
 Metaspace       used 83304K, capacity 90454K, committed 90840K, reserved 1128448K
  class space    used 9952K, capacity 12140K, committed 12248K, reserved 1048576K
}
Event: 1292.806 GC heap before
{Heap before GC invocations=42 (full 14):
 PSYoungGen      total 90624K, used 3396K [0x00000000f5580000, 0x00000000fdd00000, 0x0000000100000000)
  eden space 87552K, 3% used [0x00000000f5580000,0x00000000f58d11a0,0x00000000fab00000)
  from space 3072K, 0% used [0x00000000fab00000,0x00000000fab00000,0x00000000fae00000)
  to   space 25600K, 0% used [0x00000000fc400000,0x00000000fc400000,0x00000000fdd00000)
 ParOldGen       total 113152K, used 46019K [0x00000000e0000000, 0x00000000e6e80000, 0x00000000f5580000)
  object space 113152K, 40% used [0x00000000e0000000,0x00000000e2cf0f40,0x00000000e6e80000)
 Metaspace       used 83311K, capacity 90454K, committed 90840K, reserved 1128448K
  class space    used 9952K, capacity 12140K, committed 12248K, reserved 1048576K
Event: 1292.814 GC heap after
Heap after GC invocations=42 (full 14):
 PSYoungGen      total 111104K, used 288K [0x00000000f5580000, 0x00000000fdb00000, 0x0000000100000000)
  eden space 87552K, 0% used [0x00000000f5580000,0x00000000f5580000,0x00000000fab00000)
  from space 23552K, 1% used [0x00000000fc400000,0x00000000fc448000,0x00000000fdb00000)
  to   space 24576K, 0% used [0x00000000fab00000,0x00000000fab00000,0x00000000fc300000)
 ParOldGen       total 113152K, used 46027K [0x00000000e0000000, 0x00000000e6e80000, 0x00000000f5580000)
  object space 113152K, 40% used [0x00000000e0000000,0x00000000e2cf2f40,0x00000000e6e80000)
 Metaspace       used 83311K, capacity 90454K, committed 90840K, reserved 1128448K
  class space    used 9952K, capacity 12140K, committed 12248K, reserved 1048576K
}
Event: 1292.814 GC heap before
{Heap before GC invocations=43 (full 15):
 PSYoungGen      total 111104K, used 288K [0x00000000f5580000, 0x00000000fdb00000, 0x0000000100000000)
  eden space 87552K, 0% used [0x00000000f5580000,0x00000000f5580000,0x00000000fab00000)
  from space 23552K, 1% used [0x00000000fc400000,0x00000000fc448000,0x00000000fdb00000)
  to   space 24576K, 0% used [0x00000000fab00000,0x00000000fab00000,0x00000000fc300000)
 ParOldGen       total 113152K, used 46027K [0x00000000e0000000, 0x00000000e6e80000, 0x00000000f5580000)
  object space 113152K, 40% used [0x00000000e0000000,0x00000000e2cf2f40,0x00000000e6e80000)
 Metaspace       used 83311K, capacity 90454K, committed 90840K, reserved 1128448K
  class space    used 9952K, capacity 12140K, committed 12248K, reserved 1048576K
Event: 1292.978 GC heap after
Heap after GC invocations=43 (full 15):
 PSYoungGen      total 111104K, used 0K [0x00000000f5580000, 0x00000000fdb00000, 0x0000000100000000)
  eden space 87552K, 0% used [0x00000000f5580000,0x00000000f5580000,0x00000000fab00000)
  from space 23552K, 0% used [0x00000000fc400000,0x00000000fc400000,0x00000000fdb00000)
  to   space 24576K, 0% used [0x00000000fab00000,0x00000000fab00000,0x00000000fc300000)
 ParOldGen       total 113152K, used 45502K [0x00000000e0000000, 0x00000000e6e80000, 0x00000000f5580000)
  object space 113152K, 40% used [0x00000000e0000000,0x00000000e2c6faf8,0x00000000e6e80000)
 Metaspace       used 83311K, capacity 90454K, committed 90840K, reserved 1128448K
  class space    used 9952K, capacity 12140K, committed 12248K, reserved 1048576K
}
Event: 1352.806 GC heap before
{Heap before GC invocations=44 (full 15):
 PSYoungGen      total 111104K, used 2970K [0x00000000f5580000, 0x00000000fdb00000, 0x0000000100000000)
  eden space 87552K, 3% used [0x00000000f5580000,0x00000000f5866bb8,0x00000000fab00000)
  from space 23552K, 0% used [0x00000000fc400000,0x00000000fc400000,0x00000000fdb00000)
  to   space 24576K, 0% used [0x00000000fab00000,0x00000000fab00000,0x00000000fc300000)
 ParOldGen       total 113152K, used 45502K [0x00000000e0000000, 0x00000000e6e80000, 0x00000000f5580000)
  object space 113152K, 40% used [0x00000000e0000000,0x00000000e2c6faf8,0x00000000e6e80000)
 Metaspace       used 83319K, capacity 90454K, committed 90840K, reserved 1128448K
  class space    used 9952K, capacity 12140K, committed 12248K, reserved 1048576K
Event: 1352.810 GC heap after
Heap after GC invocations=44 (full 15):
 PSYoungGen      total 88064K, used 224K [0x00000000f5580000, 0x00000000fd800000, 0x0000000100000000)
  eden space 87552K, 0% used [0x00000000f5580000,0x00000000f5580000,0x00000000fab00000)
  from space 512K, 43% used [0x00000000fab00000,0x00000000fab38000,0x00000000fab80000)
  to   space 23040K, 0% used [0x00000000fc180000,0x00000000fc180000,0x00000000fd800000)
 ParOldGen       total 113152K, used 45510K [0x00000000e0000000, 0x00000000e6e80000, 0x00000000f5580000)
  object space 113152K, 40% used [0x00000000e0000000,0x00000000e2c71af8,0x00000000e6e80000)
 Metaspace       used 83319K, capacity 90454K, committed 90840K, reserved 1128448K
  class space    used 9952K, capacity 12140K, committed 12248K, reserved 1048576K
}
Event: 1352.810 GC heap before
{Heap before GC invocations=45 (full 16):
 PSYoungGen      total 88064K, used 224K [0x00000000f5580000, 0x00000000fd800000, 0x0000000100000000)
  eden space 87552K, 0% used [0x00000000f5580000,0x00000000f5580000,0x00000000fab00000)
  from space 512K, 43% used [0x00000000fab00000,0x00000000fab38000,0x00000000fab80000)
  to   space 23040K, 0% used [0x00000000fc180000,0x00000000fc180000,0x00000000fd800000)
 ParOldGen       total 113152K, used 45510K [0x00000000e0000000, 0x00000000e6e80000, 0x00000000f5580000)
  object space 113152K, 40% used [0x00000000e0000000,0x00000000e2c71af8,0x00000000e6e80000)
 Metaspace       used 83319K, capacity 90454K, committed 90840K, reserved 1128448K
  class space    used 9952K, capacity 12140K, committed 12248K, reserved 1048576K
Event: 1352.948 GC heap after
Heap after GC invocations=45 (full 16):
 PSYoungGen      total 88064K, used 0K [0x00000000f5580000, 0x00000000fd800000, 0x0000000100000000)
  eden space 87552K, 0% used [0x00000000f5580000,0x00000000f5580000,0x00000000fab00000)
  from space 512K, 0% used [0x00000000fab00000,0x00000000fab00000,0x00000000fab80000)
  to   space 23040K, 0% used [0x00000000fc180000,0x00000000fc180000,0x00000000fd800000)
 ParOldGen       total 113152K, used 45498K [0x00000000e0000000, 0x00000000e6e80000, 0x00000000f5580000)
  object space 113152K, 40% used [0x00000000e0000000,0x00000000e2c6e908,0x00000000e6e80000)
 Metaspace       used 83319K, capacity 90454K, committed 90840K, reserved 1128448K
  class space    used 9952K, capacity 12140K, committed 12248K, reserved 1048576K
}

Deoptimization events (10 events):
Event: 1416.247 Thread 0x0000000018f26000 Uncommon trap: reason=class_check action=maybe_recompile pc=0x0000000002b56d2c method=org.eclipse.swt.widgets.Display.asyncExec(Ljava/lang/Runnable;)V @ 23
Event: 1416.247 Thread 0x0000000018f26000 Uncommon trap: reason=class_check action=maybe_recompile pc=0x0000000002b56d2c method=org.eclipse.swt.widgets.Display.asyncExec(Ljava/lang/Runnable;)V @ 23
Event: 1416.248 Thread 0x0000000018f2d000 Uncommon trap: reason=unstable_if action=reinterpret pc=0x0000000003f09754 method=org.eclipse.core.internal.jobs.JobManager.startJob(Lorg/eclipse/core/internal/jobs/Worker;)Lorg/eclipse/core/runtime/jobs/Job; @ 20
Event: 1416.601 Thread 0x0000000018f26000 Uncommon trap: reason=unstable_if action=reinterpret pc=0x0000000004596398 method=java.lang.Class.getDeclaredMethod(Ljava/lang/String;[Ljava/lang/Class;)Ljava/lang/reflect/Method; @ 21
Event: 1416.797 Thread 0x0000000018a2e000 Uncommon trap: reason=unstable_if action=reinterpret pc=0x0000000003688460 method=org.eclipse.osgi.framework.eventmgr.EventManager$EventThread.getNextEvent()Lorg/eclipse/osgi/framework/eventmgr/EventManager$EventThread$Queued; @ 15
Event: 1416.797 Thread 0x0000000018f2d000 Uncommon trap: reason=unstable_if action=reinterpret pc=0x0000000002afecfc method=org.eclipse.core.internal.jobs.JobManager.nextJob()Lorg/eclipse/core/runtime/jobs/Job; @ 80
Event: 1416.797 Thread 0x0000000018dad000 Uncommon trap: reason=unstable_if action=reinterpret pc=0x0000000002afecfc method=org.eclipse.core.internal.jobs.JobManager.nextJob()Lorg/eclipse/core/runtime/jobs/Job; @ 80
Event: 1416.797 Thread 0x0000000018db4000 Uncommon trap: reason=unstable_if action=reinterpret pc=0x0000000002afecfc method=org.eclipse.core.internal.jobs.JobManager.nextJob()Lorg/eclipse/core/runtime/jobs/Job; @ 80
Event: 1416.797 Thread 0x0000000018f2e800 Uncommon trap: reason=unstable_if action=reinterpret pc=0x0000000002afecfc method=org.eclipse.core.internal.jobs.JobManager.nextJob()Lorg/eclipse/core/runtime/jobs/Job; @ 80
Event: 1416.820 Thread 0x0000000018a34000 Uncommon trap: reason=unstable_if action=reinterpret pc=0x0000000003688460 method=org.eclipse.osgi.framework.eventmgr.EventManager$EventThread.getNextEvent()Lorg/eclipse/osgi/framework/eventmgr/EventManager$EventThread$Queued; @ 15

Internal exceptions (10 events):
Event: 1414.438 Thread 0x00000000023ee800 Exception <a 'java/io/FileNotFoundException'> (0x00000000f6c88c10) thrown at [C:\re\workspace\8-2-build-windows-amd64-cygwin\jdk8u66\5298\hotspot\src\share\vm\prims\jni.cpp, line 709]
Event: 1414.439 Thread 0x00000000023ee800 Exception <a 'java/io/FileNotFoundException'> (0x00000000f6c8b050) thrown at [C:\re\workspace\8-2-build-windows-amd64-cygwin\jdk8u66\5298\hotspot\src\share\vm\prims\jni.cpp, line 709]
Event: 1414.439 Thread 0x00000000023ee800 Exception <a 'java/io/FileNotFoundException'> (0x00000000f6c8d490) thrown at [C:\re\workspace\8-2-build-windows-amd64-cygwin\jdk8u66\5298\hotspot\src\share\vm\prims\jni.cpp, line 709]
Event: 1414.440 Thread 0x00000000023ee800 Exception <a 'java/io/FileNotFoundException'> (0x00000000f6c8fa10) thrown at [C:\re\workspace\8-2-build-windows-amd64-cygwin\jdk8u66\5298\hotspot\src\share\vm\prims\jni.cpp, line 709]
Event: 1414.500 Thread 0x00000000023ee800 Implicit null exception at 0x0000000002b4c63d to 0x0000000002b4f191
Event: 1414.680 Thread 0x0000000018f27000 Exception <a 'java/lang/InterruptedException'> (0x00000000f721daf8) thrown at [C:\re\workspace\8-2-build-windows-amd64-cygwin\jdk8u66\5298\hotspot\src\share\vm\runtime\objectMonitor.cpp, line 1683]
Event: 1416.797 Thread 0x0000000018a2e000 Exception <a 'java/lang/InterruptedException'> (0x00000000f6d42238) thrown at [C:\re\workspace\8-2-build-windows-amd64-cygwin\jdk8u66\5298\hotspot\src\share\vm\runtime\objectMonitor.cpp, line 1683]
Event: 1416.813 Thread 0x0000000017551800 Exception <a 'java/lang/InterruptedException'> (0x00000000f74e81a8) thrown at [C:\re\workspace\8-2-build-windows-amd64-cygwin\jdk8u66\5298\hotspot\src\share\vm\runtime\objectMonitor.cpp, line 1683]
Event: 1416.820 Thread 0x0000000018a34000 Exception <a 'java/lang/InterruptedException'> (0x00000000f66e7928) thrown at [C:\re\workspace\8-2-build-windows-amd64-cygwin\jdk8u66\5298\hotspot\src\share\vm\runtime\objectMonitor.cpp, line 1683]
Event: 1416.841 Thread 0x0000000017915800 Exception <a 'java/lang/InterruptedException'> (0x00000000f76f1688) thrown at [C:\re\workspace\8-2-build-windows-amd64-cygwin\jdk8u66\5298\hotspot\src\share\vm\runtime\objectMonitor.cpp, line 1683]

Events (10 events):
Event: 1416.825 Thread 0x0000000015def000 flushing nmethod 0x00000000034a9990
Event: 1416.841 Thread 0x0000000017915800 Thread exited: 0x0000000017915800
Event: 1416.861 Thread 0x0000000015de7000 flushing nmethod 0x00000000044995d0
Event: 1416.862 Thread 0x0000000015de7000 flushing nmethod 0x00000000046d09d0
Event: 1416.888 loading class java/util/IdentityHashMap$IdentityHashMapIterator
Event: 1416.914 loading class java/util/IdentityHashMap$IdentityHashMapIterator done
Event: 1416.914 loading class java/util/IdentityHashMap$KeyIterator done
Event: 1416.914 Thread 0x0000000018f26000 Thread added: 0x0000000018f26000
Event: 1416.914 Thread 0x0000000018f26000 Thread exited: 0x0000000018f26000
Event: 1417.033 Executing VM operation: Exit


Dynamic libraries:
0x0000000000400000 - 0x000000000044f000 	C:\Xilinx\SDK\2016.4\eclipse\win64.o\eclipse.exe
0x00007ff974380000 - 0x00007ff974551000 	C:\WINDOWS\SYSTEM32\ntdll.dll
0x00007ff973360000 - 0x00007ff97340c000 	C:\WINDOWS\System32\KERNEL32.DLL
0x00007ff9676b0000 - 0x00007ff967704000 	C:\Program Files (x86)\AVG\Av\avghooka.dll
0x00007ff970ef0000 - 0x00007ff97110d000 	C:\WINDOWS\System32\KERNELBASE.dll
0x00007ff96ed80000 - 0x00007ff96edfa000 	C:\WINDOWS\system32\apphelp.dll
0x00007ff973700000 - 0x00007ff973865000 	C:\WINDOWS\System32\USER32.dll
0x00007ff970c70000 - 0x00007ff970c8e000 	C:\WINDOWS\System32\win32u.dll
0x00007ff9738e0000 - 0x00007ff973914000 	C:\WINDOWS\System32\GDI32.dll
0x00007ff970870000 - 0x00007ff9709f2000 	C:\WINDOWS\System32\gdi32full.dll
0x00007ff9742d0000 - 0x00007ff97436e000 	C:\WINDOWS\System32\msvcrt.dll
0x00007ff963b10000 - 0x00007ff963d8a000 	C:\WINDOWS\WinSxS\amd64_microsoft.windows.common-controls_6595b64144ccf1df_6.0.14393.953_none_42151e83c686086b\COMCTL32.dll
0x00007ff973920000 - 0x00007ff973be8000 	C:\WINDOWS\System32\combase.dll
0x00007ff970d40000 - 0x00007ff970e35000 	C:\WINDOWS\System32\ucrtbase.dll
0x00007ff973130000 - 0x00007ff973251000 	C:\WINDOWS\System32\RPCRT4.dll
0x00007ff971160000 - 0x00007ff9711ca000 	C:\WINDOWS\System32\bcryptPrimitives.dll
0x00007ff973260000 - 0x00007ff97328e000 	C:\WINDOWS\System32\IMM32.DLL
0x0000000072000000 - 0x0000000072012000 	C:\Xilinx\SDK\2016.4\eclipse\win64.o\plugins\org.eclipse.equinox.launcher.win32.win32.x86_64_1.1.300.v20150602-1417\eclipse_1611.dll
0x00007ff973410000 - 0x00007ff9734b2000 	C:\WINDOWS\System32\ADVAPI32.dll
0x00007ff971910000 - 0x00007ff971969000 	C:\WINDOWS\System32\sechost.dll
0x00007ff962ad0000 - 0x00007ff962ada000 	C:\WINDOWS\SYSTEM32\VERSION.dll
0x00007ff96efc0000 - 0x00007ff96f055000 	C:\WINDOWS\system32\uxtheme.dll
0x00007ff974020000 - 0x00007ff97417a000 	C:\WINDOWS\System32\MSCTF.dll
0x00007ff973290000 - 0x00007ff97334f000 	C:\WINDOWS\System32\OLEAUT32.dll
0x00007ff970bd0000 - 0x00007ff970c6c000 	C:\WINDOWS\System32\msvcp_win.dll
0x0000000058400000 - 0x0000000058c89000 	C:\Xilinx\SDK\2016.4\tps\win64\jre\bin\server\jvm.dll
0x00007ff973350000 - 0x00007ff973358000 	C:\WINDOWS\System32\PSAPI.DLL
0x00007ff96c3c0000 - 0x00007ff96c3c9000 	C:\WINDOWS\SYSTEM32\WSOCK32.dll
0x00007ff973870000 - 0x00007ff9738da000 	C:\WINDOWS\System32\WS2_32.dll
0x00007ff96eac0000 - 0x00007ff96eae3000 	C:\WINDOWS\SYSTEM32\WINMM.dll
0x000000005afc0000 - 0x000000005b092000 	C:\WINDOWS\SYSTEM32\MSVCR100.dll
0x00007ff96e920000 - 0x00007ff96e94b000 	C:\WINDOWS\SYSTEM32\WINMMBASE.dll
0x00007ff971110000 - 0x00007ff971152000 	C:\WINDOWS\System32\cfgmgr32.dll
0x0000000059ef0000 - 0x0000000059eff000 	C:\Xilinx\SDK\2016.4\tps\win64\jre\bin\verify.dll
0x0000000059e80000 - 0x0000000059ea9000 	C:\Xilinx\SDK\2016.4\tps\win64\jre\bin\java.dll
0x0000000059ed0000 - 0x0000000059ee6000 	C:\Xilinx\SDK\2016.4\tps\win64\jre\bin\zip.dll
0x00007ff971c20000 - 0x00007ff973128000 	C:\WINDOWS\System32\SHELL32.dll
0x00007ff971230000 - 0x00007ff97190a000 	C:\WINDOWS\System32\windows.storage.dll
0x00007ff970820000 - 0x00007ff97086c000 	C:\WINDOWS\System32\powrprof.dll
0x00007ff9741f0000 - 0x00007ff974242000 	C:\WINDOWS\System32\shlwapi.dll
0x00007ff970810000 - 0x00007ff97081f000 	C:\WINDOWS\System32\kernel.appcore.dll
0x00007ff970c90000 - 0x00007ff970d39000 	C:\WINDOWS\System32\shcore.dll
0x00007ff9707f0000 - 0x00007ff970804000 	C:\WINDOWS\System32\profapi.dll
0x00007ff970260000 - 0x00007ff970277000 	C:\WINDOWS\SYSTEM32\CRYPTSP.dll
0x00007ff96fcb0000 - 0x00007ff96fce3000 	C:\WINDOWS\system32\rsaenh.dll
0x00007ff970720000 - 0x00007ff97074b000 	C:\WINDOWS\SYSTEM32\bcrypt.dll
0x00007ff96ff30000 - 0x00007ff96ff4f000 	C:\WINDOWS\SYSTEM32\USERENV.dll
0x00007ff970250000 - 0x00007ff97025b000 	C:\WINDOWS\SYSTEM32\CRYPTBASE.dll
0x0000000059e60000 - 0x0000000059e7a000 	C:\Xilinx\SDK\2016.4\tps\win64\jre\bin\net.dll
0x00007ff9700b0000 - 0x00007ff97010c000 	C:\WINDOWS\system32\mswsock.dll
0x00007ff96fe30000 - 0x00007ff96fe68000 	C:\WINDOWS\SYSTEM32\IPHLPAPI.DLL
0x00007ff974370000 - 0x00007ff974378000 	C:\WINDOWS\System32\NSI.dll
0x00007ff96cc10000 - 0x00007ff96cc26000 	C:\WINDOWS\SYSTEM32\dhcpcsvc6.DLL
0x00007ff96cb40000 - 0x00007ff96cb5a000 	C:\WINDOWS\SYSTEM32\dhcpcsvc.DLL
0x0000000059e40000 - 0x0000000059e51000 	C:\Xilinx\SDK\2016.4\tps\win64\jre\bin\nio.dll
0x00007ff95e4a0000 - 0x00007ff95e4b6000 	C:\WINDOWS\system32\napinsp.dll
0x00007ff95e470000 - 0x00007ff95e48a000 	C:\WINDOWS\system32\pnrpnsp.dll
0x00007ff96be20000 - 0x00007ff96be38000 	C:\WINDOWS\system32\NLAapi.dll
0x00007ff96fe70000 - 0x00007ff96ff11000 	C:\WINDOWS\SYSTEM32\DNSAPI.dll
0x00007ff962ee0000 - 0x00007ff962eee000 	C:\WINDOWS\System32\winrnr.dll
0x000000005b0d0000 - 0x000000005b0f6000 	C:\Program Files\Bonjour\mdnsNSP.dll
0x00007ff96b090000 - 0x00007ff96b09a000 	C:\Windows\System32\rasadhlp.dll
0x00007ff96b450000 - 0x00007ff96b4ba000 	C:\WINDOWS\System32\fwpuclnt.dll
0x00000000183e0000 - 0x0000000018488000 	C:\Users\Utilizador\.Xilinx\SDK\2016.4\org.eclipse.osgi\319\0\.cp\swt-win32-4527.dll
0x00007ff971a70000 - 0x00007ff971ba8000 	C:\WINDOWS\System32\ole32.dll
0x00007ff971970000 - 0x00007ff971a6a000 	C:\WINDOWS\System32\comdlg32.dll
0x00007ff970a00000 - 0x00007ff970bc9000 	C:\WINDOWS\System32\CRYPT32.dll
0x00007ff9707e0000 - 0x00007ff9707f0000 	C:\WINDOWS\System32\MSASN1.dll
0x00007ff96bc30000 - 0x00007ff96bcb6000 	C:\WINDOWS\SYSTEM32\WINSPOOL.DRV
0x00007ff964ae0000 - 0x00007ff964af9000 	C:\WINDOWS\SYSTEM32\USP10.dll
0x00007ff96ce90000 - 0x00007ff96d15a000 	C:\WINDOWS\SYSTEM32\WININET.dll
0x00007ff96dd30000 - 0x00007ff96dd56000 	C:\WINDOWS\system32\dwmapi.dll
0x00007ff96daa0000 - 0x00007ff96dc25000 	C:\WINDOWS\SYSTEM32\propsys.dll
0x00007ff973660000 - 0x00007ff9736ff000 	C:\WINDOWS\System32\clbcatq.dll
0x00000000185b0000 - 0x00000000185ce000 	C:\Users\Utilizador\.Xilinx\SDK\2016.4\org.eclipse.osgi\319\0\.cp\swt-gdip-win32-4527.dll
0x00007ff965510000 - 0x00007ff9656aa000 	C:\WINDOWS\WinSxS\amd64_microsoft.windows.gdiplus_6595b64144ccf1df_1.1.14393.953_none_7300116921188239\gdiplus.dll
0x00007ff96c910000 - 0x00007ff96cab8000 	C:\WINDOWS\SYSTEM32\WindowsCodecs.dll
0x0000000180000000 - 0x0000000180012000 	C:\Users\Utilizador\.Xilinx\SDK\2016.4\org.eclipse.osgi\133\0\.cp\os\win32\x86_64\localfile_1_0_0.dll
0x00007ff95f420000 - 0x00007ff95f485000 	C:\WINDOWS\SYSTEM32\oleacc.dll
0x00007ff96a9c0000 - 0x00007ff96a9c7000 	C:\WINDOWS\SYSTEM32\msimg32.dll
0x00007ff967090000 - 0x00007ff9670a1000 	C:\Users\Utilizador\.Xilinx\SDK\2016.4\org.eclipse.osgi\136\0\.cp\jWinHttp-1.0.0.dll
0x00007ff96dc60000 - 0x00007ff96dd2d000 	C:\WINDOWS\SYSTEM32\WINHTTP.dll
0x00007ff96a3f0000 - 0x00007ff96a3ff000 	C:\Xilinx\SDK\2016.4\lib\win64.o\librdi_repo_manager.dll
0x00007ff965330000 - 0x00007ff96535a000 	C:\Xilinx\SDK\2016.4\lib\win64.o\libisl_sysinfo.dll
0x00007ff90fc80000 - 0x00007ff91072a000 	C:\Xilinx\SDK\2016.4\lib\win64.o\librdi_common.dll
0x00007ff94eef0000 - 0x00007ff94ef43000 	C:\Xilinx\SDK\2016.4\lib\win64.o\librdi_commonxillic.dll
0x00007ff913ec0000 - 0x00007ff9140b8000 	C:\Xilinx\SDK\2016.4\lib\win64.o\librdi_hsm.dll
0x00007ff964c00000 - 0x00007ff964ca7000 	C:\WINDOWS\SYSTEM32\MSVCP110.dll
0x00007ff964cb0000 - 0x00007ff964d84000 	C:\WINDOWS\SYSTEM32\MSVCR110.dll
0x00007ff90f910000 - 0x00007ff90fc7e000 	C:\Xilinx\SDK\2016.4\lib\win64.o\libCOIN-all.dll
0x00007ff90f6f0000 - 0x00007ff90f90f000 	C:\Xilinx\SDK\2016.4\lib\win64.o\libXil_lmgr11.dll
0x00007ff9711d0000 - 0x00007ff971225000 	C:\WINDOWS\System32\WINTRUST.dll
0x00007ff969d30000 - 0x00007ff969d40000 	C:\Xilinx\SDK\2016.4\lib\win64.o\libboost_date_time.dll
0x00007ff965300000 - 0x00007ff965324000 	C:\Xilinx\SDK\2016.4\lib\win64.o\libboost_filesystem.dll
0x00007ff94ee70000 - 0x00007ff94eee7000 	C:\Xilinx\SDK\2016.4\lib\win64.o\libboost_program_options.dll
0x00007ff9433b0000 - 0x00007ff9434b6000 	C:\Xilinx\SDK\2016.4\lib\win64.o\libboost_regex.dll
0x00007ff958840000 - 0x00007ff958853000 	C:\Xilinx\SDK\2016.4\lib\win64.o\libboost_signals.dll
0x00007ff9647e0000 - 0x00007ff9647e9000 	C:\Xilinx\SDK\2016.4\lib\win64.o\libboost_system.dll
0x00007ff954d80000 - 0x00007ff954d9d000 	C:\Xilinx\SDK\2016.4\lib\win64.o\libboost_thread.dll
0x00007ff962dc0000 - 0x00007ff962dcb000 	C:\Xilinx\SDK\2016.4\lib\win64.o\libboost_xilinx.dll
0x00007ff946850000 - 0x00007ff9468d0000 	C:\Xilinx\SDK\2016.4\lib\win64.o\libhdlpsolve.dll
0x00007ff944330000 - 0x00007ff9443ca000 	C:\Xilinx\SDK\2016.4\lib\win64.o\libhdxml.dll
0x00007ff90f320000 - 0x00007ff90f6e9000 	C:\Xilinx\SDK\2016.4\lib\win64.o\libisl_iostreams.dll
0x00007ff953d40000 - 0x00007ff953d55000 	C:\Xilinx\SDK\2016.4\lib\win64.o\pthreadVC2.dll
0x00007ff913d90000 - 0x00007ff913ec0000 	C:\Xilinx\SDK\2016.4\lib\win64.o\librdi_curl.dll
0x00007ff953d20000 - 0x00007ff953d38000 	C:\Xilinx\SDK\2016.4\lib\win64.o\librdiconfig.dll
0x00007ff94ee10000 - 0x00007ff94ee2f000 	C:\Xilinx\SDK\2016.4\lib\win64.o\librdizlib.dll
0x0000000059a40000 - 0x0000000059b67000 	C:\Xilinx\SDK\2016.4\lib\win64.o\tcl85t.dll
0x0000000025810000 - 0x0000000025a73000 	C:\Xilinx\SDK\2016.4\lib\win64.o\xerces-c_3_1.dll
0x00007ff963320000 - 0x00007ff9634e3000 	C:\WINDOWS\SYSTEM32\urlmon.dll
0x00007ff9518d0000 - 0x00007ff9518f3000 	C:\WINDOWS\SYSTEM32\VCOMP110.DLL
0x00007ff949f00000 - 0x00007ff949f43000 	C:\Xilinx\SDK\2016.4\lib\win64.o\librdi_hdf.dll
0x00007ff90f050000 - 0x00007ff90f318000 	C:\Xilinx\SDK\2016.4\lib\win64.o\librdi_ippcw.dll
0x00007ff96a770000 - 0x00007ff96a788000 	C:\WINDOWS\SYSTEM32\NETAPI32.dll
0x00007ff962090000 - 0x00007ff96209b000 	C:\Xilinx\SDK\2016.4\lib\win64.o\libboost_chrono.dll
0x00007ff94edf0000 - 0x00007ff94ee06000 	C:\Xilinx\SDK\2016.4\lib\win64.o\libboost_iostreams.dll
0x00007ff94c930000 - 0x00007ff94c953000 	C:\Xilinx\SDK\2016.4\lib\win64.o\libisl_iosutils.dll
0x00007ff96ab70000 - 0x00007ff96ae15000 	C:\WINDOWS\SYSTEM32\iertutil.dll
0x00007ff962a20000 - 0x00007ff962a62000 	C:\WINDOWS\SYSTEM32\edputil.dll
0x00007ff94bf60000 - 0x00007ff94bf76000 	C:\Xilinx\SDK\2016.4\eclipse\win64.o\plugins\org.eclipse.cdt.core.win32.x86_64_5.4.0.201509131935\os\win32\x86_64\spawner.dll
0x00007ff96c260000 - 0x00007ff96c26a000 	C:\Xilinx\SDK\2016.4\lib\win64.o\librdi_jtag_settings.dll
0x00007ff9467f0000 - 0x00007ff946819000 	C:\Xilinx\SDK\2016.4\lib\win64.o\librdi_debug_dialog.dll
0x00007ff961d90000 - 0x00007ff961d98000 	C:\Xilinx\SDK\2016.4\lib\win64.o\librdi_target_manager.dll
0x00007ff941070000 - 0x00007ff941880000 	C:\Xilinx\SDK\2016.4\lib\win64.o\libXil_lmgr11FNP.dll
0x00007ff973bf0000 - 0x00007ff974019000 	C:\WINDOWS\System32\SETUPAPI.dll
0x00007ff961440000 - 0x00007ff96144c000 	C:\WINDOWS\SYSTEM32\snmpapi.dll
0x00007ff96f320000 - 0x00007ff96f348000 	C:\WINDOWS\SYSTEM32\DEVOBJ.dll
0x00007ff970450000 - 0x00007ff97047c000 	C:\WINDOWS\SYSTEM32\SspiCli.dll

VM Arguments:
jvm_args: -Dcom.xilinx.sdk.args.hwspec=C:/Users/Utilizador/Desktop/Universidade/4_ano/2_semestre/CR/Projeto/ProjetoFinal/MP_ToDisplays/MP_ToDisplays.sdk/DebUART_wrapper.hdf -Xms64m -Xmx512m & 
java_command: <unknown>
java_class_path (initial): C:\Xilinx\SDK\2016.4\eclipse\win64.o\\plugins/org.eclipse.equinox.launcher_1.3.100.v20150511-1540.jar
Launcher Type: generic

Environment Variables:
JAVA_HOME=C:\Program Files\Java\jdk1.8.0_101
PATH=C:/Xilinx/SDK/2016.4/tps/win64/jre/bin/server;C:/Xilinx/SDK/2016.4/tps/win64/jre/bin;C:/Xilinx/SDK/2016.4/tps/win64/jre/lib/amd64;C:\Xilinx\SDK\2016.4\gnuwin\bin;C:\Xilinx\SDK\2016.4\gnu\microblaze\nt\bin;C:\Xilinx\SDK\2016.4\gnu\microblaze\linux_toolchain\nt64_le\bin;C:\Xilinx\SDK\2016.4\gnu\microblaze\linux_toolchain\nt64_be\bin;C:\Xilinx\SDK\2016.4\gnu\arm\nt\bin;C:\Xilinx\SDK\2016.4\gnu\aarch64\nt\aarch64-none\bin;C:\Xilinx\SDK\2016.4\gnu\aarch64\nt\aarch64-linux\bin;C:\Xilinx\SDK\2016.4\gnu\armr5\nt\gcc-arm-none-eabi\bin;C:\Xilinx\SDK\2016.4\gnu\aarch32\nt\gcc-arm-none-eabi\bin;C:\Xilinx\SDK\2016.4\gnu\aarch32\nt\gcc-arm-linux-gnueabi\bin;C:\Xilinx\SDK\2016.4\tps\win64\cmake-3.3.2\bin;;C:\Xilinx\SDK\2016.4\bin;C:\Xilinx\SDK\2016.4\lib\win64.o;C:\Xilinx\SDK\2016.4\tps\win64\jre\bin\server;C:\Xilinx\SDK\2016.4\tps\win64\jre\bin;C:\Xilinx\Vivado\2016.4\ids_lite\ISE\bin\nt64;C:\Xilinx\Vivado\2016.4\ids_lite\ISE\lib\nt64;C:\Xilinx\Vivado\2016.4\bin;C:\Xilinx\Vivado\2016.4\lib\win64.o;C:\Xilinx\Vivado\2016.4\tps\win64\jre\bin\server;C:\Xilinx\Vivado\2016.4\tps\win64\jre\bin;C:\Xilinx\Vivado_HLS\2016.4\bin;C:\WINDOWS\system32\Npcap;C:\Program Files\MATLAB\MATLAB Production Server\R2015a\runtime\win64;C:\Program Files\MATLAB\MATLAB Production Server\R2015a\bin;C:\Program Files\MATLAB\MATLAB Production Server\R2015a\polyspace\bin;C:\Program Files\PuTTY\;c:\Program Files\Intel\WiFi\bin\;c:\Program Files\Common Files\Intel\WirelessCommon\;C:\Users\Utilizador\AppData\Roaming\npm;C:\Users\Utilizador\AppData\Local\Microsoft\WindowsApps;C:\Python27;C:\Program Files\Java\jdk1.8.0_101\bin;C:\Program Files\NetBeans 8.2\java\maven\bin;C:\Users\Utilizador\Desktop\Universidade\4_ano\2_semestre\CR\Projeto\ProjetoFinal\MP_ToDisplays;
USERNAME=Utilizador
OS=Windows_NT
PROCESSOR_IDENTIFIER=Intel64 Family 6 Model 60 Stepping 3, GenuineIntel



---------------  S Y S T E M  ---------------

OS: Windows 10.0 , 64 bit Build 14393 (10.0.14393.1198)

CPU:total 8 (4 cores per cpu, 2 threads per core) family 6 model 60 stepping 3, cmov, cx8, fxsr, mmx, sse, sse2, sse3, ssse3, sse4.1, sse4.2, popcnt, avx, avx2, aes, clmul, erms, lzcnt, ht, tsc, tscinvbit, bmi1, bmi2

Memory: 4k page, physical 8319000k(1847932k free), swap 12976516k(4012304k free)

vm_info: Java HotSpot(TM) 64-Bit Server VM (25.66-b18) for windows-amd64 JRE (1.8.0_66-b18), built on Nov  9 2015 10:51:13 by "java_re" with MS VC++ 10.0 (VS2010)

time: Fri May 26 11:08:31 2017
elapsed time: 1419 seconds (0d 0h 23m 39s)

