#
# A fatal error has been detected by the Java Runtime Environment:
#
#  Internal Error (0xc000000d), pid=14492, tid=9140
#
# JRE version: Java(TM) SE Runtime Environment (8.0_66-b18) (build 1.8.0_66-b18)
# Java VM: Java HotSpot(TM) 64-Bit Server VM (25.66-b18 mixed mode windows-amd64 compressed oops)
# Problematic frame:
# C  [ntdll.dll+0xff44c]
#
# Failed to write core dump. Minidumps are not enabled by default on client versions of Windows
#
# If you would like to submit a bug report, please visit:
#   http://bugreport.java.com/bugreport/crash.jsp
#

---------------  T H R E A D  ---------------

Current thread (0x0000000013d19800):  VMThread [stack: 0x0000000015a00000,0x0000000015b00000] [id=9140]

siginfo: ExceptionCode=0xc000000d

Registers:
RAX=0x0000000000000000, RBX=0xfffffffffffffffe, RCX=0x0000000000000000, RDX=0x0000000000000000
RSP=0x0000000015aff270, RBP=0x00007ff964cb7408, RSI=0x0000000000000000, RDI=0x0000000000000ec4
R8 =0x0000000000000000, R9 =0x0000000000020000, R10=0x0000000015afed50, R11=0x0000000015afed50
R12=0x000000000069f4a0, R13=0x000000001e36f320, R14=0x000000000069f5a8, R15=0x0000000015aff3e8
RIP=0x00007ff97447f44c, EFLAGS=0x0000000000000202

Top of Stack: (sp=0x0000000015aff270)
0x0000000015aff270:   0000000000000057 fffffffffffffffe
0x0000000015aff280:   0000000000000000 0000000000000ec4
0x0000000015aff290:   00000000c000000d 0000000000000000
0x0000000015aff2a0:   00007ff97447f44c 0000000000000000
0x0000000015aff2b0:   0000000000000000 0000000000000000
0x0000000015aff2c0:   0000000000000000 0000000000000000
0x0000000015aff2d0:   0000000000000000 0000000000000000
0x0000000015aff2e0:   0000000000000000 0000000000000000
0x0000000015aff2f0:   0000000000000000 0000000000000000
0x0000000015aff300:   0000000000000000 0000000000000000
0x0000000015aff310:   0000000000000000 0000000000000000
0x0000000015aff320:   0000000000000000 0000000000000000
0x0000000015aff330:   000096a905d6595b 0000000000000100
0x0000000015aff340:   0000000900000020 00007ff97444150d
0x0000000015aff350:   0000000900000000 0000000000000000
0x0000000015aff360:   004e00520045004b 00007ff9676b2635 

Instructions: (pc=0x00007ff97447f44c)
0x00007ff97447f42c:   d5 fa ff c7 44 24 20 0d 00 00 c0 b9 57 00 00 00
0x00007ff97447f43c:   e8 7f 13 f6 ff 90 48 8d 4c 24 20 e8 04 bf f4 ff
0x00007ff97447f44c:   eb 00 48 8b 8c 24 c0 00 00 00 48 33 cc e8 82 74
0x00007ff97447f45c:   f9 ff 48 81 c4 d8 00 00 00 c3 40 55 48 83 ec 20 


Register to memory mapping:

RAX=0x0000000000000000 is an unknown value
RBX=0xfffffffffffffffe is an unknown value
RCX=0x0000000000000000 is an unknown value
RDX=0x0000000000000000 is an unknown value
RSP=0x0000000015aff270 is an unknown value
RBP=0x00007ff964cb7408 is an unknown value
RSI=0x0000000000000000 is an unknown value
RDI=0x0000000000000ec4 is an unknown value
R8 =0x0000000000000000 is an unknown value
R9 =0x0000000000020000 is an unknown value
R10=0x0000000015afed50 is an unknown value
R11=0x0000000015afed50 is an unknown value
R12=0x000000000069f4a0 is an unknown value
R13=0x000000001e36f320 is an unknown value
R14=0x000000000069f5a8 is an unknown value
R15=0x0000000015aff3e8 is an unknown value


Stack: [0x0000000015a00000,0x0000000015b00000],  sp=0x0000000015aff270,  free space=1020k
Native frames: (J=compiled Java code, j=interpreted, Vv=VM code, C=native code)
C  [ntdll.dll+0xff44c]
C  [ntdll.dll+0xc150d]
C  [KERNEL32.DLL+0x1fafa]
C  [MSVCR110.dll+0x752d]
C  [MSVCR110.dll+0x73c6]
C  [MSVCR110.dll+0x14cca]
C  [MSVCR110.dll+0x13edc]
C  [MSVCR110.dll+0x239e]
C  [MSVCR110.dll+0xaf9e]
C  [MSVCP110.dll+0x397b9]
C  [librdi_common.dll+0x183a66]
C  [librdi_common.dll+0x1826fb]
C  [librdi_target_manager.dll+0x2400]
C  [librdi_target_manager.dll+0x2682]
C  [ntdll.dll+0x2a35f]
C  [ntdll.dll+0x806b]
C  [ntdll.dll+0x7d94]
C  [KERNEL32.DLL+0x1ce6a]
C  [MSVCR100.dll+0x20ccd]
V  [jvm.dll+0x210cc5]
V  [jvm.dll+0x249897]
V  [jvm.dll+0x248b36]
V  [jvm.dll+0x248fd1]
V  [jvm.dll+0x2491ee]
V  [jvm.dll+0x29a0fa]
C  [MSVCR100.dll+0x21d9f]
C  [MSVCR100.dll+0x21e3b]
C  [KERNEL32.DLL+0x8364]
C  [ntdll.dll+0x670d1]

VM_Operation (0x000000000014f4c0): Exit, mode: safepoint, requested by thread 0x000000000245e800


---------------  P R O C E S S  ---------------

Java Threads: ( => current thread )
  0x000000001ea8b800 JavaThread "pool-2-thread-1" [_thread_blocked, id=17052, stack(0x000000002b7c0000,0x000000002b8c0000)]
  0x000000001ea84800 JavaThread "Thread-40" daemon [_thread_blocked, id=14456, stack(0x00000000294c0000,0x00000000295c0000)]
  0x000000001efd6000 JavaThread "TCF Channel Transmitter" daemon [_thread_blocked, id=8760, stack(0x0000000026ac0000,0x0000000026bc0000)]
  0x000000001efd8000 JavaThread "TCF Channel Receiver" daemon [_thread_in_native, id=9148, stack(0x00000000269c0000,0x0000000026ac0000)]
  0x000000001efd3800 JavaThread "Process monitor" daemon [_thread_in_native, id=7328, stack(0x0000000025910000,0x0000000025a10000)]
  0x000000001efd3000 JavaThread "Input Stream Monitor" daemon [_thread_blocked, id=2644, stack(0x0000000025810000,0x0000000025910000)]
  0x000000001efd2000 JavaThread "Output Stream Monitor" daemon [_thread_in_native, id=11496, stack(0x0000000025710000,0x0000000025810000)]
  0x000000001efd1800 JavaThread "Output Stream Monitor" daemon [_thread_in_native, id=14308, stack(0x0000000025610000,0x0000000025710000)]
  0x000000001efcf000 JavaThread "Worker-6" [_thread_blocked, id=15520, stack(0x0000000024f10000,0x0000000025010000)]
  0x000000001efcb800 JavaThread "TCF Locator DNS Lookup" daemon [_thread_blocked, id=14648, stack(0x00000000238a0000,0x00000000239a0000)]
  0x000000001efc9000 JavaThread "TCF Locator Receiver" daemon [_thread_in_native, id=8364, stack(0x00000000236a0000,0x00000000237a0000)]
  0x0000000017475000 JavaThread "TCF Timer Dispatcher" daemon [_thread_blocked, id=2640, stack(0x00000000234a0000,0x00000000235a0000)]
  0x0000000017479000 JavaThread "Worker-4" [_thread_blocked, id=18384, stack(0x000000001f5d0000,0x000000001f6d0000)]
  0x0000000017a79000 JavaThread "EMF Reference Cleaner" daemon [_thread_blocked, id=12028, stack(0x000000001a1f0000,0x000000001a2f0000)]
  0x0000000015ecd000 JavaThread "Service Thread" daemon [_thread_blocked, id=16940, stack(0x0000000016800000,0x0000000016900000)]
  0x0000000013d2d000 JavaThread "C1 CompilerThread3" daemon [_thread_blocked, id=11300, stack(0x0000000016700000,0x0000000016800000)]
  0x0000000015e35800 JavaThread "C2 CompilerThread2" daemon [_thread_blocked, id=15628, stack(0x0000000016600000,0x0000000016700000)]
  0x0000000015e31000 JavaThread "C2 CompilerThread1" daemon [_thread_blocked, id=3852, stack(0x0000000016500000,0x0000000016600000)]
  0x0000000015e2f800 JavaThread "C2 CompilerThread0" daemon [_thread_blocked, id=11536, stack(0x0000000016400000,0x0000000016500000)]
  0x0000000015e3b800 JavaThread "Attach Listener" daemon [_thread_blocked, id=8752, stack(0x0000000016300000,0x0000000016400000)]
  0x0000000015e3a800 JavaThread "Signal Dispatcher" daemon [_thread_blocked, id=10344, stack(0x0000000016200000,0x0000000016300000)]
  0x000000000255a000 JavaThread "Finalizer" daemon [_thread_blocked, id=12176, stack(0x0000000015c00000,0x0000000015d00000)]
  0x0000000013d1d000 JavaThread "Reference Handler" daemon [_thread_blocked, id=13880, stack(0x0000000015b00000,0x0000000015c00000)]
  0x000000000245e800 JavaThread "main" [_thread_blocked, id=9756, stack(0x0000000000050000,0x0000000000150000)]

Other Threads:
=>0x0000000013d19800 VMThread [stack: 0x0000000015a00000,0x0000000015b00000] [id=9140]

VM state:at safepoint (shutting down)

VM Mutex/Monitor currently owned by a thread:  ([mutex/lock_event])
[0x000000000245d640] Threads_lock - owner thread: 0x0000000013d19800

Heap:
 PSYoungGen      total 105472K, used 12314K [0x00000000f5580000, 0x00000000fde00000, 0x0000000100000000)
  eden space 76288K, 9% used [0x00000000f5580000,0x00000000f5c70448,0x00000000fa000000)
  from space 29184K, 17% used [0x00000000fbc80000,0x00000000fc1965b8,0x00000000fd900000)
  to   space 29184K, 0% used [0x00000000fa000000,0x00000000fa000000,0x00000000fbc80000)
 ParOldGen       total 115712K, used 57861K [0x00000000e0000000, 0x00000000e7100000, 0x00000000f5580000)
  object space 115712K, 50% used [0x00000000e0000000,0x00000000e3881740,0x00000000e7100000)
 Metaspace       used 82845K, capacity 90340K, committed 90536K, reserved 1128448K
  class space    used 10038K, capacity 12338K, committed 12456K, reserved 1048576K

Card table byte_map: [0x0000000011920000,0x0000000011a30000] byte_map_base: 0x0000000011220000

Marking Bits: (ParMarkBitMap*) 0x0000000058d5a5b0
 Begin Bits: [0x0000000012230000, 0x0000000012a30000)
 End Bits:   [0x0000000012a30000, 0x0000000013230000)

Polling page: 0x00000000005c0000

CodeCache: size=245760Kb used=28263Kb max_used=28600Kb free=217496Kb
 bounds [0x0000000002560000, 0x0000000004180000, 0x0000000011560000]
 total_blobs=8650 nmethods=7766 adapters=792
 compilation: enabled

Compilation events (10 events):
Event: 145.446 Thread 0x0000000013d2d000 9381   !   3       org.eclipse.osgi.storage.bundlefile.MRUBundleFileList::remove (61 bytes)
Event: 145.446 Thread 0x0000000013d2d000 nmethod 9381 0x0000000003163d90 code [0x0000000003163f20, 0x0000000003164468]
Event: 145.448 Thread 0x0000000013d2d000 9383  s!   3       org.eclipse.osgi.storage.bundlefile.ZipBundleFile::close (64 bytes)
Event: 145.448 Thread 0x0000000013d2d000 nmethod 9383 0x00000000031484d0 code [0x00000000031486a0, 0x0000000003149018]
Event: 145.449 Thread 0x0000000013d2d000 9384   !   3       org.eclipse.osgi.storage.BundleInfo$Generation::close (34 bytes)
Event: 145.449 Thread 0x0000000013d2d000 nmethod 9384 0x0000000002e16690 code [0x0000000002e16800, 0x0000000002e16c28]
Event: 145.450 Thread 0x0000000013d2d000 9385       3       org.eclipse.osgi.container.Module::holdsTransitionEventLock (25 bytes)
Event: 145.450 Thread 0x0000000013d2d000 nmethod 9385 0x0000000002eec950 code [0x0000000002eecae0, 0x0000000002eed208]
Event: 145.451 Thread 0x0000000013d2d000 9393       3       org.eclipse.osgi.internal.framework.EquinoxContainerAdaptor::clearManifestCache (84 bytes)
Event: 145.452 Thread 0x0000000013d2d000 nmethod 9393 0x0000000003459990 code [0x0000000003459be0, 0x000000000345b2f8]

GC Heap History (10 events):
Event: 15.121 GC heap before
{Heap before GC invocations=14 (full 3):
 PSYoungGen      total 92160K, used 85545K [0x00000000f5580000, 0x00000000fc680000, 0x0000000100000000)
  eden space 69632K, 100% used [0x00000000f5580000,0x00000000f9980000,0x00000000f9980000)
  from space 22528K, 70% used [0x00000000fb080000,0x00000000fc00a520,0x00000000fc680000)
  to   space 23040K, 0% used [0x00000000f9980000,0x00000000f9980000,0x00000000fb000000)
 ParOldGen       total 115712K, used 43302K [0x00000000e0000000, 0x00000000e7100000, 0x00000000f5580000)
  object space 115712K, 37% used [0x00000000e0000000,0x00000000e2a49b08,0x00000000e7100000)
 Metaspace       used 70244K, capacity 76328K, committed 76456K, reserved 1116160K
  class space    used 8517K, capacity 10308K, committed 10408K, reserved 1048576K
Event: 15.146 GC heap after
Heap after GC invocations=14 (full 3):
 PSYoungGen      total 92672K, used 19350K [0x00000000f5580000, 0x00000000fd300000, 0x0000000100000000)
  eden space 69632K, 0% used [0x00000000f5580000,0x00000000f5580000,0x00000000f9980000)
  from space 23040K, 83% used [0x00000000f9980000,0x00000000fac65b80,0x00000000fb000000)
  to   space 25088K, 0% used [0x00000000fba80000,0x00000000fba80000,0x00000000fd300000)
 ParOldGen       total 115712K, used 43310K [0x00000000e0000000, 0x00000000e7100000, 0x00000000f5580000)
  object space 115712K, 37% used [0x00000000e0000000,0x00000000e2a4bb08,0x00000000e7100000)
 Metaspace       used 70244K, capacity 76328K, committed 76456K, reserved 1116160K
  class space    used 8517K, capacity 10308K, committed 10408K, reserved 1048576K
}
Event: 35.553 GC heap before
{Heap before GC invocations=15 (full 3):
 PSYoungGen      total 92672K, used 88982K [0x00000000f5580000, 0x00000000fd300000, 0x0000000100000000)
  eden space 69632K, 100% used [0x00000000f5580000,0x00000000f9980000,0x00000000f9980000)
  from space 23040K, 83% used [0x00000000f9980000,0x00000000fac65b80,0x00000000fb000000)
  to   space 25088K, 0% used [0x00000000fba80000,0x00000000fba80000,0x00000000fd300000)
 ParOldGen       total 115712K, used 43310K [0x00000000e0000000, 0x00000000e7100000, 0x00000000f5580000)
  object space 115712K, 37% used [0x00000000e0000000,0x00000000e2a4bb08,0x00000000e7100000)
 Metaspace       used 76439K, capacity 82744K, committed 82984K, reserved 1120256K
  class space    used 9330K, capacity 11268K, committed 11304K, reserved 1048576K
Event: 35.569 GC heap after
Heap after GC invocations=15 (full 3):
 PSYoungGen      total 100864K, used 22159K [0x00000000f5580000, 0x00000000fd600000, 0x0000000100000000)
  eden space 75776K, 0% used [0x00000000f5580000,0x00000000f5580000,0x00000000f9f80000)
  from space 25088K, 88% used [0x00000000fba80000,0x00000000fd023ff0,0x00000000fd300000)
  to   space 27648K, 0% used [0x00000000f9f80000,0x00000000f9f80000,0x00000000fba80000)
 ParOldGen       total 115712K, used 43318K [0x00000000e0000000, 0x00000000e7100000, 0x00000000f5580000)
  object space 115712K, 37% used [0x00000000e0000000,0x00000000e2a4db08,0x00000000e7100000)
 Metaspace       used 76439K, capacity 82744K, committed 82984K, reserved 1120256K
  class space    used 9330K, capacity 11268K, committed 11304K, reserved 1048576K
}
Event: 68.491 GC heap before
{Heap before GC invocations=16 (full 3):
 PSYoungGen      total 100864K, used 76663K [0x00000000f5580000, 0x00000000fd600000, 0x0000000100000000)
  eden space 75776K, 71% used [0x00000000f5580000,0x00000000f8ab9f48,0x00000000f9f80000)
  from space 25088K, 88% used [0x00000000fba80000,0x00000000fd023ff0,0x00000000fd300000)
  to   space 27648K, 0% used [0x00000000f9f80000,0x00000000f9f80000,0x00000000fba80000)
 ParOldGen       total 115712K, used 43318K [0x00000000e0000000, 0x00000000e7100000, 0x00000000f5580000)
  object space 115712K, 37% used [0x00000000e0000000,0x00000000e2a4db08,0x00000000e7100000)
 Metaspace       used 79599K, capacity 86712K, committed 86824K, reserved 1124352K
  class space    used 9707K, capacity 11794K, committed 11816K, reserved 1048576K
Event: 68.504 GC heap after
Heap after GC invocations=16 (full 3):
 PSYoungGen      total 103424K, used 21417K [0x00000000f5580000, 0x00000000fd900000, 0x0000000100000000)
  eden space 75776K, 0% used [0x00000000f5580000,0x00000000f5580000,0x00000000f9f80000)
  from space 27648K, 77% used [0x00000000f9f80000,0x00000000fb46a6f8,0x00000000fba80000)
  to   space 29184K, 0% used [0x00000000fbc80000,0x00000000fbc80000,0x00000000fd900000)
 ParOldGen       total 115712K, used 43326K [0x00000000e0000000, 0x00000000e7100000, 0x00000000f5580000)
  object space 115712K, 37% used [0x00000000e0000000,0x00000000e2a4fb08,0x00000000e7100000)
 Metaspace       used 79599K, capacity 86712K, committed 86824K, reserved 1124352K
  class space    used 9707K, capacity 11794K, committed 11816K, reserved 1048576K
}
Event: 68.504 GC heap before
{Heap before GC invocations=17 (full 4):
 PSYoungGen      total 103424K, used 21417K [0x00000000f5580000, 0x00000000fd900000, 0x0000000100000000)
  eden space 75776K, 0% used [0x00000000f5580000,0x00000000f5580000,0x00000000f9f80000)
  from space 27648K, 77% used [0x00000000f9f80000,0x00000000fb46a6f8,0x00000000fba80000)
  to   space 29184K, 0% used [0x00000000fbc80000,0x00000000fbc80000,0x00000000fd900000)
 ParOldGen       total 115712K, used 43326K [0x00000000e0000000, 0x00000000e7100000, 0x00000000f5580000)
  object space 115712K, 37% used [0x00000000e0000000,0x00000000e2a4fb08,0x00000000e7100000)
 Metaspace       used 79599K, capacity 86712K, committed 86824K, reserved 1124352K
  class space    used 9707K, capacity 11794K, committed 11816K, reserved 1048576K
Event: 68.778 GC heap after
Heap after GC invocations=17 (full 4):
 PSYoungGen      total 103424K, used 0K [0x00000000f5580000, 0x00000000fd900000, 0x0000000100000000)
  eden space 75776K, 0% used [0x00000000f5580000,0x00000000f5580000,0x00000000f9f80000)
  from space 27648K, 0% used [0x00000000f9f80000,0x00000000f9f80000,0x00000000fba80000)
  to   space 29184K, 0% used [0x00000000fbc80000,0x00000000fbc80000,0x00000000fd900000)
 ParOldGen       total 115712K, used 57853K [0x00000000e0000000, 0x00000000e7100000, 0x00000000f5580000)
  object space 115712K, 49% used [0x00000000e0000000,0x00000000e387f740,0x00000000e7100000)
 Metaspace       used 79599K, capacity 86712K, committed 86824K, reserved 1124352K
  class space    used 9707K, capacity 11794K, committed 11816K, reserved 1048576K
}
Event: 144.500 GC heap before
{Heap before GC invocations=18 (full 4):
 PSYoungGen      total 103424K, used 75776K [0x00000000f5580000, 0x00000000fd900000, 0x0000000100000000)
  eden space 75776K, 100% used [0x00000000f5580000,0x00000000f9f80000,0x00000000f9f80000)
  from space 27648K, 0% used [0x00000000f9f80000,0x00000000f9f80000,0x00000000fba80000)
  to   space 29184K, 0% used [0x00000000fbc80000,0x00000000fbc80000,0x00000000fd900000)
 ParOldGen       total 115712K, used 57853K [0x00000000e0000000, 0x00000000e7100000, 0x00000000f5580000)
  object space 115712K, 49% used [0x00000000e0000000,0x00000000e387f740,0x00000000e7100000)
 Metaspace       used 82534K, capacity 90016K, committed 90152K, reserved 1126400K
  class space    used 10004K, capacity 12274K, committed 12328K, reserved 1048576K
Event: 144.509 GC heap after
Heap after GC invocations=18 (full 4):
 PSYoungGen      total 105472K, used 5209K [0x00000000f5580000, 0x00000000fde00000, 0x0000000100000000)
  eden space 76288K, 0% used [0x00000000f5580000,0x00000000f5580000,0x00000000fa000000)
  from space 29184K, 17% used [0x00000000fbc80000,0x00000000fc1965b8,0x00000000fd900000)
  to   space 29184K, 0% used [0x00000000fa000000,0x00000000fa000000,0x00000000fbc80000)
 ParOldGen       total 115712K, used 57861K [0x00000000e0000000, 0x00000000e7100000, 0x00000000f5580000)
  object space 115712K, 50% used [0x00000000e0000000,0x00000000e3881740,0x00000000e7100000)
 Metaspace       used 82534K, capacity 90016K, committed 90152K, reserved 1126400K
  class space    used 10004K, capacity 12274K, committed 12328K, reserved 1048576K
}

Deoptimization events (10 events):
Event: 144.288 Thread 0x000000000245e800 Uncommon trap: reason=bimorphic action=maybe_recompile pc=0x00000000033c10c8 method=org.eclipse.emf.common.util.BasicEMap.get(Ljava/lang/Object;)Ljava/lang/Object; @ 8
Event: 144.288 Thread 0x000000000245e800 Uncommon trap: reason=bimorphic action=maybe_recompile pc=0x00000000033c10c8 method=org.eclipse.emf.common.util.BasicEMap.get(Ljava/lang/Object;)Ljava/lang/Object; @ 8
Event: 144.288 Thread 0x000000000245e800 Uncommon trap: reason=bimorphic action=maybe_recompile pc=0x0000000002d7c710 method=org.eclipse.emf.ecore.impl.ETypedElementImpl.getEType()Lorg/eclipse/emf/ecore/EClassifier; @ 18
Event: 144.288 Thread 0x000000000245e800 Uncommon trap: reason=bimorphic action=maybe_recompile pc=0x0000000002d7c710 method=org.eclipse.emf.ecore.impl.ETypedElementImpl.getEType()Lorg/eclipse/emf/ecore/EClassifier; @ 18
Event: 144.400 Thread 0x000000001747a800 Uncommon trap: reason=unstable_if action=reinterpret pc=0x0000000003a60248 method=org.eclipse.e4.ui.internal.workbench.swt.E4Application$1.syncExec(Ljava/lang/Runnable;)V @ 14
Event: 144.460 Thread 0x000000001ea8c000 Uncommon trap: reason=class_check action=maybe_recompile pc=0x0000000002fa1db8 method=org.eclipse.e4.core.internal.contexts.TrackableComputationExt.update(Lorg/eclipse/e4/core/internal/contexts/ContextChangeEvent;)Z @ 62
Event: 144.460 Thread 0x000000001ea8c000 Uncommon trap: reason=class_check action=maybe_recompile pc=0x0000000002fa1db8 method=org.eclipse.e4.core.internal.contexts.TrackableComputationExt.update(Lorg/eclipse/e4/core/internal/contexts/ContextChangeEvent;)Z @ 62
Event: 144.717 Thread 0x000000001ea86000 Uncommon trap: reason=unstable_if action=reinterpret pc=0x00000000026e01a4 method=sun.nio.cs.SingleByte$Encoder.encode(C)I @ 13
Event: 145.065 Thread 0x000000001ea8c000 Uncommon trap: reason=unstable_if action=reinterpret pc=0x0000000002811358 method=org.eclipse.osgi.internal.hooks.EclipseLazyStarter.shouldActivateFor(Ljava/lang/String;Lorg/eclipse/osgi/container/Module;Lorg/eclipse/osgi/container/ModuleRevision;Lorg/ecliæßõÃ"b@
Event: 145.086 Thread 0x000000001ea8c000 Uncommon trap: reason=unstable_if action=reinterpret pc=0x000000000415d87c method=org.eclipse.osgi.internal.framework.FilterImpl.compare_Long(IJLjava/lang/Object;)Z @ 146

Internal exceptions (10 events):
Event: 145.099 Thread 0x000000001747a800 Exception <a 'java/lang/InterruptedException'> (0x00000000f592e7b8) thrown at [C:\re\workspace\8-2-build-windows-amd64-cygwin\jdk8u66\5298\hotspot\src\share\vm\runtime\objectMonitor.cpp, line 1683]
Event: 145.417 Thread 0x000000001ea8c000 Exception <a 'java/io/IOException'> (0x00000000f592b738) thrown at [C:\re\workspace\8-2-build-windows-amd64-cygwin\jdk8u66\5298\hotspot\src\share\vm\prims\jni.cpp, line 709]
Event: 145.417 Thread 0x000000001ea8c000 Exception <a 'java/io/IOException'> (0x00000000f592b9d0) thrown at [C:\re\workspace\8-2-build-windows-amd64-cygwin\jdk8u66\5298\hotspot\src\share\vm\prims\jni.cpp, line 709]
Event: 145.417 Thread 0x000000001ea8c000 Exception <a 'java/io/IOException'> (0x00000000f592bc38) thrown at [C:\re\workspace\8-2-build-windows-amd64-cygwin\jdk8u66\5298\hotspot\src\share\vm\prims\jni.cpp, line 709]
Event: 145.417 Thread 0x000000001ea8c000 Exception <a 'java/io/IOException'> (0x00000000f592cf80) thrown at [C:\re\workspace\8-2-build-windows-amd64-cygwin\jdk8u66\5298\hotspot\src\share\vm\prims\jni.cpp, line 709]
Event: 145.417 Thread 0x000000001ea8c000 Exception <a 'java/io/IOException'> (0x00000000f592d218) thrown at [C:\re\workspace\8-2-build-windows-amd64-cygwin\jdk8u66\5298\hotspot\src\share\vm\prims\jni.cpp, line 709]
Event: 145.417 Thread 0x000000001ea8c000 Exception <a 'java/io/IOException'> (0x00000000f592d480) thrown at [C:\re\workspace\8-2-build-windows-amd64-cygwin\jdk8u66\5298\hotspot\src\share\vm\prims\jni.cpp, line 709]
Event: 145.439 Thread 0x00000000174e8000 Exception <a 'java/lang/InterruptedException'> (0x00000000f590c9d0) thrown at [C:\re\workspace\8-2-build-windows-amd64-cygwin\jdk8u66\5298\hotspot\src\share\vm\runtime\objectMonitor.cpp, line 1683]
Event: 145.448 Thread 0x000000001747b000 Exception <a 'java/lang/InterruptedException'> (0x00000000f57d2830) thrown at [C:\re\workspace\8-2-build-windows-amd64-cygwin\jdk8u66\5298\hotspot\src\share\vm\runtime\objectMonitor.cpp, line 1683]
Event: 145.448 Thread 0x0000000016f37800 Exception <a 'java/lang/InterruptedException'> (0x00000000f5b33618) thrown at [C:\re\workspace\8-2-build-windows-amd64-cygwin\jdk8u66\5298\hotspot\src\share\vm\runtime\objectMonitor.cpp, line 1683]

Events (10 events):
Event: 145.450 Executing VM operation: RevokeBias done
Event: 145.451 Thread 0x000000001ea8c000 Thread exited: 0x000000001ea8c000
Event: 145.451 loading class java/util/IdentityHashMap$KeyIterator
Event: 145.451 loading class java/util/IdentityHashMap$IdentityHashMapIterator
Event: 145.451 loading class java/util/IdentityHashMap$IdentityHashMapIterator done
Event: 145.451 loading class java/util/IdentityHashMap$KeyIterator done
Event: 145.451 Thread 0x000000001ea87800 Thread added: 0x000000001ea87800
Event: 145.451 Thread 0x000000001ea87800 Thread exited: 0x000000001ea87800
Event: 145.452 Thread 0x0000000013d2d000 flushing nmethod 0x0000000003c378d0
Event: 145.452 Executing VM operation: Exit


Dynamic libraries:
0x0000000000400000 - 0x000000000044f000 	C:\Xilinx\SDK\2016.4\eclipse\win64.o\eclipse.exe
0x00007ff974380000 - 0x00007ff974551000 	C:\WINDOWS\SYSTEM32\ntdll.dll
0x00007ff973360000 - 0x00007ff97340c000 	C:\WINDOWS\System32\KERNEL32.DLL
0x00007ff9676b0000 - 0x00007ff967704000 	C:\Program Files (x86)\AVG\Av\avghooka.dll
0x00007ff970ef0000 - 0x00007ff97110d000 	C:\WINDOWS\System32\KERNELBASE.dll
0x00007ff96ed80000 - 0x00007ff96edfa000 	C:\WINDOWS\system32\apphelp.dll
0x00007ff973700000 - 0x00007ff973865000 	C:\WINDOWS\System32\USER32.dll
0x00007ff970c70000 - 0x00007ff970c8e000 	C:\WINDOWS\System32\win32u.dll
0x00007ff9738e0000 - 0x00007ff973914000 	C:\WINDOWS\System32\GDI32.dll
0x00007ff970870000 - 0x00007ff9709f2000 	C:\WINDOWS\System32\gdi32full.dll
0x00007ff9742d0000 - 0x00007ff97436e000 	C:\WINDOWS\System32\msvcrt.dll
0x00007ff963b10000 - 0x00007ff963d8a000 	C:\WINDOWS\WinSxS\amd64_microsoft.windows.common-controls_6595b64144ccf1df_6.0.14393.953_none_42151e83c686086b\COMCTL32.dll
0x00007ff973920000 - 0x00007ff973be8000 	C:\WINDOWS\System32\combase.dll
0x00007ff970d40000 - 0x00007ff970e35000 	C:\WINDOWS\System32\ucrtbase.dll
0x00007ff973130000 - 0x00007ff973251000 	C:\WINDOWS\System32\RPCRT4.dll
0x00007ff971160000 - 0x00007ff9711ca000 	C:\WINDOWS\System32\bcryptPrimitives.dll
0x00007ff973260000 - 0x00007ff97328e000 	C:\WINDOWS\System32\IMM32.DLL
0x0000000072000000 - 0x0000000072012000 	C:\Xilinx\SDK\2016.4\eclipse\win64.o\plugins\org.eclipse.equinox.launcher.win32.win32.x86_64_1.1.300.v20150602-1417\eclipse_1611.dll
0x00007ff973410000 - 0x00007ff9734b2000 	C:\WINDOWS\System32\ADVAPI32.dll
0x00007ff971910000 - 0x00007ff971969000 	C:\WINDOWS\System32\sechost.dll
0x00007ff962ad0000 - 0x00007ff962ada000 	C:\WINDOWS\SYSTEM32\VERSION.dll
0x00007ff96efc0000 - 0x00007ff96f055000 	C:\WINDOWS\system32\uxtheme.dll
0x00007ff974020000 - 0x00007ff97417a000 	C:\WINDOWS\System32\MSCTF.dll
0x00007ff973290000 - 0x00007ff97334f000 	C:\WINDOWS\System32\OLEAUT32.dll
0x00007ff970bd0000 - 0x00007ff970c6c000 	C:\WINDOWS\System32\msvcp_win.dll
0x0000000058550000 - 0x0000000058dd9000 	C:\Xilinx\SDK\2016.4\tps\win64\jre\bin\server\jvm.dll
0x00007ff973350000 - 0x00007ff973358000 	C:\WINDOWS\System32\PSAPI.DLL
0x00007ff96c3c0000 - 0x00007ff96c3c9000 	C:\WINDOWS\SYSTEM32\WSOCK32.dll
0x00007ff973870000 - 0x00007ff9738da000 	C:\WINDOWS\System32\WS2_32.dll
0x00007ff96eac0000 - 0x00007ff96eae3000 	C:\WINDOWS\SYSTEM32\WINMM.dll
0x000000005afc0000 - 0x000000005b092000 	C:\WINDOWS\SYSTEM32\MSVCR100.dll
0x00007ff96e920000 - 0x00007ff96e94b000 	C:\WINDOWS\SYSTEM32\WINMMBASE.dll
0x00007ff971110000 - 0x00007ff971152000 	C:\WINDOWS\System32\cfgmgr32.dll
0x0000000059ef0000 - 0x0000000059eff000 	C:\Xilinx\SDK\2016.4\tps\win64\jre\bin\verify.dll
0x0000000059e80000 - 0x0000000059ea9000 	C:\Xilinx\SDK\2016.4\tps\win64\jre\bin\java.dll
0x0000000059ed0000 - 0x0000000059ee6000 	C:\Xilinx\SDK\2016.4\tps\win64\jre\bin\zip.dll
0x00007ff971c20000 - 0x00007ff973128000 	C:\WINDOWS\System32\SHELL32.dll
0x00007ff971230000 - 0x00007ff97190a000 	C:\WINDOWS\System32\windows.storage.dll
0x00007ff970820000 - 0x00007ff97086c000 	C:\WINDOWS\System32\powrprof.dll
0x00007ff9741f0000 - 0x00007ff974242000 	C:\WINDOWS\System32\shlwapi.dll
0x00007ff970810000 - 0x00007ff97081f000 	C:\WINDOWS\System32\kernel.appcore.dll
0x00007ff970c90000 - 0x00007ff970d39000 	C:\WINDOWS\System32\shcore.dll
0x00007ff9707f0000 - 0x00007ff970804000 	C:\WINDOWS\System32\profapi.dll
0x00007ff970260000 - 0x00007ff970277000 	C:\WINDOWS\SYSTEM32\CRYPTSP.dll
0x00007ff96fcb0000 - 0x00007ff96fce3000 	C:\WINDOWS\system32\rsaenh.dll
0x00007ff970720000 - 0x00007ff97074b000 	C:\WINDOWS\SYSTEM32\bcrypt.dll
0x00007ff96ff30000 - 0x00007ff96ff4f000 	C:\WINDOWS\SYSTEM32\USERENV.dll
0x00007ff970250000 - 0x00007ff97025b000 	C:\WINDOWS\SYSTEM32\CRYPTBASE.dll
0x0000000059e60000 - 0x0000000059e7a000 	C:\Xilinx\SDK\2016.4\tps\win64\jre\bin\net.dll
0x00007ff9700b0000 - 0x00007ff97010c000 	C:\WINDOWS\system32\mswsock.dll
0x00007ff96fe30000 - 0x00007ff96fe68000 	C:\WINDOWS\SYSTEM32\IPHLPAPI.DLL
0x00007ff974370000 - 0x00007ff974378000 	C:\WINDOWS\System32\NSI.dll
0x00007ff96cc10000 - 0x00007ff96cc26000 	C:\WINDOWS\SYSTEM32\dhcpcsvc6.DLL
0x00007ff96cb40000 - 0x00007ff96cb5a000 	C:\WINDOWS\SYSTEM32\dhcpcsvc.DLL
0x0000000059e40000 - 0x0000000059e51000 	C:\Xilinx\SDK\2016.4\tps\win64\jre\bin\nio.dll
0x00007ff95e4a0000 - 0x00007ff95e4b6000 	C:\WINDOWS\system32\napinsp.dll
0x00007ff95e470000 - 0x00007ff95e48a000 	C:\WINDOWS\system32\pnrpnsp.dll
0x00007ff96be20000 - 0x00007ff96be38000 	C:\WINDOWS\system32\NLAapi.dll
0x00007ff96fe70000 - 0x00007ff96ff11000 	C:\WINDOWS\SYSTEM32\DNSAPI.dll
0x00007ff962ee0000 - 0x00007ff962eee000 	C:\WINDOWS\System32\winrnr.dll
0x000000005b0d0000 - 0x000000005b0f6000 	C:\Program Files\Bonjour\mdnsNSP.dll
0x00007ff96b090000 - 0x00007ff96b09a000 	C:\Windows\System32\rasadhlp.dll
0x00007ff96b450000 - 0x00007ff96b4ba000 	C:\WINDOWS\System32\fwpuclnt.dll
0x0000000019ef0000 - 0x0000000019f98000 	C:\Users\Utilizador\.Xilinx\SDK\2016.4\org.eclipse.osgi\319\0\.cp\swt-win32-4527.dll
0x00007ff971a70000 - 0x00007ff971ba8000 	C:\WINDOWS\System32\ole32.dll
0x00007ff971970000 - 0x00007ff971a6a000 	C:\WINDOWS\System32\comdlg32.dll
0x00007ff970a00000 - 0x00007ff970bc9000 	C:\WINDOWS\System32\CRYPT32.dll
0x00007ff9707e0000 - 0x00007ff9707f0000 	C:\WINDOWS\System32\MSASN1.dll
0x00007ff96bc30000 - 0x00007ff96bcb6000 	C:\WINDOWS\SYSTEM32\WINSPOOL.DRV
0x00007ff964ae0000 - 0x00007ff964af9000 	C:\WINDOWS\SYSTEM32\USP10.dll
0x00007ff96ce90000 - 0x00007ff96d15a000 	C:\WINDOWS\SYSTEM32\WININET.dll
0x00007ff96dd30000 - 0x00007ff96dd56000 	C:\WINDOWS\system32\dwmapi.dll
0x00007ff96daa0000 - 0x00007ff96dc25000 	C:\WINDOWS\SYSTEM32\propsys.dll
0x00007ff973660000 - 0x00007ff9736ff000 	C:\WINDOWS\System32\clbcatq.dll
0x0000000018700000 - 0x000000001871e000 	C:\Users\Utilizador\.Xilinx\SDK\2016.4\org.eclipse.osgi\319\0\.cp\swt-gdip-win32-4527.dll
0x00007ff965510000 - 0x00007ff9656aa000 	C:\WINDOWS\WinSxS\amd64_microsoft.windows.gdiplus_6595b64144ccf1df_1.1.14393.953_none_7300116921188239\gdiplus.dll
0x00007ff96c910000 - 0x00007ff96cab8000 	C:\WINDOWS\SYSTEM32\WindowsCodecs.dll
0x0000000180000000 - 0x0000000180012000 	C:\Users\Utilizador\.Xilinx\SDK\2016.4\org.eclipse.osgi\133\0\.cp\os\win32\x86_64\localfile_1_0_0.dll
0x00007ff95f420000 - 0x00007ff95f485000 	C:\WINDOWS\SYSTEM32\oleacc.dll
0x00007ff96a9c0000 - 0x00007ff96a9c7000 	C:\WINDOWS\SYSTEM32\msimg32.dll
0x00007ff96c270000 - 0x00007ff96c281000 	C:\Users\Utilizador\.Xilinx\SDK\2016.4\org.eclipse.osgi\136\0\.cp\jWinHttp-1.0.0.dll
0x00007ff96dc60000 - 0x00007ff96dd2d000 	C:\WINDOWS\SYSTEM32\WINHTTP.dll
0x00007ff96ec40000 - 0x00007ff96ec4f000 	C:\Xilinx\SDK\2016.4\lib\win64.o\librdi_repo_manager.dll
0x00007ff96a3d0000 - 0x00007ff96a3fa000 	C:\Xilinx\SDK\2016.4\lib\win64.o\libisl_sysinfo.dll
0x00007ff940dd0000 - 0x00007ff94187a000 	C:\Xilinx\SDK\2016.4\lib\win64.o\librdi_common.dll
0x00007ff969810000 - 0x00007ff969863000 	C:\Xilinx\SDK\2016.4\lib\win64.o\librdi_commonxillic.dll
0x00007ff956160000 - 0x00007ff956358000 	C:\Xilinx\SDK\2016.4\lib\win64.o\librdi_hsm.dll
0x00007ff964c00000 - 0x00007ff964ca7000 	C:\WINDOWS\SYSTEM32\MSVCP110.dll
0x00007ff964cb0000 - 0x00007ff964d84000 	C:\WINDOWS\SYSTEM32\MSVCR110.dll
0x00007ff94bc10000 - 0x00007ff94bf7e000 	C:\Xilinx\SDK\2016.4\lib\win64.o\libCOIN-all.dll
0x00007ff953ec0000 - 0x00007ff9540df000 	C:\Xilinx\SDK\2016.4\lib\win64.o\libXil_lmgr11.dll
0x00007ff9711d0000 - 0x00007ff971225000 	C:\WINDOWS\System32\WINTRUST.dll
0x00007ff96c260000 - 0x00007ff96c270000 	C:\Xilinx\SDK\2016.4\lib\win64.o\libboost_date_time.dll
0x00007ff969d30000 - 0x00007ff969d54000 	C:\Xilinx\SDK\2016.4\lib\win64.o\libboost_filesystem.dll
0x00007ff954d20000 - 0x00007ff954d97000 	C:\Xilinx\SDK\2016.4\lib\win64.o\libboost_program_options.dll
0x00007ff953c50000 - 0x00007ff953d56000 	C:\Xilinx\SDK\2016.4\lib\win64.o\libboost_regex.dll
0x00007ff96a340000 - 0x00007ff96a353000 	C:\Xilinx\SDK\2016.4\lib\win64.o\libboost_signals.dll
0x00007ff96b9b0000 - 0x00007ff96b9b9000 	C:\Xilinx\SDK\2016.4\lib\win64.o\libboost_system.dll
0x00007ff968c50000 - 0x00007ff968c6d000 	C:\Xilinx\SDK\2016.4\lib\win64.o\libboost_thread.dll
0x00007ff96a3c0000 - 0x00007ff96a3cb000 	C:\Xilinx\SDK\2016.4\lib\win64.o\libboost_xilinx.dll
0x00007ff954ca0000 - 0x00007ff954d20000 	C:\Xilinx\SDK\2016.4\lib\win64.o\libhdlpsolve.dll
0x00007ff953e20000 - 0x00007ff953eba000 	C:\Xilinx\SDK\2016.4\lib\win64.o\libhdxml.dll
0x00007ff940a00000 - 0x00007ff940dc9000 	C:\Xilinx\SDK\2016.4\lib\win64.o\libisl_iostreams.dll
0x00007ff968c30000 - 0x00007ff968c45000 	C:\Xilinx\SDK\2016.4\lib\win64.o\pthreadVC2.dll
0x00007ff94f890000 - 0x00007ff94f9c0000 	C:\Xilinx\SDK\2016.4\lib\win64.o\librdi_curl.dll
0x00007ff967550000 - 0x00007ff967568000 	C:\Xilinx\SDK\2016.4\lib\win64.o\librdiconfig.dll
0x00007ff967090000 - 0x00007ff9670af000 	C:\Xilinx\SDK\2016.4\lib\win64.o\librdizlib.dll
0x0000000059a40000 - 0x0000000059b67000 	C:\Xilinx\SDK\2016.4\lib\win64.o\tcl85t.dll
0x00000000242f0000 - 0x0000000024553000 	C:\Xilinx\SDK\2016.4\lib\win64.o\xerces-c_3_1.dll
0x00007ff963320000 - 0x00007ff9634e3000 	C:\WINDOWS\SYSTEM32\urlmon.dll
0x00007ff9518d0000 - 0x00007ff9518f3000 	C:\WINDOWS\SYSTEM32\VCOMP110.DLL
0x00007ff965310000 - 0x00007ff965353000 	C:\Xilinx\SDK\2016.4\lib\win64.o\librdi_hdf.dll
0x00007ff940730000 - 0x00007ff9409f8000 	C:\Xilinx\SDK\2016.4\lib\win64.o\librdi_ippcw.dll
0x00007ff96a770000 - 0x00007ff96a788000 	C:\WINDOWS\SYSTEM32\NETAPI32.dll
0x00007ff969800000 - 0x00007ff96980b000 	C:\Xilinx\SDK\2016.4\lib\win64.o\libboost_chrono.dll
0x00007ff965020000 - 0x00007ff965036000 	C:\Xilinx\SDK\2016.4\lib\win64.o\libboost_iostreams.dll
0x00007ff963e40000 - 0x00007ff963e63000 	C:\Xilinx\SDK\2016.4\lib\win64.o\libisl_iosutils.dll
0x00007ff96ab70000 - 0x00007ff96ae15000 	C:\WINDOWS\SYSTEM32\iertutil.dll
0x00007ff962a20000 - 0x00007ff962a62000 	C:\WINDOWS\SYSTEM32\edputil.dll
0x00007ff964b80000 - 0x00007ff964b96000 	C:\Xilinx\SDK\2016.4\eclipse\win64.o\plugins\org.eclipse.cdt.core.win32.x86_64_5.4.0.201509131935\os\win32\x86_64\spawner.dll
0x00007ff968ff0000 - 0x00007ff968ffa000 	C:\Xilinx\SDK\2016.4\lib\win64.o\librdi_jtag_settings.dll
0x00007ff958ad0000 - 0x00007ff958af9000 	C:\Xilinx\SDK\2016.4\lib\win64.o\librdi_debug_dialog.dll
0x00007ff968c20000 - 0x00007ff968c28000 	C:\Xilinx\SDK\2016.4\lib\win64.o\librdi_target_manager.dll
0x00007ff906870000 - 0x00007ff907080000 	C:\Xilinx\SDK\2016.4\lib\win64.o\libXil_lmgr11FNP.dll
0x00007ff973bf0000 - 0x00007ff974019000 	C:\WINDOWS\System32\SETUPAPI.dll
0x00007ff961440000 - 0x00007ff96144c000 	C:\WINDOWS\SYSTEM32\snmpapi.dll
0x00007ff970450000 - 0x00007ff97047c000 	C:\WINDOWS\SYSTEM32\SspiCli.dll
0x000000001a900000 - 0x000000001a903000 	C:\WINDOWS\SYSTEM32\icmp.Dll

VM Arguments:
jvm_args: -Dcom.xilinx.sdk.args.hwspec=C:/Users/Utilizador/Desktop/Universidade/4_ano/2_semestre/CR/Projeto/ProjetoFinal/MP_ToDisplays/MP_ToDisplays.sdk/DebUART_wrapper.hdf -Xms64m -Xmx512m & 
java_command: <unknown>
java_class_path (initial): C:\Xilinx\SDK\2016.4\eclipse\win64.o\\plugins/org.eclipse.equinox.launcher_1.3.100.v20150511-1540.jar
Launcher Type: generic

Environment Variables:
JAVA_HOME=C:\Program Files\Java\jdk1.8.0_101
PATH=C:/Xilinx/SDK/2016.4/tps/win64/jre/bin/server;C:/Xilinx/SDK/2016.4/tps/win64/jre/bin;C:/Xilinx/SDK/2016.4/tps/win64/jre/lib/amd64;C:\Xilinx\SDK\2016.4\gnuwin\bin;C:\Xilinx\SDK\2016.4\gnu\microblaze\nt\bin;C:\Xilinx\SDK\2016.4\gnu\microblaze\linux_toolchain\nt64_le\bin;C:\Xilinx\SDK\2016.4\gnu\microblaze\linux_toolchain\nt64_be\bin;C:\Xilinx\SDK\2016.4\gnu\arm\nt\bin;C:\Xilinx\SDK\2016.4\gnu\aarch64\nt\aarch64-none\bin;C:\Xilinx\SDK\2016.4\gnu\aarch64\nt\aarch64-linux\bin;C:\Xilinx\SDK\2016.4\gnu\armr5\nt\gcc-arm-none-eabi\bin;C:\Xilinx\SDK\2016.4\gnu\aarch32\nt\gcc-arm-none-eabi\bin;C:\Xilinx\SDK\2016.4\gnu\aarch32\nt\gcc-arm-linux-gnueabi\bin;C:\Xilinx\SDK\2016.4\tps\win64\cmake-3.3.2\bin;;C:\Xilinx\SDK\2016.4\bin;C:\Xilinx\SDK\2016.4\lib\win64.o;C:\Xilinx\SDK\2016.4\tps\win64\jre\bin\server;C:\Xilinx\SDK\2016.4\tps\win64\jre\bin;C:\Xilinx\Vivado\2016.4\ids_lite\ISE\bin\nt64;C:\Xilinx\Vivado\2016.4\ids_lite\ISE\lib\nt64;C:\Xilinx\Vivado\2016.4\bin;C:\Xilinx\Vivado\2016.4\lib\win64.o;C:\Xilinx\Vivado\2016.4\tps\win64\jre\bin\server;C:\Xilinx\Vivado\2016.4\tps\win64\jre\bin;C:\Xilinx\Vivado_HLS\2016.4\bin;C:\WINDOWS\system32\Npcap;C:\Program Files\MATLAB\MATLAB Production Server\R2015a\runtime\win64;C:\Program Files\MATLAB\MATLAB Production Server\R2015a\bin;C:\Program Files\MATLAB\MATLAB Production Server\R2015a\polyspace\bin;C:\Program Files\PuTTY\;c:\Program Files\Intel\WiFi\bin\;c:\Program Files\Common Files\Intel\WirelessCommon\;C:\Users\Utilizador\AppData\Roaming\npm;C:\Users\Utilizador\AppData\Local\Microsoft\WindowsApps;C:\Python27;C:\Program Files\Java\jdk1.8.0_101\bin;C:\Program Files\NetBeans 8.2\java\maven\bin;c:\Users\Utilizador\Desktop\Universidade\4_ano\2_semestre\CR\Projeto\ProjetoFinal\MP_ToDisplays;
USERNAME=Utilizador
OS=Windows_NT
PROCESSOR_IDENTIFIER=Intel64 Family 6 Model 60 Stepping 3, GenuineIntel



---------------  S Y S T E M  ---------------

OS: Windows 10.0 , 64 bit Build 14393 (10.0.14393.1198)

CPU:total 8 (4 cores per cpu, 2 threads per core) family 6 model 60 stepping 3, cmov, cx8, fxsr, mmx, sse, sse2, sse3, ssse3, sse4.1, sse4.2, popcnt, avx, avx2, aes, clmul, erms, lzcnt, ht, tsc, tscinvbit, bmi1, bmi2

Memory: 4k page, physical 8319000k(3194620k free), swap 12976516k(5364976k free)

vm_info: Java HotSpot(TM) 64-Bit Server VM (25.66-b18) for windows-amd64 JRE (1.8.0_66-b18), built on Nov  9 2015 10:51:13 by "java_re" with MS VC++ 10.0 (VS2010)

time: Fri May 26 11:19:29 2017
elapsed time: 151 seconds (0d 0h 2m 31s)

