#
# A fatal error has been detected by the Java Runtime Environment:
#
#  EXCEPTION_UNCAUGHT_CXX_EXCEPTION (0xe06d7363) at pc=0x00007ff970f23c58, pid=7364, tid=14996
#
# JRE version: Java(TM) SE Runtime Environment (8.0_66-b18) (build 1.8.0_66-b18)
# Java VM: Java HotSpot(TM) 64-Bit Server VM (25.66-b18 mixed mode windows-amd64 compressed oops)
# Problematic frame:
# C  [KERNELBASE.dll+0x33c58]
#
# Failed to write core dump. Minidumps are not enabled by default on client versions of Windows
#
# If you would like to submit a bug report, please visit:
#   http://bugreport.java.com/bugreport/crash.jsp
#

---------------  T H R E A D  ---------------

Current thread (0x0000000013dc9000):  VMThread [stack: 0x0000000015ab0000,0x0000000015bb0000] [id=14996]

siginfo: ExceptionCode=0xe06d7363, ExceptionInformation=0x0000000019930520 0x0000000015baf448 0x00007ff964d62cb8 0x00007ff964cb0000 

Registers:
RAX=0x004c0044002e006c, RBX=0x00007ff964d62cb8, RCX=0x000000000000004c, RDX=0x0000000000000000
RSP=0x0000000015baf290, RBP=0x0000000015baf3d0, RSI=0x00000000ffffffff, RDI=0x00000000174c9c80
R8 =0x0000000000000000, R9 =0x0000000000000000, R10=0x0000000000000000, R11=0x0000000000000000
R12=0x0000000000000001, R13=0x0000000000000008, R14=0x0000000000000000, R15=0xffffffffffffffff
RIP=0x00007ff970f23c58, EFLAGS=0x0000000000000206

Top of Stack: (sp=0x0000000015baf290)
0x0000000015baf290:   0000000027eec6e0 00007ff964d62cb8
0x0000000015baf2a0:   00000000ffffffff 00000000174c9c80
0x0000000015baf2b0:   00000001e06d7363 0000000000000000
0x0000000015baf2c0:   00007ff970f23c58 00007ff900000004
0x0000000015baf2d0:   0000000019930520 0000000015baf448
0x0000000015baf2e0:   00007ff964d62cb8 00007ff964cb0000
0x0000000015baf2f0:   0000000000000008 0000000000000001
0x0000000015baf300:   00000000174c9c80 00000000ffffffff
0x0000000015baf310:   0000000015baf3d0 00007ff9743cc26f
0x0000000015baf320:   0000000015baf3e0 0000000000000000
0x0000000015baf330:   000008eb64693c6a 0000000000000001
0x0000000015baf340:   00007ff964d79000 00007ff964cb0000
0x0000000015baf350:   0000ee3c936f47e2 0000000015baf580
0x0000000015baf360:   00007ff964d62cb8 00007ff964d0e92c
0x0000000015baf370:   000000000000001f 0000000000000008
0x0000000015baf380:   0000000000000001 00000000174c9c80 

Instructions: (pc=0x00007ff970f23c58)
0x00007ff970f23c38:   49 8b d1 44 0f 47 c0 44 89 44 24 38 49 c1 e0 03
0x00007ff970f23c48:   e8 47 90 04 00 48 8d 4c 24 20 ff 15 a0 44 11 00
0x00007ff970f23c58:   48 8b 8c 24 c0 00 00 00 48 33 cc e8 d8 55 04 00
0x00007ff970f23c68:   48 81 c4 d8 00 00 00 c3 83 64 24 38 00 eb d6 cc 


Register to memory mapping:

RAX=0x004c0044002e006c is an unknown value
RBX=0x00007ff964d62cb8 is an unknown value
RCX=0x000000000000004c is an unknown value
RDX=0x0000000000000000 is an unknown value
RSP=0x0000000015baf290 is an unknown value
RBP=0x0000000015baf3d0 is an unknown value
RSI=0x00000000ffffffff is an unallocated location in the heap
RDI=0x00000000174c9c80 is an unknown value
R8 =0x0000000000000000 is an unknown value
R9 =0x0000000000000000 is an unknown value
R10=0x0000000000000000 is an unknown value
R11=0x0000000000000000 is an unknown value
R12=0x0000000000000001 is an unknown value
R13=0x0000000000000008 is an unknown value
R14=0x0000000000000000 is an unknown value
R15=0xffffffffffffffff is an unknown value


Stack: [0x0000000015ab0000,0x0000000015bb0000],  sp=0x0000000015baf290,  free space=1020k
Native frames: (J=compiled Java code, j=interpreted, Vv=VM code, C=native code)
C  [KERNELBASE.dll+0x33c58]
C  [MSVCR110.dll+0x5e92c]
C  [MSVCR110.dll+0x1315c]
C  [MSVCR110.dll+0x136a9]
C  [MSVCR110.dll+0x13e9c]
C  [MSVCR110.dll+0x239e]
C  [MSVCR110.dll+0xaf9e]
C  [MSVCP110.dll+0x397b9]
C  [librdi_common.dll+0x183a66]
C  [librdi_common.dll+0x1826fb]
C  [librdi_target_manager.dll+0x2400]
C  [librdi_target_manager.dll+0x2682]
C  [ntdll.dll+0x2a35f]
C  [ntdll.dll+0x806b]
C  [ntdll.dll+0x7d94]
C  [KERNEL32.DLL+0x1ce6a]
C  [MSVCR100.dll+0x20ccd]
V  [jvm.dll+0x210cc5]
V  [jvm.dll+0x249897]
V  [jvm.dll+0x248b36]
V  [jvm.dll+0x248fd1]
V  [jvm.dll+0x2491ee]
V  [jvm.dll+0x29a0fa]
C  [MSVCR100.dll+0x21d9f]
C  [MSVCR100.dll+0x21e3b]
C  [KERNEL32.DLL+0x8364]
C  [ntdll.dll+0x670d1]

VM_Operation (0x000000000014f4c0): Exit, mode: safepoint, requested by thread 0x000000000260e800


---------------  P R O C E S S  ---------------

Java Threads: ( => current thread )
  0x0000000021642000 JavaThread "pool-2-thread-8" [_thread_blocked, id=6360, stack(0x000000003c9d0000,0x000000003cad0000)]
  0x0000000021641800 JavaThread "pool-2-thread-7" [_thread_blocked, id=12340, stack(0x000000003b8d0000,0x000000003b9d0000)]
  0x0000000021640000 JavaThread "pool-2-thread-6" [_thread_blocked, id=5196, stack(0x0000000039fd0000,0x000000003a0d0000)]
  0x0000000021663800 JavaThread "pool-2-thread-5" [_thread_blocked, id=9556, stack(0x0000000038bd0000,0x0000000038cd0000)]
  0x0000000021661000 JavaThread "pool-2-thread-4" [_thread_blocked, id=4856, stack(0x00000000378d0000,0x00000000379d0000)]
  0x000000002165f000 JavaThread "pool-2-thread-3" [_thread_blocked, id=256, stack(0x0000000035ed0000,0x0000000035fd0000)]
  0x000000002165f800 JavaThread "pool-2-thread-2" [_thread_blocked, id=8228, stack(0x00000000349d0000,0x0000000034ad0000)]
  0x000000002165e000 JavaThread "pool-2-thread-1" [_thread_blocked, id=16160, stack(0x00000000335d0000,0x00000000336d0000)]
  0x000000002165c000 JavaThread "Thread-73" daemon [_thread_blocked, id=14608, stack(0x000000002fad0000,0x000000002fbd0000)]
  0x0000000019e83800 JavaThread "TCF Channel Transmitter" daemon [_thread_blocked, id=14644, stack(0x00000000285d0000,0x00000000286d0000)]
  0x0000000019e7b000 JavaThread "TCF Channel Receiver" daemon [_thread_in_native, id=12728, stack(0x00000000284d0000,0x00000000285d0000)]
  0x0000000019e82000 JavaThread "Process monitor" daemon [_thread_in_native, id=1900, stack(0x0000000027800000,0x0000000027900000)]
  0x0000000019e7d800 JavaThread "Input Stream Monitor" daemon [_thread_blocked, id=16436, stack(0x0000000027700000,0x0000000027800000)]
  0x0000000019e7c800 JavaThread "Output Stream Monitor" daemon [_thread_in_native, id=9176, stack(0x0000000027600000,0x0000000027700000)]
  0x0000000019e81000 JavaThread "Output Stream Monitor" daemon [_thread_in_native, id=6640, stack(0x0000000027500000,0x0000000027600000)]
  0x0000000019e78000 JavaThread "TCF Locator DNS Lookup" daemon [_thread_blocked, id=12528, stack(0x0000000022dd0000,0x0000000022ed0000)]
  0x0000000019e7e000 JavaThread "TCF Locator Timer" daemon [_thread_blocked, id=18264, stack(0x0000000022cd0000,0x0000000022dd0000)]
  0x0000000018167000 JavaThread "TCF Locator Receiver" daemon [_thread_in_native, id=14500, stack(0x0000000022bd0000,0x0000000022cd0000)]
  0x0000000018165800 JavaThread "TCF Timer Dispatcher" daemon [_thread_blocked, id=1872, stack(0x00000000229d0000,0x0000000022ad0000)]
  0x0000000017c19800 JavaThread "EMF Reference Cleaner" daemon [_thread_blocked, id=8760, stack(0x00000000193c0000,0x00000000194c0000)]
  0x0000000015f80800 JavaThread "Service Thread" daemon [_thread_blocked, id=928, stack(0x00000000168b0000,0x00000000169b0000)]
  0x0000000015ee6800 JavaThread "C1 CompilerThread3" daemon [_thread_blocked, id=10436, stack(0x00000000167b0000,0x00000000168b0000)]
  0x0000000015edd800 JavaThread "C2 CompilerThread2" daemon [_thread_blocked, id=14952, stack(0x00000000166b0000,0x00000000167b0000)]
  0x0000000015edd000 JavaThread "C2 CompilerThread1" daemon [_thread_blocked, id=17704, stack(0x00000000165b0000,0x00000000166b0000)]
  0x0000000015edb800 JavaThread "C2 CompilerThread0" daemon [_thread_blocked, id=12856, stack(0x00000000164b0000,0x00000000165b0000)]
  0x0000000015eeb800 JavaThread "Attach Listener" daemon [_thread_blocked, id=8844, stack(0x00000000163b0000,0x00000000164b0000)]
  0x0000000015eea000 JavaThread "Signal Dispatcher" daemon [_thread_blocked, id=11632, stack(0x00000000162b0000,0x00000000163b0000)]
  0x000000000252b000 JavaThread "Finalizer" daemon [_thread_blocked, id=7952, stack(0x0000000015cb0000,0x0000000015db0000)]
  0x0000000013dcd000 JavaThread "Reference Handler" daemon [_thread_blocked, id=13952, stack(0x0000000015bb0000,0x0000000015cb0000)]
  0x000000000260e800 JavaThread "main" [_thread_blocked, id=9016, stack(0x0000000000050000,0x0000000000150000)]

Other Threads:
=>0x0000000013dc9000 VMThread [stack: 0x0000000015ab0000,0x0000000015bb0000] [id=14996]

VM state:at safepoint (shutting down)

VM Mutex/Monitor currently owned by a thread:  ([mutex/lock_event])
[0x000000000260d670] Threads_lock - owner thread: 0x0000000013dc9000

Heap:
 PSYoungGen      total 140800K, used 43714K [0x00000000f5580000, 0x00000000ff300000, 0x0000000100000000)
  eden space 122368K, 33% used [0x00000000f5580000,0x00000000f7d8cb38,0x00000000fcd00000)
  from space 18432K, 14% used [0x00000000fe100000,0x00000000fe3a3d20,0x00000000ff300000)
  to   space 19456K, 0% used [0x00000000fcd00000,0x00000000fcd00000,0x00000000fe000000)
 ParOldGen       total 103936K, used 47787K [0x00000000e0000000, 0x00000000e6580000, 0x00000000f5580000)
  object space 103936K, 45% used [0x00000000e0000000,0x00000000e2eaaff8,0x00000000e6580000)
 Metaspace       used 87225K, capacity 94376K, committed 94632K, reserved 1132544K
  class space    used 10205K, capacity 12439K, committed 12456K, reserved 1048576K

Card table byte_map: [0x00000000119d0000,0x0000000011ae0000] byte_map_base: 0x00000000112d0000

Marking Bits: (ParMarkBitMap*) 0x0000000058c0a5b0
 Begin Bits: [0x00000000122e0000, 0x0000000012ae0000)
 End Bits:   [0x0000000012ae0000, 0x00000000132e0000)

Polling page: 0x00000000005b0000

CodeCache: size=245760Kb used=43187Kb max_used=43806Kb free=202572Kb
 bounds [0x0000000002610000, 0x0000000005140000, 0x0000000011610000]
 total_blobs=12447 nmethods=11559 adapters=795
 compilation: enabled

Compilation events (10 events):
Event: 658.649 Thread 0x0000000015ee6800 nmethod 14318 0x000000000496fa90 code [0x000000000496fbe0, 0x000000000496fd50]
Event: 658.653 Thread 0x0000000015ee6800 14319       3       java.util.TimSort::mergeLo (659 bytes)
Event: 658.655 Thread 0x0000000015ee6800 nmethod 14319 0x0000000003cec610 code [0x0000000003cec940, 0x0000000003ceead8]
Event: 658.657 Thread 0x0000000015ee6800 14321       3       org.eclipse.osgi.storage.bundlefile.BundleFile::setMruIndex (6 bytes)
Event: 658.657 Thread 0x0000000015ee6800 nmethod 14321 0x0000000004f6f650 code [0x0000000004f6f7a0, 0x0000000004f6f8f0]
Event: 658.659 Thread 0x0000000015ee6800 14324       3       org.eclipse.osgi.container.Module::holdsTransitionEventLock (25 bytes)
Event: 658.659 Thread 0x0000000015ee6800 nmethod 14324 0x0000000003bf3bd0 code [0x0000000003bf3d60, 0x0000000003bf4488]
Event: 658.661 Thread 0x0000000015ee6800 14325       3       org.eclipse.osgi.container.ModuleWiring::unload (6 bytes)
Event: 658.661 Thread 0x0000000015ee6800 nmethod 14325 0x000000000434acd0 code [0x000000000434ae40, 0x000000000434afc8]
Event: 658.661 Thread 0x0000000015ee6800 14326       3       org.eclipse.osgi.container.ModuleWiring::invalidate0 (52 bytes)

GC Heap History (10 events):
Event: 524.071 GC heap before
{Heap before GC invocations=31 (full 10):
 PSYoungGen      total 118784K, used 1827K [0x00000000f5580000, 0x00000000ff380000, 0x0000000100000000)
  eden space 116736K, 0% used [0x00000000f5580000,0x00000000f5580000,0x00000000fc780000)
  from space 2048K, 89% used [0x00000000fc780000,0x00000000fc948e40,0x00000000fc980000)
  to   space 22528K, 0% used [0x00000000fdd80000,0x00000000fdd80000,0x00000000ff380000)
 ParOldGen       total 103936K, used 58207K [0x00000000e0000000, 0x00000000e6580000, 0x00000000f5580000)
  object space 103936K, 56% used [0x00000000e0000000,0x00000000e38d7d58,0x00000000e6580000)
 Metaspace       used 85342K, capacity 92678K, committed 92968K, reserved 1130496K
  class space    used 10094K, capacity 12217K, committed 12328K, reserved 1048576K
Event: 524.353 GC heap after
Heap after GC invocations=31 (full 10):
 PSYoungGen      total 118784K, used 0K [0x00000000f5580000, 0x00000000ff380000, 0x0000000100000000)
  eden space 116736K, 0% used [0x00000000f5580000,0x00000000f5580000,0x00000000fc780000)
  from space 2048K, 0% used [0x00000000fc780000,0x00000000fc780000,0x00000000fc980000)
  to   space 22528K, 0% used [0x00000000fdd80000,0x00000000fdd80000,0x00000000ff380000)
 ParOldGen       total 103936K, used 47729K [0x00000000e0000000, 0x00000000e6580000, 0x00000000f5580000)
  object space 103936K, 45% used [0x00000000e0000000,0x00000000e2e9c538,0x00000000e6580000)
 Metaspace       used 85307K, capacity 92620K, committed 92968K, reserved 1130496K
  class space    used 10087K, capacity 12204K, committed 12328K, reserved 1048576K
}
Event: 573.196 GC heap before
{Heap before GC invocations=32 (full 10):
 PSYoungGen      total 118784K, used 116736K [0x00000000f5580000, 0x00000000ff380000, 0x0000000100000000)
  eden space 116736K, 100% used [0x00000000f5580000,0x00000000fc780000,0x00000000fc780000)
  from space 2048K, 0% used [0x00000000fc780000,0x00000000fc780000,0x00000000fc980000)
  to   space 22528K, 0% used [0x00000000fdd80000,0x00000000fdd80000,0x00000000ff380000)
 ParOldGen       total 103936K, used 47729K [0x00000000e0000000, 0x00000000e6580000, 0x00000000f5580000)
  object space 103936K, 45% used [0x00000000e0000000,0x00000000e2e9c538,0x00000000e6580000)
 Metaspace       used 85756K, capacity 93092K, committed 93224K, reserved 1130496K
  class space    used 10095K, capacity 12272K, committed 12328K, reserved 1048576K
Event: 573.200 GC heap after
Heap after GC invocations=32 (full 10):
 PSYoungGen      total 140288K, used 2009K [0x00000000f5580000, 0x00000000ff700000, 0x0000000100000000)
  eden space 117760K, 0% used [0x00000000f5580000,0x00000000f5580000,0x00000000fc880000)
  from space 22528K, 8% used [0x00000000fdd80000,0x00000000fdf765d0,0x00000000ff380000)
  to   space 21504K, 0% used [0x00000000fc880000,0x00000000fc880000,0x00000000fdd80000)
 ParOldGen       total 103936K, used 47737K [0x00000000e0000000, 0x00000000e6580000, 0x00000000f5580000)
  object space 103936K, 45% used [0x00000000e0000000,0x00000000e2e9e538,0x00000000e6580000)
 Metaspace       used 85756K, capacity 93092K, committed 93224K, reserved 1130496K
  class space    used 10095K, capacity 12272K, committed 12328K, reserved 1048576K
}
Event: 604.827 GC heap before
{Heap before GC invocations=33 (full 10):
 PSYoungGen      total 140288K, used 76490K [0x00000000f5580000, 0x00000000ff700000, 0x0000000100000000)
  eden space 117760K, 63% used [0x00000000f5580000,0x00000000f9e3c5d8,0x00000000fc880000)
  from space 22528K, 8% used [0x00000000fdd80000,0x00000000fdf765d0,0x00000000ff380000)
  to   space 21504K, 0% used [0x00000000fc880000,0x00000000fc880000,0x00000000fdd80000)
 ParOldGen       total 103936K, used 47737K [0x00000000e0000000, 0x00000000e6580000, 0x00000000f5580000)
  object space 103936K, 45% used [0x00000000e0000000,0x00000000e2e9e538,0x00000000e6580000)
 Metaspace       used 86029K, capacity 93286K, committed 93480K, reserved 1130496K
  class space    used 10099K, capacity 12274K, committed 12328K, reserved 1048576K
Event: 604.831 GC heap after
Heap after GC invocations=33 (full 10):
 PSYoungGen      total 139264K, used 2500K [0x00000000f5580000, 0x00000000ff500000, 0x0000000100000000)
  eden space 117760K, 0% used [0x00000000f5580000,0x00000000f5580000,0x00000000fc880000)
  from space 21504K, 11% used [0x00000000fc880000,0x00000000fcaf1070,0x00000000fdd80000)
  to   space 20480K, 0% used [0x00000000fe100000,0x00000000fe100000,0x00000000ff500000)
 ParOldGen       total 103936K, used 47745K [0x00000000e0000000, 0x00000000e6580000, 0x00000000f5580000)
  object space 103936K, 45% used [0x00000000e0000000,0x00000000e2ea0538,0x00000000e6580000)
 Metaspace       used 86029K, capacity 93286K, committed 93480K, reserved 1130496K
  class space    used 10099K, capacity 12274K, committed 12328K, reserved 1048576K
}
Event: 604.831 GC heap before
{Heap before GC invocations=34 (full 11):
 PSYoungGen      total 139264K, used 2500K [0x00000000f5580000, 0x00000000ff500000, 0x0000000100000000)
  eden space 117760K, 0% used [0x00000000f5580000,0x00000000f5580000,0x00000000fc880000)
  from space 21504K, 11% used [0x00000000fc880000,0x00000000fcaf1070,0x00000000fdd80000)
  to   space 20480K, 0% used [0x00000000fe100000,0x00000000fe100000,0x00000000ff500000)
 ParOldGen       total 103936K, used 47745K [0x00000000e0000000, 0x00000000e6580000, 0x00000000f5580000)
  object space 103936K, 45% used [0x00000000e0000000,0x00000000e2ea0538,0x00000000e6580000)
 Metaspace       used 86029K, capacity 93286K, committed 93480K, reserved 1130496K
  class space    used 10099K, capacity 12274K, committed 12328K, reserved 1048576K
Event: 605.134 GC heap after
Heap after GC invocations=34 (full 11):
 PSYoungGen      total 139264K, used 0K [0x00000000f5580000, 0x00000000ff500000, 0x0000000100000000)
  eden space 117760K, 0% used [0x00000000f5580000,0x00000000f5580000,0x00000000fc880000)
  from space 21504K, 0% used [0x00000000fc880000,0x00000000fc880000,0x00000000fdd80000)
  to   space 20480K, 0% used [0x00000000fe100000,0x00000000fe100000,0x00000000ff500000)
 ParOldGen       total 103936K, used 47779K [0x00000000e0000000, 0x00000000e6580000, 0x00000000f5580000)
  object space 103936K, 45% used [0x00000000e0000000,0x00000000e2ea8ff8,0x00000000e6580000)
 Metaspace       used 86029K, capacity 93286K, committed 93480K, reserved 1130496K
  class space    used 10099K, capacity 12274K, committed 12328K, reserved 1048576K
}
Event: 635.103 GC heap before
{Heap before GC invocations=35 (full 11):
 PSYoungGen      total 139264K, used 117760K [0x00000000f5580000, 0x00000000ff500000, 0x0000000100000000)
  eden space 117760K, 100% used [0x00000000f5580000,0x00000000fc880000,0x00000000fc880000)
  from space 21504K, 0% used [0x00000000fc880000,0x00000000fc880000,0x00000000fdd80000)
  to   space 20480K, 0% used [0x00000000fe100000,0x00000000fe100000,0x00000000ff500000)
 ParOldGen       total 103936K, used 47779K [0x00000000e0000000, 0x00000000e6580000, 0x00000000f5580000)
  object space 103936K, 45% used [0x00000000e0000000,0x00000000e2ea8ff8,0x00000000e6580000)
 Metaspace       used 86403K, capacity 93598K, committed 93736K, reserved 1130496K
  class space    used 10110K, capacity 12310K, committed 12328K, reserved 1048576K
Event: 635.108 GC heap after
Heap after GC invocations=35 (full 11):
 PSYoungGen      total 140800K, used 2703K [0x00000000f5580000, 0x00000000ff300000, 0x0000000100000000)
  eden space 122368K, 0% used [0x00000000f5580000,0x00000000f5580000,0x00000000fcd00000)
  from space 18432K, 14% used [0x00000000fe100000,0x00000000fe3a3d20,0x00000000ff300000)
  to   space 19456K, 0% used [0x00000000fcd00000,0x00000000fcd00000,0x00000000fe000000)
 ParOldGen       total 103936K, used 47787K [0x00000000e0000000, 0x00000000e6580000, 0x00000000f5580000)
  object space 103936K, 45% used [0x00000000e0000000,0x00000000e2eaaff8,0x00000000e6580000)
 Metaspace       used 86403K, capacity 93598K, committed 93736K, reserved 1130496K
  class space    used 10110K, capacity 12310K, committed 12328K, reserved 1048576K
}

Deoptimization events (10 events):
Event: 635.993 Thread 0x0000000021644800 Uncommon trap: reason=class_check action=maybe_recompile pc=0x0000000004b6502c method=org.eclipse.e4.core.internal.contexts.TrackableComputationExt.update(Lorg/eclipse/e4/core/internal/contexts/ContextChangeEvent;)Z @ 62
Event: 635.994 Thread 0x0000000021644800 Uncommon trap: reason=class_check action=maybe_recompile pc=0x0000000004b6502c method=org.eclipse.e4.core.internal.contexts.TrackableComputationExt.update(Lorg/eclipse/e4/core/internal/contexts/ContextChangeEvent;)Z @ 62
Event: 657.656 Thread 0x0000000021640000 Uncommon trap: reason=unstable_if action=reinterpret pc=0x0000000004505100 method=com.xilinx.sdk.targetmanager.internal.json.XMDJSONProcess.issueCommand(Ljava/lang/String;)Lcom/xilinx/sdk/targetmanager/internal/IXMDResult; @ 228
Event: 657.656 Thread 0x0000000021640000 Uncommon trap: reason=unstable_if action=reinterpret pc=0x0000000002c7da48 method=org.eclipse.ui.PlatformUI.isWorkbenchRunning()Z @ 12
Event: 657.847 Thread 0x0000000021644800 Uncommon trap: reason=unstable_if action=reinterpret pc=0x000000000479bde4 method=org.eclipse.swt.graphics.Resource.dispose()V @ 15
Event: 658.569 Thread 0x0000000021644800 Uncommon trap: reason=unstable_if action=reinterpret pc=0x0000000002d328d8 method=org.eclipse.osgi.internal.hooks.EclipseLazyStarter.shouldActivateFor(Ljava/lang/String;Lorg/eclipse/osgi/container/Module;Lorg/eclipse/osgi/container/ModuleRevision;Lorg/ecliB-ªú•„@
Event: 658.635 Thread 0x0000000019e7a800 Uncommon trap: reason=unstable_if action=reinterpret pc=0x0000000003be5b7c method=org.eclipse.core.internal.jobs.JobManager.nextJob()Lorg/eclipse/core/runtime/jobs/Job; @ 80
Event: 658.635 Thread 0x0000000021656800 Uncommon trap: reason=unstable_if action=reinterpret pc=0x0000000003be5b7c method=org.eclipse.core.internal.jobs.JobManager.nextJob()Lorg/eclipse/core/runtime/jobs/Job; @ 80
Event: 658.635 Thread 0x0000000018160800 Uncommon trap: reason=unstable_if action=reinterpret pc=0x0000000003be5b7c method=org.eclipse.core.internal.jobs.JobManager.nextJob()Lorg/eclipse/core/runtime/jobs/Job; @ 80
Event: 658.652 Thread 0x0000000021644800 Uncommon trap: reason=unstable_if action=reinterpret pc=0x0000000003d6b940 method=sun.reflect.UnsafeStaticObjectFieldAccessorImpl.set(Ljava/lang/Object;Ljava/lang/Object;)V @ 13

Internal exceptions (10 events):
Event: 657.656 Thread 0x0000000021640000 Exception <a 'java/io/IOException'> (0x00000000f7685c50) thrown at [C:\re\workspace\8-2-build-windows-amd64-cygwin\jdk8u66\5298\hotspot\src\share\vm\prims\jni.cpp, line 709]
Event: 657.765 Thread 0x0000000021659000 Exception <a 'java/lang/InterruptedException'> (0x00000000f76b0a78) thrown at [C:\re\workspace\8-2-build-windows-amd64-cygwin\jdk8u66\5298\hotspot\src\share\vm\runtime\objectMonitor.cpp, line 1683]
Event: 658.592 Thread 0x0000000021644800 Implicit null exception at 0x000000000475d682 to 0x0000000004761bbf
Event: 658.592 Thread 0x0000000021644800 Exception <a 'java/lang/NullPointerException'> (0x00000000f79a4518) thrown at [C:\re\workspace\8-2-build-windows-amd64-cygwin\jdk8u66\5298\hotspot\src\share\vm\runtime\sharedRuntime.cpp, line 605]
Event: 658.592 Thread 0x0000000021644800 Exception <a 'java/lang/NullPointerException'> (0x00000000f79a4518) thrown at [C:\re\workspace\8-2-build-windows-amd64-cygwin\jdk8u66\5298\hotspot\src\share\vm\prims\jvm.cpp, line 1390]
Event: 658.635 Thread 0x0000000018163800 Exception <a 'java/lang/InterruptedException'> (0x00000000f6deb9e8) thrown at [C:\re\workspace\8-2-build-windows-amd64-cygwin\jdk8u66\5298\hotspot\src\share\vm\runtime\objectMonitor.cpp, line 1683]
Event: 658.652 Thread 0x0000000021644800 Implicit null exception at 0x0000000003d6b5f7 to 0x0000000003d6b92d
Event: 658.653 Thread 0x0000000016e10800 Exception <a 'java/lang/InterruptedException'> (0x00000000f7ae7478) thrown at [C:\re\workspace\8-2-build-windows-amd64-cygwin\jdk8u66\5298\hotspot\src\share\vm\runtime\objectMonitor.cpp, line 1683]
Event: 658.657 Thread 0x0000000018162800 Exception <a 'java/lang/InterruptedException'> (0x00000000f66e4628) thrown at [C:\re\workspace\8-2-build-windows-amd64-cygwin\jdk8u66\5298\hotspot\src\share\vm\runtime\objectMonitor.cpp, line 1683]
Event: 658.657 Thread 0x000000001776d000 Exception <a 'java/lang/InterruptedException'> (0x00000000f7cf97b8) thrown at [C:\re\workspace\8-2-build-windows-amd64-cygwin\jdk8u66\5298\hotspot\src\share\vm\runtime\objectMonitor.cpp, line 1683]

Events (10 events):
Event: 658.660 loading class java/util/IdentityHashMap$KeyIterator
Event: 658.660 Thread 0x0000000015ee6800 flushing nmethod 0x0000000004eaf490
Event: 658.660 loading class java/util/IdentityHashMap$IdentityHashMapIterator
Event: 658.660 loading class java/util/IdentityHashMap$IdentityHashMapIterator done
Event: 658.660 loading class java/util/IdentityHashMap$KeyIterator done
Event: 658.661 Thread 0x000000002163e800 Thread added: 0x000000002163e800
Event: 658.661 Thread 0x0000000015ee6800 flushing nmethod 0x000000000508fd90
Event: 658.661 Thread 0x0000000015ee6800 flushing nmethod 0x0000000005093010
Event: 658.661 Thread 0x000000002163e800 Thread exited: 0x000000002163e800
Event: 658.661 Executing VM operation: Exit


Dynamic libraries:
0x0000000000400000 - 0x000000000044f000 	C:\Xilinx\SDK\2016.4\eclipse\win64.o\eclipse.exe
0x00007ff974380000 - 0x00007ff974551000 	C:\WINDOWS\SYSTEM32\ntdll.dll
0x00007ff973360000 - 0x00007ff97340c000 	C:\WINDOWS\System32\KERNEL32.DLL
0x00007ff9676b0000 - 0x00007ff967704000 	C:\Program Files (x86)\AVG\Av\avghooka.dll
0x00007ff970ef0000 - 0x00007ff97110d000 	C:\WINDOWS\System32\KERNELBASE.dll
0x00007ff96ed80000 - 0x00007ff96edfa000 	C:\WINDOWS\system32\apphelp.dll
0x00007ff973700000 - 0x00007ff973865000 	C:\WINDOWS\System32\USER32.dll
0x00007ff970c70000 - 0x00007ff970c8e000 	C:\WINDOWS\System32\win32u.dll
0x00007ff9738e0000 - 0x00007ff973914000 	C:\WINDOWS\System32\GDI32.dll
0x00007ff970870000 - 0x00007ff9709f2000 	C:\WINDOWS\System32\gdi32full.dll
0x00007ff9742d0000 - 0x00007ff97436e000 	C:\WINDOWS\System32\msvcrt.dll
0x00007ff963b10000 - 0x00007ff963d8a000 	C:\WINDOWS\WinSxS\amd64_microsoft.windows.common-controls_6595b64144ccf1df_6.0.14393.953_none_42151e83c686086b\COMCTL32.dll
0x00007ff973920000 - 0x00007ff973be8000 	C:\WINDOWS\System32\combase.dll
0x00007ff970d40000 - 0x00007ff970e35000 	C:\WINDOWS\System32\ucrtbase.dll
0x00007ff973130000 - 0x00007ff973251000 	C:\WINDOWS\System32\RPCRT4.dll
0x00007ff971160000 - 0x00007ff9711ca000 	C:\WINDOWS\System32\bcryptPrimitives.dll
0x00007ff973260000 - 0x00007ff97328e000 	C:\WINDOWS\System32\IMM32.DLL
0x0000000072000000 - 0x0000000072012000 	C:\Xilinx\SDK\2016.4\eclipse\win64.o\plugins\org.eclipse.equinox.launcher.win32.win32.x86_64_1.1.300.v20150602-1417\eclipse_1611.dll
0x00007ff973410000 - 0x00007ff9734b2000 	C:\WINDOWS\System32\ADVAPI32.dll
0x00007ff971910000 - 0x00007ff971969000 	C:\WINDOWS\System32\sechost.dll
0x00007ff962ad0000 - 0x00007ff962ada000 	C:\WINDOWS\SYSTEM32\VERSION.dll
0x00007ff96efc0000 - 0x00007ff96f055000 	C:\WINDOWS\system32\uxtheme.dll
0x00007ff974020000 - 0x00007ff97417a000 	C:\WINDOWS\System32\MSCTF.dll
0x00007ff973290000 - 0x00007ff97334f000 	C:\WINDOWS\System32\OLEAUT32.dll
0x00007ff970bd0000 - 0x00007ff970c6c000 	C:\WINDOWS\System32\msvcp_win.dll
0x0000000058400000 - 0x0000000058c89000 	C:\Xilinx\SDK\2016.4\tps\win64\jre\bin\server\jvm.dll
0x00007ff973350000 - 0x00007ff973358000 	C:\WINDOWS\System32\PSAPI.DLL
0x00007ff964ed0000 - 0x00007ff964ed9000 	C:\WINDOWS\SYSTEM32\WSOCK32.dll
0x00007ff973870000 - 0x00007ff9738da000 	C:\WINDOWS\System32\WS2_32.dll
0x00007ff96eac0000 - 0x00007ff96eae3000 	C:\WINDOWS\SYSTEM32\WINMM.dll
0x000000005afc0000 - 0x000000005b092000 	C:\WINDOWS\SYSTEM32\MSVCR100.dll
0x00007ff96e920000 - 0x00007ff96e94b000 	C:\WINDOWS\SYSTEM32\WINMMBASE.dll
0x00007ff971110000 - 0x00007ff971152000 	C:\WINDOWS\System32\cfgmgr32.dll
0x0000000059e40000 - 0x0000000059e4f000 	C:\Xilinx\SDK\2016.4\tps\win64\jre\bin\verify.dll
0x0000000059e10000 - 0x0000000059e39000 	C:\Xilinx\SDK\2016.4\tps\win64\jre\bin\java.dll
0x0000000059df0000 - 0x0000000059e06000 	C:\Xilinx\SDK\2016.4\tps\win64\jre\bin\zip.dll
0x00007ff971c20000 - 0x00007ff973128000 	C:\WINDOWS\System32\SHELL32.dll
0x00007ff971230000 - 0x00007ff97190a000 	C:\WINDOWS\System32\windows.storage.dll
0x00007ff970820000 - 0x00007ff97086c000 	C:\WINDOWS\System32\powrprof.dll
0x00007ff9741f0000 - 0x00007ff974242000 	C:\WINDOWS\System32\shlwapi.dll
0x00007ff970810000 - 0x00007ff97081f000 	C:\WINDOWS\System32\kernel.appcore.dll
0x00007ff970c90000 - 0x00007ff970d39000 	C:\WINDOWS\System32\shcore.dll
0x00007ff9707f0000 - 0x00007ff970804000 	C:\WINDOWS\System32\profapi.dll
0x00007ff970260000 - 0x00007ff970277000 	C:\WINDOWS\SYSTEM32\CRYPTSP.dll
0x00007ff96fcb0000 - 0x00007ff96fce3000 	C:\WINDOWS\system32\rsaenh.dll
0x00007ff970720000 - 0x00007ff97074b000 	C:\WINDOWS\SYSTEM32\bcrypt.dll
0x00007ff96ff30000 - 0x00007ff96ff4f000 	C:\WINDOWS\SYSTEM32\USERENV.dll
0x00007ff970250000 - 0x00007ff97025b000 	C:\WINDOWS\SYSTEM32\CRYPTBASE.dll
0x0000000059a20000 - 0x0000000059a3a000 	C:\Xilinx\SDK\2016.4\tps\win64\jre\bin\net.dll
0x00007ff9700b0000 - 0x00007ff97010c000 	C:\WINDOWS\system32\mswsock.dll
0x00007ff96fe30000 - 0x00007ff96fe68000 	C:\WINDOWS\SYSTEM32\IPHLPAPI.DLL
0x00007ff974370000 - 0x00007ff974378000 	C:\WINDOWS\System32\NSI.dll
0x00007ff96cc10000 - 0x00007ff96cc26000 	C:\WINDOWS\SYSTEM32\dhcpcsvc6.DLL
0x00007ff96cb40000 - 0x00007ff96cb5a000 	C:\WINDOWS\SYSTEM32\dhcpcsvc.DLL
0x0000000059a00000 - 0x0000000059a11000 	C:\Xilinx\SDK\2016.4\tps\win64\jre\bin\nio.dll
0x00007ff95e4a0000 - 0x00007ff95e4b6000 	C:\WINDOWS\system32\napinsp.dll
0x00007ff95e470000 - 0x00007ff95e48a000 	C:\WINDOWS\system32\pnrpnsp.dll
0x00007ff96be20000 - 0x00007ff96be38000 	C:\WINDOWS\system32\NLAapi.dll
0x00007ff96fe70000 - 0x00007ff96ff11000 	C:\WINDOWS\SYSTEM32\DNSAPI.dll
0x00007ff962ee0000 - 0x00007ff962eee000 	C:\WINDOWS\System32\winrnr.dll
0x000000005b0d0000 - 0x000000005b0f6000 	C:\Program Files\Bonjour\mdnsNSP.dll
0x00007ff96b090000 - 0x00007ff96b09a000 	C:\Windows\System32\rasadhlp.dll
0x00007ff96b450000 - 0x00007ff96b4ba000 	C:\WINDOWS\System32\fwpuclnt.dll
0x00000000185d0000 - 0x0000000018678000 	C:\Users\Utilizador\.Xilinx\SDK\2016.4\org.eclipse.osgi\319\0\.cp\swt-win32-4527.dll
0x00007ff971a70000 - 0x00007ff971ba8000 	C:\WINDOWS\System32\ole32.dll
0x00007ff971970000 - 0x00007ff971a6a000 	C:\WINDOWS\System32\comdlg32.dll
0x00007ff970a00000 - 0x00007ff970bc9000 	C:\WINDOWS\System32\CRYPT32.dll
0x00007ff9707e0000 - 0x00007ff9707f0000 	C:\WINDOWS\System32\MSASN1.dll
0x00007ff96bc30000 - 0x00007ff96bcb6000 	C:\WINDOWS\SYSTEM32\WINSPOOL.DRV
0x00007ff96c400000 - 0x00007ff96c419000 	C:\WINDOWS\SYSTEM32\USP10.dll
0x00007ff96ce90000 - 0x00007ff96d15a000 	C:\WINDOWS\SYSTEM32\WININET.dll
0x00007ff96dd30000 - 0x00007ff96dd56000 	C:\WINDOWS\system32\dwmapi.dll
0x00007ff96daa0000 - 0x00007ff96dc25000 	C:\WINDOWS\SYSTEM32\propsys.dll
0x00007ff973660000 - 0x00007ff9736ff000 	C:\WINDOWS\System32\clbcatq.dll
0x00000000190c0000 - 0x00000000190de000 	C:\Users\Utilizador\.Xilinx\SDK\2016.4\org.eclipse.osgi\319\0\.cp\swt-gdip-win32-4527.dll
0x00007ff965510000 - 0x00007ff9656aa000 	C:\WINDOWS\WinSxS\amd64_microsoft.windows.gdiplus_6595b64144ccf1df_1.1.14393.953_none_7300116921188239\gdiplus.dll
0x00007ff96c910000 - 0x00007ff96cab8000 	C:\WINDOWS\SYSTEM32\WindowsCodecs.dll
0x0000000180000000 - 0x0000000180012000 	C:\Users\Utilizador\.Xilinx\SDK\2016.4\org.eclipse.osgi\133\0\.cp\os\win32\x86_64\localfile_1_0_0.dll
0x00007ff95e6f0000 - 0x00007ff95e755000 	C:\WINDOWS\SYSTEM32\oleacc.dll
0x00007ff96a9c0000 - 0x00007ff96a9c7000 	C:\WINDOWS\SYSTEM32\msimg32.dll
0x00007ff96bb30000 - 0x00007ff96bb41000 	C:\Users\Utilizador\.Xilinx\SDK\2016.4\org.eclipse.osgi\136\0\.cp\jWinHttp-1.0.0.dll
0x00007ff96dc60000 - 0x00007ff96dd2d000 	C:\WINDOWS\SYSTEM32\WINHTTP.dll
0x00007ff96c7c0000 - 0x00007ff96c7cf000 	C:\Xilinx\SDK\2016.4\lib\win64.o\librdi_repo_manager.dll
0x00007ff9650e0000 - 0x00007ff96510a000 	C:\Xilinx\SDK\2016.4\lib\win64.o\libisl_sysinfo.dll
0x00007ff912a90000 - 0x00007ff91353a000 	C:\Xilinx\SDK\2016.4\lib\win64.o\librdi_common.dll
0x00007ff930030000 - 0x00007ff930083000 	C:\Xilinx\SDK\2016.4\lib\win64.o\librdi_commonxillic.dll
0x00007ff914650000 - 0x00007ff914848000 	C:\Xilinx\SDK\2016.4\lib\win64.o\librdi_hsm.dll
0x00007ff964c00000 - 0x00007ff964ca7000 	C:\WINDOWS\SYSTEM32\MSVCP110.dll
0x00007ff964cb0000 - 0x00007ff964d84000 	C:\WINDOWS\SYSTEM32\MSVCR110.dll
0x00007ff912720000 - 0x00007ff912a8e000 	C:\Xilinx\SDK\2016.4\lib\win64.o\libCOIN-all.dll
0x00007ff913980000 - 0x00007ff913b9f000 	C:\Xilinx\SDK\2016.4\lib\win64.o\libXil_lmgr11.dll
0x00007ff9711d0000 - 0x00007ff971225000 	C:\WINDOWS\System32\WINTRUST.dll
0x00007ff9650d0000 - 0x00007ff9650e0000 	C:\Xilinx\SDK\2016.4\lib\win64.o\libboost_date_time.dll
0x00007ff963e70000 - 0x00007ff963e94000 	C:\Xilinx\SDK\2016.4\lib\win64.o\libboost_filesystem.dll
0x00007ff913900000 - 0x00007ff913977000 	C:\Xilinx\SDK\2016.4\lib\win64.o\libboost_program_options.dll
0x00007ff9136b0000 - 0x00007ff9137b6000 	C:\Xilinx\SDK\2016.4\lib\win64.o\libboost_regex.dll
0x00007ff963e50000 - 0x00007ff963e63000 	C:\Xilinx\SDK\2016.4\lib\win64.o\libboost_signals.dll
0x00007ff9647e0000 - 0x00007ff9647e9000 	C:\Xilinx\SDK\2016.4\lib\win64.o\libboost_system.dll
0x00007ff956370000 - 0x00007ff95638d000 	C:\Xilinx\SDK\2016.4\lib\win64.o\libboost_thread.dll
0x00007ff963d90000 - 0x00007ff963d9b000 	C:\Xilinx\SDK\2016.4\lib\win64.o\libboost_xilinx.dll
0x00007ff913880000 - 0x00007ff913900000 	C:\Xilinx\SDK\2016.4\lib\win64.o\libhdlpsolve.dll
0x00007ff913610000 - 0x00007ff9136aa000 	C:\Xilinx\SDK\2016.4\lib\win64.o\libhdxml.dll
0x00007ff912100000 - 0x00007ff9124c9000 	C:\Xilinx\SDK\2016.4\lib\win64.o\libisl_iostreams.dll
0x00007ff955700000 - 0x00007ff955715000 	C:\Xilinx\SDK\2016.4\lib\win64.o\pthreadVC2.dll
0x00007ff911fd0000 - 0x00007ff912100000 	C:\Xilinx\SDK\2016.4\lib\win64.o\librdi_curl.dll
0x00007ff953790000 - 0x00007ff9537a8000 	C:\Xilinx\SDK\2016.4\lib\win64.o\librdiconfig.dll
0x00007ff950b70000 - 0x00007ff950b8f000 	C:\Xilinx\SDK\2016.4\lib\win64.o\librdizlib.dll
0x0000000059a40000 - 0x0000000059b67000 	C:\Xilinx\SDK\2016.4\lib\win64.o\tcl85t.dll
0x0000000026b60000 - 0x0000000026dc3000 	C:\Xilinx\SDK\2016.4\lib\win64.o\xerces-c_3_1.dll
0x00007ff963320000 - 0x00007ff9634e3000 	C:\WINDOWS\SYSTEM32\urlmon.dll
0x00007ff963280000 - 0x00007ff9632a3000 	C:\WINDOWS\SYSTEM32\VCOMP110.DLL
0x00007ff91a7f0000 - 0x00007ff91a833000 	C:\Xilinx\SDK\2016.4\lib\win64.o\librdi_hdf.dll
0x00007ff911d00000 - 0x00007ff911fc8000 	C:\Xilinx\SDK\2016.4\lib\win64.o\librdi_ippcw.dll
0x00007ff96a770000 - 0x00007ff96a788000 	C:\WINDOWS\SYSTEM32\NETAPI32.dll
0x00007ff963660000 - 0x00007ff96366b000 	C:\Xilinx\SDK\2016.4\lib\win64.o\libboost_chrono.dll
0x00007ff94fde0000 - 0x00007ff94fdf6000 	C:\Xilinx\SDK\2016.4\lib\win64.o\libboost_iostreams.dll
0x00007ff94c430000 - 0x00007ff94c453000 	C:\Xilinx\SDK\2016.4\lib\win64.o\libisl_iosutils.dll
0x00007ff96ab70000 - 0x00007ff96ae15000 	C:\WINDOWS\SYSTEM32\iertutil.dll
0x00007ff962a20000 - 0x00007ff962a62000 	C:\WINDOWS\SYSTEM32\edputil.dll
0x00007ff94e940000 - 0x00007ff94e956000 	C:\Xilinx\SDK\2016.4\eclipse\win64.o\plugins\org.eclipse.cdt.core.win32.x86_64_5.4.0.201509131935\os\win32\x86_64\spawner.dll
0x00007ff963170000 - 0x00007ff96317a000 	C:\Xilinx\SDK\2016.4\lib\win64.o\librdi_jtag_settings.dll
0x00007ff94a330000 - 0x00007ff94a359000 	C:\Xilinx\SDK\2016.4\lib\win64.o\librdi_debug_dialog.dll
0x00007ff962090000 - 0x00007ff962098000 	C:\Xilinx\SDK\2016.4\lib\win64.o\librdi_target_manager.dll
0x00007ff910170000 - 0x00007ff910980000 	C:\Xilinx\SDK\2016.4\lib\win64.o\libXil_lmgr11FNP.dll
0x00007ff973bf0000 - 0x00007ff974019000 	C:\WINDOWS\System32\SETUPAPI.dll
0x00007ff961440000 - 0x00007ff96144c000 	C:\WINDOWS\SYSTEM32\snmpapi.dll
0x00007ff96f320000 - 0x00007ff96f348000 	C:\WINDOWS\SYSTEM32\DEVOBJ.dll
0x00007ff970450000 - 0x00007ff97047c000 	C:\WINDOWS\SYSTEM32\SspiCli.dll

VM Arguments:
jvm_args: -Dcom.xilinx.sdk.args.hwspec=C:/Users/Utilizador/Desktop/Universidade/4_ano/2_semestre/CR/Projeto/ProjetoFinal/MP_ToDisplays/MP_ToDisplays.sdk/DebUART_wrapper.hdf -Xms64m -Xmx512m & 
java_command: <unknown>
java_class_path (initial): C:\Xilinx\SDK\2016.4\eclipse\win64.o\\plugins/org.eclipse.equinox.launcher_1.3.100.v20150511-1540.jar
Launcher Type: generic

Environment Variables:
JAVA_HOME=C:\Program Files\Java\jdk1.8.0_101
PATH=C:/Xilinx/SDK/2016.4/tps/win64/jre/bin/server;C:/Xilinx/SDK/2016.4/tps/win64/jre/bin;C:/Xilinx/SDK/2016.4/tps/win64/jre/lib/amd64;C:\Xilinx\SDK\2016.4\gnuwin\bin;C:\Xilinx\SDK\2016.4\gnu\microblaze\nt\bin;C:\Xilinx\SDK\2016.4\gnu\microblaze\linux_toolchain\nt64_le\bin;C:\Xilinx\SDK\2016.4\gnu\microblaze\linux_toolchain\nt64_be\bin;C:\Xilinx\SDK\2016.4\gnu\arm\nt\bin;C:\Xilinx\SDK\2016.4\gnu\aarch64\nt\aarch64-none\bin;C:\Xilinx\SDK\2016.4\gnu\aarch64\nt\aarch64-linux\bin;C:\Xilinx\SDK\2016.4\gnu\armr5\nt\gcc-arm-none-eabi\bin;C:\Xilinx\SDK\2016.4\gnu\aarch32\nt\gcc-arm-none-eabi\bin;C:\Xilinx\SDK\2016.4\gnu\aarch32\nt\gcc-arm-linux-gnueabi\bin;C:\Xilinx\SDK\2016.4\tps\win64\cmake-3.3.2\bin;;C:\Xilinx\SDK\2016.4\bin;C:\Xilinx\SDK\2016.4\lib\win64.o;C:\Xilinx\SDK\2016.4\tps\win64\jre\bin\server;C:\Xilinx\SDK\2016.4\tps\win64\jre\bin;C:\Xilinx\Vivado\2016.4\ids_lite\ISE\bin\nt64;C:\Xilinx\Vivado\2016.4\ids_lite\ISE\lib\nt64;C:\Xilinx\Vivado\2016.4\bin;C:\Xilinx\Vivado\2016.4\lib\win64.o;C:\Xilinx\Vivado\2016.4\tps\win64\jre\bin\server;C:\Xilinx\Vivado\2016.4\tps\win64\jre\bin;C:\Xilinx\Vivado_HLS\2016.4\bin;C:\WINDOWS\system32\Npcap;C:\Program Files\MATLAB\MATLAB Production Server\R2015a\runtime\win64;C:\Program Files\MATLAB\MATLAB Production Server\R2015a\bin;C:\Program Files\MATLAB\MATLAB Production Server\R2015a\polyspace\bin;C:\Program Files\PuTTY\;c:\Program Files\Intel\WiFi\bin\;c:\Program Files\Common Files\Intel\WirelessCommon\;C:\Users\Utilizador\AppData\Roaming\npm;C:\Users\Utilizador\AppData\Local\Microsoft\WindowsApps;C:\Python27;C:\Program Files\Java\jdk1.8.0_101\bin;C:\Program Files\NetBeans 8.2\java\maven\bin;C:\Users\Utilizador\Desktop\Universidade\4_ano\2_semestre\CR\Projeto\ProjetoFinal\MP_ToDisplays;
USERNAME=Utilizador
OS=Windows_NT
PROCESSOR_IDENTIFIER=Intel64 Family 6 Model 60 Stepping 3, GenuineIntel



---------------  S Y S T E M  ---------------

OS: Windows 10.0 , 64 bit Build 14393 (10.0.14393.1198)

CPU:total 8 (4 cores per cpu, 2 threads per core) family 6 model 60 stepping 3, cmov, cx8, fxsr, mmx, sse, sse2, sse3, ssse3, sse4.1, sse4.2, popcnt, avx, avx2, aes, clmul, erms, lzcnt, ht, tsc, tscinvbit, bmi1, bmi2

Memory: 4k page, physical 8319000k(1910636k free), swap 11325328k(1230452k free)

vm_info: Java HotSpot(TM) 64-Bit Server VM (25.66-b18) for windows-amd64 JRE (1.8.0_66-b18), built on Nov  9 2015 10:51:13 by "java_re" with MS VC++ 10.0 (VS2010)

time: Thu May 18 18:08:06 2017
elapsed time: 659 seconds (0d 0h 10m 59s)

