#
# A fatal error has been detected by the Java Runtime Environment:
#
#  Internal Error (0xc000000d), pid=1152, tid=11468
#
# JRE version: Java(TM) SE Runtime Environment (8.0_66-b18) (build 1.8.0_66-b18)
# Java VM: Java HotSpot(TM) 64-Bit Server VM (25.66-b18 mixed mode windows-amd64 compressed oops)
# Problematic frame:
# C  [ntdll.dll+0xff44c]
#
# Failed to write core dump. Minidumps are not enabled by default on client versions of Windows
#
# If you would like to submit a bug report, please visit:
#   http://bugreport.java.com/bugreport/crash.jsp
#

---------------  T H R E A D  ---------------

Current thread (0x0000000013d39800):  VMThread [stack: 0x0000000015a10000,0x0000000015b10000] [id=11468]

siginfo: ExceptionCode=0xc000000d

Registers:
RAX=0x0000000000000000, RBX=0xfffffffffffffffe, RCX=0x0000000000000000, RDX=0x0000000000000000
RSP=0x0000000015b0f470, RBP=0x00007ff964cb7408, RSI=0x0000000000000000, RDI=0x0000000000000e5c
R8 =0x0000000000000000, R9 =0x0000000000020000, R10=0x0000000015b0ef50, R11=0x0000000015b0ef50
R12=0x0000000000633440, R13=0x000000001e4f6d00, R14=0x0000000000633548, R15=0x0000000015b0f5e8
RIP=0x00007ff97447f44c, EFLAGS=0x0000000000000206

Top of Stack: (sp=0x0000000015b0f470)
0x0000000015b0f470:   0000000000000057 fffffffffffffffe
0x0000000015b0f480:   0000000000000000 0000000000000e5c
0x0000000015b0f490:   00000000c000000d 0000000000000000
0x0000000015b0f4a0:   00007ff97447f44c 0000000000000000
0x0000000015b0f4b0:   0000000000000000 0000000000000000
0x0000000015b0f4c0:   0000000000000000 0000000000000000
0x0000000015b0f4d0:   0000000000000000 0000000000000000
0x0000000015b0f4e0:   0000000000000000 0000000000000000
0x0000000015b0f4f0:   0000000000000000 0000000000000000
0x0000000015b0f500:   0000000000000000 0000000000000000
0x0000000015b0f510:   0000000000000000 0000000000000000
0x0000000015b0f520:   0000000000000000 0000000000000000
0x0000000015b0f530:   0000b6fb19de189c 0000000000000000
0x0000000015b0f540:   0000000900000020 00007ff97444150d
0x0000000015b0f550:   0000000900000000 0000000000000000
0x0000000015b0f560:   004e005200450001 00007ff9676b2635 

Instructions: (pc=0x00007ff97447f44c)
0x00007ff97447f42c:   d5 fa ff c7 44 24 20 0d 00 00 c0 b9 57 00 00 00
0x00007ff97447f43c:   e8 7f 13 f6 ff 90 48 8d 4c 24 20 e8 04 bf f4 ff
0x00007ff97447f44c:   eb 00 48 8b 8c 24 c0 00 00 00 48 33 cc e8 82 74
0x00007ff97447f45c:   f9 ff 48 81 c4 d8 00 00 00 c3 40 55 48 83 ec 20 


Register to memory mapping:

RAX=0x0000000000000000 is an unknown value
RBX=0xfffffffffffffffe is an unknown value
RCX=0x0000000000000000 is an unknown value
RDX=0x0000000000000000 is an unknown value
RSP=0x0000000015b0f470 is an unknown value
RBP=0x00007ff964cb7408 is an unknown value
RSI=0x0000000000000000 is an unknown value
RDI=0x0000000000000e5c is an unknown value
R8 =0x0000000000000000 is an unknown value
R9 =0x0000000000020000 is an unknown value
R10=0x0000000015b0ef50 is an unknown value
R11=0x0000000015b0ef50 is an unknown value
R12=0x0000000000633440 is an unknown value
R13=0x000000001e4f6d00 is an unknown value
R14=0x0000000000633548 is an unknown value
R15=0x0000000015b0f5e8 is an unknown value


Stack: [0x0000000015a10000,0x0000000015b10000],  sp=0x0000000015b0f470,  free space=1021k
Native frames: (J=compiled Java code, j=interpreted, Vv=VM code, C=native code)
C  [ntdll.dll+0xff44c]
C  [ntdll.dll+0xc150d]
C  [KERNEL32.DLL+0x1fafa]
C  [MSVCR110.dll+0x752d]
C  [MSVCR110.dll+0x73c6]
C  [MSVCR110.dll+0x14cca]
C  [MSVCR110.dll+0x13edc]
C  [MSVCR110.dll+0x239e]
C  [MSVCR110.dll+0xaf9e]
C  [MSVCP110.dll+0x397b9]
C  [librdi_common.dll+0x183a66]
C  [librdi_common.dll+0x1826fb]
C  [librdi_target_manager.dll+0x2400]
C  [librdi_target_manager.dll+0x2682]
C  [ntdll.dll+0x2a35f]
C  [ntdll.dll+0x806b]
C  [ntdll.dll+0x7d94]
C  [KERNEL32.DLL+0x1ce6a]
C  [MSVCR100.dll+0x20ccd]
V  [jvm.dll+0x210cc5]
V  [jvm.dll+0x249897]
V  [jvm.dll+0x248b36]
V  [jvm.dll+0x248fd1]
V  [jvm.dll+0x2491ee]
V  [jvm.dll+0x29a0fa]
C  [MSVCR100.dll+0x21d9f]
C  [MSVCR100.dll+0x21e3b]
C  [KERNEL32.DLL+0x8364]
C  [ntdll.dll+0x670d1]

VM_Operation (0x000000000014f4c0): Exit, mode: safepoint, requested by thread 0x000000000257e800


---------------  P R O C E S S  ---------------

Java Threads: ( => current thread )
  0x0000000022de5800 JavaThread "pool-2-thread-2" [_thread_blocked, id=15992, stack(0x000000002d940000,0x000000002da40000)]
  0x0000000022dea000 JavaThread "pool-2-thread-1" [_thread_blocked, id=8432, stack(0x000000002c440000,0x000000002c540000)]
  0x0000000022de5000 JavaThread "Thread-37" daemon [_thread_blocked, id=6688, stack(0x0000000029f40000,0x000000002a040000)]
  0x0000000017b49000 JavaThread "TCF Channel Transmitter" daemon [_thread_blocked, id=2176, stack(0x0000000028210000,0x0000000028310000)]
  0x0000000017b4a800 JavaThread "TCF Channel Receiver" daemon [_thread_in_native, id=13084, stack(0x0000000028110000,0x0000000028210000)]
  0x0000000018ff8000 JavaThread "Process monitor" daemon [_thread_in_native, id=18124, stack(0x00000000274e0000,0x00000000275e0000)]
  0x0000000018ff9800 JavaThread "Input Stream Monitor" daemon [_thread_blocked, id=1964, stack(0x00000000273e0000,0x00000000274e0000)]
  0x0000000018fed800 JavaThread "Output Stream Monitor" daemon [_thread_in_native, id=11952, stack(0x00000000272e0000,0x00000000273e0000)]
  0x0000000018ff4000 JavaThread "Output Stream Monitor" daemon [_thread_in_native, id=14392, stack(0x00000000271e0000,0x00000000272e0000)]
  0x0000000018ff2800 JavaThread "TCF Locator DNS Lookup" daemon [_thread_blocked, id=15928, stack(0x0000000024eb0000,0x0000000024fb0000)]
  0x0000000018feb000 JavaThread "TCF Locator Timer" daemon [_thread_blocked, id=10056, stack(0x0000000024db0000,0x0000000024eb0000)]
  0x0000000018fee000 JavaThread "TCF Locator Receiver" daemon [_thread_in_native, id=5884, stack(0x0000000024cb0000,0x0000000024db0000)]
  0x0000000018fec800 JavaThread "TCF Timer Dispatcher" daemon [_thread_blocked, id=4376, stack(0x0000000024ab0000,0x0000000024bb0000)]
  0x0000000017e76800 JavaThread "EMF Reference Cleaner" daemon [_thread_blocked, id=10284, stack(0x000000001a2e0000,0x000000001a3e0000)]
  0x0000000015edb800 JavaThread "Service Thread" daemon [_thread_blocked, id=16060, stack(0x0000000016810000,0x0000000016910000)]
  0x0000000015e4b000 JavaThread "C1 CompilerThread3" daemon [_thread_blocked, id=17548, stack(0x0000000016710000,0x0000000016810000)]
  0x0000000015e40000 JavaThread "C2 CompilerThread2" daemon [_thread_blocked, id=15384, stack(0x0000000016610000,0x0000000016710000)]
  0x0000000015e39000 JavaThread "C2 CompilerThread1" daemon [_thread_blocked, id=8608, stack(0x0000000016510000,0x0000000016610000)]
  0x0000000015e37000 JavaThread "C2 CompilerThread0" daemon [_thread_blocked, id=9044, stack(0x0000000016410000,0x0000000016510000)]
  0x0000000015e45800 JavaThread "Attach Listener" daemon [_thread_blocked, id=8736, stack(0x0000000016310000,0x0000000016410000)]
  0x0000000015e44000 JavaThread "Signal Dispatcher" daemon [_thread_blocked, id=2052, stack(0x0000000016210000,0x0000000016310000)]
  0x00000000024e9800 JavaThread "Finalizer" daemon [_thread_blocked, id=6300, stack(0x0000000015c10000,0x0000000015d10000)]
  0x0000000013d3d800 JavaThread "Reference Handler" daemon [_thread_blocked, id=2384, stack(0x0000000015b10000,0x0000000015c10000)]
  0x000000000257e800 JavaThread "main" [_thread_blocked, id=13484, stack(0x0000000000050000,0x0000000000150000)]

Other Threads:
=>0x0000000013d39800 VMThread [stack: 0x0000000015a10000,0x0000000015b10000] [id=11468]

VM state:at safepoint (shutting down)

VM Mutex/Monitor currently owned by a thread:  ([mutex/lock_event])
[0x000000000257d760] Threads_lock - owner thread: 0x0000000013d39800

Heap:
 PSYoungGen      total 106496K, used 36050K [0x00000000f5580000, 0x00000000fd680000, 0x0000000100000000)
  eden space 83968K, 42% used [0x00000000f5580000,0x00000000f78b4950,0x00000000fa780000)
  from space 22528K, 0% used [0x00000000fc080000,0x00000000fc080000,0x00000000fd680000)
  to   space 24064K, 0% used [0x00000000fa780000,0x00000000fa780000,0x00000000fbf00000)
 ParOldGen       total 113152K, used 45608K [0x00000000e0000000, 0x00000000e6e80000, 0x00000000f5580000)
  object space 113152K, 40% used [0x00000000e0000000,0x00000000e2c8a048,0x00000000e6e80000)
 Metaspace       used 84047K, capacity 91096K, committed 91540K, reserved 1128448K
  class space    used 10033K, capacity 12290K, committed 12436K, reserved 1048576K

Card table byte_map: [0x0000000011940000,0x0000000011a50000] byte_map_base: 0x0000000011240000

Marking Bits: (ParMarkBitMap*) 0x0000000058e3a5b0
 Begin Bits: [0x0000000012250000, 0x0000000012a50000)
 End Bits:   [0x0000000012a50000, 0x0000000013250000)

Polling page: 0x0000000000570000

CodeCache: size=245760Kb used=33323Kb max_used=33971Kb free=212436Kb
 bounds [0x0000000002580000, 0x0000000004700000, 0x0000000011580000]
 total_blobs=10070 nmethods=9181 adapters=795
 compilation: enabled

Compilation events (10 events):
Event: 890.925 Thread 0x0000000015e4b000 nmethod 11415 0x000000000446e550 code [0x000000000446e6e0, 0x000000000446ed28]
Event: 890.925 Thread 0x0000000015e4b000 11408       3       org.eclipse.osgi.container.ModuleWiring::invalidate0 (52 bytes)
Event: 890.925 Thread 0x0000000015e4b000 nmethod 11408 0x00000000043ce250 code [0x00000000043ce400, 0x00000000043ceda8]
Event: 890.925 Thread 0x0000000015e4b000 11409       3       org.eclipse.osgi.internal.container.AtomicLazyInitializer::getAndClear (9 bytes)
Event: 890.925 Thread 0x0000000015e4b000 nmethod 11409 0x00000000043ff490 code [0x00000000043ff600, 0x00000000043ff850]
Event: 890.925 Thread 0x0000000015e4b000 11410       3       java.util.concurrent.atomic.AtomicReference::getAndSet (12 bytes)
Event: 890.925 Thread 0x0000000015e4b000 nmethod 11410 0x0000000002c1a1d0 code [0x0000000002c1a320, 0x0000000002c1a490]
Event: 890.925 Thread 0x0000000015e4b000 11411       3       sun.misc.Unsafe::getAndSetObject (24 bytes)
Event: 890.926 Thread 0x0000000015e4b000 nmethod 11411 0x000000000416ac50 code [0x000000000416adc0, 0x000000000416afd0]
Event: 890.926 Thread 0x0000000015e4b000 11412       3       org.eclipse.osgi.internal.framework.EquinoxContainerAdaptor::invalidateWiring (186 bytes)

GC Heap History (10 events):
Event: 747.439 GC heap before
{Heap before GC invocations=38 (full 14):
 PSYoungGen      total 109056K, used 320K [0x00000000f5580000, 0x00000000fdb80000, 0x0000000100000000)
  eden space 83968K, 0% used [0x00000000f5580000,0x00000000f5580000,0x00000000fa780000)
  from space 25088K, 1% used [0x00000000fc300000,0x00000000fc350000,0x00000000fdb80000)
  to   space 26624K, 0% used [0x00000000fa780000,0x00000000fa780000,0x00000000fc180000)
 ParOldGen       total 113152K, used 45223K [0x00000000e0000000, 0x00000000e6e80000, 0x00000000f5580000)
  object space 113152K, 39% used [0x00000000e0000000,0x00000000e2c29f78,0x00000000e6e80000)
 Metaspace       used 82927K, capacity 89934K, committed 90388K, reserved 1128448K
  class space    used 9919K, capacity 12161K, committed 12308K, reserved 1048576K
Event: 747.613 GC heap after
Heap after GC invocations=38 (full 14):
 PSYoungGen      total 109056K, used 0K [0x00000000f5580000, 0x00000000fdb80000, 0x0000000100000000)
  eden space 83968K, 0% used [0x00000000f5580000,0x00000000f5580000,0x00000000fa780000)
  from space 25088K, 0% used [0x00000000fc300000,0x00000000fc300000,0x00000000fdb80000)
  to   space 26624K, 0% used [0x00000000fa780000,0x00000000fa780000,0x00000000fc180000)
 ParOldGen       total 113152K, used 45046K [0x00000000e0000000, 0x00000000e6e80000, 0x00000000f5580000)
  object space 113152K, 39% used [0x00000000e0000000,0x00000000e2bfd998,0x00000000e6e80000)
 Metaspace       used 82927K, capacity 89934K, committed 90388K, reserved 1128448K
  class space    used 9919K, capacity 12161K, committed 12308K, reserved 1048576K
}
Event: 807.447 GC heap before
{Heap before GC invocations=39 (full 14):
 PSYoungGen      total 109056K, used 5647K [0x00000000f5580000, 0x00000000fdb80000, 0x0000000100000000)
  eden space 83968K, 6% used [0x00000000f5580000,0x00000000f5b03ff8,0x00000000fa780000)
  from space 25088K, 0% used [0x00000000fc300000,0x00000000fc300000,0x00000000fdb80000)
  to   space 26624K, 0% used [0x00000000fa780000,0x00000000fa780000,0x00000000fc180000)
 ParOldGen       total 113152K, used 45046K [0x00000000e0000000, 0x00000000e6e80000, 0x00000000f5580000)
  object space 113152K, 39% used [0x00000000e0000000,0x00000000e2bfd998,0x00000000e6e80000)
 Metaspace       used 82943K, capacity 89998K, committed 90388K, reserved 1128448K
  class space    used 9919K, capacity 12161K, committed 12308K, reserved 1048576K
Event: 807.450 GC heap after
Heap after GC invocations=39 (full 14):
 PSYoungGen      total 84992K, used 576K [0x00000000f5580000, 0x00000000fd980000, 0x0000000100000000)
  eden space 83968K, 0% used [0x00000000f5580000,0x00000000f5580000,0x00000000fa780000)
  from space 1024K, 56% used [0x00000000fa780000,0x00000000fa810000,0x00000000fa880000)
  to   space 25600K, 0% used [0x00000000fc080000,0x00000000fc080000,0x00000000fd980000)
 ParOldGen       total 113152K, used 45046K [0x00000000e0000000, 0x00000000e6e80000, 0x00000000f5580000)
  object space 113152K, 39% used [0x00000000e0000000,0x00000000e2bfd998,0x00000000e6e80000)
 Metaspace       used 82943K, capacity 89998K, committed 90388K, reserved 1128448K
  class space    used 9919K, capacity 12161K, committed 12308K, reserved 1048576K
}
Event: 807.450 GC heap before
{Heap before GC invocations=40 (full 15):
 PSYoungGen      total 84992K, used 576K [0x00000000f5580000, 0x00000000fd980000, 0x0000000100000000)
  eden space 83968K, 0% used [0x00000000f5580000,0x00000000f5580000,0x00000000fa780000)
  from space 1024K, 56% used [0x00000000fa780000,0x00000000fa810000,0x00000000fa880000)
  to   space 25600K, 0% used [0x00000000fc080000,0x00000000fc080000,0x00000000fd980000)
 ParOldGen       total 113152K, used 45046K [0x00000000e0000000, 0x00000000e6e80000, 0x00000000f5580000)
  object space 113152K, 39% used [0x00000000e0000000,0x00000000e2bfd998,0x00000000e6e80000)
 Metaspace       used 82943K, capacity 89998K, committed 90388K, reserved 1128448K
  class space    used 9919K, capacity 12161K, committed 12308K, reserved 1048576K
Event: 807.728 GC heap after
Heap after GC invocations=40 (full 15):
 PSYoungGen      total 84992K, used 0K [0x00000000f5580000, 0x00000000fd980000, 0x0000000100000000)
  eden space 83968K, 0% used [0x00000000f5580000,0x00000000f5580000,0x00000000fa780000)
  from space 1024K, 0% used [0x00000000fa780000,0x00000000fa780000,0x00000000fa880000)
  to   space 25600K, 0% used [0x00000000fc080000,0x00000000fc080000,0x00000000fd980000)
 ParOldGen       total 113152K, used 45251K [0x00000000e0000000, 0x00000000e6e80000, 0x00000000f5580000)
  object space 113152K, 39% used [0x00000000e0000000,0x00000000e2c30fd8,0x00000000e6e80000)
 Metaspace       used 82939K, capacity 89992K, committed 90388K, reserved 1128448K
  class space    used 9919K, capacity 12160K, committed 12308K, reserved 1048576K
}
Event: 867.447 GC heap before
{Heap before GC invocations=41 (full 15):
 PSYoungGen      total 84992K, used 9123K [0x00000000f5580000, 0x00000000fd980000, 0x0000000100000000)
  eden space 83968K, 10% used [0x00000000f5580000,0x00000000f5e68e68,0x00000000fa780000)
  from space 1024K, 0% used [0x00000000fa780000,0x00000000fa780000,0x00000000fa880000)
  to   space 25600K, 0% used [0x00000000fc080000,0x00000000fc080000,0x00000000fd980000)
 ParOldGen       total 113152K, used 45251K [0x00000000e0000000, 0x00000000e6e80000, 0x00000000f5580000)
  object space 113152K, 39% used [0x00000000e0000000,0x00000000e2c30fd8,0x00000000e6e80000)
 Metaspace       used 82972K, capacity 89998K, committed 90388K, reserved 1128448K
  class space    used 9919K, capacity 12161K, committed 12308K, reserved 1048576K
Event: 867.450 GC heap after
Heap after GC invocations=41 (full 15):
 PSYoungGen      total 106496K, used 830K [0x00000000f5580000, 0x00000000fd680000, 0x0000000100000000)
  eden space 83968K, 0% used [0x00000000f5580000,0x00000000f5580000,0x00000000fa780000)
  from space 22528K, 3% used [0x00000000fc080000,0x00000000fc14fb10,0x00000000fd680000)
  to   space 24064K, 0% used [0x00000000fa780000,0x00000000fa780000,0x00000000fbf00000)
 ParOldGen       total 113152K, used 45251K [0x00000000e0000000, 0x00000000e6e80000, 0x00000000f5580000)
  object space 113152K, 39% used [0x00000000e0000000,0x00000000e2c30fd8,0x00000000e6e80000)
 Metaspace       used 82972K, capacity 89998K, committed 90388K, reserved 1128448K
  class space    used 9919K, capacity 12161K, committed 12308K, reserved 1048576K
}
Event: 867.450 GC heap before
{Heap before GC invocations=42 (full 16):
 PSYoungGen      total 106496K, used 830K [0x00000000f5580000, 0x00000000fd680000, 0x0000000100000000)
  eden space 83968K, 0% used [0x00000000f5580000,0x00000000f5580000,0x00000000fa780000)
  from space 22528K, 3% used [0x00000000fc080000,0x00000000fc14fb10,0x00000000fd680000)
  to   space 24064K, 0% used [0x00000000fa780000,0x00000000fa780000,0x00000000fbf00000)
 ParOldGen       total 113152K, used 45251K [0x00000000e0000000, 0x00000000e6e80000, 0x00000000f5580000)
  object space 113152K, 39% used [0x00000000e0000000,0x00000000e2c30fd8,0x00000000e6e80000)
 Metaspace       used 82972K, capacity 89998K, committed 90388K, reserved 1128448K
  class space    used 9919K, capacity 12161K, committed 12308K, reserved 1048576K
Event: 867.664 GC heap after
Heap after GC invocations=42 (full 16):
 PSYoungGen      total 106496K, used 0K [0x00000000f5580000, 0x00000000fd680000, 0x0000000100000000)
  eden space 83968K, 0% used [0x00000000f5580000,0x00000000f5580000,0x00000000fa780000)
  from space 22528K, 0% used [0x00000000fc080000,0x00000000fc080000,0x00000000fd680000)
  to   space 24064K, 0% used [0x00000000fa780000,0x00000000fa780000,0x00000000fbf00000)
 ParOldGen       total 113152K, used 45608K [0x00000000e0000000, 0x00000000e6e80000, 0x00000000f5580000)
  object space 113152K, 40% used [0x00000000e0000000,0x00000000e2c8a048,0x00000000e6e80000)
 Metaspace       used 82972K, capacity 89998K, committed 90388K, reserved 1128448K
  class space    used 9919K, capacity 12161K, committed 12308K, reserved 1048576K
}

Deoptimization events (10 events):
Event: 890.167 Thread 0x000000000257e800 Uncommon trap: reason=unstable_if action=reinterpret pc=0x0000000002bd3b5c method=java.lang.ref.SoftReference.get()Ljava/lang/Object; @ 6
Event: 890.209 Thread 0x0000000022dee000 Uncommon trap: reason=class_check action=maybe_recompile pc=0x0000000004616030 method=org.eclipse.e4.core.internal.contexts.TrackableComputationExt.update(Lorg/eclipse/e4/core/internal/contexts/ContextChangeEvent;)Z @ 62
Event: 890.209 Thread 0x0000000022dee000 Uncommon trap: reason=class_check action=maybe_recompile pc=0x0000000004616030 method=org.eclipse.e4.core.internal.contexts.TrackableComputationExt.update(Lorg/eclipse/e4/core/internal/contexts/ContextChangeEvent;)Z @ 62
Event: 890.280 Thread 0x0000000022de7000 Uncommon trap: reason=unstable_if action=reinterpret pc=0x00000000027004a4 method=sun.nio.cs.SingleByte$Encoder.encode(C)I @ 13
Event: 890.296 Thread 0x0000000022dee000 Uncommon trap: reason=unstable_if action=reinterpret pc=0x000000000307f2a4 method=org.eclipse.swt.graphics.Resource.dispose()V @ 15
Event: 890.852 Thread 0x0000000022dee000 Uncommon trap: reason=unstable_if action=reinterpret pc=0x00000000032899b0 method=org.eclipse.osgi.internal.hooks.EclipseLazyStarter.shouldActivateFor(Ljava/lang/String;Lorg/eclipse/osgi/container/Module;Lorg/eclipse/osgi/container/ModuleRevision;Lorg/eclip¿¥©%×‹@
Event: 890.893 Thread 0x0000000017b48800 Uncommon trap: reason=unstable_if action=reinterpret pc=0x0000000004251ae4 method=org.eclipse.core.internal.jobs.JobManager.nextJob()Lorg/eclipse/core/runtime/jobs/Job; @ 80
Event: 890.894 Thread 0x0000000018ff0800 Uncommon trap: reason=unstable_if action=reinterpret pc=0x000000000424c33c method=org.eclipse.core.internal.jobs.JobManager.nextJob()Lorg/eclipse/core/runtime/jobs/Job; @ 80
Event: 890.894 Thread 0x0000000018ff3800 Uncommon trap: reason=unstable_if action=reinterpret pc=0x000000000424c33c method=org.eclipse.core.internal.jobs.JobManager.nextJob()Lorg/eclipse/core/runtime/jobs/Job; @ 80
Event: 890.913 Thread 0x0000000022dee000 Uncommon trap: reason=unstable_if action=reinterpret pc=0x0000000004093a24 method=sun.reflect.UnsafeStaticObjectFieldAccessorImpl.set(Ljava/lang/Object;Ljava/lang/Object;)V @ 13

Internal exceptions (10 events):
Event: 890.140 Thread 0x000000000257e800 Exception <a 'java/io/FileNotFoundException'> (0x00000000f6d16ef0) thrown at [C:\re\workspace\8-2-build-windows-amd64-cygwin\jdk8u66\5298\hotspot\src\share\vm\prims\jni.cpp, line 709]
Event: 890.140 Thread 0x000000000257e800 Exception <a 'java/io/FileNotFoundException'> (0x00000000f6d19258) thrown at [C:\re\workspace\8-2-build-windows-amd64-cygwin\jdk8u66\5298\hotspot\src\share\vm\prims\jni.cpp, line 709]
Event: 890.140 Thread 0x000000000257e800 Exception <a 'java/io/FileNotFoundException'> (0x00000000f6d1b700) thrown at [C:\re\workspace\8-2-build-windows-amd64-cygwin\jdk8u66\5298\hotspot\src\share\vm\prims\jni.cpp, line 709]
Event: 890.167 Thread 0x000000000257e800 Implicit null exception at 0x0000000002bd0fbd to 0x0000000002bd3b11
Event: 890.266 Thread 0x0000000022ddf800 Exception <a 'java/lang/InterruptedException'> (0x00000000f7250fd8) thrown at [C:\re\workspace\8-2-build-windows-amd64-cygwin\jdk8u66\5298\hotspot\src\share\vm\runtime\objectMonitor.cpp, line 1683]
Event: 890.893 Thread 0x0000000018ff2000 Exception <a 'java/lang/InterruptedException'> (0x00000000f6e70de0) thrown at [C:\re\workspace\8-2-build-windows-amd64-cygwin\jdk8u66\5298\hotspot\src\share\vm\runtime\objectMonitor.cpp, line 1683]
Event: 890.913 Thread 0x0000000022dee000 Implicit null exception at 0x0000000004093617 to 0x0000000004093a11
Event: 890.914 Thread 0x000000001785c800 Exception <a 'java/lang/InterruptedException'> (0x00000000f764e858) thrown at [C:\re\workspace\8-2-build-windows-amd64-cygwin\jdk8u66\5298\hotspot\src\share\vm\runtime\objectMonitor.cpp, line 1683]
Event: 890.923 Thread 0x0000000017b4a000 Exception <a 'java/lang/InterruptedException'> (0x00000000f6151e48) thrown at [C:\re\workspace\8-2-build-windows-amd64-cygwin\jdk8u66\5298\hotspot\src\share\vm\runtime\objectMonitor.cpp, line 1683]
Event: 890.923 Thread 0x000000001818e800 Exception <a 'java/lang/InterruptedException'> (0x00000000f783e410) thrown at [C:\re\workspace\8-2-build-windows-amd64-cygwin\jdk8u66\5298\hotspot\src\share\vm\runtime\objectMonitor.cpp, line 1683]

Events (10 events):
Event: 890.924 Executing VM operation: RevokeBias
Event: 890.924 Executing VM operation: RevokeBias done
Event: 890.925 Thread 0x0000000022dee000 Thread exited: 0x0000000022dee000
Event: 890.925 loading class java/util/IdentityHashMap$KeyIterator
Event: 890.926 loading class java/util/IdentityHashMap$IdentityHashMapIterator
Event: 890.926 loading class java/util/IdentityHashMap$IdentityHashMapIterator done
Event: 890.926 loading class java/util/IdentityHashMap$KeyIterator done
Event: 890.926 Thread 0x0000000022de4000 Thread added: 0x0000000022de4000
Event: 890.926 Thread 0x0000000022de4000 Thread exited: 0x0000000022de4000
Event: 890.927 Executing VM operation: Exit


Dynamic libraries:
0x0000000000400000 - 0x000000000044f000 	C:\Xilinx\SDK\2016.4\eclipse\win64.o\eclipse.exe
0x00007ff974380000 - 0x00007ff974551000 	C:\WINDOWS\SYSTEM32\ntdll.dll
0x00007ff973360000 - 0x00007ff97340c000 	C:\WINDOWS\System32\KERNEL32.DLL
0x00007ff9676b0000 - 0x00007ff967704000 	C:\Program Files (x86)\AVG\Av\avghooka.dll
0x00007ff970ef0000 - 0x00007ff97110d000 	C:\WINDOWS\System32\KERNELBASE.dll
0x00007ff96ed80000 - 0x00007ff96edfa000 	C:\WINDOWS\system32\apphelp.dll
0x00007ff973700000 - 0x00007ff973865000 	C:\WINDOWS\System32\USER32.dll
0x00007ff970c70000 - 0x00007ff970c8e000 	C:\WINDOWS\System32\win32u.dll
0x00007ff9738e0000 - 0x00007ff973914000 	C:\WINDOWS\System32\GDI32.dll
0x00007ff970870000 - 0x00007ff9709f2000 	C:\WINDOWS\System32\gdi32full.dll
0x00007ff9742d0000 - 0x00007ff97436e000 	C:\WINDOWS\System32\msvcrt.dll
0x00007ff963b10000 - 0x00007ff963d8a000 	C:\WINDOWS\WinSxS\amd64_microsoft.windows.common-controls_6595b64144ccf1df_6.0.14393.953_none_42151e83c686086b\COMCTL32.dll
0x00007ff973920000 - 0x00007ff973be8000 	C:\WINDOWS\System32\combase.dll
0x00007ff970d40000 - 0x00007ff970e35000 	C:\WINDOWS\System32\ucrtbase.dll
0x00007ff973130000 - 0x00007ff973251000 	C:\WINDOWS\System32\RPCRT4.dll
0x00007ff971160000 - 0x00007ff9711ca000 	C:\WINDOWS\System32\bcryptPrimitives.dll
0x00007ff973260000 - 0x00007ff97328e000 	C:\WINDOWS\System32\IMM32.DLL
0x0000000072000000 - 0x0000000072012000 	C:\Xilinx\SDK\2016.4\eclipse\win64.o\plugins\org.eclipse.equinox.launcher.win32.win32.x86_64_1.1.300.v20150602-1417\eclipse_1611.dll
0x00007ff973410000 - 0x00007ff9734b2000 	C:\WINDOWS\System32\ADVAPI32.dll
0x00007ff971910000 - 0x00007ff971969000 	C:\WINDOWS\System32\sechost.dll
0x00007ff962ad0000 - 0x00007ff962ada000 	C:\WINDOWS\SYSTEM32\VERSION.dll
0x00007ff96efc0000 - 0x00007ff96f055000 	C:\WINDOWS\system32\uxtheme.dll
0x00007ff974020000 - 0x00007ff97417a000 	C:\WINDOWS\System32\MSCTF.dll
0x00007ff973290000 - 0x00007ff97334f000 	C:\WINDOWS\System32\OLEAUT32.dll
0x00007ff970bd0000 - 0x00007ff970c6c000 	C:\WINDOWS\System32\msvcp_win.dll
0x0000000058630000 - 0x0000000058eb9000 	C:\Xilinx\SDK\2016.4\tps\win64\jre\bin\server\jvm.dll
0x00007ff973350000 - 0x00007ff973358000 	C:\WINDOWS\System32\PSAPI.DLL
0x00007ff96c260000 - 0x00007ff96c269000 	C:\WINDOWS\SYSTEM32\WSOCK32.dll
0x00007ff973870000 - 0x00007ff9738da000 	C:\WINDOWS\System32\WS2_32.dll
0x00007ff96eac0000 - 0x00007ff96eae3000 	C:\WINDOWS\SYSTEM32\WINMM.dll
0x000000005afc0000 - 0x000000005b092000 	C:\WINDOWS\SYSTEM32\MSVCR100.dll
0x00007ff96e920000 - 0x00007ff96e94b000 	C:\WINDOWS\SYSTEM32\WINMMBASE.dll
0x00007ff971110000 - 0x00007ff971152000 	C:\WINDOWS\System32\cfgmgr32.dll
0x0000000059b20000 - 0x0000000059b2f000 	C:\Xilinx\SDK\2016.4\tps\win64\jre\bin\verify.dll
0x0000000059af0000 - 0x0000000059b19000 	C:\Xilinx\SDK\2016.4\tps\win64\jre\bin\java.dll
0x0000000059ad0000 - 0x0000000059ae6000 	C:\Xilinx\SDK\2016.4\tps\win64\jre\bin\zip.dll
0x00007ff971c20000 - 0x00007ff973128000 	C:\WINDOWS\System32\SHELL32.dll
0x00007ff971230000 - 0x00007ff97190a000 	C:\WINDOWS\System32\windows.storage.dll
0x00007ff970820000 - 0x00007ff97086c000 	C:\WINDOWS\System32\powrprof.dll
0x00007ff9741f0000 - 0x00007ff974242000 	C:\WINDOWS\System32\shlwapi.dll
0x00007ff970810000 - 0x00007ff97081f000 	C:\WINDOWS\System32\kernel.appcore.dll
0x00007ff970c90000 - 0x00007ff970d39000 	C:\WINDOWS\System32\shcore.dll
0x00007ff9707f0000 - 0x00007ff970804000 	C:\WINDOWS\System32\profapi.dll
0x00007ff970260000 - 0x00007ff970277000 	C:\WINDOWS\SYSTEM32\CRYPTSP.dll
0x00007ff96fcb0000 - 0x00007ff96fce3000 	C:\WINDOWS\system32\rsaenh.dll
0x00007ff970720000 - 0x00007ff97074b000 	C:\WINDOWS\SYSTEM32\bcrypt.dll
0x00007ff96ff30000 - 0x00007ff96ff4f000 	C:\WINDOWS\SYSTEM32\USERENV.dll
0x00007ff970250000 - 0x00007ff97025b000 	C:\WINDOWS\SYSTEM32\CRYPTBASE.dll
0x0000000059ab0000 - 0x0000000059aca000 	C:\Xilinx\SDK\2016.4\tps\win64\jre\bin\net.dll
0x00007ff9700b0000 - 0x00007ff97010c000 	C:\WINDOWS\system32\mswsock.dll
0x00007ff96fe30000 - 0x00007ff96fe68000 	C:\WINDOWS\SYSTEM32\IPHLPAPI.DLL
0x00007ff974370000 - 0x00007ff974378000 	C:\WINDOWS\System32\NSI.dll
0x00007ff96cc10000 - 0x00007ff96cc26000 	C:\WINDOWS\SYSTEM32\dhcpcsvc6.DLL
0x00007ff96cb40000 - 0x00007ff96cb5a000 	C:\WINDOWS\SYSTEM32\dhcpcsvc.DLL
0x0000000059a90000 - 0x0000000059aa1000 	C:\Xilinx\SDK\2016.4\tps\win64\jre\bin\nio.dll
0x00007ff95e4a0000 - 0x00007ff95e4b6000 	C:\WINDOWS\system32\napinsp.dll
0x00007ff95e470000 - 0x00007ff95e48a000 	C:\WINDOWS\system32\pnrpnsp.dll
0x00007ff96be20000 - 0x00007ff96be38000 	C:\WINDOWS\system32\NLAapi.dll
0x00007ff96fe70000 - 0x00007ff96ff11000 	C:\WINDOWS\SYSTEM32\DNSAPI.dll
0x00007ff962ee0000 - 0x00007ff962eee000 	C:\WINDOWS\System32\winrnr.dll
0x000000005b0d0000 - 0x000000005b0f6000 	C:\Program Files\Bonjour\mdnsNSP.dll
0x00007ff96b090000 - 0x00007ff96b09a000 	C:\Windows\System32\rasadhlp.dll
0x00007ff96b450000 - 0x00007ff96b4ba000 	C:\WINDOWS\System32\fwpuclnt.dll
0x0000000018430000 - 0x00000000184d8000 	C:\Users\Utilizador\.Xilinx\SDK\2016.4\org.eclipse.osgi\319\0\.cp\swt-win32-4527.dll
0x00007ff971a70000 - 0x00007ff971ba8000 	C:\WINDOWS\System32\ole32.dll
0x00007ff971970000 - 0x00007ff971a6a000 	C:\WINDOWS\System32\comdlg32.dll
0x00007ff970a00000 - 0x00007ff970bc9000 	C:\WINDOWS\System32\CRYPT32.dll
0x00007ff9707e0000 - 0x00007ff9707f0000 	C:\WINDOWS\System32\MSASN1.dll
0x00007ff96bc30000 - 0x00007ff96bcb6000 	C:\WINDOWS\SYSTEM32\WINSPOOL.DRV
0x00007ff956e60000 - 0x00007ff956e79000 	C:\WINDOWS\SYSTEM32\USP10.dll
0x00007ff96ce90000 - 0x00007ff96d15a000 	C:\WINDOWS\SYSTEM32\WININET.dll
0x00007ff96dd30000 - 0x00007ff96dd56000 	C:\WINDOWS\system32\dwmapi.dll
0x00007ff96daa0000 - 0x00007ff96dc25000 	C:\WINDOWS\SYSTEM32\propsys.dll
0x00007ff973660000 - 0x00007ff9736ff000 	C:\WINDOWS\System32\clbcatq.dll
0x0000000018590000 - 0x00000000185ae000 	C:\Users\Utilizador\.Xilinx\SDK\2016.4\org.eclipse.osgi\319\0\.cp\swt-gdip-win32-4527.dll
0x00007ff965510000 - 0x00007ff9656aa000 	C:\WINDOWS\WinSxS\amd64_microsoft.windows.gdiplus_6595b64144ccf1df_1.1.14393.953_none_7300116921188239\gdiplus.dll
0x00007ff96c910000 - 0x00007ff96cab8000 	C:\WINDOWS\SYSTEM32\WindowsCodecs.dll
0x0000000180000000 - 0x0000000180012000 	C:\Users\Utilizador\.Xilinx\SDK\2016.4\org.eclipse.osgi\133\0\.cp\os\win32\x86_64\localfile_1_0_0.dll
0x00007ff95f420000 - 0x00007ff95f485000 	C:\WINDOWS\SYSTEM32\oleacc.dll
0x00007ff96a9c0000 - 0x00007ff96a9c7000 	C:\WINDOWS\SYSTEM32\msimg32.dll
0x00007ff95cb20000 - 0x00007ff95cb31000 	C:\Users\Utilizador\.Xilinx\SDK\2016.4\org.eclipse.osgi\136\0\.cp\jWinHttp-1.0.0.dll
0x00007ff96dc60000 - 0x00007ff96dd2d000 	C:\WINDOWS\SYSTEM32\WINHTTP.dll
0x00007ff965320000 - 0x00007ff96532f000 	C:\Xilinx\SDK\2016.4\lib\win64.o\librdi_repo_manager.dll
0x00007ff950b70000 - 0x00007ff950b9a000 	C:\Xilinx\SDK\2016.4\lib\win64.o\libisl_sysinfo.dll
0x00007ff90f9a0000 - 0x00007ff91044a000 	C:\Xilinx\SDK\2016.4\lib\win64.o\librdi_common.dll
0x00007ff94fdf0000 - 0x00007ff94fe43000 	C:\Xilinx\SDK\2016.4\lib\win64.o\librdi_commonxillic.dll
0x00007ff910a30000 - 0x00007ff910c28000 	C:\Xilinx\SDK\2016.4\lib\win64.o\librdi_hsm.dll
0x00007ff964c00000 - 0x00007ff964ca7000 	C:\WINDOWS\SYSTEM32\MSVCP110.dll
0x00007ff964cb0000 - 0x00007ff964d84000 	C:\WINDOWS\SYSTEM32\MSVCR110.dll
0x00007ff9106c0000 - 0x00007ff910a2e000 	C:\Xilinx\SDK\2016.4\lib\win64.o\libCOIN-all.dll
0x00007ff90f780000 - 0x00007ff90f99f000 	C:\Xilinx\SDK\2016.4\lib\win64.o\libXil_lmgr11.dll
0x00007ff9711d0000 - 0x00007ff971225000 	C:\WINDOWS\System32\WINTRUST.dll
0x00007ff964d90000 - 0x00007ff964da0000 	C:\Xilinx\SDK\2016.4\lib\win64.o\libboost_date_time.dll
0x00007ff94f7c0000 - 0x00007ff94f7e4000 	C:\Xilinx\SDK\2016.4\lib\win64.o\libboost_filesystem.dll
0x00007ff91fc40000 - 0x00007ff91fcb7000 	C:\Xilinx\SDK\2016.4\lib\win64.o\libboost_program_options.dll
0x00007ff91a170000 - 0x00007ff91a276000 	C:\Xilinx\SDK\2016.4\lib\win64.o\libboost_regex.dll
0x00007ff955520000 - 0x00007ff955533000 	C:\Xilinx\SDK\2016.4\lib\win64.o\libboost_signals.dll
0x00007ff963db0000 - 0x00007ff963db9000 	C:\Xilinx\SDK\2016.4\lib\win64.o\libboost_system.dll
0x00007ff9523d0000 - 0x00007ff9523ed000 	C:\Xilinx\SDK\2016.4\lib\win64.o\libboost_thread.dll
0x00007ff9636b0000 - 0x00007ff9636bb000 	C:\Xilinx\SDK\2016.4\lib\win64.o\libboost_xilinx.dll
0x00007ff91fbc0000 - 0x00007ff91fc40000 	C:\Xilinx\SDK\2016.4\lib\win64.o\libhdlpsolve.dll
0x00007ff91f990000 - 0x00007ff91fa2a000 	C:\Xilinx\SDK\2016.4\lib\win64.o\libhdxml.dll
0x00007ff90f0f0000 - 0x00007ff90f4b9000 	C:\Xilinx\SDK\2016.4\lib\win64.o\libisl_iostreams.dll
0x00007ff9522e0000 - 0x00007ff9522f5000 	C:\Xilinx\SDK\2016.4\lib\win64.o\pthreadVC2.dll
0x00007ff90f650000 - 0x00007ff90f780000 	C:\Xilinx\SDK\2016.4\lib\win64.o\librdi_curl.dll
0x00007ff951a60000 - 0x00007ff951a78000 	C:\Xilinx\SDK\2016.4\lib\win64.o\librdiconfig.dll
0x00007ff94db40000 - 0x00007ff94db5f000 	C:\Xilinx\SDK\2016.4\lib\win64.o\librdizlib.dll
0x0000000059b30000 - 0x0000000059c57000 	C:\Xilinx\SDK\2016.4\lib\win64.o\tcl85t.dll
0x0000000026e70000 - 0x00000000270d3000 	C:\Xilinx\SDK\2016.4\lib\win64.o\xerces-c_3_1.dll
0x00007ff963320000 - 0x00007ff9634e3000 	C:\WINDOWS\SYSTEM32\urlmon.dll
0x00007ff9649c0000 - 0x00007ff9649e3000 	C:\WINDOWS\SYSTEM32\VCOMP110.DLL
0x00007ff949380000 - 0x00007ff9493c3000 	C:\Xilinx\SDK\2016.4\lib\win64.o\librdi_hdf.dll
0x00007ff90ee20000 - 0x00007ff90f0e8000 	C:\Xilinx\SDK\2016.4\lib\win64.o\librdi_ippcw.dll
0x00007ff96a770000 - 0x00007ff96a788000 	C:\WINDOWS\SYSTEM32\NETAPI32.dll
0x00007ff962090000 - 0x00007ff96209b000 	C:\Xilinx\SDK\2016.4\lib\win64.o\libboost_chrono.dll
0x00007ff94a3e0000 - 0x00007ff94a3f6000 	C:\Xilinx\SDK\2016.4\lib\win64.o\libboost_iostreams.dll
0x00007ff91a140000 - 0x00007ff91a163000 	C:\Xilinx\SDK\2016.4\lib\win64.o\libisl_iosutils.dll
0x00007ff96ab70000 - 0x00007ff96ae15000 	C:\WINDOWS\SYSTEM32\iertutil.dll
0x00007ff962a20000 - 0x00007ff962a62000 	C:\WINDOWS\SYSTEM32\edputil.dll
0x00007ff9614b0000 - 0x00007ff9614ba000 	C:\Xilinx\SDK\2016.4\lib\win64.o\librdi_jtag_settings.dll
0x00007ff91a0d0000 - 0x00007ff91a0f9000 	C:\Xilinx\SDK\2016.4\lib\win64.o\librdi_debug_dialog.dll
0x00007ff960640000 - 0x00007ff960648000 	C:\Xilinx\SDK\2016.4\lib\win64.o\librdi_target_manager.dll
0x00007ff949360000 - 0x00007ff949376000 	C:\Xilinx\SDK\2016.4\eclipse\win64.o\plugins\org.eclipse.cdt.core.win32.x86_64_5.4.0.201509131935\os\win32\x86_64\spawner.dll
0x00007ff910ce0000 - 0x00007ff9114f0000 	C:\Xilinx\SDK\2016.4\lib\win64.o\libXil_lmgr11FNP.dll
0x00007ff973bf0000 - 0x00007ff974019000 	C:\WINDOWS\System32\SETUPAPI.dll
0x00007ff961440000 - 0x00007ff96144c000 	C:\WINDOWS\SYSTEM32\snmpapi.dll
0x00007ff970450000 - 0x00007ff97047c000 	C:\WINDOWS\SYSTEM32\SspiCli.dll
0x0000000019b60000 - 0x0000000019b63000 	C:\WINDOWS\SYSTEM32\icmp.Dll

VM Arguments:
jvm_args: -Dcom.xilinx.sdk.args.hwspec=C:/Users/Utilizador/Desktop/Universidade/4_ano/2_semestre/CR/Projeto/ProjetoFinal/MP_ToDisplays/MP_ToDisplays.sdk/DebUART_wrapper.hdf -Xms64m -Xmx512m & 
java_command: <unknown>
java_class_path (initial): C:\Xilinx\SDK\2016.4\eclipse\win64.o\\plugins/org.eclipse.equinox.launcher_1.3.100.v20150511-1540.jar
Launcher Type: generic

Environment Variables:
JAVA_HOME=C:\Program Files\Java\jdk1.8.0_101
PATH=C:/Xilinx/SDK/2016.4/tps/win64/jre/bin/server;C:/Xilinx/SDK/2016.4/tps/win64/jre/bin;C:/Xilinx/SDK/2016.4/tps/win64/jre/lib/amd64;C:\Xilinx\SDK\2016.4\gnuwin\bin;C:\Xilinx\SDK\2016.4\gnu\microblaze\nt\bin;C:\Xilinx\SDK\2016.4\gnu\microblaze\linux_toolchain\nt64_le\bin;C:\Xilinx\SDK\2016.4\gnu\microblaze\linux_toolchain\nt64_be\bin;C:\Xilinx\SDK\2016.4\gnu\arm\nt\bin;C:\Xilinx\SDK\2016.4\gnu\aarch64\nt\aarch64-none\bin;C:\Xilinx\SDK\2016.4\gnu\aarch64\nt\aarch64-linux\bin;C:\Xilinx\SDK\2016.4\gnu\armr5\nt\gcc-arm-none-eabi\bin;C:\Xilinx\SDK\2016.4\gnu\aarch32\nt\gcc-arm-none-eabi\bin;C:\Xilinx\SDK\2016.4\gnu\aarch32\nt\gcc-arm-linux-gnueabi\bin;C:\Xilinx\SDK\2016.4\tps\win64\cmake-3.3.2\bin;;C:\Xilinx\SDK\2016.4\bin;C:\Xilinx\SDK\2016.4\lib\win64.o;C:\Xilinx\SDK\2016.4\tps\win64\jre\bin\server;C:\Xilinx\SDK\2016.4\tps\win64\jre\bin;C:\Xilinx\Vivado\2016.4\ids_lite\ISE\bin\nt64;C:\Xilinx\Vivado\2016.4\ids_lite\ISE\lib\nt64;C:\Xilinx\Vivado\2016.4\bin;C:\Xilinx\Vivado\2016.4\lib\win64.o;C:\Xilinx\Vivado\2016.4\tps\win64\jre\bin\server;C:\Xilinx\Vivado\2016.4\tps\win64\jre\bin;C:\Xilinx\Vivado_HLS\2016.4\bin;C:\WINDOWS\system32\Npcap;C:\Program Files\MATLAB\MATLAB Production Server\R2015a\runtime\win64;C:\Program Files\MATLAB\MATLAB Production Server\R2015a\bin;C:\Program Files\MATLAB\MATLAB Production Server\R2015a\polyspace\bin;C:\Program Files\PuTTY\;c:\Program Files\Intel\WiFi\bin\;c:\Program Files\Common Files\Intel\WirelessCommon\;C:\Users\Utilizador\AppData\Roaming\npm;C:\Users\Utilizador\AppData\Local\Microsoft\WindowsApps;C:\Python27;C:\Program Files\Java\jdk1.8.0_101\bin;C:\Program Files\NetBeans 8.2\java\maven\bin;C:\Users\Utilizador\Desktop\Universidade\4_ano\2_semestre\CR\Projeto\ProjetoFinal\MP_ToDisplays;
USERNAME=Utilizador
OS=Windows_NT
PROCESSOR_IDENTIFIER=Intel64 Family 6 Model 60 Stepping 3, GenuineIntel



---------------  S Y S T E M  ---------------

OS: Windows 10.0 , 64 bit Build 14393 (10.0.14393.1198)

CPU:total 8 (4 cores per cpu, 2 threads per core) family 6 model 60 stepping 3, cmov, cx8, fxsr, mmx, sse, sse2, sse3, ssse3, sse4.1, sse4.2, popcnt, avx, avx2, aes, clmul, erms, lzcnt, ht, tsc, tscinvbit, bmi1, bmi2

Memory: 4k page, physical 8319000k(2411484k free), swap 12976516k(4261112k free)

vm_info: Java HotSpot(TM) 64-Bit Server VM (25.66-b18) for windows-amd64 JRE (1.8.0_66-b18), built on Nov  9 2015 10:51:13 by "java_re" with MS VC++ 10.0 (VS2010)

time: Fri May 26 19:22:05 2017
elapsed time: 954 seconds (0d 0h 15m 54s)

