#
# A fatal error has been detected by the Java Runtime Environment:
#
#  EXCEPTION_UNCAUGHT_CXX_EXCEPTION (0xe06d7363) at pc=0x00007ffca6de3c58, pid=11328, tid=11316
#
# JRE version: Java(TM) SE Runtime Environment (8.0_66-b18) (build 1.8.0_66-b18)
# Java VM: Java HotSpot(TM) 64-Bit Server VM (25.66-b18 mixed mode windows-amd64 compressed oops)
# Problematic frame:
# C  [KERNELBASE.dll+0x33c58]
#
# Failed to write core dump. Minidumps are not enabled by default on client versions of Windows
#
# If you would like to submit a bug report, please visit:
#   http://bugreport.java.com/bugreport/crash.jsp
#

---------------  T H R E A D  ---------------

Current thread (0x00000000140d9000):  VMThread [stack: 0x0000000015db0000,0x0000000015eb0000] [id=11316]

siginfo: ExceptionCode=0xe06d7363, ExceptionInformation=0x0000000019930520 0x0000000015eaf648 0x00007ffc9cff2cb8 0x00007ffc9cf40000 

Registers:
RAX=0x004c0044002e006c, RBX=0x00007ffc9cff2cb8, RCX=0x000000000000004c, RDX=0x0000000000000000
RSP=0x0000000015eaf490, RBP=0x0000000015eaf5d0, RSI=0x00000000ffffffff, RDI=0x00000000277a5de0
R8 =0x0000000000000000, R9 =0x0000000000000000, R10=0x0000000000000000, R11=0x0000000000000000
R12=0x0000000000000001, R13=0x0000000000000008, R14=0x0000000000000000, R15=0xffffffffffffffff
RIP=0x00007ffca6de3c58, EFLAGS=0x0000000000000202

Top of Stack: (sp=0x0000000015eaf490)
0x0000000015eaf490:   0000000000000000 00007ffc9cff2cb8
0x0000000015eaf4a0:   00000000ffffffff 00000000277a5de0
0x0000000015eaf4b0:   00000001e06d7363 0000000000000000
0x0000000015eaf4c0:   00007ffca6de3c58 0000000000000004
0x0000000015eaf4d0:   0000000019930520 0000000015eaf648
0x0000000015eaf4e0:   00007ffc9cff2cb8 00007ffc9cf40000
0x0000000015eaf4f0:   0000000000000008 0000000000000001
0x0000000015eaf500:   00000000277a5de0 00000000ffffffff
0x0000000015eaf510:   0000000015eaf5d0 00007ffcaa7ac26f
0x0000000015eaf520:   0000000015eaf5e0 0000000000000000
0x0000000015eaf530:   00005da9628cb726 0000000000000001
0x0000000015eaf540:   00007ffc9d009000 00007ffc9cf40000
0x0000000015eaf550:   0000010b6b6e7eef 00000000000003ff
0x0000000015eaf560:   00007ffc9cff2cb8 00007ffc9cf9e92c
0x0000000015eaf570:   000000000000001f 0000000000000008
0x0000000015eaf580:   0000000000000001 00000000277a5de0 

Instructions: (pc=0x00007ffca6de3c58)
0x00007ffca6de3c38:   49 8b d1 44 0f 47 c0 44 89 44 24 38 49 c1 e0 03
0x00007ffca6de3c48:   e8 47 90 04 00 48 8d 4c 24 20 ff 15 20 44 11 00
0x00007ffca6de3c58:   48 8b 8c 24 c0 00 00 00 48 33 cc e8 d8 55 04 00
0x00007ffca6de3c68:   48 81 c4 d8 00 00 00 c3 83 64 24 38 00 eb d6 cc 


Register to memory mapping:

RAX=0x004c0044002e006c is an unknown value
RBX=0x00007ffc9cff2cb8 is an unknown value
RCX=0x000000000000004c is an unknown value
RDX=0x0000000000000000 is an unknown value
RSP=0x0000000015eaf490 is an unknown value
RBP=0x0000000015eaf5d0 is an unknown value
RSI=0x00000000ffffffff is an unknown value
RDI=0x00000000277a5de0 is an unknown value
R8 =0x0000000000000000 is an unknown value
R9 =0x0000000000000000 is an unknown value
R10=0x0000000000000000 is an unknown value
R11=0x0000000000000000 is an unknown value
R12=0x0000000000000001 is an unknown value
R13=0x0000000000000008 is an unknown value
R14=0x0000000000000000 is an unknown value
R15=0xffffffffffffffff is an unknown value


Stack: [0x0000000015db0000,0x0000000015eb0000],  sp=0x0000000015eaf490,  free space=1021k
Native frames: (J=compiled Java code, j=interpreted, Vv=VM code, C=native code)
C  [KERNELBASE.dll+0x33c58]
C  [MSVCR110.dll+0x5e92c]
C  [MSVCR110.dll+0x1315c]
C  [MSVCR110.dll+0x136a9]
C  [MSVCR110.dll+0x13e9c]
C  [MSVCR110.dll+0x239e]
C  [MSVCR110.dll+0xaf9e]
C  [MSVCP110.dll+0x397b9]
C  [librdi_common.dll+0x183a66]
C  [librdi_common.dll+0x1826fb]
C  0x00007ffc9bd12400
C  0x00007ffc9bd12682
C  [ntdll.dll+0x2a35f]
C  [ntdll.dll+0x806b]
C  [ntdll.dll+0x7d94]
C  [KERNEL32.DLL+0x1ce6a]
C  [MSVCR100.dll+0x20ccd]
V  [jvm.dll+0x210cc5]
V  [jvm.dll+0x249897]
V  [jvm.dll+0x248b36]
V  [jvm.dll+0x248fd1]
V  [jvm.dll+0x2491ee]
V  [jvm.dll+0x29a0fa]
C  [MSVCR100.dll+0x21d9f]
C  [MSVCR100.dll+0x21e3b]
C  [KERNEL32.DLL+0x8364]
C  [ntdll.dll+0x670d1]

VM_Operation (0x000000000014f4c0): Exit, mode: safepoint, requested by thread 0x000000000291e800


---------------  P R O C E S S  ---------------

Java Threads: ( => current thread )
  0x0000000017b4b800 JavaThread "Spawner Reaper" daemon [_thread_in_native, id=2744, stack(0x0000000038c60000,0x0000000038d60000)]
  0x0000000017b4c000 JavaThread "pool-2-thread-1" [_thread_blocked, id=17988, stack(0x0000000037660000,0x0000000037760000)]
  0x00000000185f1000 JavaThread "Thread-117" daemon [_thread_blocked, id=10624, stack(0x0000000037460000,0x0000000037560000)]
  0x00000000185ef800 JavaThread "TCF Channel Transmitter" daemon [_thread_blocked, id=17156, stack(0x000000002c2e0000,0x000000002c3e0000)]
  0x00000000185f0800 JavaThread "TCF Channel Receiver" daemon [_thread_in_native, id=14708, stack(0x000000002c1e0000,0x000000002c2e0000)]
  0x00000000185ec800 JavaThread "Process monitor" daemon [_thread_in_native, id=15876, stack(0x000000002b380000,0x000000002b480000)]
  0x00000000185ec000 JavaThread "Input Stream Monitor" daemon [_thread_blocked, id=7512, stack(0x000000002b280000,0x000000002b380000)]
  0x00000000185e5000 JavaThread "Output Stream Monitor" daemon [_thread_in_native, id=12780, stack(0x000000002b180000,0x000000002b280000)]
  0x00000000185ea800 JavaThread "Output Stream Monitor" daemon [_thread_in_native, id=15020, stack(0x000000002b080000,0x000000002b180000)]
  0x0000000017d73800 JavaThread "TCF Locator DNS Lookup" daemon [_thread_blocked, id=3800, stack(0x0000000025290000,0x0000000025390000)]
  0x0000000017d7a000 JavaThread "TCF Locator Timer" daemon [_thread_blocked, id=11312, stack(0x0000000025190000,0x0000000025290000)]
  0x0000000017d79800 JavaThread "TCF Locator Receiver" daemon [_thread_in_native, id=1252, stack(0x0000000025090000,0x0000000025190000)]
  0x0000000017d77000 JavaThread "TCF Timer Dispatcher" daemon [_thread_blocked, id=17880, stack(0x0000000021b80000,0x0000000021c80000)]
  0x0000000017acf000 JavaThread "EMF Reference Cleaner" daemon [_thread_blocked, id=12996, stack(0x00000000194d0000,0x00000000195d0000)]
  0x0000000016222000 JavaThread "Service Thread" daemon [_thread_blocked, id=11348, stack(0x0000000016bb0000,0x0000000016cb0000)]
  0x00000000140ed800 JavaThread "C1 CompilerThread3" daemon [_thread_blocked, id=16060, stack(0x0000000016ab0000,0x0000000016bb0000)]
  0x00000000161dd800 JavaThread "C2 CompilerThread2" daemon [_thread_blocked, id=5824, stack(0x00000000169b0000,0x0000000016ab0000)]
  0x00000000161dd000 JavaThread "C2 CompilerThread1" daemon [_thread_blocked, id=1052, stack(0x00000000168b0000,0x00000000169b0000)]
  0x00000000161db800 JavaThread "C2 CompilerThread0" daemon [_thread_blocked, id=6756, stack(0x00000000167b0000,0x00000000168b0000)]
  0x00000000161eb000 JavaThread "Attach Listener" daemon [_thread_blocked, id=14368, stack(0x00000000166b0000,0x00000000167b0000)]
  0x00000000161ea000 JavaThread "Signal Dispatcher" daemon [_thread_blocked, id=5624, stack(0x00000000165b0000,0x00000000166b0000)]
  0x000000000282a800 JavaThread "Finalizer" daemon [_thread_blocked, id=16156, stack(0x0000000015fb0000,0x00000000160b0000)]
  0x00000000140dc800 JavaThread "Reference Handler" daemon [_thread_blocked, id=3404, stack(0x0000000015eb0000,0x0000000015fb0000)]
  0x000000000291e800 JavaThread "main" [_thread_blocked, id=2520, stack(0x0000000000050000,0x0000000000150000)]

Other Threads:
=>0x00000000140d9000 VMThread [stack: 0x0000000015db0000,0x0000000015eb0000] [id=11316]

VM state:at safepoint (shutting down)

VM Mutex/Monitor currently owned by a thread:  ([mutex/lock_event])
[0x000000000291d9e0] Threads_lock - owner thread: 0x00000000140d9000

Heap:
 PSYoungGen      total 145920K, used 50844K [0x00000000f5580000, 0x0000000100000000, 0x0000000100000000)
  eden space 117248K, 43% used [0x00000000f5580000,0x00000000f8727318,0x00000000fc800000)
  from space 28672K, 0% used [0x00000000fe400000,0x00000000fe400000,0x0000000100000000)
  to   space 28672K, 0% used [0x00000000fc800000,0x00000000fc800000,0x00000000fe400000)
 ParOldGen       total 96768K, used 67982K [0x00000000e0000000, 0x00000000e5e80000, 0x00000000f5580000)
  object space 96768K, 70% used [0x00000000e0000000,0x00000000e42638b0,0x00000000e5e80000)
 Metaspace       used 92853K, capacity 100894K, committed 101092K, reserved 1136640K
  class space    used 11300K, capacity 13681K, committed 13796K, reserved 1048576K

Card table byte_map: [0x0000000011ce0000,0x0000000011df0000] byte_map_base: 0x00000000115e0000

Marking Bits: (ParMarkBitMap*) 0x000000007360a5b0
 Begin Bits: [0x00000000125f0000, 0x0000000012df0000)
 End Bits:   [0x0000000012df0000, 0x00000000135f0000)

Polling page: 0x00000000005a0000

CodeCache: size=245760Kb used=39229Kb max_used=39571Kb free=206530Kb
 bounds [0x0000000002920000, 0x0000000005000000, 0x0000000011920000]
 total_blobs=11464 nmethods=10557 adapters=814
 compilation: enabled

Compilation events (10 events):
Event: 182.414 Thread 0x00000000140ed800 nmethod 12851 0x00000000041660d0 code [0x0000000004166240, 0x00000000041663c8]
Event: 182.414 Thread 0x00000000140ed800 12852       3       org.eclipse.osgi.container.ModuleWiring::invalidate0 (52 bytes)
Event: 182.414 Thread 0x00000000140ed800 nmethod 12852 0x0000000004a6a310 code [0x0000000004a6a4c0, 0x0000000004a6ae68]
Event: 182.414 Thread 0x00000000140ed800 12853       3       org.eclipse.osgi.internal.container.AtomicLazyInitializer::getAndClear (9 bytes)
Event: 182.415 Thread 0x00000000140ed800 nmethod 12853 0x0000000004165c50 code [0x0000000004165dc0, 0x0000000004166010]
Event: 182.415 Thread 0x00000000140ed800 12854       3       java.util.concurrent.atomic.AtomicReference::getAndSet (12 bytes)
Event: 182.415 Thread 0x00000000140ed800 nmethod 12854 0x0000000004a69fd0 code [0x0000000004a6a120, 0x0000000004a6a290]
Event: 182.415 Thread 0x00000000140ed800 12856       3       org.eclipse.osgi.internal.framework.EquinoxContainerAdaptor::invalidateWiring (186 bytes)
Event: 182.417 Thread 0x00000000140ed800 nmethod 12856 0x0000000004801410 code [0x00000000048017e0, 0x0000000004804158]
Event: 182.417 Thread 0x00000000140ed800 12857   !   3       org.eclipse.osgi.container.ModuleDatabase::getRevisionsTimestamp (25 bytes)

GC Heap History (10 events):
Event: 52.291 GC heap before
{Heap before GC invocations=19 (full 3):
 PSYoungGen      total 142336K, used 142328K [0x00000000f5580000, 0x0000000100000000, 0x0000000100000000)
  eden space 117248K, 100% used [0x00000000f5580000,0x00000000fc800000,0x00000000fc800000)
  from space 25088K, 99% used [0x00000000fc800000,0x00000000fe07e2b0,0x00000000fe080000)
  to   space 30208K, 0% used [0x00000000fe280000,0x00000000fe280000,0x0000000100000000)
 ParOldGen       total 96768K, used 40507K [0x00000000e0000000, 0x00000000e5e80000, 0x00000000f5580000)
  object space 96768K, 41% used [0x00000000e0000000,0x00000000e278ed98,0x00000000e5e80000)
 Metaspace       used 85936K, capacity 92718K, committed 92900K, reserved 1130496K
  class space    used 10426K, capacity 12453K, committed 12516K, reserved 1048576K
Event: 52.307 GC heap after
Heap after GC invocations=19 (full 3):
 PSYoungGen      total 145408K, used 14806K [0x00000000f5580000, 0x0000000100000000, 0x0000000100000000)
  eden space 115200K, 0% used [0x00000000f5580000,0x00000000f5580000,0x00000000fc600000)
  from space 30208K, 49% used [0x00000000fe280000,0x00000000ff0f5a98,0x0000000100000000)
  to   space 29184K, 0% used [0x00000000fc600000,0x00000000fc600000,0x00000000fe280000)
 ParOldGen       total 96768K, used 51870K [0x00000000e0000000, 0x00000000e5e80000, 0x00000000f5580000)
  object space 96768K, 53% used [0x00000000e0000000,0x00000000e32a7a78,0x00000000e5e80000)
 Metaspace       used 85936K, capacity 92718K, committed 92900K, reserved 1130496K
  class space    used 10426K, capacity 12453K, committed 12516K, reserved 1048576K
}
Event: 64.668 GC heap before
{Heap before GC invocations=20 (full 3):
 PSYoungGen      total 145408K, used 64419K [0x00000000f5580000, 0x0000000100000000, 0x0000000100000000)
  eden space 115200K, 43% used [0x00000000f5580000,0x00000000f85f32a8,0x00000000fc600000)
  from space 30208K, 49% used [0x00000000fe280000,0x00000000ff0f5a98,0x0000000100000000)
  to   space 29184K, 0% used [0x00000000fc600000,0x00000000fc600000,0x00000000fe280000)
 ParOldGen       total 96768K, used 51870K [0x00000000e0000000, 0x00000000e5e80000, 0x00000000f5580000)
  object space 96768K, 53% used [0x00000000e0000000,0x00000000e32a7a78,0x00000000e5e80000)
 Metaspace       used 87830K, capacity 95142K, committed 95332K, reserved 1132544K
  class space    used 10668K, capacity 12790K, committed 12900K, reserved 1048576K
Event: 64.678 GC heap after
Heap after GC invocations=20 (full 3):
 PSYoungGen      total 144384K, used 17410K [0x00000000f5580000, 0x0000000100000000, 0x0000000100000000)
  eden space 115200K, 0% used [0x00000000f5580000,0x00000000f5580000,0x00000000fc600000)
  from space 29184K, 59% used [0x00000000fc600000,0x00000000fd7008c8,0x00000000fe280000)
  to   space 28672K, 0% used [0x00000000fe400000,0x00000000fe400000,0x0000000100000000)
 ParOldGen       total 96768K, used 51878K [0x00000000e0000000, 0x00000000e5e80000, 0x00000000f5580000)
  object space 96768K, 53% used [0x00000000e0000000,0x00000000e32a9a78,0x00000000e5e80000)
 Metaspace       used 87830K, capacity 95142K, committed 95332K, reserved 1132544K
  class space    used 10668K, capacity 12790K, committed 12900K, reserved 1048576K
}
Event: 64.679 GC heap before
{Heap before GC invocations=21 (full 4):
 PSYoungGen      total 144384K, used 17410K [0x00000000f5580000, 0x0000000100000000, 0x0000000100000000)
  eden space 115200K, 0% used [0x00000000f5580000,0x00000000f5580000,0x00000000fc600000)
  from space 29184K, 59% used [0x00000000fc600000,0x00000000fd7008c8,0x00000000fe280000)
  to   space 28672K, 0% used [0x00000000fe400000,0x00000000fe400000,0x0000000100000000)
 ParOldGen       total 96768K, used 51878K [0x00000000e0000000, 0x00000000e5e80000, 0x00000000f5580000)
  object space 96768K, 53% used [0x00000000e0000000,0x00000000e32a9a78,0x00000000e5e80000)
 Metaspace       used 87830K, capacity 95142K, committed 95332K, reserved 1132544K
  class space    used 10668K, capacity 12790K, committed 12900K, reserved 1048576K
Event: 65.101 GC heap after
Heap after GC invocations=21 (full 4):
 PSYoungGen      total 144384K, used 0K [0x00000000f5580000, 0x0000000100000000, 0x0000000100000000)
  eden space 115200K, 0% used [0x00000000f5580000,0x00000000f5580000,0x00000000fc600000)
  from space 29184K, 0% used [0x00000000fc600000,0x00000000fc600000,0x00000000fe280000)
  to   space 28672K, 0% used [0x00000000fe400000,0x00000000fe400000,0x0000000100000000)
 ParOldGen       total 96768K, used 64026K [0x00000000e0000000, 0x00000000e5e80000, 0x00000000f5580000)
  object space 96768K, 66% used [0x00000000e0000000,0x00000000e3e86948,0x00000000e5e80000)
 Metaspace       used 87830K, capacity 95142K, committed 95332K, reserved 1132544K
  class space    used 10668K, capacity 12790K, committed 12900K, reserved 1048576K
}
Event: 124.964 GC heap before
{Heap before GC invocations=22 (full 4):
 PSYoungGen      total 144384K, used 79585K [0x00000000f5580000, 0x0000000100000000, 0x0000000100000000)
  eden space 115200K, 69% used [0x00000000f5580000,0x00000000fa3384d0,0x00000000fc600000)
  from space 29184K, 0% used [0x00000000fc600000,0x00000000fc600000,0x00000000fe280000)
  to   space 28672K, 0% used [0x00000000fe400000,0x00000000fe400000,0x0000000100000000)
 ParOldGen       total 96768K, used 64026K [0x00000000e0000000, 0x00000000e5e80000, 0x00000000f5580000)
  object space 96768K, 66% used [0x00000000e0000000,0x00000000e3e86948,0x00000000e5e80000)
 Metaspace       used 91479K, capacity 99204K, committed 99556K, reserved 1134592K
  class space    used 11163K, capacity 13422K, committed 13540K, reserved 1048576K
Event: 124.981 GC heap after
Heap after GC invocations=22 (full 4):
 PSYoungGen      total 145920K, used 6330K [0x00000000f5580000, 0x0000000100000000, 0x0000000100000000)
  eden space 117248K, 0% used [0x00000000f5580000,0x00000000f5580000,0x00000000fc800000)
  from space 28672K, 22% used [0x00000000fe400000,0x00000000fea2ea80,0x0000000100000000)
  to   space 28672K, 0% used [0x00000000fc800000,0x00000000fc800000,0x00000000fe400000)
 ParOldGen       total 96768K, used 64034K [0x00000000e0000000, 0x00000000e5e80000, 0x00000000f5580000)
  object space 96768K, 66% used [0x00000000e0000000,0x00000000e3e88948,0x00000000e5e80000)
 Metaspace       used 91479K, capacity 99204K, committed 99556K, reserved 1134592K
  class space    used 11163K, capacity 13422K, committed 13540K, reserved 1048576K
}
Event: 124.981 GC heap before
{Heap before GC invocations=23 (full 5):
 PSYoungGen      total 145920K, used 6330K [0x00000000f5580000, 0x0000000100000000, 0x0000000100000000)
  eden space 117248K, 0% used [0x00000000f5580000,0x00000000f5580000,0x00000000fc800000)
  from space 28672K, 22% used [0x00000000fe400000,0x00000000fea2ea80,0x0000000100000000)
  to   space 28672K, 0% used [0x00000000fc800000,0x00000000fc800000,0x00000000fe400000)
 ParOldGen       total 96768K, used 64034K [0x00000000e0000000, 0x00000000e5e80000, 0x00000000f5580000)
  object space 96768K, 66% used [0x00000000e0000000,0x00000000e3e88948,0x00000000e5e80000)
 Metaspace       used 91479K, capacity 99204K, committed 99556K, reserved 1134592K
  class space    used 11163K, capacity 13422K, committed 13540K, reserved 1048576K
Event: 125.501 GC heap after
Heap after GC invocations=23 (full 5):
 PSYoungGen      total 145920K, used 0K [0x00000000f5580000, 0x0000000100000000, 0x0000000100000000)
  eden space 117248K, 0% used [0x00000000f5580000,0x00000000f5580000,0x00000000fc800000)
  from space 28672K, 0% used [0x00000000fe400000,0x00000000fe400000,0x0000000100000000)
  to   space 28672K, 0% used [0x00000000fc800000,0x00000000fc800000,0x00000000fe400000)
 ParOldGen       total 96768K, used 67982K [0x00000000e0000000, 0x00000000e5e80000, 0x00000000f5580000)
  object space 96768K, 70% used [0x00000000e0000000,0x00000000e42638b0,0x00000000e5e80000)
 Metaspace       used 91479K, capacity 99204K, committed 99556K, reserved 1134592K
  class space    used 11163K, capacity 13422K, committed 13540K, reserved 1048576K
}

Deoptimization events (10 events):
Event: 181.738 Thread 0x0000000017b48000 Uncommon trap: reason=class_check action=maybe_recompile pc=0x0000000004f15028 method=org.eclipse.e4.core.internal.contexts.TrackableComputationExt.update(Lorg/eclipse/e4/core/internal/contexts/ContextChangeEvent;)Z @ 62
Event: 181.738 Thread 0x0000000017b48000 Uncommon trap: reason=class_check action=maybe_recompile pc=0x0000000004f21170 method=org.eclipse.e4.core.internal.contexts.ContextObjectSupplier$ContextInjectionListener.update(Lorg/eclipse/e4/core/contexts/IEclipseContext;I[Ljava/lang/Object;)Z @ 173
Event: 181.764 Thread 0x00000000185e9800 Uncommon trap: reason=unstable_if action=reinterpret pc=0x0000000002a9f9a4 method=sun.nio.cs.SingleByte$Encoder.encode(C)I @ 13
Event: 181.764 Thread 0x00000000185e9800 Uncommon trap: reason=unstable_if action=reinterpret pc=0x0000000003929dd4 method=java.nio.charset.CharsetEncoder.encode(Ljava/nio/CharBuffer;Ljava/nio/ByteBuffer;Z)Ljava/nio/charset/CoderResult; @ 105
Event: 181.773 Thread 0x0000000017b48000 Uncommon trap: reason=unstable_if action=reinterpret pc=0x0000000002e94ae8 method=org.eclipse.osgi.internal.hooks.EclipseLazyStarter.shouldActivateFor(Ljava/lang/String;Lorg/eclipse/osgi/container/Module;Lorg/eclipse/osgi/container/ModuleRevision;Lorg/eclic\ÁÇ¸f@
Event: 181.774 Thread 0x0000000017b48000 Uncommon trap: reason=unstable_if action=reinterpret pc=0x0000000004fe3764 method=org.eclipse.swt.graphics.Resource.dispose()V @ 15
Event: 182.324 Thread 0x00000000179c2000 Uncommon trap: reason=null_check action=make_not_entrant pc=0x0000000003f01784 method=org.eclipse.core.internal.runtime.Log.isLoggable(Lorg/osgi/framework/Bundle;Ljava/lang/String;I)Z @ 3
Event: 182.325 Thread 0x00000000179c2000 Uncommon trap: reason=unstable_if action=reinterpret pc=0x00000000036c2020 method=org.eclipse.osgi.internal.framework.BundleContextImpl.dispatchEvent(Ljava/lang/Object;Ljava/lang/Object;ILjava/lang/Object;)V @ 16
Event: 182.407 Thread 0x0000000017b48000 Uncommon trap: reason=unstable_if action=reinterpret pc=0x0000000004bbf8d0 method=sun.reflect.UnsafeStaticObjectFieldAccessorImpl.set(Ljava/lang/Object;Ljava/lang/Object;)V @ 13
Event: 182.407 Thread 0x0000000017b48000 Uncommon trap: reason=unstable_if action=reinterpret pc=0x0000000004085728 method=sun.reflect.UnsafeStaticObjectFieldAccessorImpl.set(Ljava/lang/Object;Ljava/lang/Object;)V @ 13

Internal exceptions (10 events):
Event: 181.714 Thread 0x000000000291e800 Exception <a 'java/io/FileNotFoundException'> (0x00000000f7cde078) thrown at [C:\re\workspace\8-2-build-windows-amd64-cygwin\jdk8u66\5298\hotspot\src\share\vm\prims\jni.cpp, line 709]
Event: 181.714 Thread 0x000000000291e800 Exception <a 'java/io/FileNotFoundException'> (0x00000000f7ce0658) thrown at [C:\re\workspace\8-2-build-windows-amd64-cygwin\jdk8u66\5298\hotspot\src\share\vm\prims\jni.cpp, line 709]
Event: 181.763 Thread 0x0000000017f0f000 Exception <a 'java/lang/InterruptedException'> (0x00000000f80bc8b8) thrown at [C:\re\workspace\8-2-build-windows-amd64-cygwin\jdk8u66\5298\hotspot\src\share\vm\runtime\objectMonitor.cpp, line 1683]
Event: 182.324 Thread 0x00000000179c2000 Implicit null exception at 0x0000000003f01622 to 0x0000000003f01775
Event: 182.378 Thread 0x00000000185e6000 Exception <a 'java/lang/InterruptedException'> (0x00000000f7dce7d0) thrown at [C:\re\workspace\8-2-build-windows-amd64-cygwin\jdk8u66\5298\hotspot\src\share\vm\runtime\objectMonitor.cpp, line 1683]
Event: 182.407 Thread 0x0000000017b48000 Implicit null exception at 0x0000000004bbf4d7 to 0x0000000004bbf8bd
Event: 182.407 Thread 0x0000000017b48000 Implicit null exception at 0x000000000408561a to 0x0000000004085715
Event: 182.408 Thread 0x00000000179c2000 Exception <a 'java/lang/InterruptedException'> (0x00000000f8472010) thrown at [C:\re\workspace\8-2-build-windows-amd64-cygwin\jdk8u66\5298\hotspot\src\share\vm\runtime\objectMonitor.cpp, line 1683]
Event: 182.412 Thread 0x0000000017d75000 Exception <a 'java/lang/InterruptedException'> (0x00000000f64c2470) thrown at [C:\re\workspace\8-2-build-windows-amd64-cygwin\jdk8u66\5298\hotspot\src\share\vm\runtime\objectMonitor.cpp, line 1683]
Event: 182.412 Thread 0x0000000017905000 Exception <a 'java/lang/InterruptedException'> (0x00000000f86050f8) thrown at [C:\re\workspace\8-2-build-windows-amd64-cygwin\jdk8u66\5298\hotspot\src\share\vm\runtime\objectMonitor.cpp, line 1683]

Events (10 events):
Event: 182.415 loading class java/util/IdentityHashMap$IdentityHashMapIterator
Event: 182.415 loading class java/util/IdentityHashMap$IdentityHashMapIterator done
Event: 182.415 loading class java/util/IdentityHashMap$KeyIterator done
Event: 182.415 Thread 0x0000000017b48000 Thread added: 0x0000000017b48000
Event: 182.416 Executing VM operation: RevokeBias
Event: 182.416 Executing VM operation: RevokeBias done
Event: 182.416 Executing VM operation: RevokeBias
Event: 182.416 Executing VM operation: RevokeBias done
Event: 182.417 Thread 0x0000000017b48000 Thread exited: 0x0000000017b48000
Event: 182.418 Executing VM operation: Exit


Dynamic libraries:
0x0000000000400000 - 0x000000000044f000 	C:\Xilinx\SDK\2016.4\eclipse\win64.o\eclipse.exe
0x00007ffcaa760000 - 0x00007ffcaa931000 	C:\WINDOWS\SYSTEM32\ntdll.dll
0x00007ffca7cf0000 - 0x00007ffca7d9b000 	C:\WINDOWS\System32\KERNEL32.DLL
0x00007ffca6db0000 - 0x00007ffca6fcd000 	C:\WINDOWS\System32\KERNELBASE.dll
0x00007ffca5000000 - 0x00007ffca507a000 	C:\WINDOWS\system32\apphelp.dll
0x00007ffca87e0000 - 0x00007ffca8945000 	C:\WINDOWS\System32\USER32.dll
0x00007ffca76b0000 - 0x00007ffca76ce000 	C:\WINDOWS\System32\win32u.dll
0x00007ffca8c30000 - 0x00007ffca8c64000 	C:\WINDOWS\System32\GDI32.dll
0x00007ffca7940000 - 0x00007ffca7ac2000 	C:\WINDOWS\System32\gdi32full.dll
0x00007ffca8950000 - 0x00007ffca89ee000 	C:\WINDOWS\System32\msvcrt.dll
0x00007ffca0870000 - 0x00007ffca0aea000 	C:\WINDOWS\WinSxS\amd64_microsoft.windows.common-controls_6595b64144ccf1df_6.0.14393.953_none_42151e83c686086b\COMCTL32.dll
0x00007ffca8370000 - 0x00007ffca8638000 	C:\WINDOWS\System32\combase.dll
0x00007ffca6cb0000 - 0x00007ffca6da5000 	C:\WINDOWS\System32\ucrtbase.dll
0x00007ffca89f0000 - 0x00007ffca8b11000 	C:\WINDOWS\System32\RPCRT4.dll
0x00007ffca7c80000 - 0x00007ffca7cea000 	C:\WINDOWS\System32\bcryptPrimitives.dll
0x00007ffca8d20000 - 0x00007ffca8d4e000 	C:\WINDOWS\System32\IMM32.DLL
0x0000000072000000 - 0x0000000072012000 	C:\Xilinx\SDK\2016.4\eclipse\win64.o\plugins\org.eclipse.equinox.launcher.win32.win32.x86_64_1.1.300.v20150602-1417\eclipse_1611.dll
0x00007ffca8c70000 - 0x00007ffca8d12000 	C:\WINDOWS\System32\ADVAPI32.dll
0x00007ffca8310000 - 0x00007ffca8369000 	C:\WINDOWS\System32\sechost.dll
0x00007ffc9a210000 - 0x00007ffc9a21a000 	C:\WINDOWS\SYSTEM32\VERSION.dll
0x00007ffca53a0000 - 0x00007ffca5435000 	C:\WINDOWS\system32\uxtheme.dll
0x00007ffca7dc0000 - 0x00007ffca7f1a000 	C:\WINDOWS\System32\MSCTF.dll
0x00007ffca8710000 - 0x00007ffca87cf000 	C:\WINDOWS\System32\OLEAUT32.dll
0x00007ffca76d0000 - 0x00007ffca776c000 	C:\WINDOWS\System32\msvcp_win.dll
0x0000000072e00000 - 0x0000000073689000 	C:\Xilinx\SDK\2016.4\tps\win64\jre\bin\server\jvm.dll
0x00007ffca8c20000 - 0x00007ffca8c28000 	C:\WINDOWS\System32\PSAPI.DLL
0x00007ffca48a0000 - 0x00007ffca48c3000 	C:\WINDOWS\SYSTEM32\WINMM.dll
0x00007ffca1900000 - 0x00007ffca1909000 	C:\WINDOWS\SYSTEM32\WSOCK32.dll
0x0000000076180000 - 0x0000000076252000 	C:\WINDOWS\SYSTEM32\MSVCR100.dll
0x00007ffcaa260000 - 0x00007ffcaa2ca000 	C:\WINDOWS\System32\WS2_32.dll
0x0000000002610000 - 0x000000000263b000 	C:\WINDOWS\SYSTEM32\WINMMBASE.dll
0x00007ffca7c30000 - 0x00007ffca7c72000 	C:\WINDOWS\System32\cfgmgr32.dll
0x0000000072cc0000 - 0x0000000072ccf000 	C:\Xilinx\SDK\2016.4\tps\win64\jre\bin\verify.dll
0x0000000072c90000 - 0x0000000072cb9000 	C:\Xilinx\SDK\2016.4\tps\win64\jre\bin\java.dll
0x0000000072c70000 - 0x0000000072c86000 	C:\Xilinx\SDK\2016.4\tps\win64\jre\bin\zip.dll
0x00007ffca8d50000 - 0x00007ffcaa258000 	C:\WINDOWS\System32\SHELL32.dll
0x00007ffca6fd0000 - 0x00007ffca76aa000 	C:\WINDOWS\System32\windows.storage.dll
0x00007ffca6bf0000 - 0x00007ffca6c3c000 	C:\WINDOWS\System32\powrprof.dll
0x00007ffca8200000 - 0x00007ffca8252000 	C:\WINDOWS\System32\shlwapi.dll
0x00007ffca6c40000 - 0x00007ffca6c4f000 	C:\WINDOWS\System32\kernel.appcore.dll
0x00007ffca7b80000 - 0x00007ffca7c29000 	C:\WINDOWS\System32\shcore.dll
0x00007ffca6bc0000 - 0x00007ffca6bd4000 	C:\WINDOWS\System32\profapi.dll
0x00007ffca6690000 - 0x00007ffca66a7000 	C:\WINDOWS\SYSTEM32\CRYPTSP.dll
0x00007ffca60f0000 - 0x00007ffca6123000 	C:\WINDOWS\system32\rsaenh.dll
0x00007ffca67a0000 - 0x00007ffca67cb000 	C:\WINDOWS\SYSTEM32\bcrypt.dll
0x00007ffca6370000 - 0x00007ffca638f000 	C:\WINDOWS\SYSTEM32\USERENV.dll
0x00007ffca66b0000 - 0x00007ffca66bb000 	C:\WINDOWS\SYSTEM32\CRYPTBASE.dll
0x0000000072c50000 - 0x0000000072c6a000 	C:\Xilinx\SDK\2016.4\tps\win64\jre\bin\net.dll
0x00007ffca64f0000 - 0x00007ffca654c000 	C:\WINDOWS\system32\mswsock.dll
0x00007ffca6270000 - 0x00007ffca62a8000 	C:\WINDOWS\SYSTEM32\IPHLPAPI.DLL
0x00007ffca87d0000 - 0x00007ffca87d8000 	C:\WINDOWS\System32\NSI.dll
0x00007ffca1c90000 - 0x00007ffca1ca6000 	C:\WINDOWS\SYSTEM32\dhcpcsvc6.DLL
0x00007ffca1530000 - 0x00007ffca154a000 	C:\WINDOWS\SYSTEM32\dhcpcsvc.DLL
0x0000000072c30000 - 0x0000000072c41000 	C:\Xilinx\SDK\2016.4\tps\win64\jre\bin\nio.dll
0x00007ffc8f560000 - 0x00007ffc8f576000 	C:\WINDOWS\system32\napinsp.dll
0x00007ffc99ba0000 - 0x00007ffc99bba000 	C:\WINDOWS\system32\pnrpnsp.dll
0x00007ffca46d0000 - 0x00007ffca46e8000 	C:\WINDOWS\system32\NLAapi.dll
0x00007ffca62b0000 - 0x00007ffca6351000 	C:\WINDOWS\SYSTEM32\DNSAPI.dll
0x00007ffc99cc0000 - 0x00007ffc99cce000 	C:\WINDOWS\System32\winrnr.dll
0x0000000076080000 - 0x00000000760a6000 	C:\Program Files\Bonjour\mdnsNSP.dll
0x00007ffc9b3c0000 - 0x00007ffc9b3ca000 	C:\Windows\System32\rasadhlp.dll
0x00007ffc9cdc0000 - 0x00007ffc9ce2a000 	C:\WINDOWS\System32\fwpuclnt.dll
0x00000000191d0000 - 0x0000000019278000 	C:\Users\Utilizador\.Xilinx\SDK\2016.4\org.eclipse.osgi\319\0\.cp\swt-win32-4527.dll
0x00007ffca7f20000 - 0x00007ffca8057000 	C:\WINDOWS\System32\ole32.dll
0x00007ffca8b20000 - 0x00007ffca8c1a000 	C:\WINDOWS\System32\comdlg32.dll
0x00007ffca7770000 - 0x00007ffca7939000 	C:\WINDOWS\System32\CRYPT32.dll
0x00007ffca2b60000 - 0x00007ffca2be6000 	C:\WINDOWS\SYSTEM32\WINSPOOL.DRV
0x00007ffca6be0000 - 0x00007ffca6bf0000 	C:\WINDOWS\System32\MSASN1.dll
0x00007ffca4700000 - 0x00007ffca4719000 	C:\WINDOWS\SYSTEM32\USP10.dll
0x00007ffca3150000 - 0x00007ffca341a000 	C:\WINDOWS\SYSTEM32\WININET.dll
0x00007ffca2e80000 - 0x00007ffca2ea6000 	C:\WINDOWS\system32\dwmapi.dll
0x00007ffca3720000 - 0x00007ffca38a5000 	C:\WINDOWS\SYSTEM32\propsys.dll
0x00007ffca8260000 - 0x00007ffca82ff000 	C:\WINDOWS\System32\clbcatq.dll
0x00000000197d0000 - 0x00000000197ee000 	C:\Users\Utilizador\.Xilinx\SDK\2016.4\org.eclipse.osgi\319\0\.cp\swt-gdip-win32-4527.dll
0x00007ffc9d2f0000 - 0x00007ffc9d48a000 	C:\WINDOWS\WinSxS\amd64_microsoft.windows.gdiplus_6595b64144ccf1df_1.1.14393.953_none_7300116921188239\gdiplus.dll
0x00007ffc9f9f0000 - 0x00007ffc9fb98000 	C:\WINDOWS\SYSTEM32\WindowsCodecs.dll
0x00007ffca4f90000 - 0x00007ffca4ff5000 	C:\WINDOWS\SYSTEM32\oleacc.dll
0x00007ffc98120000 - 0x00007ffc9815f000 	C:\WINDOWS\system32\mlang.dll
0x00007ffca1b80000 - 0x00007ffca1bc9000 	C:\WINDOWS\system32\dataexchange.dll
0x00007ffca21e0000 - 0x00007ffca2496000 	C:\WINDOWS\system32\d3d11.dll
0x00007ffc9fba0000 - 0x00007ffc9fcf1000 	C:\WINDOWS\system32\dcomp.dll
0x00007ffca5b40000 - 0x00007ffca5bdf000 	C:\WINDOWS\system32\dxgi.dll
0x00007ffca5540000 - 0x00007ffca565c000 	C:\WINDOWS\system32\twinapi.appcore.dll
0x00007ffc81930000 - 0x00007ffc825b9000 	C:\Windows\System32\ieframe.dll
0x00007ffca1510000 - 0x00007ffca1528000 	C:\Windows\System32\NETAPI32.dll
0x00007ffc9d040000 - 0x00007ffc9d2e4000 	C:\Windows\System32\iertutil.dll
0x00007ffca6360000 - 0x00007ffca636d000 	C:\Windows\System32\NETUTILS.DLL
0x00007ffca1100000 - 0x00007ffca1116000 	C:\Windows\System32\WKSCLI.DLL
0x00007ffca8640000 - 0x00007ffca86ae000 	C:\WINDOWS\System32\coml2.dll
0x00007ffc9a760000 - 0x00007ffc9a923000 	C:\WINDOWS\SYSTEM32\urlmon.dll
0x00007ffca6a90000 - 0x00007ffca6b28000 	C:\WINDOWS\SYSTEM32\sxs.dll
0x00007ffc4c840000 - 0x00007ffc4deed000 	C:\Windows\System32\mshtml.dll
0x00007ffca68c0000 - 0x00007ffca68ec000 	C:\WINDOWS\SYSTEM32\SspiCli.dll
0x00007ffca0b40000 - 0x00007ffca0b66000 	C:\Windows\System32\srpapi.dll
0x00007ffc50100000 - 0x00007ffc50297000 	C:\Windows\System32\ieapfltr.dll
0x00007ffc4c3a0000 - 0x00007ffc4c831000 	C:\Windows\System32\jscript9.dll
0x00007ffca49c0000 - 0x00007ffca49d0000 	C:\WINDOWS\system32\msimtf.dll
0x00007ffca3a40000 - 0x00007ffca3a4c000 	C:\WINDOWS\SYSTEM32\Secur32.dll
0x00007ffc84670000 - 0x00007ffc8481a000 	C:\Windows\System32\uiautomationcore.dll
0x00007ffc9c850000 - 0x00007ffc9cdaf000 	C:\Windows\System32\d2d1.dll
0x00007ffca1620000 - 0x00007ffca1889000 	C:\Windows\System32\DWrite.dll
0x00007ffc94330000 - 0x00007ffc9437b000 	C:\WINDOWS\system32\windowscodecsext.dll
0x00007ffc9bf30000 - 0x00007ffc9c188000 	C:\Windows\System32\msxml6.dll
0x00007ffc9e620000 - 0x00007ffc9e631000 	C:\Users\Utilizador\.Xilinx\SDK\2016.4\org.eclipse.osgi\136\0\.cp\jWinHttp-1.0.0.dll
0x00007ffca3920000 - 0x00007ffca39ed000 	C:\WINDOWS\SYSTEM32\WINHTTP.dll
0x0000000029aa0000 - 0x0000000029ab2000 	C:\Users\Utilizador\.Xilinx\SDK\2016.4\org.eclipse.osgi\133\0\.cp\os\win32\x86_64\localfile_1_0_0.dll
0x00007ffc9e610000 - 0x00007ffc9e61f000 	C:\Xilinx\SDK\2016.4\lib\win64.o\librdi_repo_manager.dll
0x00007ffc9e5b0000 - 0x00007ffc9e603000 	C:\Xilinx\SDK\2016.4\lib\win64.o\librdi_commonxillic.dll
0x00007ffc9e520000 - 0x00007ffc9e54a000 	C:\Xilinx\SDK\2016.4\lib\win64.o\libisl_sysinfo.dll
0x00007ffc4b8f0000 - 0x00007ffc4c39a000 	C:\Xilinx\SDK\2016.4\lib\win64.o\librdi_common.dll
0x00007ffc7ee60000 - 0x00007ffc7f058000 	C:\Xilinx\SDK\2016.4\lib\win64.o\librdi_hsm.dll
0x00007ffc9ce90000 - 0x00007ffc9cf37000 	C:\WINDOWS\SYSTEM32\MSVCP110.dll
0x00007ffc9cf40000 - 0x00007ffc9d014000 	C:\WINDOWS\SYSTEM32\MSVCR110.dll
0x00007ffc4b6d0000 - 0x00007ffc4b8ef000 	C:\Xilinx\SDK\2016.4\lib\win64.o\libXil_lmgr11.dll
0x00007ffc7fba0000 - 0x00007ffc7fca6000 	C:\Xilinx\SDK\2016.4\lib\win64.o\libboost_regex.dll
0x00007ffc9c1c0000 - 0x00007ffc9c1e4000 	C:\Xilinx\SDK\2016.4\lib\win64.o\libboost_filesystem.dll
0x00007ffca6c50000 - 0x00007ffca6ca5000 	C:\WINDOWS\System32\WINTRUST.dll
0x00007ffc9e5a0000 - 0x00007ffc9e5a9000 	C:\Xilinx\SDK\2016.4\lib\win64.o\libboost_system.dll
0x00007ffc942a0000 - 0x00007ffc942e3000 	C:\Xilinx\SDK\2016.4\lib\win64.o\librdi_hdf.dll
0x0000000072cd0000 - 0x0000000072df7000 	C:\Xilinx\SDK\2016.4\lib\win64.o\tcl85t.dll
0x00007ffc4b400000 - 0x00007ffc4b6c8000 	C:\Xilinx\SDK\2016.4\lib\win64.o\librdi_ippcw.dll
0x00007ffc4b090000 - 0x00007ffc4b3fe000 	C:\Xilinx\SDK\2016.4\lib\win64.o\libCOIN-all.dll
0x00007ffc9e3b0000 - 0x00007ffc9e3c0000 	C:\Xilinx\SDK\2016.4\lib\win64.o\libboost_date_time.dll
0x00007ffc87990000 - 0x00007ffc87a07000 	C:\Xilinx\SDK\2016.4\lib\win64.o\libboost_program_options.dll
0x00007ffc9c1a0000 - 0x00007ffc9c1b3000 	C:\Xilinx\SDK\2016.4\lib\win64.o\libboost_signals.dll
0x00007ffc9d5c0000 - 0x00007ffc9d5cb000 	C:\Xilinx\SDK\2016.4\lib\win64.o\libboost_xilinx.dll
0x00007ffc94280000 - 0x00007ffc9429d000 	C:\Xilinx\SDK\2016.4\lib\win64.o\libboost_thread.dll
0x00007ffc82840000 - 0x00007ffc828da000 	C:\Xilinx\SDK\2016.4\lib\win64.o\libhdxml.dll

VM Arguments:
jvm_args: -Dcom.xilinx.sdk.args.hwspec=C:/Users/Utilizador/Desktop/Universidade/4_ano/2_semestre/CR/Projeto/ProjetoFinal/MP_ToDisplays/MP_ToDisplays.sdk/DebUART_wrapper.hdf -Xms64m -Xmx512m & 
java_command: <unknown>
java_class_path (initial): C:\Xilinx\SDK\2016.4\eclipse\win64.o\\plugins/org.eclipse.equinox.launcher_1.3.100.v20150511-1540.jar
Launcher Type: generic

Environment Variables:
JAVA_HOME=C:\Program Files\Java\jdk1.8.0_101
PATH=C:/Xilinx/SDK/2016.4/tps/win64/jre/bin/server;C:/Xilinx/SDK/2016.4/tps/win64/jre/bin;C:/Xilinx/SDK/2016.4/tps/win64/jre/lib/amd64;C:\Xilinx\SDK\2016.4\gnuwin\bin;C:\Xilinx\SDK\2016.4\gnu\microblaze\nt\bin;C:\Xilinx\SDK\2016.4\gnu\microblaze\linux_toolchain\nt64_le\bin;C:\Xilinx\SDK\2016.4\gnu\microblaze\linux_toolchain\nt64_be\bin;C:\Xilinx\SDK\2016.4\gnu\arm\nt\bin;C:\Xilinx\SDK\2016.4\gnu\aarch64\nt\aarch64-none\bin;C:\Xilinx\SDK\2016.4\gnu\aarch64\nt\aarch64-linux\bin;C:\Xilinx\SDK\2016.4\gnu\armr5\nt\gcc-arm-none-eabi\bin;C:\Xilinx\SDK\2016.4\gnu\aarch32\nt\gcc-arm-none-eabi\bin;C:\Xilinx\SDK\2016.4\gnu\aarch32\nt\gcc-arm-linux-gnueabi\bin;C:\Xilinx\SDK\2016.4\tps\win64\cmake-3.3.2\bin;;C:\Xilinx\SDK\2016.4\bin;C:\Xilinx\SDK\2016.4\lib\win64.o;C:\Xilinx\SDK\2016.4\tps\win64\jre\bin\server;C:\Xilinx\SDK\2016.4\tps\win64\jre\bin;C:\Xilinx\Vivado\2016.4\ids_lite\ISE\bin\nt64;C:\Xilinx\Vivado\2016.4\ids_lite\ISE\lib\nt64;C:\Xilinx\Vivado\2016.4\bin;C:\Xilinx\Vivado\2016.4\lib\win64.o;C:\Xilinx\Vivado\2016.4\tps\win64\jre\bin\server;C:\Xilinx\Vivado\2016.4\tps\win64\jre\bin;C:\Xilinx\Vivado_HLS\2016.4\bin;C:\WINDOWS\system32\Npcap;C:\Program Files\MATLAB\MATLAB Production Server\R2015a\runtime\win64;C:\Program Files\MATLAB\MATLAB Production Server\R2015a\bin;C:\Program Files\MATLAB\MATLAB Production Server\R2015a\polyspace\bin;C:\Program Files\PuTTY\;c:\Program Files\Intel\WiFi\bin\;c:\Program Files\Common Files\Intel\WirelessCommon\;C:\Users\Utilizador\AppData\Roaming\npm;C:\Users\Utilizador\AppData\Local\Microsoft\WindowsApps;C:\Python27;C:\Program Files\Java\jdk1.8.0_101\bin;C:\Program Files\NetBeans 8.2\java\maven\bin;C:\Users\Utilizador\Desktop\Universidade\4_ano\2_semestre\CR\Projeto\ProjetoFinal\MP_ToDisplays;
USERNAME=Utilizador
OS=Windows_NT
PROCESSOR_IDENTIFIER=Intel64 Family 6 Model 60 Stepping 3, GenuineIntel



---------------  S Y S T E M  ---------------

OS: Windows 10.0 , 64 bit Build 14393 (10.0.14393.0)

CPU:total 8 (4 cores per cpu, 2 threads per core) family 6 model 60 stepping 3, cmov, cx8, fxsr, mmx, sse, sse2, sse3, ssse3, sse4.1, sse4.2, popcnt, avx, avx2, aes, clmul, erms, lzcnt, ht, tsc, tscinvbit, bmi1, bmi2

Memory: 4k page, physical 8319000k(3367620k free), swap 12607660k(5959336k free)

vm_info: Java HotSpot(TM) 64-Bit Server VM (25.66-b18) for windows-amd64 JRE (1.8.0_66-b18), built on Nov  9 2015 10:51:13 by "java_re" with MS VC++ 10.0 (VS2010)

time: Mon May 08 21:47:31 2017
elapsed time: 182 seconds (0d 0h 3m 2s)

