#
# A fatal error has been detected by the Java Runtime Environment:
#
#  EXCEPTION_UNCAUGHT_CXX_EXCEPTION (0xe06d7363) at pc=0x00007ff970f23c58, pid=9388, tid=9564
#
# JRE version: Java(TM) SE Runtime Environment (8.0_66-b18) (build 1.8.0_66-b18)
# Java VM: Java HotSpot(TM) 64-Bit Server VM (25.66-b18 mixed mode windows-amd64 compressed oops)
# Problematic frame:
# C  [KERNELBASE.dll+0x33c58]
#
# Failed to write core dump. Minidumps are not enabled by default on client versions of Windows
#
# If you would like to submit a bug report, please visit:
#   http://bugreport.java.com/bugreport/crash.jsp
#

---------------  T H R E A D  ---------------

Current thread (0x0000000013d19000):  VMThread [stack: 0x00000000159f0000,0x0000000015af0000] [id=9564]

siginfo: ExceptionCode=0xe06d7363, ExceptionInformation=0x0000000019930520 0x0000000015aef448 0x00007ff964d62cb8 0x00007ff964cb0000 

Registers:
RAX=0x004c0044002e006c, RBX=0x00007ff964d62cb8, RCX=0x000000000000004c, RDX=0x0000000000000000
RSP=0x0000000015aef290, RBP=0x0000000015aef3d0, RSI=0x00000000ffffffff, RDI=0x0000000000661670
R8 =0x0000000000000000, R9 =0x0000000000000000, R10=0x0000000000000000, R11=0x0000000000000000
R12=0x0000000000000001, R13=0x0000000000000008, R14=0x0000000000000000, R15=0xffffffffffffffff
RIP=0x00007ff970f23c58, EFLAGS=0x0000000000000206

Top of Stack: (sp=0x0000000015aef290)
0x0000000015aef290:   0000000000000000 00007ff964d62cb8
0x0000000015aef2a0:   00000000ffffffff 0000000000661670
0x0000000015aef2b0:   00000001e06d7363 0000000000000000
0x0000000015aef2c0:   00007ff970f23c58 00007ff900000004
0x0000000015aef2d0:   0000000019930520 0000000015aef448
0x0000000015aef2e0:   00007ff964d62cb8 00007ff964cb0000
0x0000000015aef2f0:   0000000000000008 0000000000000001
0x0000000015aef300:   0000000000661670 00000000ffffffff
0x0000000015aef310:   0000000015aef3d0 00007ff9743cc26f
0x0000000015aef320:   0000000015aef3e0 0000000000000000
0x0000000015aef330:   0000f54b63c9e66a 0000000000000001
0x0000000015aef340:   00007ff964d79000 00007ff964cb0000
0x0000000015aef350:   0000744adbad6f32 0000000015aef580
0x0000000015aef360:   00007ff964d62cb8 00007ff964d0e92c
0x0000000015aef370:   000000000000001f 0000000000000008
0x0000000015aef380:   0000000000000001 0000000000661670 

Instructions: (pc=0x00007ff970f23c58)
0x00007ff970f23c38:   49 8b d1 44 0f 47 c0 44 89 44 24 38 49 c1 e0 03
0x00007ff970f23c48:   e8 47 90 04 00 48 8d 4c 24 20 ff 15 a0 44 11 00
0x00007ff970f23c58:   48 8b 8c 24 c0 00 00 00 48 33 cc e8 d8 55 04 00
0x00007ff970f23c68:   48 81 c4 d8 00 00 00 c3 83 64 24 38 00 eb d6 cc 


Register to memory mapping:

RAX=0x004c0044002e006c is an unknown value
RBX=0x00007ff964d62cb8 is an unknown value
RCX=0x000000000000004c is an unknown value
RDX=0x0000000000000000 is an unknown value
RSP=0x0000000015aef290 is an unknown value
RBP=0x0000000015aef3d0 is an unknown value
RSI=0x00000000ffffffff is an unallocated location in the heap
RDI=0x0000000000661670 is an unknown value
R8 =0x0000000000000000 is an unknown value
R9 =0x0000000000000000 is an unknown value
R10=0x0000000000000000 is an unknown value
R11=0x0000000000000000 is an unknown value
R12=0x0000000000000001 is an unknown value
R13=0x0000000000000008 is an unknown value
R14=0x0000000000000000 is an unknown value
R15=0xffffffffffffffff is an unknown value


Stack: [0x00000000159f0000,0x0000000015af0000],  sp=0x0000000015aef290,  free space=1020k
Native frames: (J=compiled Java code, j=interpreted, Vv=VM code, C=native code)
C  [KERNELBASE.dll+0x33c58]
C  [MSVCR110.dll+0x5e92c]
C  [MSVCR110.dll+0x1315c]
C  [MSVCR110.dll+0x136a9]
C  [MSVCR110.dll+0x13e9c]
C  [MSVCR110.dll+0x239e]
C  [MSVCR110.dll+0xaf9e]
C  [MSVCP110.dll+0x397b9]
C  [librdi_common.dll+0x183a66]
C  [librdi_common.dll+0x1826fb]
C  [librdi_target_manager.dll+0x2400]
C  [librdi_target_manager.dll+0x2682]
C  [ntdll.dll+0x2a35f]
C  [ntdll.dll+0x806b]
C  [ntdll.dll+0x7d94]
C  [KERNEL32.DLL+0x1ce6a]
C  [MSVCR100.dll+0x20ccd]
V  [jvm.dll+0x210cc5]
V  [jvm.dll+0x249897]
V  [jvm.dll+0x248b36]
V  [jvm.dll+0x248fd1]
V  [jvm.dll+0x2491ee]
V  [jvm.dll+0x29a0fa]
C  [MSVCR100.dll+0x21d9f]
C  [MSVCR100.dll+0x21e3b]
C  [KERNEL32.DLL+0x8364]
C  [ntdll.dll+0x670d1]

VM_Operation (0x000000000014f4c0): Exit, mode: safepoint, requested by thread 0x00000000025be800


---------------  P R O C E S S  ---------------

Java Threads: ( => current thread )
  0x000000001a74a000 JavaThread "pool-2-thread-1" [_thread_blocked, id=15728, stack(0x000000002cf90000,0x000000002d090000)]
  0x000000001a748800 JavaThread "Thread-44" daemon [_thread_blocked, id=6692, stack(0x000000002cd90000,0x000000002ce90000)]
  0x0000000021ba0000 JavaThread "TCF Channel Transmitter" daemon [_thread_blocked, id=11648, stack(0x00000000275a0000,0x00000000276a0000)]
  0x0000000021ba3000 JavaThread "TCF Channel Receiver" daemon [_thread_in_native, id=9712, stack(0x00000000273a0000,0x00000000274a0000)]
  0x0000000021b9f000 JavaThread "Process monitor" daemon [_thread_in_native, id=9952, stack(0x0000000026ca0000,0x0000000026da0000)]
  0x0000000021b9d800 JavaThread "Input Stream Monitor" daemon [_thread_blocked, id=12596, stack(0x0000000026ba0000,0x0000000026ca0000)]
  0x0000000021b9e800 JavaThread "Output Stream Monitor" daemon [_thread_in_native, id=14808, stack(0x0000000026aa0000,0x0000000026ba0000)]
  0x0000000021b9c000 JavaThread "Output Stream Monitor" daemon [_thread_in_native, id=8084, stack(0x00000000269a0000,0x0000000026aa0000)]
  0x0000000021b95800 JavaThread "TCF Locator DNS Lookup" daemon [_thread_blocked, id=9524, stack(0x0000000024270000,0x0000000024370000)]
  0x0000000021b98800 JavaThread "TCF Locator Timer" daemon [_thread_blocked, id=11976, stack(0x0000000024170000,0x0000000024270000)]
  0x0000000021b94000 JavaThread "TCF Locator Receiver" daemon [_thread_in_native, id=14392, stack(0x0000000024070000,0x0000000024170000)]
  0x0000000021b99000 JavaThread "TCF Timer Dispatcher" daemon [_thread_blocked, id=11104, stack(0x0000000023e70000,0x0000000023f70000)]
  0x0000000016d75800 JavaThread "EMF Reference Cleaner" daemon [_thread_blocked, id=12696, stack(0x0000000019330000,0x0000000019430000)]
  0x0000000015ec2000 JavaThread "Service Thread" daemon [_thread_blocked, id=13732, stack(0x00000000167f0000,0x00000000168f0000)]
  0x0000000015e2f000 JavaThread "C1 CompilerThread3" daemon [_thread_blocked, id=8168, stack(0x00000000166f0000,0x00000000167f0000)]
  0x0000000015e26000 JavaThread "C2 CompilerThread2" daemon [_thread_blocked, id=16144, stack(0x00000000165f0000,0x00000000166f0000)]
  0x0000000015e23000 JavaThread "C2 CompilerThread1" daemon [_thread_blocked, id=8272, stack(0x00000000164f0000,0x00000000165f0000)]
  0x0000000015e21800 JavaThread "C2 CompilerThread0" daemon [_thread_blocked, id=11656, stack(0x00000000163f0000,0x00000000164f0000)]
  0x0000000015e2d000 JavaThread "Attach Listener" daemon [_thread_blocked, id=17272, stack(0x00000000162f0000,0x00000000163f0000)]
  0x0000000015e2b800 JavaThread "Signal Dispatcher" daemon [_thread_blocked, id=8164, stack(0x00000000161f0000,0x00000000162f0000)]
  0x000000000240c000 JavaThread "Finalizer" daemon [_thread_blocked, id=13624, stack(0x0000000015bf0000,0x0000000015cf0000)]
  0x0000000013d1d800 JavaThread "Reference Handler" daemon [_thread_blocked, id=5048, stack(0x0000000015af0000,0x0000000015bf0000)]
  0x00000000025be800 JavaThread "main" [_thread_blocked, id=4168, stack(0x0000000000050000,0x0000000000150000)]

Other Threads:
=>0x0000000013d19000 VMThread [stack: 0x00000000159f0000,0x0000000015af0000] [id=9564]

VM state:at safepoint (shutting down)

VM Mutex/Monitor currently owned by a thread:  ([mutex/lock_event])
[0x00000000025bd8e0] Threads_lock - owner thread: 0x0000000013d19000

Heap:
 PSYoungGen      total 107520K, used 35677K [0x00000000f5580000, 0x00000000fde00000, 0x0000000100000000)
  eden space 76800K, 46% used [0x00000000f5580000,0x00000000f7857620,0x00000000fa080000)
  from space 30720K, 0% used [0x00000000fbf00000,0x00000000fbf00000,0x00000000fdd00000)
  to   space 31232K, 0% used [0x00000000fa080000,0x00000000fa080000,0x00000000fbf00000)
 ParOldGen       total 119808K, used 57150K [0x00000000e0000000, 0x00000000e7500000, 0x00000000f5580000)
  object space 119808K, 47% used [0x00000000e0000000,0x00000000e37cf898,0x00000000e7500000)
 Metaspace       used 83731K, capacity 91086K, committed 91176K, reserved 1128448K
  class space    used 10072K, capacity 12303K, committed 12328K, reserved 1048576K

Card table byte_map: [0x0000000002460000,0x0000000002570000] byte_map_base: 0x0000000001d60000

Marking Bits: (ParMarkBitMap*) 0x0000000058dfa5b0
 Begin Bits: [0x0000000012230000, 0x0000000012a30000)
 End Bits:   [0x0000000012a30000, 0x0000000013230000)

Polling page: 0x0000000001ea0000

CodeCache: size=245760Kb used=30902Kb max_used=31265Kb free=214857Kb
 bounds [0x00000000025c0000, 0x0000000004480000, 0x00000000115c0000]
 total_blobs=9495 nmethods=8609 adapters=793
 compilation: enabled

Compilation events (10 events):
Event: 288.322 Thread 0x0000000015e2f000 10542       3       org.eclipse.osgi.storage.bundlefile.MRUBundleFileList::removeInternal (37 bytes)
Event: 288.322 Thread 0x0000000015e2f000 nmethod 10542 0x00000000036d1110 code [0x00000000036d1280, 0x00000000036d16f0]
Event: 288.327 Thread 0x0000000015e2f000 10544       3       java.util.TimSort::mergeHi (732 bytes)
Event: 288.328 Thread 0x0000000015e21800 10553       4       java.lang.Long::valueOf (36 bytes)
Event: 288.329 Thread 0x0000000015e2f000 nmethod 10544 0x0000000003579ed0 code [0x000000000357a200, 0x000000000357c438]
Event: 288.330 Thread 0x0000000015e21800 nmethod 10553 0x00000000029f4950 code [0x00000000029f4aa0, 0x00000000029f4bb8]
Event: 288.330 Thread 0x0000000015e2f000 10545       3       org.eclipse.osgi.container.Module::holdsTransitionEventLock (25 bytes)
Event: 288.331 Thread 0x0000000015e2f000 nmethod 10545 0x0000000003503ad0 code [0x0000000003503c60, 0x0000000003504388]
Event: 288.331 Thread 0x0000000015e2f000 10554       3       org.eclipse.osgi.internal.framework.EquinoxContainerAdaptor::clearManifestCache (84 bytes)
Event: 288.332 Thread 0x0000000015e2f000 nmethod 10554 0x0000000002b68c10 code [0x0000000002b68e60, 0x0000000002b6a578]

GC Heap History (10 events):
Event: 63.823 GC heap before
{Heap before GC invocations=17 (full 3):
 PSYoungGen      total 95232K, used 86705K [0x00000000f5580000, 0x00000000fd600000, 0x0000000100000000)
  eden space 68096K, 95% used [0x00000000f5580000,0x00000000f9548e60,0x00000000f9800000)
  from space 27136K, 78% used [0x00000000f9800000,0x00000000face3780,0x00000000fb280000)
  to   space 28672K, 0% used [0x00000000fba00000,0x00000000fba00000,0x00000000fd600000)
 ParOldGen       total 119808K, used 41407K [0x00000000e0000000, 0x00000000e7500000, 0x00000000f5580000)
  object space 119808K, 34% used [0x00000000e0000000,0x00000000e286fd68,0x00000000e7500000)
 Metaspace       used 79291K, capacity 85944K, committed 86184K, reserved 1124352K
  class space    used 9604K, capacity 11618K, committed 11688K, reserved 1048576K
Event: 63.837 GC heap after
Heap after GC invocations=17 (full 3):
 PSYoungGen      total 100864K, used 23409K [0x00000000f5580000, 0x00000000fda00000, 0x0000000100000000)
  eden space 72192K, 0% used [0x00000000f5580000,0x00000000f5580000,0x00000000f9c00000)
  from space 28672K, 81% used [0x00000000fba00000,0x00000000fd0dc7a0,0x00000000fd600000)
  to   space 30720K, 0% used [0x00000000f9c00000,0x00000000f9c00000,0x00000000fba00000)
 ParOldGen       total 119808K, used 41415K [0x00000000e0000000, 0x00000000e7500000, 0x00000000f5580000)
  object space 119808K, 34% used [0x00000000e0000000,0x00000000e2871d68,0x00000000e7500000)
 Metaspace       used 79291K, capacity 85944K, committed 86184K, reserved 1124352K
  class space    used 9604K, capacity 11618K, committed 11688K, reserved 1048576K
}
Event: 63.837 GC heap before
{Heap before GC invocations=18 (full 4):
 PSYoungGen      total 100864K, used 23409K [0x00000000f5580000, 0x00000000fda00000, 0x0000000100000000)
  eden space 72192K, 0% used [0x00000000f5580000,0x00000000f5580000,0x00000000f9c00000)
  from space 28672K, 81% used [0x00000000fba00000,0x00000000fd0dc7a0,0x00000000fd600000)
  to   space 30720K, 0% used [0x00000000f9c00000,0x00000000f9c00000,0x00000000fba00000)
 ParOldGen       total 119808K, used 41415K [0x00000000e0000000, 0x00000000e7500000, 0x00000000f5580000)
  object space 119808K, 34% used [0x00000000e0000000,0x00000000e2871d68,0x00000000e7500000)
 Metaspace       used 79291K, capacity 85944K, committed 86184K, reserved 1124352K
  class space    used 9604K, capacity 11618K, committed 11688K, reserved 1048576K
Event: 64.190 GC heap after
Heap after GC invocations=18 (full 4):
 PSYoungGen      total 100864K, used 0K [0x00000000f5580000, 0x00000000fda00000, 0x0000000100000000)
  eden space 72192K, 0% used [0x00000000f5580000,0x00000000f5580000,0x00000000f9c00000)
  from space 28672K, 0% used [0x00000000fba00000,0x00000000fba00000,0x00000000fd600000)
  to   space 30720K, 0% used [0x00000000f9c00000,0x00000000f9c00000,0x00000000fba00000)
 ParOldGen       total 119808K, used 57540K [0x00000000e0000000, 0x00000000e7500000, 0x00000000f5580000)
  object space 119808K, 48% used [0x00000000e0000000,0x00000000e3831298,0x00000000e7500000)
 Metaspace       used 79291K, capacity 85944K, committed 86184K, reserved 1124352K
  class space    used 9604K, capacity 11618K, committed 11688K, reserved 1048576K
}
Event: 83.236 GC heap before
{Heap before GC invocations=19 (full 4):
 PSYoungGen      total 100864K, used 72192K [0x00000000f5580000, 0x00000000fda00000, 0x0000000100000000)
  eden space 72192K, 100% used [0x00000000f5580000,0x00000000f9c00000,0x00000000f9c00000)
  from space 28672K, 0% used [0x00000000fba00000,0x00000000fba00000,0x00000000fd600000)
  to   space 30720K, 0% used [0x00000000f9c00000,0x00000000f9c00000,0x00000000fba00000)
 ParOldGen       total 119808K, used 57540K [0x00000000e0000000, 0x00000000e7500000, 0x00000000f5580000)
  object space 119808K, 48% used [0x00000000e0000000,0x00000000e3831298,0x00000000e7500000)
 Metaspace       used 81962K, capacity 89520K, committed 89768K, reserved 1126400K
  class space    used 9899K, capacity 12105K, committed 12200K, reserved 1048576K
Event: 83.242 GC heap after
Heap after GC invocations=19 (full 4):
 PSYoungGen      total 102912K, used 4929K [0x00000000f5580000, 0x00000000fdd00000, 0x0000000100000000)
  eden space 72192K, 0% used [0x00000000f5580000,0x00000000f5580000,0x00000000f9c00000)
  from space 30720K, 16% used [0x00000000f9c00000,0x00000000fa0d0708,0x00000000fba00000)
  to   space 30720K, 0% used [0x00000000fbf00000,0x00000000fbf00000,0x00000000fdd00000)
 ParOldGen       total 119808K, used 57548K [0x00000000e0000000, 0x00000000e7500000, 0x00000000f5580000)
  object space 119808K, 48% used [0x00000000e0000000,0x00000000e3833298,0x00000000e7500000)
 Metaspace       used 81962K, capacity 89520K, committed 89768K, reserved 1126400K
  class space    used 9899K, capacity 12105K, committed 12200K, reserved 1048576K
}
Event: 260.055 GC heap before
{Heap before GC invocations=20 (full 4):
 PSYoungGen      total 102912K, used 30859K [0x00000000f5580000, 0x00000000fdd00000, 0x0000000100000000)
  eden space 72192K, 35% used [0x00000000f5580000,0x00000000f6ed25a8,0x00000000f9c00000)
  from space 30720K, 16% used [0x00000000f9c00000,0x00000000fa0d0708,0x00000000fba00000)
  to   space 30720K, 0% used [0x00000000fbf00000,0x00000000fbf00000,0x00000000fdd00000)
 ParOldGen       total 119808K, used 57548K [0x00000000e0000000, 0x00000000e7500000, 0x00000000f5580000)
  object space 119808K, 48% used [0x00000000e0000000,0x00000000e3833298,0x00000000e7500000)
 Metaspace       used 82382K, capacity 89866K, committed 90024K, reserved 1126400K
  class space    used 9932K, capacity 12111K, committed 12200K, reserved 1048576K
Event: 260.059 GC heap after
Heap after GC invocations=20 (full 4):
 PSYoungGen      total 107520K, used 3282K [0x00000000f5580000, 0x00000000fde00000, 0x0000000100000000)
  eden space 76800K, 0% used [0x00000000f5580000,0x00000000f5580000,0x00000000fa080000)
  from space 30720K, 10% used [0x00000000fbf00000,0x00000000fc234a90,0x00000000fdd00000)
  to   space 31232K, 0% used [0x00000000fa080000,0x00000000fa080000,0x00000000fbf00000)
 ParOldGen       total 119808K, used 57556K [0x00000000e0000000, 0x00000000e7500000, 0x00000000f5580000)
  object space 119808K, 48% used [0x00000000e0000000,0x00000000e3835298,0x00000000e7500000)
 Metaspace       used 82382K, capacity 89866K, committed 90024K, reserved 1126400K
  class space    used 9932K, capacity 12111K, committed 12200K, reserved 1048576K
}
Event: 260.059 GC heap before
{Heap before GC invocations=21 (full 5):
 PSYoungGen      total 107520K, used 3282K [0x00000000f5580000, 0x00000000fde00000, 0x0000000100000000)
  eden space 76800K, 0% used [0x00000000f5580000,0x00000000f5580000,0x00000000fa080000)
  from space 30720K, 10% used [0x00000000fbf00000,0x00000000fc234a90,0x00000000fdd00000)
  to   space 31232K, 0% used [0x00000000fa080000,0x00000000fa080000,0x00000000fbf00000)
 ParOldGen       total 119808K, used 57556K [0x00000000e0000000, 0x00000000e7500000, 0x00000000f5580000)
  object space 119808K, 48% used [0x00000000e0000000,0x00000000e3835298,0x00000000e7500000)
 Metaspace       used 82382K, capacity 89866K, committed 90024K, reserved 1126400K
  class space    used 9932K, capacity 12111K, committed 12200K, reserved 1048576K
Event: 260.433 GC heap after
Heap after GC invocations=21 (full 5):
 PSYoungGen      total 107520K, used 0K [0x00000000f5580000, 0x00000000fde00000, 0x0000000100000000)
  eden space 76800K, 0% used [0x00000000f5580000,0x00000000f5580000,0x00000000fa080000)
  from space 30720K, 0% used [0x00000000fbf00000,0x00000000fbf00000,0x00000000fdd00000)
  to   space 31232K, 0% used [0x00000000fa080000,0x00000000fa080000,0x00000000fbf00000)
 ParOldGen       total 119808K, used 57150K [0x00000000e0000000, 0x00000000e7500000, 0x00000000f5580000)
  object space 119808K, 47% used [0x00000000e0000000,0x00000000e37cf898,0x00000000e7500000)
 Metaspace       used 82382K, capacity 89866K, committed 90024K, reserved 1126400K
  class space    used 9932K, capacity 12111K, committed 12200K, reserved 1048576K
}

Deoptimization events (10 events):
Event: 287.464 Thread 0x00000000025be800 Uncommon trap: reason=bimorphic action=maybe_recompile pc=0x00000000043a7490 method=org.eclipse.emf.ecore.impl.ETypedElementImpl.getEType()Lorg/eclipse/emf/ecore/EClassifier; @ 18
Event: 287.464 Thread 0x00000000025be800 Uncommon trap: reason=bimorphic action=maybe_recompile pc=0x00000000043a7490 method=org.eclipse.emf.ecore.impl.ETypedElementImpl.getEType()Lorg/eclipse/emf/ecore/EClassifier; @ 18
Event: 287.597 Thread 0x0000000016d73000 Uncommon trap: reason=unstable_if action=reinterpret pc=0x0000000002a5f3fc method=org.eclipse.e4.ui.internal.workbench.swt.E4Application$1.syncExec(Ljava/lang/Runnable;)V @ 14
Event: 287.597 Thread 0x0000000016d73000 Uncommon trap: reason=unstable_if action=reinterpret pc=0x0000000003a3fc48 method=org.eclipse.e4.ui.internal.workbench.swt.E4Application$1.syncExec(Ljava/lang/Runnable;)V @ 14
Event: 287.633 Thread 0x000000001a752000 Uncommon trap: reason=unstable_if action=reinterpret pc=0x0000000003e2a408 method=org.eclipse.equinox.internal.event.EventHandlerTracker.getHandlers(Ljava/lang/String;)Ljava/util/Set; @ 28
Event: 287.687 Thread 0x000000001a74f000 Uncommon trap: reason=unstable_if action=reinterpret pc=0x000000000273c724 method=sun.nio.cs.SingleByte$Encoder.encode(C)I @ 13
Event: 287.703 Thread 0x000000001a752000 Uncommon trap: reason=unstable_if action=reinterpret pc=0x00000000041b93e4 method=org.eclipse.swt.graphics.Resource.dispose()V @ 15
Event: 288.249 Thread 0x000000001a752000 Uncommon trap: reason=unstable_if action=reinterpret pc=0x00000000033ee1b0 method=org.eclipse.osgi.internal.hooks.EclipseLazyStarter.shouldActivateFor(Ljava/lang/String;Lorg/eclipse/osgi/container/Module;Lorg/eclipse/osgi/container/ModuleRevision;Lorg/ecliπê‹r@
Event: 288.250 Thread 0x0000000021b9b800 Uncommon trap: reason=unstable_if action=reinterpret pc=0x000000000415fe14 method=org.eclipse.core.internal.jobs.JobManager.startJob(Lorg/eclipse/core/internal/jobs/Worker;)Lorg/eclipse/core/runtime/jobs/Job; @ 20
Event: 288.288 Thread 0x0000000021b9b800 Uncommon trap: reason=unstable_if action=reinterpret pc=0x000000000415cb7c method=org.eclipse.core.internal.jobs.JobManager.nextJob()Lorg/eclipse/core/runtime/jobs/Job; @ 80

Internal exceptions (10 events):
Event: 287.587 Thread 0x00000000025be800 Exception <a 'java/io/FileNotFoundException'> (0x00000000f6da9110) thrown at [C:\re\workspace\8-2-build-windows-amd64-cygwin\jdk8u66\5298\hotspot\src\share\vm\prims\jni.cpp, line 709]
Event: 287.588 Thread 0x00000000025be800 Exception <a 'java/io/FileNotFoundException'> (0x00000000f6dab590) thrown at [C:\re\workspace\8-2-build-windows-amd64-cygwin\jdk8u66\5298\hotspot\src\share\vm\prims\jni.cpp, line 709]
Event: 287.588 Thread 0x00000000025be800 Exception <a 'java/io/FileNotFoundException'> (0x00000000f6dad9d0) thrown at [C:\re\workspace\8-2-build-windows-amd64-cygwin\jdk8u66\5298\hotspot\src\share\vm\prims\jni.cpp, line 709]
Event: 287.588 Thread 0x00000000025be800 Exception <a 'java/io/FileNotFoundException'> (0x00000000f6dafe10) thrown at [C:\re\workspace\8-2-build-windows-amd64-cygwin\jdk8u66\5298\hotspot\src\share\vm\prims\jni.cpp, line 709]
Event: 287.588 Thread 0x00000000025be800 Exception <a 'java/io/FileNotFoundException'> (0x00000000f6db2390) thrown at [C:\re\workspace\8-2-build-windows-amd64-cygwin\jdk8u66\5298\hotspot\src\share\vm\prims\jni.cpp, line 709]
Event: 287.684 Thread 0x000000001a74d800 Exception <a 'java/lang/InterruptedException'> (0x00000000f727b338) thrown at [C:\re\workspace\8-2-build-windows-amd64-cygwin\jdk8u66\5298\hotspot\src\share\vm\runtime\objectMonitor.cpp, line 1683]
Event: 288.287 Thread 0x0000000016d73000 Exception <a 'java/lang/InterruptedException'> (0x00000000f6dc5ed8) thrown at [C:\re\workspace\8-2-build-windows-amd64-cygwin\jdk8u66\5298\hotspot\src\share\vm\runtime\objectMonitor.cpp, line 1683]
Event: 288.312 Thread 0x00000000170b1000 Exception <a 'java/lang/InterruptedException'> (0x00000000f7609bd8) thrown at [C:\re\workspace\8-2-build-windows-amd64-cygwin\jdk8u66\5298\hotspot\src\share\vm\runtime\objectMonitor.cpp, line 1683]
Event: 288.326 Thread 0x0000000016d78800 Exception <a 'java/lang/InterruptedException'> (0x00000000f6983b68) thrown at [C:\re\workspace\8-2-build-windows-amd64-cygwin\jdk8u66\5298\hotspot\src\share\vm\runtime\objectMonitor.cpp, line 1683]
Event: 288.327 Thread 0x0000000017168000 Exception <a 'java/lang/InterruptedException'> (0x00000000f77e8af0) thrown at [C:\re\workspace\8-2-build-windows-amd64-cygwin\jdk8u66\5298\hotspot\src\share\vm\runtime\objectMonitor.cpp, line 1683]

Events (10 events):
Event: 288.331 Thread 0x000000001a752000 Thread exited: 0x000000001a752000
Event: 288.331 Thread 0x0000000015e2f000 flushing nmethod 0x000000000319a350
Event: 288.331 Thread 0x0000000015e2f000 flushing nmethod 0x000000000319a950
Event: 288.331 loading class java/util/IdentityHashMap$KeyIterator
Event: 288.331 loading class java/util/IdentityHashMap$IdentityHashMapIterator
Event: 288.331 loading class java/util/IdentityHashMap$IdentityHashMapIterator done
Event: 288.331 loading class java/util/IdentityHashMap$KeyIterator done
Event: 288.331 Thread 0x000000001a74d800 Thread added: 0x000000001a74d800
Event: 288.332 Thread 0x000000001a74d800 Thread exited: 0x000000001a74d800
Event: 288.332 Executing VM operation: Exit


Dynamic libraries:
0x0000000000400000 - 0x000000000044f000 	C:\Xilinx\SDK\2016.4\eclipse\win64.o\eclipse.exe
0x00007ff974380000 - 0x00007ff974551000 	C:\WINDOWS\SYSTEM32\ntdll.dll
0x00007ff973360000 - 0x00007ff97340c000 	C:\WINDOWS\System32\KERNEL32.DLL
0x00007ff9676b0000 - 0x00007ff967704000 	C:\Program Files (x86)\AVG\Av\avghooka.dll
0x00007ff970ef0000 - 0x00007ff97110d000 	C:\WINDOWS\System32\KERNELBASE.dll
0x00007ff96ed80000 - 0x00007ff96edfa000 	C:\WINDOWS\system32\apphelp.dll
0x00007ff973700000 - 0x00007ff973865000 	C:\WINDOWS\System32\USER32.dll
0x00007ff970c70000 - 0x00007ff970c8e000 	C:\WINDOWS\System32\win32u.dll
0x00007ff9738e0000 - 0x00007ff973914000 	C:\WINDOWS\System32\GDI32.dll
0x00007ff970870000 - 0x00007ff9709f2000 	C:\WINDOWS\System32\gdi32full.dll
0x00007ff9742d0000 - 0x00007ff97436e000 	C:\WINDOWS\System32\msvcrt.dll
0x00007ff963b10000 - 0x00007ff963d8a000 	C:\WINDOWS\WinSxS\amd64_microsoft.windows.common-controls_6595b64144ccf1df_6.0.14393.953_none_42151e83c686086b\COMCTL32.dll
0x00007ff973920000 - 0x00007ff973be8000 	C:\WINDOWS\System32\combase.dll
0x00007ff970d40000 - 0x00007ff970e35000 	C:\WINDOWS\System32\ucrtbase.dll
0x00007ff973130000 - 0x00007ff973251000 	C:\WINDOWS\System32\RPCRT4.dll
0x00007ff971160000 - 0x00007ff9711ca000 	C:\WINDOWS\System32\bcryptPrimitives.dll
0x00007ff973260000 - 0x00007ff97328e000 	C:\WINDOWS\System32\IMM32.DLL
0x0000000072000000 - 0x0000000072012000 	C:\Xilinx\SDK\2016.4\eclipse\win64.o\plugins\org.eclipse.equinox.launcher.win32.win32.x86_64_1.1.300.v20150602-1417\eclipse_1611.dll
0x00007ff973410000 - 0x00007ff9734b2000 	C:\WINDOWS\System32\ADVAPI32.dll
0x00007ff971910000 - 0x00007ff971969000 	C:\WINDOWS\System32\sechost.dll
0x00007ff962ad0000 - 0x00007ff962ada000 	C:\WINDOWS\SYSTEM32\VERSION.dll
0x00007ff96efc0000 - 0x00007ff96f055000 	C:\WINDOWS\system32\uxtheme.dll
0x00007ff974020000 - 0x00007ff97417a000 	C:\WINDOWS\System32\MSCTF.dll
0x00007ff973290000 - 0x00007ff97334f000 	C:\WINDOWS\System32\OLEAUT32.dll
0x00007ff970bd0000 - 0x00007ff970c6c000 	C:\WINDOWS\System32\msvcp_win.dll
0x00000000585f0000 - 0x0000000058e79000 	C:\Xilinx\SDK\2016.4\tps\win64\jre\bin\server\jvm.dll
0x00007ff973350000 - 0x00007ff973358000 	C:\WINDOWS\System32\PSAPI.DLL
0x00007ff96c780000 - 0x00007ff96c789000 	C:\WINDOWS\SYSTEM32\WSOCK32.dll
0x00007ff973870000 - 0x00007ff9738da000 	C:\WINDOWS\System32\WS2_32.dll
0x00007ff96eac0000 - 0x00007ff96eae3000 	C:\WINDOWS\SYSTEM32\WINMM.dll
0x000000005afc0000 - 0x000000005b092000 	C:\WINDOWS\SYSTEM32\MSVCR100.dll
0x00007ff96e920000 - 0x00007ff96e94b000 	C:\WINDOWS\SYSTEM32\WINMMBASE.dll
0x00007ff971110000 - 0x00007ff971152000 	C:\WINDOWS\System32\cfgmgr32.dll
0x00000000584b0000 - 0x00000000584bf000 	C:\Xilinx\SDK\2016.4\tps\win64\jre\bin\verify.dll
0x0000000058480000 - 0x00000000584a9000 	C:\Xilinx\SDK\2016.4\tps\win64\jre\bin\java.dll
0x0000000058460000 - 0x0000000058476000 	C:\Xilinx\SDK\2016.4\tps\win64\jre\bin\zip.dll
0x00007ff971c20000 - 0x00007ff973128000 	C:\WINDOWS\System32\SHELL32.dll
0x00007ff971230000 - 0x00007ff97190a000 	C:\WINDOWS\System32\windows.storage.dll
0x00007ff970820000 - 0x00007ff97086c000 	C:\WINDOWS\System32\powrprof.dll
0x00007ff9741f0000 - 0x00007ff974242000 	C:\WINDOWS\System32\shlwapi.dll
0x00007ff970810000 - 0x00007ff97081f000 	C:\WINDOWS\System32\kernel.appcore.dll
0x00007ff970c90000 - 0x00007ff970d39000 	C:\WINDOWS\System32\shcore.dll
0x00007ff9707f0000 - 0x00007ff970804000 	C:\WINDOWS\System32\profapi.dll
0x00007ff970260000 - 0x00007ff970277000 	C:\WINDOWS\SYSTEM32\CRYPTSP.dll
0x00007ff96fcb0000 - 0x00007ff96fce3000 	C:\WINDOWS\system32\rsaenh.dll
0x00007ff970720000 - 0x00007ff97074b000 	C:\WINDOWS\SYSTEM32\bcrypt.dll
0x00007ff96ff30000 - 0x00007ff96ff4f000 	C:\WINDOWS\SYSTEM32\USERENV.dll
0x00007ff970250000 - 0x00007ff97025b000 	C:\WINDOWS\SYSTEM32\CRYPTBASE.dll
0x0000000058440000 - 0x000000005845a000 	C:\Xilinx\SDK\2016.4\tps\win64\jre\bin\net.dll
0x00007ff9700b0000 - 0x00007ff97010c000 	C:\WINDOWS\system32\mswsock.dll
0x00007ff96fe30000 - 0x00007ff96fe68000 	C:\WINDOWS\SYSTEM32\IPHLPAPI.DLL
0x00007ff974370000 - 0x00007ff974378000 	C:\WINDOWS\System32\NSI.dll
0x00007ff96cc10000 - 0x00007ff96cc26000 	C:\WINDOWS\SYSTEM32\dhcpcsvc6.DLL
0x00007ff96cb40000 - 0x00007ff96cb5a000 	C:\WINDOWS\SYSTEM32\dhcpcsvc.DLL
0x0000000058420000 - 0x0000000058431000 	C:\Xilinx\SDK\2016.4\tps\win64\jre\bin\nio.dll
0x00007ff95e4a0000 - 0x00007ff95e4b6000 	C:\WINDOWS\system32\napinsp.dll
0x00007ff95e470000 - 0x00007ff95e48a000 	C:\WINDOWS\system32\pnrpnsp.dll
0x00007ff96be20000 - 0x00007ff96be38000 	C:\WINDOWS\system32\NLAapi.dll
0x00007ff96fe70000 - 0x00007ff96ff11000 	C:\WINDOWS\SYSTEM32\DNSAPI.dll
0x00007ff962ee0000 - 0x00007ff962eee000 	C:\WINDOWS\System32\winrnr.dll
0x000000005b0d0000 - 0x000000005b0f6000 	C:\Program Files\Bonjour\mdnsNSP.dll
0x00007ff96b090000 - 0x00007ff96b09a000 	C:\Windows\System32\rasadhlp.dll
0x00007ff96b450000 - 0x00007ff96b4ba000 	C:\WINDOWS\System32\fwpuclnt.dll
0x0000000019030000 - 0x00000000190d8000 	C:\Users\Utilizador\.Xilinx\SDK\2016.4\org.eclipse.osgi\319\0\.cp\swt-win32-4527.dll
0x00007ff971a70000 - 0x00007ff971ba8000 	C:\WINDOWS\System32\ole32.dll
0x00007ff971970000 - 0x00007ff971a6a000 	C:\WINDOWS\System32\comdlg32.dll
0x00007ff970a00000 - 0x00007ff970bc9000 	C:\WINDOWS\System32\CRYPT32.dll
0x00007ff9707e0000 - 0x00007ff9707f0000 	C:\WINDOWS\System32\MSASN1.dll
0x00007ff96bc30000 - 0x00007ff96bcb6000 	C:\WINDOWS\SYSTEM32\WINSPOOL.DRV
0x00007ff968ba0000 - 0x00007ff968bb9000 	C:\WINDOWS\SYSTEM32\USP10.dll
0x00007ff96ce90000 - 0x00007ff96d15a000 	C:\WINDOWS\SYSTEM32\WININET.dll
0x00007ff96dd30000 - 0x00007ff96dd56000 	C:\WINDOWS\system32\dwmapi.dll
0x00007ff96daa0000 - 0x00007ff96dc25000 	C:\WINDOWS\SYSTEM32\propsys.dll
0x00007ff973660000 - 0x00007ff9736ff000 	C:\WINDOWS\System32\clbcatq.dll
0x00000000186e0000 - 0x00000000186fe000 	C:\Users\Utilizador\.Xilinx\SDK\2016.4\org.eclipse.osgi\319\0\.cp\swt-gdip-win32-4527.dll
0x00007ff965510000 - 0x00007ff9656aa000 	C:\WINDOWS\WinSxS\amd64_microsoft.windows.gdiplus_6595b64144ccf1df_1.1.14393.953_none_7300116921188239\gdiplus.dll
0x00007ff96c910000 - 0x00007ff96cab8000 	C:\WINDOWS\SYSTEM32\WindowsCodecs.dll
0x0000000180000000 - 0x0000000180012000 	C:\Users\Utilizador\.Xilinx\SDK\2016.4\org.eclipse.osgi\133\0\.cp\os\win32\x86_64\localfile_1_0_0.dll
0x00007ff95d140000 - 0x00007ff95d1a5000 	C:\WINDOWS\SYSTEM32\oleacc.dll
0x00007ff96a9c0000 - 0x00007ff96a9c7000 	C:\WINDOWS\SYSTEM32\msimg32.dll
0x00007ff96b8c0000 - 0x00007ff96b8d1000 	C:\Users\Utilizador\.Xilinx\SDK\2016.4\org.eclipse.osgi\136\0\.cp\jWinHttp-1.0.0.dll
0x00007ff96dc60000 - 0x00007ff96dd2d000 	C:\WINDOWS\SYSTEM32\WINHTTP.dll
0x00007ff9695c0000 - 0x00007ff9695cf000 	C:\Xilinx\SDK\2016.4\lib\win64.o\librdi_repo_manager.dll
0x00007ff9576a0000 - 0x00007ff9576ca000 	C:\Xilinx\SDK\2016.4\lib\win64.o\libisl_sysinfo.dll
0x00007ff90eef0000 - 0x00007ff90f99a000 	C:\Xilinx\SDK\2016.4\lib\win64.o\librdi_common.dll
0x00007ff952410000 - 0x00007ff952463000 	C:\Xilinx\SDK\2016.4\lib\win64.o\librdi_commonxillic.dll
0x00007ff911a90000 - 0x00007ff911c88000 	C:\Xilinx\SDK\2016.4\lib\win64.o\librdi_hsm.dll
0x00007ff964c00000 - 0x00007ff964ca7000 	C:\WINDOWS\SYSTEM32\MSVCP110.dll
0x00007ff964cb0000 - 0x00007ff964d84000 	C:\WINDOWS\SYSTEM32\MSVCR110.dll
0x00007ff90eb80000 - 0x00007ff90eeee000 	C:\Xilinx\SDK\2016.4\lib\win64.o\libCOIN-all.dll
0x00007ff910830000 - 0x00007ff910a4f000 	C:\Xilinx\SDK\2016.4\lib\win64.o\libXil_lmgr11.dll
0x00007ff9711d0000 - 0x00007ff971225000 	C:\WINDOWS\System32\WINTRUST.dll
0x00007ff9670f0000 - 0x00007ff967100000 	C:\Xilinx\SDK\2016.4\lib\win64.o\libboost_date_time.dll
0x00007ff956860000 - 0x00007ff956884000 	C:\Xilinx\SDK\2016.4\lib\win64.o\libboost_filesystem.dll
0x00007ff950170000 - 0x00007ff9501e7000 	C:\Xilinx\SDK\2016.4\lib\win64.o\libboost_program_options.dll
0x00007ff915fc0000 - 0x00007ff9160c6000 	C:\Xilinx\SDK\2016.4\lib\win64.o\libboost_regex.dll
0x00007ff963de0000 - 0x00007ff963df3000 	C:\Xilinx\SDK\2016.4\lib\win64.o\libboost_signals.dll
0x00007ff966e50000 - 0x00007ff966e59000 	C:\Xilinx\SDK\2016.4\lib\win64.o\libboost_system.dll
0x00007ff9636b0000 - 0x00007ff9636cd000 	C:\Xilinx\SDK\2016.4\lib\win64.o\libboost_thread.dll
0x00007ff966de0000 - 0x00007ff966deb000 	C:\Xilinx\SDK\2016.4\lib\win64.o\libboost_xilinx.dll
0x00007ff949380000 - 0x00007ff949400000 	C:\Xilinx\SDK\2016.4\lib\win64.o\libhdlpsolve.dll
0x00007ff948e60000 - 0x00007ff948efa000 	C:\Xilinx\SDK\2016.4\lib\win64.o\libhdxml.dll
0x00007ff90e7b0000 - 0x00007ff90eb79000 	C:\Xilinx\SDK\2016.4\lib\win64.o\libisl_iostreams.dll
0x00007ff963070000 - 0x00007ff963085000 	C:\Xilinx\SDK\2016.4\lib\win64.o\pthreadVC2.dll
0x00007ff911500000 - 0x00007ff911630000 	C:\Xilinx\SDK\2016.4\lib\win64.o\librdi_curl.dll
0x00007ff95e930000 - 0x00007ff95e948000 	C:\Xilinx\SDK\2016.4\lib\win64.o\librdiconfig.dll
0x00007ff95cc00000 - 0x00007ff95cc1f000 	C:\Xilinx\SDK\2016.4\lib\win64.o\librdizlib.dll
0x00000000584c0000 - 0x00000000585e7000 	C:\Xilinx\SDK\2016.4\lib\win64.o\tcl85t.dll
0x0000000024ea0000 - 0x0000000025103000 	C:\Xilinx\SDK\2016.4\lib\win64.o\xerces-c_3_1.dll
0x00007ff963320000 - 0x00007ff9634e3000 	C:\WINDOWS\SYSTEM32\urlmon.dll
0x00007ff963e00000 - 0x00007ff963e23000 	C:\WINDOWS\SYSTEM32\VCOMP110.DLL
0x00007ff94b610000 - 0x00007ff94b653000 	C:\Xilinx\SDK\2016.4\lib\win64.o\librdi_hdf.dll
0x00007ff90e4e0000 - 0x00007ff90e7a8000 	C:\Xilinx\SDK\2016.4\lib\win64.o\librdi_ippcw.dll
0x00007ff96a770000 - 0x00007ff96a788000 	C:\WINDOWS\SYSTEM32\NETAPI32.dll
0x00007ff964ef0000 - 0x00007ff964efb000 	C:\Xilinx\SDK\2016.4\lib\win64.o\libboost_chrono.dll
0x00007ff95cb10000 - 0x00007ff95cb26000 	C:\Xilinx\SDK\2016.4\lib\win64.o\libboost_iostreams.dll
0x00007ff9540a0000 - 0x00007ff9540c3000 	C:\Xilinx\SDK\2016.4\lib\win64.o\libisl_iosutils.dll
0x00007ff96ab70000 - 0x00007ff96ae15000 	C:\WINDOWS\SYSTEM32\iertutil.dll
0x00007ff962a20000 - 0x00007ff962a62000 	C:\WINDOWS\SYSTEM32\edputil.dll
0x00007ff958ac0000 - 0x00007ff958ad6000 	C:\Xilinx\SDK\2016.4\eclipse\win64.o\plugins\org.eclipse.cdt.core.win32.x86_64_5.4.0.201509131935\os\win32\x86_64\spawner.dll
0x00007ff964e70000 - 0x00007ff964e7a000 	C:\Xilinx\SDK\2016.4\lib\win64.o\librdi_jtag_settings.dll
0x00007ff953700000 - 0x00007ff953729000 	C:\Xilinx\SDK\2016.4\lib\win64.o\librdi_debug_dialog.dll
0x00007ff964d90000 - 0x00007ff964d98000 	C:\Xilinx\SDK\2016.4\lib\win64.o\librdi_target_manager.dll
0x00007ff90c080000 - 0x00007ff90c890000 	C:\Xilinx\SDK\2016.4\lib\win64.o\libXil_lmgr11FNP.dll
0x00007ff973bf0000 - 0x00007ff974019000 	C:\WINDOWS\System32\SETUPAPI.dll
0x00007ff961440000 - 0x00007ff96144c000 	C:\WINDOWS\SYSTEM32\snmpapi.dll
0x00007ff970450000 - 0x00007ff97047c000 	C:\WINDOWS\SYSTEM32\SspiCli.dll
0x0000000019910000 - 0x0000000019913000 	C:\WINDOWS\SYSTEM32\icmp.Dll

VM Arguments:
jvm_args: -Dcom.xilinx.sdk.args.hwspec=C:/Users/Utilizador/Desktop/Universidade/4_ano/2_semestre/CR/Projeto/ProjetoFinal/MP_ToDisplays/MP_ToDisplays.sdk/DebUART_wrapper.hdf -Xms64m -Xmx512m & 
java_command: <unknown>
java_class_path (initial): C:\Xilinx\SDK\2016.4\eclipse\win64.o\\plugins/org.eclipse.equinox.launcher_1.3.100.v20150511-1540.jar
Launcher Type: generic

Environment Variables:
JAVA_HOME=C:\Program Files\Java\jdk1.8.0_101
PATH=C:/Xilinx/SDK/2016.4/tps/win64/jre/bin/server;C:/Xilinx/SDK/2016.4/tps/win64/jre/bin;C:/Xilinx/SDK/2016.4/tps/win64/jre/lib/amd64;C:\Xilinx\SDK\2016.4\gnuwin\bin;C:\Xilinx\SDK\2016.4\gnu\microblaze\nt\bin;C:\Xilinx\SDK\2016.4\gnu\microblaze\linux_toolchain\nt64_le\bin;C:\Xilinx\SDK\2016.4\gnu\microblaze\linux_toolchain\nt64_be\bin;C:\Xilinx\SDK\2016.4\gnu\arm\nt\bin;C:\Xilinx\SDK\2016.4\gnu\aarch64\nt\aarch64-none\bin;C:\Xilinx\SDK\2016.4\gnu\aarch64\nt\aarch64-linux\bin;C:\Xilinx\SDK\2016.4\gnu\armr5\nt\gcc-arm-none-eabi\bin;C:\Xilinx\SDK\2016.4\gnu\aarch32\nt\gcc-arm-none-eabi\bin;C:\Xilinx\SDK\2016.4\gnu\aarch32\nt\gcc-arm-linux-gnueabi\bin;C:\Xilinx\SDK\2016.4\tps\win64\cmake-3.3.2\bin;;C:\Xilinx\SDK\2016.4\bin;C:\Xilinx\SDK\2016.4\lib\win64.o;C:\Xilinx\SDK\2016.4\tps\win64\jre\bin\server;C:\Xilinx\SDK\2016.4\tps\win64\jre\bin;C:\Xilinx\Vivado\2016.4\ids_lite\ISE\bin\nt64;C:\Xilinx\Vivado\2016.4\ids_lite\ISE\lib\nt64;C:\Xilinx\Vivado\2016.4\bin;C:\Xilinx\Vivado\2016.4\lib\win64.o;C:\Xilinx\Vivado\2016.4\tps\win64\jre\bin\server;C:\Xilinx\Vivado\2016.4\tps\win64\jre\bin;C:\Xilinx\Vivado_HLS\2016.4\bin;C:\WINDOWS\system32\Npcap;C:\Program Files\MATLAB\MATLAB Production Server\R2015a\runtime\win64;C:\Program Files\MATLAB\MATLAB Production Server\R2015a\bin;C:\Program Files\MATLAB\MATLAB Production Server\R2015a\polyspace\bin;C:\Program Files\PuTTY\;c:\Program Files\Intel\WiFi\bin\;c:\Program Files\Common Files\Intel\WirelessCommon\;C:\Users\Utilizador\AppData\Roaming\npm;C:\Users\Utilizador\AppData\Local\Microsoft\WindowsApps;C:\Python27;C:\Program Files\Java\jdk1.8.0_101\bin;C:\Program Files\NetBeans 8.2\java\maven\bin;c:\Users\Utilizador\Desktop\Universidade\4_ano\2_semestre\CR\Projeto\ProjetoFinal\MP_ToDisplays;
USERNAME=Utilizador
OS=Windows_NT
PROCESSOR_IDENTIFIER=Intel64 Family 6 Model 60 Stepping 3, GenuineIntel



---------------  S Y S T E M  ---------------

OS: Windows 10.0 , 64 bit Build 14393 (10.0.14393.1198)

CPU:total 8 (4 cores per cpu, 2 threads per core) family 6 model 60 stepping 3, cmov, cx8, fxsr, mmx, sse, sse2, sse3, ssse3, sse4.1, sse4.2, popcnt, avx, avx2, aes, clmul, erms, lzcnt, ht, tsc, tscinvbit, bmi1, bmi2

Memory: 4k page, physical 8319000k(2823420k free), swap 12976516k(3997572k free)

vm_info: Java HotSpot(TM) 64-Bit Server VM (25.66-b18) for windows-amd64 JRE (1.8.0_66-b18), built on Nov  9 2015 10:51:13 by "java_re" with MS VC++ 10.0 (VS2010)

time: Sun May 28 17:48:16 2017
elapsed time: 288 seconds (0d 0h 4m 48s)

