#
# A fatal error has been detected by the Java Runtime Environment:
#
#  EXCEPTION_UNCAUGHT_CXX_EXCEPTION (0xe06d7363) at pc=0x00007ff970f23c58, pid=2020, tid=12360
#
# JRE version: Java(TM) SE Runtime Environment (8.0_66-b18) (build 1.8.0_66-b18)
# Java VM: Java HotSpot(TM) 64-Bit Server VM (25.66-b18 mixed mode windows-amd64 compressed oops)
# Problematic frame:
# C  [KERNELBASE.dll+0x33c58]
#
# Failed to write core dump. Minidumps are not enabled by default on client versions of Windows
#
# If you would like to submit a bug report, please visit:
#   http://bugreport.java.com/bugreport/crash.jsp
#

---------------  T H R E A D  ---------------

Current thread (0x0000000013d59800):  VMThread [stack: 0x0000000015a40000,0x0000000015b40000] [id=12360]

siginfo: ExceptionCode=0xe06d7363, ExceptionInformation=0x0000000019930520 0x0000000015b3f448 0x00007ff964d62cb8 0x00007ff964cb0000 

Registers:
RAX=0x004c0044002e006c, RBX=0x00007ff964d62cb8, RCX=0x000000000000004c, RDX=0x0000000000000000
RSP=0x0000000015b3f290, RBP=0x0000000015b3f3d0, RSI=0x00000000ffffffff, RDI=0x000000001751d330
R8 =0x0000000000000000, R9 =0x0000000000000000, R10=0x0000000000000000, R11=0x0000000000000000
R12=0x0000000000000001, R13=0x0000000000000008, R14=0x0000000000000000, R15=0xffffffffffffffff
RIP=0x00007ff970f23c58, EFLAGS=0x0000000000000206

Top of Stack: (sp=0x0000000015b3f290)
0x0000000015b3f290:   0000000000000000 00007ff964d62cb8
0x0000000015b3f2a0:   00000000ffffffff 000000001751d330
0x0000000015b3f2b0:   00000001e06d7363 0000000000000000
0x0000000015b3f2c0:   00007ff970f23c58 00007ff900000004
0x0000000015b3f2d0:   0000000019930520 0000000015b3f448
0x0000000015b3f2e0:   00007ff964d62cb8 00007ff964cb0000
0x0000000015b3f2f0:   0000000000000008 0000000000000001
0x0000000015b3f300:   000000001751d330 00000000ffffffff
0x0000000015b3f310:   0000000015b3f3d0 00007ff9743cc26f
0x0000000015b3f320:   0000000015b3f3e0 0000000000000000
0x0000000015b3f330:   0000a921325fdd4e 0000000000000001
0x0000000015b3f340:   00007ff964d79000 00007ff964cb0000
0x0000000015b3f350:   0000d4cc7892e92c 0000000015b3f580
0x0000000015b3f360:   00007ff964d62cb8 00007ff964d0e92c
0x0000000015b3f370:   000000000000001f 0000000000000008
0x0000000015b3f380:   0000000000000001 000000001751d330 

Instructions: (pc=0x00007ff970f23c58)
0x00007ff970f23c38:   49 8b d1 44 0f 47 c0 44 89 44 24 38 49 c1 e0 03
0x00007ff970f23c48:   e8 47 90 04 00 48 8d 4c 24 20 ff 15 a0 44 11 00
0x00007ff970f23c58:   48 8b 8c 24 c0 00 00 00 48 33 cc e8 d8 55 04 00
0x00007ff970f23c68:   48 81 c4 d8 00 00 00 c3 83 64 24 38 00 eb d6 cc 


Register to memory mapping:

RAX=0x004c0044002e006c is an unknown value
RBX=0x00007ff964d62cb8 is an unknown value
RCX=0x000000000000004c is an unknown value
RDX=0x0000000000000000 is an unknown value
RSP=0x0000000015b3f290 is an unknown value
RBP=0x0000000015b3f3d0 is an unknown value
RSI=0x00000000ffffffff is an unallocated location in the heap
RDI=0x000000001751d330 is an unknown value
R8 =0x0000000000000000 is an unknown value
R9 =0x0000000000000000 is an unknown value
R10=0x0000000000000000 is an unknown value
R11=0x0000000000000000 is an unknown value
R12=0x0000000000000001 is an unknown value
R13=0x0000000000000008 is an unknown value
R14=0x0000000000000000 is an unknown value
R15=0xffffffffffffffff is an unknown value


Stack: [0x0000000015a40000,0x0000000015b40000],  sp=0x0000000015b3f290,  free space=1020k
Native frames: (J=compiled Java code, j=interpreted, Vv=VM code, C=native code)
C  [KERNELBASE.dll+0x33c58]
C  [MSVCR110.dll+0x5e92c]
C  [MSVCR110.dll+0x1315c]
C  [MSVCR110.dll+0x136a9]
C  [MSVCR110.dll+0x13e9c]
C  [MSVCR110.dll+0x239e]
C  [MSVCR110.dll+0xaf9e]
C  [MSVCP110.dll+0x397b9]
C  [librdi_common.dll+0x183a66]
C  [librdi_common.dll+0x1826fb]
C  [librdi_target_manager.dll+0x2400]
C  [librdi_target_manager.dll+0x2682]
C  [ntdll.dll+0x2a35f]
C  [ntdll.dll+0x806b]
C  [ntdll.dll+0x7d94]
C  [KERNEL32.DLL+0x1ce6a]
C  [MSVCR100.dll+0x20ccd]
V  [jvm.dll+0x210cc5]
V  [jvm.dll+0x249897]
V  [jvm.dll+0x248b36]
V  [jvm.dll+0x248fd1]
V  [jvm.dll+0x2491ee]
V  [jvm.dll+0x29a0fa]
C  [MSVCR100.dll+0x21d9f]
C  [MSVCR100.dll+0x21e3b]
C  [KERNEL32.DLL+0x8364]
C  [ntdll.dll+0x670d1]

VM_Operation (0x000000000014f4c0): Exit, mode: safepoint, requested by thread 0x000000000237e800


---------------  P R O C E S S  ---------------

Java Threads: ( => current thread )
  0x000000001a540800 JavaThread "pool-2-thread-5" [_thread_blocked, id=9516, stack(0x0000000032880000,0x0000000032980000)]
  0x000000001a53d800 JavaThread "pool-2-thread-4" [_thread_blocked, id=6924, stack(0x000000002f980000,0x000000002fa80000)]
  0x000000001a53f800 JavaThread "pool-2-thread-3" [_thread_blocked, id=1672, stack(0x000000002e080000,0x000000002e180000)]
  0x000000001a53c800 JavaThread "pool-2-thread-2" [_thread_blocked, id=16660, stack(0x000000002c280000,0x000000002c380000)]
  0x000000001a53c000 JavaThread "pool-2-thread-1" [_thread_blocked, id=9840, stack(0x000000002a780000,0x000000002a880000)]
  0x000000001a53a800 JavaThread "Thread-38" daemon [_thread_blocked, id=4108, stack(0x000000002a580000,0x000000002a680000)]
  0x000000001a534800 JavaThread "TCF Channel Transmitter" daemon [_thread_blocked, id=15740, stack(0x0000000026480000,0x0000000026580000)]
  0x000000001bdc1000 JavaThread "TCF Channel Receiver" daemon [_thread_in_native, id=18112, stack(0x0000000026380000,0x0000000026480000)]
  0x000000001bdbc800 JavaThread "Process monitor" daemon [_thread_in_native, id=4052, stack(0x0000000025a50000,0x0000000025b50000)]
  0x000000001bdbf800 JavaThread "Input Stream Monitor" daemon [_thread_blocked, id=17312, stack(0x0000000025950000,0x0000000025a50000)]
  0x000000001bdbf000 JavaThread "Output Stream Monitor" daemon [_thread_in_native, id=7452, stack(0x0000000025850000,0x0000000025950000)]
  0x000000001bdc2000 JavaThread "Output Stream Monitor" daemon [_thread_in_native, id=8388, stack(0x0000000025750000,0x0000000025850000)]
  0x000000001bdbb000 JavaThread "TCF Locator DNS Lookup" daemon [_thread_blocked, id=13668, stack(0x0000000022f20000,0x0000000023020000)]
  0x000000001bdb3800 JavaThread "TCF Locator Timer" daemon [_thread_blocked, id=8472, stack(0x0000000022e20000,0x0000000022f20000)]
  0x000000001bdb4800 JavaThread "TCF Locator Receiver" daemon [_thread_in_native, id=14320, stack(0x0000000022d20000,0x0000000022e20000)]
  0x000000001bdb9000 JavaThread "TCF Timer Dispatcher" daemon [_thread_blocked, id=18012, stack(0x0000000022b20000,0x0000000022c20000)]
  0x00000000161e3800 JavaThread "EMF Reference Cleaner" daemon [_thread_blocked, id=8032, stack(0x0000000019390000,0x0000000019490000)]
  0x0000000015f11800 JavaThread "Service Thread" daemon [_thread_blocked, id=10572, stack(0x0000000016840000,0x0000000016940000)]
  0x0000000013d6c000 JavaThread "C1 CompilerThread3" daemon [_thread_blocked, id=1164, stack(0x0000000016740000,0x0000000016840000)]
  0x0000000015e72800 JavaThread "C2 CompilerThread2" daemon [_thread_blocked, id=5028, stack(0x0000000016640000,0x0000000016740000)]
  0x0000000015e6e800 JavaThread "C2 CompilerThread1" daemon [_thread_blocked, id=15444, stack(0x0000000016540000,0x0000000016640000)]
  0x0000000015e7e800 JavaThread "C2 CompilerThread0" daemon [_thread_blocked, id=14584, stack(0x0000000016440000,0x0000000016540000)]
  0x0000000015e7c000 JavaThread "Attach Listener" daemon [_thread_blocked, id=15020, stack(0x0000000016340000,0x0000000016440000)]
  0x0000000015e7b000 JavaThread "Signal Dispatcher" daemon [_thread_blocked, id=7504, stack(0x0000000016240000,0x0000000016340000)]
  0x00000000024ea800 JavaThread "Finalizer" daemon [_thread_blocked, id=16068, stack(0x0000000015c40000,0x0000000015d40000)]
  0x00000000024e4000 JavaThread "Reference Handler" daemon [_thread_blocked, id=12156, stack(0x0000000015b40000,0x0000000015c40000)]
  0x000000000237e800 JavaThread "main" [_thread_blocked, id=9980, stack(0x0000000000050000,0x0000000000150000)]

Other Threads:
=>0x0000000013d59800 VMThread [stack: 0x0000000015a40000,0x0000000015b40000] [id=12360]

VM state:at safepoint (shutting down)

VM Mutex/Monitor currently owned by a thread:  ([mutex/lock_event])
[0x000000000237d840] Threads_lock - owner thread: 0x0000000013d59800

Heap:
 PSYoungGen      total 108032K, used 47808K [0x00000000f5580000, 0x00000000fd500000, 0x0000000100000000)
  eden space 85504K, 54% used [0x00000000f5580000,0x00000000f8310a30,0x00000000fa900000)
  from space 22528K, 5% used [0x00000000fbf00000,0x00000000fc01f8e0,0x00000000fd500000)
  to   space 22528K, 0% used [0x00000000fa900000,0x00000000fa900000,0x00000000fbf00000)
 ParOldGen       total 117760K, used 46030K [0x00000000e0000000, 0x00000000e7300000, 0x00000000f5580000)
  object space 117760K, 39% used [0x00000000e0000000,0x00000000e2cf39e8,0x00000000e7300000)
 Metaspace       used 86059K, capacity 93460K, committed 93616K, reserved 1130496K
  class space    used 10140K, capacity 12397K, committed 12464K, reserved 1048576K

Card table byte_map: [0x00000000118b0000,0x00000000119c0000] byte_map_base: 0x00000000111b0000

Marking Bits: (ParMarkBitMap*) 0x0000000058d8a5b0
 Begin Bits: [0x0000000012270000, 0x0000000012a70000)
 End Bits:   [0x0000000012a70000, 0x0000000013270000)

Polling page: 0x00000000005c0000

CodeCache: size=245760Kb used=40019Kb max_used=40033Kb free=205740Kb
 bounds [0x00000000024f0000, 0x0000000004c60000, 0x00000000114f0000]
 total_blobs=11624 nmethods=10737 adapters=794
 compilation: enabled

Compilation events (10 events):
Event: 592.406 Thread 0x0000000013d6c000 13298       3       org.eclipse.osgi.container.ModuleWiring::invalidate0 (52 bytes)
Event: 592.407 Thread 0x0000000015e72800 nmethod 13306 0x0000000004985990 code [0x0000000004985ae0, 0x0000000004985ba8]
Event: 592.408 Thread 0x0000000013d6c000 nmethod 13298 0x000000000499d890 code [0x000000000499da40, 0x000000000499e3e8]
Event: 592.408 Thread 0x0000000013d6c000 13299       3       org.eclipse.osgi.internal.container.AtomicLazyInitializer::getAndClear (9 bytes)
Event: 592.408 Thread 0x0000000013d6c000 nmethod 13299 0x0000000004c43350 code [0x0000000004c434c0, 0x0000000004c43710]
Event: 592.408 Thread 0x0000000013d6c000 13300       3       java.util.concurrent.atomic.AtomicReference::getAndSet (12 bytes)
Event: 592.409 Thread 0x0000000013d6c000 nmethod 13300 0x0000000004985610 code [0x0000000004985760, 0x00000000049858d0]
Event: 592.409 Thread 0x0000000013d6c000 13301       3       sun.misc.Unsafe::getAndSetObject (24 bytes)
Event: 592.409 Thread 0x0000000013d6c000 nmethod 13301 0x000000000499d450 code [0x000000000499d5c0, 0x000000000499d7d0]
Event: 592.409 Thread 0x0000000013d6c000 13302       3       org.eclipse.osgi.internal.framework.EquinoxContainerAdaptor::invalidateWiring (186 bytes)

GC Heap History (10 events):
Event: 477.222 GC heap before
{Heap before GC invocations=29 (full 8):
 PSYoungGen      total 84992K, used 1939K [0x00000000f5580000, 0x00000000fd780000, 0x0000000100000000)
  eden space 82944K, 0% used [0x00000000f5580000,0x00000000f5580000,0x00000000fa680000)
  from space 2048K, 94% used [0x00000000fa680000,0x00000000fa864e30,0x00000000fa880000)
  to   space 25088K, 0% used [0x00000000fbf00000,0x00000000fbf00000,0x00000000fd780000)
 ParOldGen       total 117760K, used 57360K [0x00000000e0000000, 0x00000000e7300000, 0x00000000f5580000)
  object space 117760K, 48% used [0x00000000e0000000,0x00000000e3804008,0x00000000e7300000)
 Metaspace       used 84341K, capacity 91882K, committed 92208K, reserved 1128448K
  class space    used 10016K, capacity 12250K, committed 12336K, reserved 1048576K
Event: 478.120 GC heap after
Heap after GC invocations=29 (full 8):
 PSYoungGen      total 84992K, used 0K [0x00000000f5580000, 0x00000000fd780000, 0x0000000100000000)
  eden space 82944K, 0% used [0x00000000f5580000,0x00000000f5580000,0x00000000fa680000)
  from space 2048K, 0% used [0x00000000fa680000,0x00000000fa680000,0x00000000fa880000)
  to   space 25088K, 0% used [0x00000000fbf00000,0x00000000fbf00000,0x00000000fd780000)
 ParOldGen       total 117760K, used 48352K [0x00000000e0000000, 0x00000000e7300000, 0x00000000f5580000)
  object space 117760K, 41% used [0x00000000e0000000,0x00000000e2f38160,0x00000000e7300000)
 Metaspace       used 84299K, capacity 91812K, committed 92208K, reserved 1128448K
  class space    used 10008K, capacity 12235K, committed 12336K, reserved 1048576K
}
Event: 526.621 GC heap before
{Heap before GC invocations=30 (full 8):
 PSYoungGen      total 84992K, used 82944K [0x00000000f5580000, 0x00000000fd780000, 0x0000000100000000)
  eden space 82944K, 100% used [0x00000000f5580000,0x00000000fa680000,0x00000000fa680000)
  from space 2048K, 0% used [0x00000000fa680000,0x00000000fa680000,0x00000000fa880000)
  to   space 25088K, 0% used [0x00000000fbf00000,0x00000000fbf00000,0x00000000fd780000)
 ParOldGen       total 117760K, used 48352K [0x00000000e0000000, 0x00000000e7300000, 0x00000000f5580000)
  object space 117760K, 41% used [0x00000000e0000000,0x00000000e2f38160,0x00000000e7300000)
 Metaspace       used 84856K, capacity 92496K, committed 92720K, reserved 1130496K
  class space    used 10030K, capacity 12269K, committed 12336K, reserved 1048576K
Event: 526.631 GC heap after
Heap after GC invocations=30 (full 8):
 PSYoungGen      total 108544K, used 1760K [0x00000000f5580000, 0x00000000fd700000, 0x0000000100000000)
  eden space 83968K, 0% used [0x00000000f5580000,0x00000000f5580000,0x00000000fa780000)
  from space 24576K, 7% used [0x00000000fbf00000,0x00000000fc0b8020,0x00000000fd700000)
  to   space 24064K, 0% used [0x00000000fa780000,0x00000000fa780000,0x00000000fbf00000)
 ParOldGen       total 117760K, used 48360K [0x00000000e0000000, 0x00000000e7300000, 0x00000000f5580000)
  object space 117760K, 41% used [0x00000000e0000000,0x00000000e2f3a160,0x00000000e7300000)
 Metaspace       used 84856K, capacity 92496K, committed 92720K, reserved 1130496K
  class space    used 10030K, capacity 12269K, committed 12336K, reserved 1048576K
}
Event: 537.227 GC heap before
{Heap before GC invocations=31 (full 8):
 PSYoungGen      total 108544K, used 6857K [0x00000000f5580000, 0x00000000fd700000, 0x0000000100000000)
  eden space 83968K, 6% used [0x00000000f5580000,0x00000000f5a7a3e8,0x00000000fa780000)
  from space 24576K, 7% used [0x00000000fbf00000,0x00000000fc0b8020,0x00000000fd700000)
  to   space 24064K, 0% used [0x00000000fa780000,0x00000000fa780000,0x00000000fbf00000)
 ParOldGen       total 117760K, used 48360K [0x00000000e0000000, 0x00000000e7300000, 0x00000000f5580000)
  object space 117760K, 41% used [0x00000000e0000000,0x00000000e2f3a160,0x00000000e7300000)
 Metaspace       used 84864K, capacity 92496K, committed 92720K, reserved 1130496K
  class space    used 10030K, capacity 12269K, committed 12336K, reserved 1048576K
Event: 537.235 GC heap after
Heap after GC invocations=31 (full 8):
 PSYoungGen      total 108032K, used 1536K [0x00000000f5580000, 0x00000000fd600000, 0x0000000100000000)
  eden space 83968K, 0% used [0x00000000f5580000,0x00000000f5580000,0x00000000fa780000)
  from space 24064K, 6% used [0x00000000fa780000,0x00000000fa900000,0x00000000fbf00000)
  to   space 23552K, 0% used [0x00000000fbf00000,0x00000000fbf00000,0x00000000fd600000)
 ParOldGen       total 117760K, used 48360K [0x00000000e0000000, 0x00000000e7300000, 0x00000000f5580000)
  object space 117760K, 41% used [0x00000000e0000000,0x00000000e2f3a160,0x00000000e7300000)
 Metaspace       used 84864K, capacity 92496K, committed 92720K, reserved 1130496K
  class space    used 10030K, capacity 12269K, committed 12336K, reserved 1048576K
}
Event: 537.235 GC heap before
{Heap before GC invocations=32 (full 9):
 PSYoungGen      total 108032K, used 1536K [0x00000000f5580000, 0x00000000fd600000, 0x0000000100000000)
  eden space 83968K, 0% used [0x00000000f5580000,0x00000000f5580000,0x00000000fa780000)
  from space 24064K, 6% used [0x00000000fa780000,0x00000000fa900000,0x00000000fbf00000)
  to   space 23552K, 0% used [0x00000000fbf00000,0x00000000fbf00000,0x00000000fd600000)
 ParOldGen       total 117760K, used 48360K [0x00000000e0000000, 0x00000000e7300000, 0x00000000f5580000)
  object space 117760K, 41% used [0x00000000e0000000,0x00000000e2f3a160,0x00000000e7300000)
 Metaspace       used 84864K, capacity 92496K, committed 92720K, reserved 1130496K
  class space    used 10030K, capacity 12269K, committed 12336K, reserved 1048576K
Event: 538.298 GC heap after
Heap after GC invocations=32 (full 9):
 PSYoungGen      total 108032K, used 0K [0x00000000f5580000, 0x00000000fd600000, 0x0000000100000000)
  eden space 83968K, 0% used [0x00000000f5580000,0x00000000f5580000,0x00000000fa780000)
  from space 24064K, 0% used [0x00000000fa780000,0x00000000fa780000,0x00000000fbf00000)
  to   space 23552K, 0% used [0x00000000fbf00000,0x00000000fbf00000,0x00000000fd600000)
 ParOldGen       total 117760K, used 46022K [0x00000000e0000000, 0x00000000e7300000, 0x00000000f5580000)
  object space 117760K, 39% used [0x00000000e0000000,0x00000000e2cf19e8,0x00000000e7300000)
 Metaspace       used 84856K, capacity 92484K, committed 92720K, reserved 1130496K
  class space    used 10029K, capacity 12267K, committed 12336K, reserved 1048576K
}
Event: 578.857 GC heap before
{Heap before GC invocations=33 (full 9):
 PSYoungGen      total 108032K, used 83968K [0x00000000f5580000, 0x00000000fd600000, 0x0000000100000000)
  eden space 83968K, 100% used [0x00000000f5580000,0x00000000fa780000,0x00000000fa780000)
  from space 24064K, 0% used [0x00000000fa780000,0x00000000fa780000,0x00000000fbf00000)
  to   space 23552K, 0% used [0x00000000fbf00000,0x00000000fbf00000,0x00000000fd600000)
 ParOldGen       total 117760K, used 46022K [0x00000000e0000000, 0x00000000e7300000, 0x00000000f5580000)
  object space 117760K, 39% used [0x00000000e0000000,0x00000000e2cf19e8,0x00000000e7300000)
 Metaspace       used 85101K, capacity 92624K, committed 92976K, reserved 1130496K
  class space    used 10038K, capacity 12269K, committed 12336K, reserved 1048576K
Event: 578.866 GC heap after
Heap after GC invocations=33 (full 9):
 PSYoungGen      total 108032K, used 1150K [0x00000000f5580000, 0x00000000fd500000, 0x0000000100000000)
  eden space 85504K, 0% used [0x00000000f5580000,0x00000000f5580000,0x00000000fa900000)
  from space 22528K, 5% used [0x00000000fbf00000,0x00000000fc01f8e0,0x00000000fd500000)
  to   space 22528K, 0% used [0x00000000fa900000,0x00000000fa900000,0x00000000fbf00000)
 ParOldGen       total 117760K, used 46030K [0x00000000e0000000, 0x00000000e7300000, 0x00000000f5580000)
  object space 117760K, 39% used [0x00000000e0000000,0x00000000e2cf39e8,0x00000000e7300000)
 Metaspace       used 85101K, capacity 92624K, committed 92976K, reserved 1130496K
  class space    used 10038K, capacity 12269K, committed 12336K, reserved 1048576K
}

Deoptimization events (10 events):
Event: 591.402 Thread 0x000000001800a000 Uncommon trap: reason=unstable_if action=reinterpret pc=0x0000000004559400 method=org.eclipse.equinox.internal.event.EventHandlerTracker.getHandlers(Ljava/lang/String;)Ljava/util/Set; @ 28
Event: 591.692 Thread 0x000000001800a000 Uncommon trap: reason=unstable_if action=reinterpret pc=0x0000000004877564 method=org.eclipse.swt.graphics.Resource.dispose()V @ 15
Event: 592.259 Thread 0x000000001800a000 Uncommon trap: reason=unstable_if action=reinterpret pc=0x0000000003031bdc method=org.eclipse.osgi.internal.hooks.EclipseLazyStarter.shouldActivateFor(Ljava/lang/String;Lorg/eclipse/osgi/container/Module;Lorg/eclipse/osgi/container/ModuleRevision;Lorg/eclic»€ÇÇ@
Event: 592.261 Thread 0x000000001bdc0800 Uncommon trap: reason=unstable_if action=reinterpret pc=0x000000000442d090 method=org.eclipse.core.internal.jobs.JobManager.startJob(Lorg/eclipse/core/internal/jobs/Worker;)Lorg/eclipse/core/runtime/jobs/Job; @ 20
Event: 592.314 Thread 0x000000001800a000 Uncommon trap: reason=class_check action=maybe_recompile pc=0x0000000002f423ec method=org.eclipse.osgi.internal.loader.BundleLoader.findImportedSource(Ljava/lang/String;Ljava/util/Collection;)Lorg/eclipse/osgi/internal/loader/sources/PackageSource; @ 16
Event: 592.315 Thread 0x000000001800a000 Uncommon trap: reason=class_check action=maybe_recompile pc=0x0000000002f423ec method=org.eclipse.osgi.internal.loader.BundleLoader.findImportedSource(Ljava/lang/String;Ljava/util/Collection;)Lorg/eclipse/osgi/internal/loader/sources/PackageSource; @ 16
Event: 592.342 Thread 0x000000001bdc0800 Uncommon trap: reason=unstable_if action=reinterpret pc=0x0000000004429dfc method=org.eclipse.core.internal.jobs.JobManager.nextJob()Lorg/eclipse/core/runtime/jobs/Job; @ 80
Event: 592.343 Thread 0x000000001bdb6800 Uncommon trap: reason=unstable_if action=reinterpret pc=0x0000000004429dfc method=org.eclipse.core.internal.jobs.JobManager.nextJob()Lorg/eclipse/core/runtime/jobs/Job; @ 80
Event: 592.343 Thread 0x000000001a538000 Uncommon trap: reason=unstable_if action=reinterpret pc=0x0000000004429dfc method=org.eclipse.core.internal.jobs.JobManager.nextJob()Lorg/eclipse/core/runtime/jobs/Job; @ 80
Event: 592.394 Thread 0x000000001800a000 Uncommon trap: reason=unstable_if action=reinterpret pc=0x0000000002e03ee4 method=sun.reflect.UnsafeStaticObjectFieldAccessorImpl.set(Ljava/lang/Object;Ljava/lang/Object;)V @ 13

Internal exceptions (10 events):
Event: 591.298 Thread 0x000000000237e800 Exception <a 'java/io/FileNotFoundException'> (0x00000000f77efc50) thrown at [C:\re\workspace\8-2-build-windows-amd64-cygwin\jdk8u66\5298\hotspot\src\share\vm\prims\jni.cpp, line 709]
Event: 591.298 Thread 0x000000000237e800 Exception <a 'java/io/FileNotFoundException'> (0x00000000f77f2090) thrown at [C:\re\workspace\8-2-build-windows-amd64-cygwin\jdk8u66\5298\hotspot\src\share\vm\prims\jni.cpp, line 709]
Event: 591.299 Thread 0x000000000237e800 Exception <a 'java/io/FileNotFoundException'> (0x00000000f77f4610) thrown at [C:\re\workspace\8-2-build-windows-amd64-cygwin\jdk8u66\5298\hotspot\src\share\vm\prims\jni.cpp, line 709]
Event: 591.342 Thread 0x000000000237e800 Implicit null exception at 0x0000000002b2bcbd to 0x0000000002b2e829
Event: 591.649 Thread 0x000000001a536000 Exception <a 'java/lang/InterruptedException'> (0x00000000f7d2b900) thrown at [C:\re\workspace\8-2-build-windows-amd64-cygwin\jdk8u66\5298\hotspot\src\share\vm\runtime\objectMonitor.cpp, line 1683]
Event: 592.341 Thread 0x000000001bdba800 Exception <a 'java/lang/InterruptedException'> (0x00000000f780d650) thrown at [C:\re\workspace\8-2-build-windows-amd64-cygwin\jdk8u66\5298\hotspot\src\share\vm\runtime\objectMonitor.cpp, line 1683]
Event: 592.394 Thread 0x000000001800a000 Implicit null exception at 0x0000000002e03ad7 to 0x0000000002e03ed1
Event: 592.395 Thread 0x00000000161de000 Exception <a 'java/lang/InterruptedException'> (0x00000000f80bacc8) thrown at [C:\re\workspace\8-2-build-windows-amd64-cygwin\jdk8u66\5298\hotspot\src\share\vm\runtime\objectMonitor.cpp, line 1683]
Event: 592.399 Thread 0x000000001bdb8000 Exception <a 'java/lang/InterruptedException'> (0x00000000f719b3f0) thrown at [C:\re\workspace\8-2-build-windows-amd64-cygwin\jdk8u66\5298\hotspot\src\share\vm\runtime\objectMonitor.cpp, line 1683]
Event: 592.400 Thread 0x00000000161e3000 Exception <a 'java/lang/InterruptedException'> (0x00000000f82a5998) thrown at [C:\re\workspace\8-2-build-windows-amd64-cygwin\jdk8u66\5298\hotspot\src\share\vm\runtime\objectMonitor.cpp, line 1683]

Events (10 events):
Event: 592.406 loading class java/util/IdentityHashMap$KeyIterator done
Event: 592.407 Thread 0x0000000018009800 Thread added: 0x0000000018009800
Event: 592.407 Executing VM operation: RevokeBias
Event: 592.407 Executing VM operation: RevokeBias done
Event: 592.407 Executing VM operation: RevokeBias
Event: 592.407 Executing VM operation: RevokeBias done
Event: 592.407 Executing VM operation: BulkRevokeBias
Event: 592.408 Executing VM operation: BulkRevokeBias done
Event: 592.408 Thread 0x0000000018009800 Thread exited: 0x0000000018009800
Event: 592.410 Executing VM operation: Exit


Dynamic libraries:
0x0000000000400000 - 0x000000000044f000 	C:\Xilinx\SDK\2016.4\eclipse\win64.o\eclipse.exe
0x00007ff974380000 - 0x00007ff974551000 	C:\WINDOWS\SYSTEM32\ntdll.dll
0x00007ff973360000 - 0x00007ff97340c000 	C:\WINDOWS\System32\KERNEL32.DLL
0x00007ff9676b0000 - 0x00007ff967704000 	C:\Program Files (x86)\AVG\Av\avghooka.dll
0x00007ff970ef0000 - 0x00007ff97110d000 	C:\WINDOWS\System32\KERNELBASE.dll
0x00007ff96ed80000 - 0x00007ff96edfa000 	C:\WINDOWS\system32\apphelp.dll
0x00007ff973700000 - 0x00007ff973865000 	C:\WINDOWS\System32\USER32.dll
0x00007ff970c70000 - 0x00007ff970c8e000 	C:\WINDOWS\System32\win32u.dll
0x00007ff9738e0000 - 0x00007ff973914000 	C:\WINDOWS\System32\GDI32.dll
0x00007ff970870000 - 0x00007ff9709f2000 	C:\WINDOWS\System32\gdi32full.dll
0x00007ff9742d0000 - 0x00007ff97436e000 	C:\WINDOWS\System32\msvcrt.dll
0x00007ff963b10000 - 0x00007ff963d8a000 	C:\WINDOWS\WinSxS\amd64_microsoft.windows.common-controls_6595b64144ccf1df_6.0.14393.953_none_42151e83c686086b\COMCTL32.dll
0x00007ff973920000 - 0x00007ff973be8000 	C:\WINDOWS\System32\combase.dll
0x00007ff970d40000 - 0x00007ff970e35000 	C:\WINDOWS\System32\ucrtbase.dll
0x00007ff973130000 - 0x00007ff973251000 	C:\WINDOWS\System32\RPCRT4.dll
0x00007ff971160000 - 0x00007ff9711ca000 	C:\WINDOWS\System32\bcryptPrimitives.dll
0x00007ff973260000 - 0x00007ff97328e000 	C:\WINDOWS\System32\IMM32.DLL
0x0000000072000000 - 0x0000000072012000 	C:\Xilinx\SDK\2016.4\eclipse\win64.o\plugins\org.eclipse.equinox.launcher.win32.win32.x86_64_1.1.300.v20150602-1417\eclipse_1611.dll
0x00007ff973410000 - 0x00007ff9734b2000 	C:\WINDOWS\System32\ADVAPI32.dll
0x00007ff971910000 - 0x00007ff971969000 	C:\WINDOWS\System32\sechost.dll
0x00007ff962ad0000 - 0x00007ff962ada000 	C:\WINDOWS\SYSTEM32\VERSION.dll
0x00007ff96efc0000 - 0x00007ff96f055000 	C:\WINDOWS\system32\uxtheme.dll
0x00007ff974020000 - 0x00007ff97417a000 	C:\WINDOWS\System32\MSCTF.dll
0x00007ff973290000 - 0x00007ff97334f000 	C:\WINDOWS\System32\OLEAUT32.dll
0x00007ff970bd0000 - 0x00007ff970c6c000 	C:\WINDOWS\System32\msvcp_win.dll
0x0000000058580000 - 0x0000000058e09000 	C:\Xilinx\SDK\2016.4\tps\win64\jre\bin\server\jvm.dll
0x00007ff973350000 - 0x00007ff973358000 	C:\WINDOWS\System32\PSAPI.DLL
0x00007ff96b900000 - 0x00007ff96b909000 	C:\WINDOWS\SYSTEM32\WSOCK32.dll
0x00007ff973870000 - 0x00007ff9738da000 	C:\WINDOWS\System32\WS2_32.dll
0x00007ff96eac0000 - 0x00007ff96eae3000 	C:\WINDOWS\SYSTEM32\WINMM.dll
0x000000005afc0000 - 0x000000005b092000 	C:\WINDOWS\SYSTEM32\MSVCR100.dll
0x00007ff96e920000 - 0x00007ff96e94b000 	C:\WINDOWS\SYSTEM32\WINMMBASE.dll
0x00007ff971110000 - 0x00007ff971152000 	C:\WINDOWS\System32\cfgmgr32.dll
0x0000000059a40000 - 0x0000000059a4f000 	C:\Xilinx\SDK\2016.4\tps\win64\jre\bin\verify.dll
0x0000000059a10000 - 0x0000000059a39000 	C:\Xilinx\SDK\2016.4\tps\win64\jre\bin\java.dll
0x00000000599f0000 - 0x0000000059a06000 	C:\Xilinx\SDK\2016.4\tps\win64\jre\bin\zip.dll
0x00007ff971c20000 - 0x00007ff973128000 	C:\WINDOWS\System32\SHELL32.dll
0x00007ff971230000 - 0x00007ff97190a000 	C:\WINDOWS\System32\windows.storage.dll
0x00007ff970820000 - 0x00007ff97086c000 	C:\WINDOWS\System32\powrprof.dll
0x00007ff9741f0000 - 0x00007ff974242000 	C:\WINDOWS\System32\shlwapi.dll
0x00007ff970810000 - 0x00007ff97081f000 	C:\WINDOWS\System32\kernel.appcore.dll
0x00007ff970c90000 - 0x00007ff970d39000 	C:\WINDOWS\System32\shcore.dll
0x00007ff9707f0000 - 0x00007ff970804000 	C:\WINDOWS\System32\profapi.dll
0x00007ff970260000 - 0x00007ff970277000 	C:\WINDOWS\SYSTEM32\CRYPTSP.dll
0x00007ff96fcb0000 - 0x00007ff96fce3000 	C:\WINDOWS\system32\rsaenh.dll
0x00007ff970720000 - 0x00007ff97074b000 	C:\WINDOWS\SYSTEM32\bcrypt.dll
0x00007ff96ff30000 - 0x00007ff96ff4f000 	C:\WINDOWS\SYSTEM32\USERENV.dll
0x00007ff970250000 - 0x00007ff97025b000 	C:\WINDOWS\SYSTEM32\CRYPTBASE.dll
0x00000000599d0000 - 0x00000000599ea000 	C:\Xilinx\SDK\2016.4\tps\win64\jre\bin\net.dll
0x00007ff9700b0000 - 0x00007ff97010c000 	C:\WINDOWS\system32\mswsock.dll
0x00007ff96fe30000 - 0x00007ff96fe68000 	C:\WINDOWS\SYSTEM32\IPHLPAPI.DLL
0x00007ff974370000 - 0x00007ff974378000 	C:\WINDOWS\System32\NSI.dll
0x00007ff96cc10000 - 0x00007ff96cc26000 	C:\WINDOWS\SYSTEM32\dhcpcsvc6.DLL
0x00007ff96cb40000 - 0x00007ff96cb5a000 	C:\WINDOWS\SYSTEM32\dhcpcsvc.DLL
0x00000000599b0000 - 0x00000000599c1000 	C:\Xilinx\SDK\2016.4\tps\win64\jre\bin\nio.dll
0x00007ff95e4a0000 - 0x00007ff95e4b6000 	C:\WINDOWS\system32\napinsp.dll
0x00007ff95e470000 - 0x00007ff95e48a000 	C:\WINDOWS\system32\pnrpnsp.dll
0x00007ff96be20000 - 0x00007ff96be38000 	C:\WINDOWS\system32\NLAapi.dll
0x00007ff96fe70000 - 0x00007ff96ff11000 	C:\WINDOWS\SYSTEM32\DNSAPI.dll
0x00007ff962ee0000 - 0x00007ff962eee000 	C:\WINDOWS\System32\winrnr.dll
0x000000005b0d0000 - 0x000000005b0f6000 	C:\Program Files\Bonjour\mdnsNSP.dll
0x00007ff96b090000 - 0x00007ff96b09a000 	C:\Windows\System32\rasadhlp.dll
0x00007ff96b450000 - 0x00007ff96b4ba000 	C:\WINDOWS\System32\fwpuclnt.dll
0x0000000019090000 - 0x0000000019138000 	C:\Users\Utilizador\.Xilinx\SDK\2016.4\org.eclipse.osgi\319\0\.cp\swt-win32-4527.dll
0x00007ff971a70000 - 0x00007ff971ba8000 	C:\WINDOWS\System32\ole32.dll
0x00007ff971970000 - 0x00007ff971a6a000 	C:\WINDOWS\System32\comdlg32.dll
0x00007ff970a00000 - 0x00007ff970bc9000 	C:\WINDOWS\System32\CRYPT32.dll
0x00007ff9707e0000 - 0x00007ff9707f0000 	C:\WINDOWS\System32\MSASN1.dll
0x00007ff96bc30000 - 0x00007ff96bcb6000 	C:\WINDOWS\SYSTEM32\WINSPOOL.DRV
0x00007ff967500000 - 0x00007ff967519000 	C:\WINDOWS\SYSTEM32\USP10.dll
0x00007ff96ce90000 - 0x00007ff96d15a000 	C:\WINDOWS\SYSTEM32\WININET.dll
0x00007ff96dd30000 - 0x00007ff96dd56000 	C:\WINDOWS\system32\dwmapi.dll
0x00007ff96daa0000 - 0x00007ff96dc25000 	C:\WINDOWS\SYSTEM32\propsys.dll
0x00007ff973660000 - 0x00007ff9736ff000 	C:\WINDOWS\System32\clbcatq.dll
0x00000000186f0000 - 0x000000001870e000 	C:\Users\Utilizador\.Xilinx\SDK\2016.4\org.eclipse.osgi\319\0\.cp\swt-gdip-win32-4527.dll
0x00007ff965510000 - 0x00007ff9656aa000 	C:\WINDOWS\WinSxS\amd64_microsoft.windows.gdiplus_6595b64144ccf1df_1.1.14393.953_none_7300116921188239\gdiplus.dll
0x00007ff96c910000 - 0x00007ff96cab8000 	C:\WINDOWS\SYSTEM32\WindowsCodecs.dll
0x0000000180000000 - 0x0000000180012000 	C:\Users\Utilizador\.Xilinx\SDK\2016.4\org.eclipse.osgi\133\0\.cp\os\win32\x86_64\localfile_1_0_0.dll
0x00007ff95f420000 - 0x00007ff95f485000 	C:\WINDOWS\SYSTEM32\oleacc.dll
0x00007ff96a9c0000 - 0x00007ff96a9c7000 	C:\WINDOWS\SYSTEM32\msimg32.dll
0x00007ff965310000 - 0x00007ff965321000 	C:\Users\Utilizador\.Xilinx\SDK\2016.4\org.eclipse.osgi\136\0\.cp\jWinHttp-1.0.0.dll
0x00007ff96dc60000 - 0x00007ff96dd2d000 	C:\WINDOWS\SYSTEM32\WINHTTP.dll
0x00007ff96ba40000 - 0x00007ff96ba4f000 	C:\Xilinx\SDK\2016.4\lib\win64.o\librdi_repo_manager.dll
0x00007ff956840000 - 0x00007ff95686a000 	C:\Xilinx\SDK\2016.4\lib\win64.o\libisl_sysinfo.dll
0x00007ff915300000 - 0x00007ff915daa000 	C:\Xilinx\SDK\2016.4\lib\win64.o\librdi_common.dll
0x00007ff953bf0000 - 0x00007ff953c43000 	C:\Xilinx\SDK\2016.4\lib\win64.o\librdi_commonxillic.dll
0x00007ff946230000 - 0x00007ff946428000 	C:\Xilinx\SDK\2016.4\lib\win64.o\librdi_hsm.dll
0x00007ff964c00000 - 0x00007ff964ca7000 	C:\WINDOWS\SYSTEM32\MSVCP110.dll
0x00007ff964cb0000 - 0x00007ff964d84000 	C:\WINDOWS\SYSTEM32\MSVCR110.dll
0x00007ff91ac60000 - 0x00007ff91afce000 	C:\Xilinx\SDK\2016.4\lib\win64.o\libCOIN-all.dll
0x00007ff9150e0000 - 0x00007ff9152ff000 	C:\Xilinx\SDK\2016.4\lib\win64.o\libXil_lmgr11.dll
0x00007ff9711d0000 - 0x00007ff971225000 	C:\WINDOWS\System32\WINTRUST.dll
0x00007ff9677a0000 - 0x00007ff9677b0000 	C:\Xilinx\SDK\2016.4\lib\win64.o\libboost_date_time.dll
0x00007ff953ca0000 - 0x00007ff953cc4000 	C:\Xilinx\SDK\2016.4\lib\win64.o\libboost_filesystem.dll
0x00007ff952400000 - 0x00007ff952477000 	C:\Xilinx\SDK\2016.4\lib\win64.o\libboost_program_options.dll
0x00007ff951ea0000 - 0x00007ff951fa6000 	C:\Xilinx\SDK\2016.4\lib\win64.o\libboost_regex.dll
0x00007ff9572a0000 - 0x00007ff9572b3000 	C:\Xilinx\SDK\2016.4\lib\win64.o\libboost_signals.dll
0x00007ff9674b0000 - 0x00007ff9674b9000 	C:\Xilinx\SDK\2016.4\lib\win64.o\libboost_system.dll
0x00007ff954b50000 - 0x00007ff954b6d000 	C:\Xilinx\SDK\2016.4\lib\win64.o\libboost_thread.dll
0x00007ff966ff0000 - 0x00007ff966ffb000 	C:\Xilinx\SDK\2016.4\lib\win64.o\libboost_xilinx.dll
0x00007ff9516a0000 - 0x00007ff951720000 	C:\Xilinx\SDK\2016.4\lib\win64.o\libhdlpsolve.dll
0x00007ff951600000 - 0x00007ff95169a000 	C:\Xilinx\SDK\2016.4\lib\win64.o\libhdxml.dll
0x00007ff914d10000 - 0x00007ff9150d9000 	C:\Xilinx\SDK\2016.4\lib\win64.o\libisl_iostreams.dll
0x00007ff951470000 - 0x00007ff951485000 	C:\Xilinx\SDK\2016.4\lib\win64.o\pthreadVC2.dll
0x00007ff950b80000 - 0x00007ff950cb0000 	C:\Xilinx\SDK\2016.4\lib\win64.o\librdi_curl.dll
0x00007ff951450000 - 0x00007ff951468000 	C:\Xilinx\SDK\2016.4\lib\win64.o\librdiconfig.dll
0x00007ff951430000 - 0x00007ff95144f000 	C:\Xilinx\SDK\2016.4\lib\win64.o\librdizlib.dll
0x0000000059b30000 - 0x0000000059c57000 	C:\Xilinx\SDK\2016.4\lib\win64.o\tcl85t.dll
0x00000000253c0000 - 0x0000000025623000 	C:\Xilinx\SDK\2016.4\lib\win64.o\xerces-c_3_1.dll
0x00007ff963320000 - 0x00007ff9634e3000 	C:\WINDOWS\SYSTEM32\urlmon.dll
0x00007ff964ad0000 - 0x00007ff964af3000 	C:\WINDOWS\SYSTEM32\VCOMP110.DLL
0x00007ff950890000 - 0x00007ff9508d3000 	C:\Xilinx\SDK\2016.4\lib\win64.o\librdi_hdf.dll
0x00007ff914a40000 - 0x00007ff914d08000 	C:\Xilinx\SDK\2016.4\lib\win64.o\librdi_ippcw.dll
0x00007ff96a770000 - 0x00007ff96a788000 	C:\WINDOWS\SYSTEM32\NETAPI32.dll
0x00007ff966f80000 - 0x00007ff966f8b000 	C:\Xilinx\SDK\2016.4\lib\win64.o\libboost_chrono.dll
0x00007ff951410000 - 0x00007ff951426000 	C:\Xilinx\SDK\2016.4\lib\win64.o\libboost_iostreams.dll
0x00007ff94d4f0000 - 0x00007ff94d513000 	C:\Xilinx\SDK\2016.4\lib\win64.o\libisl_iosutils.dll
0x00007ff96ab70000 - 0x00007ff96ae15000 	C:\WINDOWS\SYSTEM32\iertutil.dll
0x00007ff962a20000 - 0x00007ff962a62000 	C:\WINDOWS\SYSTEM32\edputil.dll
0x00007ff950380000 - 0x00007ff950396000 	C:\Xilinx\SDK\2016.4\eclipse\win64.o\plugins\org.eclipse.cdt.core.win32.x86_64_5.4.0.201509131935\os\win32\x86_64\spawner.dll
0x00007ff966e50000 - 0x00007ff966e5a000 	C:\Xilinx\SDK\2016.4\lib\win64.o\librdi_jtag_settings.dll
0x00007ff958a20000 - 0x00007ff958a49000 	C:\Xilinx\SDK\2016.4\lib\win64.o\librdi_debug_dialog.dll
0x00007ff966de0000 - 0x00007ff966de8000 	C:\Xilinx\SDK\2016.4\lib\win64.o\librdi_target_manager.dll
0x00007ff909140000 - 0x00007ff909950000 	C:\Xilinx\SDK\2016.4\lib\win64.o\libXil_lmgr11FNP.dll
0x00007ff973bf0000 - 0x00007ff974019000 	C:\WINDOWS\System32\SETUPAPI.dll
0x00007ff961440000 - 0x00007ff96144c000 	C:\WINDOWS\SYSTEM32\snmpapi.dll
0x00007ff970450000 - 0x00007ff97047c000 	C:\WINDOWS\SYSTEM32\SspiCli.dll
0x00000000215f0000 - 0x00000000215f3000 	C:\WINDOWS\SYSTEM32\icmp.Dll

VM Arguments:
jvm_args: -Dcom.xilinx.sdk.args.hwspec=C:/Users/Utilizador/Desktop/Universidade/4_ano/2_semestre/CR/Projeto/ProjetoFinal/MP_ToDisplays/MP_ToDisplays.sdk/DebUART_wrapper.hdf -Xms64m -Xmx512m & 
java_command: <unknown>
java_class_path (initial): C:\Xilinx\SDK\2016.4\eclipse\win64.o\\plugins/org.eclipse.equinox.launcher_1.3.100.v20150511-1540.jar
Launcher Type: generic

Environment Variables:
JAVA_HOME=C:\Program Files\Java\jdk1.8.0_101
PATH=C:/Xilinx/SDK/2016.4/tps/win64/jre/bin/server;C:/Xilinx/SDK/2016.4/tps/win64/jre/bin;C:/Xilinx/SDK/2016.4/tps/win64/jre/lib/amd64;C:\Xilinx\SDK\2016.4\gnuwin\bin;C:\Xilinx\SDK\2016.4\gnu\microblaze\nt\bin;C:\Xilinx\SDK\2016.4\gnu\microblaze\linux_toolchain\nt64_le\bin;C:\Xilinx\SDK\2016.4\gnu\microblaze\linux_toolchain\nt64_be\bin;C:\Xilinx\SDK\2016.4\gnu\arm\nt\bin;C:\Xilinx\SDK\2016.4\gnu\aarch64\nt\aarch64-none\bin;C:\Xilinx\SDK\2016.4\gnu\aarch64\nt\aarch64-linux\bin;C:\Xilinx\SDK\2016.4\gnu\armr5\nt\gcc-arm-none-eabi\bin;C:\Xilinx\SDK\2016.4\gnu\aarch32\nt\gcc-arm-none-eabi\bin;C:\Xilinx\SDK\2016.4\gnu\aarch32\nt\gcc-arm-linux-gnueabi\bin;C:\Xilinx\SDK\2016.4\tps\win64\cmake-3.3.2\bin;;C:\Xilinx\SDK\2016.4\bin;C:\Xilinx\SDK\2016.4\lib\win64.o;C:\Xilinx\SDK\2016.4\tps\win64\jre\bin\server;C:\Xilinx\SDK\2016.4\tps\win64\jre\bin;C:\Xilinx\Vivado\2016.4\ids_lite\ISE\bin\nt64;C:\Xilinx\Vivado\2016.4\ids_lite\ISE\lib\nt64;C:\Xilinx\Vivado\2016.4\bin;C:\Xilinx\Vivado\2016.4\lib\win64.o;C:\Xilinx\Vivado\2016.4\tps\win64\jre\bin\server;C:\Xilinx\Vivado\2016.4\tps\win64\jre\bin;C:\Xilinx\Vivado_HLS\2016.4\bin;C:\WINDOWS\system32\Npcap;C:\Program Files\MATLAB\MATLAB Production Server\R2015a\runtime\win64;C:\Program Files\MATLAB\MATLAB Production Server\R2015a\bin;C:\Program Files\MATLAB\MATLAB Production Server\R2015a\polyspace\bin;C:\Program Files\PuTTY\;c:\Program Files\Intel\WiFi\bin\;c:\Program Files\Common Files\Intel\WirelessCommon\;C:\Users\Utilizador\AppData\Roaming\npm;C:\Users\Utilizador\AppData\Local\Microsoft\WindowsApps;C:\Python27;C:\Program Files\Java\jdk1.8.0_101\bin;C:\Program Files\NetBeans 8.2\java\maven\bin;C:\Users\Utilizador\Desktop\Universidade\4_ano\2_semestre\CR\Projeto\ProjetoFinal\MP_ToDisplays;
USERNAME=Utilizador
OS=Windows_NT
PROCESSOR_IDENTIFIER=Intel64 Family 6 Model 60 Stepping 3, GenuineIntel



---------------  S Y S T E M  ---------------

OS: Windows 10.0 , 64 bit Build 14393 (10.0.14393.1198)

CPU:total 8 (4 cores per cpu, 2 threads per core) family 6 model 60 stepping 3, cmov, cx8, fxsr, mmx, sse, sse2, sse3, ssse3, sse4.1, sse4.2, popcnt, avx, avx2, aes, clmul, erms, lzcnt, ht, tsc, tscinvbit, bmi1, bmi2

Memory: 4k page, physical 8319000k(3421856k free), swap 11381736k(4614052k free)

vm_info: Java HotSpot(TM) 64-Bit Server VM (25.66-b18) for windows-amd64 JRE (1.8.0_66-b18), built on Nov  9 2015 10:51:13 by "java_re" with MS VC++ 10.0 (VS2010)

time: Fri May 19 11:50:50 2017
elapsed time: 593 seconds (0d 0h 9m 53s)

