#
# A fatal error has been detected by the Java Runtime Environment:
#
#  Internal Error (0xc000000d), pid=12016, tid=4152
#
# JRE version: Java(TM) SE Runtime Environment (8.0_66-b18) (build 1.8.0_66-b18)
# Java VM: Java HotSpot(TM) 64-Bit Server VM (25.66-b18 mixed mode windows-amd64 compressed oops)
# Problematic frame:
# C  [ntdll.dll+0xff44c]
#
# Failed to write core dump. Minidumps are not enabled by default on client versions of Windows
#
# If you would like to submit a bug report, please visit:
#   http://bugreport.java.com/bugreport/crash.jsp
#

---------------  T H R E A D  ---------------

Current thread (0x0000000013d49000):  VMThread [stack: 0x0000000015a40000,0x0000000015b40000] [id=4152]

siginfo: ExceptionCode=0xc000000d

Registers:
RAX=0x0000000000000000, RBX=0xfffffffffffffffe, RCX=0x0000000000000000, RDX=0x0000000000000000
RSP=0x0000000015b3f470, RBP=0x00007ff964cb7408, RSI=0x0000000000000000, RDI=0x0000000000000e34
R8 =0x0000000000000000, R9 =0x0000000000020000, R10=0x0000000015b3ef50, R11=0x0000000015b3ef50
R12=0x000000000053a890, R13=0x000000001f516e20, R14=0x000000000053a998, R15=0x0000000015b3f5e8
RIP=0x00007ff97447f44c, EFLAGS=0x0000000000000206

Top of Stack: (sp=0x0000000015b3f470)
0x0000000015b3f470:   0000000000000057 fffffffffffffffe
0x0000000015b3f480:   0000000000000000 0000000000000e34
0x0000000015b3f490:   00000000c000000d 0000000000000000
0x0000000015b3f4a0:   00007ff97447f44c 0000000000000000
0x0000000015b3f4b0:   0000000000000000 0000000000000000
0x0000000015b3f4c0:   0000000000000000 0000000000000000
0x0000000015b3f4d0:   0000000000000000 0000000000000000
0x0000000015b3f4e0:   0000000000000000 0000000000000000
0x0000000015b3f4f0:   0000000000000000 0000000000000000
0x0000000015b3f500:   0000000000000000 0000000000000000
0x0000000015b3f510:   0000000000000000 0000000000000000
0x0000000015b3f520:   0000000000000000 0000000000000000
0x0000000015b3f530:   000013e865555193 0000000000000000
0x0000000015b3f540:   0000000900000020 00007ff97444150d
0x0000000015b3f550:   0000000900000000 0000000000000000
0x0000000015b3f560:   004e00520045004b 00007ff9676b2635 

Instructions: (pc=0x00007ff97447f44c)
0x00007ff97447f42c:   d5 fa ff c7 44 24 20 0d 00 00 c0 b9 57 00 00 00
0x00007ff97447f43c:   e8 7f 13 f6 ff 90 48 8d 4c 24 20 e8 04 bf f4 ff
0x00007ff97447f44c:   eb 00 48 8b 8c 24 c0 00 00 00 48 33 cc e8 82 74
0x00007ff97447f45c:   f9 ff 48 81 c4 d8 00 00 00 c3 40 55 48 83 ec 20 


Register to memory mapping:

RAX=0x0000000000000000 is an unknown value
RBX=0xfffffffffffffffe is an unknown value
RCX=0x0000000000000000 is an unknown value
RDX=0x0000000000000000 is an unknown value
RSP=0x0000000015b3f470 is an unknown value
RBP=0x00007ff964cb7408 is an unknown value
RSI=0x0000000000000000 is an unknown value
RDI=0x0000000000000e34 is an unknown value
R8 =0x0000000000000000 is an unknown value
R9 =0x0000000000020000 is an unknown value
R10=0x0000000015b3ef50 is an unknown value
R11=0x0000000015b3ef50 is an unknown value
R12=0x000000000053a890 is an unknown value
R13=0x000000001f516e20 is an unknown value
R14=0x000000000053a998 is an unknown value
R15=0x0000000015b3f5e8 is an unknown value


Stack: [0x0000000015a40000,0x0000000015b40000],  sp=0x0000000015b3f470,  free space=1021k
Native frames: (J=compiled Java code, j=interpreted, Vv=VM code, C=native code)
C  [ntdll.dll+0xff44c]
C  [ntdll.dll+0xc150d]
C  [KERNEL32.DLL+0x1fafa]
C  [MSVCR110.dll+0x752d]
C  [MSVCR110.dll+0x73c6]
C  [MSVCR110.dll+0x14cca]
C  [MSVCR110.dll+0x13edc]
C  [MSVCR110.dll+0x239e]
C  [MSVCR110.dll+0xaf9e]
C  [MSVCP110.dll+0x397b9]
C  [librdi_common.dll+0x183a66]
C  [librdi_common.dll+0x1826fb]
C  [librdi_target_manager.dll+0x2400]
C  [librdi_target_manager.dll+0x2682]
C  [ntdll.dll+0x2a35f]
C  [ntdll.dll+0x806b]
C  [ntdll.dll+0x7d94]
C  [KERNEL32.DLL+0x1ce6a]
C  [MSVCR100.dll+0x20ccd]
V  [jvm.dll+0x210cc5]
V  [jvm.dll+0x249897]
V  [jvm.dll+0x248b36]
V  [jvm.dll+0x248fd1]
V  [jvm.dll+0x2491ee]
V  [jvm.dll+0x29a0fa]
C  [MSVCR100.dll+0x21d9f]
C  [MSVCR100.dll+0x21e3b]
C  [KERNEL32.DLL+0x8364]
C  [ntdll.dll+0x670d1]

VM_Operation (0x000000000014f4c0): Exit, mode: safepoint, requested by thread 0x00000000023be800


---------------  P R O C E S S  ---------------

Java Threads: ( => current thread )
  0x0000000021b09000 JavaThread "pool-2-thread-3" [_thread_blocked, id=6828, stack(0x000000002f8b0000,0x000000002f9b0000)]
  0x0000000021b10800 JavaThread "pool-2-thread-2" [_thread_blocked, id=15280, stack(0x000000002d3b0000,0x000000002d4b0000)]
  0x0000000021b0f000 JavaThread "pool-2-thread-1" [_thread_blocked, id=7840, stack(0x000000002bfb0000,0x000000002c0b0000)]
  0x0000000021b0e800 JavaThread "Thread-37" daemon [_thread_blocked, id=13388, stack(0x00000000281b0000,0x00000000282b0000)]
  0x0000000021b07000 JavaThread "TCF Channel Transmitter" daemon [_thread_blocked, id=8800, stack(0x0000000025db0000,0x0000000025eb0000)]
  0x0000000021b05800 JavaThread "TCF Channel Receiver" daemon [_thread_in_native, id=8340, stack(0x0000000025cb0000,0x0000000025db0000)]
  0x000000001b74c000 JavaThread "Process monitor" daemon [_thread_in_native, id=2272, stack(0x00000000254b0000,0x00000000255b0000)]
  0x000000001b74b800 JavaThread "Input Stream Monitor" daemon [_thread_blocked, id=11024, stack(0x00000000253b0000,0x00000000254b0000)]
  0x000000001b74d000 JavaThread "Output Stream Monitor" daemon [_thread_in_native, id=13160, stack(0x00000000252b0000,0x00000000253b0000)]
  0x000000001b74a000 JavaThread "Output Stream Monitor" daemon [_thread_in_native, id=10792, stack(0x00000000251b0000,0x00000000252b0000)]
  0x000000001b743800 JavaThread "TCF Locator DNS Lookup" daemon [_thread_blocked, id=9888, stack(0x00000000230b0000,0x00000000231b0000)]
  0x000000001b741800 JavaThread "TCF Locator Timer" daemon [_thread_blocked, id=17464, stack(0x0000000022fb0000,0x00000000230b0000)]
  0x000000001b740000 JavaThread "TCF Locator Receiver" daemon [_thread_in_native, id=10620, stack(0x0000000022eb0000,0x0000000022fb0000)]
  0x000000001b742000 JavaThread "TCF Timer Dispatcher" daemon [_thread_blocked, id=7452, stack(0x0000000022a00000,0x0000000022b00000)]
  0x0000000017a3b800 JavaThread "EMF Reference Cleaner" daemon [_thread_blocked, id=16852, stack(0x0000000019160000,0x0000000019260000)]
  0x0000000015f0c000 JavaThread "Service Thread" daemon [_thread_blocked, id=1728, stack(0x0000000016840000,0x0000000016940000)]
  0x0000000015e78000 JavaThread "C1 CompilerThread3" daemon [_thread_blocked, id=8452, stack(0x0000000016740000,0x0000000016840000)]
  0x0000000015e76800 JavaThread "C2 CompilerThread2" daemon [_thread_blocked, id=16136, stack(0x0000000016640000,0x0000000016740000)]
  0x0000000015e70800 JavaThread "C2 CompilerThread1" daemon [_thread_blocked, id=8160, stack(0x0000000016540000,0x0000000016640000)]
  0x0000000015e7e800 JavaThread "C2 CompilerThread0" daemon [_thread_blocked, id=9684, stack(0x0000000016440000,0x0000000016540000)]
  0x0000000015e7d800 JavaThread "Attach Listener" daemon [_thread_blocked, id=15748, stack(0x0000000016340000,0x0000000016440000)]
  0x0000000015e7c000 JavaThread "Signal Dispatcher" daemon [_thread_blocked, id=2312, stack(0x0000000016240000,0x0000000016340000)]
  0x000000000258b800 JavaThread "Finalizer" daemon [_thread_blocked, id=2172, stack(0x0000000015c40000,0x0000000015d40000)]
  0x0000000013d4c800 JavaThread "Reference Handler" daemon [_thread_blocked, id=8652, stack(0x0000000015b40000,0x0000000015c40000)]
  0x00000000023be800 JavaThread "main" [_thread_blocked, id=12040, stack(0x0000000000050000,0x0000000000150000)]

Other Threads:
=>0x0000000013d49000 VMThread [stack: 0x0000000015a40000,0x0000000015b40000] [id=4152]

VM state:at safepoint (shutting down)

VM Mutex/Monitor currently owned by a thread:  ([mutex/lock_event])
[0x00000000023bd0e0] Threads_lock - owner thread: 0x0000000013d49000

Heap:
 PSYoungGen      total 151040K, used 15876K [0x00000000f5580000, 0x00000000ffe80000, 0x0000000100000000)
  eden space 129024K, 8% used [0x00000000f5580000,0x00000000f5fe1328,0x00000000fd380000)
  from space 22016K, 23% used [0x00000000fe900000,0x00000000fee20038,0x00000000ffe80000)
  to   space 22016K, 0% used [0x00000000fd380000,0x00000000fd380000,0x00000000fe900000)
 ParOldGen       total 102400K, used 57318K [0x00000000e0000000, 0x00000000e6400000, 0x00000000f5580000)
  object space 102400K, 55% used [0x00000000e0000000,0x00000000e37f99f8,0x00000000e6400000)
 Metaspace       used 85651K, capacity 93080K, committed 93224K, reserved 1130496K
  class space    used 10187K, capacity 12503K, committed 12584K, reserved 1048576K

Card table byte_map: [0x0000000011950000,0x0000000011a60000] byte_map_base: 0x0000000011250000

Marking Bits: (ParMarkBitMap*) 0x0000000058e3a5b0
 Begin Bits: [0x0000000012260000, 0x0000000012a60000)
 End Bits:   [0x0000000012a60000, 0x0000000013260000)

Polling page: 0x0000000001e60000

CodeCache: size=245760Kb used=36766Kb max_used=37144Kb free=208993Kb
 bounds [0x0000000002590000, 0x0000000004a20000, 0x0000000011590000]
 total_blobs=10924 nmethods=10035 adapters=796
 compilation: enabled

Compilation events (10 events):
Event: 567.396 Thread 0x0000000015e78000 12299       3       org.eclipse.osgi.internal.container.AtomicLazyInitializer::getAndClear (9 bytes)
Event: 567.396 Thread 0x0000000015e78000 nmethod 12299 0x0000000003178dd0 code [0x0000000003178f40, 0x0000000003179190]
Event: 567.397 Thread 0x0000000015e78000 12300       3       java.util.concurrent.atomic.AtomicReference::getAndSet (12 bytes)
Event: 567.397 Thread 0x0000000015e78000 nmethod 12300 0x0000000002e3f3d0 code [0x0000000002e3f520, 0x0000000002e3f690]
Event: 567.397 Thread 0x0000000015e78000 12301       3       sun.misc.Unsafe::getAndSetObject (24 bytes)
Event: 567.398 Thread 0x0000000015e78000 nmethod 12301 0x0000000003965210 code [0x0000000003965380, 0x0000000003965590]
Event: 567.398 Thread 0x0000000015e78000 12302       3       org.eclipse.osgi.internal.framework.EquinoxContainerAdaptor::invalidateWiring (186 bytes)
Event: 567.400 Thread 0x0000000015e78000 nmethod 12302 0x00000000030c8b50 code [0x00000000030c8f20, 0x00000000030cb898]
Event: 567.401 Thread 0x0000000015e78000 12303   !   3       org.eclipse.osgi.container.ModuleDatabase::getRevisionsTimestamp (25 bytes)
Event: 567.402 Thread 0x0000000015e78000 nmethod 12303 0x0000000003d52f10 code [0x0000000003d53120, 0x0000000003d53e58]

GC Heap History (10 events):
Event: 116.100 GC heap before
{Heap before GC invocations=19 (full 4):
 PSYoungGen      total 123392K, used 101376K [0x00000000f5580000, 0x00000000fe480000, 0x0000000100000000)
  eden space 101376K, 100% used [0x00000000f5580000,0x00000000fb880000,0x00000000fb880000)
  from space 22016K, 0% used [0x00000000fcf00000,0x00000000fcf00000,0x00000000fe480000)
  to   space 22528K, 0% used [0x00000000fb880000,0x00000000fb880000,0x00000000fce80000)
 ParOldGen       total 102400K, used 54505K [0x00000000e0000000, 0x00000000e6400000, 0x00000000f5580000)
  object space 102400K, 53% used [0x00000000e0000000,0x00000000e353a7c8,0x00000000e6400000)
 Metaspace       used 79338K, capacity 86052K, committed 86312K, reserved 1124352K
  class space    used 9559K, capacity 11510K, committed 11560K, reserved 1048576K
Event: 116.104 GC heap after
Heap after GC invocations=19 (full 4):
 PSYoungGen      total 123904K, used 3368K [0x00000000f5580000, 0x00000000ffc00000, 0x0000000100000000)
  eden space 101376K, 0% used [0x00000000f5580000,0x00000000f5580000,0x00000000fb880000)
  from space 22528K, 14% used [0x00000000fb880000,0x00000000fbbca188,0x00000000fce80000)
  to   space 23040K, 0% used [0x00000000fe580000,0x00000000fe580000,0x00000000ffc00000)
 ParOldGen       total 102400K, used 54513K [0x00000000e0000000, 0x00000000e6400000, 0x00000000f5580000)
  object space 102400K, 53% used [0x00000000e0000000,0x00000000e353c7c8,0x00000000e6400000)
 Metaspace       used 79338K, capacity 86052K, committed 86312K, reserved 1124352K
  class space    used 9559K, capacity 11510K, committed 11560K, reserved 1048576K
}
Event: 144.876 GC heap before
{Heap before GC invocations=20 (full 4):
 PSYoungGen      total 123904K, used 20031K [0x00000000f5580000, 0x00000000ffc00000, 0x0000000100000000)
  eden space 101376K, 16% used [0x00000000f5580000,0x00000000f65c5cf0,0x00000000fb880000)
  from space 22528K, 14% used [0x00000000fb880000,0x00000000fbbca188,0x00000000fce80000)
  to   space 23040K, 0% used [0x00000000fe580000,0x00000000fe580000,0x00000000ffc00000)
 ParOldGen       total 102400K, used 54513K [0x00000000e0000000, 0x00000000e6400000, 0x00000000f5580000)
  object space 102400K, 53% used [0x00000000e0000000,0x00000000e353c7c8,0x00000000e6400000)
 Metaspace       used 80800K, capacity 87734K, committed 87976K, reserved 1126400K
  class space    used 9746K, capacity 11855K, committed 11944K, reserved 1048576K
Event: 144.880 GC heap after
Heap after GC invocations=20 (full 4):
 PSYoungGen      total 147456K, used 4502K [0x00000000f5580000, 0x00000000ffc00000, 0x0000000100000000)
  eden space 124416K, 0% used [0x00000000f5580000,0x00000000f5580000,0x00000000fcf00000)
  from space 23040K, 19% used [0x00000000fe580000,0x00000000fe9e5848,0x00000000ffc00000)
  to   space 23040K, 0% used [0x00000000fcf00000,0x00000000fcf00000,0x00000000fe580000)
 ParOldGen       total 102400K, used 54521K [0x00000000e0000000, 0x00000000e6400000, 0x00000000f5580000)
  object space 102400K, 53% used [0x00000000e0000000,0x00000000e353e7c8,0x00000000e6400000)
 Metaspace       used 80800K, capacity 87734K, committed 87976K, reserved 1126400K
  class space    used 9746K, capacity 11855K, committed 11944K, reserved 1048576K
}
Event: 144.880 GC heap before
{Heap before GC invocations=21 (full 5):
 PSYoungGen      total 147456K, used 4502K [0x00000000f5580000, 0x00000000ffc00000, 0x0000000100000000)
  eden space 124416K, 0% used [0x00000000f5580000,0x00000000f5580000,0x00000000fcf00000)
  from space 23040K, 19% used [0x00000000fe580000,0x00000000fe9e5848,0x00000000ffc00000)
  to   space 23040K, 0% used [0x00000000fcf00000,0x00000000fcf00000,0x00000000fe580000)
 ParOldGen       total 102400K, used 54521K [0x00000000e0000000, 0x00000000e6400000, 0x00000000f5580000)
  object space 102400K, 53% used [0x00000000e0000000,0x00000000e353e7c8,0x00000000e6400000)
 Metaspace       used 80800K, capacity 87734K, committed 87976K, reserved 1126400K
  class space    used 9746K, capacity 11855K, committed 11944K, reserved 1048576K
Event: 145.249 GC heap after
Heap after GC invocations=21 (full 5):
 PSYoungGen      total 147456K, used 0K [0x00000000f5580000, 0x00000000ffc00000, 0x0000000100000000)
  eden space 124416K, 0% used [0x00000000f5580000,0x00000000f5580000,0x00000000fcf00000)
  from space 23040K, 0% used [0x00000000fe580000,0x00000000fe580000,0x00000000ffc00000)
  to   space 23040K, 0% used [0x00000000fcf00000,0x00000000fcf00000,0x00000000fe580000)
 ParOldGen       total 102400K, used 57302K [0x00000000e0000000, 0x00000000e6400000, 0x00000000f5580000)
  object space 102400K, 55% used [0x00000000e0000000,0x00000000e37f59f8,0x00000000e6400000)
 Metaspace       used 80800K, capacity 87734K, committed 87976K, reserved 1126400K
  class space    used 9746K, capacity 11855K, committed 11944K, reserved 1048576K
}
Event: 411.214 GC heap before
{Heap before GC invocations=22 (full 5):
 PSYoungGen      total 147456K, used 124405K [0x00000000f5580000, 0x00000000ffc00000, 0x0000000100000000)
  eden space 124416K, 99% used [0x00000000f5580000,0x00000000fcefd650,0x00000000fcf00000)
  from space 23040K, 0% used [0x00000000fe580000,0x00000000fe580000,0x00000000ffc00000)
  to   space 23040K, 0% used [0x00000000fcf00000,0x00000000fcf00000,0x00000000fe580000)
 ParOldGen       total 102400K, used 57302K [0x00000000e0000000, 0x00000000e6400000, 0x00000000f5580000)
  object space 102400K, 55% used [0x00000000e0000000,0x00000000e37f59f8,0x00000000e6400000)
 Metaspace       used 83964K, capacity 91454K, committed 91688K, reserved 1128448K
  class space    used 10048K, capacity 12303K, committed 12328K, reserved 1048576K
Event: 411.220 GC heap after
Heap after GC invocations=22 (full 5):
 PSYoungGen      total 147456K, used 6793K [0x00000000f5580000, 0x00000000fff00000, 0x0000000100000000)
  eden space 124416K, 0% used [0x00000000f5580000,0x00000000f5580000,0x00000000fcf00000)
  from space 23040K, 29% used [0x00000000fcf00000,0x00000000fd5a2550,0x00000000fe580000)
  to   space 22528K, 0% used [0x00000000fe900000,0x00000000fe900000,0x00000000fff00000)
 ParOldGen       total 102400K, used 57310K [0x00000000e0000000, 0x00000000e6400000, 0x00000000f5580000)
  object space 102400K, 55% used [0x00000000e0000000,0x00000000e37f79f8,0x00000000e6400000)
 Metaspace       used 83964K, capacity 91454K, committed 91688K, reserved 1128448K
  class space    used 10048K, capacity 12303K, committed 12328K, reserved 1048576K
}
Event: 565.937 GC heap before
{Heap before GC invocations=23 (full 5):
 PSYoungGen      total 147456K, used 131209K [0x00000000f5580000, 0x00000000fff00000, 0x0000000100000000)
  eden space 124416K, 100% used [0x00000000f5580000,0x00000000fcf00000,0x00000000fcf00000)
  from space 23040K, 29% used [0x00000000fcf00000,0x00000000fd5a2550,0x00000000fe580000)
  to   space 22528K, 0% used [0x00000000fe900000,0x00000000fe900000,0x00000000fff00000)
 ParOldGen       total 102400K, used 57310K [0x00000000e0000000, 0x00000000e6400000, 0x00000000f5580000)
  object space 102400K, 55% used [0x00000000e0000000,0x00000000e37f79f8,0x00000000e6400000)
 Metaspace       used 85306K, capacity 92724K, committed 92968K, reserved 1130496K
  class space    used 10149K, capacity 12471K, committed 12584K, reserved 1048576K
Event: 565.947 GC heap after
Heap after GC invocations=23 (full 5):
 PSYoungGen      total 151040K, used 5248K [0x00000000f5580000, 0x00000000ffe80000, 0x0000000100000000)
  eden space 129024K, 0% used [0x00000000f5580000,0x00000000f5580000,0x00000000fd380000)
  from space 22016K, 23% used [0x00000000fe900000,0x00000000fee20038,0x00000000ffe80000)
  to   space 22016K, 0% used [0x00000000fd380000,0x00000000fd380000,0x00000000fe900000)
 ParOldGen       total 102400K, used 57318K [0x00000000e0000000, 0x00000000e6400000, 0x00000000f5580000)
  object space 102400K, 55% used [0x00000000e0000000,0x00000000e37f99f8,0x00000000e6400000)
 Metaspace       used 85306K, capacity 92724K, committed 92968K, reserved 1130496K
  class space    used 10149K, capacity 12471K, committed 12584K, reserved 1048576K
}

Deoptimization events (10 events):
Event: 566.458 Thread 0x0000000021b0d800 Uncommon trap: reason=unstable_if action=reinterpret pc=0x000000000270b624 method=sun.nio.cs.SingleByte$Encoder.encode(C)I @ 13
Event: 567.215 Thread 0x0000000021b07800 Uncommon trap: reason=unstable_if action=reinterpret pc=0x00000000043c4f94 method=org.eclipse.core.internal.jobs.JobManager.startJob(Lorg/eclipse/core/internal/jobs/Worker;)Lorg/eclipse/core/runtime/jobs/Job; @ 20
Event: 567.237 Thread 0x0000000021b15000 Uncommon trap: reason=unstable_if action=reinterpret pc=0x00000000034596b0 method=org.eclipse.osgi.internal.hooks.EclipseLazyStarter.shouldActivateFor(Ljava/lang/String;Lorg/eclipse/osgi/container/Module;Lorg/eclipse/osgi/container/ModuleRevision;Lorg/ecli≤åªLËπÅ@
Event: 567.238 Thread 0x00000000174ff800 Uncommon trap: reason=predicate action=maybe_recompile pc=0x0000000002da8f5c method=java.util.Arrays.fill([Ljava/lang/Object;Ljava/lang/Object;)V @ 10
Event: 567.256 Thread 0x00000000174ff800 Uncommon trap: reason=array_check action=maybe_recompile pc=0x00000000033e6538 method=java.util.Arrays.fill([Ljava/lang/Object;Ljava/lang/Object;)V @ 13
Event: 567.256 Thread 0x00000000174ff800 Uncommon trap: reason=array_check action=maybe_recompile pc=0x00000000033e6538 method=java.util.Arrays.fill([Ljava/lang/Object;Ljava/lang/Object;)V @ 13
Event: 567.256 Thread 0x00000000174ff800 Uncommon trap: reason=array_check action=maybe_recompile pc=0x00000000033e6538 method=java.util.Arrays.fill([Ljava/lang/Object;Ljava/lang/Object;)V @ 13
Event: 567.256 Thread 0x00000000174ff800 Uncommon trap: reason=array_check action=maybe_recompile pc=0x00000000033e6538 method=java.util.Arrays.fill([Ljava/lang/Object;Ljava/lang/Object;)V @ 13
Event: 567.256 Thread 0x00000000174ff800 Uncommon trap: reason=unstable_if action=reinterpret pc=0x000000000335c2e4 method=org.eclipse.osgi.internal.framework.BundleContextImpl.dispatchEvent(Ljava/lang/Object;Ljava/lang/Object;ILjava/lang/Object;)V @ 16
Event: 567.290 Thread 0x0000000021b15000 Uncommon trap: reason=null_check action=maybe_recompile pc=0x0000000004816588 method=com.xilinx.sdk.targetmanager.internal.json.XMDJSONProcess.issueCommand(Ljava/lang/String;)Lcom/xilinx/sdk/targetmanager/internal/IXMDResult; @ 3

Internal exceptions (10 events):
Event: 565.872 Thread 0x00000000023be800 Exception <a 'java/io/FileNotFoundException'> (0x00000000fcc8bf70) thrown at [C:\re\workspace\8-2-build-windows-amd64-cygwin\jdk8u66\5298\hotspot\src\share\vm\prims\jni.cpp, line 709]
Event: 565.873 Thread 0x00000000023be800 Exception <a 'java/io/FileNotFoundException'> (0x00000000fcc8e2d8) thrown at [C:\re\workspace\8-2-build-windows-amd64-cygwin\jdk8u66\5298\hotspot\src\share\vm\prims\jni.cpp, line 709]
Event: 565.873 Thread 0x00000000023be800 Exception <a 'java/io/FileNotFoundException'> (0x00000000fcc90780) thrown at [C:\re\workspace\8-2-build-windows-amd64-cygwin\jdk8u66\5298\hotspot\src\share\vm\prims\jni.cpp, line 709]
Event: 566.207 Thread 0x0000000021b08800 Exception <a 'java/lang/InterruptedException'> (0x00000000f578c470) thrown at [C:\re\workspace\8-2-build-windows-amd64-cygwin\jdk8u66\5298\hotspot\src\share\vm\runtime\objectMonitor.cpp, line 1683]
Event: 567.290 Thread 0x0000000021b15000 Implicit null exception at 0x0000000004815467 to 0x0000000004816579
Event: 567.290 Thread 0x0000000021b15000 Exception <a 'java/lang/NullPointerException'> (0x00000000f5abe760) thrown at [C:\re\workspace\8-2-build-windows-amd64-cygwin\jdk8u66\5298\hotspot\src\share\vm\prims\jvm.cpp, line 1390]
Event: 567.356 Thread 0x0000000017a3a800 Exception <a 'java/lang/InterruptedException'> (0x00000000f5be2358) thrown at [C:\re\workspace\8-2-build-windows-amd64-cygwin\jdk8u66\5298\hotspot\src\share\vm\runtime\objectMonitor.cpp, line 1683]
Event: 567.378 Thread 0x00000000174ff800 Exception <a 'java/lang/InterruptedException'> (0x00000000f5bc09e8) thrown at [C:\re\workspace\8-2-build-windows-amd64-cygwin\jdk8u66\5298\hotspot\src\share\vm\runtime\objectMonitor.cpp, line 1683]
Event: 567.386 Thread 0x0000000017a3d000 Exception <a 'java/lang/InterruptedException'> (0x00000000f5a31670) thrown at [C:\re\workspace\8-2-build-windows-amd64-cygwin\jdk8u66\5298\hotspot\src\share\vm\runtime\objectMonitor.cpp, line 1683]
Event: 567.387 Thread 0x0000000016ec1800 Exception <a 'java/lang/InterruptedException'> (0x00000000f5e0a158) thrown at [C:\re\workspace\8-2-build-windows-amd64-cygwin\jdk8u66\5298\hotspot\src\share\vm\runtime\objectMonitor.cpp, line 1683]

Events (10 events):
Event: 567.394 Thread 0x0000000015e78000 flushing nmethod 0x0000000003178dd0
Event: 567.395 Thread 0x0000000015e78000 flushing nmethod 0x0000000003396350
Event: 567.396 Thread 0x0000000015e78000 flushing nmethod 0x00000000033dd990
Event: 567.401 Thread 0x0000000015e78000 flushing nmethod 0x0000000003d51d50
Event: 567.429 loading class java/util/IdentityHashMap$IdentityHashMapIterator
Event: 567.433 loading class java/util/IdentityHashMap$IdentityHashMapIterator done
Event: 567.433 loading class java/util/IdentityHashMap$KeyIterator done
Event: 567.433 Thread 0x0000000021b0c000 Thread added: 0x0000000021b0c000
Event: 567.434 Thread 0x0000000021b0c000 Thread exited: 0x0000000021b0c000
Event: 567.453 Executing VM operation: Exit


Dynamic libraries:
0x0000000000400000 - 0x000000000044f000 	C:\Xilinx\SDK\2016.4\eclipse\win64.o\eclipse.exe
0x00007ff974380000 - 0x00007ff974551000 	C:\WINDOWS\SYSTEM32\ntdll.dll
0x00007ff973360000 - 0x00007ff97340c000 	C:\WINDOWS\System32\KERNEL32.DLL
0x00007ff9676b0000 - 0x00007ff967704000 	C:\Program Files (x86)\AVG\Av\avghooka.dll
0x00007ff970ef0000 - 0x00007ff97110d000 	C:\WINDOWS\System32\KERNELBASE.dll
0x00007ff96ed80000 - 0x00007ff96edfa000 	C:\WINDOWS\system32\apphelp.dll
0x00007ff973700000 - 0x00007ff973865000 	C:\WINDOWS\System32\USER32.dll
0x00007ff970c70000 - 0x00007ff970c8e000 	C:\WINDOWS\System32\win32u.dll
0x00007ff9738e0000 - 0x00007ff973914000 	C:\WINDOWS\System32\GDI32.dll
0x00007ff970870000 - 0x00007ff9709f2000 	C:\WINDOWS\System32\gdi32full.dll
0x00007ff9742d0000 - 0x00007ff97436e000 	C:\WINDOWS\System32\msvcrt.dll
0x00007ff963b10000 - 0x00007ff963d8a000 	C:\WINDOWS\WinSxS\amd64_microsoft.windows.common-controls_6595b64144ccf1df_6.0.14393.953_none_42151e83c686086b\COMCTL32.dll
0x00007ff973920000 - 0x00007ff973be8000 	C:\WINDOWS\System32\combase.dll
0x00007ff970d40000 - 0x00007ff970e35000 	C:\WINDOWS\System32\ucrtbase.dll
0x00007ff973130000 - 0x00007ff973251000 	C:\WINDOWS\System32\RPCRT4.dll
0x00007ff971160000 - 0x00007ff9711ca000 	C:\WINDOWS\System32\bcryptPrimitives.dll
0x00007ff973260000 - 0x00007ff97328e000 	C:\WINDOWS\System32\IMM32.DLL
0x0000000072000000 - 0x0000000072012000 	C:\Xilinx\SDK\2016.4\eclipse\win64.o\plugins\org.eclipse.equinox.launcher.win32.win32.x86_64_1.1.300.v20150602-1417\eclipse_1611.dll
0x00007ff973410000 - 0x00007ff9734b2000 	C:\WINDOWS\System32\ADVAPI32.dll
0x00007ff971910000 - 0x00007ff971969000 	C:\WINDOWS\System32\sechost.dll
0x00007ff962ad0000 - 0x00007ff962ada000 	C:\WINDOWS\SYSTEM32\VERSION.dll
0x00007ff96efc0000 - 0x00007ff96f055000 	C:\WINDOWS\system32\uxtheme.dll
0x00007ff974020000 - 0x00007ff97417a000 	C:\WINDOWS\System32\MSCTF.dll
0x00007ff973290000 - 0x00007ff97334f000 	C:\WINDOWS\System32\OLEAUT32.dll
0x00007ff970bd0000 - 0x00007ff970c6c000 	C:\WINDOWS\System32\msvcp_win.dll
0x0000000058630000 - 0x0000000058eb9000 	C:\Xilinx\SDK\2016.4\tps\win64\jre\bin\server\jvm.dll
0x00007ff973350000 - 0x00007ff973358000 	C:\WINDOWS\System32\PSAPI.DLL
0x00007ff96c260000 - 0x00007ff96c269000 	C:\WINDOWS\SYSTEM32\WSOCK32.dll
0x00007ff973870000 - 0x00007ff9738da000 	C:\WINDOWS\System32\WS2_32.dll
0x00007ff96eac0000 - 0x00007ff96eae3000 	C:\WINDOWS\SYSTEM32\WINMM.dll
0x000000005afc0000 - 0x000000005b092000 	C:\WINDOWS\SYSTEM32\MSVCR100.dll
0x00007ff96e920000 - 0x00007ff96e94b000 	C:\WINDOWS\SYSTEM32\WINMMBASE.dll
0x00007ff971110000 - 0x00007ff971152000 	C:\WINDOWS\System32\cfgmgr32.dll
0x0000000059a20000 - 0x0000000059a2f000 	C:\Xilinx\SDK\2016.4\tps\win64\jre\bin\verify.dll
0x00000000599f0000 - 0x0000000059a19000 	C:\Xilinx\SDK\2016.4\tps\win64\jre\bin\java.dll
0x00000000599d0000 - 0x00000000599e6000 	C:\Xilinx\SDK\2016.4\tps\win64\jre\bin\zip.dll
0x00007ff971c20000 - 0x00007ff973128000 	C:\WINDOWS\System32\SHELL32.dll
0x00007ff971230000 - 0x00007ff97190a000 	C:\WINDOWS\System32\windows.storage.dll
0x00007ff970820000 - 0x00007ff97086c000 	C:\WINDOWS\System32\powrprof.dll
0x00007ff9741f0000 - 0x00007ff974242000 	C:\WINDOWS\System32\shlwapi.dll
0x00007ff970810000 - 0x00007ff97081f000 	C:\WINDOWS\System32\kernel.appcore.dll
0x00007ff970c90000 - 0x00007ff970d39000 	C:\WINDOWS\System32\shcore.dll
0x00007ff9707f0000 - 0x00007ff970804000 	C:\WINDOWS\System32\profapi.dll
0x00007ff970260000 - 0x00007ff970277000 	C:\WINDOWS\SYSTEM32\CRYPTSP.dll
0x00007ff96fcb0000 - 0x00007ff96fce3000 	C:\WINDOWS\system32\rsaenh.dll
0x00007ff970720000 - 0x00007ff97074b000 	C:\WINDOWS\SYSTEM32\bcrypt.dll
0x00007ff96ff30000 - 0x00007ff96ff4f000 	C:\WINDOWS\SYSTEM32\USERENV.dll
0x00007ff970250000 - 0x00007ff97025b000 	C:\WINDOWS\SYSTEM32\CRYPTBASE.dll
0x00000000599b0000 - 0x00000000599ca000 	C:\Xilinx\SDK\2016.4\tps\win64\jre\bin\net.dll
0x00007ff9700b0000 - 0x00007ff97010c000 	C:\WINDOWS\system32\mswsock.dll
0x00007ff96fe30000 - 0x00007ff96fe68000 	C:\WINDOWS\SYSTEM32\IPHLPAPI.DLL
0x00007ff974370000 - 0x00007ff974378000 	C:\WINDOWS\System32\NSI.dll
0x00007ff96cc10000 - 0x00007ff96cc26000 	C:\WINDOWS\SYSTEM32\dhcpcsvc6.DLL
0x00007ff96cb40000 - 0x00007ff96cb5a000 	C:\WINDOWS\SYSTEM32\dhcpcsvc.DLL
0x0000000059990000 - 0x00000000599a1000 	C:\Xilinx\SDK\2016.4\tps\win64\jre\bin\nio.dll
0x00007ff95e4a0000 - 0x00007ff95e4b6000 	C:\WINDOWS\system32\napinsp.dll
0x00007ff95e470000 - 0x00007ff95e48a000 	C:\WINDOWS\system32\pnrpnsp.dll
0x00007ff96be20000 - 0x00007ff96be38000 	C:\WINDOWS\system32\NLAapi.dll
0x00007ff96fe70000 - 0x00007ff96ff11000 	C:\WINDOWS\SYSTEM32\DNSAPI.dll
0x00007ff962ee0000 - 0x00007ff962eee000 	C:\WINDOWS\System32\winrnr.dll
0x000000005b0d0000 - 0x000000005b0f6000 	C:\Program Files\Bonjour\mdnsNSP.dll
0x00007ff96b090000 - 0x00007ff96b09a000 	C:\Windows\System32\rasadhlp.dll
0x00007ff96b450000 - 0x00007ff96b4ba000 	C:\WINDOWS\System32\fwpuclnt.dll
0x0000000018e60000 - 0x0000000018f08000 	C:\Users\Utilizador\.Xilinx\SDK\2016.4\org.eclipse.osgi\319\0\.cp\swt-win32-4527.dll
0x00007ff971a70000 - 0x00007ff971ba8000 	C:\WINDOWS\System32\ole32.dll
0x00007ff971970000 - 0x00007ff971a6a000 	C:\WINDOWS\System32\comdlg32.dll
0x00007ff970a00000 - 0x00007ff970bc9000 	C:\WINDOWS\System32\CRYPT32.dll
0x00007ff9707e0000 - 0x00007ff9707f0000 	C:\WINDOWS\System32\MSASN1.dll
0x00007ff96bc30000 - 0x00007ff96bcb6000 	C:\WINDOWS\SYSTEM32\WINSPOOL.DRV
0x00007ff956e60000 - 0x00007ff956e79000 	C:\WINDOWS\SYSTEM32\USP10.dll
0x00007ff96ce90000 - 0x00007ff96d15a000 	C:\WINDOWS\SYSTEM32\WININET.dll
0x00007ff96dd30000 - 0x00007ff96dd56000 	C:\WINDOWS\system32\dwmapi.dll
0x00007ff96daa0000 - 0x00007ff96dc25000 	C:\WINDOWS\SYSTEM32\propsys.dll
0x00007ff973660000 - 0x00007ff9736ff000 	C:\WINDOWS\System32\clbcatq.dll
0x00000000194c0000 - 0x00000000194de000 	C:\Users\Utilizador\.Xilinx\SDK\2016.4\org.eclipse.osgi\319\0\.cp\swt-gdip-win32-4527.dll
0x00007ff965510000 - 0x00007ff9656aa000 	C:\WINDOWS\WinSxS\amd64_microsoft.windows.gdiplus_6595b64144ccf1df_1.1.14393.953_none_7300116921188239\gdiplus.dll
0x00007ff96c910000 - 0x00007ff96cab8000 	C:\WINDOWS\SYSTEM32\WindowsCodecs.dll
0x0000000180000000 - 0x0000000180012000 	C:\Users\Utilizador\.Xilinx\SDK\2016.4\org.eclipse.osgi\133\0\.cp\os\win32\x86_64\localfile_1_0_0.dll
0x00007ff95f420000 - 0x00007ff95f485000 	C:\WINDOWS\SYSTEM32\oleacc.dll
0x00007ff96a9c0000 - 0x00007ff96a9c7000 	C:\WINDOWS\SYSTEM32\msimg32.dll
0x00007ff967070000 - 0x00007ff967081000 	C:\Users\Utilizador\.Xilinx\SDK\2016.4\org.eclipse.osgi\136\0\.cp\jWinHttp-1.0.0.dll
0x00007ff96dc60000 - 0x00007ff96dd2d000 	C:\WINDOWS\SYSTEM32\WINHTTP.dll
0x00007ff965320000 - 0x00007ff96532f000 	C:\Xilinx\SDK\2016.4\lib\win64.o\librdi_repo_manager.dll
0x00007ff963710000 - 0x00007ff96373a000 	C:\Xilinx\SDK\2016.4\lib\win64.o\libisl_sysinfo.dll
0x00007ff91aa70000 - 0x00007ff91b51a000 	C:\Xilinx\SDK\2016.4\lib\win64.o\librdi_common.dll
0x00007ff954fe0000 - 0x00007ff955033000 	C:\Xilinx\SDK\2016.4\lib\win64.o\librdi_commonxillic.dll
0x00007ff91a870000 - 0x00007ff91aa68000 	C:\Xilinx\SDK\2016.4\lib\win64.o\librdi_hsm.dll
0x00007ff964c00000 - 0x00007ff964ca7000 	C:\WINDOWS\SYSTEM32\MSVCP110.dll
0x00007ff964cb0000 - 0x00007ff964d84000 	C:\WINDOWS\SYSTEM32\MSVCR110.dll
0x00007ff91a500000 - 0x00007ff91a86e000 	C:\Xilinx\SDK\2016.4\lib\win64.o\libCOIN-all.dll
0x00007ff91a2e0000 - 0x00007ff91a4ff000 	C:\Xilinx\SDK\2016.4\lib\win64.o\libXil_lmgr11.dll
0x00007ff9711d0000 - 0x00007ff971225000 	C:\WINDOWS\System32\WINTRUST.dll
0x00007ff964d90000 - 0x00007ff964da0000 	C:\Xilinx\SDK\2016.4\lib\win64.o\libboost_date_time.dll
0x00007ff958ca0000 - 0x00007ff958cc4000 	C:\Xilinx\SDK\2016.4\lib\win64.o\libboost_filesystem.dll
0x00007ff954f60000 - 0x00007ff954fd7000 	C:\Xilinx\SDK\2016.4\lib\win64.o\libboost_program_options.dll
0x00007ff954e50000 - 0x00007ff954f56000 	C:\Xilinx\SDK\2016.4\lib\win64.o\libboost_regex.dll
0x00007ff958360000 - 0x00007ff958373000 	C:\Xilinx\SDK\2016.4\lib\win64.o\libboost_signals.dll
0x00007ff963db0000 - 0x00007ff963db9000 	C:\Xilinx\SDK\2016.4\lib\win64.o\libboost_system.dll
0x00007ff9580d0000 - 0x00007ff9580ed000 	C:\Xilinx\SDK\2016.4\lib\win64.o\libboost_thread.dll
0x00007ff9636b0000 - 0x00007ff9636bb000 	C:\Xilinx\SDK\2016.4\lib\win64.o\libboost_xilinx.dll
0x00007ff94a380000 - 0x00007ff94a400000 	C:\Xilinx\SDK\2016.4\lib\win64.o\libhdlpsolve.dll
0x00007ff942970000 - 0x00007ff942a0a000 	C:\Xilinx\SDK\2016.4\lib\win64.o\libhdxml.dll
0x00007ff911120000 - 0x00007ff9114e9000 	C:\Xilinx\SDK\2016.4\lib\win64.o\libisl_iostreams.dll
0x00007ff957dd0000 - 0x00007ff957de5000 	C:\Xilinx\SDK\2016.4\lib\win64.o\pthreadVC2.dll
0x00007ff91fbf0000 - 0x00007ff91fd20000 	C:\Xilinx\SDK\2016.4\lib\win64.o\librdi_curl.dll
0x00007ff9574c0000 - 0x00007ff9574d8000 	C:\Xilinx\SDK\2016.4\lib\win64.o\librdiconfig.dll
0x00007ff9574a0000 - 0x00007ff9574bf000 	C:\Xilinx\SDK\2016.4\lib\win64.o\librdizlib.dll
0x0000000058500000 - 0x0000000058627000 	C:\Xilinx\SDK\2016.4\lib\win64.o\tcl85t.dll
0x0000000024690000 - 0x00000000248f3000 	C:\Xilinx\SDK\2016.4\lib\win64.o\xerces-c_3_1.dll
0x00007ff963320000 - 0x00007ff9634e3000 	C:\WINDOWS\SYSTEM32\urlmon.dll
0x00007ff969060000 - 0x00007ff969083000 	C:\WINDOWS\SYSTEM32\VCOMP110.DLL
0x00007ff949380000 - 0x00007ff9493c3000 	C:\Xilinx\SDK\2016.4\lib\win64.o\librdi_hdf.dll
0x00007ff910e50000 - 0x00007ff911118000 	C:\Xilinx\SDK\2016.4\lib\win64.o\librdi_ippcw.dll
0x00007ff96a770000 - 0x00007ff96a788000 	C:\WINDOWS\SYSTEM32\NETAPI32.dll
0x00007ff963280000 - 0x00007ff96328b000 	C:\Xilinx\SDK\2016.4\lib\win64.o\libboost_chrono.dll
0x00007ff955ef0000 - 0x00007ff955f06000 	C:\Xilinx\SDK\2016.4\lib\win64.o\libboost_iostreams.dll
0x00007ff953700000 - 0x00007ff953723000 	C:\Xilinx\SDK\2016.4\lib\win64.o\libisl_iosutils.dll
0x00007ff96ab70000 - 0x00007ff96ae15000 	C:\WINDOWS\SYSTEM32\iertutil.dll
0x00007ff962a20000 - 0x00007ff962a62000 	C:\WINDOWS\SYSTEM32\edputil.dll
0x00007ff955520000 - 0x00007ff955536000 	C:\Xilinx\SDK\2016.4\eclipse\win64.o\plugins\org.eclipse.cdt.core.win32.x86_64_5.4.0.201509131935\os\win32\x86_64\spawner.dll
0x00007ff96c760000 - 0x00007ff96c76a000 	C:\Xilinx\SDK\2016.4\lib\win64.o\librdi_jtag_settings.dll
0x00007ff956330000 - 0x00007ff956359000 	C:\Xilinx\SDK\2016.4\lib\win64.o\librdi_debug_dialog.dll
0x00007ff963170000 - 0x00007ff963178000 	C:\Xilinx\SDK\2016.4\lib\win64.o\librdi_target_manager.dll
0x00007ff9058e0000 - 0x00007ff9060f0000 	C:\Xilinx\SDK\2016.4\lib\win64.o\libXil_lmgr11FNP.dll
0x00007ff973bf0000 - 0x00007ff974019000 	C:\WINDOWS\System32\SETUPAPI.dll
0x00007ff961440000 - 0x00007ff96144c000 	C:\WINDOWS\SYSTEM32\snmpapi.dll
0x00007ff96f320000 - 0x00007ff96f348000 	C:\WINDOWS\SYSTEM32\DEVOBJ.dll
0x00007ff970450000 - 0x00007ff97047c000 	C:\WINDOWS\SYSTEM32\SspiCli.dll

VM Arguments:
jvm_args: -Dcom.xilinx.sdk.args.hwspec=C:/Users/Utilizador/Desktop/Universidade/4_ano/2_semestre/CR/Projeto/ProjetoFinal/MP_ToDisplays/MP_ToDisplays.sdk/DebUART_wrapper.hdf -Xms64m -Xmx512m & 
java_command: <unknown>
java_class_path (initial): C:\Xilinx\SDK\2016.4\eclipse\win64.o\\plugins/org.eclipse.equinox.launcher_1.3.100.v20150511-1540.jar
Launcher Type: generic

Environment Variables:
JAVA_HOME=C:\Program Files\Java\jdk1.8.0_101
PATH=C:/Xilinx/SDK/2016.4/tps/win64/jre/bin/server;C:/Xilinx/SDK/2016.4/tps/win64/jre/bin;C:/Xilinx/SDK/2016.4/tps/win64/jre/lib/amd64;C:\Xilinx\SDK\2016.4\gnuwin\bin;C:\Xilinx\SDK\2016.4\gnu\microblaze\nt\bin;C:\Xilinx\SDK\2016.4\gnu\microblaze\linux_toolchain\nt64_le\bin;C:\Xilinx\SDK\2016.4\gnu\microblaze\linux_toolchain\nt64_be\bin;C:\Xilinx\SDK\2016.4\gnu\arm\nt\bin;C:\Xilinx\SDK\2016.4\gnu\aarch64\nt\aarch64-none\bin;C:\Xilinx\SDK\2016.4\gnu\aarch64\nt\aarch64-linux\bin;C:\Xilinx\SDK\2016.4\gnu\armr5\nt\gcc-arm-none-eabi\bin;C:\Xilinx\SDK\2016.4\gnu\aarch32\nt\gcc-arm-none-eabi\bin;C:\Xilinx\SDK\2016.4\gnu\aarch32\nt\gcc-arm-linux-gnueabi\bin;C:\Xilinx\SDK\2016.4\tps\win64\cmake-3.3.2\bin;;C:\Xilinx\SDK\2016.4\bin;C:\Xilinx\SDK\2016.4\lib\win64.o;C:\Xilinx\SDK\2016.4\tps\win64\jre\bin\server;C:\Xilinx\SDK\2016.4\tps\win64\jre\bin;C:\Xilinx\Vivado\2016.4\ids_lite\ISE\bin\nt64;C:\Xilinx\Vivado\2016.4\ids_lite\ISE\lib\nt64;C:\Xilinx\Vivado\2016.4\bin;C:\Xilinx\Vivado\2016.4\lib\win64.o;C:\Xilinx\Vivado\2016.4\tps\win64\jre\bin\server;C:\Xilinx\Vivado\2016.4\tps\win64\jre\bin;C:\Xilinx\Vivado_HLS\2016.4\bin;C:\WINDOWS\system32\Npcap;C:\Program Files\MATLAB\MATLAB Production Server\R2015a\runtime\win64;C:\Program Files\MATLAB\MATLAB Production Server\R2015a\bin;C:\Program Files\MATLAB\MATLAB Production Server\R2015a\polyspace\bin;C:\Program Files\PuTTY\;c:\Program Files\Intel\WiFi\bin\;c:\Program Files\Common Files\Intel\WirelessCommon\;C:\Users\Utilizador\AppData\Roaming\npm;C:\Users\Utilizador\AppData\Local\Microsoft\WindowsApps;C:\Python27;C:\Program Files\Java\jdk1.8.0_101\bin;C:\Program Files\NetBeans 8.2\java\maven\bin;C:\Users\Utilizador\Desktop\Universidade\4_ano\2_semestre\CR\Projeto\ProjetoFinal\MP_ToDisplays;
USERNAME=Utilizador
OS=Windows_NT
PROCESSOR_IDENTIFIER=Intel64 Family 6 Model 60 Stepping 3, GenuineIntel



---------------  S Y S T E M  ---------------

OS: Windows 10.0 , 64 bit Build 14393 (10.0.14393.1198)

CPU:total 8 (4 cores per cpu, 2 threads per core) family 6 model 60 stepping 3, cmov, cx8, fxsr, mmx, sse, sse2, sse3, ssse3, sse4.1, sse4.2, popcnt, avx, avx2, aes, clmul, erms, lzcnt, ht, tsc, tscinvbit, bmi1, bmi2

Memory: 4k page, physical 8319000k(2689400k free), swap 12976516k(5621184k free)

vm_info: Java HotSpot(TM) 64-Bit Server VM (25.66-b18) for windows-amd64 JRE (1.8.0_66-b18), built on Nov  9 2015 10:51:13 by "java_re" with MS VC++ 10.0 (VS2010)

time: Fri May 26 16:24:39 2017
elapsed time: 588 seconds (0d 0h 9m 48s)

