#
# A fatal error has been detected by the Java Runtime Environment:
#
#  EXCEPTION_UNCAUGHT_CXX_EXCEPTION (0xe06d7363) at pc=0x00007ff970f23c58, pid=9508, tid=8104
#
# JRE version: Java(TM) SE Runtime Environment (8.0_66-b18) (build 1.8.0_66-b18)
# Java VM: Java HotSpot(TM) 64-Bit Server VM (25.66-b18 mixed mode windows-amd64 compressed oops)
# Problematic frame:
# C  [KERNELBASE.dll+0x33c58]
#
# Failed to write core dump. Minidumps are not enabled by default on client versions of Windows
#
# If you would like to submit a bug report, please visit:
#   http://bugreport.java.com/bugreport/crash.jsp
#

---------------  T H R E A D  ---------------

Current thread (0x0000000013cb9000):  VMThread [stack: 0x00000000159c0000,0x0000000015ac0000] [id=8104]

siginfo: ExceptionCode=0xe06d7363, ExceptionInformation=0x0000000019930520 0x0000000015abf448 0x00007ff964d62cb8 0x00007ff964cb0000 

Registers:
RAX=0x004c0044002e006c, RBX=0x00007ff964d62cb8, RCX=0x000000000000004c, RDX=0x0000000000000000
RSP=0x0000000015abf290, RBP=0x0000000015abf3d0, RSI=0x00000000ffffffff, RDI=0x00000000285003a0
R8 =0x0000000000000000, R9 =0x0000000000000000, R10=0x0000000000000000, R11=0x0000000000000000
R12=0x0000000000000001, R13=0x0000000000000008, R14=0x0000000000000000, R15=0xffffffffffffffff
RIP=0x00007ff970f23c58, EFLAGS=0x0000000000000202

Top of Stack: (sp=0x0000000015abf290)
0x0000000015abf290:   0000000000000000 00007ff964d62cb8
0x0000000015abf2a0:   00000000ffffffff 00000000285003a0
0x0000000015abf2b0:   00000001e06d7363 0000000000000000
0x0000000015abf2c0:   00007ff970f23c58 00007ff900000004
0x0000000015abf2d0:   0000000019930520 0000000015abf448
0x0000000015abf2e0:   00007ff964d62cb8 00007ff964cb0000
0x0000000015abf2f0:   0000000000000008 0000000000000001
0x0000000015abf300:   00000000285003a0 00000000ffffffff
0x0000000015abf310:   0000000015abf3d0 00007ff9743cc26f
0x0000000015abf320:   0000000015abf3e0 0000000000000000
0x0000000015abf330:   0000291e0b236ed3 0000000000000001
0x0000000015abf340:   00007ff964d79000 00007ff964cb0000
0x0000000015abf350:   00004a8e05c77b29 0000000015abf580
0x0000000015abf360:   00007ff964d62cb8 00007ff964d0e92c
0x0000000015abf370:   000000000000001f 0000000000000008
0x0000000015abf380:   0000000000000001 00000000285003a0 

Instructions: (pc=0x00007ff970f23c58)
0x00007ff970f23c38:   49 8b d1 44 0f 47 c0 44 89 44 24 38 49 c1 e0 03
0x00007ff970f23c48:   e8 47 90 04 00 48 8d 4c 24 20 ff 15 a0 44 11 00
0x00007ff970f23c58:   48 8b 8c 24 c0 00 00 00 48 33 cc e8 d8 55 04 00
0x00007ff970f23c68:   48 81 c4 d8 00 00 00 c3 83 64 24 38 00 eb d6 cc 


Register to memory mapping:

RAX=0x004c0044002e006c is an unknown value
RBX=0x00007ff964d62cb8 is an unknown value
RCX=0x000000000000004c is an unknown value
RDX=0x0000000000000000 is an unknown value
RSP=0x0000000015abf290 is an unknown value
RBP=0x0000000015abf3d0 is an unknown value
RSI=0x00000000ffffffff is an unallocated location in the heap
RDI=0x00000000285003a0 is an unknown value
R8 =0x0000000000000000 is an unknown value
R9 =0x0000000000000000 is an unknown value
R10=0x0000000000000000 is an unknown value
R11=0x0000000000000000 is an unknown value
R12=0x0000000000000001 is an unknown value
R13=0x0000000000000008 is an unknown value
R14=0x0000000000000000 is an unknown value
R15=0xffffffffffffffff is an unknown value


Stack: [0x00000000159c0000,0x0000000015ac0000],  sp=0x0000000015abf290,  free space=1020k
Native frames: (J=compiled Java code, j=interpreted, Vv=VM code, C=native code)
C  [KERNELBASE.dll+0x33c58]
C  [MSVCR110.dll+0x5e92c]
C  [MSVCR110.dll+0x1315c]
C  [MSVCR110.dll+0x136a9]
C  [MSVCR110.dll+0x13e9c]
C  [MSVCR110.dll+0x239e]
C  [MSVCR110.dll+0xaf9e]
C  [MSVCP110.dll+0x397b9]
C  [librdi_common.dll+0x183a66]
C  [librdi_common.dll+0x1826fb]
C  [librdi_target_manager.dll+0x2400]
C  [librdi_target_manager.dll+0x2682]
C  [ntdll.dll+0x2a35f]
C  [ntdll.dll+0x806b]
C  [ntdll.dll+0x7d94]
C  [KERNEL32.DLL+0x1ce6a]
C  [MSVCR100.dll+0x20ccd]
V  [jvm.dll+0x210cc5]
V  [jvm.dll+0x249897]
V  [jvm.dll+0x248b36]
V  [jvm.dll+0x248fd1]
V  [jvm.dll+0x2491ee]
V  [jvm.dll+0x29a0fa]
C  [MSVCR100.dll+0x21d9f]
C  [MSVCR100.dll+0x21e3b]
C  [KERNEL32.DLL+0x8364]
C  [ntdll.dll+0x670d1]

VM_Operation (0x000000000014f4c0): Exit, mode: safepoint, requested by thread 0x00000000024fe800


---------------  P R O C E S S  ---------------

Java Threads: ( => current thread )
  0x0000000016084000 JavaThread "pool-2-thread-2" [_thread_blocked, id=12572, stack(0x000000002db90000,0x000000002dc90000)]
  0x0000000016080000 JavaThread "pool-2-thread-1" [_thread_blocked, id=8400, stack(0x000000002b790000,0x000000002b890000)]
  0x0000000016082800 JavaThread "Thread-35" daemon [_thread_blocked, id=5020, stack(0x000000002b590000,0x000000002b690000)]
  0x0000000020aeb800 JavaThread "TCF Channel Transmitter" daemon [_thread_blocked, id=6792, stack(0x00000000281a0000,0x00000000282a0000)]
  0x0000000020ae9800 JavaThread "TCF Channel Receiver" daemon [_thread_in_native, id=8248, stack(0x00000000280a0000,0x00000000281a0000)]
  0x0000000020ae2000 JavaThread "Process monitor" daemon [_thread_in_native, id=8648, stack(0x00000000274e0000,0x00000000275e0000)]
  0x0000000020ae8800 JavaThread "Input Stream Monitor" daemon [_thread_blocked, id=14472, stack(0x00000000273e0000,0x00000000274e0000)]
  0x0000000020ae1000 JavaThread "Output Stream Monitor" daemon [_thread_in_native, id=3204, stack(0x00000000272e0000,0x00000000273e0000)]
  0x0000000020ae8000 JavaThread "Output Stream Monitor" daemon [_thread_in_native, id=7764, stack(0x00000000271e0000,0x00000000272e0000)]
  0x0000000020ae5000 JavaThread "TCF Locator DNS Lookup" daemon [_thread_blocked, id=14280, stack(0x00000000255f0000,0x00000000256f0000)]
  0x0000000020ae4000 JavaThread "TCF Locator Timer" daemon [_thread_blocked, id=7228, stack(0x00000000254f0000,0x00000000255f0000)]
  0x0000000017a55000 JavaThread "TCF Locator Receiver" daemon [_thread_in_native, id=5304, stack(0x00000000253f0000,0x00000000254f0000)]
  0x0000000017a56800 JavaThread "TCF Timer Dispatcher" daemon [_thread_blocked, id=12280, stack(0x00000000251f0000,0x00000000252f0000)]
  0x0000000017044800 JavaThread "EMF Reference Cleaner" daemon [_thread_blocked, id=13752, stack(0x0000000019340000,0x0000000019440000)]
  0x0000000015e9f800 JavaThread "Service Thread" daemon [_thread_blocked, id=16216, stack(0x00000000167d0000,0x00000000168d0000)]
  0x0000000013ccc000 JavaThread "C1 CompilerThread3" daemon [_thread_blocked, id=7812, stack(0x00000000166d0000,0x00000000167d0000)]
  0x0000000015e05000 JavaThread "C2 CompilerThread2" daemon [_thread_blocked, id=4708, stack(0x00000000165d0000,0x00000000166d0000)]
  0x0000000015e01000 JavaThread "C2 CompilerThread1" daemon [_thread_blocked, id=12112, stack(0x00000000164d0000,0x00000000165d0000)]
  0x0000000015dff000 JavaThread "C2 CompilerThread0" daemon [_thread_blocked, id=15852, stack(0x00000000163d0000,0x00000000164d0000)]
  0x0000000015e0d800 JavaThread "Attach Listener" daemon [_thread_blocked, id=10452, stack(0x00000000162d0000,0x00000000163d0000)]
  0x0000000015e0c000 JavaThread "Signal Dispatcher" daemon [_thread_blocked, id=17572, stack(0x00000000161d0000,0x00000000162d0000)]
  0x00000000024da800 JavaThread "Finalizer" daemon [_thread_blocked, id=14932, stack(0x0000000015bc0000,0x0000000015cc0000)]
  0x0000000013cbd800 JavaThread "Reference Handler" daemon [_thread_blocked, id=8124, stack(0x0000000015ac0000,0x0000000015bc0000)]
  0x00000000024fe800 JavaThread "main" [_thread_blocked, id=16440, stack(0x0000000000050000,0x0000000000150000)]

Other Threads:
=>0x0000000013cb9000 VMThread [stack: 0x00000000159c0000,0x0000000015ac0000] [id=8104]

VM state:at safepoint (shutting down)

VM Mutex/Monitor currently owned by a thread:  ([mutex/lock_event])
[0x00000000024fd4c0] Threads_lock - owner thread: 0x0000000013cb9000

Heap:
 PSYoungGen      total 92160K, used 65652K [0x00000000f5580000, 0x00000000fcd00000, 0x0000000100000000)
  eden space 65024K, 93% used [0x00000000f5580000,0x00000000f912a7b8,0x00000000f9500000)
  from space 27136K, 16% used [0x00000000f9500000,0x00000000f99729b0,0x00000000faf80000)
  to   space 27136K, 0% used [0x00000000fb280000,0x00000000fb280000,0x00000000fcd00000)
 ParOldGen       total 118784K, used 54987K [0x00000000e0000000, 0x00000000e7400000, 0x00000000f5580000)
  object space 118784K, 46% used [0x00000000e0000000,0x00000000e35b2c98,0x00000000e7400000)
 Metaspace       used 83429K, capacity 90882K, committed 90928K, reserved 1128448K
  class space    used 10059K, capacity 12301K, committed 12336K, reserved 1048576K

Card table byte_map: [0x00000000118c0000,0x00000000119d0000] byte_map_base: 0x00000000111c0000

Marking Bits: (ParMarkBitMap*) 0x0000000058d8a5b0
 Begin Bits: [0x00000000121d0000, 0x00000000129d0000)
 End Bits:   [0x00000000129d0000, 0x00000000131d0000)

Polling page: 0x0000000001e90000

CodeCache: size=245760Kb used=29691Kb max_used=29897Kb free=216068Kb
 bounds [0x0000000002500000, 0x0000000004280000, 0x0000000011500000]
 total_blobs=9087 nmethods=8203 adapters=792
 compilation: enabled

Compilation events (10 events):
Event: 316.620 Thread 0x0000000013ccc000 nmethod 10107 0x0000000002db4490 code [0x0000000002db4600, 0x0000000002db47e8]
Event: 316.622 Thread 0x0000000013ccc000 10110       3       org.eclipse.osgi.container.Module::holdsTransitionEventLock (25 bytes)
Event: 316.623 Thread 0x0000000015e05000 10120       4       org.eclipse.osgi.container.ModuleDatabase::readUnlock (11 bytes)
Event: 316.624 Thread 0x0000000013ccc000 nmethod 10110 0x0000000002cb4910 code [0x0000000002cb4aa0, 0x0000000002cb51c8]
Event: 316.624 Thread 0x0000000015dff000 10121       4       java.util.concurrent.locks.AbstractQueuedSynchronizer::release (33 bytes)
Event: 316.626 Thread 0x0000000013ccc000 10111       3       org.eclipse.osgi.container.ModuleWiring::unload (6 bytes)
Event: 316.627 Thread 0x0000000013ccc000 nmethod 10111 0x00000000037544d0 code [0x0000000003754640, 0x00000000037547c8]
Event: 316.627 Thread 0x0000000015dff000 nmethod 10121 0x000000000310a850 code [0x000000000310a9a0, 0x000000000310aa68]
Event: 316.630 Thread 0x0000000013ccc000 10112       3       org.eclipse.osgi.container.ModuleWiring::invalidate0 (52 bytes)
Event: 316.632 Thread 0x0000000013ccc000 nmethod 10112 0x00000000034b90d0 code [0x00000000034b9280, 0x00000000034b9c28]

GC Heap History (10 events):
Event: 39.410 GC heap before
{Heap before GC invocations=15 (full 3):
 PSYoungGen      total 82944K, used 76755K [0x00000000f5580000, 0x00000000fc400000, 0x0000000100000000)
  eden space 60416K, 100% used [0x00000000f5580000,0x00000000f9080000,0x00000000f9080000)
  from space 22528K, 72% used [0x00000000f9080000,0x00000000fa074e68,0x00000000fa680000)
  to   space 23552K, 0% used [0x00000000fad00000,0x00000000fad00000,0x00000000fc400000)
 ParOldGen       total 118784K, used 43274K [0x00000000e0000000, 0x00000000e7400000, 0x00000000f5580000)
  object space 118784K, 36% used [0x00000000e0000000,0x00000000e2a429d8,0x00000000e7400000)
 Metaspace       used 75732K, capacity 82398K, committed 82736K, reserved 1120256K
  class space    used 9223K, capacity 11187K, committed 11312K, reserved 1048576K
Event: 39.460 GC heap after
Heap after GC invocations=15 (full 3):
 PSYoungGen      total 86528K, used 23474K [0x00000000f5580000, 0x00000000fc900000, 0x0000000100000000)
  eden space 62976K, 0% used [0x00000000f5580000,0x00000000f5580000,0x00000000f9300000)
  from space 23552K, 99% used [0x00000000fad00000,0x00000000fc3ecaf0,0x00000000fc400000)
  to   space 26624K, 0% used [0x00000000f9300000,0x00000000f9300000,0x00000000fad00000)
 ParOldGen       total 118784K, used 43282K [0x00000000e0000000, 0x00000000e7400000, 0x00000000f5580000)
  object space 118784K, 36% used [0x00000000e0000000,0x00000000e2a449d8,0x00000000e7400000)
 Metaspace       used 75732K, capacity 82398K, committed 82736K, reserved 1120256K
  class space    used 9223K, capacity 11187K, committed 11312K, reserved 1048576K
}
Event: 71.007 GC heap before
{Heap before GC invocations=16 (full 3):
 PSYoungGen      total 86528K, used 33102K [0x00000000f5580000, 0x00000000fc900000, 0x0000000100000000)
  eden space 62976K, 15% used [0x00000000f5580000,0x00000000f5ee6d60,0x00000000f9300000)
  from space 23552K, 99% used [0x00000000fad00000,0x00000000fc3ecaf0,0x00000000fc400000)
  to   space 26624K, 0% used [0x00000000f9300000,0x00000000f9300000,0x00000000fad00000)
 ParOldGen       total 118784K, used 43282K [0x00000000e0000000, 0x00000000e7400000, 0x00000000f5580000)
  object space 118784K, 36% used [0x00000000e0000000,0x00000000e2a449d8,0x00000000e7400000)
 Metaspace       used 76533K, capacity 83426K, committed 83632K, reserved 1122304K
  class space    used 9329K, capacity 11383K, committed 11440K, reserved 1048576K
Event: 71.033 GC heap after
Heap after GC invocations=16 (full 3):
 PSYoungGen      total 89600K, used 18393K [0x00000000f5580000, 0x00000000fca00000, 0x0000000100000000)
  eden space 62976K, 0% used [0x00000000f5580000,0x00000000f5580000,0x00000000f9300000)
  from space 26624K, 69% used [0x00000000f9300000,0x00000000fa4f6490,0x00000000fad00000)
  to   space 27136K, 0% used [0x00000000faf80000,0x00000000faf80000,0x00000000fca00000)
 ParOldGen       total 118784K, used 43290K [0x00000000e0000000, 0x00000000e7400000, 0x00000000f5580000)
  object space 118784K, 36% used [0x00000000e0000000,0x00000000e2a469d8,0x00000000e7400000)
 Metaspace       used 76533K, capacity 83426K, committed 83632K, reserved 1122304K
  class space    used 9329K, capacity 11383K, committed 11440K, reserved 1048576K
}
Event: 71.033 GC heap before
{Heap before GC invocations=17 (full 4):
 PSYoungGen      total 89600K, used 18393K [0x00000000f5580000, 0x00000000fca00000, 0x0000000100000000)
  eden space 62976K, 0% used [0x00000000f5580000,0x00000000f5580000,0x00000000f9300000)
  from space 26624K, 69% used [0x00000000f9300000,0x00000000fa4f6490,0x00000000fad00000)
  to   space 27136K, 0% used [0x00000000faf80000,0x00000000faf80000,0x00000000fca00000)
 ParOldGen       total 118784K, used 43290K [0x00000000e0000000, 0x00000000e7400000, 0x00000000f5580000)
  object space 118784K, 36% used [0x00000000e0000000,0x00000000e2a469d8,0x00000000e7400000)
 Metaspace       used 76533K, capacity 83426K, committed 83632K, reserved 1122304K
  class space    used 9329K, capacity 11383K, committed 11440K, reserved 1048576K
Event: 71.772 GC heap after
Heap after GC invocations=17 (full 4):
 PSYoungGen      total 89600K, used 0K [0x00000000f5580000, 0x00000000fca00000, 0x0000000100000000)
  eden space 62976K, 0% used [0x00000000f5580000,0x00000000f5580000,0x00000000f9300000)
  from space 26624K, 0% used [0x00000000f9300000,0x00000000f9300000,0x00000000fad00000)
  to   space 27136K, 0% used [0x00000000faf80000,0x00000000faf80000,0x00000000fca00000)
 ParOldGen       total 118784K, used 54971K [0x00000000e0000000, 0x00000000e7400000, 0x00000000f5580000)
  object space 118784K, 46% used [0x00000000e0000000,0x00000000e35aec98,0x00000000e7400000)
 Metaspace       used 76533K, capacity 83426K, committed 83632K, reserved 1122304K
  class space    used 9329K, capacity 11383K, committed 11440K, reserved 1048576K
}
Event: 235.628 GC heap before
{Heap before GC invocations=18 (full 4):
 PSYoungGen      total 89600K, used 62976K [0x00000000f5580000, 0x00000000fca00000, 0x0000000100000000)
  eden space 62976K, 100% used [0x00000000f5580000,0x00000000f9300000,0x00000000f9300000)
  from space 26624K, 0% used [0x00000000f9300000,0x00000000f9300000,0x00000000fad00000)
  to   space 27136K, 0% used [0x00000000faf80000,0x00000000faf80000,0x00000000fca00000)
 ParOldGen       total 118784K, used 54971K [0x00000000e0000000, 0x00000000e7400000, 0x00000000f5580000)
  object space 118784K, 46% used [0x00000000e0000000,0x00000000e35aec98,0x00000000e7400000)
 Metaspace       used 80491K, capacity 87802K, committed 87856K, reserved 1124352K
  class space    used 9806K, capacity 12026K, committed 12080K, reserved 1048576K
Event: 235.645 GC heap after
Heap after GC invocations=18 (full 4):
 PSYoungGen      total 92160K, used 5724K [0x00000000f5580000, 0x00000000fcc00000, 0x0000000100000000)
  eden space 65024K, 0% used [0x00000000f5580000,0x00000000f5580000,0x00000000f9500000)
  from space 27136K, 21% used [0x00000000faf80000,0x00000000fb517020,0x00000000fca00000)
  to   space 27136K, 0% used [0x00000000f9500000,0x00000000f9500000,0x00000000faf80000)
 ParOldGen       total 118784K, used 54979K [0x00000000e0000000, 0x00000000e7400000, 0x00000000f5580000)
  object space 118784K, 46% used [0x00000000e0000000,0x00000000e35b0c98,0x00000000e7400000)
 Metaspace       used 80491K, capacity 87802K, committed 87856K, reserved 1124352K
  class space    used 9806K, capacity 12026K, committed 12080K, reserved 1048576K
}
Event: 303.963 GC heap before
{Heap before GC invocations=19 (full 4):
 PSYoungGen      total 92160K, used 70748K [0x00000000f5580000, 0x00000000fcc00000, 0x0000000100000000)
  eden space 65024K, 100% used [0x00000000f5580000,0x00000000f9500000,0x00000000f9500000)
  from space 27136K, 21% used [0x00000000faf80000,0x00000000fb517020,0x00000000fca00000)
  to   space 27136K, 0% used [0x00000000f9500000,0x00000000f9500000,0x00000000faf80000)
 ParOldGen       total 118784K, used 54979K [0x00000000e0000000, 0x00000000e7400000, 0x00000000f5580000)
  object space 118784K, 46% used [0x00000000e0000000,0x00000000e35b0c98,0x00000000e7400000)
 Metaspace       used 81740K, capacity 89060K, committed 89264K, reserved 1126400K
  class space    used 9907K, capacity 12103K, committed 12208K, reserved 1048576K
Event: 303.979 GC heap after
Heap after GC invocations=19 (full 4):
 PSYoungGen      total 92160K, used 4554K [0x00000000f5580000, 0x00000000fcd00000, 0x0000000100000000)
  eden space 65024K, 0% used [0x00000000f5580000,0x00000000f5580000,0x00000000f9500000)
  from space 27136K, 16% used [0x00000000f9500000,0x00000000f99729b0,0x00000000faf80000)
  to   space 27136K, 0% used [0x00000000fb280000,0x00000000fb280000,0x00000000fcd00000)
 ParOldGen       total 118784K, used 54987K [0x00000000e0000000, 0x00000000e7400000, 0x00000000f5580000)
  object space 118784K, 46% used [0x00000000e0000000,0x00000000e35b2c98,0x00000000e7400000)
 Metaspace       used 81740K, capacity 89060K, committed 89264K, reserved 1126400K
  class space    used 9907K, capacity 12103K, committed 12208K, reserved 1048576K
}

Deoptimization events (10 events):
Event: 314.357 Thread 0x00000000024fe800 Uncommon trap: reason=unstable_if action=reinterpret pc=0x0000000003c8a994 method=org.eclipse.e4.ui.internal.workbench.swt.PartRenderingEngine.someAreVisible(Ljava/util/List;)Z @ 41
Event: 314.362 Thread 0x00000000024fe800 Uncommon trap: reason=unstable_if action=reinterpret pc=0x00000000040c12d8 method=org.eclipse.emf.ecore.xmi.impl.StringSegment.add(Ljava/lang/String;)V @ 151
Event: 314.397 Thread 0x00000000024fe800 Uncommon trap: reason=unstable_if action=reinterpret pc=0x00000000033a5a5c method=org.eclipse.emf.ecore.impl.MinimalEObjectImpl.setField(ILjava/lang/Object;)V @ 9
Event: 314.586 Thread 0x0000000017a56000 Uncommon trap: reason=unstable_if action=reinterpret pc=0x000000000292a148 method=org.eclipse.e4.ui.internal.workbench.swt.E4Application$1.syncExec(Ljava/lang/Runnable;)V @ 14
Event: 314.650 Thread 0x000000001607f800 Uncommon trap: reason=class_check action=maybe_recompile pc=0x00000000041b4070 method=org.eclipse.e4.core.internal.contexts.TrackableComputationExt.update(Lorg/eclipse/e4/core/internal/contexts/ContextChangeEvent;)Z @ 62
Event: 314.650 Thread 0x000000001607f800 Uncommon trap: reason=class_check action=maybe_recompile pc=0x00000000041b4070 method=org.eclipse.e4.core.internal.contexts.TrackableComputationExt.update(Lorg/eclipse/e4/core/internal/contexts/ContextChangeEvent;)Z @ 62
Event: 315.714 Thread 0x0000000016083000 Uncommon trap: reason=unstable_if action=reinterpret pc=0x00000000026798e4 method=sun.nio.cs.SingleByte$Encoder.encode(C)I @ 13
Event: 315.758 Thread 0x000000001607f800 Uncommon trap: reason=unstable_if action=reinterpret pc=0x0000000003ee8d24 method=org.eclipse.swt.graphics.Resource.dispose()V @ 15
Event: 316.367 Thread 0x000000001607f800 Uncommon trap: reason=unstable_if action=reinterpret pc=0x00000000032ab288 method=org.eclipse.osgi.internal.hooks.EclipseLazyStarter.shouldActivateFor(Ljava/lang/String;Lorg/eclipse/osgi/container/Module;Lorg/eclipse/osgi/container/ModuleRevision;Lorg/ecli’ñ!/ò∆s@
Event: 316.412 Thread 0x000000001607f800 Uncommon trap: reason=null_check action=maybe_recompile pc=0x0000000003bb6d6c method=com.xilinx.sdk.targetmanager.internal.json.XMDJSONProcess.issueCommand(Ljava/lang/String;)Lcom/xilinx/sdk/targetmanager/internal/IXMDResult; @ 3

Internal exceptions (10 events):
Event: 314.573 Thread 0x00000000024fe800 Exception <a 'java/io/FileNotFoundException'> (0x00000000f87128b8) thrown at [C:\re\workspace\8-2-build-windows-amd64-cygwin\jdk8u66\5298\hotspot\src\share\vm\prims\jni.cpp, line 709]
Event: 314.573 Thread 0x00000000024fe800 Exception <a 'java/io/FileNotFoundException'> (0x00000000f8714c20) thrown at [C:\re\workspace\8-2-build-windows-amd64-cygwin\jdk8u66\5298\hotspot\src\share\vm\prims\jni.cpp, line 709]
Event: 314.574 Thread 0x00000000024fe800 Exception <a 'java/io/FileNotFoundException'> (0x00000000f87170c8) thrown at [C:\re\workspace\8-2-build-windows-amd64-cygwin\jdk8u66\5298\hotspot\src\share\vm\prims\jni.cpp, line 709]
Event: 315.708 Thread 0x0000000016081800 Exception <a 'java/lang/InterruptedException'> (0x00000000f8b592e0) thrown at [C:\re\workspace\8-2-build-windows-amd64-cygwin\jdk8u66\5298\hotspot\src\share\vm\runtime\objectMonitor.cpp, line 1683]
Event: 316.412 Thread 0x000000001607f800 Implicit null exception at 0x0000000003bb47e7 to 0x0000000003bb6d5d
Event: 316.413 Thread 0x000000001607f800 Exception <a 'java/lang/NullPointerException'> (0x00000000f8dd48e8) thrown at [C:\re\workspace\8-2-build-windows-amd64-cygwin\jdk8u66\5298\hotspot\src\share\vm\prims\jvm.cpp, line 1390]
Event: 316.532 Thread 0x0000000017a56000 Exception <a 'java/lang/InterruptedException'> (0x00000000f667f0e8) thrown at [C:\re\workspace\8-2-build-windows-amd64-cygwin\jdk8u66\5298\hotspot\src\share\vm\runtime\objectMonitor.cpp, line 1683]
Event: 316.605 Thread 0x0000000017a32800 Exception <a 'java/lang/InterruptedException'> (0x00000000f8eff760) thrown at [C:\re\workspace\8-2-build-windows-amd64-cygwin\jdk8u66\5298\hotspot\src\share\vm\runtime\objectMonitor.cpp, line 1683]
Event: 316.614 Thread 0x0000000017a5b000 Exception <a 'java/lang/InterruptedException'> (0x00000000f698f518) thrown at [C:\re\workspace\8-2-build-windows-amd64-cygwin\jdk8u66\5298\hotspot\src\share\vm\runtime\objectMonitor.cpp, line 1683]
Event: 316.615 Thread 0x00000000177de000 Exception <a 'java/lang/InterruptedException'> (0x00000000f90d9b90) thrown at [C:\re\workspace\8-2-build-windows-amd64-cygwin\jdk8u66\5298\hotspot\src\share\vm\runtime\objectMonitor.cpp, line 1683]

Events (10 events):
Event: 316.627 Thread 0x0000000016081800 Thread added: 0x0000000016081800
Event: 316.628 Executing VM operation: RevokeBias
Event: 316.628 Executing VM operation: RevokeBias done
Event: 316.628 Executing VM operation: RevokeBias
Event: 316.629 Executing VM operation: RevokeBias done
Event: 316.629 Executing VM operation: RevokeBias
Event: 316.629 Executing VM operation: RevokeBias done
Event: 316.629 Thread 0x0000000016081800 Thread exited: 0x0000000016081800
Event: 316.630 Thread 0x0000000013ccc000 flushing nmethod 0x0000000003626610
Event: 316.632 Executing VM operation: Exit


Dynamic libraries:
0x0000000000400000 - 0x000000000044f000 	C:\Xilinx\SDK\2016.4\eclipse\win64.o\eclipse.exe
0x00007ff974380000 - 0x00007ff974551000 	C:\WINDOWS\SYSTEM32\ntdll.dll
0x00007ff973360000 - 0x00007ff97340c000 	C:\WINDOWS\System32\KERNEL32.DLL
0x00007ff9676b0000 - 0x00007ff967704000 	C:\Program Files (x86)\AVG\Av\avghooka.dll
0x00007ff970ef0000 - 0x00007ff97110d000 	C:\WINDOWS\System32\KERNELBASE.dll
0x00007ff96ed80000 - 0x00007ff96edfa000 	C:\WINDOWS\system32\apphelp.dll
0x00007ff973700000 - 0x00007ff973865000 	C:\WINDOWS\System32\USER32.dll
0x00007ff970c70000 - 0x00007ff970c8e000 	C:\WINDOWS\System32\win32u.dll
0x00007ff9738e0000 - 0x00007ff973914000 	C:\WINDOWS\System32\GDI32.dll
0x00007ff970870000 - 0x00007ff9709f2000 	C:\WINDOWS\System32\gdi32full.dll
0x00007ff9742d0000 - 0x00007ff97436e000 	C:\WINDOWS\System32\msvcrt.dll
0x00007ff963b10000 - 0x00007ff963d8a000 	C:\WINDOWS\WinSxS\amd64_microsoft.windows.common-controls_6595b64144ccf1df_6.0.14393.953_none_42151e83c686086b\COMCTL32.dll
0x00007ff973920000 - 0x00007ff973be8000 	C:\WINDOWS\System32\combase.dll
0x00007ff970d40000 - 0x00007ff970e35000 	C:\WINDOWS\System32\ucrtbase.dll
0x00007ff973130000 - 0x00007ff973251000 	C:\WINDOWS\System32\RPCRT4.dll
0x00007ff971160000 - 0x00007ff9711ca000 	C:\WINDOWS\System32\bcryptPrimitives.dll
0x00007ff973260000 - 0x00007ff97328e000 	C:\WINDOWS\System32\IMM32.DLL
0x0000000072000000 - 0x0000000072012000 	C:\Xilinx\SDK\2016.4\eclipse\win64.o\plugins\org.eclipse.equinox.launcher.win32.win32.x86_64_1.1.300.v20150602-1417\eclipse_1611.dll
0x00007ff973410000 - 0x00007ff9734b2000 	C:\WINDOWS\System32\ADVAPI32.dll
0x00007ff971910000 - 0x00007ff971969000 	C:\WINDOWS\System32\sechost.dll
0x00007ff962ad0000 - 0x00007ff962ada000 	C:\WINDOWS\SYSTEM32\VERSION.dll
0x00007ff96efc0000 - 0x00007ff96f055000 	C:\WINDOWS\system32\uxtheme.dll
0x00007ff974020000 - 0x00007ff97417a000 	C:\WINDOWS\System32\MSCTF.dll
0x00007ff973290000 - 0x00007ff97334f000 	C:\WINDOWS\System32\OLEAUT32.dll
0x00007ff970bd0000 - 0x00007ff970c6c000 	C:\WINDOWS\System32\msvcp_win.dll
0x0000000058580000 - 0x0000000058e09000 	C:\Xilinx\SDK\2016.4\tps\win64\jre\bin\server\jvm.dll
0x00007ff973350000 - 0x00007ff973358000 	C:\WINDOWS\System32\PSAPI.DLL
0x00007ff96b900000 - 0x00007ff96b909000 	C:\WINDOWS\SYSTEM32\WSOCK32.dll
0x00007ff973870000 - 0x00007ff9738da000 	C:\WINDOWS\System32\WS2_32.dll
0x00007ff96eac0000 - 0x00007ff96eae3000 	C:\WINDOWS\SYSTEM32\WINMM.dll
0x000000005afc0000 - 0x000000005b092000 	C:\WINDOWS\SYSTEM32\MSVCR100.dll
0x00007ff96e920000 - 0x00007ff96e94b000 	C:\WINDOWS\SYSTEM32\WINMMBASE.dll
0x00007ff971110000 - 0x00007ff971152000 	C:\WINDOWS\System32\cfgmgr32.dll
0x0000000059a40000 - 0x0000000059a4f000 	C:\Xilinx\SDK\2016.4\tps\win64\jre\bin\verify.dll
0x0000000059a10000 - 0x0000000059a39000 	C:\Xilinx\SDK\2016.4\tps\win64\jre\bin\java.dll
0x00000000599f0000 - 0x0000000059a06000 	C:\Xilinx\SDK\2016.4\tps\win64\jre\bin\zip.dll
0x00007ff971c20000 - 0x00007ff973128000 	C:\WINDOWS\System32\SHELL32.dll
0x00007ff971230000 - 0x00007ff97190a000 	C:\WINDOWS\System32\windows.storage.dll
0x00007ff970820000 - 0x00007ff97086c000 	C:\WINDOWS\System32\powrprof.dll
0x00007ff9741f0000 - 0x00007ff974242000 	C:\WINDOWS\System32\shlwapi.dll
0x00007ff970810000 - 0x00007ff97081f000 	C:\WINDOWS\System32\kernel.appcore.dll
0x00007ff970c90000 - 0x00007ff970d39000 	C:\WINDOWS\System32\shcore.dll
0x00007ff9707f0000 - 0x00007ff970804000 	C:\WINDOWS\System32\profapi.dll
0x00007ff970260000 - 0x00007ff970277000 	C:\WINDOWS\SYSTEM32\CRYPTSP.dll
0x00007ff96fcb0000 - 0x00007ff96fce3000 	C:\WINDOWS\system32\rsaenh.dll
0x00007ff970720000 - 0x00007ff97074b000 	C:\WINDOWS\SYSTEM32\bcrypt.dll
0x00007ff96ff30000 - 0x00007ff96ff4f000 	C:\WINDOWS\SYSTEM32\USERENV.dll
0x00007ff970250000 - 0x00007ff97025b000 	C:\WINDOWS\SYSTEM32\CRYPTBASE.dll
0x00000000599d0000 - 0x00000000599ea000 	C:\Xilinx\SDK\2016.4\tps\win64\jre\bin\net.dll
0x00007ff9700b0000 - 0x00007ff97010c000 	C:\WINDOWS\system32\mswsock.dll
0x00007ff96fe30000 - 0x00007ff96fe68000 	C:\WINDOWS\SYSTEM32\IPHLPAPI.DLL
0x00007ff974370000 - 0x00007ff974378000 	C:\WINDOWS\System32\NSI.dll
0x00007ff96cc10000 - 0x00007ff96cc26000 	C:\WINDOWS\SYSTEM32\dhcpcsvc6.DLL
0x00007ff96cb40000 - 0x00007ff96cb5a000 	C:\WINDOWS\SYSTEM32\dhcpcsvc.DLL
0x00000000599b0000 - 0x00000000599c1000 	C:\Xilinx\SDK\2016.4\tps\win64\jre\bin\nio.dll
0x00007ff95e4a0000 - 0x00007ff95e4b6000 	C:\WINDOWS\system32\napinsp.dll
0x00007ff95e470000 - 0x00007ff95e48a000 	C:\WINDOWS\system32\pnrpnsp.dll
0x00007ff96be20000 - 0x00007ff96be38000 	C:\WINDOWS\system32\NLAapi.dll
0x00007ff96fe70000 - 0x00007ff96ff11000 	C:\WINDOWS\SYSTEM32\DNSAPI.dll
0x00007ff962ee0000 - 0x00007ff962eee000 	C:\WINDOWS\System32\winrnr.dll
0x000000005b0d0000 - 0x000000005b0f6000 	C:\Program Files\Bonjour\mdnsNSP.dll
0x00007ff96b090000 - 0x00007ff96b09a000 	C:\Windows\System32\rasadhlp.dll
0x00007ff96b450000 - 0x00007ff96b4ba000 	C:\WINDOWS\System32\fwpuclnt.dll
0x0000000018680000 - 0x0000000018728000 	C:\Users\Utilizador\.Xilinx\SDK\2016.4\org.eclipse.osgi\319\0\.cp\swt-win32-4527.dll
0x00007ff971a70000 - 0x00007ff971ba8000 	C:\WINDOWS\System32\ole32.dll
0x00007ff971970000 - 0x00007ff971a6a000 	C:\WINDOWS\System32\comdlg32.dll
0x00007ff970a00000 - 0x00007ff970bc9000 	C:\WINDOWS\System32\CRYPT32.dll
0x00007ff9707e0000 - 0x00007ff9707f0000 	C:\WINDOWS\System32\MSASN1.dll
0x00007ff96bc30000 - 0x00007ff96bcb6000 	C:\WINDOWS\SYSTEM32\WINSPOOL.DRV
0x00007ff967500000 - 0x00007ff967519000 	C:\WINDOWS\SYSTEM32\USP10.dll
0x00007ff96ce90000 - 0x00007ff96d15a000 	C:\WINDOWS\SYSTEM32\WININET.dll
0x00007ff96dd30000 - 0x00007ff96dd56000 	C:\WINDOWS\system32\dwmapi.dll
0x00007ff96daa0000 - 0x00007ff96dc25000 	C:\WINDOWS\SYSTEM32\propsys.dll
0x00007ff973660000 - 0x00007ff9736ff000 	C:\WINDOWS\System32\clbcatq.dll
0x00000000190e0000 - 0x00000000190fe000 	C:\Users\Utilizador\.Xilinx\SDK\2016.4\org.eclipse.osgi\319\0\.cp\swt-gdip-win32-4527.dll
0x00007ff965510000 - 0x00007ff9656aa000 	C:\WINDOWS\WinSxS\amd64_microsoft.windows.gdiplus_6595b64144ccf1df_1.1.14393.953_none_7300116921188239\gdiplus.dll
0x00007ff96c910000 - 0x00007ff96cab8000 	C:\WINDOWS\SYSTEM32\WindowsCodecs.dll
0x0000000180000000 - 0x0000000180012000 	C:\Users\Utilizador\.Xilinx\SDK\2016.4\org.eclipse.osgi\133\0\.cp\os\win32\x86_64\localfile_1_0_0.dll
0x00007ff95f420000 - 0x00007ff95f485000 	C:\WINDOWS\SYSTEM32\oleacc.dll
0x00007ff96a9c0000 - 0x00007ff96a9c7000 	C:\WINDOWS\SYSTEM32\msimg32.dll
0x00007ff96c190000 - 0x00007ff96c1a1000 	C:\Users\Utilizador\.Xilinx\SDK\2016.4\org.eclipse.osgi\136\0\.cp\jWinHttp-1.0.0.dll
0x00007ff96dc60000 - 0x00007ff96dd2d000 	C:\WINDOWS\SYSTEM32\WINHTTP.dll
0x00007ff96c7c0000 - 0x00007ff96c7cf000 	C:\Xilinx\SDK\2016.4\lib\win64.o\librdi_repo_manager.dll
0x00007ff9677a0000 - 0x00007ff9677ca000 	C:\Xilinx\SDK\2016.4\lib\win64.o\libisl_sysinfo.dll
0x00007ff915300000 - 0x00007ff915daa000 	C:\Xilinx\SDK\2016.4\lib\win64.o\librdi_common.dll
0x00007ff9572c0000 - 0x00007ff957313000 	C:\Xilinx\SDK\2016.4\lib\win64.o\librdi_commonxillic.dll
0x00007ff946400000 - 0x00007ff9465f8000 	C:\Xilinx\SDK\2016.4\lib\win64.o\librdi_hsm.dll
0x00007ff964c00000 - 0x00007ff964ca7000 	C:\WINDOWS\SYSTEM32\MSVCP110.dll
0x00007ff964cb0000 - 0x00007ff964d84000 	C:\WINDOWS\SYSTEM32\MSVCR110.dll
0x00007ff91ae60000 - 0x00007ff91b1ce000 	C:\Xilinx\SDK\2016.4\lib\win64.o\libCOIN-all.dll
0x00007ff9461e0000 - 0x00007ff9463ff000 	C:\Xilinx\SDK\2016.4\lib\win64.o\libXil_lmgr11.dll
0x00007ff9711d0000 - 0x00007ff971225000 	C:\WINDOWS\System32\WINTRUST.dll
0x00007ff96c400000 - 0x00007ff96c410000 	C:\Xilinx\SDK\2016.4\lib\win64.o\libboost_date_time.dll
0x00007ff966ff0000 - 0x00007ff967014000 	C:\Xilinx\SDK\2016.4\lib\win64.o\libboost_filesystem.dll
0x00007ff956e90000 - 0x00007ff956f07000 	C:\Xilinx\SDK\2016.4\lib\win64.o\libboost_program_options.dll
0x00007ff951ea0000 - 0x00007ff951fa6000 	C:\Xilinx\SDK\2016.4\lib\win64.o\libboost_regex.dll
0x00007ff9699b0000 - 0x00007ff9699c3000 	C:\Xilinx\SDK\2016.4\lib\win64.o\libboost_signals.dll
0x00007ff96c380000 - 0x00007ff96c389000 	C:\Xilinx\SDK\2016.4\lib\win64.o\libboost_system.dll
0x00007ff965310000 - 0x00007ff96532d000 	C:\Xilinx\SDK\2016.4\lib\win64.o\libboost_thread.dll
0x00007ff96c180000 - 0x00007ff96c18b000 	C:\Xilinx\SDK\2016.4\lib\win64.o\libboost_xilinx.dll
0x00007ff952400000 - 0x00007ff952480000 	C:\Xilinx\SDK\2016.4\lib\win64.o\libhdlpsolve.dll
0x00007ff951680000 - 0x00007ff95171a000 	C:\Xilinx\SDK\2016.4\lib\win64.o\libhdxml.dll
0x00007ff91aa90000 - 0x00007ff91ae59000 	C:\Xilinx\SDK\2016.4\lib\win64.o\libisl_iostreams.dll
0x00007ff964a90000 - 0x00007ff964aa5000 	C:\Xilinx\SDK\2016.4\lib\win64.o\pthreadVC2.dll
0x00007ff950b80000 - 0x00007ff950cb0000 	C:\Xilinx\SDK\2016.4\lib\win64.o\librdi_curl.dll
0x00007ff964a70000 - 0x00007ff964a88000 	C:\Xilinx\SDK\2016.4\lib\win64.o\librdiconfig.dll
0x00007ff958a50000 - 0x00007ff958a6f000 	C:\Xilinx\SDK\2016.4\lib\win64.o\librdizlib.dll
0x0000000059b30000 - 0x0000000059c57000 	C:\Xilinx\SDK\2016.4\lib\win64.o\tcl85t.dll
0x00000000261f0000 - 0x0000000026453000 	C:\Xilinx\SDK\2016.4\lib\win64.o\xerces-c_3_1.dll
0x00007ff963320000 - 0x00007ff9634e3000 	C:\WINDOWS\SYSTEM32\urlmon.dll
0x00007ff964ad0000 - 0x00007ff964af3000 	C:\WINDOWS\SYSTEM32\VCOMP110.DLL
0x00007ff953c00000 - 0x00007ff953c43000 	C:\Xilinx\SDK\2016.4\lib\win64.o\librdi_hdf.dll
0x00007ff915030000 - 0x00007ff9152f8000 	C:\Xilinx\SDK\2016.4\lib\win64.o\librdi_ippcw.dll
0x00007ff96a770000 - 0x00007ff96a788000 	C:\WINDOWS\SYSTEM32\NETAPI32.dll
0x00007ff96ba40000 - 0x00007ff96ba4b000 	C:\Xilinx\SDK\2016.4\lib\win64.o\libboost_chrono.dll
0x00007ff958a30000 - 0x00007ff958a46000 	C:\Xilinx\SDK\2016.4\lib\win64.o\libboost_iostreams.dll
0x00007ff956840000 - 0x00007ff956863000 	C:\Xilinx\SDK\2016.4\lib\win64.o\libisl_iosutils.dll
0x00007ff96ab70000 - 0x00007ff96ae15000 	C:\WINDOWS\SYSTEM32\iertutil.dll
0x00007ff962a20000 - 0x00007ff962a62000 	C:\WINDOWS\SYSTEM32\edputil.dll
0x00007ff9572a0000 - 0x00007ff9572b6000 	C:\Xilinx\SDK\2016.4\eclipse\win64.o\plugins\org.eclipse.cdt.core.win32.x86_64_5.4.0.201509131935\os\win32\x86_64\spawner.dll
0x00007ff968c00000 - 0x00007ff968c0a000 	C:\Xilinx\SDK\2016.4\lib\win64.o\librdi_jtag_settings.dll
0x00007ff951650000 - 0x00007ff951679000 	C:\Xilinx\SDK\2016.4\lib\win64.o\librdi_debug_dialog.dll
0x00007ff968bf0000 - 0x00007ff968bf8000 	C:\Xilinx\SDK\2016.4\lib\win64.o\librdi_target_manager.dll
0x00007ff909140000 - 0x00007ff909950000 	C:\Xilinx\SDK\2016.4\lib\win64.o\libXil_lmgr11FNP.dll
0x00007ff973bf0000 - 0x00007ff974019000 	C:\WINDOWS\System32\SETUPAPI.dll
0x00007ff961440000 - 0x00007ff96144c000 	C:\WINDOWS\SYSTEM32\snmpapi.dll
0x00007ff970450000 - 0x00007ff97047c000 	C:\WINDOWS\SYSTEM32\SspiCli.dll
0x0000000019830000 - 0x0000000019833000 	C:\WINDOWS\SYSTEM32\icmp.Dll

VM Arguments:
jvm_args: -Dcom.xilinx.sdk.args.hwspec=C:/Users/Utilizador/Desktop/Universidade/4_ano/2_semestre/CR/Projeto/ProjetoFinal/MP_ToDisplays/MP_ToDisplays.sdk/DebUART_wrapper.hdf -Xms64m -Xmx512m & 
java_command: <unknown>
java_class_path (initial): C:\Xilinx\SDK\2016.4\eclipse\win64.o\\plugins/org.eclipse.equinox.launcher_1.3.100.v20150511-1540.jar
Launcher Type: generic

Environment Variables:
JAVA_HOME=C:\Program Files\Java\jdk1.8.0_101
PATH=C:/Xilinx/SDK/2016.4/tps/win64/jre/bin/server;C:/Xilinx/SDK/2016.4/tps/win64/jre/bin;C:/Xilinx/SDK/2016.4/tps/win64/jre/lib/amd64;C:\Xilinx\SDK\2016.4\gnuwin\bin;C:\Xilinx\SDK\2016.4\gnu\microblaze\nt\bin;C:\Xilinx\SDK\2016.4\gnu\microblaze\linux_toolchain\nt64_le\bin;C:\Xilinx\SDK\2016.4\gnu\microblaze\linux_toolchain\nt64_be\bin;C:\Xilinx\SDK\2016.4\gnu\arm\nt\bin;C:\Xilinx\SDK\2016.4\gnu\aarch64\nt\aarch64-none\bin;C:\Xilinx\SDK\2016.4\gnu\aarch64\nt\aarch64-linux\bin;C:\Xilinx\SDK\2016.4\gnu\armr5\nt\gcc-arm-none-eabi\bin;C:\Xilinx\SDK\2016.4\gnu\aarch32\nt\gcc-arm-none-eabi\bin;C:\Xilinx\SDK\2016.4\gnu\aarch32\nt\gcc-arm-linux-gnueabi\bin;C:\Xilinx\SDK\2016.4\tps\win64\cmake-3.3.2\bin;;C:\Xilinx\SDK\2016.4\bin;C:\Xilinx\SDK\2016.4\lib\win64.o;C:\Xilinx\SDK\2016.4\tps\win64\jre\bin\server;C:\Xilinx\SDK\2016.4\tps\win64\jre\bin;C:\Xilinx\Vivado\2016.4\ids_lite\ISE\bin\nt64;C:\Xilinx\Vivado\2016.4\ids_lite\ISE\lib\nt64;C:\Xilinx\Vivado\2016.4\bin;C:\Xilinx\Vivado\2016.4\lib\win64.o;C:\Xilinx\Vivado\2016.4\tps\win64\jre\bin\server;C:\Xilinx\Vivado\2016.4\tps\win64\jre\bin;C:\Xilinx\Vivado_HLS\2016.4\bin;C:\WINDOWS\system32\Npcap;C:\Program Files\MATLAB\MATLAB Production Server\R2015a\runtime\win64;C:\Program Files\MATLAB\MATLAB Production Server\R2015a\bin;C:\Program Files\MATLAB\MATLAB Production Server\R2015a\polyspace\bin;C:\Program Files\PuTTY\;c:\Program Files\Intel\WiFi\bin\;c:\Program Files\Common Files\Intel\WirelessCommon\;C:\Users\Utilizador\AppData\Roaming\npm;C:\Users\Utilizador\AppData\Local\Microsoft\WindowsApps;C:\Python27;C:\Program Files\Java\jdk1.8.0_101\bin;C:\Program Files\NetBeans 8.2\java\maven\bin;C:\Users\Utilizador\Desktop\Universidade\4_ano\2_semestre\CR\Projeto\ProjetoFinal\MP_ToDisplays;
USERNAME=Utilizador
OS=Windows_NT
PROCESSOR_IDENTIFIER=Intel64 Family 6 Model 60 Stepping 3, GenuineIntel



---------------  S Y S T E M  ---------------

OS: Windows 10.0 , 64 bit Build 14393 (10.0.14393.1198)

CPU:total 8 (4 cores per cpu, 2 threads per core) family 6 model 60 stepping 3, cmov, cx8, fxsr, mmx, sse, sse2, sse3, ssse3, sse4.1, sse4.2, popcnt, avx, avx2, aes, clmul, erms, lzcnt, ht, tsc, tscinvbit, bmi1, bmi2

Memory: 4k page, physical 8319000k(3566988k free), swap 11381736k(4914080k free)

vm_info: Java HotSpot(TM) 64-Bit Server VM (25.66-b18) for windows-amd64 JRE (1.8.0_66-b18), built on Nov  9 2015 10:51:13 by "java_re" with MS VC++ 10.0 (VS2010)

time: Fri May 19 11:11:54 2017
elapsed time: 317 seconds (0d 0h 5m 17s)

