#
# A fatal error has been detected by the Java Runtime Environment:
#
#  Internal Error (0xc000000d), pid=17652, tid=15112
#
# JRE version: Java(TM) SE Runtime Environment (8.0_66-b18) (build 1.8.0_66-b18)
# Java VM: Java HotSpot(TM) 64-Bit Server VM (25.66-b18 mixed mode windows-amd64 compressed oops)
# Problematic frame:
# C  [ntdll.dll+0xff44c]
#
# Failed to write core dump. Minidumps are not enabled by default on client versions of Windows
#
# If you would like to submit a bug report, please visit:
#   http://bugreport.java.com/bugreport/crash.jsp
#

---------------  T H R E A D  ---------------

Current thread (0x0000000013d59000):  VMThread [stack: 0x0000000015a30000,0x0000000015b30000] [id=15112]

siginfo: ExceptionCode=0xc000000d

Registers:
RAX=0x0000000000000000, RBX=0xfffffffffffffffe, RCX=0x0000000000000000, RDX=0x0000000000000000
RSP=0x0000000015b2f270, RBP=0x00007ff964cb7408, RSI=0x0000000000000000, RDI=0x0000000000000ed0
R8 =0x0000000000000000, R9 =0x0000000000020000, R10=0x0000000015b2ed50, R11=0x0000000015b2ed50
R12=0x000000000061ddb0, R13=0x00000000174cfbc0, R14=0x000000000061deb8, R15=0x0000000015b2f3e8
RIP=0x00007ff97447f44c, EFLAGS=0x0000000000000202

Top of Stack: (sp=0x0000000015b2f270)
0x0000000015b2f270:   0000000000000057 fffffffffffffffe
0x0000000015b2f280:   0000000000000000 0000000000000ed0
0x0000000015b2f290:   00000000c000000d 0000000000000000
0x0000000015b2f2a0:   00007ff97447f44c 0000000000000000
0x0000000015b2f2b0:   0000000000000000 0000000000000000
0x0000000015b2f2c0:   0000000000000000 0000000000000000
0x0000000015b2f2d0:   0000000000000000 0000000000000000
0x0000000015b2f2e0:   0000000000000000 0000000000000000
0x0000000015b2f2f0:   0000000000000000 0000000000000000
0x0000000015b2f300:   0000000000000000 0000000000000000
0x0000000015b2f310:   0000000000000000 0000000000000000
0x0000000015b2f320:   0000000000000000 0000000000000000
0x0000000015b2f330:   00000b5f04e10b79 0000000000000000
0x0000000015b2f340:   0000000900000020 00007ff97444150d
0x0000000015b2f350:   0000000900000000 0000000000000000
0x0000000015b2f360:   004e005200450001 00007ff9676b2635 

Instructions: (pc=0x00007ff97447f44c)
0x00007ff97447f42c:   d5 fa ff c7 44 24 20 0d 00 00 c0 b9 57 00 00 00
0x00007ff97447f43c:   e8 7f 13 f6 ff 90 48 8d 4c 24 20 e8 04 bf f4 ff
0x00007ff97447f44c:   eb 00 48 8b 8c 24 c0 00 00 00 48 33 cc e8 82 74
0x00007ff97447f45c:   f9 ff 48 81 c4 d8 00 00 00 c3 40 55 48 83 ec 20 


Register to memory mapping:

RAX=0x0000000000000000 is an unknown value
RBX=0xfffffffffffffffe is an unknown value
RCX=0x0000000000000000 is an unknown value
RDX=0x0000000000000000 is an unknown value
RSP=0x0000000015b2f270 is an unknown value
RBP=0x00007ff964cb7408 is an unknown value
RSI=0x0000000000000000 is an unknown value
RDI=0x0000000000000ed0 is an unknown value
R8 =0x0000000000000000 is an unknown value
R9 =0x0000000000020000 is an unknown value
R10=0x0000000015b2ed50 is an unknown value
R11=0x0000000015b2ed50 is an unknown value
R12=0x000000000061ddb0 is an unknown value
R13=0x00000000174cfbc0 is an unknown value
R14=0x000000000061deb8 is an unknown value
R15=0x0000000015b2f3e8 is an unknown value


Stack: [0x0000000015a30000,0x0000000015b30000],  sp=0x0000000015b2f270,  free space=1020k
Native frames: (J=compiled Java code, j=interpreted, Vv=VM code, C=native code)
C  [ntdll.dll+0xff44c]
C  [ntdll.dll+0xc150d]
C  [KERNEL32.DLL+0x1fafa]
C  [MSVCR110.dll+0x752d]
C  [MSVCR110.dll+0x73c6]
C  [MSVCR110.dll+0x14cca]
C  [MSVCR110.dll+0x13edc]
C  [MSVCR110.dll+0x239e]
C  [MSVCR110.dll+0xaf9e]
C  [MSVCP110.dll+0x397b9]
C  [librdi_common.dll+0x183a66]
C  [librdi_common.dll+0x1826fb]
C  [librdi_target_manager.dll+0x2400]
C  [librdi_target_manager.dll+0x2682]
C  [ntdll.dll+0x2a35f]
C  [ntdll.dll+0x806b]
C  [ntdll.dll+0x7d94]
C  [KERNEL32.DLL+0x1ce6a]
C  [MSVCR100.dll+0x20ccd]
V  [jvm.dll+0x210cc5]
V  [jvm.dll+0x249897]
V  [jvm.dll+0x248b36]
V  [jvm.dll+0x248fd1]
V  [jvm.dll+0x2491ee]
V  [jvm.dll+0x29a0fa]
C  [MSVCR100.dll+0x21d9f]
C  [MSVCR100.dll+0x21e3b]
C  [KERNEL32.DLL+0x8364]
C  [ntdll.dll+0x670d1]

VM_Operation (0x000000000014f4c0): Exit, mode: safepoint, requested by thread 0x000000000249e800


---------------  P R O C E S S  ---------------

Java Threads: ( => current thread )
  0x000000001ba26800 JavaThread "pool-2-thread-1" [_thread_blocked, id=15740, stack(0x000000002fad0000,0x000000002fbd0000)]
  0x000000001ba25000 JavaThread "Thread-37" daemon [_thread_blocked, id=2584, stack(0x000000002aad0000,0x000000002abd0000)]
  0x000000001e9b4000 JavaThread "TCF Channel Transmitter" daemon [_thread_blocked, id=11144, stack(0x00000000285c0000,0x00000000286c0000)]
  0x000000001e9b5800 JavaThread "TCF Channel Receiver" daemon [_thread_in_native, id=15580, stack(0x00000000284c0000,0x00000000285c0000)]
  0x000000001e9ac800 JavaThread "Process monitor" daemon [_thread_in_native, id=17420, stack(0x00000000271f0000,0x00000000272f0000)]
  0x000000001e9b3000 JavaThread "Input Stream Monitor" daemon [_thread_blocked, id=14092, stack(0x00000000270f0000,0x00000000271f0000)]
  0x000000001e9b2800 JavaThread "Output Stream Monitor" daemon [_thread_in_native, id=2160, stack(0x0000000026ff0000,0x00000000270f0000)]
  0x000000001e9ab000 JavaThread "Output Stream Monitor" daemon [_thread_in_native, id=12760, stack(0x0000000026a40000,0x0000000026b40000)]
  0x000000001e9af800 JavaThread "TCF Locator DNS Lookup" daemon [_thread_blocked, id=13172, stack(0x0000000025580000,0x0000000025680000)]
  0x000000001e9ae000 JavaThread "TCF Locator Timer" daemon [_thread_blocked, id=2684, stack(0x0000000025480000,0x0000000025580000)]
  0x000000001e9ad000 JavaThread "TCF Locator Receiver" daemon [_thread_in_native, id=7576, stack(0x0000000025380000,0x0000000025480000)]
  0x000000001e9ab800 JavaThread "TCF Timer Dispatcher" daemon [_thread_blocked, id=8600, stack(0x0000000025180000,0x0000000025280000)]
  0x000000001793f000 JavaThread "EMF Reference Cleaner" daemon [_thread_blocked, id=18160, stack(0x00000000193d0000,0x00000000194d0000)]
  0x0000000015f02000 JavaThread "Service Thread" daemon [_thread_blocked, id=8780, stack(0x0000000016830000,0x0000000016930000)]
  0x0000000015e65800 JavaThread "C1 CompilerThread3" daemon [_thread_blocked, id=13720, stack(0x0000000016730000,0x0000000016830000)]
  0x0000000015e62000 JavaThread "C2 CompilerThread2" daemon [_thread_blocked, id=8316, stack(0x0000000016630000,0x0000000016730000)]
  0x0000000015e5d800 JavaThread "C2 CompilerThread1" daemon [_thread_blocked, id=1124, stack(0x0000000016530000,0x0000000016630000)]
  0x0000000015e5c000 JavaThread "C2 CompilerThread0" daemon [_thread_blocked, id=8324, stack(0x0000000016430000,0x0000000016530000)]
  0x0000000015e6c000 JavaThread "Attach Listener" daemon [_thread_blocked, id=17624, stack(0x0000000016330000,0x0000000016430000)]
  0x0000000015e6a800 JavaThread "Signal Dispatcher" daemon [_thread_blocked, id=11632, stack(0x0000000016230000,0x0000000016330000)]
  0x000000000259a800 JavaThread "Finalizer" daemon [_thread_blocked, id=11060, stack(0x0000000015c30000,0x0000000015d30000)]
  0x0000000013d5c800 JavaThread "Reference Handler" daemon [_thread_blocked, id=3852, stack(0x0000000015b30000,0x0000000015c30000)]
  0x000000000249e800 JavaThread "main" [_thread_blocked, id=12260, stack(0x0000000000050000,0x0000000000150000)]

Other Threads:
=>0x0000000013d59000 VMThread [stack: 0x0000000015a30000,0x0000000015b30000] [id=15112]

VM state:at safepoint (shutting down)

VM Mutex/Monitor currently owned by a thread:  ([mutex/lock_event])
[0x000000000249dee0] Threads_lock - owner thread: 0x0000000013d59000

Heap:
 PSYoungGen      total 110080K, used 38551K [0x00000000f5580000, 0x00000000fe100000, 0x0000000100000000)
  eden space 78848K, 48% used [0x00000000f5580000,0x00000000f7b25ce8,0x00000000fa280000)
  from space 31232K, 0% used [0x00000000fc180000,0x00000000fc180000,0x00000000fe000000)
  to   space 31744K, 0% used [0x00000000fa280000,0x00000000fa280000,0x00000000fc180000)
 ParOldGen       total 115712K, used 57960K [0x00000000e0000000, 0x00000000e7100000, 0x00000000f5580000)
  object space 115712K, 50% used [0x00000000e0000000,0x00000000e389a0e0,0x00000000e7100000)
 Metaspace       used 84552K, capacity 91788K, committed 92072K, reserved 1128448K
  class space    used 10088K, capacity 12369K, committed 12456K, reserved 1048576K

Card table byte_map: [0x0000000011960000,0x0000000011a70000] byte_map_base: 0x0000000011260000

Marking Bits: (ParMarkBitMap*) 0x0000000058e3a5b0
 Begin Bits: [0x0000000012270000, 0x0000000012a70000)
 End Bits:   [0x0000000012a70000, 0x0000000013270000)

Polling page: 0x0000000000530000

CodeCache: size=245760Kb used=33435Kb max_used=33782Kb free=212324Kb
 bounds [0x00000000025a0000, 0x00000000046e0000, 0x00000000115a0000]
 total_blobs=10108 nmethods=9222 adapters=794
 compilation: enabled

Compilation events (10 events):
Event: 181.355 Thread 0x0000000015e65800 nmethod 11238 0x0000000003765290 code [0x0000000003765400, 0x0000000003765828]
Event: 181.356 Thread 0x0000000015e65800 11239  s!   3       org.eclipse.osgi.storage.bundlefile.ZipBundleFile::close (64 bytes)
Event: 181.356 Thread 0x0000000015e65800 nmethod 11239 0x00000000037643d0 code [0x00000000037645a0, 0x0000000003764f18]
Event: 181.356 Thread 0x0000000015e5c000 11240       4       org.eclipse.osgi.container.ModuleDatabase::readLock (11 bytes)
Event: 181.357 Thread 0x0000000015e65800 11241       3       org.eclipse.osgi.container.Module::holdsTransitionEventLock (25 bytes)
Event: 181.357 Thread 0x0000000015e65800 nmethod 11241 0x0000000002dbd3d0 code [0x0000000002dbd560, 0x0000000002dbdc88]
Event: 181.358 Thread 0x0000000015e65800 11242       3       org.eclipse.osgi.container.ModuleWiring::unload (6 bytes)
Event: 181.358 Thread 0x0000000015e65800 nmethod 11242 0x0000000002a71ed0 code [0x0000000002a72040, 0x0000000002a721c8]
Event: 181.359 Thread 0x0000000015e65800 11248   !   3       org.eclipse.osgi.container.ModuleDatabase::getRevisionsTimestamp (25 bytes)
Event: 181.360 Thread 0x0000000015e65800 nmethod 11248 0x0000000003103510 code [0x0000000003103720, 0x0000000003104458]

GC Heap History (10 events):
Event: 72.167 GC heap before
{Heap before GC invocations=17 (full 3):
 PSYoungGen      total 101888K, used 94855K [0x00000000f5580000, 0x00000000fdc80000, 0x0000000100000000)
  eden space 74240K, 100% used [0x00000000f5580000,0x00000000f9e00000,0x00000000f9e00000)
  from space 27648K, 74% used [0x00000000f9e00000,0x00000000fb221e98,0x00000000fb900000)
  to   space 28672K, 0% used [0x00000000fc080000,0x00000000fc080000,0x00000000fdc80000)
 ParOldGen       total 115712K, used 42388K [0x00000000e0000000, 0x00000000e7100000, 0x00000000f5580000)
  object space 115712K, 36% used [0x00000000e0000000,0x00000000e29652b0,0x00000000e7100000)
 Metaspace       used 81427K, capacity 88256K, committed 88488K, reserved 1126400K
  class space    used 9801K, capacity 11857K, committed 11944K, reserved 1048576K
Event: 72.183 GC heap after
Heap after GC invocations=17 (full 3):
 PSYoungGen      total 107520K, used 23530K [0x00000000f5580000, 0x00000000fdf00000, 0x0000000100000000)
  eden space 78848K, 0% used [0x00000000f5580000,0x00000000f5580000,0x00000000fa280000)
  from space 28672K, 82% used [0x00000000fc080000,0x00000000fd77a828,0x00000000fdc80000)
  to   space 30720K, 0% used [0x00000000fa280000,0x00000000fa280000,0x00000000fc080000)
 ParOldGen       total 115712K, used 42396K [0x00000000e0000000, 0x00000000e7100000, 0x00000000f5580000)
  object space 115712K, 36% used [0x00000000e0000000,0x00000000e29672b0,0x00000000e7100000)
 Metaspace       used 81427K, capacity 88256K, committed 88488K, reserved 1126400K
  class space    used 9801K, capacity 11857K, committed 11944K, reserved 1048576K
}
Event: 77.334 GC heap before
{Heap before GC invocations=18 (full 3):
 PSYoungGen      total 107520K, used 47993K [0x00000000f5580000, 0x00000000fdf00000, 0x0000000100000000)
  eden space 78848K, 31% used [0x00000000f5580000,0x00000000f6d63e28,0x00000000fa280000)
  from space 28672K, 82% used [0x00000000fc080000,0x00000000fd77a828,0x00000000fdc80000)
  to   space 30720K, 0% used [0x00000000fa280000,0x00000000fa280000,0x00000000fc080000)
 ParOldGen       total 115712K, used 42396K [0x00000000e0000000, 0x00000000e7100000, 0x00000000f5580000)
  object space 115712K, 36% used [0x00000000e0000000,0x00000000e29672b0,0x00000000e7100000)
 Metaspace       used 81616K, capacity 88512K, committed 88744K, reserved 1126400K
  class space    used 9801K, capacity 11857K, committed 11944K, reserved 1048576K
Event: 77.344 GC heap after
Heap after GC invocations=18 (full 3):
 PSYoungGen      total 109568K, used 20454K [0x00000000f5580000, 0x00000000fe000000, 0x0000000100000000)
  eden space 78848K, 0% used [0x00000000f5580000,0x00000000f5580000,0x00000000fa280000)
  from space 30720K, 66% used [0x00000000fa280000,0x00000000fb679920,0x00000000fc080000)
  to   space 31232K, 0% used [0x00000000fc180000,0x00000000fc180000,0x00000000fe000000)
 ParOldGen       total 115712K, used 42404K [0x00000000e0000000, 0x00000000e7100000, 0x00000000f5580000)
  object space 115712K, 36% used [0x00000000e0000000,0x00000000e29692b0,0x00000000e7100000)
 Metaspace       used 81616K, capacity 88512K, committed 88744K, reserved 1126400K
  class space    used 9801K, capacity 11857K, committed 11944K, reserved 1048576K
}
Event: 77.344 GC heap before
{Heap before GC invocations=19 (full 4):
 PSYoungGen      total 109568K, used 20454K [0x00000000f5580000, 0x00000000fe000000, 0x0000000100000000)
  eden space 78848K, 0% used [0x00000000f5580000,0x00000000f5580000,0x00000000fa280000)
  from space 30720K, 66% used [0x00000000fa280000,0x00000000fb679920,0x00000000fc080000)
  to   space 31232K, 0% used [0x00000000fc180000,0x00000000fc180000,0x00000000fe000000)
 ParOldGen       total 115712K, used 42404K [0x00000000e0000000, 0x00000000e7100000, 0x00000000f5580000)
  object space 115712K, 36% used [0x00000000e0000000,0x00000000e29692b0,0x00000000e7100000)
 Metaspace       used 81616K, capacity 88512K, committed 88744K, reserved 1126400K
  class space    used 9801K, capacity 11857K, committed 11944K, reserved 1048576K
Event: 77.629 GC heap after
Heap after GC invocations=19 (full 4):
 PSYoungGen      total 109568K, used 0K [0x00000000f5580000, 0x00000000fe000000, 0x0000000100000000)
  eden space 78848K, 0% used [0x00000000f5580000,0x00000000f5580000,0x00000000fa280000)
  from space 30720K, 0% used [0x00000000fa280000,0x00000000fa280000,0x00000000fc080000)
  to   space 31232K, 0% used [0x00000000fc180000,0x00000000fc180000,0x00000000fe000000)
 ParOldGen       total 115712K, used 56043K [0x00000000e0000000, 0x00000000e7100000, 0x00000000f5580000)
  object space 115712K, 48% used [0x00000000e0000000,0x00000000e36bad50,0x00000000e7100000)
 Metaspace       used 81616K, capacity 88512K, committed 88744K, reserved 1126400K
  class space    used 9801K, capacity 11857K, committed 11944K, reserved 1048576K
}
Event: 144.694 GC heap before
{Heap before GC invocations=20 (full 4):
 PSYoungGen      total 109568K, used 72674K [0x00000000f5580000, 0x00000000fe000000, 0x0000000100000000)
  eden space 78848K, 92% used [0x00000000f5580000,0x00000000f9c78940,0x00000000fa280000)
  from space 30720K, 0% used [0x00000000fa280000,0x00000000fa280000,0x00000000fc080000)
  to   space 31232K, 0% used [0x00000000fc180000,0x00000000fc180000,0x00000000fe000000)
 ParOldGen       total 115712K, used 56043K [0x00000000e0000000, 0x00000000e7100000, 0x00000000f5580000)
  object space 115712K, 48% used [0x00000000e0000000,0x00000000e36bad50,0x00000000e7100000)
 Metaspace       used 83167K, capacity 90632K, committed 90792K, reserved 1128448K
  class space    used 9943K, capacity 12177K, committed 12200K, reserved 1048576K
Event: 144.698 GC heap after
Heap after GC invocations=20 (full 4):
 PSYoungGen      total 110080K, used 3511K [0x00000000f5580000, 0x00000000fe100000, 0x0000000100000000)
  eden space 78848K, 0% used [0x00000000f5580000,0x00000000f5580000,0x00000000fa280000)
  from space 31232K, 11% used [0x00000000fc180000,0x00000000fc4ede30,0x00000000fe000000)
  to   space 31744K, 0% used [0x00000000fa280000,0x00000000fa280000,0x00000000fc180000)
 ParOldGen       total 115712K, used 56051K [0x00000000e0000000, 0x00000000e7100000, 0x00000000f5580000)
  object space 115712K, 48% used [0x00000000e0000000,0x00000000e36bcd50,0x00000000e7100000)
 Metaspace       used 83167K, capacity 90632K, committed 90792K, reserved 1128448K
  class space    used 9943K, capacity 12177K, committed 12200K, reserved 1048576K
}
Event: 144.698 GC heap before
{Heap before GC invocations=21 (full 5):
 PSYoungGen      total 110080K, used 3511K [0x00000000f5580000, 0x00000000fe100000, 0x0000000100000000)
  eden space 78848K, 0% used [0x00000000f5580000,0x00000000f5580000,0x00000000fa280000)
  from space 31232K, 11% used [0x00000000fc180000,0x00000000fc4ede30,0x00000000fe000000)
  to   space 31744K, 0% used [0x00000000fa280000,0x00000000fa280000,0x00000000fc180000)
 ParOldGen       total 115712K, used 56051K [0x00000000e0000000, 0x00000000e7100000, 0x00000000f5580000)
  object space 115712K, 48% used [0x00000000e0000000,0x00000000e36bcd50,0x00000000e7100000)
 Metaspace       used 83167K, capacity 90632K, committed 90792K, reserved 1128448K
  class space    used 9943K, capacity 12177K, committed 12200K, reserved 1048576K
Event: 145.090 GC heap after
Heap after GC invocations=21 (full 5):
 PSYoungGen      total 110080K, used 0K [0x00000000f5580000, 0x00000000fe100000, 0x0000000100000000)
  eden space 78848K, 0% used [0x00000000f5580000,0x00000000f5580000,0x00000000fa280000)
  from space 31232K, 0% used [0x00000000fc180000,0x00000000fc180000,0x00000000fe000000)
  to   space 31744K, 0% used [0x00000000fa280000,0x00000000fa280000,0x00000000fc180000)
 ParOldGen       total 115712K, used 57960K [0x00000000e0000000, 0x00000000e7100000, 0x00000000f5580000)
  object space 115712K, 50% used [0x00000000e0000000,0x00000000e389a0e0,0x00000000e7100000)
 Metaspace       used 83167K, capacity 90632K, committed 90792K, reserved 1128448K
  class space    used 9943K, capacity 12177K, committed 12200K, reserved 1048576K
}

Deoptimization events (10 events):
Event: 180.730 Thread 0x0000000016b4a800 Uncommon trap: reason=predicate action=maybe_recompile pc=0x0000000003704cbc method=java.util.Arrays.fill([Ljava/lang/Object;Ljava/lang/Object;)V @ 10
Event: 180.734 Thread 0x0000000017b80000 Uncommon trap: reason=unstable_if action=reinterpret pc=0x000000000271e3e4 method=sun.nio.cs.SingleByte$Encoder.encode(C)I @ 13
Event: 180.742 Thread 0x0000000016b4a800 Uncommon trap: reason=array_check action=maybe_recompile pc=0x000000000334b818 method=java.util.Arrays.fill([Ljava/lang/Object;Ljava/lang/Object;)V @ 13
Event: 180.742 Thread 0x0000000016b4a800 Uncommon trap: reason=array_check action=maybe_recompile pc=0x000000000334b818 method=java.util.Arrays.fill([Ljava/lang/Object;Ljava/lang/Object;)V @ 13
Event: 180.742 Thread 0x0000000016b4a800 Uncommon trap: reason=array_check action=maybe_recompile pc=0x000000000334b818 method=java.util.Arrays.fill([Ljava/lang/Object;Ljava/lang/Object;)V @ 13
Event: 180.742 Thread 0x0000000016b4a800 Uncommon trap: reason=array_check action=maybe_recompile pc=0x000000000334b818 method=java.util.Arrays.fill([Ljava/lang/Object;Ljava/lang/Object;)V @ 13
Event: 180.751 Thread 0x000000001ba24800 Uncommon trap: reason=unstable_if action=reinterpret pc=0x0000000004481aa4 method=org.eclipse.swt.graphics.Resource.dispose()V @ 15
Event: 181.290 Thread 0x000000001ba24800 Uncommon trap: reason=unstable_if action=reinterpret pc=0x00000000033d3a18 method=org.eclipse.osgi.internal.hooks.EclipseLazyStarter.shouldActivateFor(Ljava/lang/String;Lorg/eclipse/osgi/container/Module;Lorg/eclipse/osgi/container/ModuleRevision;Lorg/ecli
Event: 181.291 Thread 0x0000000017b7d000 Uncommon trap: reason=unstable_if action=reinterpret pc=0x000000000442ffd4 method=org.eclipse.core.internal.jobs.JobManager.startJob(Lorg/eclipse/core/internal/jobs/Worker;)Lorg/eclipse/core/runtime/jobs/Job; @ 20
Event: 181.347 Thread 0x000000001ba24800 Uncommon trap: reason=unstable_if action=reinterpret pc=0x000000000438c468 method=sun.reflect.UnsafeStaticObjectFieldAccessorImpl.set(Ljava/lang/Object;Ljava/lang/Object;)V @ 13

Internal exceptions (10 events):
Event: 180.651 Thread 0x000000000249e800 Exception <a 'java/io/FileNotFoundException'> (0x00000000f70dc420) thrown at [C:\re\workspace\8-2-build-windows-amd64-cygwin\jdk8u66\5298\hotspot\src\share\vm\prims\jni.cpp, line 709]
Event: 180.651 Thread 0x000000000249e800 Exception <a 'java/io/FileNotFoundException'> (0x00000000f70de860) thrown at [C:\re\workspace\8-2-build-windows-amd64-cygwin\jdk8u66\5298\hotspot\src\share\vm\prims\jni.cpp, line 709]
Event: 180.652 Thread 0x000000000249e800 Exception <a 'java/io/FileNotFoundException'> (0x00000000f70e0ca0) thrown at [C:\re\workspace\8-2-build-windows-amd64-cygwin\jdk8u66\5298\hotspot\src\share\vm\prims\jni.cpp, line 709]
Event: 180.652 Thread 0x000000000249e800 Exception <a 'java/io/FileNotFoundException'> (0x00000000f70e3220) thrown at [C:\re\workspace\8-2-build-windows-amd64-cygwin\jdk8u66\5298\hotspot\src\share\vm\prims\jni.cpp, line 709]
Event: 180.731 Thread 0x000000001e9b6000 Exception <a 'java/lang/InterruptedException'> (0x00000000f75404e0) thrown at [C:\re\workspace\8-2-build-windows-amd64-cygwin\jdk8u66\5298\hotspot\src\share\vm\runtime\objectMonitor.cpp, line 1683]
Event: 181.327 Thread 0x0000000017b81000 Exception <a 'java/lang/InterruptedException'> (0x00000000f715c458) thrown at [C:\re\workspace\8-2-build-windows-amd64-cygwin\jdk8u66\5298\hotspot\src\share\vm\runtime\objectMonitor.cpp, line 1683]
Event: 181.347 Thread 0x000000001ba24800 Implicit null exception at 0x000000000438c057 to 0x000000000438c455
Event: 181.348 Thread 0x0000000016b4a800 Exception <a 'java/lang/InterruptedException'> (0x00000000f78bacc8) thrown at [C:\re\workspace\8-2-build-windows-amd64-cygwin\jdk8u66\5298\hotspot\src\share\vm\runtime\objectMonitor.cpp, line 1683]
Event: 181.355 Thread 0x0000000017b7f800 Exception <a 'java/lang/InterruptedException'> (0x00000000f5d4fc08) thrown at [C:\re\workspace\8-2-build-windows-amd64-cygwin\jdk8u66\5298\hotspot\src\share\vm\runtime\objectMonitor.cpp, line 1683]
Event: 181.355 Thread 0x0000000017739000 Exception <a 'java/lang/InterruptedException'> (0x00000000f7ac23f8) thrown at [C:\re\workspace\8-2-build-windows-amd64-cygwin\jdk8u66\5298\hotspot\src\share\vm\runtime\objectMonitor.cpp, line 1683]

Events (10 events):
Event: 181.359 Thread 0x0000000015e65800 flushing nmethod 0x000000000311a6d0
Event: 181.359 Thread 0x0000000015e65800 flushing nmethod 0x0000000003121e90
Event: 181.359 Thread 0x000000001ba20800 Thread added: 0x000000001ba20800
Event: 181.359 Thread 0x000000001ba20800 Thread exited: 0x000000001ba20800
Event: 181.360 Thread 0x0000000015e65800 flushing nmethod 0x00000000031667d0
Event: 181.360 Thread 0x0000000015e65800 flushing nmethod 0x000000000316e890
Event: 181.360 Thread 0x0000000015e65800 flushing nmethod 0x00000000031863d0
Event: 181.360 Thread 0x0000000015e65800 flushing nmethod 0x00000000031eeb50
Event: 181.360 Thread 0x0000000015e65800 flushing nmethod 0x0000000003201e10
Event: 181.360 Executing VM operation: Exit


Dynamic libraries:
0x0000000000400000 - 0x000000000044f000 	C:\Xilinx\SDK\2016.4\eclipse\win64.o\eclipse.exe
0x00007ff974380000 - 0x00007ff974551000 	C:\WINDOWS\SYSTEM32\ntdll.dll
0x00007ff973360000 - 0x00007ff97340c000 	C:\WINDOWS\System32\KERNEL32.DLL
0x00007ff9676b0000 - 0x00007ff967704000 	C:\Program Files (x86)\AVG\Av\avghooka.dll
0x00007ff970ef0000 - 0x00007ff97110d000 	C:\WINDOWS\System32\KERNELBASE.dll
0x00007ff96ed80000 - 0x00007ff96edfa000 	C:\WINDOWS\system32\apphelp.dll
0x00007ff973700000 - 0x00007ff973865000 	C:\WINDOWS\System32\USER32.dll
0x00007ff970c70000 - 0x00007ff970c8e000 	C:\WINDOWS\System32\win32u.dll
0x00007ff9738e0000 - 0x00007ff973914000 	C:\WINDOWS\System32\GDI32.dll
0x00007ff970870000 - 0x00007ff9709f2000 	C:\WINDOWS\System32\gdi32full.dll
0x00007ff9742d0000 - 0x00007ff97436e000 	C:\WINDOWS\System32\msvcrt.dll
0x00007ff963b10000 - 0x00007ff963d8a000 	C:\WINDOWS\WinSxS\amd64_microsoft.windows.common-controls_6595b64144ccf1df_6.0.14393.953_none_42151e83c686086b\COMCTL32.dll
0x00007ff973920000 - 0x00007ff973be8000 	C:\WINDOWS\System32\combase.dll
0x00007ff970d40000 - 0x00007ff970e35000 	C:\WINDOWS\System32\ucrtbase.dll
0x00007ff973130000 - 0x00007ff973251000 	C:\WINDOWS\System32\RPCRT4.dll
0x00007ff971160000 - 0x00007ff9711ca000 	C:\WINDOWS\System32\bcryptPrimitives.dll
0x00007ff973260000 - 0x00007ff97328e000 	C:\WINDOWS\System32\IMM32.DLL
0x0000000072000000 - 0x0000000072012000 	C:\Xilinx\SDK\2016.4\eclipse\win64.o\plugins\org.eclipse.equinox.launcher.win32.win32.x86_64_1.1.300.v20150602-1417\eclipse_1611.dll
0x00007ff973410000 - 0x00007ff9734b2000 	C:\WINDOWS\System32\ADVAPI32.dll
0x00007ff971910000 - 0x00007ff971969000 	C:\WINDOWS\System32\sechost.dll
0x00007ff962ad0000 - 0x00007ff962ada000 	C:\WINDOWS\SYSTEM32\VERSION.dll
0x00007ff96efc0000 - 0x00007ff96f055000 	C:\WINDOWS\system32\uxtheme.dll
0x00007ff974020000 - 0x00007ff97417a000 	C:\WINDOWS\System32\MSCTF.dll
0x00007ff973290000 - 0x00007ff97334f000 	C:\WINDOWS\System32\OLEAUT32.dll
0x00007ff970bd0000 - 0x00007ff970c6c000 	C:\WINDOWS\System32\msvcp_win.dll
0x0000000058630000 - 0x0000000058eb9000 	C:\Xilinx\SDK\2016.4\tps\win64\jre\bin\server\jvm.dll
0x00007ff973350000 - 0x00007ff973358000 	C:\WINDOWS\System32\PSAPI.DLL
0x00007ff96c260000 - 0x00007ff96c269000 	C:\WINDOWS\SYSTEM32\WSOCK32.dll
0x00007ff973870000 - 0x00007ff9738da000 	C:\WINDOWS\System32\WS2_32.dll
0x00007ff96eac0000 - 0x00007ff96eae3000 	C:\WINDOWS\SYSTEM32\WINMM.dll
0x000000005afc0000 - 0x000000005b092000 	C:\WINDOWS\SYSTEM32\MSVCR100.dll
0x00007ff96e920000 - 0x00007ff96e94b000 	C:\WINDOWS\SYSTEM32\WINMMBASE.dll
0x00007ff971110000 - 0x00007ff971152000 	C:\WINDOWS\System32\cfgmgr32.dll
0x0000000059b20000 - 0x0000000059b2f000 	C:\Xilinx\SDK\2016.4\tps\win64\jre\bin\verify.dll
0x0000000059af0000 - 0x0000000059b19000 	C:\Xilinx\SDK\2016.4\tps\win64\jre\bin\java.dll
0x0000000059ad0000 - 0x0000000059ae6000 	C:\Xilinx\SDK\2016.4\tps\win64\jre\bin\zip.dll
0x00007ff971c20000 - 0x00007ff973128000 	C:\WINDOWS\System32\SHELL32.dll
0x00007ff971230000 - 0x00007ff97190a000 	C:\WINDOWS\System32\windows.storage.dll
0x00007ff970820000 - 0x00007ff97086c000 	C:\WINDOWS\System32\powrprof.dll
0x00007ff9741f0000 - 0x00007ff974242000 	C:\WINDOWS\System32\shlwapi.dll
0x00007ff970810000 - 0x00007ff97081f000 	C:\WINDOWS\System32\kernel.appcore.dll
0x00007ff970c90000 - 0x00007ff970d39000 	C:\WINDOWS\System32\shcore.dll
0x00007ff9707f0000 - 0x00007ff970804000 	C:\WINDOWS\System32\profapi.dll
0x00007ff970260000 - 0x00007ff970277000 	C:\WINDOWS\SYSTEM32\CRYPTSP.dll
0x00007ff96fcb0000 - 0x00007ff96fce3000 	C:\WINDOWS\system32\rsaenh.dll
0x00007ff970720000 - 0x00007ff97074b000 	C:\WINDOWS\SYSTEM32\bcrypt.dll
0x00007ff96ff30000 - 0x00007ff96ff4f000 	C:\WINDOWS\SYSTEM32\USERENV.dll
0x00007ff970250000 - 0x00007ff97025b000 	C:\WINDOWS\SYSTEM32\CRYPTBASE.dll
0x0000000059ab0000 - 0x0000000059aca000 	C:\Xilinx\SDK\2016.4\tps\win64\jre\bin\net.dll
0x00007ff9700b0000 - 0x00007ff97010c000 	C:\WINDOWS\system32\mswsock.dll
0x00007ff96fe30000 - 0x00007ff96fe68000 	C:\WINDOWS\SYSTEM32\IPHLPAPI.DLL
0x00007ff974370000 - 0x00007ff974378000 	C:\WINDOWS\System32\NSI.dll
0x00007ff96cc10000 - 0x00007ff96cc26000 	C:\WINDOWS\SYSTEM32\dhcpcsvc6.DLL
0x00007ff96cb40000 - 0x00007ff96cb5a000 	C:\WINDOWS\SYSTEM32\dhcpcsvc.DLL
0x0000000059a90000 - 0x0000000059aa1000 	C:\Xilinx\SDK\2016.4\tps\win64\jre\bin\nio.dll
0x00007ff95e4a0000 - 0x00007ff95e4b6000 	C:\WINDOWS\system32\napinsp.dll
0x00007ff95e470000 - 0x00007ff95e48a000 	C:\WINDOWS\system32\pnrpnsp.dll
0x00007ff96be20000 - 0x00007ff96be38000 	C:\WINDOWS\system32\NLAapi.dll
0x00007ff96fe70000 - 0x00007ff96ff11000 	C:\WINDOWS\SYSTEM32\DNSAPI.dll
0x00007ff962ee0000 - 0x00007ff962eee000 	C:\WINDOWS\System32\winrnr.dll
0x000000005b0d0000 - 0x000000005b0f6000 	C:\Program Files\Bonjour\mdnsNSP.dll
0x00007ff96b090000 - 0x00007ff96b09a000 	C:\Windows\System32\rasadhlp.dll
0x00007ff96b450000 - 0x00007ff96b4ba000 	C:\WINDOWS\System32\fwpuclnt.dll
0x00000000186e0000 - 0x0000000018788000 	C:\Users\Utilizador\.Xilinx\SDK\2016.4\org.eclipse.osgi\319\0\.cp\swt-win32-4527.dll
0x00007ff971a70000 - 0x00007ff971ba8000 	C:\WINDOWS\System32\ole32.dll
0x00007ff971970000 - 0x00007ff971a6a000 	C:\WINDOWS\System32\comdlg32.dll
0x00007ff970a00000 - 0x00007ff970bc9000 	C:\WINDOWS\System32\CRYPT32.dll
0x00007ff9707e0000 - 0x00007ff9707f0000 	C:\WINDOWS\System32\MSASN1.dll
0x00007ff96bc30000 - 0x00007ff96bcb6000 	C:\WINDOWS\SYSTEM32\WINSPOOL.DRV
0x00007ff956e60000 - 0x00007ff956e79000 	C:\WINDOWS\SYSTEM32\USP10.dll
0x00007ff96ce90000 - 0x00007ff96d15a000 	C:\WINDOWS\SYSTEM32\WININET.dll
0x00007ff96dd30000 - 0x00007ff96dd56000 	C:\WINDOWS\system32\dwmapi.dll
0x00007ff96daa0000 - 0x00007ff96dc25000 	C:\WINDOWS\SYSTEM32\propsys.dll
0x00007ff973660000 - 0x00007ff9736ff000 	C:\WINDOWS\System32\clbcatq.dll
0x0000000018790000 - 0x00000000187ae000 	C:\Users\Utilizador\.Xilinx\SDK\2016.4\org.eclipse.osgi\319\0\.cp\swt-gdip-win32-4527.dll
0x00007ff965510000 - 0x00007ff9656aa000 	C:\WINDOWS\WinSxS\amd64_microsoft.windows.gdiplus_6595b64144ccf1df_1.1.14393.953_none_7300116921188239\gdiplus.dll
0x00007ff96c910000 - 0x00007ff96cab8000 	C:\WINDOWS\SYSTEM32\WindowsCodecs.dll
0x0000000180000000 - 0x0000000180012000 	C:\Users\Utilizador\.Xilinx\SDK\2016.4\org.eclipse.osgi\133\0\.cp\os\win32\x86_64\localfile_1_0_0.dll
0x00007ff95f420000 - 0x00007ff95f485000 	C:\WINDOWS\SYSTEM32\oleacc.dll
0x00007ff96a9c0000 - 0x00007ff96a9c7000 	C:\WINDOWS\SYSTEM32\msimg32.dll
0x00007ff95cb20000 - 0x00007ff95cb31000 	C:\Users\Utilizador\.Xilinx\SDK\2016.4\org.eclipse.osgi\136\0\.cp\jWinHttp-1.0.0.dll
0x00007ff96dc60000 - 0x00007ff96dd2d000 	C:\WINDOWS\SYSTEM32\WINHTTP.dll
0x00007ff965320000 - 0x00007ff96532f000 	C:\Xilinx\SDK\2016.4\lib\win64.o\librdi_repo_manager.dll
0x00007ff953700000 - 0x00007ff95372a000 	C:\Xilinx\SDK\2016.4\lib\win64.o\libisl_sysinfo.dll
0x00007ff910a40000 - 0x00007ff9114ea000 	C:\Xilinx\SDK\2016.4\lib\win64.o\librdi_common.dll
0x00007ff94fdf0000 - 0x00007ff94fe43000 	C:\Xilinx\SDK\2016.4\lib\win64.o\librdi_commonxillic.dll
0x00007ff91a450000 - 0x00007ff91a648000 	C:\Xilinx\SDK\2016.4\lib\win64.o\librdi_hsm.dll
0x00007ff964c00000 - 0x00007ff964ca7000 	C:\WINDOWS\SYSTEM32\MSVCP110.dll
0x00007ff964cb0000 - 0x00007ff964d84000 	C:\WINDOWS\SYSTEM32\MSVCR110.dll
0x00007ff91a0e0000 - 0x00007ff91a44e000 	C:\Xilinx\SDK\2016.4\lib\win64.o\libCOIN-all.dll
0x00007ff910820000 - 0x00007ff910a3f000 	C:\Xilinx\SDK\2016.4\lib\win64.o\libXil_lmgr11.dll
0x00007ff9711d0000 - 0x00007ff971225000 	C:\WINDOWS\System32\WINTRUST.dll
0x00007ff964d90000 - 0x00007ff964da0000 	C:\Xilinx\SDK\2016.4\lib\win64.o\libboost_date_time.dll
0x00007ff950b70000 - 0x00007ff950b94000 	C:\Xilinx\SDK\2016.4\lib\win64.o\libboost_filesystem.dll
0x00007ff94a380000 - 0x00007ff94a3f7000 	C:\Xilinx\SDK\2016.4\lib\win64.o\libboost_program_options.dll
0x00007ff91fbc0000 - 0x00007ff91fcc6000 	C:\Xilinx\SDK\2016.4\lib\win64.o\libboost_regex.dll
0x00007ff9574a0000 - 0x00007ff9574b3000 	C:\Xilinx\SDK\2016.4\lib\win64.o\libboost_signals.dll
0x00007ff963db0000 - 0x00007ff963db9000 	C:\Xilinx\SDK\2016.4\lib\win64.o\libboost_system.dll
0x00007ff956340000 - 0x00007ff95635d000 	C:\Xilinx\SDK\2016.4\lib\win64.o\libboost_thread.dll
0x00007ff9636b0000 - 0x00007ff9636bb000 	C:\Xilinx\SDK\2016.4\lib\win64.o\libboost_xilinx.dll
0x00007ff91fee0000 - 0x00007ff91ff60000 	C:\Xilinx\SDK\2016.4\lib\win64.o\libhdlpsolve.dll
0x00007ff91f990000 - 0x00007ff91fa2a000 	C:\Xilinx\SDK\2016.4\lib\win64.o\libhdxml.dll
0x00007ff910080000 - 0x00007ff910449000 	C:\Xilinx\SDK\2016.4\lib\win64.o\libisl_iostreams.dll
0x00007ff956200000 - 0x00007ff956215000 	C:\Xilinx\SDK\2016.4\lib\win64.o\pthreadVC2.dll
0x00007ff91b770000 - 0x00007ff91b8a0000 	C:\Xilinx\SDK\2016.4\lib\win64.o\librdi_curl.dll
0x00007ff955ef0000 - 0x00007ff955f08000 	C:\Xilinx\SDK\2016.4\lib\win64.o\librdiconfig.dll
0x00007ff955520000 - 0x00007ff95553f000 	C:\Xilinx\SDK\2016.4\lib\win64.o\librdizlib.dll
0x0000000059b30000 - 0x0000000059c57000 	C:\Xilinx\SDK\2016.4\lib\win64.o\tcl85t.dll
0x0000000026d80000 - 0x0000000026fe3000 	C:\Xilinx\SDK\2016.4\lib\win64.o\xerces-c_3_1.dll
0x00007ff963320000 - 0x00007ff9634e3000 	C:\WINDOWS\SYSTEM32\urlmon.dll
0x00007ff9649c0000 - 0x00007ff9649e3000 	C:\WINDOWS\SYSTEM32\VCOMP110.DLL
0x00007ff949380000 - 0x00007ff9493c3000 	C:\Xilinx\SDK\2016.4\lib\win64.o\librdi_hdf.dll
0x00007ff90fdb0000 - 0x00007ff910078000 	C:\Xilinx\SDK\2016.4\lib\win64.o\librdi_ippcw.dll
0x00007ff96a770000 - 0x00007ff96a788000 	C:\WINDOWS\SYSTEM32\NETAPI32.dll
0x00007ff963170000 - 0x00007ff96317b000 	C:\Xilinx\SDK\2016.4\lib\win64.o\libboost_chrono.dll
0x00007ff9523d0000 - 0x00007ff9523e6000 	C:\Xilinx\SDK\2016.4\lib\win64.o\libboost_iostreams.dll
0x00007ff94f7c0000 - 0x00007ff94f7e3000 	C:\Xilinx\SDK\2016.4\lib\win64.o\libisl_iosutils.dll
0x00007ff96ab70000 - 0x00007ff96ae15000 	C:\WINDOWS\SYSTEM32\iertutil.dll
0x00007ff962a20000 - 0x00007ff962a62000 	C:\WINDOWS\SYSTEM32\edputil.dll
0x00007ff963070000 - 0x00007ff96307a000 	C:\Xilinx\SDK\2016.4\lib\win64.o\librdi_jtag_settings.dll
0x00007ff94d7b0000 - 0x00007ff94d7d9000 	C:\Xilinx\SDK\2016.4\lib\win64.o\librdi_debug_dialog.dll
0x00007ff962090000 - 0x00007ff962098000 	C:\Xilinx\SDK\2016.4\lib\win64.o\librdi_target_manager.dll
0x00007ff951a60000 - 0x00007ff951a76000 	C:\Xilinx\SDK\2016.4\eclipse\win64.o\plugins\org.eclipse.cdt.core.win32.x86_64_5.4.0.201509131935\os\win32\x86_64\spawner.dll
0x00007ff90c6c0000 - 0x00007ff90ced0000 	C:\Xilinx\SDK\2016.4\lib\win64.o\libXil_lmgr11FNP.dll
0x00007ff973bf0000 - 0x00007ff974019000 	C:\WINDOWS\System32\SETUPAPI.dll
0x00007ff961440000 - 0x00007ff96144c000 	C:\WINDOWS\SYSTEM32\snmpapi.dll
0x00007ff970450000 - 0x00007ff97047c000 	C:\WINDOWS\SYSTEM32\SspiCli.dll
0x00000000239e0000 - 0x00000000239e3000 	C:\WINDOWS\SYSTEM32\icmp.Dll

VM Arguments:
jvm_args: -Dcom.xilinx.sdk.args.hwspec=C:/Users/Utilizador/Desktop/Universidade/4_ano/2_semestre/CR/Projeto/ProjetoFinal/MP_ToDisplays/MP_ToDisplays.sdk/DebUART_wrapper.hdf -Xms64m -Xmx512m & 
java_command: <unknown>
java_class_path (initial): C:\Xilinx\SDK\2016.4\eclipse\win64.o\\plugins/org.eclipse.equinox.launcher_1.3.100.v20150511-1540.jar
Launcher Type: generic

Environment Variables:
JAVA_HOME=C:\Program Files\Java\jdk1.8.0_101
PATH=C:/Xilinx/SDK/2016.4/tps/win64/jre/bin/server;C:/Xilinx/SDK/2016.4/tps/win64/jre/bin;C:/Xilinx/SDK/2016.4/tps/win64/jre/lib/amd64;C:\Xilinx\SDK\2016.4\gnuwin\bin;C:\Xilinx\SDK\2016.4\gnu\microblaze\nt\bin;C:\Xilinx\SDK\2016.4\gnu\microblaze\linux_toolchain\nt64_le\bin;C:\Xilinx\SDK\2016.4\gnu\microblaze\linux_toolchain\nt64_be\bin;C:\Xilinx\SDK\2016.4\gnu\arm\nt\bin;C:\Xilinx\SDK\2016.4\gnu\aarch64\nt\aarch64-none\bin;C:\Xilinx\SDK\2016.4\gnu\aarch64\nt\aarch64-linux\bin;C:\Xilinx\SDK\2016.4\gnu\armr5\nt\gcc-arm-none-eabi\bin;C:\Xilinx\SDK\2016.4\gnu\aarch32\nt\gcc-arm-none-eabi\bin;C:\Xilinx\SDK\2016.4\gnu\aarch32\nt\gcc-arm-linux-gnueabi\bin;C:\Xilinx\SDK\2016.4\tps\win64\cmake-3.3.2\bin;;C:\Xilinx\SDK\2016.4\bin;C:\Xilinx\SDK\2016.4\lib\win64.o;C:\Xilinx\SDK\2016.4\tps\win64\jre\bin\server;C:\Xilinx\SDK\2016.4\tps\win64\jre\bin;C:\Xilinx\Vivado\2016.4\ids_lite\ISE\bin\nt64;C:\Xilinx\Vivado\2016.4\ids_lite\ISE\lib\nt64;C:\Xilinx\Vivado\2016.4\bin;C:\Xilinx\Vivado\2016.4\lib\win64.o;C:\Xilinx\Vivado\2016.4\tps\win64\jre\bin\server;C:\Xilinx\Vivado\2016.4\tps\win64\jre\bin;C:\Xilinx\Vivado_HLS\2016.4\bin;C:\WINDOWS\system32\Npcap;C:\Program Files\MATLAB\MATLAB Production Server\R2015a\runtime\win64;C:\Program Files\MATLAB\MATLAB Production Server\R2015a\bin;C:\Program Files\MATLAB\MATLAB Production Server\R2015a\polyspace\bin;C:\Program Files\PuTTY\;c:\Program Files\Intel\WiFi\bin\;c:\Program Files\Common Files\Intel\WirelessCommon\;C:\Users\Utilizador\AppData\Roaming\npm;C:\Users\Utilizador\AppData\Local\Microsoft\WindowsApps;C:\Python27;C:\Program Files\Java\jdk1.8.0_101\bin;C:\Program Files\NetBeans 8.2\java\maven\bin;C:\Users\Utilizador\Desktop\Universidade\4_ano\2_semestre\CR\Projeto\ProjetoFinal\MP_ToDisplays;
USERNAME=Utilizador
OS=Windows_NT
PROCESSOR_IDENTIFIER=Intel64 Family 6 Model 60 Stepping 3, GenuineIntel



---------------  S Y S T E M  ---------------

OS: Windows 10.0 , 64 bit Build 14393 (10.0.14393.1198)

CPU:total 8 (4 cores per cpu, 2 threads per core) family 6 model 60 stepping 3, cmov, cx8, fxsr, mmx, sse, sse2, sse3, ssse3, sse4.1, sse4.2, popcnt, avx, avx2, aes, clmul, erms, lzcnt, ht, tsc, tscinvbit, bmi1, bmi2

Memory: 4k page, physical 8319000k(4671056k free), swap 12976516k(8188700k free)

vm_info: Java HotSpot(TM) 64-Bit Server VM (25.66-b18) for windows-amd64 JRE (1.8.0_66-b18), built on Nov  9 2015 10:51:13 by "java_re" with MS VC++ 10.0 (VS2010)

time: Fri May 26 19:34:01 2017
elapsed time: 213 seconds (0d 0h 3m 33s)

