#
# A fatal error has been detected by the Java Runtime Environment:
#
#  EXCEPTION_UNCAUGHT_CXX_EXCEPTION (0xe06d7363) at pc=0x00007ff970f23c58, pid=15352, tid=15244
#
# JRE version: Java(TM) SE Runtime Environment (8.0_66-b18) (build 1.8.0_66-b18)
# Java VM: Java HotSpot(TM) 64-Bit Server VM (25.66-b18 mixed mode windows-amd64 compressed oops)
# Problematic frame:
# C  [KERNELBASE.dll+0x33c58]
#
# Failed to write core dump. Minidumps are not enabled by default on client versions of Windows
#
# If you would like to submit a bug report, please visit:
#   http://bugreport.java.com/bugreport/crash.jsp
#

---------------  T H R E A D  ---------------

Current thread (0x0000000013dc9800):  VMThread [stack: 0x0000000015ac0000,0x0000000015bc0000] [id=15244]

siginfo: ExceptionCode=0xe06d7363, ExceptionInformation=0x0000000019930520 0x0000000015bbf648 0x00007ff964d62cb8 0x00007ff964cb0000 

Registers:
RAX=0x004c0044002e006c, RBX=0x00007ff964d62cb8, RCX=0x000000000000004c, RDX=0x0000000000000000
RSP=0x0000000015bbf490, RBP=0x0000000015bbf5d0, RSI=0x00000000ffffffff, RDI=0x0000000017511780
R8 =0x0000000000000000, R9 =0x0000000000000000, R10=0x0000000000000000, R11=0x0000000000000000
R12=0x0000000000000001, R13=0x0000000000000008, R14=0x0000000000000000, R15=0xffffffffffffffff
RIP=0x00007ff970f23c58, EFLAGS=0x0000000000000202

Top of Stack: (sp=0x0000000015bbf490)
0x0000000015bbf490:   0000000000000000 00007ff964d62cb8
0x0000000015bbf4a0:   00000000ffffffff 0000000017511780
0x0000000015bbf4b0:   00000001e06d7363 0000000000000000
0x0000000015bbf4c0:   00007ff970f23c58 00007ff900000004
0x0000000015bbf4d0:   0000000019930520 0000000015bbf648
0x0000000015bbf4e0:   00007ff964d62cb8 00007ff964cb0000
0x0000000015bbf4f0:   0000000000000008 0000000000000001
0x0000000015bbf500:   0000000017511780 00000000ffffffff
0x0000000015bbf510:   0000000015bbf5d0 00007ff9743cc26f
0x0000000015bbf520:   0000000015bbf5e0 0000000000000000
0x0000000015bbf530:   000001d2479a1c79 0000000000000001
0x0000000015bbf540:   00007ff964d79000 00007ff964cb0000
0x0000000015bbf550:   00009f8af94f7111 0000000015bbf780
0x0000000015bbf560:   00007ff964d62cb8 00007ff964d0e92c
0x0000000015bbf570:   000000000000001f 0000000000000008
0x0000000015bbf580:   0000000000000001 0000000017511780 

Instructions: (pc=0x00007ff970f23c58)
0x00007ff970f23c38:   49 8b d1 44 0f 47 c0 44 89 44 24 38 49 c1 e0 03
0x00007ff970f23c48:   e8 47 90 04 00 48 8d 4c 24 20 ff 15 a0 44 11 00
0x00007ff970f23c58:   48 8b 8c 24 c0 00 00 00 48 33 cc e8 d8 55 04 00
0x00007ff970f23c68:   48 81 c4 d8 00 00 00 c3 83 64 24 38 00 eb d6 cc 


Register to memory mapping:

RAX=0x004c0044002e006c is an unknown value
RBX=0x00007ff964d62cb8 is an unknown value
RCX=0x000000000000004c is an unknown value
RDX=0x0000000000000000 is an unknown value
RSP=0x0000000015bbf490 is an unknown value
RBP=0x0000000015bbf5d0 is an unknown value
RSI=0x00000000ffffffff is an unallocated location in the heap
RDI=0x0000000017511780 is an unknown value
R8 =0x0000000000000000 is an unknown value
R9 =0x0000000000000000 is an unknown value
R10=0x0000000000000000 is an unknown value
R11=0x0000000000000000 is an unknown value
R12=0x0000000000000001 is an unknown value
R13=0x0000000000000008 is an unknown value
R14=0x0000000000000000 is an unknown value
R15=0xffffffffffffffff is an unknown value


Stack: [0x0000000015ac0000,0x0000000015bc0000],  sp=0x0000000015bbf490,  free space=1021k
Native frames: (J=compiled Java code, j=interpreted, Vv=VM code, C=native code)
C  [KERNELBASE.dll+0x33c58]
C  [MSVCR110.dll+0x5e92c]
C  [MSVCR110.dll+0x1315c]
C  [MSVCR110.dll+0x136a9]
C  [MSVCR110.dll+0x13e9c]
C  [MSVCR110.dll+0x239e]
C  [MSVCR110.dll+0xaf9e]
C  [MSVCP110.dll+0x397b9]
C  [librdi_common.dll+0x183a66]
C  [librdi_common.dll+0x1826fb]
C  [librdi_target_manager.dll+0x2400]
C  [librdi_target_manager.dll+0x2682]
C  [ntdll.dll+0x2a35f]
C  [ntdll.dll+0x806b]
C  [ntdll.dll+0x7d94]
C  [KERNEL32.DLL+0x1ce6a]
C  [MSVCR100.dll+0x20ccd]
V  [jvm.dll+0x210cc5]
V  [jvm.dll+0x249897]
V  [jvm.dll+0x248b36]
V  [jvm.dll+0x248fd1]
V  [jvm.dll+0x2491ee]
V  [jvm.dll+0x29a0fa]
C  [MSVCR100.dll+0x21d9f]
C  [MSVCR100.dll+0x21e3b]
C  [KERNEL32.DLL+0x8364]
C  [ntdll.dll+0x670d1]

VM_Operation (0x000000000014f4c0): Exit, mode: safepoint, requested by thread 0x00000000023ce800


---------------  P R O C E S S  ---------------

Java Threads: ( => current thread )
  0x0000000017115000 JavaThread "pool-2-thread-1" [_thread_blocked, id=14684, stack(0x000000003c210000,0x000000003c310000)]
  0x0000000017114800 JavaThread "Thread-186" daemon [_thread_blocked, id=5156, stack(0x000000003be10000,0x000000003bf10000)]
  0x000000001daa6800 JavaThread "TCF Channel Transmitter" daemon [_thread_blocked, id=10736, stack(0x00000000274a0000,0x00000000275a0000)]
  0x000000001daa6000 JavaThread "TCF Channel Receiver" daemon [_thread_in_native, id=11624, stack(0x00000000273a0000,0x00000000274a0000)]
  0x000000001daa4800 JavaThread "Process monitor" daemon [_thread_in_native, id=4248, stack(0x00000000265b0000,0x00000000266b0000)]
  0x000000001daa3800 JavaThread "Input Stream Monitor" daemon [_thread_blocked, id=13928, stack(0x00000000264b0000,0x00000000265b0000)]
  0x000000001daa1800 JavaThread "Output Stream Monitor" daemon [_thread_in_native, id=9484, stack(0x00000000263b0000,0x00000000264b0000)]
  0x000000001daa2000 JavaThread "Output Stream Monitor" daemon [_thread_in_native, id=660, stack(0x00000000262b0000,0x00000000263b0000)]
  0x000000001da9e800 JavaThread "TCF Locator DNS Lookup" daemon [_thread_blocked, id=3992, stack(0x0000000025350000,0x0000000025450000)]
  0x000000001da9b800 JavaThread "TCF Locator Timer" daemon [_thread_blocked, id=6448, stack(0x0000000025250000,0x0000000025350000)]
  0x000000001da9a800 JavaThread "TCF Locator Receiver" daemon [_thread_in_native, id=7604, stack(0x0000000025150000,0x0000000025250000)]
  0x000000001da9d800 JavaThread "TCF Timer Dispatcher" daemon [_thread_blocked, id=7752, stack(0x0000000024f50000,0x0000000025050000)]
  0x0000000017e30800 JavaThread "EMF Reference Cleaner" daemon [_thread_blocked, id=13192, stack(0x0000000019440000,0x0000000019540000)]
  0x0000000015f33000 JavaThread "Service Thread" daemon [_thread_blocked, id=9064, stack(0x00000000168c0000,0x00000000169c0000)]
  0x0000000015f01000 JavaThread "C1 CompilerThread3" daemon [_thread_blocked, id=15640, stack(0x00000000167c0000,0x00000000168c0000)]
  0x0000000015ef7000 JavaThread "C2 CompilerThread2" daemon [_thread_blocked, id=13900, stack(0x00000000166c0000,0x00000000167c0000)]
  0x0000000015eee000 JavaThread "C2 CompilerThread1" daemon [_thread_blocked, id=8452, stack(0x00000000165c0000,0x00000000166c0000)]
  0x0000000015eec800 JavaThread "C2 CompilerThread0" daemon [_thread_blocked, id=6644, stack(0x00000000164c0000,0x00000000165c0000)]
  0x0000000015efc000 JavaThread "Attach Listener" daemon [_thread_blocked, id=2504, stack(0x00000000163c0000,0x00000000164c0000)]
  0x0000000015efb000 JavaThread "Signal Dispatcher" daemon [_thread_blocked, id=14056, stack(0x00000000162c0000,0x00000000163c0000)]
  0x000000000255a800 JavaThread "Finalizer" daemon [_thread_blocked, id=9504, stack(0x0000000015cc0000,0x0000000015dc0000)]
  0x0000000013dcd800 JavaThread "Reference Handler" daemon [_thread_blocked, id=13504, stack(0x0000000015bc0000,0x0000000015cc0000)]
  0x00000000023ce800 JavaThread "main" [_thread_blocked, id=16000, stack(0x0000000000050000,0x0000000000150000)]

Other Threads:
=>0x0000000013dc9800 VMThread [stack: 0x0000000015ac0000,0x0000000015bc0000] [id=15244]

VM state:at safepoint (shutting down)

VM Mutex/Monitor currently owned by a thread:  ([mutex/lock_event])
[0x00000000023cdef0] Threads_lock - owner thread: 0x0000000013dc9800

Heap:
 PSYoungGen      total 84480K, used 76339K [0x00000000f5580000, 0x00000000fd380000, 0x0000000100000000)
  eden space 81920K, 93% used [0x00000000f5580000,0x00000000fa00cfe0,0x00000000fa580000)
  from space 2560K, 0% used [0x00000000fa580000,0x00000000fa580000,0x00000000fa800000)
  to   space 23552K, 0% used [0x00000000fbc80000,0x00000000fbc80000,0x00000000fd380000)
 ParOldGen       total 117248K, used 55989K [0x00000000e0000000, 0x00000000e7280000, 0x00000000f5580000)
  object space 117248K, 47% used [0x00000000e0000000,0x00000000e36ad428,0x00000000e7280000)
 Metaspace       used 86890K, capacity 94402K, committed 94504K, reserved 1130496K
  class space    used 10181K, capacity 12555K, committed 12584K, reserved 1048576K

Card table byte_map: [0x0000000011920000,0x0000000011a30000] byte_map_base: 0x0000000011220000

Marking Bits: (ParMarkBitMap*) 0x00000000596ca5b0
 Begin Bits: [0x00000000122e0000, 0x0000000012ae0000)
 End Bits:   [0x0000000012ae0000, 0x00000000132e0000)

Polling page: 0x00000000004d0000

CodeCache: size=245760Kb used=42224Kb max_used=42728Kb free=203535Kb
 bounds [0x0000000002560000, 0x0000000004f70000, 0x0000000011560000]
 total_blobs=12306 nmethods=11412 adapters=800
 compilation: enabled

Compilation events (10 events):
Event: 384.261 Thread 0x0000000015f01000 nmethod 14273 0x000000000484b490 code [0x000000000484b680, 0x000000000484c158]
Event: 384.261 Thread 0x0000000015f01000 14275   !   3       org.eclipse.osgi.storage.BundleInfo$Generation::close (34 bytes)
Event: 384.261 Thread 0x0000000015f01000 nmethod 14275 0x000000000391a5d0 code [0x000000000391a740, 0x000000000391ab68]
Event: 384.261 Thread 0x0000000015f01000 14274       3       org.eclipse.osgi.storage.bundlefile.MRUBundleFileList::removeInternal (37 bytes)
Event: 384.262 Thread 0x0000000015f01000 nmethod 14274 0x000000000484acd0 code [0x000000000484ae40, 0x000000000484b2b0]
Event: 384.262 Thread 0x0000000015f01000 14276  s!   3       org.eclipse.osgi.storage.bundlefile.ZipBundleFile::close (64 bytes)
Event: 384.263 Thread 0x0000000015eec800 14285       4       org.eclipse.osgi.container.ModuleDatabase::readLock (11 bytes)
Event: 384.263 Thread 0x0000000015f01000 nmethod 14276 0x0000000004849ed0 code [0x000000000484a0a0, 0x000000000484aa38]
Event: 384.264 Thread 0x0000000015f01000 14286       3       org.eclipse.osgi.internal.framework.EquinoxContainerAdaptor::clearManifestCache (84 bytes)
Event: 384.265 Thread 0x0000000015f01000 nmethod 14286 0x0000000002d62290 code [0x0000000002d624e0, 0x0000000002d63bf8]

GC Heap History (10 events):
Event: 318.682 GC heap before
{Heap before GC invocations=31 (full 7):
 PSYoungGen      total 81920K, used 79872K [0x00000000f5580000, 0x00000000fda80000, 0x0000000100000000)
  eden space 79872K, 100% used [0x00000000f5580000,0x00000000fa380000,0x00000000fa380000)
  from space 2048K, 0% used [0x00000000fa380000,0x00000000fa380000,0x00000000fa580000)
  to   space 28160K, 0% used [0x00000000fbf00000,0x00000000fbf00000,0x00000000fda80000)
 ParOldGen       total 117248K, used 55400K [0x00000000e0000000, 0x00000000e7280000, 0x00000000f5580000)
  object space 117248K, 47% used [0x00000000e0000000,0x00000000e361a018,0x00000000e7280000)
 Metaspace       used 82361K, capacity 88758K, committed 88872K, reserved 1126400K
  class space    used 9637K, capacity 11534K, committed 11560K, reserved 1048576K
Event: 318.685 GC heap after
Heap after GC invocations=31 (full 7):
 PSYoungGen      total 108032K, used 1600K [0x00000000f5580000, 0x00000000fd980000, 0x0000000100000000)
  eden space 80896K, 0% used [0x00000000f5580000,0x00000000f5580000,0x00000000fa480000)
  from space 27136K, 5% used [0x00000000fbf00000,0x00000000fc090030,0x00000000fd980000)
  to   space 27136K, 0% used [0x00000000fa480000,0x00000000fa480000,0x00000000fbf00000)
 ParOldGen       total 117248K, used 55472K [0x00000000e0000000, 0x00000000e7280000, 0x00000000f5580000)
  object space 117248K, 47% used [0x00000000e0000000,0x00000000e362c028,0x00000000e7280000)
 Metaspace       used 82361K, capacity 88758K, committed 88872K, reserved 1126400K
  class space    used 9637K, capacity 11534K, committed 11560K, reserved 1048576K
}
Event: 333.099 GC heap before
{Heap before GC invocations=32 (full 7):
 PSYoungGen      total 108032K, used 82496K [0x00000000f5580000, 0x00000000fd980000, 0x0000000100000000)
  eden space 80896K, 100% used [0x00000000f5580000,0x00000000fa480000,0x00000000fa480000)
  from space 27136K, 5% used [0x00000000fbf00000,0x00000000fc090030,0x00000000fd980000)
  to   space 27136K, 0% used [0x00000000fa480000,0x00000000fa480000,0x00000000fbf00000)
 ParOldGen       total 117248K, used 55472K [0x00000000e0000000, 0x00000000e7280000, 0x00000000f5580000)
  object space 117248K, 47% used [0x00000000e0000000,0x00000000e362c028,0x00000000e7280000)
 Metaspace       used 82586K, capacity 88988K, committed 89256K, reserved 1126400K
  class space    used 9652K, capacity 11567K, committed 11688K, reserved 1048576K
Event: 333.103 GC heap after
Heap after GC invocations=32 (full 7):
 PSYoungGen      total 108032K, used 1597K [0x00000000f5580000, 0x00000000fd880000, 0x0000000100000000)
  eden space 80896K, 0% used [0x00000000f5580000,0x00000000f5580000,0x00000000fa480000)
  from space 27136K, 5% used [0x00000000fa480000,0x00000000fa60f790,0x00000000fbf00000)
  to   space 26112K, 0% used [0x00000000fbf00000,0x00000000fbf00000,0x00000000fd880000)
 ParOldGen       total 117248K, used 55480K [0x00000000e0000000, 0x00000000e7280000, 0x00000000f5580000)
  object space 117248K, 47% used [0x00000000e0000000,0x00000000e362e028,0x00000000e7280000)
 Metaspace       used 82586K, capacity 88988K, committed 89256K, reserved 1126400K
  class space    used 9652K, capacity 11567K, committed 11688K, reserved 1048576K
}
Event: 356.611 GC heap before
{Heap before GC invocations=33 (full 7):
 PSYoungGen      total 108032K, used 82493K [0x00000000f5580000, 0x00000000fd880000, 0x0000000100000000)
  eden space 80896K, 100% used [0x00000000f5580000,0x00000000fa480000,0x00000000fa480000)
  from space 27136K, 5% used [0x00000000fa480000,0x00000000fa60f790,0x00000000fbf00000)
  to   space 26112K, 0% used [0x00000000fbf00000,0x00000000fbf00000,0x00000000fd880000)
 ParOldGen       total 117248K, used 55480K [0x00000000e0000000, 0x00000000e7280000, 0x00000000f5580000)
  object space 117248K, 47% used [0x00000000e0000000,0x00000000e362e028,0x00000000e7280000)
 Metaspace       used 82916K, capacity 89340K, committed 89512K, reserved 1126400K
  class space    used 9678K, capacity 11599K, committed 11688K, reserved 1048576K
Event: 356.614 GC heap after
Heap after GC invocations=33 (full 7):
 PSYoungGen      total 105984K, used 1752K [0x00000000f5580000, 0x00000000fd680000, 0x0000000100000000)
  eden space 81920K, 0% used [0x00000000f5580000,0x00000000f5580000,0x00000000fa580000)
  from space 24064K, 7% used [0x00000000fbf00000,0x00000000fc0b6078,0x00000000fd680000)
  to   space 25088K, 0% used [0x00000000fa580000,0x00000000fa580000,0x00000000fbe00000)
 ParOldGen       total 117248K, used 55488K [0x00000000e0000000, 0x00000000e7280000, 0x00000000f5580000)
  object space 117248K, 47% used [0x00000000e0000000,0x00000000e3630028,0x00000000e7280000)
 Metaspace       used 82916K, capacity 89340K, committed 89512K, reserved 1126400K
  class space    used 9678K, capacity 11599K, committed 11688K, reserved 1048576K
}
Event: 361.619 GC heap before
{Heap before GC invocations=34 (full 7):
 PSYoungGen      total 105984K, used 19911K [0x00000000f5580000, 0x00000000fd680000, 0x0000000100000000)
  eden space 81920K, 22% used [0x00000000f5580000,0x00000000f673be78,0x00000000fa580000)
  from space 24064K, 7% used [0x00000000fbf00000,0x00000000fc0b6078,0x00000000fd680000)
  to   space 25088K, 0% used [0x00000000fa580000,0x00000000fa580000,0x00000000fbe00000)
 ParOldGen       total 117248K, used 55488K [0x00000000e0000000, 0x00000000e7280000, 0x00000000f5580000)
  object space 117248K, 47% used [0x00000000e0000000,0x00000000e3630028,0x00000000e7280000)
 Metaspace       used 82936K, capacity 89340K, committed 89512K, reserved 1126400K
  class space    used 9678K, capacity 11599K, committed 11688K, reserved 1048576K
Event: 361.622 GC heap after
Heap after GC invocations=34 (full 7):
 PSYoungGen      total 84480K, used 2496K [0x00000000f5580000, 0x00000000fd380000, 0x0000000100000000)
  eden space 81920K, 0% used [0x00000000f5580000,0x00000000f5580000,0x00000000fa580000)
  from space 2560K, 97% used [0x00000000fa580000,0x00000000fa7f0030,0x00000000fa800000)
  to   space 23552K, 0% used [0x00000000fbc80000,0x00000000fbc80000,0x00000000fd380000)
 ParOldGen       total 117248K, used 55488K [0x00000000e0000000, 0x00000000e7280000, 0x00000000f5580000)
  object space 117248K, 47% used [0x00000000e0000000,0x00000000e3630028,0x00000000e7280000)
 Metaspace       used 82936K, capacity 89340K, committed 89512K, reserved 1126400K
  class space    used 9678K, capacity 11599K, committed 11688K, reserved 1048576K
}
Event: 361.622 GC heap before
{Heap before GC invocations=35 (full 8):
 PSYoungGen      total 84480K, used 2496K [0x00000000f5580000, 0x00000000fd380000, 0x0000000100000000)
  eden space 81920K, 0% used [0x00000000f5580000,0x00000000f5580000,0x00000000fa580000)
  from space 2560K, 97% used [0x00000000fa580000,0x00000000fa7f0030,0x00000000fa800000)
  to   space 23552K, 0% used [0x00000000fbc80000,0x00000000fbc80000,0x00000000fd380000)
 ParOldGen       total 117248K, used 55488K [0x00000000e0000000, 0x00000000e7280000, 0x00000000f5580000)
  object space 117248K, 47% used [0x00000000e0000000,0x00000000e3630028,0x00000000e7280000)
 Metaspace       used 82936K, capacity 89340K, committed 89512K, reserved 1126400K
  class space    used 9678K, capacity 11599K, committed 11688K, reserved 1048576K
Event: 361.885 GC heap after
Heap after GC invocations=35 (full 8):
 PSYoungGen      total 84480K, used 0K [0x00000000f5580000, 0x00000000fd380000, 0x0000000100000000)
  eden space 81920K, 0% used [0x00000000f5580000,0x00000000f5580000,0x00000000fa580000)
  from space 2560K, 0% used [0x00000000fa580000,0x00000000fa580000,0x00000000fa800000)
  to   space 23552K, 0% used [0x00000000fbc80000,0x00000000fbc80000,0x00000000fd380000)
 ParOldGen       total 117248K, used 55989K [0x00000000e0000000, 0x00000000e7280000, 0x00000000f5580000)
  object space 117248K, 47% used [0x00000000e0000000,0x00000000e36ad428,0x00000000e7280000)
 Metaspace       used 82936K, capacity 89340K, committed 89512K, reserved 1126400K
  class space    used 9678K, capacity 11599K, committed 11688K, reserved 1048576K
}

Deoptimization events (10 events):
Event: 383.520 Thread 0x0000000017e32000 Uncommon trap: reason=unstable_if action=reinterpret pc=0x0000000004827994 method=org.eclipse.e4.ui.internal.workbench.swt.E4Application$1.syncExec(Ljava/lang/Runnable;)V @ 14
Event: 383.520 Thread 0x0000000017e32000 Uncommon trap: reason=unstable_if action=reinterpret pc=0x0000000003fb3fc8 method=org.eclipse.e4.ui.internal.workbench.swt.E4Application$1.syncExec(Ljava/lang/Runnable;)V @ 14
Event: 383.520 Thread 0x000000001da9c000 Uncommon trap: reason=unstable_if action=reinterpret pc=0x0000000004bb9c08 method=org.eclipse.ui.internal.UILockListener.isUI()Z @ 7
Event: 383.593 Thread 0x0000000017118000 Uncommon trap: reason=unstable_if action=reinterpret pc=0x00000000042585ec method=org.eclipse.equinox.internal.event.EventHandlerTracker.getHandlers(Ljava/lang/String;)Ljava/util/Set; @ 28
Event: 383.666 Thread 0x0000000017118000 Uncommon trap: reason=unstable_if action=reinterpret pc=0x000000000418f564 method=org.eclipse.swt.graphics.Resource.dispose()V @ 15
Event: 383.712 Thread 0x0000000017116000 Uncommon trap: reason=unstable_if action=reinterpret pc=0x00000000026e33e4 method=sun.nio.cs.SingleByte$Encoder.encode(C)I @ 13
Event: 384.203 Thread 0x0000000017118000 Uncommon trap: reason=unstable_if action=reinterpret pc=0x00000000032696c0 method=org.eclipse.osgi.internal.hooks.EclipseLazyStarter.shouldActivateFor(Ljava/lang/String;Lorg/eclipse/osgi/container/Module;Lorg/eclipse/osgi/container/ModuleRevision;Lorg/ecli
Event: 384.237 Thread 0x0000000020b86800 Uncommon trap: reason=unstable_if action=reinterpret pc=0x000000000482aa64 method=org.eclipse.core.internal.jobs.JobManager.nextJob()Lorg/eclipse/core/runtime/jobs/Job; @ 80
Event: 384.237 Thread 0x000000001daa3000 Uncommon trap: reason=unstable_if action=reinterpret pc=0x000000000482aa64 method=org.eclipse.core.internal.jobs.JobManager.nextJob()Lorg/eclipse/core/runtime/jobs/Job; @ 80
Event: 384.237 Thread 0x000000001da9c000 Uncommon trap: reason=unstable_if action=reinterpret pc=0x000000000482aa64 method=org.eclipse.core.internal.jobs.JobManager.nextJob()Lorg/eclipse/core/runtime/jobs/Job; @ 80

Internal exceptions (10 events):
Event: 383.509 Thread 0x00000000023ce800 Exception <a 'java/io/FileNotFoundException'> (0x00000000f95e30d8) thrown at [C:\re\workspace\8-2-build-windows-amd64-cygwin\jdk8u66\5298\hotspot\src\share\vm\prims\jni.cpp, line 709]
Event: 383.510 Thread 0x00000000023ce800 Exception <a 'java/io/FileNotFoundException'> (0x00000000f95e5558) thrown at [C:\re\workspace\8-2-build-windows-amd64-cygwin\jdk8u66\5298\hotspot\src\share\vm\prims\jni.cpp, line 709]
Event: 383.510 Thread 0x00000000023ce800 Exception <a 'java/io/FileNotFoundException'> (0x00000000f95e7998) thrown at [C:\re\workspace\8-2-build-windows-amd64-cygwin\jdk8u66\5298\hotspot\src\share\vm\prims\jni.cpp, line 709]
Event: 383.510 Thread 0x00000000023ce800 Exception <a 'java/io/FileNotFoundException'> (0x00000000f95e9dd8) thrown at [C:\re\workspace\8-2-build-windows-amd64-cygwin\jdk8u66\5298\hotspot\src\share\vm\prims\jni.cpp, line 709]
Event: 383.510 Thread 0x00000000023ce800 Exception <a 'java/io/FileNotFoundException'> (0x00000000f95ec358) thrown at [C:\re\workspace\8-2-build-windows-amd64-cygwin\jdk8u66\5298\hotspot\src\share\vm\prims\jni.cpp, line 709]
Event: 383.646 Thread 0x0000000020b85800 Exception <a 'java/lang/InterruptedException'> (0x00000000f9a53fc0) thrown at [C:\re\workspace\8-2-build-windows-amd64-cygwin\jdk8u66\5298\hotspot\src\share\vm\runtime\objectMonitor.cpp, line 1683]
Event: 384.237 Thread 0x0000000017e32000 Exception <a 'java/lang/InterruptedException'> (0x00000000f967f028) thrown at [C:\re\workspace\8-2-build-windows-amd64-cygwin\jdk8u66\5298\hotspot\src\share\vm\runtime\objectMonitor.cpp, line 1683]
Event: 384.256 Thread 0x000000001708f000 Exception <a 'java/lang/InterruptedException'> (0x00000000f9dab000) thrown at [C:\re\workspace\8-2-build-windows-amd64-cygwin\jdk8u66\5298\hotspot\src\share\vm\runtime\objectMonitor.cpp, line 1683]
Event: 384.261 Thread 0x0000000017e33800 Exception <a 'java/lang/InterruptedException'> (0x00000000f5925330) thrown at [C:\re\workspace\8-2-build-windows-amd64-cygwin\jdk8u66\5298\hotspot\src\share\vm\runtime\objectMonitor.cpp, line 1683]
Event: 384.262 Thread 0x0000000017077800 Exception <a 'java/lang/InterruptedException'> (0x00000000f9fa3800) thrown at [C:\re\workspace\8-2-build-windows-amd64-cygwin\jdk8u66\5298\hotspot\src\share\vm\runtime\objectMonitor.cpp, line 1683]

Events (10 events):
Event: 384.264 Thread 0x0000000017118000 Thread exited: 0x0000000017118000
Event: 384.264 Thread 0x0000000015f01000 flushing nmethod 0x0000000002dc8990
Event: 384.264 loading class java/util/IdentityHashMap$KeyIterator
Event: 384.264 loading class java/util/IdentityHashMap$IdentityHashMapIterator
Event: 384.264 loading class java/util/IdentityHashMap$IdentityHashMapIterator done
Event: 384.264 loading class java/util/IdentityHashMap$KeyIterator done
Event: 384.264 Thread 0x0000000017113800 Thread added: 0x0000000017113800
Event: 384.265 Thread 0x0000000017113800 Thread exited: 0x0000000017113800
Event: 384.265 Thread 0x0000000015f01000 flushing nmethod 0x0000000002ec9450
Event: 384.266 Executing VM operation: Exit


Dynamic libraries:
0x0000000000400000 - 0x000000000044f000 	C:\Xilinx\SDK\2016.4\eclipse\win64.o\eclipse.exe
0x00007ff974380000 - 0x00007ff974551000 	C:\WINDOWS\SYSTEM32\ntdll.dll
0x00007ff973360000 - 0x00007ff97340c000 	C:\WINDOWS\System32\KERNEL32.DLL
0x00007ff9676b0000 - 0x00007ff967704000 	C:\Program Files (x86)\AVG\Av\avghooka.dll
0x00007ff970ef0000 - 0x00007ff97110d000 	C:\WINDOWS\System32\KERNELBASE.dll
0x00007ff96ed80000 - 0x00007ff96edfa000 	C:\WINDOWS\system32\apphelp.dll
0x00007ff973700000 - 0x00007ff973865000 	C:\WINDOWS\System32\USER32.dll
0x00007ff970c70000 - 0x00007ff970c8e000 	C:\WINDOWS\System32\win32u.dll
0x00007ff9738e0000 - 0x00007ff973914000 	C:\WINDOWS\System32\GDI32.dll
0x00007ff970870000 - 0x00007ff9709f2000 	C:\WINDOWS\System32\gdi32full.dll
0x00007ff9742d0000 - 0x00007ff97436e000 	C:\WINDOWS\System32\msvcrt.dll
0x00007ff963b10000 - 0x00007ff963d8a000 	C:\WINDOWS\WinSxS\amd64_microsoft.windows.common-controls_6595b64144ccf1df_6.0.14393.953_none_42151e83c686086b\COMCTL32.dll
0x00007ff973920000 - 0x00007ff973be8000 	C:\WINDOWS\System32\combase.dll
0x00007ff970d40000 - 0x00007ff970e35000 	C:\WINDOWS\System32\ucrtbase.dll
0x00007ff973130000 - 0x00007ff973251000 	C:\WINDOWS\System32\RPCRT4.dll
0x00007ff971160000 - 0x00007ff9711ca000 	C:\WINDOWS\System32\bcryptPrimitives.dll
0x00007ff973260000 - 0x00007ff97328e000 	C:\WINDOWS\System32\IMM32.DLL
0x0000000072000000 - 0x0000000072012000 	C:\Xilinx\SDK\2016.4\eclipse\win64.o\plugins\org.eclipse.equinox.launcher.win32.win32.x86_64_1.1.300.v20150602-1417\eclipse_1611.dll
0x00007ff973410000 - 0x00007ff9734b2000 	C:\WINDOWS\System32\ADVAPI32.dll
0x00007ff971910000 - 0x00007ff971969000 	C:\WINDOWS\System32\sechost.dll
0x00007ff962ad0000 - 0x00007ff962ada000 	C:\WINDOWS\SYSTEM32\VERSION.dll
0x00007ff96efc0000 - 0x00007ff96f055000 	C:\WINDOWS\system32\uxtheme.dll
0x00007ff974020000 - 0x00007ff97417a000 	C:\WINDOWS\System32\MSCTF.dll
0x00007ff973290000 - 0x00007ff97334f000 	C:\WINDOWS\System32\OLEAUT32.dll
0x00007ff970bd0000 - 0x00007ff970c6c000 	C:\WINDOWS\System32\msvcp_win.dll
0x00007ff91f620000 - 0x00007ff91f668000 	C:\Program Files (x86)\TeamViewer\tv_x64.dll
0x00007ff971c20000 - 0x00007ff973128000 	C:\WINDOWS\System32\SHELL32.dll
0x00007ff971110000 - 0x00007ff971152000 	C:\WINDOWS\System32\cfgmgr32.dll
0x00007ff971230000 - 0x00007ff97190a000 	C:\WINDOWS\System32\windows.storage.dll
0x00007ff970820000 - 0x00007ff97086c000 	C:\WINDOWS\System32\powrprof.dll
0x00007ff9741f0000 - 0x00007ff974242000 	C:\WINDOWS\System32\shlwapi.dll
0x00007ff970810000 - 0x00007ff97081f000 	C:\WINDOWS\System32\kernel.appcore.dll
0x00007ff970c90000 - 0x00007ff970d39000 	C:\WINDOWS\System32\shcore.dll
0x00007ff9707f0000 - 0x00007ff970804000 	C:\WINDOWS\System32\profapi.dll
0x00007ff971a70000 - 0x00007ff971ba8000 	C:\WINDOWS\System32\ole32.dll
0x0000000058ec0000 - 0x0000000059749000 	C:\Xilinx\SDK\2016.4\tps\win64\jre\bin\server\jvm.dll
0x00007ff973350000 - 0x00007ff973358000 	C:\WINDOWS\System32\PSAPI.DLL
0x00007ff96c260000 - 0x00007ff96c269000 	C:\WINDOWS\SYSTEM32\WSOCK32.dll
0x00007ff973870000 - 0x00007ff9738da000 	C:\WINDOWS\System32\WS2_32.dll
0x00007ff96eac0000 - 0x00007ff96eae3000 	C:\WINDOWS\SYSTEM32\WINMM.dll
0x000000005afc0000 - 0x000000005b092000 	C:\WINDOWS\SYSTEM32\MSVCR100.dll
0x00007ff96e920000 - 0x00007ff96e94b000 	C:\WINDOWS\SYSTEM32\WINMMBASE.dll
0x0000000059a20000 - 0x0000000059a2f000 	C:\Xilinx\SDK\2016.4\tps\win64\jre\bin\verify.dll
0x00000000599f0000 - 0x0000000059a19000 	C:\Xilinx\SDK\2016.4\tps\win64\jre\bin\java.dll
0x00000000599d0000 - 0x00000000599e6000 	C:\Xilinx\SDK\2016.4\tps\win64\jre\bin\zip.dll
0x00007ff970260000 - 0x00007ff970277000 	C:\WINDOWS\SYSTEM32\CRYPTSP.dll
0x00007ff96fcb0000 - 0x00007ff96fce3000 	C:\WINDOWS\system32\rsaenh.dll
0x00007ff970720000 - 0x00007ff97074b000 	C:\WINDOWS\SYSTEM32\bcrypt.dll
0x00007ff96ff30000 - 0x00007ff96ff4f000 	C:\WINDOWS\SYSTEM32\USERENV.dll
0x00007ff970250000 - 0x00007ff97025b000 	C:\WINDOWS\SYSTEM32\CRYPTBASE.dll
0x00000000599b0000 - 0x00000000599ca000 	C:\Xilinx\SDK\2016.4\tps\win64\jre\bin\net.dll
0x00007ff9700b0000 - 0x00007ff97010c000 	C:\WINDOWS\system32\mswsock.dll
0x00007ff96fe30000 - 0x00007ff96fe68000 	C:\WINDOWS\SYSTEM32\IPHLPAPI.DLL
0x00007ff974370000 - 0x00007ff974378000 	C:\WINDOWS\System32\NSI.dll
0x00007ff96cc10000 - 0x00007ff96cc26000 	C:\WINDOWS\SYSTEM32\dhcpcsvc6.DLL
0x00007ff96cb40000 - 0x00007ff96cb5a000 	C:\WINDOWS\SYSTEM32\dhcpcsvc.DLL
0x0000000059990000 - 0x00000000599a1000 	C:\Xilinx\SDK\2016.4\tps\win64\jre\bin\nio.dll
0x00007ff95e4a0000 - 0x00007ff95e4b6000 	C:\WINDOWS\system32\napinsp.dll
0x00007ff95e470000 - 0x00007ff95e48a000 	C:\WINDOWS\system32\pnrpnsp.dll
0x00007ff96be20000 - 0x00007ff96be38000 	C:\WINDOWS\system32\NLAapi.dll
0x00007ff96fe70000 - 0x00007ff96ff11000 	C:\WINDOWS\SYSTEM32\DNSAPI.dll
0x00007ff962ee0000 - 0x00007ff962eee000 	C:\WINDOWS\System32\winrnr.dll
0x000000005b0d0000 - 0x000000005b0f6000 	C:\Program Files\Bonjour\mdnsNSP.dll
0x00007ff96b090000 - 0x00007ff96b09a000 	C:\Windows\System32\rasadhlp.dll
0x00007ff96b450000 - 0x00007ff96b4ba000 	C:\WINDOWS\System32\fwpuclnt.dll
0x0000000018770000 - 0x0000000018818000 	C:\Users\Utilizador\.Xilinx\SDK\2016.4\org.eclipse.osgi\319\0\.cp\swt-win32-4527.dll
0x00007ff971970000 - 0x00007ff971a6a000 	C:\WINDOWS\System32\comdlg32.dll
0x00007ff970a00000 - 0x00007ff970bc9000 	C:\WINDOWS\System32\CRYPT32.dll
0x00007ff9707e0000 - 0x00007ff9707f0000 	C:\WINDOWS\System32\MSASN1.dll
0x00007ff96bc30000 - 0x00007ff96bcb6000 	C:\WINDOWS\SYSTEM32\WINSPOOL.DRV
0x00007ff9653b0000 - 0x00007ff9653c9000 	C:\WINDOWS\SYSTEM32\USP10.dll
0x00007ff96ce90000 - 0x00007ff96d15a000 	C:\WINDOWS\SYSTEM32\WININET.dll
0x00007ff96dd30000 - 0x00007ff96dd56000 	C:\WINDOWS\system32\dwmapi.dll
0x00007ff96daa0000 - 0x00007ff96dc25000 	C:\WINDOWS\SYSTEM32\propsys.dll
0x00007ff973660000 - 0x00007ff9736ff000 	C:\WINDOWS\System32\clbcatq.dll
0x0000000017460000 - 0x000000001747e000 	C:\Users\Utilizador\.Xilinx\SDK\2016.4\org.eclipse.osgi\319\0\.cp\swt-gdip-win32-4527.dll
0x00007ff965510000 - 0x00007ff9656aa000 	C:\WINDOWS\WinSxS\amd64_microsoft.windows.gdiplus_6595b64144ccf1df_1.1.14393.953_none_7300116921188239\gdiplus.dll
0x00007ff96c910000 - 0x00007ff96cab8000 	C:\WINDOWS\SYSTEM32\WindowsCodecs.dll
0x0000000180000000 - 0x0000000180012000 	C:\Users\Utilizador\.Xilinx\SDK\2016.4\org.eclipse.osgi\133\0\.cp\os\win32\x86_64\localfile_1_0_0.dll
0x00007ff95f420000 - 0x00007ff95f485000 	C:\WINDOWS\SYSTEM32\oleacc.dll
0x00007ff96a9c0000 - 0x00007ff96a9c7000 	C:\WINDOWS\SYSTEM32\msimg32.dll
0x00007ff963720000 - 0x00007ff963731000 	C:\Users\Utilizador\.Xilinx\SDK\2016.4\org.eclipse.osgi\136\0\.cp\jWinHttp-1.0.0.dll
0x00007ff96dc60000 - 0x00007ff96dd2d000 	C:\WINDOWS\SYSTEM32\WINHTTP.dll
0x00007ff96c360000 - 0x00007ff96c36f000 	C:\Xilinx\SDK\2016.4\lib\win64.o\librdi_repo_manager.dll
0x00007ff95fe30000 - 0x00007ff95fe5a000 	C:\Xilinx\SDK\2016.4\lib\win64.o\libisl_sysinfo.dll
0x00007ff943cd0000 - 0x00007ff94477a000 	C:\Xilinx\SDK\2016.4\lib\win64.o\librdi_common.dll
0x00007ff955e10000 - 0x00007ff955e63000 	C:\Xilinx\SDK\2016.4\lib\win64.o\librdi_commonxillic.dll
0x00007ff94d820000 - 0x00007ff94da18000 	C:\Xilinx\SDK\2016.4\lib\win64.o\librdi_hsm.dll
0x00007ff964c00000 - 0x00007ff964ca7000 	C:\WINDOWS\SYSTEM32\MSVCP110.dll
0x00007ff964cb0000 - 0x00007ff964d84000 	C:\WINDOWS\SYSTEM32\MSVCR110.dll
0x00007ff94b2f0000 - 0x00007ff94b65e000 	C:\Xilinx\SDK\2016.4\lib\win64.o\libCOIN-all.dll
0x00007ff94b0d0000 - 0x00007ff94b2ef000 	C:\Xilinx\SDK\2016.4\lib\win64.o\libXil_lmgr11.dll
0x00007ff9711d0000 - 0x00007ff971225000 	C:\WINDOWS\System32\WINTRUST.dll
0x00007ff969a80000 - 0x00007ff969a90000 	C:\Xilinx\SDK\2016.4\lib\win64.o\libboost_date_time.dll
0x00007ff954ed0000 - 0x00007ff954ef4000 	C:\Xilinx\SDK\2016.4\lib\win64.o\libboost_filesystem.dll
0x00007ff954e50000 - 0x00007ff954ec7000 	C:\Xilinx\SDK\2016.4\lib\win64.o\libboost_program_options.dll
0x00007ff94dd10000 - 0x00007ff94de16000 	C:\Xilinx\SDK\2016.4\lib\win64.o\libboost_regex.dll
0x00007ff9574a0000 - 0x00007ff9574b3000 	C:\Xilinx\SDK\2016.4\lib\win64.o\libboost_signals.dll
0x00007ff969760000 - 0x00007ff969769000 	C:\Xilinx\SDK\2016.4\lib\win64.o\libboost_system.dll
0x00007ff956f80000 - 0x00007ff956f9d000 	C:\Xilinx\SDK\2016.4\lib\win64.o\libboost_thread.dll
0x00007ff9696f0000 - 0x00007ff9696fb000 	C:\Xilinx\SDK\2016.4\lib\win64.o\libboost_xilinx.dll
0x00007ff954d30000 - 0x00007ff954db0000 	C:\Xilinx\SDK\2016.4\lib\win64.o\libhdlpsolve.dll
0x00007ff9514c0000 - 0x00007ff95155a000 	C:\Xilinx\SDK\2016.4\lib\win64.o\libhdxml.dll
0x00007ff94a430000 - 0x00007ff94a7f9000 	C:\Xilinx\SDK\2016.4\lib\win64.o\libisl_iostreams.dll
0x00007ff956200000 - 0x00007ff956215000 	C:\Xilinx\SDK\2016.4\lib\win64.o\pthreadVC2.dll
0x00007ff9498e0000 - 0x00007ff949a10000 	C:\Xilinx\SDK\2016.4\lib\win64.o\librdi_curl.dll
0x00007ff955ef0000 - 0x00007ff955f08000 	C:\Xilinx\SDK\2016.4\lib\win64.o\librdiconfig.dll
0x00007ff955df0000 - 0x00007ff955e0f000 	C:\Xilinx\SDK\2016.4\lib\win64.o\librdizlib.dll
0x0000000058500000 - 0x0000000058627000 	C:\Xilinx\SDK\2016.4\lib\win64.o\tcl85t.dll
0x0000000026040000 - 0x00000000262a3000 	C:\Xilinx\SDK\2016.4\lib\win64.o\xerces-c_3_1.dll
0x00007ff963320000 - 0x00007ff9634e3000 	C:\WINDOWS\SYSTEM32\urlmon.dll
0x00007ff95cb10000 - 0x00007ff95cb33000 	C:\WINDOWS\SYSTEM32\VCOMP110.DLL
0x00007ff954090000 - 0x00007ff9540d3000 	C:\Xilinx\SDK\2016.4\lib\win64.o\librdi_hdf.dll
0x00007ff90e730000 - 0x00007ff90e9f8000 	C:\Xilinx\SDK\2016.4\lib\win64.o\librdi_ippcw.dll
0x00007ff96a770000 - 0x00007ff96a788000 	C:\WINDOWS\SYSTEM32\NETAPI32.dll
0x00007ff966f80000 - 0x00007ff966f8b000 	C:\Xilinx\SDK\2016.4\lib\win64.o\libboost_chrono.dll
0x00007ff955520000 - 0x00007ff955536000 	C:\Xilinx\SDK\2016.4\lib\win64.o\libboost_iostreams.dll
0x00007ff954060000 - 0x00007ff954083000 	C:\Xilinx\SDK\2016.4\lib\win64.o\libisl_iosutils.dll
0x00007ff96ab70000 - 0x00007ff96ae15000 	C:\WINDOWS\SYSTEM32\iertutil.dll
0x00007ff962a20000 - 0x00007ff962a62000 	C:\WINDOWS\SYSTEM32\edputil.dll
0x00007ff954fb0000 - 0x00007ff954fc6000 	C:\Xilinx\SDK\2016.4\eclipse\win64.o\plugins\org.eclipse.cdt.core.win32.x86_64_5.4.0.201509131935\os\win32\x86_64\spawner.dll
0x00007ff96c760000 - 0x00007ff96c76a000 	C:\Xilinx\SDK\2016.4\lib\win64.o\librdi_jtag_settings.dll
0x00007ff95f3f0000 - 0x00007ff95f419000 	C:\Xilinx\SDK\2016.4\lib\win64.o\librdi_debug_dialog.dll
0x00007ff966de0000 - 0x00007ff966de8000 	C:\Xilinx\SDK\2016.4\lib\win64.o\librdi_target_manager.dll
0x00007ff90c200000 - 0x00007ff90ca10000 	C:\Xilinx\SDK\2016.4\lib\win64.o\libXil_lmgr11FNP.dll
0x00007ff973bf0000 - 0x00007ff974019000 	C:\WINDOWS\System32\SETUPAPI.dll
0x00007ff961440000 - 0x00007ff96144c000 	C:\WINDOWS\SYSTEM32\snmpapi.dll
0x00007ff970450000 - 0x00007ff97047c000 	C:\WINDOWS\SYSTEM32\SspiCli.dll

VM Arguments:
jvm_args: -Dcom.xilinx.sdk.args.hwspec=C:/Users/Utilizador/Desktop/Universidade/4_ano/2_semestre/CR/Projeto/ProjetoFinal/MP_ToDisplays/MP_ToDisplays.sdk/DebUART_wrapper.hdf -Xms64m -Xmx512m & 
java_command: <unknown>
java_class_path (initial): C:\Xilinx\SDK\2016.4\eclipse\win64.o\\plugins/org.eclipse.equinox.launcher_1.3.100.v20150511-1540.jar
Launcher Type: generic

Environment Variables:
JAVA_HOME=C:\Program Files\Java\jdk1.8.0_101
PATH=C:/Xilinx/SDK/2016.4/tps/win64/jre/bin/server;C:/Xilinx/SDK/2016.4/tps/win64/jre/bin;C:/Xilinx/SDK/2016.4/tps/win64/jre/lib/amd64;C:\Xilinx\SDK\2016.4\gnuwin\bin;C:\Xilinx\SDK\2016.4\gnu\microblaze\nt\bin;C:\Xilinx\SDK\2016.4\gnu\microblaze\linux_toolchain\nt64_le\bin;C:\Xilinx\SDK\2016.4\gnu\microblaze\linux_toolchain\nt64_be\bin;C:\Xilinx\SDK\2016.4\gnu\arm\nt\bin;C:\Xilinx\SDK\2016.4\gnu\aarch64\nt\aarch64-none\bin;C:\Xilinx\SDK\2016.4\gnu\aarch64\nt\aarch64-linux\bin;C:\Xilinx\SDK\2016.4\gnu\armr5\nt\gcc-arm-none-eabi\bin;C:\Xilinx\SDK\2016.4\gnu\aarch32\nt\gcc-arm-none-eabi\bin;C:\Xilinx\SDK\2016.4\gnu\aarch32\nt\gcc-arm-linux-gnueabi\bin;C:\Xilinx\SDK\2016.4\tps\win64\cmake-3.3.2\bin;;C:\Xilinx\SDK\2016.4\bin;C:\Xilinx\SDK\2016.4\lib\win64.o;C:\Xilinx\SDK\2016.4\tps\win64\jre\bin\server;C:\Xilinx\SDK\2016.4\tps\win64\jre\bin;C:\Xilinx\Vivado\2016.4\ids_lite\ISE\bin\nt64;C:\Xilinx\Vivado\2016.4\ids_lite\ISE\lib\nt64;C:\Xilinx\Vivado\2016.4\bin;C:\Xilinx\Vivado\2016.4\lib\win64.o;C:\Xilinx\Vivado\2016.4\tps\win64\jre\bin\server;C:\Xilinx\Vivado\2016.4\tps\win64\jre\bin;C:\Xilinx\Vivado_HLS\2016.4\bin;C:\WINDOWS\system32\Npcap;C:\Program Files\MATLAB\MATLAB Production Server\R2015a\runtime\win64;C:\Program Files\MATLAB\MATLAB Production Server\R2015a\bin;C:\Program Files\MATLAB\MATLAB Production Server\R2015a\polyspace\bin;C:\Program Files\PuTTY\;c:\Program Files\Intel\WiFi\bin\;c:\Program Files\Common Files\Intel\WirelessCommon\;C:\Users\Utilizador\AppData\Roaming\npm;C:\Users\Utilizador\AppData\Local\Microsoft\WindowsApps;C:\Python27;C:\Program Files\Java\jdk1.8.0_101\bin;C:\Program Files\NetBeans 8.2\java\maven\bin;C:\Users\Utilizador\Desktop\Universidade\4_ano\2_semestre\CR\Projeto\ProjetoFinal\MP_ToDisplays;
USERNAME=Utilizador
OS=Windows_NT
PROCESSOR_IDENTIFIER=Intel64 Family 6 Model 60 Stepping 3, GenuineIntel



---------------  S Y S T E M  ---------------

OS: Windows 10.0 , 64 bit Build 14393 (10.0.14393.1198)

CPU:total 8 (4 cores per cpu, 2 threads per core) family 6 model 60 stepping 3, cmov, cx8, fxsr, mmx, sse, sse2, sse3, ssse3, sse4.1, sse4.2, popcnt, avx, avx2, aes, clmul, erms, lzcnt, ht, tsc, tscinvbit, bmi1, bmi2

Memory: 4k page, physical 8319000k(2884268k free), swap 12976516k(5042468k free)

vm_info: Java HotSpot(TM) 64-Bit Server VM (25.66-b18) for windows-amd64 JRE (1.8.0_66-b18), built on Nov  9 2015 10:51:13 by "java_re" with MS VC++ 10.0 (VS2010)

time: Sat May 27 00:08:17 2017
elapsed time: 384 seconds (0d 0h 6m 24s)

