#
# A fatal error has been detected by the Java Runtime Environment:
#
#  EXCEPTION_UNCAUGHT_CXX_EXCEPTION (0xe06d7363) at pc=0x00007ff970f23c58, pid=15160, tid=15432
#
# JRE version: Java(TM) SE Runtime Environment (8.0_66-b18) (build 1.8.0_66-b18)
# Java VM: Java HotSpot(TM) 64-Bit Server VM (25.66-b18 mixed mode windows-amd64 compressed oops)
# Problematic frame:
# C  [KERNELBASE.dll+0x33c58]
#
# Failed to write core dump. Minidumps are not enabled by default on client versions of Windows
#
# If you would like to submit a bug report, please visit:
#   http://bugreport.java.com/bugreport/crash.jsp
#

---------------  T H R E A D  ---------------

Current thread (0x0000000013d29800):  VMThread [stack: 0x0000000015a20000,0x0000000015b20000] [id=15432]

siginfo: ExceptionCode=0xe06d7363, ExceptionInformation=0x0000000019930520 0x0000000015b1f648 0x00007ff964d62cb8 0x00007ff964cb0000 

Registers:
RAX=0x004c0044002e006c, RBX=0x00007ff964d62cb8, RCX=0x000000000000004c, RDX=0x0000000000000000
RSP=0x0000000015b1f490, RBP=0x0000000015b1f5d0, RSI=0x00000000ffffffff, RDI=0x0000000026b0fcb0
R8 =0x0000000000000000, R9 =0x0000000000000000, R10=0x0000000000000000, R11=0x0000000000000000
R12=0x0000000000000001, R13=0x0000000000000008, R14=0x0000000000000000, R15=0xffffffffffffffff
RIP=0x00007ff970f23c58, EFLAGS=0x0000000000000202

Top of Stack: (sp=0x0000000015b1f490)
0x0000000015b1f490:   0000000000000000 00007ff964d62cb8
0x0000000015b1f4a0:   00000000ffffffff 0000000026b0fcb0
0x0000000015b1f4b0:   00000001e06d7363 0000000000000000
0x0000000015b1f4c0:   00007ff970f23c58 00007ff900000004
0x0000000015b1f4d0:   0000000019930520 0000000015b1f648
0x0000000015b1f4e0:   00007ff964d62cb8 00007ff964cb0000
0x0000000015b1f4f0:   0000000000000008 0000000000000001
0x0000000015b1f500:   0000000026b0fcb0 00000000ffffffff
0x0000000015b1f510:   0000000015b1f5d0 00007ff9743cc26f
0x0000000015b1f520:   0000000015b1f5e0 0000000000000000
0x0000000015b1f530:   0000018f48bf34e6 0000000000000001
0x0000000015b1f540:   00007ff964d79000 00007ff964cb0000
0x0000000015b1f550:   0000183ed899db91 0000000015b1f780
0x0000000015b1f560:   00007ff964d62cb8 00007ff964d0e92c
0x0000000015b1f570:   000000000000001f 0000000000000008
0x0000000015b1f580:   0000000000000001 0000000026b0fcb0 

Instructions: (pc=0x00007ff970f23c58)
0x00007ff970f23c38:   49 8b d1 44 0f 47 c0 44 89 44 24 38 49 c1 e0 03
0x00007ff970f23c48:   e8 47 90 04 00 48 8d 4c 24 20 ff 15 a0 44 11 00
0x00007ff970f23c58:   48 8b 8c 24 c0 00 00 00 48 33 cc e8 d8 55 04 00
0x00007ff970f23c68:   48 81 c4 d8 00 00 00 c3 83 64 24 38 00 eb d6 cc 


Register to memory mapping:

RAX=0x004c0044002e006c is an unknown value
RBX=0x00007ff964d62cb8 is an unknown value
RCX=0x000000000000004c is an unknown value
RDX=0x0000000000000000 is an unknown value
RSP=0x0000000015b1f490 is an unknown value
RBP=0x0000000015b1f5d0 is an unknown value
RSI=0x00000000ffffffff is an unallocated location in the heap
RDI=0x0000000026b0fcb0 is an unknown value
R8 =0x0000000000000000 is an unknown value
R9 =0x0000000000000000 is an unknown value
R10=0x0000000000000000 is an unknown value
R11=0x0000000000000000 is an unknown value
R12=0x0000000000000001 is an unknown value
R13=0x0000000000000008 is an unknown value
R14=0x0000000000000000 is an unknown value
R15=0xffffffffffffffff is an unknown value


Stack: [0x0000000015a20000,0x0000000015b20000],  sp=0x0000000015b1f490,  free space=1021k
Native frames: (J=compiled Java code, j=interpreted, Vv=VM code, C=native code)
C  [KERNELBASE.dll+0x33c58]
C  [MSVCR110.dll+0x5e92c]
C  [MSVCR110.dll+0x1315c]
C  [MSVCR110.dll+0x136a9]
C  [MSVCR110.dll+0x13e9c]
C  [MSVCR110.dll+0x239e]
C  [MSVCR110.dll+0xaf9e]
C  [MSVCP110.dll+0x397b9]
C  [librdi_common.dll+0x183a66]
C  [librdi_common.dll+0x1826fb]
C  [librdi_target_manager.dll+0x2400]
C  [librdi_target_manager.dll+0x2682]
C  [ntdll.dll+0x2a35f]
C  [ntdll.dll+0x806b]
C  [ntdll.dll+0x7d94]
C  [KERNEL32.DLL+0x1ce6a]
C  [MSVCR100.dll+0x20ccd]
V  [jvm.dll+0x210cc5]
V  [jvm.dll+0x249897]
V  [jvm.dll+0x248b36]
V  [jvm.dll+0x248fd1]
V  [jvm.dll+0x2491ee]
V  [jvm.dll+0x29a0fa]
C  [MSVCR100.dll+0x21d9f]
C  [MSVCR100.dll+0x21e3b]
C  [KERNEL32.DLL+0x8364]
C  [ntdll.dll+0x670d1]

VM_Operation (0x000000000014f4c0): Exit, mode: safepoint, requested by thread 0x0000000001e9e800


---------------  P R O C E S S  ---------------

Java Threads: ( => current thread )
  0x0000000016e1a800 JavaThread "pool-2-thread-1" [_thread_blocked, id=7380, stack(0x000000002bd20000,0x000000002be20000)]
  0x0000000016e1d800 JavaThread "Thread-38" daemon [_thread_blocked, id=12444, stack(0x000000002bb20000,0x000000002bc20000)]
  0x000000001d95b000 JavaThread "TCF Channel Transmitter" daemon [_thread_blocked, id=18056, stack(0x0000000027c20000,0x0000000027d20000)]
  0x000000001d956800 JavaThread "TCF Channel Receiver" daemon [_thread_in_native, id=13824, stack(0x0000000027a20000,0x0000000027b20000)]
  0x000000001d94f000 JavaThread "Process monitor" daemon [_thread_in_native, id=14612, stack(0x0000000026520000,0x0000000026620000)]
  0x000000001d954800 JavaThread "Input Stream Monitor" daemon [_thread_blocked, id=17472, stack(0x0000000026420000,0x0000000026520000)]
  0x000000001d94d000 JavaThread "Output Stream Monitor" daemon [_thread_in_native, id=13472, stack(0x0000000026320000,0x0000000026420000)]
  0x000000001d951800 JavaThread "Output Stream Monitor" daemon [_thread_in_native, id=17180, stack(0x0000000026220000,0x0000000026320000)]
  0x000000001d94e800 JavaThread "TCF Locator DNS Lookup" daemon [_thread_blocked, id=13460, stack(0x00000000248c0000,0x00000000249c0000)]
  0x000000001d950000 JavaThread "TCF Locator Timer" daemon [_thread_blocked, id=11828, stack(0x00000000247c0000,0x00000000248c0000)]
  0x0000000017c71800 JavaThread "TCF Locator Receiver" daemon [_thread_in_native, id=12948, stack(0x00000000246c0000,0x00000000247c0000)]
  0x0000000017c74000 JavaThread "TCF Timer Dispatcher" daemon [_thread_blocked, id=6856, stack(0x00000000244c0000,0x00000000245c0000)]
  0x0000000017f34800 JavaThread "EMF Reference Cleaner" daemon [_thread_blocked, id=4476, stack(0x000000001a130000,0x000000001a230000)]
  0x0000000015e91800 JavaThread "Service Thread" daemon [_thread_blocked, id=13704, stack(0x0000000016820000,0x0000000016920000)]
  0x0000000015e57800 JavaThread "C1 CompilerThread3" daemon [_thread_blocked, id=13640, stack(0x0000000016720000,0x0000000016820000)]
  0x0000000015e56000 JavaThread "C2 CompilerThread2" daemon [_thread_blocked, id=10468, stack(0x0000000016620000,0x0000000016720000)]
  0x0000000015e4f800 JavaThread "C2 CompilerThread1" daemon [_thread_blocked, id=6200, stack(0x0000000016520000,0x0000000016620000)]
  0x0000000015e4e000 JavaThread "C2 CompilerThread0" daemon [_thread_blocked, id=6860, stack(0x0000000016420000,0x0000000016520000)]
  0x0000000015e5c800 JavaThread "Attach Listener" daemon [_thread_blocked, id=15532, stack(0x0000000016320000,0x0000000016420000)]
  0x0000000015e5b800 JavaThread "Signal Dispatcher" daemon [_thread_blocked, id=10576, stack(0x0000000016220000,0x0000000016320000)]
  0x0000000013d2d800 JavaThread "Finalizer" daemon [_thread_blocked, id=12516, stack(0x0000000015c20000,0x0000000015d20000)]
  0x0000000013d2c800 JavaThread "Reference Handler" daemon [_thread_blocked, id=8336, stack(0x0000000015b20000,0x0000000015c20000)]
  0x0000000001e9e800 JavaThread "main" [_thread_blocked, id=1196, stack(0x0000000000050000,0x0000000000150000)]

Other Threads:
=>0x0000000013d29800 VMThread [stack: 0x0000000015a20000,0x0000000015b20000] [id=15432]

VM state:at safepoint (shutting down)

VM Mutex/Monitor currently owned by a thread:  ([mutex/lock_event])
[0x0000000001e9d0e0] Threads_lock - owner thread: 0x0000000013d29800

Heap:
 PSYoungGen      total 104448K, used 36491K [0x00000000f5580000, 0x00000000fdf00000, 0x0000000100000000)
  eden space 74240K, 42% used [0x00000000f5580000,0x00000000f7446508,0x00000000f9e00000)
  from space 30208K, 16% used [0x00000000fbb80000,0x00000000fc05c860,0x00000000fd900000)
  to   space 30208K, 0% used [0x00000000f9e00000,0x00000000f9e00000,0x00000000fbb80000)
 ParOldGen       total 113152K, used 57716K [0x00000000e0000000, 0x00000000e6e80000, 0x00000000f5580000)
  object space 113152K, 51% used [0x00000000e0000000,0x00000000e385d108,0x00000000e6e80000)
 Metaspace       used 83088K, capacity 90596K, committed 90900K, reserved 1128448K
  class space    used 10037K, capacity 12269K, committed 12308K, reserved 1048576K

Card table byte_map: [0x0000000011880000,0x0000000011990000] byte_map_base: 0x0000000011180000

Marking Bits: (ParMarkBitMap*) 0x0000000058e3a5b0
 Begin Bits: [0x0000000012240000, 0x0000000012a40000)
 End Bits:   [0x0000000012a40000, 0x0000000013240000)

Polling page: 0x0000000001ee0000

CodeCache: size=245760Kb used=29135Kb max_used=29178Kb free=216624Kb
 bounds [0x00000000024c0000, 0x00000000041a0000, 0x00000000114c0000]
 total_blobs=8861 nmethods=7975 adapters=793
 compilation: enabled

Compilation events (10 events):
Event: 333.541 Thread 0x0000000015e57800 nmethod 9909 0x00000000036a7390 code [0x00000000036a7500, 0x00000000036a7970]
Event: 333.542 Thread 0x0000000015e57800 9912       3       org.eclipse.osgi.container.Module::holdsTransitionEventLock (25 bytes)
Event: 333.542 Thread 0x0000000015e4e000 9922       4       org.eclipse.osgi.container.ModuleDatabase::readUnlock (11 bytes)
Event: 333.542 Thread 0x0000000015e56000 9923       4       org.eclipse.osgi.container.ModuleDatabase::readLock (11 bytes)
Event: 333.543 Thread 0x0000000015e57800 nmethod 9912 0x0000000003f22a90 code [0x0000000003f22c20, 0x0000000003f23348]
Event: 333.543 Thread 0x0000000015e57800 9913       3       org.eclipse.osgi.container.ModuleWiring::unload (6 bytes)
Event: 333.544 Thread 0x0000000015e57800 nmethod 9913 0x0000000003228690 code [0x0000000003228800, 0x0000000003228988]
Event: 333.544 Thread 0x0000000015e56000 nmethod 9923 0x0000000003ab3550 code [0x0000000003ab36a0, 0x0000000003ab3748]
Event: 333.545 Thread 0x0000000015e57800 9914       3       org.eclipse.osgi.container.ModuleWiring::invalidate0 (52 bytes)
Event: 333.546 Thread 0x0000000015e57800 nmethod 9914 0x0000000002981a90 code [0x0000000002981c40, 0x00000000029825e8]

GC Heap History (10 events):
Event: 8.069 GC heap before
{Heap before GC invocations=14 (full 3):
 PSYoungGen      total 88576K, used 84494K [0x00000000f5580000, 0x00000000fc400000, 0x0000000100000000)
  eden space 67072K, 100% used [0x00000000f5580000,0x00000000f9700000,0x00000000f9700000)
  from space 21504K, 81% used [0x00000000fae80000,0x00000000fbf83a50,0x00000000fc380000)
  to   space 23040K, 0% used [0x00000000f9700000,0x00000000f9700000,0x00000000fad80000)
 ParOldGen       total 113152K, used 41291K [0x00000000e0000000, 0x00000000e6e80000, 0x00000000f5580000)
  object space 113152K, 36% used [0x00000000e0000000,0x00000000e2852e90,0x00000000e6e80000)
 Metaspace       used 72157K, capacity 78296K, committed 78612K, reserved 1118208K
  class space    used 8780K, capacity 10657K, committed 10772K, reserved 1048576K
Event: 8.086 GC heap after
Heap after GC invocations=14 (full 3):
 PSYoungGen      total 90112K, used 21237K [0x00000000f5580000, 0x00000000fd200000, 0x0000000100000000)
  eden space 67072K, 0% used [0x00000000f5580000,0x00000000f5580000,0x00000000f9700000)
  from space 23040K, 92% used [0x00000000f9700000,0x00000000fabbd410,0x00000000fad80000)
  to   space 25600K, 0% used [0x00000000fb900000,0x00000000fb900000,0x00000000fd200000)
 ParOldGen       total 113152K, used 41299K [0x00000000e0000000, 0x00000000e6e80000, 0x00000000f5580000)
  object space 113152K, 36% used [0x00000000e0000000,0x00000000e2854e90,0x00000000e6e80000)
 Metaspace       used 72157K, capacity 78296K, committed 78612K, reserved 1118208K
  class space    used 8780K, capacity 10657K, committed 10772K, reserved 1048576K
}
Event: 39.828 GC heap before
{Heap before GC invocations=15 (full 3):
 PSYoungGen      total 90112K, used 88309K [0x00000000f5580000, 0x00000000fd200000, 0x0000000100000000)
  eden space 67072K, 100% used [0x00000000f5580000,0x00000000f9700000,0x00000000f9700000)
  from space 23040K, 92% used [0x00000000f9700000,0x00000000fabbd410,0x00000000fad80000)
  to   space 25600K, 0% used [0x00000000fb900000,0x00000000fb900000,0x00000000fd200000)
 ParOldGen       total 113152K, used 41299K [0x00000000e0000000, 0x00000000e6e80000, 0x00000000f5580000)
  object space 113152K, 36% used [0x00000000e0000000,0x00000000e2854e90,0x00000000e6e80000)
 Metaspace       used 75843K, capacity 82168K, committed 82452K, reserved 1120256K
  class space    used 9223K, capacity 11159K, committed 11284K, reserved 1048576K
Event: 39.845 GC heap after
Heap after GC invocations=15 (full 3):
 PSYoungGen      total 99840K, used 21703K [0x00000000f5580000, 0x00000000fd400000, 0x0000000100000000)
  eden space 74240K, 0% used [0x00000000f5580000,0x00000000f5580000,0x00000000f9e00000)
  from space 25600K, 84% used [0x00000000fb900000,0x00000000fce31fd0,0x00000000fd200000)
  to   space 27648K, 0% used [0x00000000f9e00000,0x00000000f9e00000,0x00000000fb900000)
 ParOldGen       total 113152K, used 41307K [0x00000000e0000000, 0x00000000e6e80000, 0x00000000f5580000)
  object space 113152K, 36% used [0x00000000e0000000,0x00000000e2856e90,0x00000000e6e80000)
 Metaspace       used 75843K, capacity 82168K, committed 82452K, reserved 1120256K
  class space    used 9223K, capacity 11159K, committed 11284K, reserved 1048576K
}
Event: 70.010 GC heap before
{Heap before GC invocations=16 (full 3):
 PSYoungGen      total 99840K, used 77513K [0x00000000f5580000, 0x00000000fd400000, 0x0000000100000000)
  eden space 74240K, 75% used [0x00000000f5580000,0x00000000f8c00530,0x00000000f9e00000)
  from space 25600K, 84% used [0x00000000fb900000,0x00000000fce31fd0,0x00000000fd200000)
  to   space 27648K, 0% used [0x00000000f9e00000,0x00000000f9e00000,0x00000000fb900000)
 ParOldGen       total 113152K, used 41307K [0x00000000e0000000, 0x00000000e6e80000, 0x00000000f5580000)
  object space 113152K, 36% used [0x00000000e0000000,0x00000000e2856e90,0x00000000e6e80000)
 Metaspace       used 78877K, capacity 85882K, committed 86164K, reserved 1124352K
  class space    used 9593K, capacity 11599K, committed 11668K, reserved 1048576K
Event: 70.027 GC heap after
Heap after GC invocations=16 (full 3):
 PSYoungGen      total 101888K, used 23295K [0x00000000f5580000, 0x00000000fd900000, 0x0000000100000000)
  eden space 74240K, 0% used [0x00000000f5580000,0x00000000f5580000,0x00000000f9e00000)
  from space 27648K, 84% used [0x00000000f9e00000,0x00000000fb4bfd70,0x00000000fb900000)
  to   space 30208K, 0% used [0x00000000fbb80000,0x00000000fbb80000,0x00000000fd900000)
 ParOldGen       total 113152K, used 41315K [0x00000000e0000000, 0x00000000e6e80000, 0x00000000f5580000)
  object space 113152K, 36% used [0x00000000e0000000,0x00000000e2858e90,0x00000000e6e80000)
 Metaspace       used 78877K, capacity 85882K, committed 86164K, reserved 1124352K
  class space    used 9593K, capacity 11599K, committed 11668K, reserved 1048576K
}
Event: 70.028 GC heap before
{Heap before GC invocations=17 (full 4):
 PSYoungGen      total 101888K, used 23295K [0x00000000f5580000, 0x00000000fd900000, 0x0000000100000000)
  eden space 74240K, 0% used [0x00000000f5580000,0x00000000f5580000,0x00000000f9e00000)
  from space 27648K, 84% used [0x00000000f9e00000,0x00000000fb4bfd70,0x00000000fb900000)
  to   space 30208K, 0% used [0x00000000fbb80000,0x00000000fbb80000,0x00000000fd900000)
 ParOldGen       total 113152K, used 41315K [0x00000000e0000000, 0x00000000e6e80000, 0x00000000f5580000)
  object space 113152K, 36% used [0x00000000e0000000,0x00000000e2858e90,0x00000000e6e80000)
 Metaspace       used 78877K, capacity 85882K, committed 86164K, reserved 1124352K
  class space    used 9593K, capacity 11599K, committed 11668K, reserved 1048576K
Event: 70.433 GC heap after
Heap after GC invocations=17 (full 4):
 PSYoungGen      total 101888K, used 0K [0x00000000f5580000, 0x00000000fd900000, 0x0000000100000000)
  eden space 74240K, 0% used [0x00000000f5580000,0x00000000f5580000,0x00000000f9e00000)
  from space 27648K, 0% used [0x00000000f9e00000,0x00000000f9e00000,0x00000000fb900000)
  to   space 30208K, 0% used [0x00000000fbb80000,0x00000000fbb80000,0x00000000fd900000)
 ParOldGen       total 113152K, used 57708K [0x00000000e0000000, 0x00000000e6e80000, 0x00000000f5580000)
  object space 113152K, 51% used [0x00000000e0000000,0x00000000e385b108,0x00000000e6e80000)
 Metaspace       used 78877K, capacity 85882K, committed 86164K, reserved 1124352K
  class space    used 9593K, capacity 11599K, committed 11668K, reserved 1048576K
}
Event: 328.247 GC heap before
{Heap before GC invocations=18 (full 4):
 PSYoungGen      total 101888K, used 74240K [0x00000000f5580000, 0x00000000fd900000, 0x0000000100000000)
  eden space 74240K, 100% used [0x00000000f5580000,0x00000000f9e00000,0x00000000f9e00000)
  from space 27648K, 0% used [0x00000000f9e00000,0x00000000f9e00000,0x00000000fb900000)
  to   space 30208K, 0% used [0x00000000fbb80000,0x00000000fbb80000,0x00000000fd900000)
 ParOldGen       total 113152K, used 57708K [0x00000000e0000000, 0x00000000e6e80000, 0x00000000f5580000)
  object space 113152K, 51% used [0x00000000e0000000,0x00000000e385b108,0x00000000e6e80000)
 Metaspace       used 81952K, capacity 89512K, committed 89748K, reserved 1126400K
  class space    used 9915K, capacity 12105K, committed 12180K, reserved 1048576K
Event: 328.264 GC heap after
Heap after GC invocations=18 (full 4):
 PSYoungGen      total 104448K, used 4978K [0x00000000f5580000, 0x00000000fdf00000, 0x0000000100000000)
  eden space 74240K, 0% used [0x00000000f5580000,0x00000000f5580000,0x00000000f9e00000)
  from space 30208K, 16% used [0x00000000fbb80000,0x00000000fc05c860,0x00000000fd900000)
  to   space 30208K, 0% used [0x00000000f9e00000,0x00000000f9e00000,0x00000000fbb80000)
 ParOldGen       total 113152K, used 57716K [0x00000000e0000000, 0x00000000e6e80000, 0x00000000f5580000)
  object space 113152K, 51% used [0x00000000e0000000,0x00000000e385d108,0x00000000e6e80000)
 Metaspace       used 81952K, capacity 89512K, committed 89748K, reserved 1126400K
  class space    used 9915K, capacity 12105K, committed 12180K, reserved 1048576K
}

Deoptimization events (10 events):
Event: 331.739 Thread 0x0000000016e1e000 Uncommon trap: reason=unstable_if action=reinterpret pc=0x0000000003d43d2c method=com.sun.org.apache.xml.internal.serializer.ToStream.escapingNotNeeded(C)Z @ 9
Event: 331.739 Thread 0x0000000016e1e000 Uncommon trap: reason=unstable_if action=reinterpret pc=0x0000000002c623ec method=com.sun.org.apache.xml.internal.serializer.ToStream.escapingNotNeeded(C)Z @ 9
Event: 331.959 Thread 0x0000000001e9e800 Uncommon trap: reason=unstable_if action=reinterpret pc=0x0000000003e27294 method=org.eclipse.e4.ui.internal.workbench.swt.PartRenderingEngine.someAreVisible(Ljava/util/List;)Z @ 41
Event: 332.145 Thread 0x0000000001e9e800 Uncommon trap: reason=unstable_if action=reinterpret pc=0x0000000003cd31b4 method=java.util.Arrays.equals([Ljava/lang/Object;[Ljava/lang/Object;)Z @ 65
Event: 332.443 Thread 0x0000000017c76000 Uncommon trap: reason=unstable_if action=reinterpret pc=0x0000000003ac13ec method=org.eclipse.e4.ui.internal.workbench.swt.E4Application$1.syncExec(Ljava/lang/Runnable;)V @ 14
Event: 332.511 Thread 0x0000000016e21000 Uncommon trap: reason=unstable_if action=reinterpret pc=0x00000000040f09e4 method=org.eclipse.equinox.internal.event.EventHandlerTracker.getHandlers(Ljava/lang/String;)Ljava/util/Set; @ 28
Event: 332.786 Thread 0x000000001d956000 Uncommon trap: reason=unstable_if action=reinterpret pc=0x000000000263e3a4 method=sun.nio.cs.SingleByte$Encoder.encode(C)I @ 13
Event: 332.824 Thread 0x0000000016e21000 Uncommon trap: reason=unstable_if action=reinterpret pc=0x0000000003273924 method=org.eclipse.swt.graphics.Resource.dispose()V @ 15
Event: 333.391 Thread 0x0000000016e21000 Uncommon trap: reason=unstable_if action=reinterpret pc=0x0000000002ded514 method=org.eclipse.osgi.internal.hooks.EclipseLazyStarter.shouldActivateFor(Ljava/lang/String;Lorg/eclipse/osgi/container/Module;Lorg/eclipse/osgi/container/ModuleRevision;Lorg/ecliM3)í–Öt@
Event: 333.412 Thread 0x0000000016e21000 Uncommon trap: reason=null_check action=maybe_recompile pc=0x0000000003dab4d4 method=com.xilinx.sdk.targetmanager.internal.json.XMDJSONProcess.issueCommand(Ljava/lang/String;)Lcom/xilinx/sdk/targetmanager/internal/IXMDResult; @ 3

Internal exceptions (10 events):
Event: 332.421 Thread 0x0000000001e9e800 Exception <a 'java/io/FileNotFoundException'> (0x00000000f69e8fb0) thrown at [C:\re\workspace\8-2-build-windows-amd64-cygwin\jdk8u66\5298\hotspot\src\share\vm\prims\jni.cpp, line 709]
Event: 332.422 Thread 0x0000000001e9e800 Exception <a 'java/io/FileNotFoundException'> (0x00000000f69eb3f0) thrown at [C:\re\workspace\8-2-build-windows-amd64-cygwin\jdk8u66\5298\hotspot\src\share\vm\prims\jni.cpp, line 709]
Event: 332.422 Thread 0x0000000001e9e800 Exception <a 'java/io/FileNotFoundException'> (0x00000000f69ed970) thrown at [C:\re\workspace\8-2-build-windows-amd64-cygwin\jdk8u66\5298\hotspot\src\share\vm\prims\jni.cpp, line 709]
Event: 332.780 Thread 0x000000001d95a800 Exception <a 'java/lang/InterruptedException'> (0x00000000f6e56188) thrown at [C:\re\workspace\8-2-build-windows-amd64-cygwin\jdk8u66\5298\hotspot\src\share\vm\runtime\objectMonitor.cpp, line 1683]
Event: 333.412 Thread 0x0000000016e21000 Implicit null exception at 0x0000000003da9e67 to 0x0000000003dab4c5
Event: 333.412 Thread 0x0000000016e21000 Exception <a 'java/lang/NullPointerException'> (0x00000000f70de370) thrown at [C:\re\workspace\8-2-build-windows-amd64-cygwin\jdk8u66\5298\hotspot\src\share\vm\prims\jvm.cpp, line 1390]
Event: 333.468 Thread 0x0000000017c76000 Exception <a 'java/lang/InterruptedException'> (0x00000000f6a63498) thrown at [C:\re\workspace\8-2-build-windows-amd64-cygwin\jdk8u66\5298\hotspot\src\share\vm\runtime\objectMonitor.cpp, line 1683]
Event: 333.521 Thread 0x000000001766b000 Exception <a 'java/lang/InterruptedException'> (0x00000000f71fc0f0) thrown at [C:\re\workspace\8-2-build-windows-amd64-cygwin\jdk8u66\5298\hotspot\src\share\vm\runtime\objectMonitor.cpp, line 1683]
Event: 333.538 Thread 0x0000000017c74800 Exception <a 'java/lang/InterruptedException'> (0x00000000f5bc1dd8) thrown at [C:\re\workspace\8-2-build-windows-amd64-cygwin\jdk8u66\5298\hotspot\src\share\vm\runtime\objectMonitor.cpp, line 1683]
Event: 333.538 Thread 0x0000000017580000 Exception <a 'java/lang/InterruptedException'> (0x00000000f73ea1b0) thrown at [C:\re\workspace\8-2-build-windows-amd64-cygwin\jdk8u66\5298\hotspot\src\share\vm\runtime\objectMonitor.cpp, line 1683]

Events (10 events):
Event: 333.543 Thread 0x0000000016e21000 Thread exited: 0x0000000016e21000
Event: 333.544 loading class java/util/IdentityHashMap$KeyIterator
Event: 333.544 loading class java/util/IdentityHashMap$IdentityHashMapIterator
Event: 333.544 loading class java/util/IdentityHashMap$IdentityHashMapIterator done
Event: 333.544 loading class java/util/IdentityHashMap$KeyIterator done
Event: 333.545 Thread 0x0000000016e20800 Thread added: 0x0000000016e20800
Event: 333.545 Thread 0x0000000016e20800 Thread exited: 0x0000000016e20800
Event: 333.547 Thread 0x0000000015e57800 flushing nmethod 0x0000000002ffded0
Event: 333.547 Thread 0x0000000015e57800 flushing nmethod 0x0000000003054750
Event: 333.547 Executing VM operation: Exit


Dynamic libraries:
0x0000000000400000 - 0x000000000044f000 	C:\Xilinx\SDK\2016.4\eclipse\win64.o\eclipse.exe
0x00007ff974380000 - 0x00007ff974551000 	C:\WINDOWS\SYSTEM32\ntdll.dll
0x00007ff973360000 - 0x00007ff97340c000 	C:\WINDOWS\System32\KERNEL32.DLL
0x00007ff9676b0000 - 0x00007ff967704000 	C:\Program Files (x86)\AVG\Av\avghooka.dll
0x00007ff970ef0000 - 0x00007ff97110d000 	C:\WINDOWS\System32\KERNELBASE.dll
0x00007ff96ed80000 - 0x00007ff96edfa000 	C:\WINDOWS\system32\apphelp.dll
0x00007ff973700000 - 0x00007ff973865000 	C:\WINDOWS\System32\USER32.dll
0x00007ff970c70000 - 0x00007ff970c8e000 	C:\WINDOWS\System32\win32u.dll
0x00007ff9738e0000 - 0x00007ff973914000 	C:\WINDOWS\System32\GDI32.dll
0x00007ff970870000 - 0x00007ff9709f2000 	C:\WINDOWS\System32\gdi32full.dll
0x00007ff9742d0000 - 0x00007ff97436e000 	C:\WINDOWS\System32\msvcrt.dll
0x00007ff963b10000 - 0x00007ff963d8a000 	C:\WINDOWS\WinSxS\amd64_microsoft.windows.common-controls_6595b64144ccf1df_6.0.14393.953_none_42151e83c686086b\COMCTL32.dll
0x00007ff973920000 - 0x00007ff973be8000 	C:\WINDOWS\System32\combase.dll
0x00007ff970d40000 - 0x00007ff970e35000 	C:\WINDOWS\System32\ucrtbase.dll
0x00007ff973130000 - 0x00007ff973251000 	C:\WINDOWS\System32\RPCRT4.dll
0x00007ff971160000 - 0x00007ff9711ca000 	C:\WINDOWS\System32\bcryptPrimitives.dll
0x00007ff973260000 - 0x00007ff97328e000 	C:\WINDOWS\System32\IMM32.DLL
0x0000000072000000 - 0x0000000072012000 	C:\Xilinx\SDK\2016.4\eclipse\win64.o\plugins\org.eclipse.equinox.launcher.win32.win32.x86_64_1.1.300.v20150602-1417\eclipse_1611.dll
0x00007ff973410000 - 0x00007ff9734b2000 	C:\WINDOWS\System32\ADVAPI32.dll
0x00007ff971910000 - 0x00007ff971969000 	C:\WINDOWS\System32\sechost.dll
0x00007ff962ad0000 - 0x00007ff962ada000 	C:\WINDOWS\SYSTEM32\VERSION.dll
0x00007ff96efc0000 - 0x00007ff96f055000 	C:\WINDOWS\system32\uxtheme.dll
0x00007ff974020000 - 0x00007ff97417a000 	C:\WINDOWS\System32\MSCTF.dll
0x00007ff973290000 - 0x00007ff97334f000 	C:\WINDOWS\System32\OLEAUT32.dll
0x00007ff970bd0000 - 0x00007ff970c6c000 	C:\WINDOWS\System32\msvcp_win.dll
0x0000000058630000 - 0x0000000058eb9000 	C:\Xilinx\SDK\2016.4\tps\win64\jre\bin\server\jvm.dll
0x00007ff973350000 - 0x00007ff973358000 	C:\WINDOWS\System32\PSAPI.DLL
0x00007ff96c260000 - 0x00007ff96c269000 	C:\WINDOWS\SYSTEM32\WSOCK32.dll
0x00007ff973870000 - 0x00007ff9738da000 	C:\WINDOWS\System32\WS2_32.dll
0x00007ff96eac0000 - 0x00007ff96eae3000 	C:\WINDOWS\SYSTEM32\WINMM.dll
0x000000005afc0000 - 0x000000005b092000 	C:\WINDOWS\SYSTEM32\MSVCR100.dll
0x00007ff96e920000 - 0x00007ff96e94b000 	C:\WINDOWS\SYSTEM32\WINMMBASE.dll
0x00007ff971110000 - 0x00007ff971152000 	C:\WINDOWS\System32\cfgmgr32.dll
0x0000000059a20000 - 0x0000000059a2f000 	C:\Xilinx\SDK\2016.4\tps\win64\jre\bin\verify.dll
0x00000000599f0000 - 0x0000000059a19000 	C:\Xilinx\SDK\2016.4\tps\win64\jre\bin\java.dll
0x00000000599d0000 - 0x00000000599e6000 	C:\Xilinx\SDK\2016.4\tps\win64\jre\bin\zip.dll
0x00007ff971c20000 - 0x00007ff973128000 	C:\WINDOWS\System32\SHELL32.dll
0x00007ff971230000 - 0x00007ff97190a000 	C:\WINDOWS\System32\windows.storage.dll
0x00007ff970820000 - 0x00007ff97086c000 	C:\WINDOWS\System32\powrprof.dll
0x00007ff9741f0000 - 0x00007ff974242000 	C:\WINDOWS\System32\shlwapi.dll
0x00007ff970810000 - 0x00007ff97081f000 	C:\WINDOWS\System32\kernel.appcore.dll
0x00007ff970c90000 - 0x00007ff970d39000 	C:\WINDOWS\System32\shcore.dll
0x00007ff9707f0000 - 0x00007ff970804000 	C:\WINDOWS\System32\profapi.dll
0x00007ff970260000 - 0x00007ff970277000 	C:\WINDOWS\SYSTEM32\CRYPTSP.dll
0x00007ff96fcb0000 - 0x00007ff96fce3000 	C:\WINDOWS\system32\rsaenh.dll
0x00007ff970720000 - 0x00007ff97074b000 	C:\WINDOWS\SYSTEM32\bcrypt.dll
0x00007ff96ff30000 - 0x00007ff96ff4f000 	C:\WINDOWS\SYSTEM32\USERENV.dll
0x00007ff970250000 - 0x00007ff97025b000 	C:\WINDOWS\SYSTEM32\CRYPTBASE.dll
0x00000000599b0000 - 0x00000000599ca000 	C:\Xilinx\SDK\2016.4\tps\win64\jre\bin\net.dll
0x00007ff9700b0000 - 0x00007ff97010c000 	C:\WINDOWS\system32\mswsock.dll
0x00007ff96fe30000 - 0x00007ff96fe68000 	C:\WINDOWS\SYSTEM32\IPHLPAPI.DLL
0x00007ff974370000 - 0x00007ff974378000 	C:\WINDOWS\System32\NSI.dll
0x00007ff96cc10000 - 0x00007ff96cc26000 	C:\WINDOWS\SYSTEM32\dhcpcsvc6.DLL
0x00007ff96cb40000 - 0x00007ff96cb5a000 	C:\WINDOWS\SYSTEM32\dhcpcsvc.DLL
0x0000000059990000 - 0x00000000599a1000 	C:\Xilinx\SDK\2016.4\tps\win64\jre\bin\nio.dll
0x00007ff95e4a0000 - 0x00007ff95e4b6000 	C:\WINDOWS\system32\napinsp.dll
0x00007ff95e470000 - 0x00007ff95e48a000 	C:\WINDOWS\system32\pnrpnsp.dll
0x00007ff96be20000 - 0x00007ff96be38000 	C:\WINDOWS\system32\NLAapi.dll
0x00007ff96fe70000 - 0x00007ff96ff11000 	C:\WINDOWS\SYSTEM32\DNSAPI.dll
0x00007ff962ee0000 - 0x00007ff962eee000 	C:\WINDOWS\System32\winrnr.dll
0x000000005b0d0000 - 0x000000005b0f6000 	C:\Program Files\Bonjour\mdnsNSP.dll
0x00007ff96b090000 - 0x00007ff96b09a000 	C:\Windows\System32\rasadhlp.dll
0x00007ff96b450000 - 0x00007ff96b4ba000 	C:\WINDOWS\System32\fwpuclnt.dll
0x0000000019e30000 - 0x0000000019ed8000 	C:\Users\Utilizador\.Xilinx\SDK\2016.4\org.eclipse.osgi\319\0\.cp\swt-win32-4527.dll
0x00007ff971a70000 - 0x00007ff971ba8000 	C:\WINDOWS\System32\ole32.dll
0x00007ff971970000 - 0x00007ff971a6a000 	C:\WINDOWS\System32\comdlg32.dll
0x00007ff970a00000 - 0x00007ff970bc9000 	C:\WINDOWS\System32\CRYPT32.dll
0x00007ff9707e0000 - 0x00007ff9707f0000 	C:\WINDOWS\System32\MSASN1.dll
0x00007ff96bc30000 - 0x00007ff96bcb6000 	C:\WINDOWS\SYSTEM32\WINSPOOL.DRV
0x00007ff956e60000 - 0x00007ff956e79000 	C:\WINDOWS\SYSTEM32\USP10.dll
0x00007ff96ce90000 - 0x00007ff96d15a000 	C:\WINDOWS\SYSTEM32\WININET.dll
0x00007ff96dd30000 - 0x00007ff96dd56000 	C:\WINDOWS\system32\dwmapi.dll
0x00007ff96daa0000 - 0x00007ff96dc25000 	C:\WINDOWS\SYSTEM32\propsys.dll
0x00007ff973660000 - 0x00007ff9736ff000 	C:\WINDOWS\System32\clbcatq.dll
0x000000001a490000 - 0x000000001a4ae000 	C:\Users\Utilizador\.Xilinx\SDK\2016.4\org.eclipse.osgi\319\0\.cp\swt-gdip-win32-4527.dll
0x00007ff965510000 - 0x00007ff9656aa000 	C:\WINDOWS\WinSxS\amd64_microsoft.windows.gdiplus_6595b64144ccf1df_1.1.14393.953_none_7300116921188239\gdiplus.dll
0x00007ff96c910000 - 0x00007ff96cab8000 	C:\WINDOWS\SYSTEM32\WindowsCodecs.dll
0x0000000180000000 - 0x0000000180012000 	C:\Users\Utilizador\.Xilinx\SDK\2016.4\org.eclipse.osgi\133\0\.cp\os\win32\x86_64\localfile_1_0_0.dll
0x00007ff95f420000 - 0x00007ff95f485000 	C:\WINDOWS\SYSTEM32\oleacc.dll
0x00007ff96a9c0000 - 0x00007ff96a9c7000 	C:\WINDOWS\SYSTEM32\msimg32.dll
0x00007ff96c3d0000 - 0x00007ff96c3e1000 	C:\Users\Utilizador\.Xilinx\SDK\2016.4\org.eclipse.osgi\136\0\.cp\jWinHttp-1.0.0.dll
0x00007ff96dc60000 - 0x00007ff96dd2d000 	C:\WINDOWS\SYSTEM32\WINHTTP.dll
0x00007ff96c760000 - 0x00007ff96c76f000 	C:\Xilinx\SDK\2016.4\lib\win64.o\librdi_repo_manager.dll
0x00007ff963710000 - 0x00007ff96373a000 	C:\Xilinx\SDK\2016.4\lib\win64.o\libisl_sysinfo.dll
0x00007ff91aa70000 - 0x00007ff91b51a000 	C:\Xilinx\SDK\2016.4\lib\win64.o\librdi_common.dll
0x00007ff954fe0000 - 0x00007ff955033000 	C:\Xilinx\SDK\2016.4\lib\win64.o\librdi_commonxillic.dll
0x00007ff91a870000 - 0x00007ff91aa68000 	C:\Xilinx\SDK\2016.4\lib\win64.o\librdi_hsm.dll
0x00007ff964c00000 - 0x00007ff964ca7000 	C:\WINDOWS\SYSTEM32\MSVCP110.dll
0x00007ff964cb0000 - 0x00007ff964d84000 	C:\WINDOWS\SYSTEM32\MSVCR110.dll
0x00007ff91a500000 - 0x00007ff91a86e000 	C:\Xilinx\SDK\2016.4\lib\win64.o\libCOIN-all.dll
0x00007ff91a2e0000 - 0x00007ff91a4ff000 	C:\Xilinx\SDK\2016.4\lib\win64.o\libXil_lmgr11.dll
0x00007ff9711d0000 - 0x00007ff971225000 	C:\WINDOWS\System32\WINTRUST.dll
0x00007ff967080000 - 0x00007ff967090000 	C:\Xilinx\SDK\2016.4\lib\win64.o\libboost_date_time.dll
0x00007ff958ca0000 - 0x00007ff958cc4000 	C:\Xilinx\SDK\2016.4\lib\win64.o\libboost_filesystem.dll
0x00007ff954f60000 - 0x00007ff954fd7000 	C:\Xilinx\SDK\2016.4\lib\win64.o\libboost_program_options.dll
0x00007ff954e50000 - 0x00007ff954f56000 	C:\Xilinx\SDK\2016.4\lib\win64.o\libboost_regex.dll
0x00007ff958360000 - 0x00007ff958373000 	C:\Xilinx\SDK\2016.4\lib\win64.o\libboost_signals.dll
0x00007ff967070000 - 0x00007ff967079000 	C:\Xilinx\SDK\2016.4\lib\win64.o\libboost_system.dll
0x00007ff9580d0000 - 0x00007ff9580ed000 	C:\Xilinx\SDK\2016.4\lib\win64.o\libboost_thread.dll
0x00007ff965320000 - 0x00007ff96532b000 	C:\Xilinx\SDK\2016.4\lib\win64.o\libboost_xilinx.dll
0x00007ff94a380000 - 0x00007ff94a400000 	C:\Xilinx\SDK\2016.4\lib\win64.o\libhdlpsolve.dll
0x00007ff942970000 - 0x00007ff942a0a000 	C:\Xilinx\SDK\2016.4\lib\win64.o\libhdxml.dll
0x00007ff911120000 - 0x00007ff9114e9000 	C:\Xilinx\SDK\2016.4\lib\win64.o\libisl_iostreams.dll
0x00007ff957dd0000 - 0x00007ff957de5000 	C:\Xilinx\SDK\2016.4\lib\win64.o\pthreadVC2.dll
0x00007ff91fbf0000 - 0x00007ff91fd20000 	C:\Xilinx\SDK\2016.4\lib\win64.o\librdi_curl.dll
0x00007ff9574c0000 - 0x00007ff9574d8000 	C:\Xilinx\SDK\2016.4\lib\win64.o\librdiconfig.dll
0x00007ff9574a0000 - 0x00007ff9574bf000 	C:\Xilinx\SDK\2016.4\lib\win64.o\librdizlib.dll
0x0000000058500000 - 0x0000000058627000 	C:\Xilinx\SDK\2016.4\lib\win64.o\tcl85t.dll
0x0000000025fb0000 - 0x0000000026213000 	C:\Xilinx\SDK\2016.4\lib\win64.o\xerces-c_3_1.dll
0x00007ff963320000 - 0x00007ff9634e3000 	C:\WINDOWS\SYSTEM32\urlmon.dll
0x00007ff969060000 - 0x00007ff969083000 	C:\WINDOWS\SYSTEM32\VCOMP110.DLL
0x00007ff949380000 - 0x00007ff9493c3000 	C:\Xilinx\SDK\2016.4\lib\win64.o\librdi_hdf.dll
0x00007ff910e50000 - 0x00007ff911118000 	C:\Xilinx\SDK\2016.4\lib\win64.o\librdi_ippcw.dll
0x00007ff96a770000 - 0x00007ff96a788000 	C:\WINDOWS\SYSTEM32\NETAPI32.dll
0x00007ff964d90000 - 0x00007ff964d9b000 	C:\Xilinx\SDK\2016.4\lib\win64.o\libboost_chrono.dll
0x00007ff956340000 - 0x00007ff956356000 	C:\Xilinx\SDK\2016.4\lib\win64.o\libboost_iostreams.dll
0x00007ff953700000 - 0x00007ff953723000 	C:\Xilinx\SDK\2016.4\lib\win64.o\libisl_iosutils.dll
0x00007ff96ab70000 - 0x00007ff96ae15000 	C:\WINDOWS\SYSTEM32\iertutil.dll
0x00007ff962a20000 - 0x00007ff962a62000 	C:\WINDOWS\SYSTEM32\edputil.dll
0x00007ff95cb20000 - 0x00007ff95cb36000 	C:\Xilinx\SDK\2016.4\eclipse\win64.o\plugins\org.eclipse.cdt.core.win32.x86_64_5.4.0.201509131935\os\win32\x86_64\spawner.dll
0x00007ff966de0000 - 0x00007ff966dea000 	C:\Xilinx\SDK\2016.4\lib\win64.o\librdi_jtag_settings.dll
0x00007ff9562f0000 - 0x00007ff956319000 	C:\Xilinx\SDK\2016.4\lib\win64.o\librdi_debug_dialog.dll
0x00007ff963db0000 - 0x00007ff963db8000 	C:\Xilinx\SDK\2016.4\lib\win64.o\librdi_target_manager.dll
0x00007ff903900000 - 0x00007ff904110000 	C:\Xilinx\SDK\2016.4\lib\win64.o\libXil_lmgr11FNP.dll
0x00007ff973bf0000 - 0x00007ff974019000 	C:\WINDOWS\System32\SETUPAPI.dll
0x00007ff961440000 - 0x00007ff96144c000 	C:\WINDOWS\SYSTEM32\snmpapi.dll
0x00007ff970450000 - 0x00007ff97047c000 	C:\WINDOWS\SYSTEM32\SspiCli.dll
0x00000000199b0000 - 0x00000000199b3000 	C:\WINDOWS\SYSTEM32\icmp.Dll

VM Arguments:
jvm_args: -Dcom.xilinx.sdk.args.hwspec=C:/Users/Utilizador/Desktop/Universidade/4_ano/2_semestre/CR/Projeto/ProjetoFinal/MP_ToDisplays/MP_ToDisplays.sdk/DebUART_wrapper.hdf -Xms64m -Xmx512m & 
java_command: <unknown>
java_class_path (initial): C:\Xilinx\SDK\2016.4\eclipse\win64.o\\plugins/org.eclipse.equinox.launcher_1.3.100.v20150511-1540.jar
Launcher Type: generic

Environment Variables:
JAVA_HOME=C:\Program Files\Java\jdk1.8.0_101
PATH=C:/Xilinx/SDK/2016.4/tps/win64/jre/bin/server;C:/Xilinx/SDK/2016.4/tps/win64/jre/bin;C:/Xilinx/SDK/2016.4/tps/win64/jre/lib/amd64;C:\Xilinx\SDK\2016.4\gnuwin\bin;C:\Xilinx\SDK\2016.4\gnu\microblaze\nt\bin;C:\Xilinx\SDK\2016.4\gnu\microblaze\linux_toolchain\nt64_le\bin;C:\Xilinx\SDK\2016.4\gnu\microblaze\linux_toolchain\nt64_be\bin;C:\Xilinx\SDK\2016.4\gnu\arm\nt\bin;C:\Xilinx\SDK\2016.4\gnu\aarch64\nt\aarch64-none\bin;C:\Xilinx\SDK\2016.4\gnu\aarch64\nt\aarch64-linux\bin;C:\Xilinx\SDK\2016.4\gnu\armr5\nt\gcc-arm-none-eabi\bin;C:\Xilinx\SDK\2016.4\gnu\aarch32\nt\gcc-arm-none-eabi\bin;C:\Xilinx\SDK\2016.4\gnu\aarch32\nt\gcc-arm-linux-gnueabi\bin;C:\Xilinx\SDK\2016.4\tps\win64\cmake-3.3.2\bin;;C:\Xilinx\SDK\2016.4\bin;C:\Xilinx\SDK\2016.4\lib\win64.o;C:\Xilinx\SDK\2016.4\tps\win64\jre\bin\server;C:\Xilinx\SDK\2016.4\tps\win64\jre\bin;C:\Xilinx\Vivado\2016.4\ids_lite\ISE\bin\nt64;C:\Xilinx\Vivado\2016.4\ids_lite\ISE\lib\nt64;C:\Xilinx\Vivado\2016.4\bin;C:\Xilinx\Vivado\2016.4\lib\win64.o;C:\Xilinx\Vivado\2016.4\tps\win64\jre\bin\server;C:\Xilinx\Vivado\2016.4\tps\win64\jre\bin;C:\Xilinx\Vivado_HLS\2016.4\bin;C:\WINDOWS\system32\Npcap;C:\Program Files\MATLAB\MATLAB Production Server\R2015a\runtime\win64;C:\Program Files\MATLAB\MATLAB Production Server\R2015a\bin;C:\Program Files\MATLAB\MATLAB Production Server\R2015a\polyspace\bin;C:\Program Files\PuTTY\;c:\Program Files\Intel\WiFi\bin\;c:\Program Files\Common Files\Intel\WirelessCommon\;C:\Users\Utilizador\AppData\Roaming\npm;C:\Users\Utilizador\AppData\Local\Microsoft\WindowsApps;C:\Python27;C:\Program Files\Java\jdk1.8.0_101\bin;C:\Program Files\NetBeans 8.2\java\maven\bin;C:\Users\Utilizador\Desktop\Universidade\4_ano\2_semestre\CR\Projeto\ProjetoFinal\MP_ToDisplays;
USERNAME=Utilizador
OS=Windows_NT
PROCESSOR_IDENTIFIER=Intel64 Family 6 Model 60 Stepping 3, GenuineIntel



---------------  S Y S T E M  ---------------

OS: Windows 10.0 , 64 bit Build 14393 (10.0.14393.1198)

CPU:total 8 (4 cores per cpu, 2 threads per core) family 6 model 60 stepping 3, cmov, cx8, fxsr, mmx, sse, sse2, sse3, ssse3, sse4.1, sse4.2, popcnt, avx, avx2, aes, clmul, erms, lzcnt, ht, tsc, tscinvbit, bmi1, bmi2

Memory: 4k page, physical 8319000k(2974216k free), swap 12976516k(5709700k free)

vm_info: Java HotSpot(TM) 64-Bit Server VM (25.66-b18) for windows-amd64 JRE (1.8.0_66-b18), built on Nov  9 2015 10:51:13 by "java_re" with MS VC++ 10.0 (VS2010)

time: Fri May 26 16:30:23 2017
elapsed time: 333 seconds (0d 0h 5m 33s)

