#
# A fatal error has been detected by the Java Runtime Environment:
#
#  EXCEPTION_UNCAUGHT_CXX_EXCEPTION (0xe06d7363) at pc=0x00007ff970f23c58, pid=14816, tid=13972
#
# JRE version: Java(TM) SE Runtime Environment (8.0_66-b18) (build 1.8.0_66-b18)
# Java VM: Java HotSpot(TM) 64-Bit Server VM (25.66-b18 mixed mode windows-amd64 compressed oops)
# Problematic frame:
# C  [KERNELBASE.dll+0x33c58]
#
# Failed to write core dump. Minidumps are not enabled by default on client versions of Windows
#
# If you would like to submit a bug report, please visit:
#   http://bugreport.java.com/bugreport/crash.jsp
#

---------------  T H R E A D  ---------------

Current thread (0x0000000013e29000):  VMThread [stack: 0x0000000015b20000,0x0000000015c20000] [id=13972]

siginfo: ExceptionCode=0xe06d7363, ExceptionInformation=0x0000000019930520 0x0000000015c1f648 0x00007ff964d62cb8 0x00007ff964cb0000 

Registers:
RAX=0x004c0044002e006c, RBX=0x00007ff964d62cb8, RCX=0x000000000000004c, RDX=0x0000000000000000
RSP=0x0000000015c1f490, RBP=0x0000000015c1f5d0, RSI=0x00000000ffffffff, RDI=0x000000000060c720
R8 =0x0000000000000000, R9 =0x0000000000000000, R10=0x0000000000000000, R11=0x0000000000000000
R12=0x0000000000000001, R13=0x0000000000000008, R14=0x0000000000000000, R15=0xffffffffffffffff
RIP=0x00007ff970f23c58, EFLAGS=0x0000000000000206

Top of Stack: (sp=0x0000000015c1f490)
0x0000000015c1f490:   0000000000000000 00007ff964d62cb8
0x0000000015c1f4a0:   00000000ffffffff 000000000060c720
0x0000000015c1f4b0:   00000001e06d7363 0000000000000000
0x0000000015c1f4c0:   00007ff970f23c58 00007ff900000004
0x0000000015c1f4d0:   0000000019930520 0000000015c1f648
0x0000000015c1f4e0:   00007ff964d62cb8 00007ff964cb0000
0x0000000015c1f4f0:   0000000000000008 0000000000000001
0x0000000015c1f500:   000000000060c720 00000000ffffffff
0x0000000015c1f510:   0000000015c1f5d0 00007ff9743cc26f
0x0000000015c1f520:   0000000015c1f5e0 0000000000000000
0x0000000015c1f530:   0000aa9ca49391c6 0000000000000001
0x0000000015c1f540:   00007ff964d79000 00007ff964cb0000
0x0000000015c1f550:   0000f2a739b11892 0000000015c1f780
0x0000000015c1f560:   00007ff964d62cb8 00007ff964d0e92c
0x0000000015c1f570:   000000000000001f 0000000000000008
0x0000000015c1f580:   0000000000000001 000000000060c720 

Instructions: (pc=0x00007ff970f23c58)
0x00007ff970f23c38:   49 8b d1 44 0f 47 c0 44 89 44 24 38 49 c1 e0 03
0x00007ff970f23c48:   e8 47 90 04 00 48 8d 4c 24 20 ff 15 a0 44 11 00
0x00007ff970f23c58:   48 8b 8c 24 c0 00 00 00 48 33 cc e8 d8 55 04 00
0x00007ff970f23c68:   48 81 c4 d8 00 00 00 c3 83 64 24 38 00 eb d6 cc 


Register to memory mapping:

RAX=0x004c0044002e006c is an unknown value
RBX=0x00007ff964d62cb8 is an unknown value
RCX=0x000000000000004c is an unknown value
RDX=0x0000000000000000 is an unknown value
RSP=0x0000000015c1f490 is an unknown value
RBP=0x0000000015c1f5d0 is an unknown value
RSI=0x00000000ffffffff is an unallocated location in the heap
RDI=0x000000000060c720 is an unknown value
R8 =0x0000000000000000 is an unknown value
R9 =0x0000000000000000 is an unknown value
R10=0x0000000000000000 is an unknown value
R11=0x0000000000000000 is an unknown value
R12=0x0000000000000001 is an unknown value
R13=0x0000000000000008 is an unknown value
R14=0x0000000000000000 is an unknown value
R15=0xffffffffffffffff is an unknown value


Stack: [0x0000000015b20000,0x0000000015c20000],  sp=0x0000000015c1f490,  free space=1021k
Native frames: (J=compiled Java code, j=interpreted, Vv=VM code, C=native code)
C  [KERNELBASE.dll+0x33c58]
C  [MSVCR110.dll+0x5e92c]
C  [MSVCR110.dll+0x1315c]
C  [MSVCR110.dll+0x136a9]
C  [MSVCR110.dll+0x13e9c]
C  [MSVCR110.dll+0x239e]
C  [MSVCR110.dll+0xaf9e]
C  [MSVCP110.dll+0x397b9]
C  [librdi_common.dll+0x183a66]
C  [librdi_common.dll+0x1826fb]
C  [librdi_target_manager.dll+0x2400]
C  [librdi_target_manager.dll+0x2682]
C  [ntdll.dll+0x2a35f]
C  [ntdll.dll+0x806b]
C  [ntdll.dll+0x7d94]
C  [KERNEL32.DLL+0x1ce6a]
C  [MSVCR100.dll+0x20ccd]
V  [jvm.dll+0x210cc5]
V  [jvm.dll+0x249897]
V  [jvm.dll+0x248b36]
V  [jvm.dll+0x248fd1]
V  [jvm.dll+0x2491ee]
V  [jvm.dll+0x29a0fa]
C  [MSVCR100.dll+0x21d9f]
C  [MSVCR100.dll+0x21e3b]
C  [KERNEL32.DLL+0x8364]
C  [ntdll.dll+0x670d1]

VM_Operation (0x000000000014f4c0): Exit, mode: safepoint, requested by thread 0x000000000266e800


---------------  P R O C E S S  ---------------

Java Threads: ( => current thread )
  0x000000001cfff800 JavaThread "pool-2-thread-4" [_thread_blocked, id=8532, stack(0x0000000042090000,0x0000000042190000)]
  0x00000000172be800 JavaThread "pool-2-thread-3" [_thread_blocked, id=16272, stack(0x000000003c390000,0x000000003c490000)]
  0x000000001d000800 JavaThread "pool-2-thread-2" [_thread_blocked, id=13112, stack(0x0000000035e90000,0x0000000035f90000)]
  0x00000000172c4800 JavaThread "pool-2-thread-1" [_thread_blocked, id=16584, stack(0x000000002ee90000,0x000000002ef90000)]
  0x00000000172c3000 JavaThread "Thread-74" daemon [_thread_blocked, id=16172, stack(0x000000002ec90000,0x000000002ed90000)]
  0x000000001cffc800 JavaThread "TCF Channel Transmitter" daemon [_thread_blocked, id=8388, stack(0x0000000025b40000,0x0000000025c40000)]
  0x000000001cffe000 JavaThread "TCF Channel Receiver" daemon [_thread_in_native, id=7856, stack(0x0000000025a40000,0x0000000025b40000)]
  0x000000001cffc000 JavaThread "Process monitor" daemon [_thread_in_native, id=14856, stack(0x0000000024d60000,0x0000000024e60000)]
  0x000000001d002000 JavaThread "Input Stream Monitor" daemon [_thread_blocked, id=4920, stack(0x0000000024c60000,0x0000000024d60000)]
  0x000000001cff4000 JavaThread "Output Stream Monitor" daemon [_thread_in_native, id=10968, stack(0x0000000024b60000,0x0000000024c60000)]
  0x000000001cffb000 JavaThread "Output Stream Monitor" daemon [_thread_in_native, id=7032, stack(0x0000000024a60000,0x0000000024b60000)]
  0x000000001cff9000 JavaThread "TCF Locator DNS Lookup" daemon [_thread_blocked, id=11404, stack(0x0000000023a10000,0x0000000023b10000)]
  0x000000001cff8000 JavaThread "TCF Locator Timer" daemon [_thread_blocked, id=14804, stack(0x0000000023910000,0x0000000023a10000)]
  0x000000001cff6800 JavaThread "TCF Locator Receiver" daemon [_thread_in_native, id=1480, stack(0x0000000023810000,0x0000000023910000)]
  0x000000001cff5800 JavaThread "TCF Timer Dispatcher" daemon [_thread_blocked, id=16056, stack(0x0000000023610000,0x0000000023710000)]
  0x0000000016f8b800 JavaThread "EMF Reference Cleaner" daemon [_thread_blocked, id=7952, stack(0x0000000019370000,0x0000000019470000)]
  0x0000000015fe9000 JavaThread "Service Thread" daemon [_thread_blocked, id=11728, stack(0x0000000016920000,0x0000000016a20000)]
  0x0000000015f57800 JavaThread "C1 CompilerThread3" daemon [_thread_blocked, id=15164, stack(0x0000000016820000,0x0000000016920000)]
  0x0000000015f54800 JavaThread "C2 CompilerThread2" daemon [_thread_blocked, id=12616, stack(0x0000000016720000,0x0000000016820000)]
  0x0000000015f50800 JavaThread "C2 CompilerThread1" daemon [_thread_blocked, id=10472, stack(0x0000000016620000,0x0000000016720000)]
  0x0000000015f4e800 JavaThread "C2 CompilerThread0" daemon [_thread_blocked, id=15372, stack(0x0000000016520000,0x0000000016620000)]
  0x0000000015f5d000 JavaThread "Attach Listener" daemon [_thread_blocked, id=12400, stack(0x0000000016420000,0x0000000016520000)]
  0x0000000015f5c000 JavaThread "Signal Dispatcher" daemon [_thread_blocked, id=14512, stack(0x0000000016320000,0x0000000016420000)]
  0x000000000256a800 JavaThread "Finalizer" daemon [_thread_blocked, id=13660, stack(0x0000000015d20000,0x0000000015e20000)]
  0x0000000013e2d000 JavaThread "Reference Handler" daemon [_thread_blocked, id=9152, stack(0x0000000015c20000,0x0000000015d20000)]
  0x000000000266e800 JavaThread "main" [_thread_blocked, id=10092, stack(0x0000000000050000,0x0000000000150000)]

Other Threads:
=>0x0000000013e29000 VMThread [stack: 0x0000000015b20000,0x0000000015c20000] [id=13972]

VM state:at safepoint (shutting down)

VM Mutex/Monitor currently owned by a thread:  ([mutex/lock_event])
[0x000000000266d470] Threads_lock - owner thread: 0x0000000013e29000

Heap:
 PSYoungGen      total 96256K, used 35493K [0x00000000f5580000, 0x00000000fbf80000, 0x0000000100000000)
  eden space 84992K, 41% used [0x00000000f5580000,0x00000000f78297a0,0x00000000fa880000)
  from space 11264K, 0% used [0x00000000fb480000,0x00000000fb480000,0x00000000fbf80000)
  to   space 11776K, 0% used [0x00000000fa880000,0x00000000fa880000,0x00000000fb400000)
 ParOldGen       total 118784K, used 46461K [0x00000000e0000000, 0x00000000e7400000, 0x00000000f5580000)
  object space 118784K, 39% used [0x00000000e0000000,0x00000000e2d5f468,0x00000000e7400000)
 Metaspace       used 88427K, capacity 95808K, committed 96040K, reserved 1132544K
  class space    used 10248K, capacity 12519K, committed 12584K, reserved 1048576K

Card table byte_map: [0x0000000011a30000,0x0000000011b40000] byte_map_base: 0x0000000011330000

Marking Bits: (ParMarkBitMap*) 0x00000000596ca5b0
 Begin Bits: [0x0000000012340000, 0x0000000012b40000)
 End Bits:   [0x0000000012b40000, 0x0000000013340000)

Polling page: 0x0000000000570000

CodeCache: size=245760Kb used=48354Kb max_used=48584Kb free=197405Kb
 bounds [0x0000000002670000, 0x0000000005640000, 0x0000000011670000]
 total_blobs=13609 nmethods=12715 adapters=800
 compilation: enabled

Compilation events (10 events):
Event: 1373.141 Thread 0x0000000015f57800 nmethod 16025 0x00000000034ecd90 code [0x00000000034ecf00, 0x00000000034ed0e8]
Event: 1373.142 Thread 0x0000000015f57800 16026   !   3       org.eclipse.osgi.storage.bundlefile.MRUBundleFileList::remove (61 bytes)
Event: 1373.142 Thread 0x0000000015f57800 nmethod 16026 0x0000000003057410 code [0x00000000030575a0, 0x0000000003057ae8]
Event: 1373.143 Thread 0x0000000015f57800 16028   !   3       org.eclipse.osgi.storage.BundleInfo$Generation::close (34 bytes)
Event: 1373.143 Thread 0x0000000015f57800 nmethod 16028 0x0000000003c4ea50 code [0x0000000003c4ebc0, 0x0000000003c4efe8]
Event: 1373.144 Thread 0x0000000015f57800 16030       3       java.util.concurrent.atomic.AtomicLong::get (5 bytes)
Event: 1373.145 Thread 0x0000000015f57800 nmethod 16030 0x0000000002ae9ed0 code [0x0000000002aea020, 0x0000000002aea170]
Event: 1373.145 Thread 0x0000000015f57800 16029  s!   3       org.eclipse.osgi.storage.bundlefile.ZipBundleFile::close (64 bytes)
Event: 1373.146 Thread 0x0000000015f57800 nmethod 16029 0x0000000002f13050 code [0x0000000002f13220, 0x0000000002f13b98]
Event: 1373.147 Thread 0x0000000015f57800 16031       3       org.eclipse.osgi.container.Module::holdsTransitionEventLock (25 bytes)

GC Heap History (10 events):
Event: 1154.108 GC heap before
{Heap before GC invocations=46 (full 13):
 PSYoungGen      total 88064K, used 1536K [0x00000000f5580000, 0x00000000fc500000, 0x0000000100000000)
  eden space 86528K, 0% used [0x00000000f5580000,0x00000000f5580000,0x00000000faa00000)
  from space 1536K, 100% used [0x00000000faa00000,0x00000000fab80000,0x00000000fab80000)
  to   space 13824K, 0% used [0x00000000fb780000,0x00000000fb780000,0x00000000fc500000)
 ParOldGen       total 118784K, used 46377K [0x00000000e0000000, 0x00000000e7400000, 0x00000000f5580000)
  object space 118784K, 39% used [0x00000000e0000000,0x00000000e2d4a6a8,0x00000000e7400000)
 Metaspace       used 87411K, capacity 94736K, committed 95144K, reserved 1132544K
  class space    used 10163K, capacity 12357K, committed 12456K, reserved 1048576K
Event: 1154.270 GC heap after
Heap after GC invocations=46 (full 13):
 PSYoungGen      total 88064K, used 0K [0x00000000f5580000, 0x00000000fc500000, 0x0000000100000000)
  eden space 86528K, 0% used [0x00000000f5580000,0x00000000f5580000,0x00000000faa00000)
  from space 1536K, 0% used [0x00000000faa00000,0x00000000faa00000,0x00000000fab80000)
  to   space 13824K, 0% used [0x00000000fb780000,0x00000000fb780000,0x00000000fc500000)
 ParOldGen       total 118784K, used 46272K [0x00000000e0000000, 0x00000000e7400000, 0x00000000f5580000)
  object space 118784K, 38% used [0x00000000e0000000,0x00000000e2d301e8,0x00000000e7400000)
 Metaspace       used 87411K, capacity 94736K, committed 95144K, reserved 1132544K
  class space    used 10163K, capacity 12357K, committed 12456K, reserved 1048576K
}
Event: 1209.016 GC heap before
{Heap before GC invocations=47 (full 13):
 PSYoungGen      total 88064K, used 86528K [0x00000000f5580000, 0x00000000fc500000, 0x0000000100000000)
  eden space 86528K, 100% used [0x00000000f5580000,0x00000000faa00000,0x00000000faa00000)
  from space 1536K, 0% used [0x00000000faa00000,0x00000000faa00000,0x00000000fab80000)
  to   space 13824K, 0% used [0x00000000fb780000,0x00000000fb780000,0x00000000fc500000)
 ParOldGen       total 118784K, used 46272K [0x00000000e0000000, 0x00000000e7400000, 0x00000000f5580000)
  object space 118784K, 38% used [0x00000000e0000000,0x00000000e2d301e8,0x00000000e7400000)
 Metaspace       used 87548K, capacity 94876K, committed 95144K, reserved 1132544K
  class space    used 10165K, capacity 12359K, committed 12456K, reserved 1048576K
Event: 1209.020 GC heap after
Heap after GC invocations=47 (full 13):
 PSYoungGen      total 100352K, used 2483K [0x00000000f5580000, 0x00000000fc480000, 0x0000000100000000)
  eden space 87040K, 0% used [0x00000000f5580000,0x00000000f5580000,0x00000000faa80000)
  from space 13312K, 18% used [0x00000000fb780000,0x00000000fb9ece30,0x00000000fc480000)
  to   space 13312K, 0% used [0x00000000faa80000,0x00000000faa80000,0x00000000fb780000)
 ParOldGen       total 118784K, used 46280K [0x00000000e0000000, 0x00000000e7400000, 0x00000000f5580000)
  object space 118784K, 38% used [0x00000000e0000000,0x00000000e2d321e8,0x00000000e7400000)
 Metaspace       used 87548K, capacity 94876K, committed 95144K, reserved 1132544K
  class space    used 10165K, capacity 12359K, committed 12456K, reserved 1048576K
}
Event: 1351.646 GC heap before
{Heap before GC invocations=48 (full 13):
 PSYoungGen      total 100352K, used 89523K [0x00000000f5580000, 0x00000000fc480000, 0x0000000100000000)
  eden space 87040K, 100% used [0x00000000f5580000,0x00000000faa80000,0x00000000faa80000)
  from space 13312K, 18% used [0x00000000fb780000,0x00000000fb9ece30,0x00000000fc480000)
  to   space 13312K, 0% used [0x00000000faa80000,0x00000000faa80000,0x00000000fb780000)
 ParOldGen       total 118784K, used 46280K [0x00000000e0000000, 0x00000000e7400000, 0x00000000f5580000)
  object space 118784K, 38% used [0x00000000e0000000,0x00000000e2d321e8,0x00000000e7400000)
 Metaspace       used 87666K, capacity 95068K, committed 95400K, reserved 1132544K
  class space    used 10165K, capacity 12359K, committed 12456K, reserved 1048576K
Event: 1351.649 GC heap after
Heap after GC invocations=48 (full 13):
 PSYoungGen      total 86528K, used 1527K [0x00000000f5580000, 0x00000000fc080000, 0x0000000100000000)
  eden space 84992K, 0% used [0x00000000f5580000,0x00000000f5580000,0x00000000fa880000)
  from space 1536K, 99% used [0x00000000faa80000,0x00000000fabfdc70,0x00000000fac00000)
  to   space 12288K, 0% used [0x00000000fb480000,0x00000000fb480000,0x00000000fc080000)
 ParOldGen       total 118784K, used 46288K [0x00000000e0000000, 0x00000000e7400000, 0x00000000f5580000)
  object space 118784K, 38% used [0x00000000e0000000,0x00000000e2d341e8,0x00000000e7400000)
 Metaspace       used 87666K, capacity 95068K, committed 95400K, reserved 1132544K
  class space    used 10165K, capacity 12359K, committed 12456K, reserved 1048576K
}
Event: 1356.671 GC heap before
{Heap before GC invocations=49 (full 13):
 PSYoungGen      total 86528K, used 18545K [0x00000000f5580000, 0x00000000fc080000, 0x0000000100000000)
  eden space 84992K, 20% used [0x00000000f5580000,0x00000000f661e9d8,0x00000000fa880000)
  from space 1536K, 99% used [0x00000000faa80000,0x00000000fabfdc70,0x00000000fac00000)
  to   space 12288K, 0% used [0x00000000fb480000,0x00000000fb480000,0x00000000fc080000)
 ParOldGen       total 118784K, used 46288K [0x00000000e0000000, 0x00000000e7400000, 0x00000000f5580000)
  object space 118784K, 38% used [0x00000000e0000000,0x00000000e2d341e8,0x00000000e7400000)
 Metaspace       used 87680K, capacity 95132K, committed 95400K, reserved 1132544K
  class space    used 10165K, capacity 12359K, committed 12456K, reserved 1048576K
Event: 1356.674 GC heap after
Heap after GC invocations=49 (full 13):
 PSYoungGen      total 96256K, used 2355K [0x00000000f5580000, 0x00000000fbf80000, 0x0000000100000000)
  eden space 84992K, 0% used [0x00000000f5580000,0x00000000f5580000,0x00000000fa880000)
  from space 11264K, 20% used [0x00000000fb480000,0x00000000fb6cce30,0x00000000fbf80000)
  to   space 11776K, 0% used [0x00000000fa880000,0x00000000fa880000,0x00000000fb400000)
 ParOldGen       total 118784K, used 46296K [0x00000000e0000000, 0x00000000e7400000, 0x00000000f5580000)
  object space 118784K, 38% used [0x00000000e0000000,0x00000000e2d361e8,0x00000000e7400000)
 Metaspace       used 87680K, capacity 95132K, committed 95400K, reserved 1132544K
  class space    used 10165K, capacity 12359K, committed 12456K, reserved 1048576K
}
Event: 1356.674 GC heap before
{Heap before GC invocations=50 (full 14):
 PSYoungGen      total 96256K, used 2355K [0x00000000f5580000, 0x00000000fbf80000, 0x0000000100000000)
  eden space 84992K, 0% used [0x00000000f5580000,0x00000000f5580000,0x00000000fa880000)
  from space 11264K, 20% used [0x00000000fb480000,0x00000000fb6cce30,0x00000000fbf80000)
  to   space 11776K, 0% used [0x00000000fa880000,0x00000000fa880000,0x00000000fb400000)
 ParOldGen       total 118784K, used 46296K [0x00000000e0000000, 0x00000000e7400000, 0x00000000f5580000)
  object space 118784K, 38% used [0x00000000e0000000,0x00000000e2d361e8,0x00000000e7400000)
 Metaspace       used 87680K, capacity 95132K, committed 95400K, reserved 1132544K
  class space    used 10165K, capacity 12359K, committed 12456K, reserved 1048576K
Event: 1356.867 GC heap after
Heap after GC invocations=50 (full 14):
 PSYoungGen      total 96256K, used 0K [0x00000000f5580000, 0x00000000fbf80000, 0x0000000100000000)
  eden space 84992K, 0% used [0x00000000f5580000,0x00000000f5580000,0x00000000fa880000)
  from space 11264K, 0% used [0x00000000fb480000,0x00000000fb480000,0x00000000fbf80000)
  to   space 11776K, 0% used [0x00000000fa880000,0x00000000fa880000,0x00000000fb400000)
 ParOldGen       total 118784K, used 46461K [0x00000000e0000000, 0x00000000e7400000, 0x00000000f5580000)
  object space 118784K, 39% used [0x00000000e0000000,0x00000000e2d5f468,0x00000000e7400000)
 Metaspace       used 87680K, capacity 95132K, committed 95400K, reserved 1132544K
  class space    used 10165K, capacity 12359K, committed 12456K, reserved 1048576K
}

Deoptimization events (10 events):
Event: 1373.108 Thread 0x0000000016f8d000 Uncommon trap: reason=unstable_if action=reinterpret pc=0x0000000004589cfc method=org.eclipse.core.internal.jobs.JobManager.nextJob()Lorg/eclipse/core/runtime/jobs/Job; @ 80
Event: 1373.108 Thread 0x0000000016f8d000 Uncommon trap: reason=unstable_if action=reinterpret pc=0x0000000004dab554 method=org.eclipse.core.internal.jobs.WorkerPool.startJob(Lorg/eclipse/core/internal/jobs/Worker;)Lorg/eclipse/core/internal/jobs/InternalJob; @ 177
Event: 1373.110 Thread 0x0000000016f8e800 Uncommon trap: reason=unstable_if action=reinterpret pc=0x0000000004dab554 method=org.eclipse.core.internal.jobs.WorkerPool.startJob(Lorg/eclipse/core/internal/jobs/Worker;)Lorg/eclipse/core/internal/jobs/InternalJob; @ 177
Event: 1373.110 Thread 0x000000001cffa800 Uncommon trap: reason=unstable_if action=reinterpret pc=0x0000000004dab554 method=org.eclipse.core.internal.jobs.WorkerPool.startJob(Lorg/eclipse/core/internal/jobs/Worker;)Lorg/eclipse/core/internal/jobs/InternalJob; @ 177
Event: 1373.110 Thread 0x000000001cff2800 Uncommon trap: reason=unstable_if action=reinterpret pc=0x0000000004dab554 method=org.eclipse.core.internal.jobs.WorkerPool.startJob(Lorg/eclipse/core/internal/jobs/Worker;)Lorg/eclipse/core/internal/jobs/InternalJob; @ 177
Event: 1373.111 Thread 0x00000000172cc000 Uncommon trap: reason=unstable_if action=reinterpret pc=0x0000000004dab554 method=org.eclipse.core.internal.jobs.WorkerPool.startJob(Lorg/eclipse/core/internal/jobs/Worker;)Lorg/eclipse/core/internal/jobs/InternalJob; @ 177
Event: 1373.111 Thread 0x0000000016f8d800 Uncommon trap: reason=unstable_if action=reinterpret pc=0x0000000004dab554 method=org.eclipse.core.internal.jobs.WorkerPool.startJob(Lorg/eclipse/core/internal/jobs/Worker;)Lorg/eclipse/core/internal/jobs/InternalJob; @ 177
Event: 1373.111 Thread 0x000000001d001000 Uncommon trap: reason=unstable_if action=reinterpret pc=0x0000000004dab554 method=org.eclipse.core.internal.jobs.WorkerPool.startJob(Lorg/eclipse/core/internal/jobs/Worker;)Lorg/eclipse/core/internal/jobs/InternalJob; @ 177
Event: 1373.111 Thread 0x00000000172cb000 Uncommon trap: reason=unstable_if action=reinterpret pc=0x0000000004dab554 method=org.eclipse.core.internal.jobs.WorkerPool.startJob(Lorg/eclipse/core/internal/jobs/Worker;)Lorg/eclipse/core/internal/jobs/InternalJob; @ 177
Event: 1373.134 Thread 0x0000000016dba000 Uncommon trap: reason=unstable_if action=reinterpret pc=0x000000000346cf64 method=sun.reflect.UnsafeStaticObjectFieldAccessorImpl.set(Ljava/lang/Object;Ljava/lang/Object;)V @ 13

Internal exceptions (10 events):
Event: 1372.334 Thread 0x000000000266e800 Exception <a 'java/io/FileNotFoundException'> (0x00000000f6c7f448) thrown at [C:\re\workspace\8-2-build-windows-amd64-cygwin\jdk8u66\5298\hotspot\src\share\vm\prims\jni.cpp, line 709]
Event: 1372.334 Thread 0x000000000266e800 Exception <a 'java/io/FileNotFoundException'> (0x00000000f6c81888) thrown at [C:\re\workspace\8-2-build-windows-amd64-cygwin\jdk8u66\5298\hotspot\src\share\vm\prims\jni.cpp, line 709]
Event: 1372.334 Thread 0x000000000266e800 Exception <a 'java/io/FileNotFoundException'> (0x00000000f6c83e08) thrown at [C:\re\workspace\8-2-build-windows-amd64-cygwin\jdk8u66\5298\hotspot\src\share\vm\prims\jni.cpp, line 709]
Event: 1372.354 Thread 0x000000000266e800 Implicit null exception at 0x0000000002caaa3d to 0x0000000002cad591
Event: 1372.491 Thread 0x00000000172c5000 Exception <a 'java/lang/InterruptedException'> (0x00000000f7238ee0) thrown at [C:\re\workspace\8-2-build-windows-amd64-cygwin\jdk8u66\5298\hotspot\src\share\vm\runtime\objectMonitor.cpp, line 1683]
Event: 1373.107 Thread 0x0000000016f8f000 Exception <a 'java/lang/InterruptedException'> (0x00000000f6d4f550) thrown at [C:\re\workspace\8-2-build-windows-amd64-cygwin\jdk8u66\5298\hotspot\src\share\vm\runtime\objectMonitor.cpp, line 1683]
Event: 1373.134 Thread 0x0000000016dba000 Implicit null exception at 0x000000000346cb57 to 0x000000000346cf51
Event: 1373.134 Thread 0x00000000176b2800 Exception <a 'java/lang/InterruptedException'> (0x00000000f75cdff8) thrown at [C:\re\workspace\8-2-build-windows-amd64-cygwin\jdk8u66\5298\hotspot\src\share\vm\runtime\objectMonitor.cpp, line 1683]
Event: 1373.143 Thread 0x0000000016f91800 Exception <a 'java/lang/InterruptedException'> (0x00000000f7400938) thrown at [C:\re\workspace\8-2-build-windows-amd64-cygwin\jdk8u66\5298\hotspot\src\share\vm\runtime\objectMonitor.cpp, line 1683]
Event: 1373.144 Thread 0x0000000016f90800 Exception <a 'java/lang/InterruptedException'> (0x00000000f77bc080) thrown at [C:\re\workspace\8-2-build-windows-amd64-cygwin\jdk8u66\5298\hotspot\src\share\vm\runtime\objectMonitor.cpp, line 1683]

Events (10 events):
Event: 1373.145 Executing VM operation: RevokeBias done
Event: 1373.146 Thread 0x0000000016dba000 Thread exited: 0x0000000016dba000
Event: 1373.146 loading class java/util/IdentityHashMap$KeyIterator
Event: 1373.146 loading class java/util/IdentityHashMap$IdentityHashMapIterator
Event: 1373.146 loading class java/util/IdentityHashMap$IdentityHashMapIterator done
Event: 1373.146 loading class java/util/IdentityHashMap$KeyIterator done
Event: 1373.146 Thread 0x0000000016db7000 Thread added: 0x0000000016db7000
Event: 1373.146 Thread 0x0000000015f57800 flushing nmethod 0x000000000374d210
Event: 1373.147 Thread 0x0000000016db7000 Thread exited: 0x0000000016db7000
Event: 1373.147 Executing VM operation: Exit


Dynamic libraries:
0x0000000000400000 - 0x000000000044f000 	C:\Xilinx\SDK\2016.4\eclipse\win64.o\eclipse.exe
0x00007ff974380000 - 0x00007ff974551000 	C:\WINDOWS\SYSTEM32\ntdll.dll
0x00007ff973360000 - 0x00007ff97340c000 	C:\WINDOWS\System32\KERNEL32.DLL
0x00007ff9676b0000 - 0x00007ff967704000 	C:\Program Files (x86)\AVG\Av\avghooka.dll
0x00007ff970ef0000 - 0x00007ff97110d000 	C:\WINDOWS\System32\KERNELBASE.dll
0x00007ff96ed80000 - 0x00007ff96edfa000 	C:\WINDOWS\system32\apphelp.dll
0x00007ff973700000 - 0x00007ff973865000 	C:\WINDOWS\System32\USER32.dll
0x00007ff970c70000 - 0x00007ff970c8e000 	C:\WINDOWS\System32\win32u.dll
0x00007ff9738e0000 - 0x00007ff973914000 	C:\WINDOWS\System32\GDI32.dll
0x00007ff970870000 - 0x00007ff9709f2000 	C:\WINDOWS\System32\gdi32full.dll
0x00007ff9742d0000 - 0x00007ff97436e000 	C:\WINDOWS\System32\msvcrt.dll
0x00007ff963b10000 - 0x00007ff963d8a000 	C:\WINDOWS\WinSxS\amd64_microsoft.windows.common-controls_6595b64144ccf1df_6.0.14393.953_none_42151e83c686086b\COMCTL32.dll
0x00007ff973920000 - 0x00007ff973be8000 	C:\WINDOWS\System32\combase.dll
0x00007ff970d40000 - 0x00007ff970e35000 	C:\WINDOWS\System32\ucrtbase.dll
0x00007ff973130000 - 0x00007ff973251000 	C:\WINDOWS\System32\RPCRT4.dll
0x00007ff971160000 - 0x00007ff9711ca000 	C:\WINDOWS\System32\bcryptPrimitives.dll
0x00007ff973260000 - 0x00007ff97328e000 	C:\WINDOWS\System32\IMM32.DLL
0x0000000072000000 - 0x0000000072012000 	C:\Xilinx\SDK\2016.4\eclipse\win64.o\plugins\org.eclipse.equinox.launcher.win32.win32.x86_64_1.1.300.v20150602-1417\eclipse_1611.dll
0x00007ff973410000 - 0x00007ff9734b2000 	C:\WINDOWS\System32\ADVAPI32.dll
0x00007ff971910000 - 0x00007ff971969000 	C:\WINDOWS\System32\sechost.dll
0x00007ff962ad0000 - 0x00007ff962ada000 	C:\WINDOWS\SYSTEM32\VERSION.dll
0x00007ff96efc0000 - 0x00007ff96f055000 	C:\WINDOWS\system32\uxtheme.dll
0x00007ff974020000 - 0x00007ff97417a000 	C:\WINDOWS\System32\MSCTF.dll
0x00007ff973290000 - 0x00007ff97334f000 	C:\WINDOWS\System32\OLEAUT32.dll
0x00007ff970bd0000 - 0x00007ff970c6c000 	C:\WINDOWS\System32\msvcp_win.dll
0x0000000058ec0000 - 0x0000000059749000 	C:\Xilinx\SDK\2016.4\tps\win64\jre\bin\server\jvm.dll
0x00007ff973350000 - 0x00007ff973358000 	C:\WINDOWS\System32\PSAPI.DLL
0x00007ff96c260000 - 0x00007ff96c269000 	C:\WINDOWS\SYSTEM32\WSOCK32.dll
0x00007ff973870000 - 0x00007ff9738da000 	C:\WINDOWS\System32\WS2_32.dll
0x00007ff96eac0000 - 0x00007ff96eae3000 	C:\WINDOWS\SYSTEM32\WINMM.dll
0x000000005afc0000 - 0x000000005b092000 	C:\WINDOWS\SYSTEM32\MSVCR100.dll
0x00007ff96e920000 - 0x00007ff96e94b000 	C:\WINDOWS\SYSTEM32\WINMMBASE.dll
0x00007ff971110000 - 0x00007ff971152000 	C:\WINDOWS\System32\cfgmgr32.dll
0x0000000059a20000 - 0x0000000059a2f000 	C:\Xilinx\SDK\2016.4\tps\win64\jre\bin\verify.dll
0x00000000599f0000 - 0x0000000059a19000 	C:\Xilinx\SDK\2016.4\tps\win64\jre\bin\java.dll
0x00000000599d0000 - 0x00000000599e6000 	C:\Xilinx\SDK\2016.4\tps\win64\jre\bin\zip.dll
0x00007ff971c20000 - 0x00007ff973128000 	C:\WINDOWS\System32\SHELL32.dll
0x00007ff971230000 - 0x00007ff97190a000 	C:\WINDOWS\System32\windows.storage.dll
0x00007ff970820000 - 0x00007ff97086c000 	C:\WINDOWS\System32\powrprof.dll
0x00007ff9741f0000 - 0x00007ff974242000 	C:\WINDOWS\System32\shlwapi.dll
0x00007ff970810000 - 0x00007ff97081f000 	C:\WINDOWS\System32\kernel.appcore.dll
0x00007ff970c90000 - 0x00007ff970d39000 	C:\WINDOWS\System32\shcore.dll
0x00007ff9707f0000 - 0x00007ff970804000 	C:\WINDOWS\System32\profapi.dll
0x00007ff970260000 - 0x00007ff970277000 	C:\WINDOWS\SYSTEM32\CRYPTSP.dll
0x00007ff96fcb0000 - 0x00007ff96fce3000 	C:\WINDOWS\system32\rsaenh.dll
0x00007ff970720000 - 0x00007ff97074b000 	C:\WINDOWS\SYSTEM32\bcrypt.dll
0x00007ff96ff30000 - 0x00007ff96ff4f000 	C:\WINDOWS\SYSTEM32\USERENV.dll
0x00007ff970250000 - 0x00007ff97025b000 	C:\WINDOWS\SYSTEM32\CRYPTBASE.dll
0x00000000599b0000 - 0x00000000599ca000 	C:\Xilinx\SDK\2016.4\tps\win64\jre\bin\net.dll
0x00007ff9700b0000 - 0x00007ff97010c000 	C:\WINDOWS\system32\mswsock.dll
0x00007ff96fe30000 - 0x00007ff96fe68000 	C:\WINDOWS\SYSTEM32\IPHLPAPI.DLL
0x00007ff974370000 - 0x00007ff974378000 	C:\WINDOWS\System32\NSI.dll
0x00007ff96cc10000 - 0x00007ff96cc26000 	C:\WINDOWS\SYSTEM32\dhcpcsvc6.DLL
0x00007ff96cb40000 - 0x00007ff96cb5a000 	C:\WINDOWS\SYSTEM32\dhcpcsvc.DLL
0x0000000059990000 - 0x00000000599a1000 	C:\Xilinx\SDK\2016.4\tps\win64\jre\bin\nio.dll
0x00007ff95e4a0000 - 0x00007ff95e4b6000 	C:\WINDOWS\system32\napinsp.dll
0x00007ff95e470000 - 0x00007ff95e48a000 	C:\WINDOWS\system32\pnrpnsp.dll
0x00007ff96be20000 - 0x00007ff96be38000 	C:\WINDOWS\system32\NLAapi.dll
0x00007ff96fe70000 - 0x00007ff96ff11000 	C:\WINDOWS\SYSTEM32\DNSAPI.dll
0x00007ff962ee0000 - 0x00007ff962eee000 	C:\WINDOWS\System32\winrnr.dll
0x000000005b0d0000 - 0x000000005b0f6000 	C:\Program Files\Bonjour\mdnsNSP.dll
0x00007ff96b090000 - 0x00007ff96b09a000 	C:\Windows\System32\rasadhlp.dll
0x00007ff96b450000 - 0x00007ff96b4ba000 	C:\WINDOWS\System32\fwpuclnt.dll
0x0000000018540000 - 0x00000000185e8000 	C:\Users\Utilizador\.Xilinx\SDK\2016.4\org.eclipse.osgi\319\0\.cp\swt-win32-4527.dll
0x00007ff971a70000 - 0x00007ff971ba8000 	C:\WINDOWS\System32\ole32.dll
0x00007ff971970000 - 0x00007ff971a6a000 	C:\WINDOWS\System32\comdlg32.dll
0x00007ff970a00000 - 0x00007ff970bc9000 	C:\WINDOWS\System32\CRYPT32.dll
0x00007ff9707e0000 - 0x00007ff9707f0000 	C:\WINDOWS\System32\MSASN1.dll
0x00007ff96bc30000 - 0x00007ff96bcb6000 	C:\WINDOWS\SYSTEM32\WINSPOOL.DRV
0x00007ff9653b0000 - 0x00007ff9653c9000 	C:\WINDOWS\SYSTEM32\USP10.dll
0x00007ff96ce90000 - 0x00007ff96d15a000 	C:\WINDOWS\SYSTEM32\WININET.dll
0x00007ff96dd30000 - 0x00007ff96dd56000 	C:\WINDOWS\system32\dwmapi.dll
0x00007ff96daa0000 - 0x00007ff96dc25000 	C:\WINDOWS\SYSTEM32\propsys.dll
0x00007ff973660000 - 0x00007ff9736ff000 	C:\WINDOWS\System32\clbcatq.dll
0x0000000002630000 - 0x000000000264e000 	C:\Users\Utilizador\.Xilinx\SDK\2016.4\org.eclipse.osgi\319\0\.cp\swt-gdip-win32-4527.dll
0x00007ff965510000 - 0x00007ff9656aa000 	C:\WINDOWS\WinSxS\amd64_microsoft.windows.gdiplus_6595b64144ccf1df_1.1.14393.953_none_7300116921188239\gdiplus.dll
0x00007ff96c910000 - 0x00007ff96cab8000 	C:\WINDOWS\SYSTEM32\WindowsCodecs.dll
0x0000000180000000 - 0x0000000180012000 	C:\Users\Utilizador\.Xilinx\SDK\2016.4\org.eclipse.osgi\133\0\.cp\os\win32\x86_64\localfile_1_0_0.dll
0x00007ff95f420000 - 0x00007ff95f485000 	C:\WINDOWS\SYSTEM32\oleacc.dll
0x00007ff96a9c0000 - 0x00007ff96a9c7000 	C:\WINDOWS\SYSTEM32\msimg32.dll
0x00007ff95fe40000 - 0x00007ff95fe51000 	C:\Users\Utilizador\.Xilinx\SDK\2016.4\org.eclipse.osgi\136\0\.cp\jWinHttp-1.0.0.dll
0x00007ff96dc60000 - 0x00007ff96dd2d000 	C:\WINDOWS\SYSTEM32\WINHTTP.dll
0x00007ff96c760000 - 0x00007ff96c76f000 	C:\Xilinx\SDK\2016.4\lib\win64.o\librdi_repo_manager.dll
0x00007ff95f3f0000 - 0x00007ff95f41a000 	C:\Xilinx\SDK\2016.4\lib\win64.o\libisl_sysinfo.dll
0x00007ff943cd0000 - 0x00007ff94477a000 	C:\Xilinx\SDK\2016.4\lib\win64.o\librdi_common.dll
0x00007ff955e10000 - 0x00007ff955e63000 	C:\Xilinx\SDK\2016.4\lib\win64.o\librdi_commonxillic.dll
0x00007ff94d820000 - 0x00007ff94da18000 	C:\Xilinx\SDK\2016.4\lib\win64.o\librdi_hsm.dll
0x00007ff964c00000 - 0x00007ff964ca7000 	C:\WINDOWS\SYSTEM32\MSVCP110.dll
0x00007ff964cb0000 - 0x00007ff964d84000 	C:\WINDOWS\SYSTEM32\MSVCR110.dll
0x00007ff94b2f0000 - 0x00007ff94b65e000 	C:\Xilinx\SDK\2016.4\lib\win64.o\libCOIN-all.dll
0x00007ff94b0d0000 - 0x00007ff94b2ef000 	C:\Xilinx\SDK\2016.4\lib\win64.o\libXil_lmgr11.dll
0x00007ff9711d0000 - 0x00007ff971225000 	C:\WINDOWS\System32\WINTRUST.dll
0x00007ff96c360000 - 0x00007ff96c370000 	C:\Xilinx\SDK\2016.4\lib\win64.o\libboost_date_time.dll
0x00007ff954ed0000 - 0x00007ff954ef4000 	C:\Xilinx\SDK\2016.4\lib\win64.o\libboost_filesystem.dll
0x00007ff954e50000 - 0x00007ff954ec7000 	C:\Xilinx\SDK\2016.4\lib\win64.o\libboost_program_options.dll
0x00007ff951b90000 - 0x00007ff951c96000 	C:\Xilinx\SDK\2016.4\lib\win64.o\libboost_regex.dll
0x00007ff9574a0000 - 0x00007ff9574b3000 	C:\Xilinx\SDK\2016.4\lib\win64.o\libboost_signals.dll
0x00007ff969a80000 - 0x00007ff969a89000 	C:\Xilinx\SDK\2016.4\lib\win64.o\libboost_system.dll
0x00007ff956f80000 - 0x00007ff956f9d000 	C:\Xilinx\SDK\2016.4\lib\win64.o\libboost_thread.dll
0x00007ff969760000 - 0x00007ff96976b000 	C:\Xilinx\SDK\2016.4\lib\win64.o\libboost_xilinx.dll
0x00007ff954d30000 - 0x00007ff954db0000 	C:\Xilinx\SDK\2016.4\lib\win64.o\libhdlpsolve.dll
0x00007ff951af0000 - 0x00007ff951b8a000 	C:\Xilinx\SDK\2016.4\lib\win64.o\libhdxml.dll
0x00007ff94a430000 - 0x00007ff94a7f9000 	C:\Xilinx\SDK\2016.4\lib\win64.o\libisl_iostreams.dll
0x00007ff956200000 - 0x00007ff956215000 	C:\Xilinx\SDK\2016.4\lib\win64.o\pthreadVC2.dll
0x00007ff9498e0000 - 0x00007ff949a10000 	C:\Xilinx\SDK\2016.4\lib\win64.o\librdi_curl.dll
0x00007ff955ef0000 - 0x00007ff955f08000 	C:\Xilinx\SDK\2016.4\lib\win64.o\librdiconfig.dll
0x00007ff955df0000 - 0x00007ff955e0f000 	C:\Xilinx\SDK\2016.4\lib\win64.o\librdizlib.dll
0x0000000058500000 - 0x0000000058627000 	C:\Xilinx\SDK\2016.4\lib\win64.o\tcl85t.dll
0x00000000247f0000 - 0x0000000024a53000 	C:\Xilinx\SDK\2016.4\lib\win64.o\xerces-c_3_1.dll
0x00007ff963320000 - 0x00007ff9634e3000 	C:\WINDOWS\SYSTEM32\urlmon.dll
0x00007ff95cb10000 - 0x00007ff95cb33000 	C:\WINDOWS\SYSTEM32\VCOMP110.DLL
0x00007ff954090000 - 0x00007ff9540d3000 	C:\Xilinx\SDK\2016.4\lib\win64.o\librdi_hdf.dll
0x00007ff90e730000 - 0x00007ff90e9f8000 	C:\Xilinx\SDK\2016.4\lib\win64.o\librdi_ippcw.dll
0x00007ff96a770000 - 0x00007ff96a788000 	C:\WINDOWS\SYSTEM32\NETAPI32.dll
0x00007ff9696f0000 - 0x00007ff9696fb000 	C:\Xilinx\SDK\2016.4\lib\win64.o\libboost_chrono.dll
0x00007ff955520000 - 0x00007ff955536000 	C:\Xilinx\SDK\2016.4\lib\win64.o\libboost_iostreams.dll
0x00007ff954060000 - 0x00007ff954083000 	C:\Xilinx\SDK\2016.4\lib\win64.o\libisl_iosutils.dll
0x00007ff96ab70000 - 0x00007ff96ae15000 	C:\WINDOWS\SYSTEM32\iertutil.dll
0x00007ff962a20000 - 0x00007ff962a62000 	C:\WINDOWS\SYSTEM32\edputil.dll
0x00007ff954fb0000 - 0x00007ff954fc6000 	C:\Xilinx\SDK\2016.4\eclipse\win64.o\plugins\org.eclipse.cdt.core.win32.x86_64_5.4.0.201509131935\os\win32\x86_64\spawner.dll
0x00007ff966f80000 - 0x00007ff966f8a000 	C:\Xilinx\SDK\2016.4\lib\win64.o\librdi_jtag_settings.dll
0x00007ff953700000 - 0x00007ff953729000 	C:\Xilinx\SDK\2016.4\lib\win64.o\librdi_debug_dialog.dll
0x00007ff966de0000 - 0x00007ff966de8000 	C:\Xilinx\SDK\2016.4\lib\win64.o\librdi_target_manager.dll
0x00007ff90c200000 - 0x00007ff90ca10000 	C:\Xilinx\SDK\2016.4\lib\win64.o\libXil_lmgr11FNP.dll
0x00007ff973bf0000 - 0x00007ff974019000 	C:\WINDOWS\System32\SETUPAPI.dll
0x00007ff961440000 - 0x00007ff96144c000 	C:\WINDOWS\SYSTEM32\snmpapi.dll
0x00007ff970450000 - 0x00007ff97047c000 	C:\WINDOWS\SYSTEM32\SspiCli.dll
0x000000001c610000 - 0x000000001c613000 	C:\WINDOWS\SYSTEM32\icmp.Dll

VM Arguments:
jvm_args: -Dcom.xilinx.sdk.args.hwspec=C:/Users/Utilizador/Desktop/Universidade/4_ano/2_semestre/CR/Projeto/ProjetoFinal/MP_ToDisplays/MP_ToDisplays.sdk/DebUART_wrapper.hdf -Xms64m -Xmx512m & 
java_command: <unknown>
java_class_path (initial): C:\Xilinx\SDK\2016.4\eclipse\win64.o\\plugins/org.eclipse.equinox.launcher_1.3.100.v20150511-1540.jar
Launcher Type: generic

Environment Variables:
JAVA_HOME=C:\Program Files\Java\jdk1.8.0_101
PATH=C:/Xilinx/SDK/2016.4/tps/win64/jre/bin/server;C:/Xilinx/SDK/2016.4/tps/win64/jre/bin;C:/Xilinx/SDK/2016.4/tps/win64/jre/lib/amd64;C:\Xilinx\SDK\2016.4\gnuwin\bin;C:\Xilinx\SDK\2016.4\gnu\microblaze\nt\bin;C:\Xilinx\SDK\2016.4\gnu\microblaze\linux_toolchain\nt64_le\bin;C:\Xilinx\SDK\2016.4\gnu\microblaze\linux_toolchain\nt64_be\bin;C:\Xilinx\SDK\2016.4\gnu\arm\nt\bin;C:\Xilinx\SDK\2016.4\gnu\aarch64\nt\aarch64-none\bin;C:\Xilinx\SDK\2016.4\gnu\aarch64\nt\aarch64-linux\bin;C:\Xilinx\SDK\2016.4\gnu\armr5\nt\gcc-arm-none-eabi\bin;C:\Xilinx\SDK\2016.4\gnu\aarch32\nt\gcc-arm-none-eabi\bin;C:\Xilinx\SDK\2016.4\gnu\aarch32\nt\gcc-arm-linux-gnueabi\bin;C:\Xilinx\SDK\2016.4\tps\win64\cmake-3.3.2\bin;;C:\Xilinx\SDK\2016.4\bin;C:\Xilinx\SDK\2016.4\lib\win64.o;C:\Xilinx\SDK\2016.4\tps\win64\jre\bin\server;C:\Xilinx\SDK\2016.4\tps\win64\jre\bin;C:\Xilinx\Vivado\2016.4\ids_lite\ISE\bin\nt64;C:\Xilinx\Vivado\2016.4\ids_lite\ISE\lib\nt64;C:\Xilinx\Vivado\2016.4\bin;C:\Xilinx\Vivado\2016.4\lib\win64.o;C:\Xilinx\Vivado\2016.4\tps\win64\jre\bin\server;C:\Xilinx\Vivado\2016.4\tps\win64\jre\bin;C:\Xilinx\Vivado_HLS\2016.4\bin;C:\WINDOWS\system32\Npcap;C:\Program Files\MATLAB\MATLAB Production Server\R2015a\runtime\win64;C:\Program Files\MATLAB\MATLAB Production Server\R2015a\bin;C:\Program Files\MATLAB\MATLAB Production Server\R2015a\polyspace\bin;C:\Program Files\PuTTY\;c:\Program Files\Intel\WiFi\bin\;c:\Program Files\Common Files\Intel\WirelessCommon\;C:\Users\Utilizador\AppData\Roaming\npm;C:\Users\Utilizador\AppData\Local\Microsoft\WindowsApps;C:\Python27;C:\Program Files\Java\jdk1.8.0_101\bin;C:\Program Files\NetBeans 8.2\java\maven\bin;C:\Users\Utilizador\Desktop\Universidade\4_ano\2_semestre\CR\Projeto\ProjetoFinal\MP_ToDisplays;
USERNAME=Utilizador
OS=Windows_NT
PROCESSOR_IDENTIFIER=Intel64 Family 6 Model 60 Stepping 3, GenuineIntel



---------------  S Y S T E M  ---------------

OS: Windows 10.0 , 64 bit Build 14393 (10.0.14393.1198)

CPU:total 8 (4 cores per cpu, 2 threads per core) family 6 model 60 stepping 3, cmov, cx8, fxsr, mmx, sse, sse2, sse3, ssse3, sse4.1, sse4.2, popcnt, avx, avx2, aes, clmul, erms, lzcnt, ht, tsc, tscinvbit, bmi1, bmi2

Memory: 4k page, physical 8319000k(2729496k free), swap 12976516k(5030448k free)

vm_info: Java HotSpot(TM) 64-Bit Server VM (25.66-b18) for windows-amd64 JRE (1.8.0_66-b18), built on Nov  9 2015 10:51:13 by "java_re" with MS VC++ 10.0 (VS2010)

time: Sat May 27 00:53:00 2017
elapsed time: 1373 seconds (0d 0h 22m 53s)

