#
# A fatal error has been detected by the Java Runtime Environment:
#
#  Internal Error (0xc000000d), pid=18280, tid=16864
#
# JRE version: Java(TM) SE Runtime Environment (8.0_66-b18) (build 1.8.0_66-b18)
# Java VM: Java HotSpot(TM) 64-Bit Server VM (25.66-b18 mixed mode windows-amd64 compressed oops)
# Problematic frame:
# C  [ntdll.dll+0xff44c]
#
# Failed to write core dump. Minidumps are not enabled by default on client versions of Windows
#
# If you would like to submit a bug report, please visit:
#   http://bugreport.java.com/bugreport/crash.jsp
#

---------------  T H R E A D  ---------------

Current thread (0x0000000013cc9800):  VMThread [stack: 0x0000000015990000,0x0000000015a90000] [id=16864]

siginfo: ExceptionCode=0xc000000d

Registers:
RAX=0x0000000000000000, RBX=0xfffffffffffffffe, RCX=0x0000000000000000, RDX=0x0000000000000000
RSP=0x0000000015a8f470, RBP=0x00007ff964cb7408, RSI=0x0000000000000000, RDI=0x0000000000000e24
R8 =0x0000000000000000, R9 =0x0000000000020000, R10=0x0000000015a8ef50, R11=0x0000000015a8ef50
R12=0x00000000006d4b70, R13=0x000000001fec8380, R14=0x00000000006d4c78, R15=0x0000000015a8f5e8
RIP=0x00007ff97447f44c, EFLAGS=0x0000000000000206

Top of Stack: (sp=0x0000000015a8f470)
0x0000000015a8f470:   0000000000000057 fffffffffffffffe
0x0000000015a8f480:   0000000000000000 0000000000000e24
0x0000000015a8f490:   00000000c000000d 0000000000000000
0x0000000015a8f4a0:   00007ff97447f44c 0000000000000000
0x0000000015a8f4b0:   0000000000000000 0000000000000000
0x0000000015a8f4c0:   0000000000000000 0000000000000000
0x0000000015a8f4d0:   0000000000000000 0000000000000000
0x0000000015a8f4e0:   0000000000000000 0000000000000000
0x0000000015a8f4f0:   0000000000000000 0000000000000000
0x0000000015a8f500:   0000000000000000 0000000000000000
0x0000000015a8f510:   0000000000000000 0000000000000000
0x0000000015a8f520:   0000000000000000 0000000000000000
0x0000000015a8f530:   0000dee1fb4ddce8 0000000000000000
0x0000000015a8f540:   0000000900000020 00007ff97444150d
0x0000000015a8f550:   0000000900000000 0000000000000000
0x0000000015a8f560:   004e005200450001 00007ff9676b2635 

Instructions: (pc=0x00007ff97447f44c)
0x00007ff97447f42c:   d5 fa ff c7 44 24 20 0d 00 00 c0 b9 57 00 00 00
0x00007ff97447f43c:   e8 7f 13 f6 ff 90 48 8d 4c 24 20 e8 04 bf f4 ff
0x00007ff97447f44c:   eb 00 48 8b 8c 24 c0 00 00 00 48 33 cc e8 82 74
0x00007ff97447f45c:   f9 ff 48 81 c4 d8 00 00 00 c3 40 55 48 83 ec 20 


Register to memory mapping:

RAX=0x0000000000000000 is an unknown value
RBX=0xfffffffffffffffe is an unknown value
RCX=0x0000000000000000 is an unknown value
RDX=0x0000000000000000 is an unknown value
RSP=0x0000000015a8f470 is an unknown value
RBP=0x00007ff964cb7408 is an unknown value
RSI=0x0000000000000000 is an unknown value
RDI=0x0000000000000e24 is an unknown value
R8 =0x0000000000000000 is an unknown value
R9 =0x0000000000020000 is an unknown value
R10=0x0000000015a8ef50 is an unknown value
R11=0x0000000015a8ef50 is an unknown value
R12=0x00000000006d4b70 is an unknown value
R13=0x000000001fec8380 is an unknown value
R14=0x00000000006d4c78 is an unknown value
R15=0x0000000015a8f5e8 is an unknown value


Stack: [0x0000000015990000,0x0000000015a90000],  sp=0x0000000015a8f470,  free space=1021k
Native frames: (J=compiled Java code, j=interpreted, Vv=VM code, C=native code)
C  [ntdll.dll+0xff44c]
C  [ntdll.dll+0xc150d]
C  [KERNEL32.DLL+0x1fafa]
C  [MSVCR110.dll+0x752d]
C  [MSVCR110.dll+0x73c6]
C  [MSVCR110.dll+0x14cca]
C  [MSVCR110.dll+0x13edc]
C  [MSVCR110.dll+0x239e]
C  [MSVCR110.dll+0xaf9e]
C  [MSVCP110.dll+0x397b9]
C  [librdi_common.dll+0x183a66]
C  [librdi_common.dll+0x1826fb]
C  [librdi_target_manager.dll+0x2400]
C  [librdi_target_manager.dll+0x2682]
C  [ntdll.dll+0x2a35f]
C  [ntdll.dll+0x806b]
C  [ntdll.dll+0x7d94]
C  [KERNEL32.DLL+0x1ce6a]
C  [MSVCR100.dll+0x20ccd]
V  [jvm.dll+0x210cc5]
V  [jvm.dll+0x249897]
V  [jvm.dll+0x248b36]
V  [jvm.dll+0x248fd1]
V  [jvm.dll+0x2491ee]
V  [jvm.dll+0x29a0fa]
C  [MSVCR100.dll+0x21d9f]
C  [MSVCR100.dll+0x21e3b]
C  [KERNEL32.DLL+0x8364]
C  [ntdll.dll+0x670d1]

VM_Operation (0x000000000014f4c0): Exit, mode: safepoint, requested by thread 0x00000000005be800


---------------  P R O C E S S  ---------------

Java Threads: ( => current thread )
  0x00000000209c6800 JavaThread "pool-2-thread-1" [_thread_blocked, id=10372, stack(0x000000002e420000,0x000000002e520000)]
  0x000000002281c000 JavaThread "Thread-37" daemon [_thread_blocked, id=9096, stack(0x000000002a620000,0x000000002a720000)]
  0x0000000022811800 JavaThread "TCF Channel Transmitter" daemon [_thread_blocked, id=9288, stack(0x0000000028b20000,0x0000000028c20000)]
  0x0000000022818800 JavaThread "TCF Channel Receiver" daemon [_thread_in_native, id=6248, stack(0x0000000028a20000,0x0000000028b20000)]
  0x0000000022817000 JavaThread "Process monitor" daemon [_thread_in_native, id=8332, stack(0x00000000273d0000,0x00000000274d0000)]
  0x0000000022816000 JavaThread "Input Stream Monitor" daemon [_thread_blocked, id=9012, stack(0x00000000272d0000,0x00000000273d0000)]
  0x000000002280e800 JavaThread "Output Stream Monitor" daemon [_thread_in_native, id=11764, stack(0x00000000271d0000,0x00000000272d0000)]
  0x0000000022815800 JavaThread "Output Stream Monitor" daemon [_thread_in_native, id=13620, stack(0x00000000270d0000,0x00000000271d0000)]
  0x000000002280f800 JavaThread "TCF Locator DNS Lookup" daemon [_thread_blocked, id=13848, stack(0x0000000025030000,0x0000000025130000)]
  0x0000000022814800 JavaThread "TCF Locator Timer" daemon [_thread_blocked, id=4384, stack(0x0000000024f30000,0x0000000025030000)]
  0x0000000022814000 JavaThread "TCF Locator Receiver" daemon [_thread_in_native, id=6536, stack(0x0000000024e30000,0x0000000024f30000)]
  0x00000000174a5800 JavaThread "TCF Timer Dispatcher" daemon [_thread_blocked, id=16712, stack(0x0000000024c30000,0x0000000024d30000)]
  0x0000000017933800 JavaThread "EMF Reference Cleaner" daemon [_thread_blocked, id=6708, stack(0x0000000019110000,0x0000000019210000)]
  0x0000000015e5c800 JavaThread "Service Thread" daemon [_thread_blocked, id=11616, stack(0x0000000016790000,0x0000000016890000)]
  0x0000000013cdd000 JavaThread "C1 CompilerThread3" daemon [_thread_blocked, id=8564, stack(0x0000000016690000,0x0000000016790000)]
  0x0000000015dc5000 JavaThread "C2 CompilerThread2" daemon [_thread_blocked, id=7284, stack(0x0000000016590000,0x0000000016690000)]
  0x0000000015dc0000 JavaThread "C2 CompilerThread1" daemon [_thread_blocked, id=8452, stack(0x0000000016490000,0x0000000016590000)]
  0x0000000015dbe800 JavaThread "C2 CompilerThread0" daemon [_thread_blocked, id=548, stack(0x0000000016390000,0x0000000016490000)]
  0x0000000015dcd000 JavaThread "Attach Listener" daemon [_thread_blocked, id=8988, stack(0x0000000016290000,0x0000000016390000)]
  0x000000000245a800 JavaThread "Finalizer" daemon [_thread_blocked, id=16628, stack(0x0000000015b90000,0x0000000015c90000)]
  0x0000000013ccd800 JavaThread "Reference Handler" daemon [_thread_blocked, id=13404, stack(0x0000000015a90000,0x0000000015b90000)]
  0x00000000005be800 JavaThread "main" [_thread_blocked, id=13100, stack(0x0000000000050000,0x0000000000150000)]

Other Threads:
=>0x0000000013cc9800 VMThread [stack: 0x0000000015990000,0x0000000015a90000] [id=16864]

VM state:at safepoint (shutting down)

VM Mutex/Monitor currently owned by a thread:  ([mutex/lock_event])
[0x00000000005bde60] Threads_lock - owner thread: 0x0000000013cc9800

Heap:
 PSYoungGen      total 110592K, used 35605K [0x00000000f5580000, 0x00000000fde00000, 0x0000000100000000)
  eden space 81408K, 43% used [0x00000000f5580000,0x00000000f7845718,0x00000000fa500000)
  from space 29184K, 0% used [0x00000000fc180000,0x00000000fc180000,0x00000000fde00000)
  to   space 29184K, 0% used [0x00000000fa500000,0x00000000fa500000,0x00000000fc180000)
 ParOldGen       total 118784K, used 57500K [0x00000000e0000000, 0x00000000e7400000, 0x00000000f5580000)
  object space 118784K, 48% used [0x00000000e0000000,0x00000000e3827260,0x00000000e7400000)
 Metaspace       used 84033K, capacity 91308K, committed 91560K, reserved 1128448K
  class space    used 10092K, capacity 12337K, committed 12456K, reserved 1048576K

Card table byte_map: [0x0000000011820000,0x0000000011930000] byte_map_base: 0x0000000011120000

Marking Bits: (ParMarkBitMap*) 0x0000000058dfa5b0
 Begin Bits: [0x00000000121e0000, 0x00000000129e0000)
 End Bits:   [0x00000000129e0000, 0x00000000131e0000)

Polling page: 0x00000000005c0000

CodeCache: size=245760Kb used=31296Kb max_used=31705Kb free=214463Kb
 bounds [0x0000000002460000, 0x00000000043a0000, 0x0000000011460000]
 total_blobs=9544 nmethods=8659 adapters=794
 compilation: enabled

Compilation events (10 events):
Event: 262.639 Thread 0x0000000013cdd000 nmethod 10559 0x0000000002be1010 code [0x0000000002be1200, 0x0000000002be1cf8]
Event: 262.640 Thread 0x0000000013cdd000 10560       3       java.util.TimSort::gallopLeft (335 bytes)
Event: 262.640 Thread 0x0000000013cdd000 nmethod 10560 0x0000000002718a90 code [0x0000000002718c80, 0x0000000002719758]
Event: 262.641 Thread 0x0000000015dc5000 10564       4       org.eclipse.osgi.container.ModuleDatabase::readUnlock (11 bytes)
Event: 262.641 Thread 0x0000000013cdd000 10562  s!   3       org.eclipse.osgi.storage.bundlefile.ZipBundleFile::close (64 bytes)
Event: 262.642 Thread 0x0000000013cdd000 nmethod 10562 0x0000000002ccaa90 code [0x0000000002ccac60, 0x0000000002ccb5f8]
Event: 262.643 Thread 0x0000000013cdd000 10565       3       org.eclipse.osgi.container.Module::holdsTransitionEventLock (25 bytes)
Event: 262.644 Thread 0x0000000013cdd000 nmethod 10565 0x00000000030b94d0 code [0x00000000030b9660, 0x00000000030b9d88]
Event: 262.645 Thread 0x0000000013cdd000 10566       3       org.eclipse.osgi.container.ModuleWiring::unload (6 bytes)
Event: 262.645 Thread 0x0000000013cdd000 nmethod 10566 0x0000000002bad910 code [0x0000000002bada80, 0x0000000002badc08]

GC Heap History (10 events):
Event: 63.324 GC heap before
{Heap before GC invocations=17 (full 3):
 PSYoungGen      total 96768K, used 52742K [0x00000000f5580000, 0x00000000fd700000, 0x0000000100000000)
  eden space 70656K, 46% used [0x00000000f5580000,0x00000000f753f148,0x00000000f9a80000)
  from space 26112K, 77% used [0x00000000f9a80000,0x00000000fae42830,0x00000000fb400000)
  to   space 27648K, 0% used [0x00000000fbc00000,0x00000000fbc00000,0x00000000fd700000)
 ParOldGen       total 118784K, used 43282K [0x00000000e0000000, 0x00000000e7400000, 0x00000000f5580000)
  object space 118784K, 36% used [0x00000000e0000000,0x00000000e2a448a0,0x00000000e7400000)
 Metaspace       used 79860K, capacity 86862K, committed 87080K, reserved 1124352K
  class space    used 9662K, capacity 11732K, committed 11816K, reserved 1048576K
Event: 63.335 GC heap after
Heap after GC invocations=17 (full 3):
 PSYoungGen      total 103424K, used 20698K [0x00000000f5580000, 0x00000000fda00000, 0x0000000100000000)
  eden space 75776K, 0% used [0x00000000f5580000,0x00000000f5580000,0x00000000f9f80000)
  from space 27648K, 74% used [0x00000000fbc00000,0x00000000fd036960,0x00000000fd700000)
  to   space 29184K, 0% used [0x00000000f9f80000,0x00000000f9f80000,0x00000000fbc00000)
 ParOldGen       total 118784K, used 43290K [0x00000000e0000000, 0x00000000e7400000, 0x00000000f5580000)
  object space 118784K, 36% used [0x00000000e0000000,0x00000000e2a468a0,0x00000000e7400000)
 Metaspace       used 79860K, capacity 86862K, committed 87080K, reserved 1124352K
  class space    used 9662K, capacity 11732K, committed 11816K, reserved 1048576K
}
Event: 63.336 GC heap before
{Heap before GC invocations=18 (full 4):
 PSYoungGen      total 103424K, used 20698K [0x00000000f5580000, 0x00000000fda00000, 0x0000000100000000)
  eden space 75776K, 0% used [0x00000000f5580000,0x00000000f5580000,0x00000000f9f80000)
  from space 27648K, 74% used [0x00000000fbc00000,0x00000000fd036960,0x00000000fd700000)
  to   space 29184K, 0% used [0x00000000f9f80000,0x00000000f9f80000,0x00000000fbc00000)
 ParOldGen       total 118784K, used 43290K [0x00000000e0000000, 0x00000000e7400000, 0x00000000f5580000)
  object space 118784K, 36% used [0x00000000e0000000,0x00000000e2a468a0,0x00000000e7400000)
 Metaspace       used 79860K, capacity 86862K, committed 87080K, reserved 1124352K
  class space    used 9662K, capacity 11732K, committed 11816K, reserved 1048576K
Event: 63.629 GC heap after
Heap after GC invocations=18 (full 4):
 PSYoungGen      total 103424K, used 0K [0x00000000f5580000, 0x00000000fda00000, 0x0000000100000000)
  eden space 75776K, 0% used [0x00000000f5580000,0x00000000f5580000,0x00000000f9f80000)
  from space 27648K, 0% used [0x00000000fbc00000,0x00000000fbc00000,0x00000000fd700000)
  to   space 29184K, 0% used [0x00000000f9f80000,0x00000000f9f80000,0x00000000fbc00000)
 ParOldGen       total 118784K, used 57106K [0x00000000e0000000, 0x00000000e7400000, 0x00000000f5580000)
  object space 118784K, 48% used [0x00000000e0000000,0x00000000e37c4a80,0x00000000e7400000)
 Metaspace       used 79860K, capacity 86862K, committed 87080K, reserved 1124352K
  class space    used 9662K, capacity 11732K, committed 11816K, reserved 1048576K
}
Event: 86.998 GC heap before
{Heap before GC invocations=19 (full 4):
 PSYoungGen      total 103424K, used 75776K [0x00000000f5580000, 0x00000000fda00000, 0x0000000100000000)
  eden space 75776K, 100% used [0x00000000f5580000,0x00000000f9f80000,0x00000000f9f80000)
  from space 27648K, 0% used [0x00000000fbc00000,0x00000000fbc00000,0x00000000fd700000)
  to   space 29184K, 0% used [0x00000000f9f80000,0x00000000f9f80000,0x00000000fbc00000)
 ParOldGen       total 118784K, used 57106K [0x00000000e0000000, 0x00000000e7400000, 0x00000000f5580000)
  object space 118784K, 48% used [0x00000000e0000000,0x00000000e37c4a80,0x00000000e7400000)
 Metaspace       used 82443K, capacity 89966K, committed 90280K, reserved 1128448K
  class space    used 9945K, capacity 12107K, committed 12200K, reserved 1048576K
Event: 87.003 GC heap after
Heap after GC invocations=19 (full 4):
 PSYoungGen      total 104960K, used 5164K [0x00000000f5580000, 0x00000000fde00000, 0x0000000100000000)
  eden space 75776K, 0% used [0x00000000f5580000,0x00000000f5580000,0x00000000f9f80000)
  from space 29184K, 17% used [0x00000000f9f80000,0x00000000fa48b070,0x00000000fbc00000)
  to   space 29184K, 0% used [0x00000000fc180000,0x00000000fc180000,0x00000000fde00000)
 ParOldGen       total 118784K, used 57114K [0x00000000e0000000, 0x00000000e7400000, 0x00000000f5580000)
  object space 118784K, 48% used [0x00000000e0000000,0x00000000e37c6a80,0x00000000e7400000)
 Metaspace       used 82443K, capacity 89966K, committed 90280K, reserved 1128448K
  class space    used 9945K, capacity 12107K, committed 12200K, reserved 1048576K
}
Event: 257.274 GC heap before
{Heap before GC invocations=20 (full 4):
 PSYoungGen      total 104960K, used 25863K [0x00000000f5580000, 0x00000000fde00000, 0x0000000100000000)
  eden space 75776K, 27% used [0x00000000f5580000,0x00000000f69b6c68,0x00000000f9f80000)
  from space 29184K, 17% used [0x00000000f9f80000,0x00000000fa48b070,0x00000000fbc00000)
  to   space 29184K, 0% used [0x00000000fc180000,0x00000000fc180000,0x00000000fde00000)
 ParOldGen       total 118784K, used 57114K [0x00000000e0000000, 0x00000000e7400000, 0x00000000f5580000)
  object space 118784K, 48% used [0x00000000e0000000,0x00000000e37c6a80,0x00000000e7400000)
 Metaspace       used 82659K, capacity 90088K, committed 90280K, reserved 1128448K
  class space    used 9951K, capacity 12145K, committed 12200K, reserved 1048576K
Event: 257.279 GC heap after
Heap after GC invocations=20 (full 4):
 PSYoungGen      total 110592K, used 3367K [0x00000000f5580000, 0x00000000fde00000, 0x0000000100000000)
  eden space 81408K, 0% used [0x00000000f5580000,0x00000000f5580000,0x00000000fa500000)
  from space 29184K, 11% used [0x00000000fc180000,0x00000000fc4c9c60,0x00000000fde00000)
  to   space 29184K, 0% used [0x00000000fa500000,0x00000000fa500000,0x00000000fc180000)
 ParOldGen       total 118784K, used 57122K [0x00000000e0000000, 0x00000000e7400000, 0x00000000f5580000)
  object space 118784K, 48% used [0x00000000e0000000,0x00000000e37c8a80,0x00000000e7400000)
 Metaspace       used 82659K, capacity 90088K, committed 90280K, reserved 1128448K
  class space    used 9951K, capacity 12145K, committed 12200K, reserved 1048576K
}
Event: 257.279 GC heap before
{Heap before GC invocations=21 (full 5):
 PSYoungGen      total 110592K, used 3367K [0x00000000f5580000, 0x00000000fde00000, 0x0000000100000000)
  eden space 81408K, 0% used [0x00000000f5580000,0x00000000f5580000,0x00000000fa500000)
  from space 29184K, 11% used [0x00000000fc180000,0x00000000fc4c9c60,0x00000000fde00000)
  to   space 29184K, 0% used [0x00000000fa500000,0x00000000fa500000,0x00000000fc180000)
 ParOldGen       total 118784K, used 57122K [0x00000000e0000000, 0x00000000e7400000, 0x00000000f5580000)
  object space 118784K, 48% used [0x00000000e0000000,0x00000000e37c8a80,0x00000000e7400000)
 Metaspace       used 82659K, capacity 90088K, committed 90280K, reserved 1128448K
  class space    used 9951K, capacity 12145K, committed 12200K, reserved 1048576K
Event: 257.666 GC heap after
Heap after GC invocations=21 (full 5):
 PSYoungGen      total 110592K, used 0K [0x00000000f5580000, 0x00000000fde00000, 0x0000000100000000)
  eden space 81408K, 0% used [0x00000000f5580000,0x00000000f5580000,0x00000000fa500000)
  from space 29184K, 0% used [0x00000000fc180000,0x00000000fc180000,0x00000000fde00000)
  to   space 29184K, 0% used [0x00000000fa500000,0x00000000fa500000,0x00000000fc180000)
 ParOldGen       total 118784K, used 57500K [0x00000000e0000000, 0x00000000e7400000, 0x00000000f5580000)
  object space 118784K, 48% used [0x00000000e0000000,0x00000000e3827260,0x00000000e7400000)
 Metaspace       used 82659K, capacity 90088K, committed 90280K, reserved 1128448K
  class space    used 9951K, capacity 12145K, committed 12200K, reserved 1048576K
}

Deoptimization events (10 events):
Event: 261.924 Thread 0x00000000174a5000 Uncommon trap: reason=unstable_if action=reinterpret pc=0x0000000003e4fa48 method=org.eclipse.e4.ui.internal.workbench.swt.E4Application$1.syncExec(Ljava/lang/Runnable;)V @ 14
Event: 261.970 Thread 0x00000000209c0800 Uncommon trap: reason=unstable_if action=reinterpret pc=0x000000000426cffc method=org.eclipse.equinox.internal.event.EventHandlerTracker.getHandlers(Ljava/lang/String;)Ljava/util/Set; @ 28
Event: 261.977 Thread 0x00000000209c0800 Uncommon trap: reason=class_check action=maybe_recompile pc=0x00000000042987bc method=org.eclipse.e4.core.internal.contexts.TrackableComputationExt.update(Lorg/eclipse/e4/core/internal/contexts/ContextChangeEvent;)Z @ 62
Event: 261.977 Thread 0x00000000209c0800 Uncommon trap: reason=class_check action=maybe_recompile pc=0x00000000042987bc method=org.eclipse.e4.core.internal.contexts.TrackableComputationExt.update(Lorg/eclipse/e4/core/internal/contexts/ContextChangeEvent;)Z @ 62
Event: 262.016 Thread 0x000000002281b800 Uncommon trap: reason=unstable_if action=reinterpret pc=0x00000000025dce64 method=sun.nio.cs.SingleByte$Encoder.encode(C)I @ 13
Event: 262.031 Thread 0x00000000209c0800 Uncommon trap: reason=unstable_if action=reinterpret pc=0x00000000041b2524 method=org.eclipse.swt.graphics.Resource.dispose()V @ 15
Event: 262.566 Thread 0x00000000209c0800 Uncommon trap: reason=unstable_if action=reinterpret pc=0x00000000032e205c method=org.eclipse.osgi.internal.hooks.EclipseLazyStarter.shouldActivateFor(Ljava/lang/String;Lorg/eclipse/osgi/container/Module;Lorg/eclipse/osgi/container/ModuleRevision;Lorg/ecli.~ÿWip@
Event: 262.567 Thread 0x0000000022812800 Uncommon trap: reason=unstable_if action=reinterpret pc=0x00000000040db654 method=org.eclipse.core.internal.jobs.JobManager.startJob(Lorg/eclipse/core/internal/jobs/Worker;)Lorg/eclipse/core/runtime/jobs/Job; @ 20
Event: 262.593 Thread 0x00000000175a1000 Uncommon trap: reason=unstable_if action=reinterpret pc=0x0000000003229b64 method=org.eclipse.osgi.internal.framework.BundleContextImpl.dispatchEvent(Ljava/lang/Object;Ljava/lang/Object;ILjava/lang/Object;)V @ 16
Event: 262.614 Thread 0x0000000022812800 Uncommon trap: reason=unstable_if action=reinterpret pc=0x00000000040d59bc method=org.eclipse.core.internal.jobs.JobManager.nextJob()Lorg/eclipse/core/runtime/jobs/Job; @ 80

Internal exceptions (10 events):
Event: 261.912 Thread 0x00000000005be800 Exception <a 'java/io/FileNotFoundException'> (0x00000000f6d5c2d0) thrown at [C:\re\workspace\8-2-build-windows-amd64-cygwin\jdk8u66\5298\hotspot\src\share\vm\prims\jni.cpp, line 709]
Event: 261.912 Thread 0x00000000005be800 Exception <a 'java/io/FileNotFoundException'> (0x00000000f6d5e678) thrown at [C:\re\workspace\8-2-build-windows-amd64-cygwin\jdk8u66\5298\hotspot\src\share\vm\prims\jni.cpp, line 709]
Event: 261.912 Thread 0x00000000005be800 Exception <a 'java/io/FileNotFoundException'> (0x00000000f6d609e0) thrown at [C:\re\workspace\8-2-build-windows-amd64-cygwin\jdk8u66\5298\hotspot\src\share\vm\prims\jni.cpp, line 709]
Event: 261.912 Thread 0x00000000005be800 Exception <a 'java/io/FileNotFoundException'> (0x00000000f6d62e00) thrown at [C:\re\workspace\8-2-build-windows-amd64-cygwin\jdk8u66\5298\hotspot\src\share\vm\prims\jni.cpp, line 709]
Event: 261.912 Thread 0x00000000005be800 Exception <a 'java/io/FileNotFoundException'> (0x00000000f6d652a8) thrown at [C:\re\workspace\8-2-build-windows-amd64-cygwin\jdk8u66\5298\hotspot\src\share\vm\prims\jni.cpp, line 709]
Event: 262.014 Thread 0x000000002281a800 Exception <a 'java/lang/InterruptedException'> (0x00000000f7244448) thrown at [C:\re\workspace\8-2-build-windows-amd64-cygwin\jdk8u66\5298\hotspot\src\share\vm\runtime\objectMonitor.cpp, line 1683]
Event: 262.613 Thread 0x00000000174a5000 Exception <a 'java/lang/InterruptedException'> (0x00000000f6e21d10) thrown at [C:\re\workspace\8-2-build-windows-amd64-cygwin\jdk8u66\5298\hotspot\src\share\vm\runtime\objectMonitor.cpp, line 1683]
Event: 262.634 Thread 0x00000000175a1000 Exception <a 'java/lang/InterruptedException'> (0x00000000f75fab38) thrown at [C:\re\workspace\8-2-build-windows-amd64-cygwin\jdk8u66\5298\hotspot\src\share\vm\runtime\objectMonitor.cpp, line 1683]
Event: 262.640 Thread 0x00000000174a9800 Exception <a 'java/lang/InterruptedException'> (0x00000000f5966028) thrown at [C:\re\workspace\8-2-build-windows-amd64-cygwin\jdk8u66\5298\hotspot\src\share\vm\runtime\objectMonitor.cpp, line 1683]
Event: 262.640 Thread 0x0000000017802000 Exception <a 'java/lang/InterruptedException'> (0x00000000f7769570) thrown at [C:\re\workspace\8-2-build-windows-amd64-cygwin\jdk8u66\5298\hotspot\src\share\vm\runtime\objectMonitor.cpp, line 1683]

Events (10 events):
Event: 262.644 Thread 0x00000000209c0800 Thread exited: 0x00000000209c0800
Event: 262.644 Thread 0x0000000013cdd000 flushing nmethod 0x0000000003eb2190
Event: 262.644 Thread 0x0000000013cdd000 flushing nmethod 0x0000000003eb4290
Event: 262.644 Thread 0x0000000013cdd000 flushing nmethod 0x0000000003eb6a50
Event: 262.644 Thread 0x0000000013cdd000 flushing nmethod 0x0000000003ef8c90
Event: 262.645 Thread 0x0000000013cdd000 flushing nmethod 0x0000000003f82690
Event: 262.645 Thread 0x0000000013cdd000 flushing nmethod 0x0000000003fa6f50
Event: 262.645 Thread 0x0000000013cdd000 flushing nmethod 0x0000000003fb1150
Event: 262.645 Thread 0x0000000015dcc000 Thread exited: 0x0000000015dcc000
Event: 262.645 Executing VM operation: Exit


Dynamic libraries:
0x0000000000400000 - 0x000000000044f000 	C:\Xilinx\SDK\2016.4\eclipse\win64.o\eclipse.exe
0x00007ff974380000 - 0x00007ff974551000 	C:\WINDOWS\SYSTEM32\ntdll.dll
0x00007ff973360000 - 0x00007ff97340c000 	C:\WINDOWS\System32\KERNEL32.DLL
0x00007ff9676b0000 - 0x00007ff967704000 	C:\Program Files (x86)\AVG\Av\avghooka.dll
0x00007ff970ef0000 - 0x00007ff97110d000 	C:\WINDOWS\System32\KERNELBASE.dll
0x00007ff96ed80000 - 0x00007ff96edfa000 	C:\WINDOWS\system32\apphelp.dll
0x00007ff973700000 - 0x00007ff973865000 	C:\WINDOWS\System32\USER32.dll
0x00007ff970c70000 - 0x00007ff970c8e000 	C:\WINDOWS\System32\win32u.dll
0x00007ff9738e0000 - 0x00007ff973914000 	C:\WINDOWS\System32\GDI32.dll
0x00007ff970870000 - 0x00007ff9709f2000 	C:\WINDOWS\System32\gdi32full.dll
0x00007ff9742d0000 - 0x00007ff97436e000 	C:\WINDOWS\System32\msvcrt.dll
0x00007ff963b10000 - 0x00007ff963d8a000 	C:\WINDOWS\WinSxS\amd64_microsoft.windows.common-controls_6595b64144ccf1df_6.0.14393.953_none_42151e83c686086b\COMCTL32.dll
0x00007ff973920000 - 0x00007ff973be8000 	C:\WINDOWS\System32\combase.dll
0x00007ff970d40000 - 0x00007ff970e35000 	C:\WINDOWS\System32\ucrtbase.dll
0x00007ff973130000 - 0x00007ff973251000 	C:\WINDOWS\System32\RPCRT4.dll
0x00007ff971160000 - 0x00007ff9711ca000 	C:\WINDOWS\System32\bcryptPrimitives.dll
0x00007ff973260000 - 0x00007ff97328e000 	C:\WINDOWS\System32\IMM32.DLL
0x0000000072000000 - 0x0000000072012000 	C:\Xilinx\SDK\2016.4\eclipse\win64.o\plugins\org.eclipse.equinox.launcher.win32.win32.x86_64_1.1.300.v20150602-1417\eclipse_1611.dll
0x00007ff973410000 - 0x00007ff9734b2000 	C:\WINDOWS\System32\ADVAPI32.dll
0x00007ff971910000 - 0x00007ff971969000 	C:\WINDOWS\System32\sechost.dll
0x00007ff962ad0000 - 0x00007ff962ada000 	C:\WINDOWS\SYSTEM32\VERSION.dll
0x00007ff96efc0000 - 0x00007ff96f055000 	C:\WINDOWS\system32\uxtheme.dll
0x00007ff974020000 - 0x00007ff97417a000 	C:\WINDOWS\System32\MSCTF.dll
0x00007ff973290000 - 0x00007ff97334f000 	C:\WINDOWS\System32\OLEAUT32.dll
0x00007ff970bd0000 - 0x00007ff970c6c000 	C:\WINDOWS\System32\msvcp_win.dll
0x00000000585f0000 - 0x0000000058e79000 	C:\Xilinx\SDK\2016.4\tps\win64\jre\bin\server\jvm.dll
0x00007ff973350000 - 0x00007ff973358000 	C:\WINDOWS\System32\PSAPI.DLL
0x00007ff96c780000 - 0x00007ff96c789000 	C:\WINDOWS\SYSTEM32\WSOCK32.dll
0x00007ff973870000 - 0x00007ff9738da000 	C:\WINDOWS\System32\WS2_32.dll
0x00007ff96eac0000 - 0x00007ff96eae3000 	C:\WINDOWS\SYSTEM32\WINMM.dll
0x000000005afc0000 - 0x000000005b092000 	C:\WINDOWS\SYSTEM32\MSVCR100.dll
0x00007ff96e920000 - 0x00007ff96e94b000 	C:\WINDOWS\SYSTEM32\WINMMBASE.dll
0x00007ff971110000 - 0x00007ff971152000 	C:\WINDOWS\System32\cfgmgr32.dll
0x00000000584b0000 - 0x00000000584bf000 	C:\Xilinx\SDK\2016.4\tps\win64\jre\bin\verify.dll
0x0000000058480000 - 0x00000000584a9000 	C:\Xilinx\SDK\2016.4\tps\win64\jre\bin\java.dll
0x0000000058460000 - 0x0000000058476000 	C:\Xilinx\SDK\2016.4\tps\win64\jre\bin\zip.dll
0x00007ff971c20000 - 0x00007ff973128000 	C:\WINDOWS\System32\SHELL32.dll
0x00007ff971230000 - 0x00007ff97190a000 	C:\WINDOWS\System32\windows.storage.dll
0x00007ff970820000 - 0x00007ff97086c000 	C:\WINDOWS\System32\powrprof.dll
0x00007ff9741f0000 - 0x00007ff974242000 	C:\WINDOWS\System32\shlwapi.dll
0x00007ff970810000 - 0x00007ff97081f000 	C:\WINDOWS\System32\kernel.appcore.dll
0x00007ff970c90000 - 0x00007ff970d39000 	C:\WINDOWS\System32\shcore.dll
0x00007ff9707f0000 - 0x00007ff970804000 	C:\WINDOWS\System32\profapi.dll
0x00007ff970260000 - 0x00007ff970277000 	C:\WINDOWS\SYSTEM32\CRYPTSP.dll
0x00007ff96fcb0000 - 0x00007ff96fce3000 	C:\WINDOWS\system32\rsaenh.dll
0x00007ff970720000 - 0x00007ff97074b000 	C:\WINDOWS\SYSTEM32\bcrypt.dll
0x00007ff96ff30000 - 0x00007ff96ff4f000 	C:\WINDOWS\SYSTEM32\USERENV.dll
0x00007ff970250000 - 0x00007ff97025b000 	C:\WINDOWS\SYSTEM32\CRYPTBASE.dll
0x0000000058440000 - 0x000000005845a000 	C:\Xilinx\SDK\2016.4\tps\win64\jre\bin\net.dll
0x00007ff9700b0000 - 0x00007ff97010c000 	C:\WINDOWS\system32\mswsock.dll
0x00007ff96fe30000 - 0x00007ff96fe68000 	C:\WINDOWS\SYSTEM32\IPHLPAPI.DLL
0x00007ff974370000 - 0x00007ff974378000 	C:\WINDOWS\System32\NSI.dll
0x00007ff96cc10000 - 0x00007ff96cc26000 	C:\WINDOWS\SYSTEM32\dhcpcsvc6.DLL
0x00007ff96cb40000 - 0x00007ff96cb5a000 	C:\WINDOWS\SYSTEM32\dhcpcsvc.DLL
0x0000000058420000 - 0x0000000058431000 	C:\Xilinx\SDK\2016.4\tps\win64\jre\bin\nio.dll
0x00007ff95e4a0000 - 0x00007ff95e4b6000 	C:\WINDOWS\system32\napinsp.dll
0x00007ff95e470000 - 0x00007ff95e48a000 	C:\WINDOWS\system32\pnrpnsp.dll
0x00007ff96be20000 - 0x00007ff96be38000 	C:\WINDOWS\system32\NLAapi.dll
0x00007ff96fe70000 - 0x00007ff96ff11000 	C:\WINDOWS\SYSTEM32\DNSAPI.dll
0x00007ff962ee0000 - 0x00007ff962eee000 	C:\WINDOWS\System32\winrnr.dll
0x000000005b0d0000 - 0x000000005b0f6000 	C:\Program Files\Bonjour\mdnsNSP.dll
0x00007ff96b090000 - 0x00007ff96b09a000 	C:\Windows\System32\rasadhlp.dll
0x00007ff96b450000 - 0x00007ff96b4ba000 	C:\WINDOWS\System32\fwpuclnt.dll
0x0000000018e10000 - 0x0000000018eb8000 	C:\Users\Utilizador\.Xilinx\SDK\2016.4\org.eclipse.osgi\319\0\.cp\swt-win32-4527.dll
0x00007ff971a70000 - 0x00007ff971ba8000 	C:\WINDOWS\System32\ole32.dll
0x00007ff971970000 - 0x00007ff971a6a000 	C:\WINDOWS\System32\comdlg32.dll
0x00007ff970a00000 - 0x00007ff970bc9000 	C:\WINDOWS\System32\CRYPT32.dll
0x00007ff9707e0000 - 0x00007ff9707f0000 	C:\WINDOWS\System32\MSASN1.dll
0x00007ff96bc30000 - 0x00007ff96bcb6000 	C:\WINDOWS\SYSTEM32\WINSPOOL.DRV
0x00007ff968ba0000 - 0x00007ff968bb9000 	C:\WINDOWS\SYSTEM32\USP10.dll
0x00007ff96ce90000 - 0x00007ff96d15a000 	C:\WINDOWS\SYSTEM32\WININET.dll
0x00007ff96dd30000 - 0x00007ff96dd56000 	C:\WINDOWS\system32\dwmapi.dll
0x00007ff96daa0000 - 0x00007ff96dc25000 	C:\WINDOWS\SYSTEM32\propsys.dll
0x00007ff973660000 - 0x00007ff9736ff000 	C:\WINDOWS\System32\clbcatq.dll
0x00000000194a0000 - 0x00000000194be000 	C:\Users\Utilizador\.Xilinx\SDK\2016.4\org.eclipse.osgi\319\0\.cp\swt-gdip-win32-4527.dll
0x00007ff965510000 - 0x00007ff9656aa000 	C:\WINDOWS\WinSxS\amd64_microsoft.windows.gdiplus_6595b64144ccf1df_1.1.14393.953_none_7300116921188239\gdiplus.dll
0x00007ff96c910000 - 0x00007ff96cab8000 	C:\WINDOWS\SYSTEM32\WindowsCodecs.dll
0x0000000180000000 - 0x0000000180012000 	C:\Users\Utilizador\.Xilinx\SDK\2016.4\org.eclipse.osgi\133\0\.cp\os\win32\x86_64\localfile_1_0_0.dll
0x00007ff95d140000 - 0x00007ff95d1a5000 	C:\WINDOWS\SYSTEM32\oleacc.dll
0x00007ff96a9c0000 - 0x00007ff96a9c7000 	C:\WINDOWS\SYSTEM32\msimg32.dll
0x00007ff9695d0000 - 0x00007ff9695e1000 	C:\Users\Utilizador\.Xilinx\SDK\2016.4\org.eclipse.osgi\136\0\.cp\jWinHttp-1.0.0.dll
0x00007ff96dc60000 - 0x00007ff96dd2d000 	C:\WINDOWS\SYSTEM32\WINHTTP.dll
0x00007ff9695c0000 - 0x00007ff9695cf000 	C:\Xilinx\SDK\2016.4\lib\win64.o\librdi_repo_manager.dll
0x00007ff969480000 - 0x00007ff9694aa000 	C:\Xilinx\SDK\2016.4\lib\win64.o\libisl_sysinfo.dll
0x00007ff90eef0000 - 0x00007ff90f99a000 	C:\Xilinx\SDK\2016.4\lib\win64.o\librdi_common.dll
0x00007ff952410000 - 0x00007ff952463000 	C:\Xilinx\SDK\2016.4\lib\win64.o\librdi_commonxillic.dll
0x00007ff910850000 - 0x00007ff910a48000 	C:\Xilinx\SDK\2016.4\lib\win64.o\librdi_hsm.dll
0x00007ff964c00000 - 0x00007ff964ca7000 	C:\WINDOWS\SYSTEM32\MSVCP110.dll
0x00007ff964cb0000 - 0x00007ff964d84000 	C:\WINDOWS\SYSTEM32\MSVCR110.dll
0x00007ff90eb80000 - 0x00007ff90eeee000 	C:\Xilinx\SDK\2016.4\lib\win64.o\libCOIN-all.dll
0x00007ff90fa70000 - 0x00007ff90fc8f000 	C:\Xilinx\SDK\2016.4\lib\win64.o\libXil_lmgr11.dll
0x00007ff9711d0000 - 0x00007ff971225000 	C:\WINDOWS\System32\WINTRUST.dll
0x00007ff9670f0000 - 0x00007ff967100000 	C:\Xilinx\SDK\2016.4\lib\win64.o\libboost_date_time.dll
0x00007ff9576a0000 - 0x00007ff9576c4000 	C:\Xilinx\SDK\2016.4\lib\win64.o\libboost_filesystem.dll
0x00007ff950170000 - 0x00007ff9501e7000 	C:\Xilinx\SDK\2016.4\lib\win64.o\libboost_program_options.dll
0x00007ff915fc0000 - 0x00007ff9160c6000 	C:\Xilinx\SDK\2016.4\lib\win64.o\libboost_regex.dll
0x00007ff963de0000 - 0x00007ff963df3000 	C:\Xilinx\SDK\2016.4\lib\win64.o\libboost_signals.dll
0x00007ff966e50000 - 0x00007ff966e59000 	C:\Xilinx\SDK\2016.4\lib\win64.o\libboost_system.dll
0x00007ff9636b0000 - 0x00007ff9636cd000 	C:\Xilinx\SDK\2016.4\lib\win64.o\libboost_thread.dll
0x00007ff966de0000 - 0x00007ff966deb000 	C:\Xilinx\SDK\2016.4\lib\win64.o\libboost_xilinx.dll
0x00007ff949380000 - 0x00007ff949400000 	C:\Xilinx\SDK\2016.4\lib\win64.o\libhdlpsolve.dll
0x00007ff948e60000 - 0x00007ff948efa000 	C:\Xilinx\SDK\2016.4\lib\win64.o\libhdxml.dll
0x00007ff90e7b0000 - 0x00007ff90eb79000 	C:\Xilinx\SDK\2016.4\lib\win64.o\libisl_iostreams.dll
0x00007ff963070000 - 0x00007ff963085000 	C:\Xilinx\SDK\2016.4\lib\win64.o\pthreadVC2.dll
0x00007ff911500000 - 0x00007ff911630000 	C:\Xilinx\SDK\2016.4\lib\win64.o\librdi_curl.dll
0x00007ff95e930000 - 0x00007ff95e948000 	C:\Xilinx\SDK\2016.4\lib\win64.o\librdiconfig.dll
0x00007ff95cc00000 - 0x00007ff95cc1f000 	C:\Xilinx\SDK\2016.4\lib\win64.o\librdizlib.dll
0x00000000584c0000 - 0x00000000585e7000 	C:\Xilinx\SDK\2016.4\lib\win64.o\tcl85t.dll
0x00000000258f0000 - 0x0000000025b53000 	C:\Xilinx\SDK\2016.4\lib\win64.o\xerces-c_3_1.dll
0x00007ff963320000 - 0x00007ff9634e3000 	C:\WINDOWS\SYSTEM32\urlmon.dll
0x00007ff963e00000 - 0x00007ff963e23000 	C:\WINDOWS\SYSTEM32\VCOMP110.DLL
0x00007ff94b610000 - 0x00007ff94b653000 	C:\Xilinx\SDK\2016.4\lib\win64.o\librdi_hdf.dll
0x00007ff90e4e0000 - 0x00007ff90e7a8000 	C:\Xilinx\SDK\2016.4\lib\win64.o\librdi_ippcw.dll
0x00007ff96a770000 - 0x00007ff96a788000 	C:\WINDOWS\SYSTEM32\NETAPI32.dll
0x00007ff964ef0000 - 0x00007ff964efb000 	C:\Xilinx\SDK\2016.4\lib\win64.o\libboost_chrono.dll
0x00007ff95cb10000 - 0x00007ff95cb26000 	C:\Xilinx\SDK\2016.4\lib\win64.o\libboost_iostreams.dll
0x00007ff956860000 - 0x00007ff956883000 	C:\Xilinx\SDK\2016.4\lib\win64.o\libisl_iosutils.dll
0x00007ff96ab70000 - 0x00007ff96ae15000 	C:\WINDOWS\SYSTEM32\iertutil.dll
0x00007ff962a20000 - 0x00007ff962a62000 	C:\WINDOWS\SYSTEM32\edputil.dll
0x00007ff964e70000 - 0x00007ff964e7a000 	C:\Xilinx\SDK\2016.4\lib\win64.o\librdi_jtag_settings.dll
0x00007ff9540a0000 - 0x00007ff9540c9000 	C:\Xilinx\SDK\2016.4\lib\win64.o\librdi_debug_dialog.dll
0x00007ff964d90000 - 0x00007ff964d98000 	C:\Xilinx\SDK\2016.4\lib\win64.o\librdi_target_manager.dll
0x00007ff9589f0000 - 0x00007ff958a06000 	C:\Xilinx\SDK\2016.4\eclipse\win64.o\plugins\org.eclipse.cdt.core.win32.x86_64_5.4.0.201509131935\os\win32\x86_64\spawner.dll
0x00007ff90c1a0000 - 0x00007ff90c9b0000 	C:\Xilinx\SDK\2016.4\lib\win64.o\libXil_lmgr11FNP.dll
0x00007ff973bf0000 - 0x00007ff974019000 	C:\WINDOWS\System32\SETUPAPI.dll
0x00007ff961440000 - 0x00007ff96144c000 	C:\WINDOWS\SYSTEM32\snmpapi.dll
0x00007ff970450000 - 0x00007ff97047c000 	C:\WINDOWS\SYSTEM32\SspiCli.dll
0x0000000019500000 - 0x0000000019503000 	C:\WINDOWS\SYSTEM32\icmp.Dll

VM Arguments:
jvm_args: -Dcom.xilinx.sdk.args.hwspec=C:/Users/Utilizador/Desktop/Universidade/4_ano/2_semestre/CR/Projeto/ProjetoFinal/MP_ToDisplays/MP_ToDisplays.sdk/DebUART_wrapper.hdf -Xms64m -Xmx512m & 
java_command: <unknown>
java_class_path (initial): C:\Xilinx\SDK\2016.4\eclipse\win64.o\\plugins/org.eclipse.equinox.launcher_1.3.100.v20150511-1540.jar
Launcher Type: generic

Environment Variables:
JAVA_HOME=C:\Program Files\Java\jdk1.8.0_101
PATH=C:/Xilinx/SDK/2016.4/tps/win64/jre/bin/server;C:/Xilinx/SDK/2016.4/tps/win64/jre/bin;C:/Xilinx/SDK/2016.4/tps/win64/jre/lib/amd64;C:\Xilinx\SDK\2016.4\gnuwin\bin;C:\Xilinx\SDK\2016.4\gnu\microblaze\nt\bin;C:\Xilinx\SDK\2016.4\gnu\microblaze\linux_toolchain\nt64_le\bin;C:\Xilinx\SDK\2016.4\gnu\microblaze\linux_toolchain\nt64_be\bin;C:\Xilinx\SDK\2016.4\gnu\arm\nt\bin;C:\Xilinx\SDK\2016.4\gnu\aarch64\nt\aarch64-none\bin;C:\Xilinx\SDK\2016.4\gnu\aarch64\nt\aarch64-linux\bin;C:\Xilinx\SDK\2016.4\gnu\armr5\nt\gcc-arm-none-eabi\bin;C:\Xilinx\SDK\2016.4\gnu\aarch32\nt\gcc-arm-none-eabi\bin;C:\Xilinx\SDK\2016.4\gnu\aarch32\nt\gcc-arm-linux-gnueabi\bin;C:\Xilinx\SDK\2016.4\tps\win64\cmake-3.3.2\bin;;C:\Xilinx\SDK\2016.4\bin;C:\Xilinx\SDK\2016.4\lib\win64.o;C:\Xilinx\SDK\2016.4\tps\win64\jre\bin\server;C:\Xilinx\SDK\2016.4\tps\win64\jre\bin;C:\Xilinx\Vivado\2016.4\ids_lite\ISE\bin\nt64;C:\Xilinx\Vivado\2016.4\ids_lite\ISE\lib\nt64;C:\Xilinx\Vivado\2016.4\bin;C:\Xilinx\Vivado\2016.4\lib\win64.o;C:\Xilinx\Vivado\2016.4\tps\win64\jre\bin\server;C:\Xilinx\Vivado\2016.4\tps\win64\jre\bin;C:\Xilinx\Vivado_HLS\2016.4\bin;C:\WINDOWS\system32\Npcap;C:\Program Files\MATLAB\MATLAB Production Server\R2015a\runtime\win64;C:\Program Files\MATLAB\MATLAB Production Server\R2015a\bin;C:\Program Files\MATLAB\MATLAB Production Server\R2015a\polyspace\bin;C:\Program Files\PuTTY\;c:\Program Files\Intel\WiFi\bin\;c:\Program Files\Common Files\Intel\WirelessCommon\;C:\Users\Utilizador\AppData\Roaming\npm;C:\Users\Utilizador\AppData\Local\Microsoft\WindowsApps;C:\Python27;C:\Program Files\Java\jdk1.8.0_101\bin;C:\Program Files\NetBeans 8.2\java\maven\bin;c:\Users\Utilizador\Desktop\Universidade\4_ano\2_semestre\CR\Projeto\ProjetoFinal\MP_ToDisplays;
USERNAME=Utilizador
OS=Windows_NT
PROCESSOR_IDENTIFIER=Intel64 Family 6 Model 60 Stepping 3, GenuineIntel



---------------  S Y S T E M  ---------------

OS: Windows 10.0 , 64 bit Build 14393 (10.0.14393.1198)

CPU:total 8 (4 cores per cpu, 2 threads per core) family 6 model 60 stepping 3, cmov, cx8, fxsr, mmx, sse, sse2, sse3, ssse3, sse4.1, sse4.2, popcnt, avx, avx2, aes, clmul, erms, lzcnt, ht, tsc, tscinvbit, bmi1, bmi2

Memory: 4k page, physical 8319000k(2305088k free), swap 12976516k(3711284k free)

vm_info: Java HotSpot(TM) 64-Bit Server VM (25.66-b18) for windows-amd64 JRE (1.8.0_66-b18), built on Nov  9 2015 10:51:13 by "java_re" with MS VC++ 10.0 (VS2010)

time: Sun May 28 17:59:57 2017
elapsed time: 279 seconds (0d 0h 4m 39s)

