#
# A fatal error has been detected by the Java Runtime Environment:
#
#  Internal Error (0xc000000d), pid=14836, tid=17924
#
# JRE version: Java(TM) SE Runtime Environment (8.0_66-b18) (build 1.8.0_66-b18)
# Java VM: Java HotSpot(TM) 64-Bit Server VM (25.66-b18 mixed mode windows-amd64 compressed oops)
# Problematic frame:
# C  [ntdll.dll+0xff44c]
#
# Failed to write core dump. Minidumps are not enabled by default on client versions of Windows
#
# If you would like to submit a bug report, please visit:
#   http://bugreport.java.com/bugreport/crash.jsp
#

---------------  T H R E A D  ---------------

Current thread (0x0000000013d69800):  VMThread [stack: 0x0000000015a60000,0x0000000015b60000] [id=17924]

siginfo: ExceptionCode=0xc000000d

Registers:
RAX=0x0000000000000000, RBX=0xfffffffffffffffe, RCX=0x0000000000000000, RDX=0x0000000000000000
RSP=0x0000000015b5f270, RBP=0x00007ff964cb7408, RSI=0x0000000000000000, RDI=0x0000000000000854
R8 =0x0000000000000000, R9 =0x0000000000020000, R10=0x0000000000000001, R11=0x0000000000000010
R12=0x0000000000514d50, R13=0x000000001f7259b0, R14=0x0000000000514e58, R15=0x0000000015b5f3e8
RIP=0x00007ff97447f44c, EFLAGS=0x0000000000000206

Top of Stack: (sp=0x0000000015b5f270)
0x0000000015b5f270:   0000000000000057 fffffffffffffffe
0x0000000015b5f280:   0000000000000000 0000000000000854
0x0000000015b5f290:   00000000c000000d 0000000000000000
0x0000000015b5f2a0:   00007ff97447f44c 0000000000000000
0x0000000015b5f2b0:   0000000000000000 0000000000000000
0x0000000015b5f2c0:   0000000000000000 0000000000000000
0x0000000015b5f2d0:   0000000000000000 0000000000000000
0x0000000015b5f2e0:   0000000000000000 0000000000000000
0x0000000015b5f2f0:   0000000000000000 0000000000000000
0x0000000015b5f300:   0000000000000000 0000000000000000
0x0000000015b5f310:   0000000000000000 0000000000000000
0x0000000015b5f320:   0000000000000000 0000000000000000
0x0000000015b5f330:   00005ec5f060b5a6 0000000000000000
0x0000000015b5f340:   0000000900000020 00007ff97444150d
0x0000000015b5f350:   0000000900000000 0000000000000000
0x0000000015b5f360:   004e005200450001 00007ff9676b2635 

Instructions: (pc=0x00007ff97447f44c)
0x00007ff97447f42c:   d5 fa ff c7 44 24 20 0d 00 00 c0 b9 57 00 00 00
0x00007ff97447f43c:   e8 7f 13 f6 ff 90 48 8d 4c 24 20 e8 04 bf f4 ff
0x00007ff97447f44c:   eb 00 48 8b 8c 24 c0 00 00 00 48 33 cc e8 82 74
0x00007ff97447f45c:   f9 ff 48 81 c4 d8 00 00 00 c3 40 55 48 83 ec 20 


Register to memory mapping:

RAX=0x0000000000000000 is an unknown value
RBX=0xfffffffffffffffe is an unknown value
RCX=0x0000000000000000 is an unknown value
RDX=0x0000000000000000 is an unknown value
RSP=0x0000000015b5f270 is an unknown value
RBP=0x00007ff964cb7408 is an unknown value
RSI=0x0000000000000000 is an unknown value
RDI=0x0000000000000854 is an unknown value
R8 =0x0000000000000000 is an unknown value
R9 =0x0000000000020000 is an unknown value
R10=0x0000000000000001 is an unknown value
R11=0x0000000000000010 is an unknown value
R12=0x0000000000514d50 is an unknown value
R13=0x000000001f7259b0 is an unknown value
R14=0x0000000000514e58 is an unknown value
R15=0x0000000015b5f3e8 is an unknown value


Stack: [0x0000000015a60000,0x0000000015b60000],  sp=0x0000000015b5f270,  free space=1020k
Native frames: (J=compiled Java code, j=interpreted, Vv=VM code, C=native code)
C  [ntdll.dll+0xff44c]
C  [ntdll.dll+0xc150d]
C  [KERNEL32.DLL+0x1fafa]
C  [MSVCR110.dll+0x752d]
C  [MSVCR110.dll+0x73c6]
C  [MSVCR110.dll+0x14cca]
C  [MSVCR110.dll+0x13edc]
C  [MSVCR110.dll+0x239e]
C  [MSVCR110.dll+0xaf9e]
C  [MSVCP110.dll+0x397b9]
C  [librdi_common.dll+0x183a66]
C  [librdi_common.dll+0x1826fb]
C  [librdi_target_manager.dll+0x2400]
C  [librdi_target_manager.dll+0x2682]
C  [ntdll.dll+0x2a35f]
C  [ntdll.dll+0x806b]
C  [ntdll.dll+0x7d94]
C  [KERNEL32.DLL+0x1ce6a]
C  [MSVCR100.dll+0x20ccd]
V  [jvm.dll+0x210cc5]
V  [jvm.dll+0x249897]
V  [jvm.dll+0x248b36]
V  [jvm.dll+0x248fd1]
V  [jvm.dll+0x2491ee]
V  [jvm.dll+0x29a0fa]
C  [MSVCR100.dll+0x21d9f]
C  [MSVCR100.dll+0x21e3b]
C  [KERNEL32.DLL+0x8364]
C  [ntdll.dll+0x670d1]

VM_Operation (0x000000000014f4c0): Exit, mode: safepoint, requested by thread 0x00000000024ae800


---------------  P R O C E S S  ---------------

Java Threads: ( => current thread )
  0x000000001bb8e000 JavaThread "Thread-37" daemon [_thread_blocked, id=17544, stack(0x0000000029250000,0x0000000029350000)]
  0x000000001fa22000 JavaThread "TCF Channel Transmitter" daemon [_thread_blocked, id=4008, stack(0x0000000027850000,0x0000000027950000)]
  0x000000001fa26800 JavaThread "TCF Channel Receiver" daemon [_thread_in_native, id=16928, stack(0x0000000027650000,0x0000000027750000)]
  0x000000001fa20800 JavaThread "Process monitor" daemon [_thread_in_native, id=15856, stack(0x0000000025e50000,0x0000000025f50000)]
  0x000000001fa19000 JavaThread "Input Stream Monitor" daemon [_thread_blocked, id=4116, stack(0x0000000025d50000,0x0000000025e50000)]
  0x000000001fa1f800 JavaThread "Output Stream Monitor" daemon [_thread_in_native, id=9904, stack(0x0000000025c50000,0x0000000025d50000)]
  0x000000001fa18000 JavaThread "Output Stream Monitor" daemon [_thread_in_native, id=13020, stack(0x0000000025b50000,0x0000000025c50000)]
  0x000000001fa1b000 JavaThread "TCF Locator DNS Lookup" daemon [_thread_blocked, id=12208, stack(0x0000000024600000,0x0000000024700000)]
  0x000000001fa1e000 JavaThread "TCF Locator Timer" daemon [_thread_blocked, id=14300, stack(0x0000000024500000,0x0000000024600000)]
  0x0000000018038000 JavaThread "TCF Locator Receiver" daemon [_thread_in_native, id=12276, stack(0x0000000024400000,0x0000000024500000)]
  0x0000000018039000 JavaThread "TCF Timer Dispatcher" daemon [_thread_blocked, id=252, stack(0x0000000024200000,0x0000000024300000)]
  0x0000000017a0e000 JavaThread "EMF Reference Cleaner" daemon [_thread_blocked, id=12576, stack(0x000000001a360000,0x000000001a460000)]
  0x0000000015f23000 JavaThread "Service Thread" daemon [_thread_blocked, id=10176, stack(0x0000000016860000,0x0000000016960000)]
  0x0000000015e9b800 JavaThread "C1 CompilerThread3" daemon [_thread_blocked, id=8924, stack(0x0000000016760000,0x0000000016860000)]
  0x0000000015e8a000 JavaThread "C2 CompilerThread2" daemon [_thread_blocked, id=6168, stack(0x0000000016660000,0x0000000016760000)]
  0x0000000015e89000 JavaThread "C2 CompilerThread1" daemon [_thread_blocked, id=11412, stack(0x0000000016560000,0x0000000016660000)]
  0x0000000015e87000 JavaThread "C2 CompilerThread0" daemon [_thread_blocked, id=3408, stack(0x0000000016460000,0x0000000016560000)]
  0x0000000015e95800 JavaThread "Attach Listener" daemon [_thread_blocked, id=5888, stack(0x0000000016360000,0x0000000016460000)]
  0x0000000015e94000 JavaThread "Signal Dispatcher" daemon [_thread_blocked, id=14012, stack(0x0000000016260000,0x0000000016360000)]
  0x00000000025a9800 JavaThread "Finalizer" daemon [_thread_blocked, id=11044, stack(0x0000000015c60000,0x0000000015d60000)]
  0x0000000013d6d800 JavaThread "Reference Handler" daemon [_thread_blocked, id=1828, stack(0x0000000015b60000,0x0000000015c60000)]
  0x00000000024ae800 JavaThread "main" [_thread_blocked, id=16144, stack(0x0000000000050000,0x0000000000150000)]

Other Threads:
=>0x0000000013d69800 VMThread [stack: 0x0000000015a60000,0x0000000015b60000] [id=17924]

VM state:at safepoint (shutting down)

VM Mutex/Monitor currently owned by a thread:  ([mutex/lock_event])
[0x00000000024adb60] Threads_lock - owner thread: 0x0000000013d69800

Heap:
 PSYoungGen      total 107008K, used 38523K [0x00000000f5580000, 0x00000000fe100000, 0x0000000100000000)
  eden space 77312K, 49% used [0x00000000f5580000,0x00000000f7b1ef58,0x00000000fa100000)
  from space 29696K, 0% used [0x00000000fc000000,0x00000000fc000000,0x00000000fdd00000)
  to   space 31744K, 0% used [0x00000000fa100000,0x00000000fa100000,0x00000000fc000000)
 ParOldGen       total 116736K, used 57578K [0x00000000e0000000, 0x00000000e7200000, 0x00000000f5580000)
  object space 116736K, 49% used [0x00000000e0000000,0x00000000e383aba8,0x00000000e7200000)
 Metaspace       used 81314K, capacity 88114K, committed 88232K, reserved 1126400K
  class space    used 9801K, capacity 11915K, committed 11944K, reserved 1048576K

Card table byte_map: [0x0000000011970000,0x0000000011a80000] byte_map_base: 0x0000000011270000

Marking Bits: (ParMarkBitMap*) 0x0000000058eda5b0
 Begin Bits: [0x0000000012280000, 0x0000000012a80000)
 End Bits:   [0x0000000012a80000, 0x0000000013280000)

Polling page: 0x0000000001ed0000

CodeCache: size=245760Kb used=28426Kb max_used=28436Kb free=217333Kb
 bounds [0x00000000025b0000, 0x00000000041b0000, 0x00000000115b0000]
 total_blobs=8737 nmethods=7857 adapters=789
 compilation: enabled

Compilation events (10 events):
Event: 85.513 Thread 0x0000000015e9b800 9503       3       org.eclipse.osgi.container.ModuleWiring::invalidate0 (52 bytes)
Event: 85.513 Thread 0x0000000015e9b800 nmethod 9503 0x0000000003acc390 code [0x0000000003acc540, 0x0000000003accee8]
Event: 85.513 Thread 0x0000000015e9b800 9504       3       org.eclipse.osgi.internal.container.AtomicLazyInitializer::getAndClear (9 bytes)
Event: 85.513 Thread 0x0000000015e9b800 nmethod 9504 0x0000000003acbf10 code [0x0000000003acc080, 0x0000000003acc2d0]
Event: 85.513 Thread 0x0000000015e9b800 9505       3       java.util.concurrent.atomic.AtomicReference::getAndSet (12 bytes)
Event: 85.513 Thread 0x0000000015e9b800 nmethod 9505 0x0000000003ac8e90 code [0x0000000003ac8fe0, 0x0000000003ac9150]
Event: 85.513 Thread 0x0000000015e89000 nmethod 9511 0x0000000003ac8b50 code [0x0000000003ac8ca0, 0x0000000003ac8db8]
Event: 85.513 Thread 0x0000000015e9b800 9506       3       sun.misc.Unsafe::getAndSetObject (24 bytes)
Event: 85.514 Thread 0x0000000015e9b800 nmethod 9506 0x0000000003acbad0 code [0x0000000003acbc40, 0x0000000003acbe50]
Event: 85.514 Thread 0x0000000015e9b800 9507       3       org.eclipse.osgi.internal.framework.EquinoxContainerAdaptor::invalidateWiring (186 bytes)

GC Heap History (10 events):
Event: 7.745 GC heap before
{Heap before GC invocations=14 (full 3):
 PSYoungGen      total 86016K, used 81177K [0x00000000f5580000, 0x00000000fc080000, 0x0000000100000000)
  eden space 64512K, 100% used [0x00000000f5580000,0x00000000f9480000,0x00000000f9480000)
  from space 21504K, 77% used [0x00000000fab00000,0x00000000fbb46400,0x00000000fc000000)
  to   space 22528K, 0% used [0x00000000f9480000,0x00000000f9480000,0x00000000faa80000)
 ParOldGen       total 116736K, used 41347K [0x00000000e0000000, 0x00000000e7200000, 0x00000000f5580000)
  object space 116736K, 35% used [0x00000000e0000000,0x00000000e2860fe0,0x00000000e7200000)
 Metaspace       used 71657K, capacity 77828K, committed 77992K, reserved 1116160K
  class space    used 8738K, capacity 10650K, committed 10664K, reserved 1048576K
Event: 7.765 GC heap after
Heap after GC invocations=14 (full 3):
 PSYoungGen      total 87040K, used 21570K [0x00000000f5580000, 0x00000000fd080000, 0x0000000100000000)
  eden space 64512K, 0% used [0x00000000f5580000,0x00000000f5580000,0x00000000f9480000)
  from space 22528K, 95% used [0x00000000f9480000,0x00000000fa990938,0x00000000faa80000)
  to   space 25600K, 0% used [0x00000000fb780000,0x00000000fb780000,0x00000000fd080000)
 ParOldGen       total 116736K, used 41355K [0x00000000e0000000, 0x00000000e7200000, 0x00000000f5580000)
  object space 116736K, 35% used [0x00000000e0000000,0x00000000e2862fe0,0x00000000e7200000)
 Metaspace       used 71657K, capacity 77828K, committed 77992K, reserved 1116160K
  class space    used 8738K, capacity 10650K, committed 10664K, reserved 1048576K
}
Event: 27.515 GC heap before
{Heap before GC invocations=15 (full 3):
 PSYoungGen      total 87040K, used 86082K [0x00000000f5580000, 0x00000000fd080000, 0x0000000100000000)
  eden space 64512K, 100% used [0x00000000f5580000,0x00000000f9480000,0x00000000f9480000)
  from space 22528K, 95% used [0x00000000f9480000,0x00000000fa990938,0x00000000faa80000)
  to   space 25600K, 0% used [0x00000000fb780000,0x00000000fb780000,0x00000000fd080000)
 ParOldGen       total 116736K, used 41355K [0x00000000e0000000, 0x00000000e7200000, 0x00000000f5580000)
  object space 116736K, 35% used [0x00000000e0000000,0x00000000e2862fe0,0x00000000e7200000)
 Metaspace       used 76343K, capacity 82702K, committed 82728K, reserved 1120256K
  class space    used 9307K, capacity 11294K, committed 11304K, reserved 1048576K
Event: 27.529 GC heap after
Heap after GC invocations=15 (full 3):
 PSYoungGen      total 97792K, used 22333K [0x00000000f5580000, 0x00000000fd380000, 0x0000000100000000)
  eden space 72192K, 0% used [0x00000000f5580000,0x00000000f5580000,0x00000000f9c00000)
  from space 25600K, 87% used [0x00000000fb780000,0x00000000fcd4f770,0x00000000fd080000)
  to   space 28160K, 0% used [0x00000000f9c00000,0x00000000f9c00000,0x00000000fb780000)
 ParOldGen       total 116736K, used 41363K [0x00000000e0000000, 0x00000000e7200000, 0x00000000f5580000)
  object space 116736K, 35% used [0x00000000e0000000,0x00000000e2864fe0,0x00000000e7200000)
 Metaspace       used 76343K, capacity 82702K, committed 82728K, reserved 1120256K
  class space    used 9307K, capacity 11294K, committed 11304K, reserved 1048576K
}
Event: 37.089 GC heap before
{Heap before GC invocations=16 (full 3):
 PSYoungGen      total 97792K, used 94525K [0x00000000f5580000, 0x00000000fd380000, 0x0000000100000000)
  eden space 72192K, 100% used [0x00000000f5580000,0x00000000f9c00000,0x00000000f9c00000)
  from space 25600K, 87% used [0x00000000fb780000,0x00000000fcd4f770,0x00000000fd080000)
  to   space 28160K, 0% used [0x00000000f9c00000,0x00000000f9c00000,0x00000000fb780000)
 ParOldGen       total 116736K, used 41363K [0x00000000e0000000, 0x00000000e7200000, 0x00000000f5580000)
  object space 116736K, 35% used [0x00000000e0000000,0x00000000e2864fe0,0x00000000e7200000)
 Metaspace       used 78213K, capacity 84582K, committed 84648K, reserved 1122304K
  class space    used 9453K, capacity 11428K, committed 11432K, reserved 1048576K
Event: 37.102 GC heap after
Heap after GC invocations=16 (full 3):
 PSYoungGen      total 100352K, used 21976K [0x00000000f5580000, 0x00000000fdd00000, 0x0000000100000000)
  eden space 72192K, 0% used [0x00000000f5580000,0x00000000f5580000,0x00000000f9c00000)
  from space 28160K, 78% used [0x00000000f9c00000,0x00000000fb176200,0x00000000fb780000)
  to   space 29696K, 0% used [0x00000000fc000000,0x00000000fc000000,0x00000000fdd00000)
 ParOldGen       total 116736K, used 41371K [0x00000000e0000000, 0x00000000e7200000, 0x00000000f5580000)
  object space 116736K, 35% used [0x00000000e0000000,0x00000000e2866fe0,0x00000000e7200000)
 Metaspace       used 78213K, capacity 84582K, committed 84648K, reserved 1122304K
  class space    used 9453K, capacity 11428K, committed 11432K, reserved 1048576K
}
Event: 63.403 GC heap before
{Heap before GC invocations=17 (full 3):
 PSYoungGen      total 100352K, used 52663K [0x00000000f5580000, 0x00000000fdd00000, 0x0000000100000000)
  eden space 72192K, 42% used [0x00000000f5580000,0x00000000f7377d20,0x00000000f9c00000)
  from space 28160K, 78% used [0x00000000f9c00000,0x00000000fb176200,0x00000000fb780000)
  to   space 29696K, 0% used [0x00000000fc000000,0x00000000fc000000,0x00000000fdd00000)
 ParOldGen       total 116736K, used 41371K [0x00000000e0000000, 0x00000000e7200000, 0x00000000f5580000)
  object space 116736K, 35% used [0x00000000e0000000,0x00000000e2866fe0,0x00000000e7200000)
 Metaspace       used 79935K, capacity 86540K, committed 86824K, reserved 1124352K
  class space    used 9659K, capacity 11689K, committed 11816K, reserved 1048576K
Event: 63.416 GC heap after
Heap after GC invocations=17 (full 3):
 PSYoungGen      total 107008K, used 23146K [0x00000000f5580000, 0x00000000fe100000, 0x0000000100000000)
  eden space 77312K, 0% used [0x00000000f5580000,0x00000000f5580000,0x00000000fa100000)
  from space 29696K, 77% used [0x00000000fc000000,0x00000000fd69a988,0x00000000fdd00000)
  to   space 31744K, 0% used [0x00000000fa100000,0x00000000fa100000,0x00000000fc000000)
 ParOldGen       total 116736K, used 41379K [0x00000000e0000000, 0x00000000e7200000, 0x00000000f5580000)
  object space 116736K, 35% used [0x00000000e0000000,0x00000000e2868fe0,0x00000000e7200000)
 Metaspace       used 79935K, capacity 86540K, committed 86824K, reserved 1124352K
  class space    used 9659K, capacity 11689K, committed 11816K, reserved 1048576K
}
Event: 63.416 GC heap before
{Heap before GC invocations=18 (full 4):
 PSYoungGen      total 107008K, used 23146K [0x00000000f5580000, 0x00000000fe100000, 0x0000000100000000)
  eden space 77312K, 0% used [0x00000000f5580000,0x00000000f5580000,0x00000000fa100000)
  from space 29696K, 77% used [0x00000000fc000000,0x00000000fd69a988,0x00000000fdd00000)
  to   space 31744K, 0% used [0x00000000fa100000,0x00000000fa100000,0x00000000fc000000)
 ParOldGen       total 116736K, used 41379K [0x00000000e0000000, 0x00000000e7200000, 0x00000000f5580000)
  object space 116736K, 35% used [0x00000000e0000000,0x00000000e2868fe0,0x00000000e7200000)
 Metaspace       used 79935K, capacity 86540K, committed 86824K, reserved 1124352K
  class space    used 9659K, capacity 11689K, committed 11816K, reserved 1048576K
Event: 63.762 GC heap after
Heap after GC invocations=18 (full 4):
 PSYoungGen      total 107008K, used 0K [0x00000000f5580000, 0x00000000fe100000, 0x0000000100000000)
  eden space 77312K, 0% used [0x00000000f5580000,0x00000000f5580000,0x00000000fa100000)
  from space 29696K, 0% used [0x00000000fc000000,0x00000000fc000000,0x00000000fdd00000)
  to   space 31744K, 0% used [0x00000000fa100000,0x00000000fa100000,0x00000000fc000000)
 ParOldGen       total 116736K, used 57578K [0x00000000e0000000, 0x00000000e7200000, 0x00000000f5580000)
  object space 116736K, 49% used [0x00000000e0000000,0x00000000e383aba8,0x00000000e7200000)
 Metaspace       used 79935K, capacity 86540K, committed 86824K, reserved 1124352K
  class space    used 9659K, capacity 11689K, committed 11816K, reserved 1048576K
}

Deoptimization events (10 events):
Event: 84.710 Thread 0x00000000024ae800 Uncommon trap: reason=bimorphic action=maybe_recompile pc=0x00000000033cf258 method=org.eclipse.emf.common.util.BasicEMap.entryForKey(IILjava/lang/Object;)Lorg/eclipse/emf/common/util/BasicEMap$Entry; @ 68
Event: 84.710 Thread 0x00000000024ae800 Uncommon trap: reason=bimorphic action=maybe_recompile pc=0x00000000033cf258 method=org.eclipse.emf.common.util.BasicEMap.entryForKey(IILjava/lang/Object;)Lorg/eclipse/emf/common/util/BasicEMap$Entry; @ 68
Event: 84.710 Thread 0x00000000024ae800 Uncommon trap: reason=bimorphic action=maybe_recompile pc=0x00000000033cf258 method=org.eclipse.emf.common.util.BasicEMap.entryForKey(IILjava/lang/Object;)Lorg/eclipse/emf/common/util/BasicEMap$Entry; @ 68
Event: 84.828 Thread 0x0000000018036800 Uncommon trap: reason=unstable_if action=reinterpret pc=0x000000000301be48 method=org.eclipse.e4.ui.internal.workbench.swt.E4Application$1.syncExec(Ljava/lang/Runnable;)V @ 14
Event: 84.871 Thread 0x000000001bb95800 Uncommon trap: reason=unstable_if action=reinterpret pc=0x0000000003f242f8 method=org.eclipse.equinox.internal.event.EventHandlerTracker.getHandlers(Ljava/lang/String;)Ljava/util/Set; @ 28
Event: 84.876 Thread 0x000000001bb95800 Uncommon trap: reason=class_check action=maybe_recompile pc=0x00000000040cfc8c method=org.eclipse.e4.core.internal.contexts.TrackableComputationExt.update(Lorg/eclipse/e4/core/internal/contexts/ContextChangeEvent;)Z @ 62
Event: 84.876 Thread 0x000000001bb95800 Uncommon trap: reason=class_check action=maybe_recompile pc=0x00000000040cfc8c method=org.eclipse.e4.core.internal.contexts.TrackableComputationExt.update(Lorg/eclipse/e4/core/internal/contexts/ContextChangeEvent;)Z @ 62
Event: 84.913 Thread 0x000000001fa25800 Uncommon trap: reason=unstable_if action=reinterpret pc=0x000000000272ffe4 method=sun.nio.cs.SingleByte$Encoder.encode(C)I @ 13
Event: 85.454 Thread 0x000000001bb95800 Uncommon trap: reason=unstable_if action=reinterpret pc=0x0000000003417458 method=org.eclipse.osgi.internal.hooks.EclipseLazyStarter.shouldActivateFor(Ljava/lang/String;Lorg/eclipse/osgi/container/Module;Lorg/eclipse/osgi/container/ModuleRevision;Lorg/ecli÷∆√\`U@
Event: 85.506 Thread 0x000000001bb95800 Uncommon trap: reason=unstable_if action=reinterpret pc=0x000000000379c9e4 method=sun.reflect.UnsafeStaticObjectFieldAccessorImpl.set(Ljava/lang/Object;Ljava/lang/Object;)V @ 13

Internal exceptions (10 events):
Event: 84.804 Thread 0x00000000024ae800 Exception <a 'java/io/FileNotFoundException'> (0x00000000f70d3da0) thrown at [C:\re\workspace\8-2-build-windows-amd64-cygwin\jdk8u66\5298\hotspot\src\share\vm\prims\jni.cpp, line 709]
Event: 84.805 Thread 0x00000000024ae800 Exception <a 'java/io/FileNotFoundException'> (0x00000000f70d60c8) thrown at [C:\re\workspace\8-2-build-windows-amd64-cygwin\jdk8u66\5298\hotspot\src\share\vm\prims\jni.cpp, line 709]
Event: 84.805 Thread 0x00000000024ae800 Exception <a 'java/io/FileNotFoundException'> (0x00000000f70d83f0) thrown at [C:\re\workspace\8-2-build-windows-amd64-cygwin\jdk8u66\5298\hotspot\src\share\vm\prims\jni.cpp, line 709]
Event: 84.805 Thread 0x00000000024ae800 Exception <a 'java/io/FileNotFoundException'> (0x00000000f70da858) thrown at [C:\re\workspace\8-2-build-windows-amd64-cygwin\jdk8u66\5298\hotspot\src\share\vm\prims\jni.cpp, line 709]
Event: 84.912 Thread 0x000000001fa25000 Exception <a 'java/lang/InterruptedException'> (0x00000000f754fcd0) thrown at [C:\re\workspace\8-2-build-windows-amd64-cygwin\jdk8u66\5298\hotspot\src\share\vm\runtime\objectMonitor.cpp, line 1683]
Event: 85.490 Thread 0x0000000018036800 Exception <a 'java/lang/InterruptedException'> (0x00000000f576ec10) thrown at [C:\re\workspace\8-2-build-windows-amd64-cygwin\jdk8u66\5298\hotspot\src\share\vm\runtime\objectMonitor.cpp, line 1683]
Event: 85.506 Thread 0x000000001bb95800 Implicit null exception at 0x000000000379c5d7 to 0x000000000379c9d1
Event: 85.506 Thread 0x0000000017b30800 Exception <a 'java/lang/InterruptedException'> (0x00000000f78bf6c8) thrown at [C:\re\workspace\8-2-build-windows-amd64-cygwin\jdk8u66\5298\hotspot\src\share\vm\runtime\objectMonitor.cpp, line 1683]
Event: 85.510 Thread 0x000000001803a800 Exception <a 'java/lang/InterruptedException'> (0x00000000f6336828) thrown at [C:\re\workspace\8-2-build-windows-amd64-cygwin\jdk8u66\5298\hotspot\src\share\vm\runtime\objectMonitor.cpp, line 1683]
Event: 85.510 Thread 0x0000000017617800 Exception <a 'java/lang/InterruptedException'> (0x00000000f7abd570) thrown at [C:\re\workspace\8-2-build-windows-amd64-cygwin\jdk8u66\5298\hotspot\src\share\vm\runtime\objectMonitor.cpp, line 1683]

Events (10 events):
Event: 85.511 Executing VM operation: RevokeBias
Event: 85.511 Executing VM operation: RevokeBias done
Event: 85.512 Thread 0x000000001bb95800 Thread exited: 0x000000001bb95800
Event: 85.512 loading class java/util/IdentityHashMap$KeyIterator
Event: 85.512 loading class java/util/IdentityHashMap$IdentityHashMapIterator
Event: 85.513 loading class java/util/IdentityHashMap$IdentityHashMapIterator done
Event: 85.513 loading class java/util/IdentityHashMap$KeyIterator done
Event: 85.513 Thread 0x000000001bb96000 Thread added: 0x000000001bb96000
Event: 85.513 Thread 0x000000001bb96000 Thread exited: 0x000000001bb96000
Event: 85.517 Executing VM operation: Exit


Dynamic libraries:
0x0000000000400000 - 0x000000000044f000 	C:\Xilinx\SDK\2016.4\eclipse\win64.o\eclipse.exe
0x00007ff974380000 - 0x00007ff974551000 	C:\WINDOWS\SYSTEM32\ntdll.dll
0x00007ff973360000 - 0x00007ff97340c000 	C:\WINDOWS\System32\KERNEL32.DLL
0x00007ff9676b0000 - 0x00007ff967704000 	C:\Program Files (x86)\AVG\Av\avghooka.dll
0x00007ff970ef0000 - 0x00007ff97110d000 	C:\WINDOWS\System32\KERNELBASE.dll
0x00007ff96ed80000 - 0x00007ff96edfa000 	C:\WINDOWS\system32\apphelp.dll
0x00007ff973700000 - 0x00007ff973865000 	C:\WINDOWS\System32\USER32.dll
0x00007ff970c70000 - 0x00007ff970c8e000 	C:\WINDOWS\System32\win32u.dll
0x00007ff9738e0000 - 0x00007ff973914000 	C:\WINDOWS\System32\GDI32.dll
0x00007ff970870000 - 0x00007ff9709f2000 	C:\WINDOWS\System32\gdi32full.dll
0x00007ff9742d0000 - 0x00007ff97436e000 	C:\WINDOWS\System32\msvcrt.dll
0x00007ff963b10000 - 0x00007ff963d8a000 	C:\WINDOWS\WinSxS\amd64_microsoft.windows.common-controls_6595b64144ccf1df_6.0.14393.953_none_42151e83c686086b\COMCTL32.dll
0x00007ff973920000 - 0x00007ff973be8000 	C:\WINDOWS\System32\combase.dll
0x00007ff970d40000 - 0x00007ff970e35000 	C:\WINDOWS\System32\ucrtbase.dll
0x00007ff973130000 - 0x00007ff973251000 	C:\WINDOWS\System32\RPCRT4.dll
0x00007ff971160000 - 0x00007ff9711ca000 	C:\WINDOWS\System32\bcryptPrimitives.dll
0x00007ff973260000 - 0x00007ff97328e000 	C:\WINDOWS\System32\IMM32.DLL
0x0000000072000000 - 0x0000000072012000 	C:\Xilinx\SDK\2016.4\eclipse\win64.o\plugins\org.eclipse.equinox.launcher.win32.win32.x86_64_1.1.300.v20150602-1417\eclipse_1611.dll
0x00007ff973410000 - 0x00007ff9734b2000 	C:\WINDOWS\System32\ADVAPI32.dll
0x00007ff971910000 - 0x00007ff971969000 	C:\WINDOWS\System32\sechost.dll
0x00007ff962ad0000 - 0x00007ff962ada000 	C:\WINDOWS\SYSTEM32\VERSION.dll
0x00007ff96efc0000 - 0x00007ff96f055000 	C:\WINDOWS\system32\uxtheme.dll
0x00007ff974020000 - 0x00007ff97417a000 	C:\WINDOWS\System32\MSCTF.dll
0x00007ff973290000 - 0x00007ff97334f000 	C:\WINDOWS\System32\OLEAUT32.dll
0x00007ff970bd0000 - 0x00007ff970c6c000 	C:\WINDOWS\System32\msvcp_win.dll
0x00000000586d0000 - 0x0000000058f59000 	C:\Xilinx\SDK\2016.4\tps\win64\jre\bin\server\jvm.dll
0x00007ff973350000 - 0x00007ff973358000 	C:\WINDOWS\System32\PSAPI.DLL
0x00007ff96c780000 - 0x00007ff96c789000 	C:\WINDOWS\SYSTEM32\WSOCK32.dll
0x00007ff973870000 - 0x00007ff9738da000 	C:\WINDOWS\System32\WS2_32.dll
0x00007ff96eac0000 - 0x00007ff96eae3000 	C:\WINDOWS\SYSTEM32\WINMM.dll
0x000000005afc0000 - 0x000000005b092000 	C:\WINDOWS\SYSTEM32\MSVCR100.dll
0x00007ff96e920000 - 0x00007ff96e94b000 	C:\WINDOWS\SYSTEM32\WINMMBASE.dll
0x00007ff971110000 - 0x00007ff971152000 	C:\WINDOWS\System32\cfgmgr32.dll
0x0000000058590000 - 0x000000005859f000 	C:\Xilinx\SDK\2016.4\tps\win64\jre\bin\verify.dll
0x0000000058560000 - 0x0000000058589000 	C:\Xilinx\SDK\2016.4\tps\win64\jre\bin\java.dll
0x0000000058540000 - 0x0000000058556000 	C:\Xilinx\SDK\2016.4\tps\win64\jre\bin\zip.dll
0x00007ff971c20000 - 0x00007ff973128000 	C:\WINDOWS\System32\SHELL32.dll
0x00007ff971230000 - 0x00007ff97190a000 	C:\WINDOWS\System32\windows.storage.dll
0x00007ff970820000 - 0x00007ff97086c000 	C:\WINDOWS\System32\powrprof.dll
0x00007ff9741f0000 - 0x00007ff974242000 	C:\WINDOWS\System32\shlwapi.dll
0x00007ff970810000 - 0x00007ff97081f000 	C:\WINDOWS\System32\kernel.appcore.dll
0x00007ff970c90000 - 0x00007ff970d39000 	C:\WINDOWS\System32\shcore.dll
0x00007ff9707f0000 - 0x00007ff970804000 	C:\WINDOWS\System32\profapi.dll
0x00007ff970260000 - 0x00007ff970277000 	C:\WINDOWS\SYSTEM32\CRYPTSP.dll
0x00007ff96fcb0000 - 0x00007ff96fce3000 	C:\WINDOWS\system32\rsaenh.dll
0x00007ff970720000 - 0x00007ff97074b000 	C:\WINDOWS\SYSTEM32\bcrypt.dll
0x00007ff96ff30000 - 0x00007ff96ff4f000 	C:\WINDOWS\SYSTEM32\USERENV.dll
0x00007ff970250000 - 0x00007ff97025b000 	C:\WINDOWS\SYSTEM32\CRYPTBASE.dll
0x0000000058520000 - 0x000000005853a000 	C:\Xilinx\SDK\2016.4\tps\win64\jre\bin\net.dll
0x00007ff9700b0000 - 0x00007ff97010c000 	C:\WINDOWS\system32\mswsock.dll
0x00007ff96fe30000 - 0x00007ff96fe68000 	C:\WINDOWS\SYSTEM32\IPHLPAPI.DLL
0x00007ff974370000 - 0x00007ff974378000 	C:\WINDOWS\System32\NSI.dll
0x00007ff96cc10000 - 0x00007ff96cc26000 	C:\WINDOWS\SYSTEM32\dhcpcsvc6.DLL
0x00007ff96cb40000 - 0x00007ff96cb5a000 	C:\WINDOWS\SYSTEM32\dhcpcsvc.DLL
0x0000000058500000 - 0x0000000058511000 	C:\Xilinx\SDK\2016.4\tps\win64\jre\bin\nio.dll
0x00007ff95e4a0000 - 0x00007ff95e4b6000 	C:\WINDOWS\system32\napinsp.dll
0x00007ff95e470000 - 0x00007ff95e48a000 	C:\WINDOWS\system32\pnrpnsp.dll
0x00007ff96be20000 - 0x00007ff96be38000 	C:\WINDOWS\system32\NLAapi.dll
0x00007ff96fe70000 - 0x00007ff96ff11000 	C:\WINDOWS\SYSTEM32\DNSAPI.dll
0x00007ff962ee0000 - 0x00007ff962eee000 	C:\WINDOWS\System32\winrnr.dll
0x000000005b0d0000 - 0x000000005b0f6000 	C:\Program Files\Bonjour\mdnsNSP.dll
0x00007ff96b090000 - 0x00007ff96b09a000 	C:\Windows\System32\rasadhlp.dll
0x00007ff96b450000 - 0x00007ff96b4ba000 	C:\WINDOWS\System32\fwpuclnt.dll
0x0000000018480000 - 0x0000000018528000 	C:\Users\Utilizador\.Xilinx\SDK\2016.4\org.eclipse.osgi\319\0\.cp\swt-win32-4527.dll
0x00007ff971a70000 - 0x00007ff971ba8000 	C:\WINDOWS\System32\ole32.dll
0x00007ff971970000 - 0x00007ff971a6a000 	C:\WINDOWS\System32\comdlg32.dll
0x00007ff970a00000 - 0x00007ff970bc9000 	C:\WINDOWS\System32\CRYPT32.dll
0x00007ff9707e0000 - 0x00007ff9707f0000 	C:\WINDOWS\System32\MSASN1.dll
0x00007ff96bc30000 - 0x00007ff96bcb6000 	C:\WINDOWS\SYSTEM32\WINSPOOL.DRV
0x00007ff968ba0000 - 0x00007ff968bb9000 	C:\WINDOWS\SYSTEM32\USP10.dll
0x00007ff96ce90000 - 0x00007ff96d15a000 	C:\WINDOWS\SYSTEM32\WININET.dll
0x00007ff96dd30000 - 0x00007ff96dd56000 	C:\WINDOWS\system32\dwmapi.dll
0x00007ff96daa0000 - 0x00007ff96dc25000 	C:\WINDOWS\SYSTEM32\propsys.dll
0x00007ff973660000 - 0x00007ff9736ff000 	C:\WINDOWS\System32\clbcatq.dll
0x00000000186c0000 - 0x00000000186de000 	C:\Users\Utilizador\.Xilinx\SDK\2016.4\org.eclipse.osgi\319\0\.cp\swt-gdip-win32-4527.dll
0x00007ff965510000 - 0x00007ff9656aa000 	C:\WINDOWS\WinSxS\amd64_microsoft.windows.gdiplus_6595b64144ccf1df_1.1.14393.953_none_7300116921188239\gdiplus.dll
0x00007ff96c910000 - 0x00007ff96cab8000 	C:\WINDOWS\SYSTEM32\WindowsCodecs.dll
0x0000000180000000 - 0x0000000180012000 	C:\Users\Utilizador\.Xilinx\SDK\2016.4\org.eclipse.osgi\133\0\.cp\os\win32\x86_64\localfile_1_0_0.dll
0x00007ff95d140000 - 0x00007ff95d1a5000 	C:\WINDOWS\SYSTEM32\oleacc.dll
0x00007ff96a9c0000 - 0x00007ff96a9c7000 	C:\WINDOWS\SYSTEM32\msimg32.dll
0x00007ff963070000 - 0x00007ff963081000 	C:\Users\Utilizador\.Xilinx\SDK\2016.4\org.eclipse.osgi\136\0\.cp\jWinHttp-1.0.0.dll
0x00007ff96dc60000 - 0x00007ff96dd2d000 	C:\WINDOWS\SYSTEM32\WINHTTP.dll
0x00007ff9671d0000 - 0x00007ff9671df000 	C:\Xilinx\SDK\2016.4\lib\win64.o\librdi_repo_manager.dll
0x00007ff957020000 - 0x00007ff95704a000 	C:\Xilinx\SDK\2016.4\lib\win64.o\libisl_sysinfo.dll
0x00007ff90c490000 - 0x00007ff90cf3a000 	C:\Xilinx\SDK\2016.4\lib\win64.o\librdi_common.dll
0x00007ff94b600000 - 0x00007ff94b653000 	C:\Xilinx\SDK\2016.4\lib\win64.o\librdi_commonxillic.dll
0x00007ff913820000 - 0x00007ff913a18000 	C:\Xilinx\SDK\2016.4\lib\win64.o\librdi_hsm.dll
0x00007ff964c00000 - 0x00007ff964ca7000 	C:\WINDOWS\SYSTEM32\MSVCP110.dll
0x00007ff964cb0000 - 0x00007ff964d84000 	C:\WINDOWS\SYSTEM32\MSVCR110.dll
0x00007ff9134b0000 - 0x00007ff91381e000 	C:\Xilinx\SDK\2016.4\lib\win64.o\libCOIN-all.dll
0x00007ff9119f0000 - 0x00007ff911c0f000 	C:\Xilinx\SDK\2016.4\lib\win64.o\libXil_lmgr11.dll
0x00007ff9711d0000 - 0x00007ff971225000 	C:\WINDOWS\System32\WINTRUST.dll
0x00007ff966e50000 - 0x00007ff966e60000 	C:\Xilinx\SDK\2016.4\lib\win64.o\libboost_date_time.dll
0x00007ff956860000 - 0x00007ff956884000 	C:\Xilinx\SDK\2016.4\lib\win64.o\libboost_filesystem.dll
0x00007ff949ea0000 - 0x00007ff949f17000 	C:\Xilinx\SDK\2016.4\lib\win64.o\libboost_program_options.dll
0x00007ff9428d0000 - 0x00007ff9429d6000 	C:\Xilinx\SDK\2016.4\lib\win64.o\libboost_regex.dll
0x00007ff95e930000 - 0x00007ff95e943000 	C:\Xilinx\SDK\2016.4\lib\win64.o\libboost_signals.dll
0x00007ff964ef0000 - 0x00007ff964ef9000 	C:\Xilinx\SDK\2016.4\lib\win64.o\libboost_system.dll
0x00007ff95cc00000 - 0x00007ff95cc1d000 	C:\Xilinx\SDK\2016.4\lib\win64.o\libboost_thread.dll
0x00007ff964e70000 - 0x00007ff964e7b000 	C:\Xilinx\SDK\2016.4\lib\win64.o\libboost_xilinx.dll
0x00007ff949930000 - 0x00007ff9499b0000 	C:\Xilinx\SDK\2016.4\lib\win64.o\libhdlpsolve.dll
0x00007ff949360000 - 0x00007ff9493fa000 	C:\Xilinx\SDK\2016.4\lib\win64.o\libhdxml.dll
0x00007ff911620000 - 0x00007ff9119e9000 	C:\Xilinx\SDK\2016.4\lib\win64.o\libisl_iostreams.dll
0x00007ff95cb10000 - 0x00007ff95cb25000 	C:\Xilinx\SDK\2016.4\lib\win64.o\pthreadVC2.dll
0x00007ff913380000 - 0x00007ff9134b0000 	C:\Xilinx\SDK\2016.4\lib\win64.o\librdi_curl.dll
0x00007ff958ac0000 - 0x00007ff958ad8000 	C:\Xilinx\SDK\2016.4\lib\win64.o\librdiconfig.dll
0x00007ff9589f0000 - 0x00007ff958a0f000 	C:\Xilinx\SDK\2016.4\lib\win64.o\librdizlib.dll
0x00000000585a0000 - 0x00000000586c7000 	C:\Xilinx\SDK\2016.4\lib\win64.o\tcl85t.dll
0x00000000258e0000 - 0x0000000025b43000 	C:\Xilinx\SDK\2016.4\lib\win64.o\xerces-c_3_1.dll
0x00007ff963320000 - 0x00007ff9634e3000 	C:\WINDOWS\SYSTEM32\urlmon.dll
0x00007ff9636d0000 - 0x00007ff9636f3000 	C:\WINDOWS\SYSTEM32\VCOMP110.DLL
0x00007ff94c910000 - 0x00007ff94c953000 	C:\Xilinx\SDK\2016.4\lib\win64.o\librdi_hdf.dll
0x00007ff910780000 - 0x00007ff910a48000 	C:\Xilinx\SDK\2016.4\lib\win64.o\librdi_ippcw.dll
0x00007ff96a770000 - 0x00007ff96a788000 	C:\WINDOWS\SYSTEM32\NETAPI32.dll
0x00007ff964d90000 - 0x00007ff964d9b000 	C:\Xilinx\SDK\2016.4\lib\win64.o\libboost_chrono.dll
0x00007ff958840000 - 0x00007ff958856000 	C:\Xilinx\SDK\2016.4\lib\win64.o\libboost_iostreams.dll
0x00007ff9540a0000 - 0x00007ff9540c3000 	C:\Xilinx\SDK\2016.4\lib\win64.o\libisl_iosutils.dll
0x00007ff96ab70000 - 0x00007ff96ae15000 	C:\WINDOWS\SYSTEM32\iertutil.dll
0x00007ff962a20000 - 0x00007ff962a62000 	C:\WINDOWS\SYSTEM32\edputil.dll
0x00007ff9649a0000 - 0x00007ff9649aa000 	C:\Xilinx\SDK\2016.4\lib\win64.o\librdi_jtag_settings.dll
0x00007ff953700000 - 0x00007ff953729000 	C:\Xilinx\SDK\2016.4\lib\win64.o\librdi_debug_dialog.dll
0x00007ff964940000 - 0x00007ff964948000 	C:\Xilinx\SDK\2016.4\lib\win64.o\librdi_target_manager.dll
0x00007ff957230000 - 0x00007ff957246000 	C:\Xilinx\SDK\2016.4\eclipse\win64.o\plugins\org.eclipse.cdt.core.win32.x86_64_5.4.0.201509131935\os\win32\x86_64\spawner.dll
0x00007ff900560000 - 0x00007ff900d70000 	C:\Xilinx\SDK\2016.4\lib\win64.o\libXil_lmgr11FNP.dll
0x00007ff973bf0000 - 0x00007ff974019000 	C:\WINDOWS\System32\SETUPAPI.dll
0x00007ff961440000 - 0x00007ff96144c000 	C:\WINDOWS\SYSTEM32\snmpapi.dll
0x00007ff970450000 - 0x00007ff97047c000 	C:\WINDOWS\SYSTEM32\SspiCli.dll
0x00000000238a0000 - 0x00000000238a3000 	C:\WINDOWS\SYSTEM32\icmp.Dll

VM Arguments:
jvm_args: -Dcom.xilinx.sdk.args.hwspec=C:/Users/Utilizador/Desktop/Universidade/4_ano/2_semestre/CR/Projeto/ProjetoFinal/MP_ToDisplays/MP_ToDisplays.sdk/DebUART_wrapper.hdf -Xms64m -Xmx512m & 
java_command: <unknown>
java_class_path (initial): C:\Xilinx\SDK\2016.4\eclipse\win64.o\\plugins/org.eclipse.equinox.launcher_1.3.100.v20150511-1540.jar
Launcher Type: generic

Environment Variables:
JAVA_HOME=C:\Program Files\Java\jdk1.8.0_101
PATH=C:/Xilinx/SDK/2016.4/tps/win64/jre/bin/server;C:/Xilinx/SDK/2016.4/tps/win64/jre/bin;C:/Xilinx/SDK/2016.4/tps/win64/jre/lib/amd64;C:\Xilinx\SDK\2016.4\gnuwin\bin;C:\Xilinx\SDK\2016.4\gnu\microblaze\nt\bin;C:\Xilinx\SDK\2016.4\gnu\microblaze\linux_toolchain\nt64_le\bin;C:\Xilinx\SDK\2016.4\gnu\microblaze\linux_toolchain\nt64_be\bin;C:\Xilinx\SDK\2016.4\gnu\arm\nt\bin;C:\Xilinx\SDK\2016.4\gnu\aarch64\nt\aarch64-none\bin;C:\Xilinx\SDK\2016.4\gnu\aarch64\nt\aarch64-linux\bin;C:\Xilinx\SDK\2016.4\gnu\armr5\nt\gcc-arm-none-eabi\bin;C:\Xilinx\SDK\2016.4\gnu\aarch32\nt\gcc-arm-none-eabi\bin;C:\Xilinx\SDK\2016.4\gnu\aarch32\nt\gcc-arm-linux-gnueabi\bin;C:\Xilinx\SDK\2016.4\tps\win64\cmake-3.3.2\bin;;C:\Xilinx\SDK\2016.4\bin;C:\Xilinx\SDK\2016.4\lib\win64.o;C:\Xilinx\SDK\2016.4\tps\win64\jre\bin\server;C:\Xilinx\SDK\2016.4\tps\win64\jre\bin;C:\Xilinx\Vivado\2016.4\ids_lite\ISE\bin\nt64;C:\Xilinx\Vivado\2016.4\ids_lite\ISE\lib\nt64;C:\Xilinx\Vivado\2016.4\bin;C:\Xilinx\Vivado\2016.4\lib\win64.o;C:\Xilinx\Vivado\2016.4\tps\win64\jre\bin\server;C:\Xilinx\Vivado\2016.4\tps\win64\jre\bin;C:\Xilinx\Vivado_HLS\2016.4\bin;C:\WINDOWS\system32\Npcap;C:\Program Files\MATLAB\MATLAB Production Server\R2015a\runtime\win64;C:\Program Files\MATLAB\MATLAB Production Server\R2015a\bin;C:\Program Files\MATLAB\MATLAB Production Server\R2015a\polyspace\bin;C:\Program Files\PuTTY\;c:\Program Files\Intel\WiFi\bin\;c:\Program Files\Common Files\Intel\WirelessCommon\;C:\Users\Utilizador\AppData\Roaming\npm;C:\Users\Utilizador\AppData\Local\Microsoft\WindowsApps;C:\Python27;C:\Program Files\Java\jdk1.8.0_101\bin;C:\Program Files\NetBeans 8.2\java\maven\bin;c:\Users\Utilizador\Desktop\Universidade\4_ano\2_semestre\CR\Projeto\ProjetoFinal\MP_ToDisplays;
USERNAME=Utilizador
OS=Windows_NT
PROCESSOR_IDENTIFIER=Intel64 Family 6 Model 60 Stepping 3, GenuineIntel



---------------  S Y S T E M  ---------------

OS: Windows 10.0 , 64 bit Build 14393 (10.0.14393.1198)

CPU:total 8 (4 cores per cpu, 2 threads per core) family 6 model 60 stepping 3, cmov, cx8, fxsr, mmx, sse, sse2, sse3, ssse3, sse4.1, sse4.2, popcnt, avx, avx2, aes, clmul, erms, lzcnt, ht, tsc, tscinvbit, bmi1, bmi2

Memory: 4k page, physical 8319000k(2016724k free), swap 12976516k(4277756k free)

vm_info: Java HotSpot(TM) 64-Bit Server VM (25.66-b18) for windows-amd64 JRE (1.8.0_66-b18), built on Nov  9 2015 10:51:13 by "java_re" with MS VC++ 10.0 (VS2010)

time: Sun May 28 18:25:56 2017
elapsed time: 124 seconds (0d 0h 2m 4s)

