#
# A fatal error has been detected by the Java Runtime Environment:
#
#  EXCEPTION_UNCAUGHT_CXX_EXCEPTION (0xe06d7363) at pc=0x00007ff970f23c58, pid=2816, tid=7212
#
# JRE version: Java(TM) SE Runtime Environment (8.0_66-b18) (build 1.8.0_66-b18)
# Java VM: Java HotSpot(TM) 64-Bit Server VM (25.66-b18 mixed mode windows-amd64 compressed oops)
# Problematic frame:
# C  [KERNELBASE.dll+0x33c58]
#
# Failed to write core dump. Minidumps are not enabled by default on client versions of Windows
#
# If you would like to submit a bug report, please visit:
#   http://bugreport.java.com/bugreport/crash.jsp
#

---------------  T H R E A D  ---------------

Current thread (0x0000000013d29800):  VMThread [stack: 0x0000000015a00000,0x0000000015b00000] [id=7212]

siginfo: ExceptionCode=0xe06d7363, ExceptionInformation=0x0000000019930520 0x0000000015aff648 0x00007ff964d62cb8 0x00007ff964cb0000 

Registers:
RAX=0x004c0044002e006c, RBX=0x00007ff964d62cb8, RCX=0x000000000000004c, RDX=0x0000000000000000
RSP=0x0000000015aff490, RBP=0x0000000015aff5d0, RSI=0x00000000ffffffff, RDI=0x00000000285cae90
R8 =0x0000000000000000, R9 =0x0000000000000000, R10=0x0000000000000000, R11=0x0000000000000000
R12=0x0000000000000001, R13=0x0000000000000008, R14=0x0000000000000000, R15=0xffffffffffffffff
RIP=0x00007ff970f23c58, EFLAGS=0x0000000000000206

Top of Stack: (sp=0x0000000015aff490)
0x0000000015aff490:   0000000000000000 00007ff964d62cb8
0x0000000015aff4a0:   00000000ffffffff 00000000285cae90
0x0000000015aff4b0:   00000001e06d7363 0000000000000000
0x0000000015aff4c0:   00007ff970f23c58 00007ff900000004
0x0000000015aff4d0:   0000000019930520 0000000015aff648
0x0000000015aff4e0:   00007ff964d62cb8 00007ff964cb0000
0x0000000015aff4f0:   0000000000000008 0000000000000001
0x0000000015aff500:   00000000285cae90 00000000ffffffff
0x0000000015aff510:   0000000015aff5d0 00007ff9743cc26f
0x0000000015aff520:   0000000015aff5e0 0000000000000000
0x0000000015aff530:   00008a57d25d9e39 0000000000000001
0x0000000015aff540:   00007ff964d79000 00007ff964cb0000
0x0000000015aff550:   00006a6b0409b4e7 0000000015aff780
0x0000000015aff560:   00007ff964d62cb8 00007ff964d0e92c
0x0000000015aff570:   000000000000001f 0000000000000008
0x0000000015aff580:   0000000000000001 00000000285cae90 

Instructions: (pc=0x00007ff970f23c58)
0x00007ff970f23c38:   49 8b d1 44 0f 47 c0 44 89 44 24 38 49 c1 e0 03
0x00007ff970f23c48:   e8 47 90 04 00 48 8d 4c 24 20 ff 15 a0 44 11 00
0x00007ff970f23c58:   48 8b 8c 24 c0 00 00 00 48 33 cc e8 d8 55 04 00
0x00007ff970f23c68:   48 81 c4 d8 00 00 00 c3 83 64 24 38 00 eb d6 cc 


Register to memory mapping:

RAX=0x004c0044002e006c is an unknown value
RBX=0x00007ff964d62cb8 is an unknown value
RCX=0x000000000000004c is an unknown value
RDX=0x0000000000000000 is an unknown value
RSP=0x0000000015aff490 is an unknown value
RBP=0x0000000015aff5d0 is an unknown value
RSI=0x00000000ffffffff is an unallocated location in the heap
RDI=0x00000000285cae90 is an unknown value
R8 =0x0000000000000000 is an unknown value
R9 =0x0000000000000000 is an unknown value
R10=0x0000000000000000 is an unknown value
R11=0x0000000000000000 is an unknown value
R12=0x0000000000000001 is an unknown value
R13=0x0000000000000008 is an unknown value
R14=0x0000000000000000 is an unknown value
R15=0xffffffffffffffff is an unknown value


Stack: [0x0000000015a00000,0x0000000015b00000],  sp=0x0000000015aff490,  free space=1021k
Native frames: (J=compiled Java code, j=interpreted, Vv=VM code, C=native code)
C  [KERNELBASE.dll+0x33c58]
C  [MSVCR110.dll+0x5e92c]
C  [MSVCR110.dll+0x1315c]
C  [MSVCR110.dll+0x136a9]
C  [MSVCR110.dll+0x13e9c]
C  [MSVCR110.dll+0x239e]
C  [MSVCR110.dll+0xaf9e]
C  [MSVCP110.dll+0x397b9]
C  [librdi_common.dll+0x183a66]
C  [librdi_common.dll+0x1826fb]
C  [librdi_target_manager.dll+0x2400]
C  [librdi_target_manager.dll+0x2682]
C  [ntdll.dll+0x2a35f]
C  [ntdll.dll+0x806b]
C  [ntdll.dll+0x7d94]
C  [KERNEL32.DLL+0x1ce6a]
C  [MSVCR100.dll+0x20ccd]
V  [jvm.dll+0x210cc5]
V  [jvm.dll+0x249897]
V  [jvm.dll+0x248b36]
V  [jvm.dll+0x248fd1]
V  [jvm.dll+0x2491ee]
V  [jvm.dll+0x29a0fa]
C  [MSVCR100.dll+0x21d9f]
C  [MSVCR100.dll+0x21e3b]
C  [KERNEL32.DLL+0x8364]
C  [ntdll.dll+0x670d1]

VM_Operation (0x000000000014f4c0): Exit, mode: safepoint, requested by thread 0x0000000001f3e800


---------------  P R O C E S S  ---------------

Java Threads: ( => current thread )
  0x000000001bc4c800 JavaThread "pool-2-thread-1" [_thread_blocked, id=12364, stack(0x000000002b470000,0x000000002b570000)]
  0x000000001bc4d800 JavaThread "Thread-30" daemon [_thread_blocked, id=8388, stack(0x000000002b270000,0x000000002b370000)]
  0x000000001978a800 JavaThread "TCF Channel Transmitter" daemon [_thread_blocked, id=15808, stack(0x0000000028070000,0x0000000028170000)]
  0x0000000019789800 JavaThread "TCF Channel Receiver" daemon [_thread_in_native, id=9300, stack(0x0000000027f70000,0x0000000028070000)]
  0x000000001978b000 JavaThread "Process monitor" daemon [_thread_in_native, id=15608, stack(0x0000000027180000,0x0000000027280000)]
  0x000000001978c000 JavaThread "Input Stream Monitor" daemon [_thread_blocked, id=15156, stack(0x0000000027080000,0x0000000027180000)]
  0x000000001978d800 JavaThread "Output Stream Monitor" daemon [_thread_in_native, id=11368, stack(0x0000000026f80000,0x0000000027080000)]
  0x0000000019782000 JavaThread "Output Stream Monitor" daemon [_thread_in_native, id=13800, stack(0x0000000026e80000,0x0000000026f80000)]
  0x0000000019786800 JavaThread "TCF Locator DNS Lookup" daemon [_thread_blocked, id=9280, stack(0x0000000025700000,0x0000000025800000)]
  0x0000000019786000 JavaThread "TCF Locator Timer" daemon [_thread_blocked, id=18284, stack(0x00000000253b0000,0x00000000254b0000)]
  0x0000000019784800 JavaThread "TCF Locator Receiver" daemon [_thread_in_native, id=9676, stack(0x00000000252b0000,0x00000000253b0000)]
  0x000000001946d000 JavaThread "TCF Timer Dispatcher" daemon [_thread_blocked, id=7108, stack(0x0000000024dd0000,0x0000000024ed0000)]
  0x00000000172db000 JavaThread "EMF Reference Cleaner" daemon [_thread_blocked, id=18180, stack(0x000000001a4e0000,0x000000001a5e0000)]
  0x0000000015ec2800 JavaThread "Service Thread" daemon [_thread_blocked, id=8700, stack(0x0000000016800000,0x0000000016900000)]
  0x0000000015e3b000 JavaThread "C1 CompilerThread3" daemon [_thread_blocked, id=11260, stack(0x0000000016700000,0x0000000016800000)]
  0x0000000015e2a000 JavaThread "C2 CompilerThread2" daemon [_thread_blocked, id=8460, stack(0x0000000016600000,0x0000000016700000)]
  0x0000000015e28800 JavaThread "C2 CompilerThread1" daemon [_thread_blocked, id=6624, stack(0x0000000016500000,0x0000000016600000)]
  0x0000000015e27000 JavaThread "C2 CompilerThread0" daemon [_thread_blocked, id=4828, stack(0x0000000016400000,0x0000000016500000)]
  0x0000000015e35800 JavaThread "Attach Listener" daemon [_thread_blocked, id=6492, stack(0x0000000016300000,0x0000000016400000)]
  0x0000000015e34000 JavaThread "Signal Dispatcher" daemon [_thread_blocked, id=15388, stack(0x0000000016200000,0x0000000016300000)]
  0x00000000024b9800 JavaThread "Finalizer" daemon [_thread_blocked, id=2248, stack(0x0000000015c00000,0x0000000015d00000)]
  0x0000000013d2d800 JavaThread "Reference Handler" daemon [_thread_blocked, id=2804, stack(0x0000000015b00000,0x0000000015c00000)]
  0x0000000001f3e800 JavaThread "main" [_thread_blocked, id=7088, stack(0x0000000000050000,0x0000000000150000)]

Other Threads:
=>0x0000000013d29800 VMThread [stack: 0x0000000015a00000,0x0000000015b00000] [id=7212]

VM state:at safepoint (shutting down)

VM Mutex/Monitor currently owned by a thread:  ([mutex/lock_event])
[0x0000000001f3d6f0] Threads_lock - owner thread: 0x0000000013d29800

Heap:
 PSYoungGen      total 103936K, used 41566K [0x00000000f5580000, 0x00000000fd880000, 0x0000000100000000)
  eden space 75264K, 55% used [0x00000000f5580000,0x00000000f7e17988,0x00000000f9f00000)
  from space 28672K, 0% used [0x00000000fbb80000,0x00000000fbb80000,0x00000000fd780000)
  to   space 29184K, 0% used [0x00000000f9f00000,0x00000000f9f00000,0x00000000fbb80000)
 ParOldGen       total 117248K, used 55854K [0x00000000e0000000, 0x00000000e7280000, 0x00000000f5580000)
  object space 117248K, 47% used [0x00000000e0000000,0x00000000e368bb38,0x00000000e7280000)
 Metaspace       used 81887K, capacity 88908K, committed 89136K, reserved 1126400K
  class space    used 9878K, capacity 12034K, committed 12080K, reserved 1048576K

Card table byte_map: [0x0000000011880000,0x0000000011990000] byte_map_base: 0x0000000011180000

Marking Bits: (ParMarkBitMap*) 0x0000000058e3a5b0
 Begin Bits: [0x0000000012240000, 0x0000000012a40000)
 End Bits:   [0x0000000012a40000, 0x0000000013240000)

Polling page: 0x0000000001f00000

CodeCache: size=245760Kb used=28687Kb max_used=29087Kb free=217072Kb
 bounds [0x00000000024c0000, 0x0000000004170000, 0x00000000114c0000]
 total_blobs=8615 nmethods=7735 adapters=789
 compilation: enabled

Compilation events (10 events):
Event: 317.585 Thread 0x0000000015e3b000 9417       3       org.eclipse.osgi.storage.bundlefile.MRUBundleFileList::removeInternal (37 bytes)
Event: 317.585 Thread 0x0000000015e3b000 nmethod 9417 0x0000000002c46450 code [0x0000000002c465c0, 0x0000000002c46a30]
Event: 317.586 Thread 0x0000000015e3b000 9420   !   3       org.eclipse.osgi.storage.BundleInfo$Generation::close (34 bytes)
Event: 317.586 Thread 0x0000000015e3b000 nmethod 9420 0x0000000002974ed0 code [0x0000000002975040, 0x0000000002975468]
Event: 317.587 Thread 0x0000000015e3b000 9421       3       org.eclipse.osgi.container.Module::holdsTransitionEventLock (25 bytes)
Event: 317.587 Thread 0x0000000015e3b000 nmethod 9421 0x0000000002d9eb10 code [0x0000000002d9eca0, 0x0000000002d9f3c8]
Event: 317.588 Thread 0x0000000015e3b000 9422       3       org.eclipse.osgi.container.ModuleWiring::unload (6 bytes)
Event: 317.588 Thread 0x0000000015e3b000 nmethod 9422 0x0000000002ebf510 code [0x0000000002ebf680, 0x0000000002ebf808]
Event: 317.588 Thread 0x0000000015e3b000 9423       3       org.eclipse.osgi.container.ModuleWiring::invalidate0 (52 bytes)
Event: 317.589 Thread 0x0000000015e3b000 nmethod 9423 0x0000000002d59a90 code [0x0000000002d59c40, 0x0000000002d5a5e8]

GC Heap History (10 events):
Event: 159.667 GC heap before
{Heap before GC invocations=19 (full 5):
 PSYoungGen      total 103936K, used 4923K [0x00000000f5580000, 0x00000000fd680000, 0x0000000100000000)
  eden space 75776K, 0% used [0x00000000f5580000,0x00000000f5580000,0x00000000f9f80000)
  from space 28160K, 17% used [0x00000000fbb00000,0x00000000fbfcecf8,0x00000000fd680000)
  to   space 28160K, 0% used [0x00000000f9f80000,0x00000000f9f80000,0x00000000fbb00000)
 ParOldGen       total 117248K, used 54755K [0x00000000e0000000, 0x00000000e7280000, 0x00000000f5580000)
  object space 117248K, 46% used [0x00000000e0000000,0x00000000e3578d90,0x00000000e7280000)
 Metaspace       used 80265K, capacity 87076K, committed 87344K, reserved 1124352K
  class space    used 9721K, capacity 11806K, committed 11824K, reserved 1048576K
Event: 160.088 GC heap after
Heap after GC invocations=19 (full 5):
 PSYoungGen      total 103936K, used 0K [0x00000000f5580000, 0x00000000fd680000, 0x0000000100000000)
  eden space 75776K, 0% used [0x00000000f5580000,0x00000000f5580000,0x00000000f9f80000)
  from space 28160K, 0% used [0x00000000fbb00000,0x00000000fbb00000,0x00000000fd680000)
  to   space 28160K, 0% used [0x00000000f9f80000,0x00000000f9f80000,0x00000000fbb00000)
 ParOldGen       total 117248K, used 58401K [0x00000000e0000000, 0x00000000e7280000, 0x00000000f5580000)
  object space 117248K, 49% used [0x00000000e0000000,0x00000000e39085d8,0x00000000e7280000)
 Metaspace       used 80265K, capacity 87076K, committed 87344K, reserved 1124352K
  class space    used 9721K, capacity 11806K, committed 11824K, reserved 1048576K
}
Event: 219.667 GC heap before
{Heap before GC invocations=20 (full 5):
 PSYoungGen      total 103936K, used 5944K [0x00000000f5580000, 0x00000000fd680000, 0x0000000100000000)
  eden space 75776K, 7% used [0x00000000f5580000,0x00000000f5b4e1b8,0x00000000f9f80000)
  from space 28160K, 0% used [0x00000000fbb00000,0x00000000fbb00000,0x00000000fd680000)
  to   space 28160K, 0% used [0x00000000f9f80000,0x00000000f9f80000,0x00000000fbb00000)
 ParOldGen       total 117248K, used 58401K [0x00000000e0000000, 0x00000000e7280000, 0x00000000f5580000)
  object space 117248K, 49% used [0x00000000e0000000,0x00000000e39085d8,0x00000000e7280000)
 Metaspace       used 80278K, capacity 87076K, committed 87344K, reserved 1124352K
  class space    used 9721K, capacity 11806K, committed 11824K, reserved 1048576K
Event: 219.672 GC heap after
Heap after GC invocations=20 (full 5):
 PSYoungGen      total 103936K, used 192K [0x00000000f5580000, 0x00000000fd780000, 0x0000000100000000)
  eden space 75776K, 0% used [0x00000000f5580000,0x00000000f5580000,0x00000000f9f80000)
  from space 28160K, 0% used [0x00000000f9f80000,0x00000000f9fb0000,0x00000000fbb00000)
  to   space 28672K, 0% used [0x00000000fbb80000,0x00000000fbb80000,0x00000000fd780000)
 ParOldGen       total 117248K, used 58401K [0x00000000e0000000, 0x00000000e7280000, 0x00000000f5580000)
  object space 117248K, 49% used [0x00000000e0000000,0x00000000e39085d8,0x00000000e7280000)
 Metaspace       used 80278K, capacity 87076K, committed 87344K, reserved 1124352K
  class space    used 9721K, capacity 11806K, committed 11824K, reserved 1048576K
}
Event: 219.672 GC heap before
{Heap before GC invocations=21 (full 6):
 PSYoungGen      total 103936K, used 192K [0x00000000f5580000, 0x00000000fd780000, 0x0000000100000000)
  eden space 75776K, 0% used [0x00000000f5580000,0x00000000f5580000,0x00000000f9f80000)
  from space 28160K, 0% used [0x00000000f9f80000,0x00000000f9fb0000,0x00000000fbb00000)
  to   space 28672K, 0% used [0x00000000fbb80000,0x00000000fbb80000,0x00000000fd780000)
 ParOldGen       total 117248K, used 58401K [0x00000000e0000000, 0x00000000e7280000, 0x00000000f5580000)
  object space 117248K, 49% used [0x00000000e0000000,0x00000000e39085d8,0x00000000e7280000)
 Metaspace       used 80278K, capacity 87076K, committed 87344K, reserved 1124352K
  class space    used 9721K, capacity 11806K, committed 11824K, reserved 1048576K
Event: 219.986 GC heap after
Heap after GC invocations=21 (full 6):
 PSYoungGen      total 103936K, used 0K [0x00000000f5580000, 0x00000000fd780000, 0x0000000100000000)
  eden space 75776K, 0% used [0x00000000f5580000,0x00000000f5580000,0x00000000f9f80000)
  from space 28160K, 0% used [0x00000000f9f80000,0x00000000f9f80000,0x00000000fbb00000)
  to   space 28672K, 0% used [0x00000000fbb80000,0x00000000fbb80000,0x00000000fd780000)
 ParOldGen       total 117248K, used 55863K [0x00000000e0000000, 0x00000000e7280000, 0x00000000f5580000)
  object space 117248K, 47% used [0x00000000e0000000,0x00000000e368df70,0x00000000e7280000)
 Metaspace       used 80278K, capacity 87076K, committed 87344K, reserved 1124352K
  class space    used 9721K, capacity 11806K, committed 11824K, reserved 1048576K
}
Event: 279.675 GC heap before
{Heap before GC invocations=22 (full 6):
 PSYoungGen      total 103936K, used 5355K [0x00000000f5580000, 0x00000000fd780000, 0x0000000100000000)
  eden space 75776K, 7% used [0x00000000f5580000,0x00000000f5abac98,0x00000000f9f80000)
  from space 28160K, 0% used [0x00000000f9f80000,0x00000000f9f80000,0x00000000fbb00000)
  to   space 28672K, 0% used [0x00000000fbb80000,0x00000000fbb80000,0x00000000fd780000)
 ParOldGen       total 117248K, used 55863K [0x00000000e0000000, 0x00000000e7280000, 0x00000000f5580000)
  object space 117248K, 47% used [0x00000000e0000000,0x00000000e368df70,0x00000000e7280000)
 Metaspace       used 80302K, capacity 87076K, committed 87344K, reserved 1124352K
  class space    used 9721K, capacity 11806K, committed 11824K, reserved 1048576K
Event: 279.679 GC heap after
Heap after GC invocations=22 (full 6):
 PSYoungGen      total 103936K, used 288K [0x00000000f5580000, 0x00000000fd880000, 0x0000000100000000)
  eden space 75264K, 0% used [0x00000000f5580000,0x00000000f5580000,0x00000000f9f00000)
  from space 28672K, 1% used [0x00000000fbb80000,0x00000000fbbc8000,0x00000000fd780000)
  to   space 29184K, 0% used [0x00000000f9f00000,0x00000000f9f00000,0x00000000fbb80000)
 ParOldGen       total 117248K, used 55871K [0x00000000e0000000, 0x00000000e7280000, 0x00000000f5580000)
  object space 117248K, 47% used [0x00000000e0000000,0x00000000e368ff70,0x00000000e7280000)
 Metaspace       used 80302K, capacity 87076K, committed 87344K, reserved 1124352K
  class space    used 9721K, capacity 11806K, committed 11824K, reserved 1048576K
}
Event: 279.679 GC heap before
{Heap before GC invocations=23 (full 7):
 PSYoungGen      total 103936K, used 288K [0x00000000f5580000, 0x00000000fd880000, 0x0000000100000000)
  eden space 75264K, 0% used [0x00000000f5580000,0x00000000f5580000,0x00000000f9f00000)
  from space 28672K, 1% used [0x00000000fbb80000,0x00000000fbbc8000,0x00000000fd780000)
  to   space 29184K, 0% used [0x00000000f9f00000,0x00000000f9f00000,0x00000000fbb80000)
 ParOldGen       total 117248K, used 55871K [0x00000000e0000000, 0x00000000e7280000, 0x00000000f5580000)
  object space 117248K, 47% used [0x00000000e0000000,0x00000000e368ff70,0x00000000e7280000)
 Metaspace       used 80302K, capacity 87076K, committed 87344K, reserved 1124352K
  class space    used 9721K, capacity 11806K, committed 11824K, reserved 1048576K
Event: 279.815 GC heap after
Heap after GC invocations=23 (full 7):
 PSYoungGen      total 103936K, used 0K [0x00000000f5580000, 0x00000000fd880000, 0x0000000100000000)
  eden space 75264K, 0% used [0x00000000f5580000,0x00000000f5580000,0x00000000f9f00000)
  from space 28672K, 0% used [0x00000000fbb80000,0x00000000fbb80000,0x00000000fd780000)
  to   space 29184K, 0% used [0x00000000f9f00000,0x00000000f9f00000,0x00000000fbb80000)
 ParOldGen       total 117248K, used 55854K [0x00000000e0000000, 0x00000000e7280000, 0x00000000f5580000)
  object space 117248K, 47% used [0x00000000e0000000,0x00000000e368bb38,0x00000000e7280000)
 Metaspace       used 80302K, capacity 87076K, committed 87344K, reserved 1124352K
  class space    used 9721K, capacity 11806K, committed 11824K, reserved 1048576K
}

Deoptimization events (10 events):
Event: 316.650 Thread 0x0000000001f3e800 Uncommon trap: reason=unstable_if action=reinterpret pc=0x0000000003f18c54 method=org.eclipse.e4.ui.internal.workbench.swt.PartRenderingEngine.someAreVisible(Ljava/util/List;)Z @ 41
Event: 316.674 Thread 0x0000000001f3e800 Uncommon trap: reason=unstable_if action=reinterpret pc=0x0000000003f97b60 method=org.eclipse.emf.ecore.impl.MinimalEObjectImpl.setField(ILjava/lang/Object;)V @ 9
Event: 316.881 Thread 0x000000001946c800 Uncommon trap: reason=unstable_if action=reinterpret pc=0x0000000003fa36cc method=org.eclipse.e4.ui.internal.workbench.swt.E4Application$1.syncExec(Ljava/lang/Runnable;)V @ 14
Event: 316.918 Thread 0x000000001bc4a800 Uncommon trap: reason=unstable_if action=reinterpret pc=0x000000000405bd90 method=org.eclipse.equinox.internal.event.EventHandlerTracker.getHandlers(Ljava/lang/String;)Ljava/util/Set; @ 28
Event: 316.923 Thread 0x000000001bc4a800 Uncommon trap: reason=class_check action=maybe_recompile pc=0x00000000040af8d8 method=org.eclipse.e4.core.internal.contexts.TrackableComputationExt.update(Lorg/eclipse/e4/core/internal/contexts/ContextChangeEvent;)Z @ 62
Event: 316.923 Thread 0x000000001bc4a800 Uncommon trap: reason=class_check action=maybe_recompile pc=0x00000000040af8d8 method=org.eclipse.e4.core.internal.contexts.TrackableComputationExt.update(Lorg/eclipse/e4/core/internal/contexts/ContextChangeEvent;)Z @ 62
Event: 316.986 Thread 0x000000001bc40800 Uncommon trap: reason=unstable_if action=reinterpret pc=0x0000000002640ca4 method=sun.nio.cs.SingleByte$Encoder.encode(C)I @ 13
Event: 317.529 Thread 0x000000001bc4a800 Uncommon trap: reason=unstable_if action=reinterpret pc=0x00000000033c4ef0 method=org.eclipse.osgi.internal.hooks.EclipseLazyStarter.shouldActivateFor(Ljava/lang/String;Lorg/eclipse/osgi/container/Module;Lorg/eclipse/osgi/container/ModuleRevision;Lorg/ecli¡$UE…ÿs@
Event: 317.549 Thread 0x000000001bc4a800 Uncommon trap: reason=unstable_if action=reinterpret pc=0x000000000362dcf8 method=org.eclipse.osgi.internal.framework.FilterImpl.compare_Long(IJLjava/lang/Object;)Z @ 146
Event: 317.578 Thread 0x000000001bc4a800 Uncommon trap: reason=unstable_if action=reinterpret pc=0x0000000002b9e458 method=sun.reflect.UnsafeStaticObjectFieldAccessorImpl.set(Ljava/lang/Object;Ljava/lang/Object;)V @ 13

Internal exceptions (10 events):
Event: 316.855 Thread 0x0000000001f3e800 Exception <a 'java/io/FileNotFoundException'> (0x00000000f740f538) thrown at [C:\re\workspace\8-2-build-windows-amd64-cygwin\jdk8u66\5298\hotspot\src\share\vm\prims\jni.cpp, line 709]
Event: 316.855 Thread 0x0000000001f3e800 Exception <a 'java/io/FileNotFoundException'> (0x00000000f7411958) thrown at [C:\re\workspace\8-2-build-windows-amd64-cygwin\jdk8u66\5298\hotspot\src\share\vm\prims\jni.cpp, line 709]
Event: 316.855 Thread 0x0000000001f3e800 Exception <a 'java/io/FileNotFoundException'> (0x00000000f7413d78) thrown at [C:\re\workspace\8-2-build-windows-amd64-cygwin\jdk8u66\5298\hotspot\src\share\vm\prims\jni.cpp, line 709]
Event: 316.856 Thread 0x0000000001f3e800 Exception <a 'java/io/FileNotFoundException'> (0x00000000f74162d8) thrown at [C:\re\workspace\8-2-build-windows-amd64-cygwin\jdk8u66\5298\hotspot\src\share\vm\prims\jni.cpp, line 709]
Event: 316.968 Thread 0x000000001bc41000 Exception <a 'java/lang/InterruptedException'> (0x00000000f7869de8) thrown at [C:\re\workspace\8-2-build-windows-amd64-cygwin\jdk8u66\5298\hotspot\src\share\vm\runtime\objectMonitor.cpp, line 1683]
Event: 317.562 Thread 0x000000001946c800 Exception <a 'java/lang/InterruptedException'> (0x00000000f602fb10) thrown at [C:\re\workspace\8-2-build-windows-amd64-cygwin\jdk8u66\5298\hotspot\src\share\vm\runtime\objectMonitor.cpp, line 1683]
Event: 317.578 Thread 0x000000001bc4a800 Implicit null exception at 0x0000000002b9e053 to 0x0000000002b9e445
Event: 317.578 Thread 0x000000001916e800 Exception <a 'java/lang/InterruptedException'> (0x00000000f7baecf0) thrown at [C:\re\workspace\8-2-build-windows-amd64-cygwin\jdk8u66\5298\hotspot\src\share\vm\runtime\objectMonitor.cpp, line 1683]
Event: 317.586 Thread 0x0000000019472800 Exception <a 'java/lang/InterruptedException'> (0x00000000f5ca5ee8) thrown at [C:\re\workspace\8-2-build-windows-amd64-cygwin\jdk8u66\5298\hotspot\src\share\vm\runtime\objectMonitor.cpp, line 1683]
Event: 317.586 Thread 0x0000000019340000 Exception <a 'java/lang/InterruptedException'> (0x00000000f7db4588) thrown at [C:\re\workspace\8-2-build-windows-amd64-cygwin\jdk8u66\5298\hotspot\src\share\vm\runtime\objectMonitor.cpp, line 1683]

Events (10 events):
Event: 317.588 Thread 0x0000000015e3b000 flushing nmethod 0x0000000003268fd0
Event: 317.588 Thread 0x000000001bc41000 Thread exited: 0x000000001bc41000
Event: 317.589 Thread 0x0000000015e3b000 flushing nmethod 0x0000000003281910
Event: 317.589 Thread 0x0000000015e3b000 flushing nmethod 0x0000000003287bd0
Event: 317.589 Thread 0x0000000015e3b000 flushing nmethod 0x00000000032bcd50
Event: 317.589 Thread 0x0000000015e3b000 flushing nmethod 0x00000000032c7c90
Event: 317.589 Thread 0x0000000015e3b000 flushing nmethod 0x0000000003340050
Event: 317.589 Thread 0x0000000015e3b000 flushing nmethod 0x00000000033494d0
Event: 317.589 Thread 0x0000000015e3b000 flushing nmethod 0x000000000334bf90
Event: 317.589 Executing VM operation: Exit


Dynamic libraries:
0x0000000000400000 - 0x000000000044f000 	C:\Xilinx\SDK\2016.4\eclipse\win64.o\eclipse.exe
0x00007ff974380000 - 0x00007ff974551000 	C:\WINDOWS\SYSTEM32\ntdll.dll
0x00007ff973360000 - 0x00007ff97340c000 	C:\WINDOWS\System32\KERNEL32.DLL
0x00007ff9676b0000 - 0x00007ff967704000 	C:\Program Files (x86)\AVG\Av\avghooka.dll
0x00007ff970ef0000 - 0x00007ff97110d000 	C:\WINDOWS\System32\KERNELBASE.dll
0x00007ff96ed80000 - 0x00007ff96edfa000 	C:\WINDOWS\system32\apphelp.dll
0x00007ff973700000 - 0x00007ff973865000 	C:\WINDOWS\System32\USER32.dll
0x00007ff970c70000 - 0x00007ff970c8e000 	C:\WINDOWS\System32\win32u.dll
0x00007ff9738e0000 - 0x00007ff973914000 	C:\WINDOWS\System32\GDI32.dll
0x00007ff970870000 - 0x00007ff9709f2000 	C:\WINDOWS\System32\gdi32full.dll
0x00007ff9742d0000 - 0x00007ff97436e000 	C:\WINDOWS\System32\msvcrt.dll
0x00007ff963b10000 - 0x00007ff963d8a000 	C:\WINDOWS\WinSxS\amd64_microsoft.windows.common-controls_6595b64144ccf1df_6.0.14393.953_none_42151e83c686086b\COMCTL32.dll
0x00007ff973920000 - 0x00007ff973be8000 	C:\WINDOWS\System32\combase.dll
0x00007ff970d40000 - 0x00007ff970e35000 	C:\WINDOWS\System32\ucrtbase.dll
0x00007ff973130000 - 0x00007ff973251000 	C:\WINDOWS\System32\RPCRT4.dll
0x00007ff971160000 - 0x00007ff9711ca000 	C:\WINDOWS\System32\bcryptPrimitives.dll
0x00007ff973260000 - 0x00007ff97328e000 	C:\WINDOWS\System32\IMM32.DLL
0x0000000072000000 - 0x0000000072012000 	C:\Xilinx\SDK\2016.4\eclipse\win64.o\plugins\org.eclipse.equinox.launcher.win32.win32.x86_64_1.1.300.v20150602-1417\eclipse_1611.dll
0x00007ff973410000 - 0x00007ff9734b2000 	C:\WINDOWS\System32\ADVAPI32.dll
0x00007ff971910000 - 0x00007ff971969000 	C:\WINDOWS\System32\sechost.dll
0x00007ff962ad0000 - 0x00007ff962ada000 	C:\WINDOWS\SYSTEM32\VERSION.dll
0x00007ff96efc0000 - 0x00007ff96f055000 	C:\WINDOWS\system32\uxtheme.dll
0x00007ff974020000 - 0x00007ff97417a000 	C:\WINDOWS\System32\MSCTF.dll
0x00007ff973290000 - 0x00007ff97334f000 	C:\WINDOWS\System32\OLEAUT32.dll
0x00007ff970bd0000 - 0x00007ff970c6c000 	C:\WINDOWS\System32\msvcp_win.dll
0x00007ff971c20000 - 0x00007ff973128000 	C:\WINDOWS\System32\SHELL32.dll
0x00007ff971110000 - 0x00007ff971152000 	C:\WINDOWS\System32\cfgmgr32.dll
0x00007ff971230000 - 0x00007ff97190a000 	C:\WINDOWS\System32\windows.storage.dll
0x00007ff970820000 - 0x00007ff97086c000 	C:\WINDOWS\System32\powrprof.dll
0x00007ff9741f0000 - 0x00007ff974242000 	C:\WINDOWS\System32\shlwapi.dll
0x00007ff970810000 - 0x00007ff97081f000 	C:\WINDOWS\System32\kernel.appcore.dll
0x00007ff970c90000 - 0x00007ff970d39000 	C:\WINDOWS\System32\shcore.dll
0x00007ff9707f0000 - 0x00007ff970804000 	C:\WINDOWS\System32\profapi.dll
0x00007ff971a70000 - 0x00007ff971ba8000 	C:\WINDOWS\System32\ole32.dll
0x0000000058630000 - 0x0000000058eb9000 	C:\Xilinx\SDK\2016.4\tps\win64\jre\bin\server\jvm.dll
0x00007ff973350000 - 0x00007ff973358000 	C:\WINDOWS\System32\PSAPI.DLL
0x00007ff96c260000 - 0x00007ff96c269000 	C:\WINDOWS\SYSTEM32\WSOCK32.dll
0x00007ff973870000 - 0x00007ff9738da000 	C:\WINDOWS\System32\WS2_32.dll
0x00007ff96eac0000 - 0x00007ff96eae3000 	C:\WINDOWS\SYSTEM32\WINMM.dll
0x000000005afc0000 - 0x000000005b092000 	C:\WINDOWS\SYSTEM32\MSVCR100.dll
0x00007ff96e920000 - 0x00007ff96e94b000 	C:\WINDOWS\SYSTEM32\WINMMBASE.dll
0x0000000059b20000 - 0x0000000059b2f000 	C:\Xilinx\SDK\2016.4\tps\win64\jre\bin\verify.dll
0x0000000059af0000 - 0x0000000059b19000 	C:\Xilinx\SDK\2016.4\tps\win64\jre\bin\java.dll
0x0000000059ad0000 - 0x0000000059ae6000 	C:\Xilinx\SDK\2016.4\tps\win64\jre\bin\zip.dll
0x00007ff970260000 - 0x00007ff970277000 	C:\WINDOWS\SYSTEM32\CRYPTSP.dll
0x00007ff96fcb0000 - 0x00007ff96fce3000 	C:\WINDOWS\system32\rsaenh.dll
0x00007ff970720000 - 0x00007ff97074b000 	C:\WINDOWS\SYSTEM32\bcrypt.dll
0x00007ff96ff30000 - 0x00007ff96ff4f000 	C:\WINDOWS\SYSTEM32\USERENV.dll
0x00007ff970250000 - 0x00007ff97025b000 	C:\WINDOWS\SYSTEM32\CRYPTBASE.dll
0x0000000059ab0000 - 0x0000000059aca000 	C:\Xilinx\SDK\2016.4\tps\win64\jre\bin\net.dll
0x00007ff9700b0000 - 0x00007ff97010c000 	C:\WINDOWS\system32\mswsock.dll
0x00007ff96fe30000 - 0x00007ff96fe68000 	C:\WINDOWS\SYSTEM32\IPHLPAPI.DLL
0x00007ff974370000 - 0x00007ff974378000 	C:\WINDOWS\System32\NSI.dll
0x00007ff96cc10000 - 0x00007ff96cc26000 	C:\WINDOWS\SYSTEM32\dhcpcsvc6.DLL
0x00007ff96cb40000 - 0x00007ff96cb5a000 	C:\WINDOWS\SYSTEM32\dhcpcsvc.DLL
0x0000000059a90000 - 0x0000000059aa1000 	C:\Xilinx\SDK\2016.4\tps\win64\jre\bin\nio.dll
0x00007ff95e4a0000 - 0x00007ff95e4b6000 	C:\WINDOWS\system32\napinsp.dll
0x00007ff95e470000 - 0x00007ff95e48a000 	C:\WINDOWS\system32\pnrpnsp.dll
0x00007ff96be20000 - 0x00007ff96be38000 	C:\WINDOWS\system32\NLAapi.dll
0x00007ff96fe70000 - 0x00007ff96ff11000 	C:\WINDOWS\SYSTEM32\DNSAPI.dll
0x00007ff962ee0000 - 0x00007ff962eee000 	C:\WINDOWS\System32\winrnr.dll
0x000000005b0d0000 - 0x000000005b0f6000 	C:\Program Files\Bonjour\mdnsNSP.dll
0x00007ff96b090000 - 0x00007ff96b09a000 	C:\Windows\System32\rasadhlp.dll
0x00007ff96b450000 - 0x00007ff96b4ba000 	C:\WINDOWS\System32\fwpuclnt.dll
0x0000000018750000 - 0x00000000187f8000 	C:\Users\Utilizador\.Xilinx\SDK\2016.4\org.eclipse.osgi\319\0\.cp\swt-win32-4527.dll
0x00007ff971970000 - 0x00007ff971a6a000 	C:\WINDOWS\System32\comdlg32.dll
0x00007ff970a00000 - 0x00007ff970bc9000 	C:\WINDOWS\System32\CRYPT32.dll
0x00007ff9707e0000 - 0x00007ff9707f0000 	C:\WINDOWS\System32\MSASN1.dll
0x00007ff96bc30000 - 0x00007ff96bcb6000 	C:\WINDOWS\SYSTEM32\WINSPOOL.DRV
0x00007ff956e60000 - 0x00007ff956e79000 	C:\WINDOWS\SYSTEM32\USP10.dll
0x00007ff96ce90000 - 0x00007ff96d15a000 	C:\WINDOWS\SYSTEM32\WININET.dll
0x00007ff96dd30000 - 0x00007ff96dd56000 	C:\WINDOWS\system32\dwmapi.dll
0x00007ff96daa0000 - 0x00007ff96dc25000 	C:\WINDOWS\SYSTEM32\propsys.dll
0x00007ff973660000 - 0x00007ff9736ff000 	C:\WINDOWS\System32\clbcatq.dll
0x0000000018710000 - 0x000000001872e000 	C:\Users\Utilizador\.Xilinx\SDK\2016.4\org.eclipse.osgi\319\0\.cp\swt-gdip-win32-4527.dll
0x00007ff965510000 - 0x00007ff9656aa000 	C:\WINDOWS\WinSxS\amd64_microsoft.windows.gdiplus_6595b64144ccf1df_1.1.14393.953_none_7300116921188239\gdiplus.dll
0x00007ff96c910000 - 0x00007ff96cab8000 	C:\WINDOWS\SYSTEM32\WindowsCodecs.dll
0x0000000180000000 - 0x0000000180012000 	C:\Users\Utilizador\.Xilinx\SDK\2016.4\org.eclipse.osgi\133\0\.cp\os\win32\x86_64\localfile_1_0_0.dll
0x00007ff95f420000 - 0x00007ff95f485000 	C:\WINDOWS\SYSTEM32\oleacc.dll
0x00007ff96a9c0000 - 0x00007ff96a9c7000 	C:\WINDOWS\SYSTEM32\msimg32.dll
0x00007ff95cb20000 - 0x00007ff95cb31000 	C:\Users\Utilizador\.Xilinx\SDK\2016.4\org.eclipse.osgi\136\0\.cp\jWinHttp-1.0.0.dll
0x00007ff96dc60000 - 0x00007ff96dd2d000 	C:\WINDOWS\SYSTEM32\WINHTTP.dll
0x00007ff965320000 - 0x00007ff96532f000 	C:\Xilinx\SDK\2016.4\lib\win64.o\librdi_repo_manager.dll
0x00007ff9574b0000 - 0x00007ff9574da000 	C:\Xilinx\SDK\2016.4\lib\win64.o\libisl_sysinfo.dll
0x00007ff910a40000 - 0x00007ff9114ea000 	C:\Xilinx\SDK\2016.4\lib\win64.o\librdi_common.dll
0x00007ff950b80000 - 0x00007ff950bd3000 	C:\Xilinx\SDK\2016.4\lib\win64.o\librdi_commonxillic.dll
0x00007ff91a710000 - 0x00007ff91a908000 	C:\Xilinx\SDK\2016.4\lib\win64.o\librdi_hsm.dll
0x00007ff964c00000 - 0x00007ff964ca7000 	C:\WINDOWS\SYSTEM32\MSVCP110.dll
0x00007ff964cb0000 - 0x00007ff964d84000 	C:\WINDOWS\SYSTEM32\MSVCR110.dll
0x00007ff91a3a0000 - 0x00007ff91a70e000 	C:\Xilinx\SDK\2016.4\lib\win64.o\libCOIN-all.dll
0x00007ff91a180000 - 0x00007ff91a39f000 	C:\Xilinx\SDK\2016.4\lib\win64.o\libXil_lmgr11.dll
0x00007ff9711d0000 - 0x00007ff971225000 	C:\WINDOWS\System32\WINTRUST.dll
0x00007ff964d90000 - 0x00007ff964da0000 	C:\Xilinx\SDK\2016.4\lib\win64.o\libboost_date_time.dll
0x00007ff953700000 - 0x00007ff953724000 	C:\Xilinx\SDK\2016.4\lib\win64.o\libboost_filesystem.dll
0x00007ff94a380000 - 0x00007ff94a3f7000 	C:\Xilinx\SDK\2016.4\lib\win64.o\libboost_program_options.dll
0x00007ff91fc50000 - 0x00007ff91fd56000 	C:\Xilinx\SDK\2016.4\lib\win64.o\libboost_regex.dll
0x00007ff956340000 - 0x00007ff956353000 	C:\Xilinx\SDK\2016.4\lib\win64.o\libboost_signals.dll
0x00007ff963db0000 - 0x00007ff963db9000 	C:\Xilinx\SDK\2016.4\lib\win64.o\libboost_system.dll
0x00007ff955ef0000 - 0x00007ff955f0d000 	C:\Xilinx\SDK\2016.4\lib\win64.o\libboost_thread.dll
0x00007ff9636b0000 - 0x00007ff9636bb000 	C:\Xilinx\SDK\2016.4\lib\win64.o\libboost_xilinx.dll
0x00007ff91fbd0000 - 0x00007ff91fc50000 	C:\Xilinx\SDK\2016.4\lib\win64.o\libhdlpsolve.dll
0x00007ff91f990000 - 0x00007ff91fa2a000 	C:\Xilinx\SDK\2016.4\lib\win64.o\libhdxml.dll
0x00007ff910670000 - 0x00007ff910a39000 	C:\Xilinx\SDK\2016.4\lib\win64.o\libisl_iostreams.dll
0x00007ff955520000 - 0x00007ff955535000 	C:\Xilinx\SDK\2016.4\lib\win64.o\pthreadVC2.dll
0x00007ff910320000 - 0x00007ff910450000 	C:\Xilinx\SDK\2016.4\lib\win64.o\librdi_curl.dll
0x00007ff9523d0000 - 0x00007ff9523e8000 	C:\Xilinx\SDK\2016.4\lib\win64.o\librdiconfig.dll
0x00007ff9522e0000 - 0x00007ff9522ff000 	C:\Xilinx\SDK\2016.4\lib\win64.o\librdizlib.dll
0x0000000059b30000 - 0x0000000059c57000 	C:\Xilinx\SDK\2016.4\lib\win64.o\tcl85t.dll
0x0000000026850000 - 0x0000000026ab3000 	C:\Xilinx\SDK\2016.4\lib\win64.o\xerces-c_3_1.dll
0x00007ff963320000 - 0x00007ff9634e3000 	C:\WINDOWS\SYSTEM32\urlmon.dll
0x00007ff9649c0000 - 0x00007ff9649e3000 	C:\WINDOWS\SYSTEM32\VCOMP110.DLL
0x00007ff952160000 - 0x00007ff9521a3000 	C:\Xilinx\SDK\2016.4\lib\win64.o\librdi_hdf.dll
0x00007ff910050000 - 0x00007ff910318000 	C:\Xilinx\SDK\2016.4\lib\win64.o\librdi_ippcw.dll
0x00007ff96a770000 - 0x00007ff96a788000 	C:\WINDOWS\SYSTEM32\NETAPI32.dll
0x00007ff962090000 - 0x00007ff96209b000 	C:\Xilinx\SDK\2016.4\lib\win64.o\libboost_chrono.dll
0x00007ff951a60000 - 0x00007ff951a76000 	C:\Xilinx\SDK\2016.4\lib\win64.o\libboost_iostreams.dll
0x00007ff94fe20000 - 0x00007ff94fe43000 	C:\Xilinx\SDK\2016.4\lib\win64.o\libisl_iosutils.dll
0x00007ff96ab70000 - 0x00007ff96ae15000 	C:\WINDOWS\SYSTEM32\iertutil.dll
0x00007ff962a20000 - 0x00007ff962a62000 	C:\WINDOWS\SYSTEM32\edputil.dll
0x00007ff950b60000 - 0x00007ff950b76000 	C:\Xilinx\SDK\2016.4\eclipse\win64.o\plugins\org.eclipse.cdt.core.win32.x86_64_5.4.0.201509131935\os\win32\x86_64\spawner.dll
0x00007ff9614b0000 - 0x00007ff9614ba000 	C:\Xilinx\SDK\2016.4\lib\win64.o\librdi_jtag_settings.dll
0x00007ff94f7c0000 - 0x00007ff94f7e9000 	C:\Xilinx\SDK\2016.4\lib\win64.o\librdi_debug_dialog.dll
0x00007ff960640000 - 0x00007ff960648000 	C:\Xilinx\SDK\2016.4\lib\win64.o\librdi_target_manager.dll
0x00007ff90c580000 - 0x00007ff90cd90000 	C:\Xilinx\SDK\2016.4\lib\win64.o\libXil_lmgr11FNP.dll
0x00007ff973bf0000 - 0x00007ff974019000 	C:\WINDOWS\System32\SETUPAPI.dll
0x00007ff961440000 - 0x00007ff96144c000 	C:\WINDOWS\SYSTEM32\snmpapi.dll
0x00007ff970450000 - 0x00007ff97047c000 	C:\WINDOWS\SYSTEM32\SspiCli.dll
0x000000001c1e0000 - 0x000000001c1e3000 	C:\WINDOWS\SYSTEM32\icmp.Dll

VM Arguments:
jvm_args: -Dcom.xilinx.sdk.args.hwspec=C:/Users/Utilizador/Desktop/Universidade/4_ano/2_semestre/CR/Projeto/ProjetoFinal/MP_ToDisplays/MP_ToDisplays.sdk/DebUART_wrapper.hdf -Xms64m -Xmx512m & 
java_command: <unknown>
java_class_path (initial): C:\Xilinx\SDK\2016.4\eclipse\win64.o\\plugins/org.eclipse.equinox.launcher_1.3.100.v20150511-1540.jar
Launcher Type: generic

Environment Variables:
JAVA_HOME=C:\Program Files\Java\jdk1.8.0_101
PATH=C:/Xilinx/SDK/2016.4/tps/win64/jre/bin/server;C:/Xilinx/SDK/2016.4/tps/win64/jre/bin;C:/Xilinx/SDK/2016.4/tps/win64/jre/lib/amd64;C:\Xilinx\SDK\2016.4\gnuwin\bin;C:\Xilinx\SDK\2016.4\gnu\microblaze\nt\bin;C:\Xilinx\SDK\2016.4\gnu\microblaze\linux_toolchain\nt64_le\bin;C:\Xilinx\SDK\2016.4\gnu\microblaze\linux_toolchain\nt64_be\bin;C:\Xilinx\SDK\2016.4\gnu\arm\nt\bin;C:\Xilinx\SDK\2016.4\gnu\aarch64\nt\aarch64-none\bin;C:\Xilinx\SDK\2016.4\gnu\aarch64\nt\aarch64-linux\bin;C:\Xilinx\SDK\2016.4\gnu\armr5\nt\gcc-arm-none-eabi\bin;C:\Xilinx\SDK\2016.4\gnu\aarch32\nt\gcc-arm-none-eabi\bin;C:\Xilinx\SDK\2016.4\gnu\aarch32\nt\gcc-arm-linux-gnueabi\bin;C:\Xilinx\SDK\2016.4\tps\win64\cmake-3.3.2\bin;;C:\Xilinx\SDK\2016.4\bin;C:\Xilinx\SDK\2016.4\lib\win64.o;C:\Xilinx\SDK\2016.4\tps\win64\jre\bin\server;C:\Xilinx\SDK\2016.4\tps\win64\jre\bin;C:\Xilinx\Vivado\2016.4\ids_lite\ISE\bin\nt64;C:\Xilinx\Vivado\2016.4\ids_lite\ISE\lib\nt64;C:\Xilinx\Vivado\2016.4\bin;C:\Xilinx\Vivado\2016.4\lib\win64.o;C:\Xilinx\Vivado\2016.4\tps\win64\jre\bin\server;C:\Xilinx\Vivado\2016.4\tps\win64\jre\bin;C:\Xilinx\Vivado_HLS\2016.4\bin;C:\WINDOWS\system32\Npcap;C:\Program Files\MATLAB\MATLAB Production Server\R2015a\runtime\win64;C:\Program Files\MATLAB\MATLAB Production Server\R2015a\bin;C:\Program Files\MATLAB\MATLAB Production Server\R2015a\polyspace\bin;C:\Program Files\PuTTY\;c:\Program Files\Intel\WiFi\bin\;c:\Program Files\Common Files\Intel\WirelessCommon\;C:\Users\Utilizador\AppData\Roaming\npm;C:\Users\Utilizador\AppData\Local\Microsoft\WindowsApps;C:\Python27;C:\Program Files\Java\jdk1.8.0_101\bin;C:\Program Files\NetBeans 8.2\java\maven\bin;C:\Users\Utilizador\Desktop\Universidade\4_ano\2_semestre\CR\Projeto\ProjetoFinal\MP_ToDisplays;
USERNAME=Utilizador
OS=Windows_NT
PROCESSOR_IDENTIFIER=Intel64 Family 6 Model 60 Stepping 3, GenuineIntel



---------------  S Y S T E M  ---------------

OS: Windows 10.0 , 64 bit Build 14393 (10.0.14393.1198)

CPU:total 8 (4 cores per cpu, 2 threads per core) family 6 model 60 stepping 3, cmov, cx8, fxsr, mmx, sse, sse2, sse3, ssse3, sse4.1, sse4.2, popcnt, avx, avx2, aes, clmul, erms, lzcnt, ht, tsc, tscinvbit, bmi1, bmi2

Memory: 4k page, physical 8319000k(2180140k free), swap 12976516k(4365412k free)

vm_info: Java HotSpot(TM) 64-Bit Server VM (25.66-b18) for windows-amd64 JRE (1.8.0_66-b18), built on Nov  9 2015 10:51:13 by "java_re" with MS VC++ 10.0 (VS2010)

time: Fri May 26 18:53:37 2017
elapsed time: 318 seconds (0d 0h 5m 18s)

