#
# A fatal error has been detected by the Java Runtime Environment:
#
#  Internal Error (0xc000000d), pid=18076, tid=8444
#
# JRE version: Java(TM) SE Runtime Environment (8.0_66-b18) (build 1.8.0_66-b18)
# Java VM: Java HotSpot(TM) 64-Bit Server VM (25.66-b18 mixed mode windows-amd64 compressed oops)
# Problematic frame:
# C  [ntdll.dll+0xff44c]
#
# Failed to write core dump. Minidumps are not enabled by default on client versions of Windows
#
# If you would like to submit a bug report, please visit:
#   http://bugreport.java.com/bugreport/crash.jsp
#

---------------  T H R E A D  ---------------

Current thread (0x0000000013cd9800):  VMThread [stack: 0x00000000159f0000,0x0000000015af0000] [id=8444]

siginfo: ExceptionCode=0xc000000d

Registers:
RAX=0x0000000000000000, RBX=0xfffffffffffffffe, RCX=0x0000000000000000, RDX=0x0000000000000000
RSP=0x0000000015aef270, RBP=0x00007ff964cb7408, RSI=0x0000000000000000, RDI=0x0000000000000f18
R8 =0x0000000000000000, R9 =0x0000000000020000, R10=0x0000000015aeed50, R11=0x0000000015aeed50
R12=0x00000000006f4600, R13=0x000000002408ba70, R14=0x00000000006f4708, R15=0x0000000015aef3e8
RIP=0x00007ff97447f44c, EFLAGS=0x0000000000000202

Top of Stack: (sp=0x0000000015aef270)
0x0000000015aef270:   0000000000000057 fffffffffffffffe
0x0000000015aef280:   0000000000000000 0000000000000f18
0x0000000015aef290:   00000000c000000d 0000000000000000
0x0000000015aef2a0:   00007ff97447f44c 0000000000000000
0x0000000015aef2b0:   0000000000000000 0000000000000000
0x0000000015aef2c0:   0000000000000000 0000000000000000
0x0000000015aef2d0:   0000000000000000 0000000000000000
0x0000000015aef2e0:   0000000000000000 0000000000000000
0x0000000015aef2f0:   0000000000000000 0000000000000000
0x0000000015aef300:   0000000000000000 0000000000000000
0x0000000015aef310:   0000000000000000 0000000000000000
0x0000000015aef320:   0000000000000000 0000000000000000
0x0000000015aef330:   00006ebb484ab88a 0000000000000000
0x0000000015aef340:   0000000900000020 00007ff97444150d
0x0000000015aef350:   0000000900000000 0000000000000000
0x0000000015aef360:   004e005200450001 00007ff9676b2635 

Instructions: (pc=0x00007ff97447f44c)
0x00007ff97447f42c:   d5 fa ff c7 44 24 20 0d 00 00 c0 b9 57 00 00 00
0x00007ff97447f43c:   e8 7f 13 f6 ff 90 48 8d 4c 24 20 e8 04 bf f4 ff
0x00007ff97447f44c:   eb 00 48 8b 8c 24 c0 00 00 00 48 33 cc e8 82 74
0x00007ff97447f45c:   f9 ff 48 81 c4 d8 00 00 00 c3 40 55 48 83 ec 20 


Register to memory mapping:

RAX=0x0000000000000000 is an unknown value
RBX=0xfffffffffffffffe is an unknown value
RCX=0x0000000000000000 is an unknown value
RDX=0x0000000000000000 is an unknown value
RSP=0x0000000015aef270 is an unknown value
RBP=0x00007ff964cb7408 is an unknown value
RSI=0x0000000000000000 is an unknown value
RDI=0x0000000000000f18 is an unknown value
R8 =0x0000000000000000 is an unknown value
R9 =0x0000000000020000 is an unknown value
R10=0x0000000015aeed50 is an unknown value
R11=0x0000000015aeed50 is an unknown value
R12=0x00000000006f4600 is an unknown value
R13=0x000000002408ba70 is an unknown value
R14=0x00000000006f4708 is an unknown value
R15=0x0000000015aef3e8 is an unknown value


Stack: [0x00000000159f0000,0x0000000015af0000],  sp=0x0000000015aef270,  free space=1020k
Native frames: (J=compiled Java code, j=interpreted, Vv=VM code, C=native code)
C  [ntdll.dll+0xff44c]
C  [ntdll.dll+0xc150d]
C  [KERNEL32.DLL+0x1fafa]
C  [MSVCR110.dll+0x752d]
C  [MSVCR110.dll+0x73c6]
C  [MSVCR110.dll+0x14cca]
C  [MSVCR110.dll+0x13edc]
C  [MSVCR110.dll+0x239e]
C  [MSVCR110.dll+0xaf9e]
C  [MSVCP110.dll+0x397b9]
C  [librdi_common.dll+0x183a66]
C  [librdi_common.dll+0x1826fb]
C  [librdi_target_manager.dll+0x2400]
C  [librdi_target_manager.dll+0x2682]
C  [ntdll.dll+0x2a35f]
C  [ntdll.dll+0x806b]
C  [ntdll.dll+0x7d94]
C  [KERNEL32.DLL+0x1ce6a]
C  [MSVCR100.dll+0x20ccd]
V  [jvm.dll+0x210cc5]
V  [jvm.dll+0x249897]
V  [jvm.dll+0x248b36]
V  [jvm.dll+0x248fd1]
V  [jvm.dll+0x2491ee]
V  [jvm.dll+0x29a0fa]
C  [MSVCR100.dll+0x21d9f]
C  [MSVCR100.dll+0x21e3b]
C  [KERNEL32.DLL+0x8364]
C  [ntdll.dll+0x670d1]

VM_Operation (0x000000000014f4c0): Exit, mode: safepoint, requested by thread 0x00000000005ae800


---------------  P R O C E S S  ---------------

Java Threads: ( => current thread )
  0x000000001c199000 JavaThread "pool-2-thread-4" [_thread_blocked, id=7840, stack(0x00000000333a0000,0x00000000334a0000)]
  0x000000001c3b4800 JavaThread "pool-2-thread-3" [_thread_blocked, id=1548, stack(0x0000000030fa0000,0x00000000310a0000)]
  0x000000001c3b8800 JavaThread "pool-2-thread-2" [_thread_blocked, id=16444, stack(0x000000002f7a0000,0x000000002f8a0000)]
  0x000000001c3b6000 JavaThread "pool-2-thread-1" [_thread_blocked, id=9416, stack(0x000000002c1a0000,0x000000002c2a0000)]
  0x000000001c3b5800 JavaThread "Thread-37" daemon [_thread_blocked, id=15300, stack(0x0000000028aa0000,0x0000000028ba0000)]
  0x000000001c3ab800 JavaThread "TCF Channel Transmitter" daemon [_thread_blocked, id=13528, stack(0x0000000026fa0000,0x00000000270a0000)]
  0x000000001c3b1000 JavaThread "TCF Channel Receiver" daemon [_thread_in_native, id=17160, stack(0x0000000026ea0000,0x0000000026fa0000)]
  0x000000001c3ae000 JavaThread "Process monitor" daemon [_thread_in_native, id=5160, stack(0x00000000267a0000,0x00000000268a0000)]
  0x000000001c3ad000 JavaThread "Input Stream Monitor" daemon [_thread_blocked, id=9768, stack(0x00000000266a0000,0x00000000267a0000)]
  0x000000001c3b0000 JavaThread "Output Stream Monitor" daemon [_thread_in_native, id=4872, stack(0x00000000265a0000,0x00000000266a0000)]
  0x0000000016cf8000 JavaThread "Output Stream Monitor" daemon [_thread_in_native, id=7832, stack(0x00000000264a0000,0x00000000265a0000)]
  0x000000001a965000 JavaThread "TCF Locator DNS Lookup" daemon [_thread_blocked, id=12112, stack(0x0000000023f30000,0x0000000024030000)]
  0x000000001a964800 JavaThread "TCF Locator Timer" daemon [_thread_blocked, id=7936, stack(0x0000000023e30000,0x0000000023f30000)]
  0x000000001a963800 JavaThread "TCF Locator Receiver" daemon [_thread_in_native, id=15224, stack(0x0000000023d30000,0x0000000023e30000)]
  0x000000001a95f000 JavaThread "TCF Timer Dispatcher" daemon [_thread_blocked, id=14352, stack(0x0000000023b30000,0x0000000023c30000)]
  0x0000000016cf6000 JavaThread "EMF Reference Cleaner" daemon [_thread_blocked, id=2532, stack(0x0000000019180000,0x0000000019280000)]
  0x0000000013cee800 JavaThread "Service Thread" daemon [_thread_blocked, id=3648, stack(0x00000000167f0000,0x00000000168f0000)]
  0x0000000015e37000 JavaThread "C1 CompilerThread3" daemon [_thread_blocked, id=17488, stack(0x00000000166f0000,0x00000000167f0000)]
  0x0000000015e20000 JavaThread "C2 CompilerThread2" daemon [_thread_blocked, id=2272, stack(0x00000000165f0000,0x00000000166f0000)]
  0x0000000015e1f800 JavaThread "C2 CompilerThread1" daemon [_thread_blocked, id=7356, stack(0x00000000164f0000,0x00000000165f0000)]
  0x0000000015e1d800 JavaThread "C2 CompilerThread0" daemon [_thread_blocked, id=10820, stack(0x00000000163f0000,0x00000000164f0000)]
  0x0000000015e2c800 JavaThread "Attach Listener" daemon [_thread_blocked, id=1712, stack(0x00000000162f0000,0x00000000163f0000)]
  0x0000000015e2b800 JavaThread "Signal Dispatcher" daemon [_thread_blocked, id=13180, stack(0x00000000161f0000,0x00000000162f0000)]
  0x000000000246a800 JavaThread "Finalizer" daemon [_thread_blocked, id=12036, stack(0x0000000015bf0000,0x0000000015cf0000)]
  0x0000000013cdd800 JavaThread "Reference Handler" daemon [_thread_blocked, id=7912, stack(0x0000000015af0000,0x0000000015bf0000)]
  0x00000000005ae800 JavaThread "main" [_thread_blocked, id=15800, stack(0x0000000000050000,0x0000000000150000)]

Other Threads:
=>0x0000000013cd9800 VMThread [stack: 0x00000000159f0000,0x0000000015af0000] [id=8444]

VM state:at safepoint (shutting down)

VM Mutex/Monitor currently owned by a thread:  ([mutex/lock_event])
[0x00000000005ad160] Threads_lock - owner thread: 0x0000000013cd9800

Heap:
 PSYoungGen      total 104448K, used 76560K [0x00000000f5580000, 0x00000000fd600000, 0x0000000100000000)
  eden space 76288K, 97% used [0x00000000f5580000,0x00000000f9e3a498,0x00000000fa000000)
  from space 28160K, 7% used [0x00000000fa000000,0x00000000fa209c60,0x00000000fbb80000)
  to   space 27136K, 0% used [0x00000000fbb80000,0x00000000fbb80000,0x00000000fd600000)
 ParOldGen       total 116736K, used 46442K [0x00000000e0000000, 0x00000000e7200000, 0x00000000f5580000)
  object space 116736K, 39% used [0x00000000e0000000,0x00000000e2d5ab90,0x00000000e7200000)
 Metaspace       used 86328K, capacity 93622K, committed 93872K, reserved 1130496K
  class space    used 10133K, capacity 12391K, committed 12464K, reserved 1048576K

Card table byte_map: [0x0000000011830000,0x0000000011940000] byte_map_base: 0x0000000011130000

Marking Bits: (ParMarkBitMap*) 0x00000000596ca5b0
 Begin Bits: [0x00000000121f0000, 0x00000000129f0000)
 End Bits:   [0x00000000129f0000, 0x00000000131f0000)

Polling page: 0x0000000000570000

CodeCache: size=245760Kb used=40538Kb max_used=41024Kb free=205221Kb
 bounds [0x0000000002470000, 0x0000000004cd0000, 0x0000000011470000]
 total_blobs=11930 nmethods=11042 adapters=795
 compilation: enabled

Compilation events (10 events):
Event: 981.462 Thread 0x0000000015e37000 13771       3       org.eclipse.osgi.internal.container.AtomicLazyInitializer::getAndClear (9 bytes)
Event: 981.462 Thread 0x0000000015e37000 nmethod 13771 0x00000000036fd1d0 code [0x00000000036fd340, 0x00000000036fd590]
Event: 981.464 Thread 0x0000000015e37000 13772       3       java.util.concurrent.atomic.AtomicReference::getAndSet (12 bytes)
Event: 981.464 Thread 0x0000000015e37000 nmethod 13772 0x00000000026ba610 code [0x00000000026ba760, 0x00000000026ba8d0]
Event: 981.465 Thread 0x0000000015e37000 13773       3       sun.misc.Unsafe::getAndSetObject (24 bytes)
Event: 981.465 Thread 0x0000000015e37000 nmethod 13773 0x00000000042ca5d0 code [0x00000000042ca740, 0x00000000042ca950]
Event: 981.466 Thread 0x0000000015e37000 13774       3       org.eclipse.osgi.internal.framework.EquinoxContainerAdaptor::invalidateWiring (186 bytes)
Event: 981.468 Thread 0x0000000015e37000 nmethod 13774 0x0000000003224990 code [0x0000000003224d60, 0x00000000032276d8]
Event: 981.470 Thread 0x0000000015e37000 13778       3       org.eclipse.osgi.storage.bundlefile.BundleFile::setMruIndex (6 bytes)
Event: 981.470 Thread 0x0000000015e37000 nmethod 13778 0x00000000042d61d0 code [0x00000000042d6320, 0x00000000042d6470]

GC Heap History (10 events):
Event: 659.639 GC heap before
{Heap before GC invocations=27 (full 6):
 PSYoungGen      total 105472K, used 16985K [0x00000000f5580000, 0x00000000fd900000, 0x0000000100000000)
  eden space 75776K, 19% used [0x00000000f5580000,0x00000000f640c148,0x00000000f9f80000)
  from space 29696K, 7% used [0x00000000fbc00000,0x00000000fbe0a658,0x00000000fd900000)
  to   space 29184K, 0% used [0x00000000f9f80000,0x00000000f9f80000,0x00000000fbc00000)
 ParOldGen       total 116736K, used 47777K [0x00000000e0000000, 0x00000000e7200000, 0x00000000f5580000)
  object space 116736K, 40% used [0x00000000e0000000,0x00000000e2ea8608,0x00000000e7200000)
 Metaspace       used 84990K, capacity 92332K, committed 92720K, reserved 1130496K
  class space    used 10023K, capacity 12262K, committed 12336K, reserved 1048576K
Event: 659.642 GC heap after
Heap after GC invocations=27 (full 6):
 PSYoungGen      total 104960K, used 2296K [0x00000000f5580000, 0x00000000fd800000, 0x0000000100000000)
  eden space 75776K, 0% used [0x00000000f5580000,0x00000000f5580000,0x00000000f9f80000)
  from space 29184K, 7% used [0x00000000f9f80000,0x00000000fa1be2d0,0x00000000fbc00000)
  to   space 28672K, 0% used [0x00000000fbc00000,0x00000000fbc00000,0x00000000fd800000)
 ParOldGen       total 116736K, used 47785K [0x00000000e0000000, 0x00000000e7200000, 0x00000000f5580000)
  object space 116736K, 40% used [0x00000000e0000000,0x00000000e2eaa608,0x00000000e7200000)
 Metaspace       used 84990K, capacity 92332K, committed 92720K, reserved 1130496K
  class space    used 10023K, capacity 12262K, committed 12336K, reserved 1048576K
}
Event: 659.642 GC heap before
{Heap before GC invocations=28 (full 7):
 PSYoungGen      total 104960K, used 2296K [0x00000000f5580000, 0x00000000fd800000, 0x0000000100000000)
  eden space 75776K, 0% used [0x00000000f5580000,0x00000000f5580000,0x00000000f9f80000)
  from space 29184K, 7% used [0x00000000f9f80000,0x00000000fa1be2d0,0x00000000fbc00000)
  to   space 28672K, 0% used [0x00000000fbc00000,0x00000000fbc00000,0x00000000fd800000)
 ParOldGen       total 116736K, used 47785K [0x00000000e0000000, 0x00000000e7200000, 0x00000000f5580000)
  object space 116736K, 40% used [0x00000000e0000000,0x00000000e2eaa608,0x00000000e7200000)
 Metaspace       used 84990K, capacity 92332K, committed 92720K, reserved 1130496K
  class space    used 10023K, capacity 12262K, committed 12336K, reserved 1048576K
Event: 659.942 GC heap after
Heap after GC invocations=28 (full 7):
 PSYoungGen      total 104960K, used 0K [0x00000000f5580000, 0x00000000fd800000, 0x0000000100000000)
  eden space 75776K, 0% used [0x00000000f5580000,0x00000000f5580000,0x00000000f9f80000)
  from space 29184K, 0% used [0x00000000f9f80000,0x00000000f9f80000,0x00000000fbc00000)
  to   space 28672K, 0% used [0x00000000fbc00000,0x00000000fbc00000,0x00000000fd800000)
 ParOldGen       total 116736K, used 46569K [0x00000000e0000000, 0x00000000e7200000, 0x00000000f5580000)
  object space 116736K, 39% used [0x00000000e0000000,0x00000000e2d7a5a0,0x00000000e7200000)
 Metaspace       used 84983K, capacity 92320K, committed 92720K, reserved 1130496K
  class space    used 10022K, capacity 12260K, committed 12336K, reserved 1048576K
}
Event: 723.899 GC heap before
{Heap before GC invocations=29 (full 7):
 PSYoungGen      total 104960K, used 15873K [0x00000000f5580000, 0x00000000fd800000, 0x0000000100000000)
  eden space 75776K, 20% used [0x00000000f5580000,0x00000000f6500748,0x00000000f9f80000)
  from space 29184K, 0% used [0x00000000f9f80000,0x00000000f9f80000,0x00000000fbc00000)
  to   space 28672K, 0% used [0x00000000fbc00000,0x00000000fbc00000,0x00000000fd800000)
 ParOldGen       total 116736K, used 46569K [0x00000000e0000000, 0x00000000e7200000, 0x00000000f5580000)
  object space 116736K, 39% used [0x00000000e0000000,0x00000000e2d7a5a0,0x00000000e7200000)
 Metaspace       used 85027K, capacity 92320K, committed 92720K, reserved 1130496K
  class space    used 10023K, capacity 12260K, committed 12336K, reserved 1048576K
Event: 723.902 GC heap after
Heap after GC invocations=29 (full 7):
 PSYoungGen      total 103936K, used 576K [0x00000000f5580000, 0x00000000fd700000, 0x0000000100000000)
  eden space 76288K, 0% used [0x00000000f5580000,0x00000000f5580000,0x00000000fa000000)
  from space 27648K, 2% used [0x00000000fbc00000,0x00000000fbc90000,0x00000000fd700000)
  to   space 28160K, 0% used [0x00000000fa000000,0x00000000fa000000,0x00000000fbb80000)
 ParOldGen       total 116736K, used 46577K [0x00000000e0000000, 0x00000000e7200000, 0x00000000f5580000)
  object space 116736K, 39% used [0x00000000e0000000,0x00000000e2d7c5a0,0x00000000e7200000)
 Metaspace       used 85027K, capacity 92320K, committed 92720K, reserved 1130496K
  class space    used 10023K, capacity 12260K, committed 12336K, reserved 1048576K
}
Event: 723.902 GC heap before
{Heap before GC invocations=30 (full 8):
 PSYoungGen      total 103936K, used 576K [0x00000000f5580000, 0x00000000fd700000, 0x0000000100000000)
  eden space 76288K, 0% used [0x00000000f5580000,0x00000000f5580000,0x00000000fa000000)
  from space 27648K, 2% used [0x00000000fbc00000,0x00000000fbc90000,0x00000000fd700000)
  to   space 28160K, 0% used [0x00000000fa000000,0x00000000fa000000,0x00000000fbb80000)
 ParOldGen       total 116736K, used 46577K [0x00000000e0000000, 0x00000000e7200000, 0x00000000f5580000)
  object space 116736K, 39% used [0x00000000e0000000,0x00000000e2d7c5a0,0x00000000e7200000)
 Metaspace       used 85027K, capacity 92320K, committed 92720K, reserved 1130496K
  class space    used 10023K, capacity 12260K, committed 12336K, reserved 1048576K
Event: 724.174 GC heap after
Heap after GC invocations=30 (full 8):
 PSYoungGen      total 103936K, used 0K [0x00000000f5580000, 0x00000000fd700000, 0x0000000100000000)
  eden space 76288K, 0% used [0x00000000f5580000,0x00000000f5580000,0x00000000fa000000)
  from space 27648K, 0% used [0x00000000fbc00000,0x00000000fbc00000,0x00000000fd700000)
  to   space 28160K, 0% used [0x00000000fa000000,0x00000000fa000000,0x00000000fbb80000)
 ParOldGen       total 116736K, used 46434K [0x00000000e0000000, 0x00000000e7200000, 0x00000000f5580000)
  object space 116736K, 39% used [0x00000000e0000000,0x00000000e2d58b90,0x00000000e7200000)
 Metaspace       used 85027K, capacity 92320K, committed 92720K, reserved 1130496K
  class space    used 10023K, capacity 12260K, committed 12336K, reserved 1048576K
}
Event: 790.980 GC heap before
{Heap before GC invocations=31 (full 8):
 PSYoungGen      total 103936K, used 76288K [0x00000000f5580000, 0x00000000fd700000, 0x0000000100000000)
  eden space 76288K, 100% used [0x00000000f5580000,0x00000000fa000000,0x00000000fa000000)
  from space 27648K, 0% used [0x00000000fbc00000,0x00000000fbc00000,0x00000000fd700000)
  to   space 28160K, 0% used [0x00000000fa000000,0x00000000fa000000,0x00000000fbb80000)
 ParOldGen       total 116736K, used 46434K [0x00000000e0000000, 0x00000000e7200000, 0x00000000f5580000)
  object space 116736K, 39% used [0x00000000e0000000,0x00000000e2d58b90,0x00000000e7200000)
 Metaspace       used 85301K, capacity 92844K, committed 93232K, reserved 1130496K
  class space    used 10024K, capacity 12262K, committed 12336K, reserved 1048576K
Event: 790.983 GC heap after
Heap after GC invocations=31 (full 8):
 PSYoungGen      total 104448K, used 2087K [0x00000000f5580000, 0x00000000fd600000, 0x0000000100000000)
  eden space 76288K, 0% used [0x00000000f5580000,0x00000000f5580000,0x00000000fa000000)
  from space 28160K, 7% used [0x00000000fa000000,0x00000000fa209c60,0x00000000fbb80000)
  to   space 27136K, 0% used [0x00000000fbb80000,0x00000000fbb80000,0x00000000fd600000)
 ParOldGen       total 116736K, used 46442K [0x00000000e0000000, 0x00000000e7200000, 0x00000000f5580000)
  object space 116736K, 39% used [0x00000000e0000000,0x00000000e2d5ab90,0x00000000e7200000)
 Metaspace       used 85301K, capacity 92844K, committed 93232K, reserved 1130496K
  class space    used 10024K, capacity 12262K, committed 12336K, reserved 1048576K
}

Deoptimization events (10 events):
Event: 925.262 Thread 0x00000000005ae800 Uncommon trap: reason=unstable_if action=reinterpret pc=0x0000000002ab5ef0 method=java.lang.ref.SoftReference.get()Ljava/lang/Object; @ 6
Event: 925.285 Thread 0x000000001c19b000 Uncommon trap: reason=class_check action=maybe_recompile pc=0x00000000045fa424 method=org.eclipse.e4.core.internal.contexts.TrackableComputationExt.update(Lorg/eclipse/e4/core/internal/contexts/ContextChangeEvent;)Z @ 62
Event: 925.285 Thread 0x000000001c19b000 Uncommon trap: reason=class_check action=maybe_recompile pc=0x00000000045fa424 method=org.eclipse.e4.core.internal.contexts.TrackableComputationExt.update(Lorg/eclipse/e4/core/internal/contexts/ContextChangeEvent;)Z @ 62
Event: 980.016 Thread 0x000000001c199000 Uncommon trap: reason=unstable_if action=reinterpret pc=0x0000000003fde950 method=com.xilinx.sdk.targetmanager.internal.json.XMDJSONProcess.issueCommand(Ljava/lang/String;)Lcom/xilinx/sdk/targetmanager/internal/IXMDResult; @ 228
Event: 980.439 Thread 0x000000001c3b2800 Uncommon trap: reason=unstable_if action=reinterpret pc=0x00000000025ef524 method=sun.nio.cs.SingleByte$Encoder.encode(C)I @ 13
Event: 980.612 Thread 0x000000001c19b000 Uncommon trap: reason=unstable_if action=reinterpret pc=0x00000000039467a4 method=org.eclipse.swt.graphics.Resource.dispose()V @ 15
Event: 981.359 Thread 0x000000001c19b000 Uncommon trap: reason=unstable_if action=reinterpret pc=0x000000000299dad0 method=org.eclipse.osgi.internal.hooks.EclipseLazyStarter.shouldActivateFor(Ljava/lang/String;Lorg/eclipse/osgi/container/Module;Lorg/eclipse/osgi/container/ModuleRevision;Lorg/ecliƒ^¡láªŽ@
Event: 981.360 Thread 0x000000001a960000 Uncommon trap: reason=unstable_if action=reinterpret pc=0x0000000004121abc method=org.eclipse.core.internal.jobs.JobManager.startJob(Lorg/eclipse/core/internal/jobs/Worker;)Lorg/eclipse/core/runtime/jobs/Job; @ 20
Event: 981.369 Thread 0x0000000016cf5000 Uncommon trap: reason=predicate action=maybe_recompile pc=0x0000000002c5ee1c method=java.util.Arrays.fill([Ljava/lang/Object;Ljava/lang/Object;)V @ 10
Event: 981.444 Thread 0x000000001c19b000 Uncommon trap: reason=unstable_if action=reinterpret pc=0x0000000004ad8390 method=sun.reflect.UnsafeStaticObjectFieldAccessorImpl.set(Ljava/lang/Object;Ljava/lang/Object;)V @ 13

Internal exceptions (10 events):
Event: 925.262 Thread 0x00000000005ae800 Implicit null exception at 0x0000000002ab365d to 0x0000000002ab5ea5
Event: 980.017 Thread 0x000000001c199000 Exception <a 'java/io/IOException'> (0x00000000f72c9d38) thrown at [C:\re\workspace\8-2-build-windows-amd64-cygwin\jdk8u66\5298\hotspot\src\share\vm\prims\jni.cpp, line 709]
Event: 980.017 Thread 0x000000001c199000 Exception <a 'java/io/IOException'> (0x00000000f72c9fd0) thrown at [C:\re\workspace\8-2-build-windows-amd64-cygwin\jdk8u66\5298\hotspot\src\share\vm\prims\jni.cpp, line 709]
Event: 980.017 Thread 0x000000001c199000 Exception <a 'java/io/IOException'> (0x00000000f72ca238) thrown at [C:\re\workspace\8-2-build-windows-amd64-cygwin\jdk8u66\5298\hotspot\src\share\vm\prims\jni.cpp, line 709]
Event: 980.367 Thread 0x000000001c3b1800 Exception <a 'java/lang/InterruptedException'> (0x00000000f9699240) thrown at [C:\re\workspace\8-2-build-windows-amd64-cygwin\jdk8u66\5298\hotspot\src\share\vm\runtime\objectMonitor.cpp, line 1683]
Event: 981.424 Thread 0x000000001a95b800 Exception <a 'java/lang/InterruptedException'> (0x00000000f8a5a8d8) thrown at [C:\re\workspace\8-2-build-windows-amd64-cygwin\jdk8u66\5298\hotspot\src\share\vm\runtime\objectMonitor.cpp, line 1683]
Event: 981.444 Thread 0x000000001c19b000 Implicit null exception at 0x0000000004ad808f to 0x0000000004ad837d
Event: 981.445 Thread 0x0000000016cf5000 Exception <a 'java/lang/InterruptedException'> (0x00000000f9be5f60) thrown at [C:\re\workspace\8-2-build-windows-amd64-cygwin\jdk8u66\5298\hotspot\src\share\vm\runtime\objectMonitor.cpp, line 1683]
Event: 981.453 Thread 0x000000001a961800 Exception <a 'java/lang/InterruptedException'> (0x00000000f83bdff0) thrown at [C:\re\workspace\8-2-build-windows-amd64-cygwin\jdk8u66\5298\hotspot\src\share\vm\runtime\objectMonitor.cpp, line 1683]
Event: 981.453 Thread 0x0000000016cf7800 Exception <a 'java/lang/InterruptedException'> (0x00000000f9ddc3b0) thrown at [C:\re\workspace\8-2-build-windows-amd64-cygwin\jdk8u66\5298\hotspot\src\share\vm\runtime\objectMonitor.cpp, line 1683]

Events (10 events):
Event: 981.456 loading class java/util/IdentityHashMap$KeyIterator
Event: 981.456 Thread 0x0000000015e37000 flushing nmethod 0x0000000003222e90
Event: 981.459 Thread 0x0000000015e37000 flushing nmethod 0x000000000377b8d0
Event: 981.465 Thread 0x0000000015e37000 flushing nmethod 0x00000000044e9a90
Event: 981.476 loading class java/util/IdentityHashMap$IdentityHashMapIterator
Event: 981.480 loading class java/util/IdentityHashMap$IdentityHashMapIterator done
Event: 981.480 loading class java/util/IdentityHashMap$KeyIterator done
Event: 981.481 Thread 0x000000001c195000 Thread added: 0x000000001c195000
Event: 981.481 Thread 0x000000001c195000 Thread exited: 0x000000001c195000
Event: 981.500 Executing VM operation: Exit


Dynamic libraries:
0x0000000000400000 - 0x000000000044f000 	C:\Xilinx\SDK\2016.4\eclipse\win64.o\eclipse.exe
0x00007ff974380000 - 0x00007ff974551000 	C:\WINDOWS\SYSTEM32\ntdll.dll
0x00007ff973360000 - 0x00007ff97340c000 	C:\WINDOWS\System32\KERNEL32.DLL
0x00007ff9676b0000 - 0x00007ff967704000 	C:\Program Files (x86)\AVG\Av\avghooka.dll
0x00007ff970ef0000 - 0x00007ff97110d000 	C:\WINDOWS\System32\KERNELBASE.dll
0x00007ff96ed80000 - 0x00007ff96edfa000 	C:\WINDOWS\system32\apphelp.dll
0x00007ff973700000 - 0x00007ff973865000 	C:\WINDOWS\System32\USER32.dll
0x00007ff970c70000 - 0x00007ff970c8e000 	C:\WINDOWS\System32\win32u.dll
0x00007ff9738e0000 - 0x00007ff973914000 	C:\WINDOWS\System32\GDI32.dll
0x00007ff970870000 - 0x00007ff9709f2000 	C:\WINDOWS\System32\gdi32full.dll
0x00007ff9742d0000 - 0x00007ff97436e000 	C:\WINDOWS\System32\msvcrt.dll
0x00007ff963b10000 - 0x00007ff963d8a000 	C:\WINDOWS\WinSxS\amd64_microsoft.windows.common-controls_6595b64144ccf1df_6.0.14393.953_none_42151e83c686086b\COMCTL32.dll
0x00007ff973920000 - 0x00007ff973be8000 	C:\WINDOWS\System32\combase.dll
0x00007ff970d40000 - 0x00007ff970e35000 	C:\WINDOWS\System32\ucrtbase.dll
0x00007ff973130000 - 0x00007ff973251000 	C:\WINDOWS\System32\RPCRT4.dll
0x00007ff971160000 - 0x00007ff9711ca000 	C:\WINDOWS\System32\bcryptPrimitives.dll
0x00007ff973260000 - 0x00007ff97328e000 	C:\WINDOWS\System32\IMM32.DLL
0x0000000072000000 - 0x0000000072012000 	C:\Xilinx\SDK\2016.4\eclipse\win64.o\plugins\org.eclipse.equinox.launcher.win32.win32.x86_64_1.1.300.v20150602-1417\eclipse_1611.dll
0x00007ff973410000 - 0x00007ff9734b2000 	C:\WINDOWS\System32\ADVAPI32.dll
0x00007ff971910000 - 0x00007ff971969000 	C:\WINDOWS\System32\sechost.dll
0x00007ff962ad0000 - 0x00007ff962ada000 	C:\WINDOWS\SYSTEM32\VERSION.dll
0x00007ff96efc0000 - 0x00007ff96f055000 	C:\WINDOWS\system32\uxtheme.dll
0x00007ff974020000 - 0x00007ff97417a000 	C:\WINDOWS\System32\MSCTF.dll
0x00007ff973290000 - 0x00007ff97334f000 	C:\WINDOWS\System32\OLEAUT32.dll
0x00007ff970bd0000 - 0x00007ff970c6c000 	C:\WINDOWS\System32\msvcp_win.dll
0x0000000058ec0000 - 0x0000000059749000 	C:\Xilinx\SDK\2016.4\tps\win64\jre\bin\server\jvm.dll
0x00007ff973350000 - 0x00007ff973358000 	C:\WINDOWS\System32\PSAPI.DLL
0x00007ff96c260000 - 0x00007ff96c269000 	C:\WINDOWS\SYSTEM32\WSOCK32.dll
0x00007ff973870000 - 0x00007ff9738da000 	C:\WINDOWS\System32\WS2_32.dll
0x00007ff96eac0000 - 0x00007ff96eae3000 	C:\WINDOWS\SYSTEM32\WINMM.dll
0x000000005afc0000 - 0x000000005b092000 	C:\WINDOWS\SYSTEM32\MSVCR100.dll
0x00007ff96e920000 - 0x00007ff96e94b000 	C:\WINDOWS\SYSTEM32\WINMMBASE.dll
0x00007ff971110000 - 0x00007ff971152000 	C:\WINDOWS\System32\cfgmgr32.dll
0x0000000059a20000 - 0x0000000059a2f000 	C:\Xilinx\SDK\2016.4\tps\win64\jre\bin\verify.dll
0x00000000599f0000 - 0x0000000059a19000 	C:\Xilinx\SDK\2016.4\tps\win64\jre\bin\java.dll
0x00000000599d0000 - 0x00000000599e6000 	C:\Xilinx\SDK\2016.4\tps\win64\jre\bin\zip.dll
0x00007ff971c20000 - 0x00007ff973128000 	C:\WINDOWS\System32\SHELL32.dll
0x00007ff971230000 - 0x00007ff97190a000 	C:\WINDOWS\System32\windows.storage.dll
0x00007ff970820000 - 0x00007ff97086c000 	C:\WINDOWS\System32\powrprof.dll
0x00007ff9741f0000 - 0x00007ff974242000 	C:\WINDOWS\System32\shlwapi.dll
0x00007ff970810000 - 0x00007ff97081f000 	C:\WINDOWS\System32\kernel.appcore.dll
0x00007ff970c90000 - 0x00007ff970d39000 	C:\WINDOWS\System32\shcore.dll
0x00007ff9707f0000 - 0x00007ff970804000 	C:\WINDOWS\System32\profapi.dll
0x00007ff970260000 - 0x00007ff970277000 	C:\WINDOWS\SYSTEM32\CRYPTSP.dll
0x00007ff96fcb0000 - 0x00007ff96fce3000 	C:\WINDOWS\system32\rsaenh.dll
0x00007ff970720000 - 0x00007ff97074b000 	C:\WINDOWS\SYSTEM32\bcrypt.dll
0x00007ff96ff30000 - 0x00007ff96ff4f000 	C:\WINDOWS\SYSTEM32\USERENV.dll
0x00007ff970250000 - 0x00007ff97025b000 	C:\WINDOWS\SYSTEM32\CRYPTBASE.dll
0x00000000599b0000 - 0x00000000599ca000 	C:\Xilinx\SDK\2016.4\tps\win64\jre\bin\net.dll
0x00007ff9700b0000 - 0x00007ff97010c000 	C:\WINDOWS\system32\mswsock.dll
0x00007ff96fe30000 - 0x00007ff96fe68000 	C:\WINDOWS\SYSTEM32\IPHLPAPI.DLL
0x00007ff974370000 - 0x00007ff974378000 	C:\WINDOWS\System32\NSI.dll
0x00007ff96cc10000 - 0x00007ff96cc26000 	C:\WINDOWS\SYSTEM32\dhcpcsvc6.DLL
0x00007ff96cb40000 - 0x00007ff96cb5a000 	C:\WINDOWS\SYSTEM32\dhcpcsvc.DLL
0x0000000059990000 - 0x00000000599a1000 	C:\Xilinx\SDK\2016.4\tps\win64\jre\bin\nio.dll
0x00007ff95e4a0000 - 0x00007ff95e4b6000 	C:\WINDOWS\system32\napinsp.dll
0x00007ff95e470000 - 0x00007ff95e48a000 	C:\WINDOWS\system32\pnrpnsp.dll
0x00007ff96be20000 - 0x00007ff96be38000 	C:\WINDOWS\system32\NLAapi.dll
0x00007ff96fe70000 - 0x00007ff96ff11000 	C:\WINDOWS\SYSTEM32\DNSAPI.dll
0x00007ff962ee0000 - 0x00007ff962eee000 	C:\WINDOWS\System32\winrnr.dll
0x000000005b0d0000 - 0x000000005b0f6000 	C:\Program Files\Bonjour\mdnsNSP.dll
0x00007ff96b090000 - 0x00007ff96b09a000 	C:\Windows\System32\rasadhlp.dll
0x00007ff96b450000 - 0x00007ff96b4ba000 	C:\WINDOWS\System32\fwpuclnt.dll
0x0000000018e80000 - 0x0000000018f28000 	C:\Users\Utilizador\.Xilinx\SDK\2016.4\org.eclipse.osgi\319\0\.cp\swt-win32-4527.dll
0x00007ff971a70000 - 0x00007ff971ba8000 	C:\WINDOWS\System32\ole32.dll
0x00007ff971970000 - 0x00007ff971a6a000 	C:\WINDOWS\System32\comdlg32.dll
0x00007ff970a00000 - 0x00007ff970bc9000 	C:\WINDOWS\System32\CRYPT32.dll
0x00007ff9707e0000 - 0x00007ff9707f0000 	C:\WINDOWS\System32\MSASN1.dll
0x00007ff96bc30000 - 0x00007ff96bcb6000 	C:\WINDOWS\SYSTEM32\WINSPOOL.DRV
0x00007ff9653b0000 - 0x00007ff9653c9000 	C:\WINDOWS\SYSTEM32\USP10.dll
0x00007ff96ce90000 - 0x00007ff96d15a000 	C:\WINDOWS\SYSTEM32\WININET.dll
0x00007ff96dd30000 - 0x00007ff96dd56000 	C:\WINDOWS\system32\dwmapi.dll
0x00007ff96daa0000 - 0x00007ff96dc25000 	C:\WINDOWS\SYSTEM32\propsys.dll
0x00007ff973660000 - 0x00007ff9736ff000 	C:\WINDOWS\System32\clbcatq.dll
0x00000000194e0000 - 0x00000000194fe000 	C:\Users\Utilizador\.Xilinx\SDK\2016.4\org.eclipse.osgi\319\0\.cp\swt-gdip-win32-4527.dll
0x00007ff965510000 - 0x00007ff9656aa000 	C:\WINDOWS\WinSxS\amd64_microsoft.windows.gdiplus_6595b64144ccf1df_1.1.14393.953_none_7300116921188239\gdiplus.dll
0x00007ff96c910000 - 0x00007ff96cab8000 	C:\WINDOWS\SYSTEM32\WindowsCodecs.dll
0x0000000180000000 - 0x0000000180012000 	C:\Users\Utilizador\.Xilinx\SDK\2016.4\org.eclipse.osgi\133\0\.cp\os\win32\x86_64\localfile_1_0_0.dll
0x00007ff95f420000 - 0x00007ff95f485000 	C:\WINDOWS\SYSTEM32\oleacc.dll
0x00007ff96a9c0000 - 0x00007ff96a9c7000 	C:\WINDOWS\SYSTEM32\msimg32.dll
0x00007ff963720000 - 0x00007ff963731000 	C:\Users\Utilizador\.Xilinx\SDK\2016.4\org.eclipse.osgi\136\0\.cp\jWinHttp-1.0.0.dll
0x00007ff96dc60000 - 0x00007ff96dd2d000 	C:\WINDOWS\SYSTEM32\WINHTTP.dll
0x00007ff96c360000 - 0x00007ff96c36f000 	C:\Xilinx\SDK\2016.4\lib\win64.o\librdi_repo_manager.dll
0x00007ff95fe30000 - 0x00007ff95fe5a000 	C:\Xilinx\SDK\2016.4\lib\win64.o\libisl_sysinfo.dll
0x00007ff943cd0000 - 0x00007ff94477a000 	C:\Xilinx\SDK\2016.4\lib\win64.o\librdi_common.dll
0x00007ff955e10000 - 0x00007ff955e63000 	C:\Xilinx\SDK\2016.4\lib\win64.o\librdi_commonxillic.dll
0x00007ff951aa0000 - 0x00007ff951c98000 	C:\Xilinx\SDK\2016.4\lib\win64.o\librdi_hsm.dll
0x00007ff964c00000 - 0x00007ff964ca7000 	C:\WINDOWS\SYSTEM32\MSVCP110.dll
0x00007ff964cb0000 - 0x00007ff964d84000 	C:\WINDOWS\SYSTEM32\MSVCR110.dll
0x00007ff94a490000 - 0x00007ff94a7fe000 	C:\Xilinx\SDK\2016.4\lib\win64.o\libCOIN-all.dll
0x00007ff9497f0000 - 0x00007ff949a0f000 	C:\Xilinx\SDK\2016.4\lib\win64.o\libXil_lmgr11.dll
0x00007ff9711d0000 - 0x00007ff971225000 	C:\WINDOWS\System32\WINTRUST.dll
0x00007ff969a80000 - 0x00007ff969a90000 	C:\Xilinx\SDK\2016.4\lib\win64.o\libboost_date_time.dll
0x00007ff95f3f0000 - 0x00007ff95f414000 	C:\Xilinx\SDK\2016.4\lib\win64.o\libboost_filesystem.dll
0x00007ff954e80000 - 0x00007ff954ef7000 	C:\Xilinx\SDK\2016.4\lib\win64.o\libboost_program_options.dll
0x00007ff94dd10000 - 0x00007ff94de16000 	C:\Xilinx\SDK\2016.4\lib\win64.o\libboost_regex.dll
0x00007ff9574a0000 - 0x00007ff9574b3000 	C:\Xilinx\SDK\2016.4\lib\win64.o\libboost_signals.dll
0x00007ff969760000 - 0x00007ff969769000 	C:\Xilinx\SDK\2016.4\lib\win64.o\libboost_system.dll
0x00007ff956f80000 - 0x00007ff956f9d000 	C:\Xilinx\SDK\2016.4\lib\win64.o\libboost_thread.dll
0x00007ff9696f0000 - 0x00007ff9696fb000 	C:\Xilinx\SDK\2016.4\lib\win64.o\libboost_xilinx.dll
0x00007ff9514e0000 - 0x00007ff951560000 	C:\Xilinx\SDK\2016.4\lib\win64.o\libhdlpsolve.dll
0x00007ff94ed70000 - 0x00007ff94ee0a000 	C:\Xilinx\SDK\2016.4\lib\win64.o\libhdxml.dll
0x00007ff90da40000 - 0x00007ff90de09000 	C:\Xilinx\SDK\2016.4\lib\win64.o\libisl_iostreams.dll
0x00007ff956200000 - 0x00007ff956215000 	C:\Xilinx\SDK\2016.4\lib\win64.o\pthreadVC2.dll
0x00007ff94b0d0000 - 0x00007ff94b200000 	C:\Xilinx\SDK\2016.4\lib\win64.o\librdi_curl.dll
0x00007ff955ef0000 - 0x00007ff955f08000 	C:\Xilinx\SDK\2016.4\lib\win64.o\librdiconfig.dll
0x00007ff955df0000 - 0x00007ff955e0f000 	C:\Xilinx\SDK\2016.4\lib\win64.o\librdizlib.dll
0x0000000058500000 - 0x0000000058627000 	C:\Xilinx\SDK\2016.4\lib\win64.o\tcl85t.dll
0x0000000025590000 - 0x00000000257f3000 	C:\Xilinx\SDK\2016.4\lib\win64.o\xerces-c_3_1.dll
0x00007ff963320000 - 0x00007ff9634e3000 	C:\WINDOWS\SYSTEM32\urlmon.dll
0x00007ff95cb10000 - 0x00007ff95cb33000 	C:\WINDOWS\SYSTEM32\VCOMP110.DLL
0x00007ff94f7c0000 - 0x00007ff94f803000 	C:\Xilinx\SDK\2016.4\lib\win64.o\librdi_hdf.dll
0x00007ff9106b0000 - 0x00007ff910978000 	C:\Xilinx\SDK\2016.4\lib\win64.o\librdi_ippcw.dll
0x00007ff96a770000 - 0x00007ff96a788000 	C:\WINDOWS\SYSTEM32\NETAPI32.dll
0x00007ff966f80000 - 0x00007ff966f8b000 	C:\Xilinx\SDK\2016.4\lib\win64.o\libboost_chrono.dll
0x00007ff955520000 - 0x00007ff955536000 	C:\Xilinx\SDK\2016.4\lib\win64.o\libboost_iostreams.dll
0x00007ff954e50000 - 0x00007ff954e73000 	C:\Xilinx\SDK\2016.4\lib\win64.o\libisl_iosutils.dll
0x00007ff96ab70000 - 0x00007ff96ae15000 	C:\WINDOWS\SYSTEM32\iertutil.dll
0x00007ff962a20000 - 0x00007ff962a62000 	C:\WINDOWS\SYSTEM32\edputil.dll
0x00007ff966de0000 - 0x00007ff966dea000 	C:\Xilinx\SDK\2016.4\lib\win64.o\librdi_jtag_settings.dll
0x00007ff954d30000 - 0x00007ff954d59000 	C:\Xilinx\SDK\2016.4\lib\win64.o\librdi_debug_dialog.dll
0x00007ff965320000 - 0x00007ff965328000 	C:\Xilinx\SDK\2016.4\lib\win64.o\librdi_target_manager.dll
0x00007ff953710000 - 0x00007ff953726000 	C:\Xilinx\SDK\2016.4\eclipse\win64.o\plugins\org.eclipse.cdt.core.win32.x86_64_5.4.0.201509131935\os\win32\x86_64\spawner.dll
0x00007ff90b990000 - 0x00007ff90c1a0000 	C:\Xilinx\SDK\2016.4\lib\win64.o\libXil_lmgr11FNP.dll
0x00007ff973bf0000 - 0x00007ff974019000 	C:\WINDOWS\System32\SETUPAPI.dll
0x00007ff961440000 - 0x00007ff96144c000 	C:\WINDOWS\SYSTEM32\snmpapi.dll
0x00007ff970450000 - 0x00007ff97047c000 	C:\WINDOWS\SYSTEM32\SspiCli.dll
0x0000000018a00000 - 0x0000000018a03000 	C:\WINDOWS\SYSTEM32\icmp.Dll

VM Arguments:
jvm_args: -Dcom.xilinx.sdk.args.hwspec=C:/Users/Utilizador/Desktop/Universidade/4_ano/2_semestre/CR/Projeto/ProjetoFinal/MP_ToDisplays/MP_ToDisplays.sdk/DebUART_wrapper.hdf -Xms64m -Xmx512m & 
java_command: <unknown>
java_class_path (initial): C:\Xilinx\SDK\2016.4\eclipse\win64.o\\plugins/org.eclipse.equinox.launcher_1.3.100.v20150511-1540.jar
Launcher Type: generic

Environment Variables:
JAVA_HOME=C:\Program Files\Java\jdk1.8.0_101
PATH=C:/Xilinx/SDK/2016.4/tps/win64/jre/bin/server;C:/Xilinx/SDK/2016.4/tps/win64/jre/bin;C:/Xilinx/SDK/2016.4/tps/win64/jre/lib/amd64;C:\Xilinx\SDK\2016.4\gnuwin\bin;C:\Xilinx\SDK\2016.4\gnu\microblaze\nt\bin;C:\Xilinx\SDK\2016.4\gnu\microblaze\linux_toolchain\nt64_le\bin;C:\Xilinx\SDK\2016.4\gnu\microblaze\linux_toolchain\nt64_be\bin;C:\Xilinx\SDK\2016.4\gnu\arm\nt\bin;C:\Xilinx\SDK\2016.4\gnu\aarch64\nt\aarch64-none\bin;C:\Xilinx\SDK\2016.4\gnu\aarch64\nt\aarch64-linux\bin;C:\Xilinx\SDK\2016.4\gnu\armr5\nt\gcc-arm-none-eabi\bin;C:\Xilinx\SDK\2016.4\gnu\aarch32\nt\gcc-arm-none-eabi\bin;C:\Xilinx\SDK\2016.4\gnu\aarch32\nt\gcc-arm-linux-gnueabi\bin;C:\Xilinx\SDK\2016.4\tps\win64\cmake-3.3.2\bin;;C:\Xilinx\SDK\2016.4\bin;C:\Xilinx\SDK\2016.4\lib\win64.o;C:\Xilinx\SDK\2016.4\tps\win64\jre\bin\server;C:\Xilinx\SDK\2016.4\tps\win64\jre\bin;C:\Xilinx\Vivado\2016.4\ids_lite\ISE\bin\nt64;C:\Xilinx\Vivado\2016.4\ids_lite\ISE\lib\nt64;C:\Xilinx\Vivado\2016.4\bin;C:\Xilinx\Vivado\2016.4\lib\win64.o;C:\Xilinx\Vivado\2016.4\tps\win64\jre\bin\server;C:\Xilinx\Vivado\2016.4\tps\win64\jre\bin;C:\Xilinx\Vivado_HLS\2016.4\bin;C:\WINDOWS\system32\Npcap;C:\Program Files\MATLAB\MATLAB Production Server\R2015a\runtime\win64;C:\Program Files\MATLAB\MATLAB Production Server\R2015a\bin;C:\Program Files\MATLAB\MATLAB Production Server\R2015a\polyspace\bin;C:\Program Files\PuTTY\;c:\Program Files\Intel\WiFi\bin\;c:\Program Files\Common Files\Intel\WirelessCommon\;C:\Users\Utilizador\AppData\Roaming\npm;C:\Users\Utilizador\AppData\Local\Microsoft\WindowsApps;C:\Python27;C:\Program Files\Java\jdk1.8.0_101\bin;C:\Program Files\NetBeans 8.2\java\maven\bin;C:\Users\Utilizador\Desktop\Universidade\4_ano\2_semestre\CR\Projeto\ProjetoFinal\MP_ToDisplays;
USERNAME=Utilizador
OS=Windows_NT
PROCESSOR_IDENTIFIER=Intel64 Family 6 Model 60 Stepping 3, GenuineIntel



---------------  S Y S T E M  ---------------

OS: Windows 10.0 , 64 bit Build 14393 (10.0.14393.1198)

CPU:total 8 (4 cores per cpu, 2 threads per core) family 6 model 60 stepping 3, cmov, cx8, fxsr, mmx, sse, sse2, sse3, ssse3, sse4.1, sse4.2, popcnt, avx, avx2, aes, clmul, erms, lzcnt, ht, tsc, tscinvbit, bmi1, bmi2

Memory: 4k page, physical 8319000k(2521740k free), swap 12976516k(3536260k free)

vm_info: Java HotSpot(TM) 64-Bit Server VM (25.66-b18) for windows-amd64 JRE (1.8.0_66-b18), built on Nov  9 2015 10:51:13 by "java_re" with MS VC++ 10.0 (VS2010)

time: Sat May 27 01:32:57 2017
elapsed time: 1003 seconds (0d 0h 16m 43s)

