#
# A fatal error has been detected by the Java Runtime Environment:
#
#  EXCEPTION_UNCAUGHT_CXX_EXCEPTION (0xe06d7363) at pc=0x00007ff970f23c58, pid=8404, tid=14724
#
# JRE version: Java(TM) SE Runtime Environment (8.0_66-b18) (build 1.8.0_66-b18)
# Java VM: Java HotSpot(TM) 64-Bit Server VM (25.66-b18 mixed mode windows-amd64 compressed oops)
# Problematic frame:
# C  [KERNELBASE.dll+0x33c58]
#
# Failed to write core dump. Minidumps are not enabled by default on client versions of Windows
#
# If you would like to submit a bug report, please visit:
#   http://bugreport.java.com/bugreport/crash.jsp
#

---------------  T H R E A D  ---------------

Current thread (0x0000000013d39800):  VMThread [stack: 0x0000000015a30000,0x0000000015b30000] [id=14724]

siginfo: ExceptionCode=0xe06d7363, ExceptionInformation=0x0000000019930520 0x0000000015b2f448 0x00007ff964d62cb8 0x00007ff964cb0000 

Registers:
RAX=0x004c0044002e006c, RBX=0x00007ff964d62cb8, RCX=0x000000000000004c, RDX=0x0000000000000000
RSP=0x0000000015b2f290, RBP=0x0000000015b2f3d0, RSI=0x00000000ffffffff, RDI=0x00000000174f3d10
R8 =0x0000000000000000, R9 =0x0000000000000000, R10=0x0000000000000000, R11=0x0000000000000000
R12=0x0000000000000001, R13=0x0000000000000008, R14=0x0000000000000000, R15=0xffffffffffffffff
RIP=0x00007ff970f23c58, EFLAGS=0x0000000000000206

Top of Stack: (sp=0x0000000015b2f290)
0x0000000015b2f290:   0000000000000000 00007ff964d62cb8
0x0000000015b2f2a0:   00000000ffffffff 00000000174f3d10
0x0000000015b2f2b0:   00000001e06d7363 0000000000000000
0x0000000015b2f2c0:   00007ff970f23c58 00007ff900000004
0x0000000015b2f2d0:   0000000019930520 0000000015b2f448
0x0000000015b2f2e0:   00007ff964d62cb8 00007ff964cb0000
0x0000000015b2f2f0:   0000000000000008 0000000000000001
0x0000000015b2f300:   00000000174f3d10 00000000ffffffff
0x0000000015b2f310:   0000000015b2f3d0 00007ff9743cc26f
0x0000000015b2f320:   0000000015b2f3e0 0000000000000000
0x0000000015b2f330:   0000fb7605fee58b 0000000000000001
0x0000000015b2f340:   00007ff964d79000 00007ff964cb0000
0x0000000015b2f350:   00003e709c684f86 0000000015b2f580
0x0000000015b2f360:   00007ff964d62cb8 00007ff964d0e92c
0x0000000015b2f370:   000000000000001f 0000000000000008
0x0000000015b2f380:   0000000000000001 00000000174f3d10 

Instructions: (pc=0x00007ff970f23c58)
0x00007ff970f23c38:   49 8b d1 44 0f 47 c0 44 89 44 24 38 49 c1 e0 03
0x00007ff970f23c48:   e8 47 90 04 00 48 8d 4c 24 20 ff 15 a0 44 11 00
0x00007ff970f23c58:   48 8b 8c 24 c0 00 00 00 48 33 cc e8 d8 55 04 00
0x00007ff970f23c68:   48 81 c4 d8 00 00 00 c3 83 64 24 38 00 eb d6 cc 


Register to memory mapping:

RAX=0x004c0044002e006c is an unknown value
RBX=0x00007ff964d62cb8 is an unknown value
RCX=0x000000000000004c is an unknown value
RDX=0x0000000000000000 is an unknown value
RSP=0x0000000015b2f290 is an unknown value
RBP=0x0000000015b2f3d0 is an unknown value
RSI=0x00000000ffffffff is an unallocated location in the heap
RDI=0x00000000174f3d10 is an unknown value
R8 =0x0000000000000000 is an unknown value
R9 =0x0000000000000000 is an unknown value
R10=0x0000000000000000 is an unknown value
R11=0x0000000000000000 is an unknown value
R12=0x0000000000000001 is an unknown value
R13=0x0000000000000008 is an unknown value
R14=0x0000000000000000 is an unknown value
R15=0xffffffffffffffff is an unknown value


Stack: [0x0000000015a30000,0x0000000015b30000],  sp=0x0000000015b2f290,  free space=1020k
Native frames: (J=compiled Java code, j=interpreted, Vv=VM code, C=native code)
C  [KERNELBASE.dll+0x33c58]
C  [MSVCR110.dll+0x5e92c]
C  [MSVCR110.dll+0x1315c]
C  [MSVCR110.dll+0x136a9]
C  [MSVCR110.dll+0x13e9c]
C  [MSVCR110.dll+0x239e]
C  [MSVCR110.dll+0xaf9e]
C  [MSVCP110.dll+0x397b9]
C  [librdi_common.dll+0x183a66]
C  [librdi_common.dll+0x1826fb]
C  [librdi_target_manager.dll+0x2400]
C  [librdi_target_manager.dll+0x2682]
C  [ntdll.dll+0x2a35f]
C  [ntdll.dll+0x806b]
C  [ntdll.dll+0x7d94]
C  [KERNEL32.DLL+0x1ce6a]
C  [MSVCR100.dll+0x20ccd]
V  [jvm.dll+0x210cc5]
V  [jvm.dll+0x249897]
V  [jvm.dll+0x248b36]
V  [jvm.dll+0x248fd1]
V  [jvm.dll+0x2491ee]
V  [jvm.dll+0x29a0fa]
C  [MSVCR100.dll+0x21d9f]
C  [MSVCR100.dll+0x21e3b]
C  [KERNEL32.DLL+0x8364]
C  [ntdll.dll+0x670d1]

VM_Operation (0x000000000014f4c0): Exit, mode: safepoint, requested by thread 0x00000000025de800


---------------  P R O C E S S  ---------------

Java Threads: ( => current thread )
  0x000000001a638800 JavaThread "pool-2-thread-5" [_thread_blocked, id=8008, stack(0x000000003d220000,0x000000003d320000)]
  0x000000001a636800 JavaThread "pool-2-thread-4" [_thread_blocked, id=10836, stack(0x000000003b720000,0x000000003b820000)]
  0x0000000017d98800 JavaThread "pool-2-thread-3" [_thread_blocked, id=5300, stack(0x0000000037f20000,0x0000000038020000)]
  0x000000002168f000 JavaThread "pool-2-thread-2" [_thread_blocked, id=9676, stack(0x0000000032c20000,0x0000000032d20000)]
  0x000000002168c000 JavaThread "pool-2-thread-1" [_thread_blocked, id=3992, stack(0x000000002f920000,0x000000002fa20000)]
  0x000000002168d800 JavaThread "Thread-52" daemon [_thread_blocked, id=8080, stack(0x000000002f720000,0x000000002f820000)]
  0x0000000017a01800 JavaThread "TCF Channel Transmitter" daemon [_thread_blocked, id=14820, stack(0x0000000026320000,0x0000000026420000)]
  0x0000000017a01000 JavaThread "TCF Channel Receiver" daemon [_thread_in_native, id=17272, stack(0x0000000026220000,0x0000000026320000)]
  0x0000000017a05800 JavaThread "Process monitor" daemon [_thread_in_native, id=12812, stack(0x00000000255c0000,0x00000000256c0000)]
  0x0000000017a02800 JavaThread "Input Stream Monitor" daemon [_thread_blocked, id=7504, stack(0x00000000254c0000,0x00000000255c0000)]
  0x00000000179f7000 JavaThread "Output Stream Monitor" daemon [_thread_in_native, id=6324, stack(0x00000000253c0000,0x00000000254c0000)]
  0x00000000179fd000 JavaThread "Output Stream Monitor" daemon [_thread_in_native, id=232, stack(0x00000000252c0000,0x00000000253c0000)]
  0x00000000179f9800 JavaThread "TCF Locator DNS Lookup" daemon [_thread_blocked, id=15240, stack(0x0000000023210000,0x0000000023310000)]
  0x00000000179f6800 JavaThread "TCF Locator Timer" daemon [_thread_blocked, id=15332, stack(0x0000000023110000,0x0000000023210000)]
  0x0000000017d9e800 JavaThread "TCF Locator Receiver" daemon [_thread_in_native, id=14956, stack(0x0000000023010000,0x0000000023110000)]
  0x0000000017d9a000 JavaThread "TCF Timer Dispatcher" daemon [_thread_blocked, id=4012, stack(0x0000000022e10000,0x0000000022f10000)]
  0x0000000017c33800 JavaThread "EMF Reference Cleaner" daemon [_thread_blocked, id=15680, stack(0x0000000019390000,0x0000000019490000)]
  0x0000000013d4d800 JavaThread "Service Thread" daemon [_thread_blocked, id=8300, stack(0x0000000016830000,0x0000000016930000)]
  0x0000000015e67000 JavaThread "C1 CompilerThread3" daemon [_thread_blocked, id=8580, stack(0x0000000016730000,0x0000000016830000)]
  0x0000000015e61800 JavaThread "C2 CompilerThread2" daemon [_thread_blocked, id=13892, stack(0x0000000016630000,0x0000000016730000)]
  0x0000000015e5d000 JavaThread "C2 CompilerThread1" daemon [_thread_blocked, id=17108, stack(0x0000000016530000,0x0000000016630000)]
  0x0000000015e6e000 JavaThread "C2 CompilerThread0" daemon [_thread_blocked, id=18408, stack(0x0000000016430000,0x0000000016530000)]
  0x0000000015e6c000 JavaThread "Attach Listener" daemon [_thread_blocked, id=11836, stack(0x0000000016330000,0x0000000016430000)]
  0x0000000015e6b000 JavaThread "Signal Dispatcher" daemon [_thread_blocked, id=8856, stack(0x0000000016230000,0x0000000016330000)]
  0x000000000245c800 JavaThread "Finalizer" daemon [_thread_blocked, id=12376, stack(0x0000000015c30000,0x0000000015d30000)]
  0x0000000002455000 JavaThread "Reference Handler" daemon [_thread_blocked, id=8064, stack(0x0000000015b30000,0x0000000015c30000)]
  0x00000000025de800 JavaThread "main" [_thread_blocked, id=11236, stack(0x0000000000050000,0x0000000000150000)]

Other Threads:
=>0x0000000013d39800 VMThread [stack: 0x0000000015a30000,0x0000000015b30000] [id=14724]

VM state:at safepoint (shutting down)

VM Mutex/Monitor currently owned by a thread:  ([mutex/lock_event])
[0x00000000025dd740] Threads_lock - owner thread: 0x0000000013d39800

Heap:
 PSYoungGen      total 83456K, used 77190K [0x00000000f5580000, 0x00000000fad00000, 0x0000000100000000)
  eden space 78336K, 95% used [0x00000000f5580000,0x00000000f9e81858,0x00000000fa200000)
  from space 5120K, 47% used [0x00000000fa200000,0x00000000fa460000,0x00000000fa700000)
  to   space 5120K, 0% used [0x00000000fa800000,0x00000000fa800000,0x00000000fad00000)
 ParOldGen       total 116736K, used 46725K [0x00000000e0000000, 0x00000000e7200000, 0x00000000f5580000)
  object space 116736K, 40% used [0x00000000e0000000,0x00000000e2da1668,0x00000000e7200000)
 Metaspace       used 87402K, capacity 94586K, committed 94632K, reserved 1132544K
  class space    used 10186K, capacity 12454K, committed 12456K, reserved 1048576K

Card table byte_map: [0x0000000002480000,0x0000000002590000] byte_map_base: 0x0000000001d80000

Marking Bits: (ParMarkBitMap*) 0x0000000058e3a5b0
 Begin Bits: [0x0000000012250000, 0x0000000012a50000)
 End Bits:   [0x0000000012a50000, 0x0000000013250000)

Polling page: 0x00000000005c0000

CodeCache: size=245760Kb used=46942Kb max_used=47033Kb free=198817Kb
 bounds [0x00000000025e0000, 0x0000000005430000, 0x00000000115e0000]
 total_blobs=12962 nmethods=12073 adapters=797
 compilation: enabled

Compilation events (10 events):
Event: 3739.698 Thread 0x0000000015e67000 nmethod 15174 0x0000000005422210 code [0x0000000005422540, 0x00000000054246d8]
Event: 3739.699 Thread 0x0000000015e67000 15175       3       java.util.TimSort::gallopRight (335 bytes)
Event: 3739.700 Thread 0x0000000015e67000 nmethod 15175 0x00000000053c7210 code [0x00000000053c7400, 0x00000000053c7ef8]
Event: 3739.701 Thread 0x0000000015e67000 15176       3       java.util.TimSort::gallopLeft (335 bytes)
Event: 3739.702 Thread 0x0000000015e67000 nmethod 15176 0x0000000005421090 code [0x0000000005421280, 0x0000000005421d58]
Event: 3739.703 Thread 0x0000000015e67000 15178  s!   3       org.eclipse.osgi.storage.bundlefile.ZipBundleFile::close (64 bytes)
Event: 3739.704 Thread 0x0000000015e67000 nmethod 15178 0x0000000005420290 code [0x0000000005420460, 0x0000000005420df8]
Event: 3739.705 Thread 0x0000000015e67000 15190       1       java.util.concurrent.atomic.AtomicLong::get (5 bytes)
Event: 3739.705 Thread 0x0000000015e67000 nmethod 15190 0x00000000044a0d90 code [0x00000000044a0ee0, 0x00000000044a0ff0]
Event: 3739.707 Thread 0x0000000015e67000 15187   !   3       org.eclipse.osgi.container.ModuleDatabase::getRevisionsTimestamp (25 bytes)

GC Heap History (10 events):
Event: 3451.955 GC heap before
{Heap before GC invocations=105 (full 45):
 PSYoungGen      total 81920K, used 79476K [0x00000000f5580000, 0x00000000fac00000, 0x0000000100000000)
  eden space 76800K, 100% used [0x00000000f5580000,0x00000000fa080000,0x00000000fa080000)
  from space 5120K, 52% used [0x00000000fa080000,0x00000000fa31d040,0x00000000fa580000)
  to   space 5120K, 0% used [0x00000000fa700000,0x00000000fa700000,0x00000000fac00000)
 ParOldGen       total 116736K, used 46206K [0x00000000e0000000, 0x00000000e7200000, 0x00000000f5580000)
  object space 116736K, 39% used [0x00000000e0000000,0x00000000e2d1f858,0x00000000e7200000)
 Metaspace       used 85951K, capacity 93156K, committed 93480K, reserved 1130496K
  class space    used 10062K, capacity 12259K, committed 12328K, reserved 1048576K
Event: 3451.963 GC heap after
Heap after GC invocations=105 (full 45):
 PSYoungGen      total 83456K, used 2596K [0x00000000f5580000, 0x00000000fac00000, 0x0000000100000000)
  eden space 78336K, 0% used [0x00000000f5580000,0x00000000f5580000,0x00000000fa200000)
  from space 5120K, 50% used [0x00000000fa700000,0x00000000fa989050,0x00000000fac00000)
  to   space 5120K, 0% used [0x00000000fa200000,0x00000000fa200000,0x00000000fa700000)
 ParOldGen       total 116736K, used 46214K [0x00000000e0000000, 0x00000000e7200000, 0x00000000f5580000)
  object space 116736K, 39% used [0x00000000e0000000,0x00000000e2d21858,0x00000000e7200000)
 Metaspace       used 85951K, capacity 93156K, committed 93480K, reserved 1130496K
  class space    used 10062K, capacity 12259K, committed 12328K, reserved 1048576K
}
Event: 3456.218 GC heap before
{Heap before GC invocations=106 (full 45):
 PSYoungGen      total 83456K, used 17442K [0x00000000f5580000, 0x00000000fac00000, 0x0000000100000000)
  eden space 78336K, 18% used [0x00000000f5580000,0x00000000f63ff8a8,0x00000000fa200000)
  from space 5120K, 50% used [0x00000000fa700000,0x00000000fa989050,0x00000000fac00000)
  to   space 5120K, 0% used [0x00000000fa200000,0x00000000fa200000,0x00000000fa700000)
 ParOldGen       total 116736K, used 46214K [0x00000000e0000000, 0x00000000e7200000, 0x00000000f5580000)
  object space 116736K, 39% used [0x00000000e0000000,0x00000000e2d21858,0x00000000e7200000)
 Metaspace       used 85972K, capacity 93220K, committed 93480K, reserved 1130496K
  class space    used 10062K, capacity 12259K, committed 12328K, reserved 1048576K
Event: 3456.226 GC heap after
Heap after GC invocations=106 (full 45):
 PSYoungGen      total 83456K, used 2644K [0x00000000f5580000, 0x00000000fac00000, 0x0000000100000000)
  eden space 78336K, 0% used [0x00000000f5580000,0x00000000f5580000,0x00000000fa200000)
  from space 5120K, 51% used [0x00000000fa200000,0x00000000fa495040,0x00000000fa700000)
  to   space 5120K, 0% used [0x00000000fa700000,0x00000000fa700000,0x00000000fac00000)
 ParOldGen       total 116736K, used 46222K [0x00000000e0000000, 0x00000000e7200000, 0x00000000f5580000)
  object space 116736K, 39% used [0x00000000e0000000,0x00000000e2d23858,0x00000000e7200000)
 Metaspace       used 85972K, capacity 93220K, committed 93480K, reserved 1130496K
  class space    used 10062K, capacity 12259K, committed 12328K, reserved 1048576K
}
Event: 3456.226 GC heap before
{Heap before GC invocations=107 (full 46):
 PSYoungGen      total 83456K, used 2644K [0x00000000f5580000, 0x00000000fac00000, 0x0000000100000000)
  eden space 78336K, 0% used [0x00000000f5580000,0x00000000f5580000,0x00000000fa200000)
  from space 5120K, 51% used [0x00000000fa200000,0x00000000fa495040,0x00000000fa700000)
  to   space 5120K, 0% used [0x00000000fa700000,0x00000000fa700000,0x00000000fac00000)
 ParOldGen       total 116736K, used 46222K [0x00000000e0000000, 0x00000000e7200000, 0x00000000f5580000)
  object space 116736K, 39% used [0x00000000e0000000,0x00000000e2d23858,0x00000000e7200000)
 Metaspace       used 85972K, capacity 93220K, committed 93480K, reserved 1130496K
  class space    used 10062K, capacity 12259K, committed 12328K, reserved 1048576K
Event: 3456.874 GC heap after
Heap after GC invocations=107 (full 46):
 PSYoungGen      total 83456K, used 0K [0x00000000f5580000, 0x00000000fac00000, 0x0000000100000000)
  eden space 78336K, 0% used [0x00000000f5580000,0x00000000f5580000,0x00000000fa200000)
  from space 5120K, 0% used [0x00000000fa200000,0x00000000fa200000,0x00000000fa700000)
  to   space 5120K, 0% used [0x00000000fa700000,0x00000000fa700000,0x00000000fac00000)
 ParOldGen       total 116736K, used 46709K [0x00000000e0000000, 0x00000000e7200000, 0x00000000f5580000)
  object space 116736K, 40% used [0x00000000e0000000,0x00000000e2d9d668,0x00000000e7200000)
 Metaspace       used 85972K, capacity 93220K, committed 93480K, reserved 1130496K
  class space    used 10062K, capacity 12259K, committed 12328K, reserved 1048576K
}
Event: 3489.862 GC heap before
{Heap before GC invocations=108 (full 46):
 PSYoungGen      total 83456K, used 78336K [0x00000000f5580000, 0x00000000fac00000, 0x0000000100000000)
  eden space 78336K, 100% used [0x00000000f5580000,0x00000000fa200000,0x00000000fa200000)
  from space 5120K, 0% used [0x00000000fa200000,0x00000000fa200000,0x00000000fa700000)
  to   space 5120K, 0% used [0x00000000fa700000,0x00000000fa700000,0x00000000fac00000)
 ParOldGen       total 116736K, used 46709K [0x00000000e0000000, 0x00000000e7200000, 0x00000000f5580000)
  object space 116736K, 40% used [0x00000000e0000000,0x00000000e2d9d668,0x00000000e7200000)
 Metaspace       used 86111K, capacity 93418K, committed 93736K, reserved 1130496K
  class space    used 10063K, capacity 12260K, committed 12328K, reserved 1048576K
Event: 3489.871 GC heap after
Heap after GC invocations=108 (full 46):
 PSYoungGen      total 83456K, used 1536K [0x00000000f5580000, 0x00000000fad00000, 0x0000000100000000)
  eden space 78336K, 0% used [0x00000000f5580000,0x00000000f5580000,0x00000000fa200000)
  from space 5120K, 30% used [0x00000000fa700000,0x00000000fa880000,0x00000000fac00000)
  to   space 5120K, 0% used [0x00000000fa200000,0x00000000fa200000,0x00000000fa700000)
 ParOldGen       total 116736K, used 46717K [0x00000000e0000000, 0x00000000e7200000, 0x00000000f5580000)
  object space 116736K, 40% used [0x00000000e0000000,0x00000000e2d9f668,0x00000000e7200000)
 Metaspace       used 86111K, capacity 93418K, committed 93736K, reserved 1130496K
  class space    used 10063K, capacity 12260K, committed 12328K, reserved 1048576K
}
Event: 3620.622 GC heap before
{Heap before GC invocations=109 (full 46):
 PSYoungGen      total 83456K, used 79872K [0x00000000f5580000, 0x00000000fad00000, 0x0000000100000000)
  eden space 78336K, 100% used [0x00000000f5580000,0x00000000fa200000,0x00000000fa200000)
  from space 5120K, 30% used [0x00000000fa700000,0x00000000fa880000,0x00000000fac00000)
  to   space 5120K, 0% used [0x00000000fa200000,0x00000000fa200000,0x00000000fa700000)
 ParOldGen       total 116736K, used 46717K [0x00000000e0000000, 0x00000000e7200000, 0x00000000f5580000)
  object space 116736K, 40% used [0x00000000e0000000,0x00000000e2d9f668,0x00000000e7200000)
 Metaspace       used 86308K, capacity 93494K, committed 93736K, reserved 1130496K
  class space    used 10064K, capacity 12262K, committed 12328K, reserved 1048576K
Event: 3620.632 GC heap after
Heap after GC invocations=109 (full 46):
 PSYoungGen      total 83456K, used 2432K [0x00000000f5580000, 0x00000000fad00000, 0x0000000100000000)
  eden space 78336K, 0% used [0x00000000f5580000,0x00000000f5580000,0x00000000fa200000)
  from space 5120K, 47% used [0x00000000fa200000,0x00000000fa460000,0x00000000fa700000)
  to   space 5120K, 0% used [0x00000000fa800000,0x00000000fa800000,0x00000000fad00000)
 ParOldGen       total 116736K, used 46725K [0x00000000e0000000, 0x00000000e7200000, 0x00000000f5580000)
  object space 116736K, 40% used [0x00000000e0000000,0x00000000e2da1668,0x00000000e7200000)
 Metaspace       used 86308K, capacity 93494K, committed 93736K, reserved 1130496K
  class space    used 10064K, capacity 12262K, committed 12328K, reserved 1048576K
}

Deoptimization events (10 events):
Event: 3739.050 Thread 0x000000001a634000 Uncommon trap: reason=unstable_if action=reinterpret pc=0x00000000046751e4 method=org.eclipse.swt.graphics.Resource.dispose()V @ 15
Event: 3739.617 Thread 0x000000001a634000 Uncommon trap: reason=unstable_if action=reinterpret pc=0x00000000032c6a3c method=org.eclipse.osgi.internal.hooks.EclipseLazyStarter.shouldActivateFor(Ljava/lang/String;Lorg/eclipse/osgi/container/Module;Lorg/eclipse/osgi/container/ModuleRevision;Lorg/eclin¢L7­@
Event: 3739.650 Thread 0x0000000017ca7800 Uncommon trap: reason=unstable_if action=reinterpret pc=0x0000000003061fa4 method=org.eclipse.osgi.internal.framework.BundleContextImpl.dispatchEvent(Ljava/lang/Object;Ljava/lang/Object;ILjava/lang/Object;)V @ 16
Event: 3739.673 Thread 0x00000000179fc800 Uncommon trap: reason=unstable_if action=reinterpret pc=0x0000000004fb5da4 method=org.eclipse.core.internal.jobs.WorkerPool.startJob(Lorg/eclipse/core/internal/jobs/Worker;)Lorg/eclipse/core/internal/jobs/InternalJob; @ 177
Event: 3739.673 Thread 0x000000002168d000 Uncommon trap: reason=unstable_if action=reinterpret pc=0x0000000004fb5da4 method=org.eclipse.core.internal.jobs.WorkerPool.startJob(Lorg/eclipse/core/internal/jobs/Worker;)Lorg/eclipse/core/internal/jobs/InternalJob; @ 177
Event: 3739.673 Thread 0x00000000179fa000 Uncommon trap: reason=unstable_if action=reinterpret pc=0x0000000004fb5da4 method=org.eclipse.core.internal.jobs.WorkerPool.startJob(Lorg/eclipse/core/internal/jobs/Worker;)Lorg/eclipse/core/internal/jobs/InternalJob; @ 177
Event: 3739.673 Thread 0x00000000179f8800 Uncommon trap: reason=unstable_if action=reinterpret pc=0x0000000004fb5da4 method=org.eclipse.core.internal.jobs.WorkerPool.startJob(Lorg/eclipse/core/internal/jobs/Worker;)Lorg/eclipse/core/internal/jobs/InternalJob; @ 177
Event: 3739.673 Thread 0x0000000017a04000 Uncommon trap: reason=unstable_if action=reinterpret pc=0x0000000004fb5da4 method=org.eclipse.core.internal.jobs.WorkerPool.startJob(Lorg/eclipse/core/internal/jobs/Worker;)Lorg/eclipse/core/internal/jobs/InternalJob; @ 177
Event: 3739.673 Thread 0x000000002168e800 Uncommon trap: reason=unstable_if action=reinterpret pc=0x0000000004fb5da4 method=org.eclipse.core.internal.jobs.WorkerPool.startJob(Lorg/eclipse/core/internal/jobs/Worker;)Lorg/eclipse/core/internal/jobs/InternalJob; @ 177
Event: 3739.673 Thread 0x0000000017d98000 Uncommon trap: reason=unstable_if action=reinterpret pc=0x0000000004fb5da4 method=org.eclipse.core.internal.jobs.WorkerPool.startJob(Lorg/eclipse/core/internal/jobs/Worker;)Lorg/eclipse/core/internal/jobs/InternalJob; @ 177

Internal exceptions (10 events):
Event: 3688.122 Thread 0x00000000025de800 Exception <a 'java/io/FileNotFoundException'> (0x00000000f8bcbaf0) thrown at [C:\re\workspace\8-2-build-windows-amd64-cygwin\jdk8u66\5298\hotspot\src\share\vm\prims\jni.cpp, line 709]
Event: 3688.185 Thread 0x00000000025de800 Implicit null exception at 0x0000000002a752bd to 0x0000000002a77e35
Event: 3738.831 Thread 0x000000001a638800 Exception <a 'java/io/IOException'> (0x00000000f7341b98) thrown at [C:\re\workspace\8-2-build-windows-amd64-cygwin\jdk8u66\5298\hotspot\src\share\vm\prims\jni.cpp, line 709]
Event: 3738.831 Thread 0x000000001a638800 Exception <a 'java/io/IOException'> (0x00000000f7341e30) thrown at [C:\re\workspace\8-2-build-windows-amd64-cygwin\jdk8u66\5298\hotspot\src\share\vm\prims\jni.cpp, line 709]
Event: 3738.831 Thread 0x000000001a638800 Exception <a 'java/io/IOException'> (0x00000000f7342098) thrown at [C:\re\workspace\8-2-build-windows-amd64-cygwin\jdk8u66\5298\hotspot\src\share\vm\prims\jni.cpp, line 709]
Event: 3738.943 Thread 0x000000002168b800 Exception <a 'java/lang/InterruptedException'> (0x00000000f98b6288) thrown at [C:\re\workspace\8-2-build-windows-amd64-cygwin\jdk8u66\5298\hotspot\src\share\vm\runtime\objectMonitor.cpp, line 1683]
Event: 3739.672 Thread 0x0000000017d99800 Exception <a 'java/lang/InterruptedException'> (0x00000000f8c1fac8) thrown at [C:\re\workspace\8-2-build-windows-amd64-cygwin\jdk8u66\5298\hotspot\src\share\vm\runtime\objectMonitor.cpp, line 1683]
Event: 3739.695 Thread 0x0000000017ca7800 Exception <a 'java/lang/InterruptedException'> (0x00000000f9c2a000) thrown at [C:\re\workspace\8-2-build-windows-amd64-cygwin\jdk8u66\5298\hotspot\src\share\vm\runtime\objectMonitor.cpp, line 1683]
Event: 3739.702 Thread 0x0000000017d9b000 Exception <a 'java/lang/InterruptedException'> (0x00000000f85abf50) thrown at [C:\re\workspace\8-2-build-windows-amd64-cygwin\jdk8u66\5298\hotspot\src\share\vm\runtime\objectMonitor.cpp, line 1683]
Event: 3739.702 Thread 0x0000000016f6c000 Exception <a 'java/lang/InterruptedException'> (0x00000000f9e20f10) thrown at [C:\re\workspace\8-2-build-windows-amd64-cygwin\jdk8u66\5298\hotspot\src\share\vm\runtime\objectMonitor.cpp, line 1683]

Events (10 events):
Event: 3739.706 loading class java/util/IdentityHashMap$KeyIterator done
Event: 3739.706 Thread 0x000000001a639800 Thread added: 0x000000001a639800
Event: 3739.706 Executing VM operation: RevokeBias
Event: 3739.706 Executing VM operation: RevokeBias done
Event: 3739.706 Executing VM operation: RevokeBias
Event: 3739.706 Executing VM operation: RevokeBias done
Event: 3739.706 Executing VM operation: RevokeBias
Event: 3739.707 Executing VM operation: RevokeBias done
Event: 3739.707 Thread 0x000000001a639800 Thread exited: 0x000000001a639800
Event: 3739.707 Executing VM operation: Exit


Dynamic libraries:
0x0000000000400000 - 0x000000000044f000 	C:\Xilinx\SDK\2016.4\eclipse\win64.o\eclipse.exe
0x00007ff974380000 - 0x00007ff974551000 	C:\WINDOWS\SYSTEM32\ntdll.dll
0x00007ff973360000 - 0x00007ff97340c000 	C:\WINDOWS\System32\KERNEL32.DLL
0x00007ff9676b0000 - 0x00007ff967704000 	C:\Program Files (x86)\AVG\Av\avghooka.dll
0x00007ff970ef0000 - 0x00007ff97110d000 	C:\WINDOWS\System32\KERNELBASE.dll
0x00007ff96ed80000 - 0x00007ff96edfa000 	C:\WINDOWS\system32\apphelp.dll
0x00007ff973700000 - 0x00007ff973865000 	C:\WINDOWS\System32\USER32.dll
0x00007ff970c70000 - 0x00007ff970c8e000 	C:\WINDOWS\System32\win32u.dll
0x00007ff9738e0000 - 0x00007ff973914000 	C:\WINDOWS\System32\GDI32.dll
0x00007ff970870000 - 0x00007ff9709f2000 	C:\WINDOWS\System32\gdi32full.dll
0x00007ff9742d0000 - 0x00007ff97436e000 	C:\WINDOWS\System32\msvcrt.dll
0x00007ff963b10000 - 0x00007ff963d8a000 	C:\WINDOWS\WinSxS\amd64_microsoft.windows.common-controls_6595b64144ccf1df_6.0.14393.953_none_42151e83c686086b\COMCTL32.dll
0x00007ff973920000 - 0x00007ff973be8000 	C:\WINDOWS\System32\combase.dll
0x00007ff970d40000 - 0x00007ff970e35000 	C:\WINDOWS\System32\ucrtbase.dll
0x00007ff973130000 - 0x00007ff973251000 	C:\WINDOWS\System32\RPCRT4.dll
0x00007ff971160000 - 0x00007ff9711ca000 	C:\WINDOWS\System32\bcryptPrimitives.dll
0x00007ff973260000 - 0x00007ff97328e000 	C:\WINDOWS\System32\IMM32.DLL
0x0000000072000000 - 0x0000000072012000 	C:\Xilinx\SDK\2016.4\eclipse\win64.o\plugins\org.eclipse.equinox.launcher.win32.win32.x86_64_1.1.300.v20150602-1417\eclipse_1611.dll
0x00007ff973410000 - 0x00007ff9734b2000 	C:\WINDOWS\System32\ADVAPI32.dll
0x00007ff971910000 - 0x00007ff971969000 	C:\WINDOWS\System32\sechost.dll
0x00007ff962ad0000 - 0x00007ff962ada000 	C:\WINDOWS\SYSTEM32\VERSION.dll
0x00007ff96efc0000 - 0x00007ff96f055000 	C:\WINDOWS\system32\uxtheme.dll
0x00007ff974020000 - 0x00007ff97417a000 	C:\WINDOWS\System32\MSCTF.dll
0x00007ff973290000 - 0x00007ff97334f000 	C:\WINDOWS\System32\OLEAUT32.dll
0x00007ff970bd0000 - 0x00007ff970c6c000 	C:\WINDOWS\System32\msvcp_win.dll
0x0000000058630000 - 0x0000000058eb9000 	C:\Xilinx\SDK\2016.4\tps\win64\jre\bin\server\jvm.dll
0x00007ff973350000 - 0x00007ff973358000 	C:\WINDOWS\System32\PSAPI.DLL
0x00007ff96b920000 - 0x00007ff96b929000 	C:\WINDOWS\SYSTEM32\WSOCK32.dll
0x00007ff973870000 - 0x00007ff9738da000 	C:\WINDOWS\System32\WS2_32.dll
0x00007ff96eac0000 - 0x00007ff96eae3000 	C:\WINDOWS\SYSTEM32\WINMM.dll
0x000000005afc0000 - 0x000000005b092000 	C:\WINDOWS\SYSTEM32\MSVCR100.dll
0x00007ff96e920000 - 0x00007ff96e94b000 	C:\WINDOWS\SYSTEM32\WINMMBASE.dll
0x00007ff971110000 - 0x00007ff971152000 	C:\WINDOWS\System32\cfgmgr32.dll
0x0000000059a20000 - 0x0000000059a2f000 	C:\Xilinx\SDK\2016.4\tps\win64\jre\bin\verify.dll
0x00000000599f0000 - 0x0000000059a19000 	C:\Xilinx\SDK\2016.4\tps\win64\jre\bin\java.dll
0x00000000599d0000 - 0x00000000599e6000 	C:\Xilinx\SDK\2016.4\tps\win64\jre\bin\zip.dll
0x00007ff971c20000 - 0x00007ff973128000 	C:\WINDOWS\System32\SHELL32.dll
0x00007ff971230000 - 0x00007ff97190a000 	C:\WINDOWS\System32\windows.storage.dll
0x00007ff970820000 - 0x00007ff97086c000 	C:\WINDOWS\System32\powrprof.dll
0x00007ff9741f0000 - 0x00007ff974242000 	C:\WINDOWS\System32\shlwapi.dll
0x00007ff970810000 - 0x00007ff97081f000 	C:\WINDOWS\System32\kernel.appcore.dll
0x00007ff970c90000 - 0x00007ff970d39000 	C:\WINDOWS\System32\shcore.dll
0x00007ff9707f0000 - 0x00007ff970804000 	C:\WINDOWS\System32\profapi.dll
0x00007ff970260000 - 0x00007ff970277000 	C:\WINDOWS\SYSTEM32\CRYPTSP.dll
0x00007ff96fcb0000 - 0x00007ff96fce3000 	C:\WINDOWS\system32\rsaenh.dll
0x00007ff970720000 - 0x00007ff97074b000 	C:\WINDOWS\SYSTEM32\bcrypt.dll
0x00007ff96ff30000 - 0x00007ff96ff4f000 	C:\WINDOWS\SYSTEM32\USERENV.dll
0x00007ff970250000 - 0x00007ff97025b000 	C:\WINDOWS\SYSTEM32\CRYPTBASE.dll
0x00000000599b0000 - 0x00000000599ca000 	C:\Xilinx\SDK\2016.4\tps\win64\jre\bin\net.dll
0x00007ff9700b0000 - 0x00007ff97010c000 	C:\WINDOWS\system32\mswsock.dll
0x00007ff96fe30000 - 0x00007ff96fe68000 	C:\WINDOWS\SYSTEM32\IPHLPAPI.DLL
0x00007ff974370000 - 0x00007ff974378000 	C:\WINDOWS\System32\NSI.dll
0x00007ff96cc10000 - 0x00007ff96cc26000 	C:\WINDOWS\SYSTEM32\dhcpcsvc6.DLL
0x00007ff96cb40000 - 0x00007ff96cb5a000 	C:\WINDOWS\SYSTEM32\dhcpcsvc.DLL
0x0000000059990000 - 0x00000000599a1000 	C:\Xilinx\SDK\2016.4\tps\win64\jre\bin\nio.dll
0x00007ff95e4a0000 - 0x00007ff95e4b6000 	C:\WINDOWS\system32\napinsp.dll
0x00007ff95e470000 - 0x00007ff95e48a000 	C:\WINDOWS\system32\pnrpnsp.dll
0x00007ff96be20000 - 0x00007ff96be38000 	C:\WINDOWS\system32\NLAapi.dll
0x00007ff96fe70000 - 0x00007ff96ff11000 	C:\WINDOWS\SYSTEM32\DNSAPI.dll
0x00007ff962ee0000 - 0x00007ff962eee000 	C:\WINDOWS\System32\winrnr.dll
0x000000005b0d0000 - 0x000000005b0f6000 	C:\Program Files\Bonjour\mdnsNSP.dll
0x00007ff96b090000 - 0x00007ff96b09a000 	C:\Windows\System32\rasadhlp.dll
0x00007ff96b450000 - 0x00007ff96b4ba000 	C:\WINDOWS\System32\fwpuclnt.dll
0x0000000019090000 - 0x0000000019138000 	C:\Users\Utilizador\.Xilinx\SDK\2016.4\org.eclipse.osgi\319\0\.cp\swt-win32-4527.dll
0x00007ff971a70000 - 0x00007ff971ba8000 	C:\WINDOWS\System32\ole32.dll
0x00007ff971970000 - 0x00007ff971a6a000 	C:\WINDOWS\System32\comdlg32.dll
0x00007ff970a00000 - 0x00007ff970bc9000 	C:\WINDOWS\System32\CRYPT32.dll
0x00007ff9707e0000 - 0x00007ff9707f0000 	C:\WINDOWS\System32\MSASN1.dll
0x00007ff96bc30000 - 0x00007ff96bcb6000 	C:\WINDOWS\SYSTEM32\WINSPOOL.DRV
0x00007ff96b5a0000 - 0x00007ff96b5b9000 	C:\WINDOWS\SYSTEM32\USP10.dll
0x00007ff96ce90000 - 0x00007ff96d15a000 	C:\WINDOWS\SYSTEM32\WININET.dll
0x00007ff96dd30000 - 0x00007ff96dd56000 	C:\WINDOWS\system32\dwmapi.dll
0x00007ff96daa0000 - 0x00007ff96dc25000 	C:\WINDOWS\SYSTEM32\propsys.dll
0x00007ff973660000 - 0x00007ff9736ff000 	C:\WINDOWS\System32\clbcatq.dll
0x0000000018600000 - 0x000000001861e000 	C:\Users\Utilizador\.Xilinx\SDK\2016.4\org.eclipse.osgi\319\0\.cp\swt-gdip-win32-4527.dll
0x00007ff965510000 - 0x00007ff9656aa000 	C:\WINDOWS\WinSxS\amd64_microsoft.windows.gdiplus_6595b64144ccf1df_1.1.14393.953_none_7300116921188239\gdiplus.dll
0x00007ff96c910000 - 0x00007ff96cab8000 	C:\WINDOWS\SYSTEM32\WindowsCodecs.dll
0x0000000180000000 - 0x0000000180012000 	C:\Users\Utilizador\.Xilinx\SDK\2016.4\org.eclipse.osgi\133\0\.cp\os\win32\x86_64\localfile_1_0_0.dll
0x00007ff95e030000 - 0x00007ff95e095000 	C:\WINDOWS\SYSTEM32\oleacc.dll
0x00007ff96a9c0000 - 0x00007ff96a9c7000 	C:\WINDOWS\SYSTEM32\msimg32.dll
0x00007ff96a3a0000 - 0x00007ff96a3b1000 	C:\Users\Utilizador\.Xilinx\SDK\2016.4\org.eclipse.osgi\136\0\.cp\jWinHttp-1.0.0.dll
0x00007ff96dc60000 - 0x00007ff96dd2d000 	C:\WINDOWS\SYSTEM32\WINHTTP.dll
0x00007ff96c180000 - 0x00007ff96c18f000 	C:\Xilinx\SDK\2016.4\lib\win64.o\librdi_repo_manager.dll
0x00007ff960030000 - 0x00007ff96005a000 	C:\Xilinx\SDK\2016.4\lib\win64.o\libisl_sysinfo.dll
0x00007ff9157e0000 - 0x00007ff91628a000 	C:\Xilinx\SDK\2016.4\lib\win64.o\librdi_common.dll
0x00007ff955630000 - 0x00007ff955683000 	C:\Xilinx\SDK\2016.4\lib\win64.o\librdi_commonxillic.dll
0x00007ff916600000 - 0x00007ff9167f8000 	C:\Xilinx\SDK\2016.4\lib\win64.o\librdi_hsm.dll
0x00007ff964c00000 - 0x00007ff964ca7000 	C:\WINDOWS\SYSTEM32\MSVCP110.dll
0x00007ff964cb0000 - 0x00007ff964d84000 	C:\WINDOWS\SYSTEM32\MSVCR110.dll
0x00007ff915470000 - 0x00007ff9157de000 	C:\Xilinx\SDK\2016.4\lib\win64.o\libCOIN-all.dll
0x00007ff915250000 - 0x00007ff91546f000 	C:\Xilinx\SDK\2016.4\lib\win64.o\libXil_lmgr11.dll
0x00007ff9711d0000 - 0x00007ff971225000 	C:\WINDOWS\System32\WINTRUST.dll
0x00007ff9677b0000 - 0x00007ff9677c0000 	C:\Xilinx\SDK\2016.4\lib\win64.o\libboost_date_time.dll
0x00007ff95fab0000 - 0x00007ff95fad4000 	C:\Xilinx\SDK\2016.4\lib\win64.o\libboost_filesystem.dll
0x00007ff94fef0000 - 0x00007ff94ff67000 	C:\Xilinx\SDK\2016.4\lib\win64.o\libboost_program_options.dll
0x00007ff947710000 - 0x00007ff947816000 	C:\Xilinx\SDK\2016.4\lib\win64.o\libboost_regex.dll
0x00007ff958450000 - 0x00007ff958463000 	C:\Xilinx\SDK\2016.4\lib\win64.o\libboost_signals.dll
0x00007ff9677a0000 - 0x00007ff9677a9000 	C:\Xilinx\SDK\2016.4\lib\win64.o\libboost_system.dll
0x00007ff955610000 - 0x00007ff95562d000 	C:\Xilinx\SDK\2016.4\lib\win64.o\libboost_thread.dll
0x00007ff9671c0000 - 0x00007ff9671cb000 	C:\Xilinx\SDK\2016.4\lib\win64.o\libboost_xilinx.dll
0x00007ff94fe70000 - 0x00007ff94fef0000 	C:\Xilinx\SDK\2016.4\lib\win64.o\libhdlpsolve.dll
0x00007ff947420000 - 0x00007ff9474ba000 	C:\Xilinx\SDK\2016.4\lib\win64.o\libhdxml.dll
0x00007ff914390000 - 0x00007ff914759000 	C:\Xilinx\SDK\2016.4\lib\win64.o\libisl_iostreams.dll
0x00007ff9555f0000 - 0x00007ff955605000 	C:\Xilinx\SDK\2016.4\lib\win64.o\pthreadVC2.dll
0x00007ff915120000 - 0x00007ff915250000 	C:\Xilinx\SDK\2016.4\lib\win64.o\librdi_curl.dll
0x00007ff955580000 - 0x00007ff955598000 	C:\Xilinx\SDK\2016.4\lib\win64.o\librdiconfig.dll
0x00007ff955560000 - 0x00007ff95557f000 	C:\Xilinx\SDK\2016.4\lib\win64.o\librdizlib.dll
0x0000000058500000 - 0x0000000058627000 	C:\Xilinx\SDK\2016.4\lib\win64.o\tcl85t.dll
0x0000000024e50000 - 0x00000000250b3000 	C:\Xilinx\SDK\2016.4\lib\win64.o\xerces-c_3_1.dll
0x00007ff963320000 - 0x00007ff9634e3000 	C:\WINDOWS\SYSTEM32\urlmon.dll
0x00007ff95f260000 - 0x00007ff95f283000 	C:\WINDOWS\SYSTEM32\VCOMP110.DLL
0x00007ff930030000 - 0x00007ff930073000 	C:\Xilinx\SDK\2016.4\lib\win64.o\librdi_hdf.dll
0x00007ff9148e0000 - 0x00007ff914ba8000 	C:\Xilinx\SDK\2016.4\lib\win64.o\librdi_ippcw.dll
0x00007ff96a770000 - 0x00007ff96a788000 	C:\WINDOWS\SYSTEM32\NETAPI32.dll
0x00007ff965320000 - 0x00007ff96532b000 	C:\Xilinx\SDK\2016.4\lib\win64.o\libboost_chrono.dll
0x00007ff955540000 - 0x00007ff955556000 	C:\Xilinx\SDK\2016.4\lib\win64.o\libboost_iostreams.dll
0x00007ff953d80000 - 0x00007ff953da3000 	C:\Xilinx\SDK\2016.4\lib\win64.o\libisl_iosutils.dll
0x00007ff96ab70000 - 0x00007ff96ae15000 	C:\WINDOWS\SYSTEM32\iertutil.dll
0x00007ff962a20000 - 0x00007ff962a62000 	C:\WINDOWS\SYSTEM32\edputil.dll
0x00007ff967b60000 - 0x00007ff967b76000 	C:\Xilinx\SDK\2016.4\eclipse\win64.o\plugins\org.eclipse.cdt.core.win32.x86_64_5.4.0.201509131935\os\win32\x86_64\spawner.dll
0x00007ff96ec40000 - 0x00007ff96ec4a000 	C:\Xilinx\SDK\2016.4\lib\win64.o\librdi_jtag_settings.dll
0x00007ff955130000 - 0x00007ff955159000 	C:\Xilinx\SDK\2016.4\lib\win64.o\librdi_debug_dialog.dll
0x00007ff96a350000 - 0x00007ff96a358000 	C:\Xilinx\SDK\2016.4\lib\win64.o\librdi_target_manager.dll
0x00007ff911ff0000 - 0x00007ff912800000 	C:\Xilinx\SDK\2016.4\lib\win64.o\libXil_lmgr11FNP.dll
0x00007ff973bf0000 - 0x00007ff974019000 	C:\WINDOWS\System32\SETUPAPI.dll
0x00007ff961440000 - 0x00007ff96144c000 	C:\WINDOWS\SYSTEM32\snmpapi.dll
0x00007ff970450000 - 0x00007ff97047c000 	C:\WINDOWS\SYSTEM32\SspiCli.dll
0x0000000019860000 - 0x0000000019863000 	C:\WINDOWS\SYSTEM32\icmp.Dll

VM Arguments:
jvm_args: -Dcom.xilinx.sdk.args.hwspec=C:/Users/Utilizador/Desktop/Universidade/4_ano/2_semestre/CR/Projeto/ProjetoFinal/MP_ToDisplays/MP_ToDisplays.sdk/DebUART_wrapper.hdf -Xms64m -Xmx512m & 
java_command: <unknown>
java_class_path (initial): C:\Xilinx\SDK\2016.4\eclipse\win64.o\\plugins/org.eclipse.equinox.launcher_1.3.100.v20150511-1540.jar
Launcher Type: generic

Environment Variables:
JAVA_HOME=C:\Program Files\Java\jdk1.8.0_101
PATH=C:/Xilinx/SDK/2016.4/tps/win64/jre/bin/server;C:/Xilinx/SDK/2016.4/tps/win64/jre/bin;C:/Xilinx/SDK/2016.4/tps/win64/jre/lib/amd64;C:\Xilinx\SDK\2016.4\gnuwin\bin;C:\Xilinx\SDK\2016.4\gnu\microblaze\nt\bin;C:\Xilinx\SDK\2016.4\gnu\microblaze\linux_toolchain\nt64_le\bin;C:\Xilinx\SDK\2016.4\gnu\microblaze\linux_toolchain\nt64_be\bin;C:\Xilinx\SDK\2016.4\gnu\arm\nt\bin;C:\Xilinx\SDK\2016.4\gnu\aarch64\nt\aarch64-none\bin;C:\Xilinx\SDK\2016.4\gnu\aarch64\nt\aarch64-linux\bin;C:\Xilinx\SDK\2016.4\gnu\armr5\nt\gcc-arm-none-eabi\bin;C:\Xilinx\SDK\2016.4\gnu\aarch32\nt\gcc-arm-none-eabi\bin;C:\Xilinx\SDK\2016.4\gnu\aarch32\nt\gcc-arm-linux-gnueabi\bin;C:\Xilinx\SDK\2016.4\tps\win64\cmake-3.3.2\bin;;C:\Xilinx\SDK\2016.4\bin;C:\Xilinx\SDK\2016.4\lib\win64.o;C:\Xilinx\SDK\2016.4\tps\win64\jre\bin\server;C:\Xilinx\SDK\2016.4\tps\win64\jre\bin;C:\Xilinx\Vivado\2016.4\ids_lite\ISE\bin\nt64;C:\Xilinx\Vivado\2016.4\ids_lite\ISE\lib\nt64;C:\Xilinx\Vivado\2016.4\bin;C:\Xilinx\Vivado\2016.4\lib\win64.o;C:\Xilinx\Vivado\2016.4\tps\win64\jre\bin\server;C:\Xilinx\Vivado\2016.4\tps\win64\jre\bin;C:\Xilinx\Vivado_HLS\2016.4\bin;C:\WINDOWS\system32\Npcap;C:\Program Files\MATLAB\MATLAB Production Server\R2015a\runtime\win64;C:\Program Files\MATLAB\MATLAB Production Server\R2015a\bin;C:\Program Files\MATLAB\MATLAB Production Server\R2015a\polyspace\bin;C:\Program Files\PuTTY\;c:\Program Files\Intel\WiFi\bin\;c:\Program Files\Common Files\Intel\WirelessCommon\;C:\Users\Utilizador\AppData\Roaming\npm;C:\Users\Utilizador\AppData\Local\Microsoft\WindowsApps;C:\Python27;C:\Program Files\Java\jdk1.8.0_101\bin;C:\Program Files\NetBeans 8.2\java\maven\bin;C:\Users\Utilizador\Desktop\Universidade\4_ano\2_semestre\CR\Projeto\ProjetoFinal\MP_ToDisplays;
USERNAME=Utilizador
OS=Windows_NT
PROCESSOR_IDENTIFIER=Intel64 Family 6 Model 60 Stepping 3, GenuineIntel



---------------  S Y S T E M  ---------------

OS: Windows 10.0 , 64 bit Build 14393 (10.0.14393.1198)

CPU:total 8 (4 cores per cpu, 2 threads per core) family 6 model 60 stepping 3, cmov, cx8, fxsr, mmx, sse, sse2, sse3, ssse3, sse4.1, sse4.2, popcnt, avx, avx2, aes, clmul, erms, lzcnt, ht, tsc, tscinvbit, bmi1, bmi2

Memory: 4k page, physical 8319000k(2412836k free), swap 12976516k(5055284k free)

vm_info: Java HotSpot(TM) 64-Bit Server VM (25.66-b18) for windows-amd64 JRE (1.8.0_66-b18), built on Nov  9 2015 10:51:13 by "java_re" with MS VC++ 10.0 (VS2010)

time: Sun May 28 12:57:24 2017
elapsed time: 3740 seconds (0d 1h 2m 20s)

