#
# A fatal error has been detected by the Java Runtime Environment:
#
#  EXCEPTION_UNCAUGHT_CXX_EXCEPTION (0xe06d7363) at pc=0x00007ff970f23c58, pid=7400, tid=7968
#
# JRE version: Java(TM) SE Runtime Environment (8.0_66-b18) (build 1.8.0_66-b18)
# Java VM: Java HotSpot(TM) 64-Bit Server VM (25.66-b18 mixed mode windows-amd64 compressed oops)
# Problematic frame:
# C  [KERNELBASE.dll+0x33c58]
#
# Failed to write core dump. Minidumps are not enabled by default on client versions of Windows
#
# If you would like to submit a bug report, please visit:
#   http://bugreport.java.com/bugreport/crash.jsp
#

---------------  T H R E A D  ---------------

Current thread (0x0000000013d19800):  VMThread [stack: 0x0000000015a00000,0x0000000015b00000] [id=7968]

siginfo: ExceptionCode=0xe06d7363, ExceptionInformation=0x0000000019930520 0x0000000015aff648 0x00007ff964d62cb8 0x00007ff964cb0000 

Registers:
RAX=0x004c0044002e006c, RBX=0x00007ff964d62cb8, RCX=0x000000000000004c, RDX=0x0000000000000000
RSP=0x0000000015aff490, RBP=0x0000000015aff5d0, RSI=0x00000000ffffffff, RDI=0x000000002823ad80
R8 =0x0000000000000000, R9 =0x0000000000000000, R10=0x0000000000000000, R11=0x0000000000000000
R12=0x0000000000000001, R13=0x0000000000000008, R14=0x0000000000000000, R15=0xffffffffffffffff
RIP=0x00007ff970f23c58, EFLAGS=0x0000000000000202

Top of Stack: (sp=0x0000000015aff490)
0x0000000015aff490:   0000000000000000 00007ff964d62cb8
0x0000000015aff4a0:   00000000ffffffff 000000002823ad80
0x0000000015aff4b0:   00000001e06d7363 0000000000000000
0x0000000015aff4c0:   00007ff970f23c58 00007ff900000004
0x0000000015aff4d0:   0000000019930520 0000000015aff648
0x0000000015aff4e0:   00007ff964d62cb8 00007ff964cb0000
0x0000000015aff4f0:   0000000000000008 0000000000000001
0x0000000015aff500:   000000002823ad80 00000000ffffffff
0x0000000015aff510:   0000000015aff5d0 00007ff9743cc26f
0x0000000015aff520:   0000000015aff5e0 0000000000000000
0x0000000015aff530:   0000f8d6989465a8 0000000000000001
0x0000000015aff540:   00007ff964d79000 00007ff964cb0000
0x0000000015aff550:   0000926fce9893b2 0000000015aff780
0x0000000015aff560:   00007ff964d62cb8 00007ff964d0e92c
0x0000000015aff570:   000000000000001f 0000000000000008
0x0000000015aff580:   0000000000000001 000000002823ad80 

Instructions: (pc=0x00007ff970f23c58)
0x00007ff970f23c38:   49 8b d1 44 0f 47 c0 44 89 44 24 38 49 c1 e0 03
0x00007ff970f23c48:   e8 47 90 04 00 48 8d 4c 24 20 ff 15 a0 44 11 00
0x00007ff970f23c58:   48 8b 8c 24 c0 00 00 00 48 33 cc e8 d8 55 04 00
0x00007ff970f23c68:   48 81 c4 d8 00 00 00 c3 83 64 24 38 00 eb d6 cc 


Register to memory mapping:

RAX=0x004c0044002e006c is an unknown value
RBX=0x00007ff964d62cb8 is an unknown value
RCX=0x000000000000004c is an unknown value
RDX=0x0000000000000000 is an unknown value
RSP=0x0000000015aff490 is an unknown value
RBP=0x0000000015aff5d0 is an unknown value
RSI=0x00000000ffffffff is an unallocated location in the heap
RDI=0x000000002823ad80 is an unknown value
R8 =0x0000000000000000 is an unknown value
R9 =0x0000000000000000 is an unknown value
R10=0x0000000000000000 is an unknown value
R11=0x0000000000000000 is an unknown value
R12=0x0000000000000001 is an unknown value
R13=0x0000000000000008 is an unknown value
R14=0x0000000000000000 is an unknown value
R15=0xffffffffffffffff is an unknown value


Stack: [0x0000000015a00000,0x0000000015b00000],  sp=0x0000000015aff490,  free space=1021k
Native frames: (J=compiled Java code, j=interpreted, Vv=VM code, C=native code)
C  [KERNELBASE.dll+0x33c58]
C  [MSVCR110.dll+0x5e92c]
C  [MSVCR110.dll+0x1315c]
C  [MSVCR110.dll+0x136a9]
C  [MSVCR110.dll+0x13e9c]
C  [MSVCR110.dll+0x239e]
C  [MSVCR110.dll+0xaf9e]
C  [MSVCP110.dll+0x397b9]
C  [librdi_common.dll+0x183a66]
C  [librdi_common.dll+0x1826fb]
C  [librdi_target_manager.dll+0x2400]
C  [librdi_target_manager.dll+0x2682]
C  [ntdll.dll+0x2a35f]
C  [ntdll.dll+0x806b]
C  [ntdll.dll+0x7d94]
C  [KERNEL32.DLL+0x1ce6a]
C  [MSVCR100.dll+0x20ccd]
V  [jvm.dll+0x210cc5]
V  [jvm.dll+0x249897]
V  [jvm.dll+0x248b36]
V  [jvm.dll+0x248fd1]
V  [jvm.dll+0x2491ee]
V  [jvm.dll+0x29a0fa]
C  [MSVCR100.dll+0x21d9f]
C  [MSVCR100.dll+0x21e3b]
C  [KERNEL32.DLL+0x8364]
C  [ntdll.dll+0x670d1]

VM_Operation (0x000000000014f4c0): Exit, mode: safepoint, requested by thread 0x000000000266e800


---------------  P R O C E S S  ---------------

Java Threads: ( => current thread )
  0x0000000016024800 JavaThread "pool-2-thread-10" [_thread_blocked, id=17572, stack(0x000000003eaa0000,0x000000003eba0000)]
  0x000000001602b000 JavaThread "pool-2-thread-9" [_thread_blocked, id=11096, stack(0x000000003d3a0000,0x000000003d4a0000)]
  0x0000000016029000 JavaThread "pool-2-thread-8" [_thread_blocked, id=7212, stack(0x000000003bba0000,0x000000003bca0000)]
  0x0000000016026000 JavaThread "pool-2-thread-7" [_thread_blocked, id=7908, stack(0x00000000398a0000,0x00000000399a0000)]
  0x0000000016026800 JavaThread "pool-2-thread-6" [_thread_blocked, id=17660, stack(0x00000000347a0000,0x00000000348a0000)]
  0x0000000023485000 JavaThread "pool-2-thread-5" [_thread_blocked, id=11076, stack(0x00000000329a0000,0x0000000032aa0000)]
  0x0000000023487800 JavaThread "pool-2-thread-4" [_thread_blocked, id=9280, stack(0x00000000313a0000,0x00000000314a0000)]
  0x0000000023488000 JavaThread "pool-2-thread-3" [_thread_blocked, id=15712, stack(0x000000002fca0000,0x000000002fda0000)]
  0x0000000023489000 JavaThread "pool-2-thread-2" [_thread_blocked, id=17688, stack(0x000000002e3a0000,0x000000002e4a0000)]
  0x0000000023483000 JavaThread "pool-2-thread-1" [_thread_blocked, id=15420, stack(0x000000002c0a0000,0x000000002c1a0000)]
  0x000000002347a800 JavaThread "Thread-39" daemon [_thread_blocked, id=6816, stack(0x000000002bea0000,0x000000002bfa0000)]
  0x000000001eded000 JavaThread "TCF Channel Transmitter" daemon [_thread_blocked, id=13012, stack(0x00000000280a0000,0x00000000281a0000)]
  0x000000001edec000 JavaThread "TCF Channel Receiver" daemon [_thread_in_native, id=7432, stack(0x0000000027fa0000,0x00000000280a0000)]
  0x000000001ede1800 JavaThread "Process monitor" daemon [_thread_in_native, id=11156, stack(0x0000000027150000,0x0000000027250000)]
  0x000000001ede8800 JavaThread "Input Stream Monitor" daemon [_thread_blocked, id=5052, stack(0x0000000027050000,0x0000000027150000)]
  0x000000001ede3800 JavaThread "Output Stream Monitor" daemon [_thread_in_native, id=15288, stack(0x0000000026f50000,0x0000000027050000)]
  0x000000001ede3000 JavaThread "Output Stream Monitor" daemon [_thread_in_native, id=18192, stack(0x0000000026e50000,0x0000000026f50000)]
  0x000000001ede0800 JavaThread "TCF Locator DNS Lookup" daemon [_thread_blocked, id=7376, stack(0x0000000025fe0000,0x00000000260e0000)]
  0x000000001ede5000 JavaThread "TCF Locator Timer" daemon [_thread_blocked, id=9840, stack(0x0000000025ee0000,0x0000000025fe0000)]
  0x00000000183aa000 JavaThread "TCF Locator Receiver" daemon [_thread_in_native, id=13280, stack(0x0000000025de0000,0x0000000025ee0000)]
  0x00000000183a9000 JavaThread "TCF Timer Dispatcher" daemon [_thread_blocked, id=12292, stack(0x0000000025be0000,0x0000000025ce0000)]
  0x00000000172ae800 JavaThread "EMF Reference Cleaner" daemon [_thread_blocked, id=2528, stack(0x00000000192b0000,0x00000000193b0000)]
  0x0000000015ecc800 JavaThread "Service Thread" daemon [_thread_blocked, id=7800, stack(0x0000000016800000,0x0000000016900000)]
  0x0000000013d2d000 JavaThread "C1 CompilerThread3" daemon [_thread_blocked, id=8868, stack(0x0000000016700000,0x0000000016800000)]
  0x0000000013d2a000 JavaThread "C2 CompilerThread2" daemon [_thread_blocked, id=2380, stack(0x0000000016600000,0x0000000016700000)]
  0x0000000015e30000 JavaThread "C2 CompilerThread1" daemon [_thread_blocked, id=7784, stack(0x0000000016500000,0x0000000016600000)]
  0x0000000015e2e800 JavaThread "C2 CompilerThread0" daemon [_thread_blocked, id=13768, stack(0x0000000016400000,0x0000000016500000)]
  0x0000000015e3d000 JavaThread "Attach Listener" daemon [_thread_blocked, id=14152, stack(0x0000000016300000,0x0000000016400000)]
  0x0000000015e3c000 JavaThread "Signal Dispatcher" daemon [_thread_blocked, id=1628, stack(0x0000000016200000,0x0000000016300000)]
  0x000000000245a800 JavaThread "Finalizer" daemon [_thread_blocked, id=4724, stack(0x0000000015c00000,0x0000000015d00000)]
  0x0000000002454000 JavaThread "Reference Handler" daemon [_thread_blocked, id=4252, stack(0x0000000015b00000,0x0000000015c00000)]
  0x000000000266e800 JavaThread "main" [_thread_blocked, id=11188, stack(0x0000000000050000,0x0000000000150000)]

Other Threads:
=>0x0000000013d19800 VMThread [stack: 0x0000000015a00000,0x0000000015b00000] [id=7968]

VM state:at safepoint (shutting down)

VM Mutex/Monitor currently owned by a thread:  ([mutex/lock_event])
[0x000000000266d9f0] Threads_lock - owner thread: 0x0000000013d19800

Heap:
 PSYoungGen      total 86016K, used 33406K [0x00000000f5580000, 0x00000000fc180000, 0x0000000100000000)
  eden space 83968K, 39% used [0x00000000f5580000,0x00000000f761f818,0x00000000fa780000)
  from space 2048K, 0% used [0x00000000fa780000,0x00000000fa780000,0x00000000fa980000)
  to   space 13312K, 0% used [0x00000000fb480000,0x00000000fb480000,0x00000000fc180000)
 ParOldGen       total 119808K, used 46554K [0x00000000e0000000, 0x00000000e7500000, 0x00000000f5580000)
  object space 119808K, 38% used [0x00000000e0000000,0x00000000e2d76a88,0x00000000e7500000)
 Metaspace       used 88365K, capacity 95652K, committed 96020K, reserved 1132544K
  class space    used 10186K, capacity 12463K, committed 12564K, reserved 1048576K

Card table byte_map: [0x0000000002480000,0x0000000002590000] byte_map_base: 0x0000000001d80000

Marking Bits: (ParMarkBitMap*) 0x0000000058e3a5b0
 Begin Bits: [0x0000000012230000, 0x0000000012a30000)
 End Bits:   [0x0000000012a30000, 0x0000000013230000)

Polling page: 0x0000000000460000

CodeCache: size=245760Kb used=50284Kb max_used=50485Kb free=195475Kb
 bounds [0x0000000002670000, 0x0000000005820000, 0x0000000011670000]
 total_blobs=14146 nmethods=13256 adapters=797
 compilation: enabled

Compilation events (10 events):
Event: 633.600 Thread 0x0000000013d2d000 16529       3       org.eclipse.osgi.container.Module::holdsTransitionEventLock (25 bytes)
Event: 633.601 Thread 0x0000000013d2d000 nmethod 16529 0x000000000580aa10 code [0x000000000580aba0, 0x000000000580b2c8]
Event: 633.601 Thread 0x0000000013d2d000 16530       3       org.eclipse.osgi.container.ModuleWiring::unload (6 bytes)
Event: 633.601 Thread 0x0000000013d2d000 nmethod 16530 0x0000000002f3b590 code [0x0000000002f3b700, 0x0000000002f3b888]
Event: 633.601 Thread 0x0000000013d2d000 16534       3       sun.misc.Unsafe::getAndSetObject (24 bytes)
Event: 633.601 Thread 0x0000000013d2d000 nmethod 16534 0x0000000004cfd450 code [0x0000000004cfd5c0, 0x0000000004cfd7d0]
Event: 633.601 Thread 0x0000000013d2d000 16531       3       org.eclipse.osgi.container.ModuleWiring::invalidate0 (52 bytes)
Event: 633.601 Thread 0x0000000015e2e800 16539       4       org.eclipse.osgi.container.ModuleDatabase::readUnlock (11 bytes)
Event: 633.601 Thread 0x0000000013d2d000 nmethod 16531 0x0000000003074c10 code [0x0000000003074dc0, 0x0000000003075768]
Event: 633.601 Thread 0x0000000013d2d000 16535       3       org.eclipse.osgi.internal.framework.EquinoxContainerAdaptor::invalidateWiring (186 bytes)

GC Heap History (10 events):
Event: 567.756 GC heap before
{Heap before GC invocations=46 (full 12):
 PSYoungGen      total 98816K, used 1536K [0x00000000f5580000, 0x00000000fc600000, 0x0000000100000000)
  eden space 83456K, 0% used [0x00000000f5580000,0x00000000f5580000,0x00000000fa700000)
  from space 15360K, 10% used [0x00000000fb700000,0x00000000fb880000,0x00000000fc600000)
  to   space 15872K, 0% used [0x00000000fa700000,0x00000000fa700000,0x00000000fb680000)
 ParOldGen       total 119808K, used 47514K [0x00000000e0000000, 0x00000000e7500000, 0x00000000f5580000)
  object space 119808K, 39% used [0x00000000e0000000,0x00000000e2e66890,0x00000000e7500000)
 Metaspace       used 87247K, capacity 94560K, committed 94996K, reserved 1132544K
  class space    used 10084K, capacity 12271K, committed 12308K, reserved 1048576K
Event: 568.079 GC heap after
Heap after GC invocations=46 (full 12):
 PSYoungGen      total 98816K, used 0K [0x00000000f5580000, 0x00000000fc600000, 0x0000000100000000)
  eden space 83456K, 0% used [0x00000000f5580000,0x00000000f5580000,0x00000000fa700000)
  from space 15360K, 0% used [0x00000000fb700000,0x00000000fb700000,0x00000000fc600000)
  to   space 15872K, 0% used [0x00000000fa700000,0x00000000fa700000,0x00000000fb680000)
 ParOldGen       total 119808K, used 46526K [0x00000000e0000000, 0x00000000e7500000, 0x00000000f5580000)
  object space 119808K, 38% used [0x00000000e0000000,0x00000000e2d6fa60,0x00000000e7500000)
 Metaspace       used 87243K, capacity 94554K, committed 94996K, reserved 1132544K
  class space    used 10084K, capacity 12270K, committed 12308K, reserved 1048576K
}
Event: 601.368 GC heap before
{Heap before GC invocations=47 (full 12):
 PSYoungGen      total 98816K, used 83456K [0x00000000f5580000, 0x00000000fc600000, 0x0000000100000000)
  eden space 83456K, 100% used [0x00000000f5580000,0x00000000fa700000,0x00000000fa700000)
  from space 15360K, 0% used [0x00000000fb700000,0x00000000fb700000,0x00000000fc600000)
  to   space 15872K, 0% used [0x00000000fa700000,0x00000000fa700000,0x00000000fb680000)
 ParOldGen       total 119808K, used 46526K [0x00000000e0000000, 0x00000000e7500000, 0x00000000f5580000)
  object space 119808K, 38% used [0x00000000e0000000,0x00000000e2d6fa60,0x00000000e7500000)
 Metaspace       used 87318K, capacity 94682K, committed 94996K, reserved 1132544K
  class space    used 10085K, capacity 12270K, committed 12308K, reserved 1048576K
Event: 601.371 GC heap after
Heap after GC invocations=47 (full 12):
 PSYoungGen      total 84480K, used 832K [0x00000000f5580000, 0x00000000fc480000, 0x0000000100000000)
  eden space 83456K, 0% used [0x00000000f5580000,0x00000000f5580000,0x00000000fa700000)
  from space 1024K, 81% used [0x00000000fa700000,0x00000000fa7d0000,0x00000000fa800000)
  to   space 14848K, 0% used [0x00000000fb600000,0x00000000fb600000,0x00000000fc480000)
 ParOldGen       total 119808K, used 46526K [0x00000000e0000000, 0x00000000e7500000, 0x00000000f5580000)
  object space 119808K, 38% used [0x00000000e0000000,0x00000000e2d6fa60,0x00000000e7500000)
 Metaspace       used 87318K, capacity 94682K, committed 94996K, reserved 1132544K
  class space    used 10085K, capacity 12270K, committed 12308K, reserved 1048576K
}
Event: 622.112 GC heap before
{Heap before GC invocations=48 (full 12):
 PSYoungGen      total 84480K, used 84288K [0x00000000f5580000, 0x00000000fc480000, 0x0000000100000000)
  eden space 83456K, 100% used [0x00000000f5580000,0x00000000fa700000,0x00000000fa700000)
  from space 1024K, 81% used [0x00000000fa700000,0x00000000fa7d0000,0x00000000fa800000)
  to   space 14848K, 0% used [0x00000000fb600000,0x00000000fb600000,0x00000000fc480000)
 ParOldGen       total 119808K, used 46526K [0x00000000e0000000, 0x00000000e7500000, 0x00000000f5580000)
  object space 119808K, 38% used [0x00000000e0000000,0x00000000e2d6fa60,0x00000000e7500000)
 Metaspace       used 87464K, capacity 94682K, committed 94996K, reserved 1132544K
  class space    used 10085K, capacity 12270K, committed 12308K, reserved 1048576K
Event: 622.116 GC heap after
Heap after GC invocations=48 (full 12):
 PSYoungGen      total 96768K, used 1888K [0x00000000f5580000, 0x00000000fc280000, 0x0000000100000000)
  eden space 83968K, 0% used [0x00000000f5580000,0x00000000f5580000,0x00000000fa780000)
  from space 12800K, 14% used [0x00000000fb600000,0x00000000fb7d8000,0x00000000fc280000)
  to   space 13824K, 0% used [0x00000000fa780000,0x00000000fa780000,0x00000000fb500000)
 ParOldGen       total 119808K, used 46534K [0x00000000e0000000, 0x00000000e7500000, 0x00000000f5580000)
  object space 119808K, 38% used [0x00000000e0000000,0x00000000e2d71a60,0x00000000e7500000)
 Metaspace       used 87464K, capacity 94682K, committed 94996K, reserved 1132544K
  class space    used 10085K, capacity 12270K, committed 12308K, reserved 1048576K
}
Event: 629.747 GC heap before
{Heap before GC invocations=49 (full 12):
 PSYoungGen      total 96768K, used 55845K [0x00000000f5580000, 0x00000000fc280000, 0x0000000100000000)
  eden space 83968K, 64% used [0x00000000f5580000,0x00000000f8a317a0,0x00000000fa780000)
  from space 12800K, 14% used [0x00000000fb600000,0x00000000fb7d8000,0x00000000fc280000)
  to   space 13824K, 0% used [0x00000000fa780000,0x00000000fa780000,0x00000000fb500000)
 ParOldGen       total 119808K, used 46534K [0x00000000e0000000, 0x00000000e7500000, 0x00000000f5580000)
  object space 119808K, 38% used [0x00000000e0000000,0x00000000e2d71a60,0x00000000e7500000)
 Metaspace       used 87519K, capacity 94746K, committed 94996K, reserved 1132544K
  class space    used 10086K, capacity 12270K, committed 12308K, reserved 1048576K
Event: 629.751 GC heap after
Heap after GC invocations=49 (full 12):
 PSYoungGen      total 86016K, used 1952K [0x00000000f5580000, 0x00000000fc180000, 0x0000000100000000)
  eden space 83968K, 0% used [0x00000000f5580000,0x00000000f5580000,0x00000000fa780000)
  from space 2048K, 95% used [0x00000000fa780000,0x00000000fa968000,0x00000000fa980000)
  to   space 13312K, 0% used [0x00000000fb480000,0x00000000fb480000,0x00000000fc180000)
 ParOldGen       total 119808K, used 46542K [0x00000000e0000000, 0x00000000e7500000, 0x00000000f5580000)
  object space 119808K, 38% used [0x00000000e0000000,0x00000000e2d73a60,0x00000000e7500000)
 Metaspace       used 87519K, capacity 94746K, committed 94996K, reserved 1132544K
  class space    used 10086K, capacity 12270K, committed 12308K, reserved 1048576K
}
Event: 629.751 GC heap before
{Heap before GC invocations=50 (full 13):
 PSYoungGen      total 86016K, used 1952K [0x00000000f5580000, 0x00000000fc180000, 0x0000000100000000)
  eden space 83968K, 0% used [0x00000000f5580000,0x00000000f5580000,0x00000000fa780000)
  from space 2048K, 95% used [0x00000000fa780000,0x00000000fa968000,0x00000000fa980000)
  to   space 13312K, 0% used [0x00000000fb480000,0x00000000fb480000,0x00000000fc180000)
 ParOldGen       total 119808K, used 46542K [0x00000000e0000000, 0x00000000e7500000, 0x00000000f5580000)
  object space 119808K, 38% used [0x00000000e0000000,0x00000000e2d73a60,0x00000000e7500000)
 Metaspace       used 87519K, capacity 94746K, committed 94996K, reserved 1132544K
  class space    used 10086K, capacity 12270K, committed 12308K, reserved 1048576K
Event: 630.038 GC heap after
Heap after GC invocations=50 (full 13):
 PSYoungGen      total 86016K, used 0K [0x00000000f5580000, 0x00000000fc180000, 0x0000000100000000)
  eden space 83968K, 0% used [0x00000000f5580000,0x00000000f5580000,0x00000000fa780000)
  from space 2048K, 0% used [0x00000000fa780000,0x00000000fa780000,0x00000000fa980000)
  to   space 13312K, 0% used [0x00000000fb480000,0x00000000fb480000,0x00000000fc180000)
 ParOldGen       total 119808K, used 46554K [0x00000000e0000000, 0x00000000e7500000, 0x00000000f5580000)
  object space 119808K, 38% used [0x00000000e0000000,0x00000000e2d76a88,0x00000000e7500000)
 Metaspace       used 87519K, capacity 94746K, committed 94996K, reserved 1132544K
  class space    used 10086K, capacity 12270K, committed 12308K, reserved 1048576K
}

Deoptimization events (10 events):
Event: 633.001 Thread 0x000000001602d800 Uncommon trap: reason=unstable_if action=reinterpret pc=0x0000000004b557a4 method=org.eclipse.swt.graphics.Resource.dispose()V @ 15
Event: 633.530 Thread 0x000000001602d800 Uncommon trap: reason=unstable_if action=reinterpret pc=0x0000000003116da4 method=org.eclipse.osgi.internal.hooks.EclipseLazyStarter.shouldActivateFor(Ljava/lang/String;Lorg/eclipse/osgi/container/Module;Lorg/eclipse/osgi/container/ModuleRevision;Lorg/ecli‡g&ø>Ìƒ@
Event: 633.531 Thread 0x000000001602d800 Uncommon trap: reason=class_check action=maybe_recompile pc=0x000000000529342c method=org.eclipse.swt.widgets.Display.asyncExec(Ljava/lang/Runnable;)V @ 23
Event: 633.531 Thread 0x000000001602d800 Uncommon trap: reason=class_check action=maybe_recompile pc=0x000000000529342c method=org.eclipse.swt.widgets.Display.asyncExec(Ljava/lang/Runnable;)V @ 23
Event: 633.542 Thread 0x000000001ede6000 Uncommon trap: reason=unstable_if action=reinterpret pc=0x000000000456d0c4 method=org.eclipse.core.internal.jobs.JobManager.startJob(Lorg/eclipse/core/internal/jobs/Worker;)Lorg/eclipse/core/runtime/jobs/Job; @ 20
Event: 633.558 Thread 0x000000001602d800 Uncommon trap: reason=unstable_if action=reinterpret pc=0x00000000056f5204 method=org.eclipse.core.internal.dtree.AbstractDataTreeNode.assembleWith([Lorg/eclipse/core/internal/dtree/AbstractDataTreeNode;[Lorg/eclipse/core/internal/dtree/AbstractDataTreeNod¼Ö3`ŸÌƒ@
Event: 633.578 Thread 0x000000001ede6000 Uncommon trap: reason=unstable_if action=reinterpret pc=0x000000000455eb3c method=org.eclipse.core.internal.jobs.JobManager.nextJob()Lorg/eclipse/core/runtime/jobs/Job; @ 80
Event: 633.578 Thread 0x000000001edeb800 Uncommon trap: reason=unstable_if action=reinterpret pc=0x000000000455eb3c method=org.eclipse.core.internal.jobs.JobManager.nextJob()Lorg/eclipse/core/runtime/jobs/Job; @ 80
Event: 633.578 Thread 0x0000000016023000 Uncommon trap: reason=unstable_if action=reinterpret pc=0x000000000455eb3c method=org.eclipse.core.internal.jobs.JobManager.nextJob()Lorg/eclipse/core/runtime/jobs/Job; @ 80
Event: 633.595 Thread 0x000000001602d800 Uncommon trap: reason=unstable_if action=reinterpret pc=0x000000000450c54c method=sun.reflect.UnsafeStaticObjectFieldAccessorImpl.set(Ljava/lang/Object;Ljava/lang/Object;)V @ 13

Internal exceptions (10 events):
Event: 632.919 Thread 0x000000000266e800 Exception <a 'java/io/FileNotFoundException'> (0x00000000f6adbc88) thrown at [C:\re\workspace\8-2-build-windows-amd64-cygwin\jdk8u66\5298\hotspot\src\share\vm\prims\jni.cpp, line 709]
Event: 632.920 Thread 0x000000000266e800 Exception <a 'java/io/FileNotFoundException'> (0x00000000f6ade0c8) thrown at [C:\re\workspace\8-2-build-windows-amd64-cygwin\jdk8u66\5298\hotspot\src\share\vm\prims\jni.cpp, line 709]
Event: 632.920 Thread 0x000000000266e800 Exception <a 'java/io/FileNotFoundException'> (0x00000000f6ae0648) thrown at [C:\re\workspace\8-2-build-windows-amd64-cygwin\jdk8u66\5298\hotspot\src\share\vm\prims\jni.cpp, line 709]
Event: 632.940 Thread 0x000000000266e800 Implicit null exception at 0x0000000002c98f39 to 0x0000000002c9bb09
Event: 632.987 Thread 0x000000002347a000 Exception <a 'java/lang/InterruptedException'> (0x00000000f7049960) thrown at [C:\re\workspace\8-2-build-windows-amd64-cygwin\jdk8u66\5298\hotspot\src\share\vm\runtime\objectMonitor.cpp, line 1683]
Event: 633.577 Thread 0x00000000183a6000 Exception <a 'java/lang/InterruptedException'> (0x00000000f6b0df78) thrown at [C:\re\workspace\8-2-build-windows-amd64-cygwin\jdk8u66\5298\hotspot\src\share\vm\runtime\objectMonitor.cpp, line 1683]
Event: 633.595 Thread 0x000000001602d800 Implicit null exception at 0x000000000450c24f to 0x000000000450c539
Event: 633.595 Thread 0x0000000017031000 Exception <a 'java/lang/InterruptedException'> (0x00000000f73ad0f0) thrown at [C:\re\workspace\8-2-build-windows-amd64-cygwin\jdk8u66\5298\hotspot\src\share\vm\runtime\objectMonitor.cpp, line 1683]
Event: 633.598 Thread 0x00000000183ac000 Exception <a 'java/lang/InterruptedException'> (0x00000000f64cc1a8) thrown at [C:\re\workspace\8-2-build-windows-amd64-cygwin\jdk8u66\5298\hotspot\src\share\vm\runtime\objectMonitor.cpp, line 1683]
Event: 633.598 Thread 0x000000001783c800 Exception <a 'java/lang/InterruptedException'> (0x00000000f75aa5e0) thrown at [C:\re\workspace\8-2-build-windows-amd64-cygwin\jdk8u66\5298\hotspot\src\share\vm\runtime\objectMonitor.cpp, line 1683]

Events (10 events):
Event: 633.600 Executing VM operation: RevokeBias
Event: 633.600 Executing VM operation: RevokeBias done
Event: 633.601 Thread 0x000000001602d800 Thread exited: 0x000000001602d800
Event: 633.601 loading class java/util/IdentityHashMap$KeyIterator
Event: 633.602 loading class java/util/IdentityHashMap$IdentityHashMapIterator
Event: 633.602 loading class java/util/IdentityHashMap$IdentityHashMapIterator done
Event: 633.602 loading class java/util/IdentityHashMap$KeyIterator done
Event: 633.602 Thread 0x0000000016027800 Thread added: 0x0000000016027800
Event: 633.602 Thread 0x0000000016027800 Thread exited: 0x0000000016027800
Event: 633.603 Executing VM operation: Exit


Dynamic libraries:
0x0000000000400000 - 0x000000000044f000 	C:\Xilinx\SDK\2016.4\eclipse\win64.o\eclipse.exe
0x00007ff974380000 - 0x00007ff974551000 	C:\WINDOWS\SYSTEM32\ntdll.dll
0x00007ff973360000 - 0x00007ff97340c000 	C:\WINDOWS\System32\KERNEL32.DLL
0x00007ff9676b0000 - 0x00007ff967704000 	C:\Program Files (x86)\AVG\Av\avghooka.dll
0x00007ff970ef0000 - 0x00007ff97110d000 	C:\WINDOWS\System32\KERNELBASE.dll
0x00007ff96ed80000 - 0x00007ff96edfa000 	C:\WINDOWS\system32\apphelp.dll
0x00007ff973700000 - 0x00007ff973865000 	C:\WINDOWS\System32\USER32.dll
0x00007ff970c70000 - 0x00007ff970c8e000 	C:\WINDOWS\System32\win32u.dll
0x00007ff9738e0000 - 0x00007ff973914000 	C:\WINDOWS\System32\GDI32.dll
0x00007ff970870000 - 0x00007ff9709f2000 	C:\WINDOWS\System32\gdi32full.dll
0x00007ff9742d0000 - 0x00007ff97436e000 	C:\WINDOWS\System32\msvcrt.dll
0x00007ff963b10000 - 0x00007ff963d8a000 	C:\WINDOWS\WinSxS\amd64_microsoft.windows.common-controls_6595b64144ccf1df_6.0.14393.953_none_42151e83c686086b\COMCTL32.dll
0x00007ff973920000 - 0x00007ff973be8000 	C:\WINDOWS\System32\combase.dll
0x00007ff970d40000 - 0x00007ff970e35000 	C:\WINDOWS\System32\ucrtbase.dll
0x00007ff973130000 - 0x00007ff973251000 	C:\WINDOWS\System32\RPCRT4.dll
0x00007ff971160000 - 0x00007ff9711ca000 	C:\WINDOWS\System32\bcryptPrimitives.dll
0x00007ff973260000 - 0x00007ff97328e000 	C:\WINDOWS\System32\IMM32.DLL
0x0000000072000000 - 0x0000000072012000 	C:\Xilinx\SDK\2016.4\eclipse\win64.o\plugins\org.eclipse.equinox.launcher.win32.win32.x86_64_1.1.300.v20150602-1417\eclipse_1611.dll
0x00007ff973410000 - 0x00007ff9734b2000 	C:\WINDOWS\System32\ADVAPI32.dll
0x00007ff971910000 - 0x00007ff971969000 	C:\WINDOWS\System32\sechost.dll
0x00007ff962ad0000 - 0x00007ff962ada000 	C:\WINDOWS\SYSTEM32\VERSION.dll
0x00007ff96efc0000 - 0x00007ff96f055000 	C:\WINDOWS\system32\uxtheme.dll
0x00007ff974020000 - 0x00007ff97417a000 	C:\WINDOWS\System32\MSCTF.dll
0x00007ff973290000 - 0x00007ff97334f000 	C:\WINDOWS\System32\OLEAUT32.dll
0x00007ff970bd0000 - 0x00007ff970c6c000 	C:\WINDOWS\System32\msvcp_win.dll
0x0000000058630000 - 0x0000000058eb9000 	C:\Xilinx\SDK\2016.4\tps\win64\jre\bin\server\jvm.dll
0x00007ff973350000 - 0x00007ff973358000 	C:\WINDOWS\System32\PSAPI.DLL
0x00007ff966e50000 - 0x00007ff966e59000 	C:\WINDOWS\SYSTEM32\WSOCK32.dll
0x00007ff973870000 - 0x00007ff9738da000 	C:\WINDOWS\System32\WS2_32.dll
0x00007ff96eac0000 - 0x00007ff96eae3000 	C:\WINDOWS\SYSTEM32\WINMM.dll
0x000000005afc0000 - 0x000000005b092000 	C:\WINDOWS\SYSTEM32\MSVCR100.dll
0x00007ff96e920000 - 0x00007ff96e94b000 	C:\WINDOWS\SYSTEM32\WINMMBASE.dll
0x00007ff971110000 - 0x00007ff971152000 	C:\WINDOWS\System32\cfgmgr32.dll
0x0000000059f80000 - 0x0000000059f8f000 	C:\Xilinx\SDK\2016.4\tps\win64\jre\bin\verify.dll
0x0000000059a10000 - 0x0000000059a39000 	C:\Xilinx\SDK\2016.4\tps\win64\jre\bin\java.dll
0x00000000599f0000 - 0x0000000059a06000 	C:\Xilinx\SDK\2016.4\tps\win64\jre\bin\zip.dll
0x00007ff971c20000 - 0x00007ff973128000 	C:\WINDOWS\System32\SHELL32.dll
0x00007ff971230000 - 0x00007ff97190a000 	C:\WINDOWS\System32\windows.storage.dll
0x00007ff970820000 - 0x00007ff97086c000 	C:\WINDOWS\System32\powrprof.dll
0x00007ff9741f0000 - 0x00007ff974242000 	C:\WINDOWS\System32\shlwapi.dll
0x00007ff970810000 - 0x00007ff97081f000 	C:\WINDOWS\System32\kernel.appcore.dll
0x00007ff970c90000 - 0x00007ff970d39000 	C:\WINDOWS\System32\shcore.dll
0x00007ff9707f0000 - 0x00007ff970804000 	C:\WINDOWS\System32\profapi.dll
0x00007ff970260000 - 0x00007ff970277000 	C:\WINDOWS\SYSTEM32\CRYPTSP.dll
0x00007ff96fcb0000 - 0x00007ff96fce3000 	C:\WINDOWS\system32\rsaenh.dll
0x00007ff970720000 - 0x00007ff97074b000 	C:\WINDOWS\SYSTEM32\bcrypt.dll
0x00007ff96ff30000 - 0x00007ff96ff4f000 	C:\WINDOWS\SYSTEM32\USERENV.dll
0x00007ff970250000 - 0x00007ff97025b000 	C:\WINDOWS\SYSTEM32\CRYPTBASE.dll
0x00000000599d0000 - 0x00000000599ea000 	C:\Xilinx\SDK\2016.4\tps\win64\jre\bin\net.dll
0x00007ff9700b0000 - 0x00007ff97010c000 	C:\WINDOWS\system32\mswsock.dll
0x00007ff96fe30000 - 0x00007ff96fe68000 	C:\WINDOWS\SYSTEM32\IPHLPAPI.DLL
0x00007ff974370000 - 0x00007ff974378000 	C:\WINDOWS\System32\NSI.dll
0x00007ff96cc10000 - 0x00007ff96cc26000 	C:\WINDOWS\SYSTEM32\dhcpcsvc6.DLL
0x00007ff96cb40000 - 0x00007ff96cb5a000 	C:\WINDOWS\SYSTEM32\dhcpcsvc.DLL
0x00000000599b0000 - 0x00000000599c1000 	C:\Xilinx\SDK\2016.4\tps\win64\jre\bin\nio.dll
0x00007ff95e4a0000 - 0x00007ff95e4b6000 	C:\WINDOWS\system32\napinsp.dll
0x00007ff95e470000 - 0x00007ff95e48a000 	C:\WINDOWS\system32\pnrpnsp.dll
0x00007ff96be20000 - 0x00007ff96be38000 	C:\WINDOWS\system32\NLAapi.dll
0x00007ff96fe70000 - 0x00007ff96ff11000 	C:\WINDOWS\SYSTEM32\DNSAPI.dll
0x00007ff962ee0000 - 0x00007ff962eee000 	C:\WINDOWS\System32\winrnr.dll
0x000000005b0d0000 - 0x000000005b0f6000 	C:\Program Files\Bonjour\mdnsNSP.dll
0x00007ff96b090000 - 0x00007ff96b09a000 	C:\Windows\System32\rasadhlp.dll
0x00007ff96b450000 - 0x00007ff96b4ba000 	C:\WINDOWS\System32\fwpuclnt.dll
0x0000000018fb0000 - 0x0000000019058000 	C:\Users\Utilizador\.Xilinx\SDK\2016.4\org.eclipse.osgi\319\0\.cp\swt-win32-4527.dll
0x00007ff971a70000 - 0x00007ff971ba8000 	C:\WINDOWS\System32\ole32.dll
0x00007ff971970000 - 0x00007ff971a6a000 	C:\WINDOWS\System32\comdlg32.dll
0x00007ff970a00000 - 0x00007ff970bc9000 	C:\WINDOWS\System32\CRYPT32.dll
0x00007ff9707e0000 - 0x00007ff9707f0000 	C:\WINDOWS\System32\MSASN1.dll
0x00007ff96bc30000 - 0x00007ff96bcb6000 	C:\WINDOWS\SYSTEM32\WINSPOOL.DRV
0x00007ff96a3c0000 - 0x00007ff96a3d9000 	C:\WINDOWS\SYSTEM32\USP10.dll
0x00007ff96ce90000 - 0x00007ff96d15a000 	C:\WINDOWS\SYSTEM32\WININET.dll
0x00007ff96dd30000 - 0x00007ff96dd56000 	C:\WINDOWS\system32\dwmapi.dll
0x00007ff96daa0000 - 0x00007ff96dc25000 	C:\WINDOWS\SYSTEM32\propsys.dll
0x00007ff973660000 - 0x00007ff9736ff000 	C:\WINDOWS\System32\clbcatq.dll
0x00000000173c0000 - 0x00000000173de000 	C:\Users\Utilizador\.Xilinx\SDK\2016.4\org.eclipse.osgi\319\0\.cp\swt-gdip-win32-4527.dll
0x00007ff965510000 - 0x00007ff9656aa000 	C:\WINDOWS\WinSxS\amd64_microsoft.windows.gdiplus_6595b64144ccf1df_1.1.14393.953_none_7300116921188239\gdiplus.dll
0x00007ff96c910000 - 0x00007ff96cab8000 	C:\WINDOWS\SYSTEM32\WindowsCodecs.dll
0x0000000180000000 - 0x0000000180012000 	C:\Users\Utilizador\.Xilinx\SDK\2016.4\org.eclipse.osgi\133\0\.cp\os\win32\x86_64\localfile_1_0_0.dll
0x00007ff95f420000 - 0x00007ff95f485000 	C:\WINDOWS\SYSTEM32\oleacc.dll
0x00007ff96a9c0000 - 0x00007ff96a9c7000 	C:\WINDOWS\SYSTEM32\msimg32.dll
0x00007ff96c700000 - 0x00007ff96c711000 	C:\Users\Utilizador\.Xilinx\SDK\2016.4\org.eclipse.osgi\136\0\.cp\jWinHttp-1.0.0.dll
0x00007ff96dc60000 - 0x00007ff96dd2d000 	C:\WINDOWS\SYSTEM32\WINHTTP.dll
0x00007ff96ec40000 - 0x00007ff96ec4f000 	C:\Xilinx\SDK\2016.4\lib\win64.o\librdi_repo_manager.dll
0x00007ff96bb30000 - 0x00007ff96bb5a000 	C:\Xilinx\SDK\2016.4\lib\win64.o\libisl_sysinfo.dll
0x00007ff912f70000 - 0x00007ff913a1a000 	C:\Xilinx\SDK\2016.4\lib\win64.o\librdi_common.dll
0x00007ff9574d0000 - 0x00007ff957523000 	C:\Xilinx\SDK\2016.4\lib\win64.o\librdi_commonxillic.dll
0x00007ff923810000 - 0x00007ff923a08000 	C:\Xilinx\SDK\2016.4\lib\win64.o\librdi_hsm.dll
0x00007ff964c00000 - 0x00007ff964ca7000 	C:\WINDOWS\SYSTEM32\MSVCP110.dll
0x00007ff964cb0000 - 0x00007ff964d84000 	C:\WINDOWS\SYSTEM32\MSVCR110.dll
0x00007ff913df0000 - 0x00007ff91415e000 	C:\Xilinx\SDK\2016.4\lib\win64.o\libCOIN-all.dll
0x00007ff913bd0000 - 0x00007ff913def000 	C:\Xilinx\SDK\2016.4\lib\win64.o\libXil_lmgr11.dll
0x00007ff9711d0000 - 0x00007ff971225000 	C:\WINDOWS\System32\WINTRUST.dll
0x00007ff96c6f0000 - 0x00007ff96c700000 	C:\Xilinx\SDK\2016.4\lib\win64.o\libboost_date_time.dll
0x00007ff9650e0000 - 0x00007ff965104000 	C:\Xilinx\SDK\2016.4\lib\win64.o\libboost_filesystem.dll
0x00007ff954c20000 - 0x00007ff954c97000 	C:\Xilinx\SDK\2016.4\lib\win64.o\libboost_program_options.dll
0x00007ff94d910000 - 0x00007ff94da16000 	C:\Xilinx\SDK\2016.4\lib\win64.o\libboost_regex.dll
0x00007ff96c190000 - 0x00007ff96c1a3000 	C:\Xilinx\SDK\2016.4\lib\win64.o\libboost_signals.dll
0x00007ff96c3c0000 - 0x00007ff96c3c9000 	C:\Xilinx\SDK\2016.4\lib\win64.o\libboost_system.dll
0x00007ff96bd30000 - 0x00007ff96bd4d000 	C:\Xilinx\SDK\2016.4\lib\win64.o\libboost_thread.dll
0x00007ff96c330000 - 0x00007ff96c33b000 	C:\Xilinx\SDK\2016.4\lib\win64.o\libboost_xilinx.dll
0x00007ff94d890000 - 0x00007ff94d910000 	C:\Xilinx\SDK\2016.4\lib\win64.o\libhdlpsolve.dll
0x00007ff949fe0000 - 0x00007ff94a07a000 	C:\Xilinx\SDK\2016.4\lib\win64.o\libhdxml.dll
0x00007ff912ba0000 - 0x00007ff912f69000 	C:\Xilinx\SDK\2016.4\lib\win64.o\libisl_iostreams.dll
0x00007ff96b8a0000 - 0x00007ff96b8b5000 	C:\Xilinx\SDK\2016.4\lib\win64.o\pthreadVC2.dll
0x00007ff942640000 - 0x00007ff942770000 	C:\Xilinx\SDK\2016.4\lib\win64.o\librdi_curl.dll
0x00007ff96b860000 - 0x00007ff96b878000 	C:\Xilinx\SDK\2016.4\lib\win64.o\librdiconfig.dll
0x00007ff968c40000 - 0x00007ff968c5f000 	C:\Xilinx\SDK\2016.4\lib\win64.o\librdizlib.dll
0x0000000059f90000 - 0x000000005a0b7000 	C:\Xilinx\SDK\2016.4\lib\win64.o\tcl85t.dll
0x0000000026be0000 - 0x0000000026e43000 	C:\Xilinx\SDK\2016.4\lib\win64.o\xerces-c_3_1.dll
0x00007ff963320000 - 0x00007ff9634e3000 	C:\WINDOWS\SYSTEM32\urlmon.dll
0x00007ff955770000 - 0x00007ff955793000 	C:\WINDOWS\SYSTEM32\VCOMP110.DLL
0x00007ff963e50000 - 0x00007ff963e93000 	C:\Xilinx\SDK\2016.4\lib\win64.o\librdi_hdf.dll
0x00007ff9128d0000 - 0x00007ff912b98000 	C:\Xilinx\SDK\2016.4\lib\win64.o\librdi_ippcw.dll
0x00007ff96a770000 - 0x00007ff96a788000 	C:\WINDOWS\SYSTEM32\NETAPI32.dll
0x00007ff96c260000 - 0x00007ff96c26b000 	C:\Xilinx\SDK\2016.4\lib\win64.o\libboost_chrono.dll
0x00007ff967150000 - 0x00007ff967166000 	C:\Xilinx\SDK\2016.4\lib\win64.o\libboost_iostreams.dll
0x00007ff964ab0000 - 0x00007ff964ad3000 	C:\Xilinx\SDK\2016.4\lib\win64.o\libisl_iosutils.dll
0x00007ff96ab70000 - 0x00007ff96ae15000 	C:\WINDOWS\SYSTEM32\iertutil.dll
0x00007ff962a20000 - 0x00007ff962a62000 	C:\WINDOWS\SYSTEM32\edputil.dll
0x00007ff96c760000 - 0x00007ff96c776000 	C:\Xilinx\SDK\2016.4\eclipse\win64.o\plugins\org.eclipse.cdt.core.win32.x86_64_5.4.0.201509131935\os\win32\x86_64\spawner.dll
0x00007ff965340000 - 0x00007ff96534a000 	C:\Xilinx\SDK\2016.4\lib\win64.o\librdi_jtag_settings.dll
0x00007ff9574a0000 - 0x00007ff9574c9000 	C:\Xilinx\SDK\2016.4\lib\win64.o\librdi_debug_dialog.dll
0x00007ff964d90000 - 0x00007ff964d98000 	C:\Xilinx\SDK\2016.4\lib\win64.o\librdi_target_manager.dll
0x00007ff90e780000 - 0x00007ff90ef90000 	C:\Xilinx\SDK\2016.4\lib\win64.o\libXil_lmgr11FNP.dll
0x00007ff973bf0000 - 0x00007ff974019000 	C:\WINDOWS\System32\SETUPAPI.dll
0x00007ff961440000 - 0x00007ff96144c000 	C:\WINDOWS\SYSTEM32\snmpapi.dll
0x00007ff970450000 - 0x00007ff97047c000 	C:\WINDOWS\SYSTEM32\SspiCli.dll
0x000000001cb70000 - 0x000000001cb73000 	C:\WINDOWS\SYSTEM32\icmp.Dll

VM Arguments:
jvm_args: -Dcom.xilinx.sdk.args.hwspec=C:/Users/Utilizador/Desktop/Universidade/4_ano/2_semestre/CR/Projeto/ProjetoFinal/MP_ToDisplays/MP_ToDisplays.sdk/DebUART_wrapper.hdf -Xms64m -Xmx512m & 
java_command: <unknown>
java_class_path (initial): C:\Xilinx\SDK\2016.4\eclipse\win64.o\\plugins/org.eclipse.equinox.launcher_1.3.100.v20150511-1540.jar
Launcher Type: generic

Environment Variables:
JAVA_HOME=C:\Program Files\Java\jdk1.8.0_101
PATH=C:/Xilinx/SDK/2016.4/tps/win64/jre/bin/server;C:/Xilinx/SDK/2016.4/tps/win64/jre/bin;C:/Xilinx/SDK/2016.4/tps/win64/jre/lib/amd64;C:\Xilinx\SDK\2016.4\gnuwin\bin;C:\Xilinx\SDK\2016.4\gnu\microblaze\nt\bin;C:\Xilinx\SDK\2016.4\gnu\microblaze\linux_toolchain\nt64_le\bin;C:\Xilinx\SDK\2016.4\gnu\microblaze\linux_toolchain\nt64_be\bin;C:\Xilinx\SDK\2016.4\gnu\arm\nt\bin;C:\Xilinx\SDK\2016.4\gnu\aarch64\nt\aarch64-none\bin;C:\Xilinx\SDK\2016.4\gnu\aarch64\nt\aarch64-linux\bin;C:\Xilinx\SDK\2016.4\gnu\armr5\nt\gcc-arm-none-eabi\bin;C:\Xilinx\SDK\2016.4\gnu\aarch32\nt\gcc-arm-none-eabi\bin;C:\Xilinx\SDK\2016.4\gnu\aarch32\nt\gcc-arm-linux-gnueabi\bin;C:\Xilinx\SDK\2016.4\tps\win64\cmake-3.3.2\bin;;C:\Xilinx\SDK\2016.4\bin;C:\Xilinx\SDK\2016.4\lib\win64.o;C:\Xilinx\SDK\2016.4\tps\win64\jre\bin\server;C:\Xilinx\SDK\2016.4\tps\win64\jre\bin;C:\Xilinx\Vivado\2016.4\ids_lite\ISE\bin\nt64;C:\Xilinx\Vivado\2016.4\ids_lite\ISE\lib\nt64;C:\Xilinx\Vivado\2016.4\bin;C:\Xilinx\Vivado\2016.4\lib\win64.o;C:\Xilinx\Vivado\2016.4\tps\win64\jre\bin\server;C:\Xilinx\Vivado\2016.4\tps\win64\jre\bin;C:\Xilinx\Vivado_HLS\2016.4\bin;C:\WINDOWS\system32\Npcap;C:\Program Files\MATLAB\MATLAB Production Server\R2015a\runtime\win64;C:\Program Files\MATLAB\MATLAB Production Server\R2015a\bin;C:\Program Files\MATLAB\MATLAB Production Server\R2015a\polyspace\bin;C:\Program Files\PuTTY\;c:\Program Files\Intel\WiFi\bin\;c:\Program Files\Common Files\Intel\WirelessCommon\;C:\Users\Utilizador\AppData\Roaming\npm;C:\Users\Utilizador\AppData\Local\Microsoft\WindowsApps;C:\Python27;C:\Program Files\Java\jdk1.8.0_101\bin;C:\Program Files\NetBeans 8.2\java\maven\bin;C:\Users\Utilizador\Desktop\Universidade\4_ano\2_semestre\CR\Projeto\ProjetoFinal\MP_ToDisplays;
USERNAME=Utilizador
OS=Windows_NT
PROCESSOR_IDENTIFIER=Intel64 Family 6 Model 60 Stepping 3, GenuineIntel



---------------  S Y S T E M  ---------------

OS: Windows 10.0 , 64 bit Build 14393 (10.0.14393.1198)

CPU:total 8 (4 cores per cpu, 2 threads per core) family 6 model 60 stepping 3, cmov, cx8, fxsr, mmx, sse, sse2, sse3, ssse3, sse4.1, sse4.2, popcnt, avx, avx2, aes, clmul, erms, lzcnt, ht, tsc, tscinvbit, bmi1, bmi2

Memory: 4k page, physical 8319000k(3770096k free), swap 12976516k(6322048k free)

vm_info: Java HotSpot(TM) 64-Bit Server VM (25.66-b18) for windows-amd64 JRE (1.8.0_66-b18), built on Nov  9 2015 10:51:13 by "java_re" with MS VC++ 10.0 (VS2010)

time: Wed May 31 18:08:42 2017
elapsed time: 634 seconds (0d 0h 10m 34s)

