#
# A fatal error has been detected by the Java Runtime Environment:
#
#  EXCEPTION_UNCAUGHT_CXX_EXCEPTION (0xe06d7363) at pc=0x00007ff970f23c58, pid=11848, tid=17844
#
# JRE version: Java(TM) SE Runtime Environment (8.0_66-b18) (build 1.8.0_66-b18)
# Java VM: Java HotSpot(TM) 64-Bit Server VM (25.66-b18 mixed mode windows-amd64 compressed oops)
# Problematic frame:
# C  [KERNELBASE.dll+0x33c58]
#
# Failed to write core dump. Minidumps are not enabled by default on client versions of Windows
#
# If you would like to submit a bug report, please visit:
#   http://bugreport.java.com/bugreport/crash.jsp
#

---------------  T H R E A D  ---------------

Current thread (0x0000000013d69000):  VMThread [stack: 0x0000000015a40000,0x0000000015b40000] [id=17844]

siginfo: ExceptionCode=0xe06d7363, ExceptionInformation=0x0000000019930520 0x0000000015b3f648 0x00007ff964d62cb8 0x00007ff964cb0000 

Registers:
RAX=0x004c0044002e006c, RBX=0x00007ff964d62cb8, RCX=0x000000000000004c, RDX=0x0000000000000000
RSP=0x0000000015b3f490, RBP=0x0000000015b3f5d0, RSI=0x00000000ffffffff, RDI=0x0000000025a0d700
R8 =0x0000000000000000, R9 =0x0000000000000000, R10=0x0000000000000000, R11=0x0000000000000000
R12=0x0000000000000001, R13=0x0000000000000008, R14=0x0000000000000000, R15=0xffffffffffffffff
RIP=0x00007ff970f23c58, EFLAGS=0x0000000000000206

Top of Stack: (sp=0x0000000015b3f490)
0x0000000015b3f490:   0000000000000000 00007ff964d62cb8
0x0000000015b3f4a0:   00000000ffffffff 0000000025a0d700
0x0000000015b3f4b0:   00000001e06d7363 0000000000000000
0x0000000015b3f4c0:   00007ff970f23c58 00007ff900000004
0x0000000015b3f4d0:   0000000019930520 0000000015b3f648
0x0000000015b3f4e0:   00007ff964d62cb8 00007ff964cb0000
0x0000000015b3f4f0:   0000000000000008 0000000000000001
0x0000000015b3f500:   0000000025a0d700 00000000ffffffff
0x0000000015b3f510:   0000000015b3f5d0 00007ff9743cc26f
0x0000000015b3f520:   0000000015b3f5e0 0000000000000000
0x0000000015b3f530:   000012887a0207e4 0000000000000001
0x0000000015b3f540:   00007ff964d79000 00007ff964cb0000
0x0000000015b3f550:   00007b04612ff46c 0000000015b3f780
0x0000000015b3f560:   00007ff964d62cb8 00007ff964d0e92c
0x0000000015b3f570:   000000000000001f 0000000000000008
0x0000000015b3f580:   0000000000000001 0000000025a0d700 

Instructions: (pc=0x00007ff970f23c58)
0x00007ff970f23c38:   49 8b d1 44 0f 47 c0 44 89 44 24 38 49 c1 e0 03
0x00007ff970f23c48:   e8 47 90 04 00 48 8d 4c 24 20 ff 15 a0 44 11 00
0x00007ff970f23c58:   48 8b 8c 24 c0 00 00 00 48 33 cc e8 d8 55 04 00
0x00007ff970f23c68:   48 81 c4 d8 00 00 00 c3 83 64 24 38 00 eb d6 cc 


Register to memory mapping:

RAX=0x004c0044002e006c is an unknown value
RBX=0x00007ff964d62cb8 is an unknown value
RCX=0x000000000000004c is an unknown value
RDX=0x0000000000000000 is an unknown value
RSP=0x0000000015b3f490 is an unknown value
RBP=0x0000000015b3f5d0 is an unknown value
RSI=0x00000000ffffffff is an unallocated location in the heap
RDI=0x0000000025a0d700 is an unknown value
R8 =0x0000000000000000 is an unknown value
R9 =0x0000000000000000 is an unknown value
R10=0x0000000000000000 is an unknown value
R11=0x0000000000000000 is an unknown value
R12=0x0000000000000001 is an unknown value
R13=0x0000000000000008 is an unknown value
R14=0x0000000000000000 is an unknown value
R15=0xffffffffffffffff is an unknown value


Stack: [0x0000000015a40000,0x0000000015b40000],  sp=0x0000000015b3f490,  free space=1021k
Native frames: (J=compiled Java code, j=interpreted, Vv=VM code, C=native code)
C  [KERNELBASE.dll+0x33c58]
C  [MSVCR110.dll+0x5e92c]
C  [MSVCR110.dll+0x1315c]
C  [MSVCR110.dll+0x136a9]
C  [MSVCR110.dll+0x13e9c]
C  [MSVCR110.dll+0x239e]
C  [MSVCR110.dll+0xaf9e]
C  [MSVCP110.dll+0x397b9]
C  [librdi_common.dll+0x183a66]
C  [librdi_common.dll+0x1826fb]
C  [librdi_target_manager.dll+0x2400]
C  [librdi_target_manager.dll+0x2682]
C  [ntdll.dll+0x2a35f]
C  [ntdll.dll+0x806b]
C  [ntdll.dll+0x7d94]
C  [KERNEL32.DLL+0x1ce6a]
C  [MSVCR100.dll+0x20ccd]
V  [jvm.dll+0x210cc5]
V  [jvm.dll+0x249897]
V  [jvm.dll+0x248b36]
V  [jvm.dll+0x248fd1]
V  [jvm.dll+0x2491ee]
V  [jvm.dll+0x29a0fa]
C  [MSVCR100.dll+0x21d9f]
C  [MSVCR100.dll+0x21e3b]
C  [KERNEL32.DLL+0x8364]
C  [ntdll.dll+0x670d1]

VM_Operation (0x000000000014f4c0): Exit, mode: safepoint, requested by thread 0x000000000235e800


---------------  P R O C E S S  ---------------

Java Threads: ( => current thread )
  0x000000001b8c0000 JavaThread "pool-2-thread-1" [_thread_blocked, id=15336, stack(0x0000000029cf0000,0x0000000029df0000)]
  0x000000001b8bf800 JavaThread "Thread-35" daemon [_thread_blocked, id=10816, stack(0x0000000029af0000,0x0000000029bf0000)]
  0x000000001cf53000 JavaThread "TCF Channel Transmitter" daemon [_thread_blocked, id=14300, stack(0x0000000026bf0000,0x0000000026cf0000)]
  0x000000001cf51800 JavaThread "TCF Channel Receiver" daemon [_thread_in_native, id=8376, stack(0x0000000026af0000,0x0000000026bf0000)]
  0x000000001cf50800 JavaThread "Process monitor" daemon [_thread_in_native, id=13964, stack(0x0000000024060000,0x0000000024160000)]
  0x000000001cf57800 JavaThread "Input Stream Monitor" daemon [_thread_blocked, id=3936, stack(0x0000000023f60000,0x0000000024060000)]
  0x000000001cf54800 JavaThread "Output Stream Monitor" daemon [_thread_in_native, id=18280, stack(0x0000000023e60000,0x0000000023f60000)]
  0x000000001cf55000 JavaThread "Output Stream Monitor" daemon [_thread_in_native, id=12032, stack(0x0000000023d60000,0x0000000023e60000)]
  0x000000001cf4e800 JavaThread "TCF Locator DNS Lookup" daemon [_thread_blocked, id=16088, stack(0x0000000022c70000,0x0000000022d70000)]
  0x000000001cf4d800 JavaThread "TCF Locator Timer" daemon [_thread_blocked, id=968, stack(0x0000000022b70000,0x0000000022c70000)]
  0x000000001cf50000 JavaThread "TCF Locator Receiver" daemon [_thread_in_native, id=18216, stack(0x0000000022a70000,0x0000000022b70000)]
  0x000000001cf4d000 JavaThread "TCF Timer Dispatcher" daemon [_thread_blocked, id=14380, stack(0x0000000022870000,0x0000000022970000)]
  0x0000000016f99800 JavaThread "EMF Reference Cleaner" daemon [_thread_blocked, id=9876, stack(0x000000001a210000,0x000000001a310000)]
  0x0000000015f0b800 JavaThread "Service Thread" daemon [_thread_blocked, id=9088, stack(0x0000000016840000,0x0000000016940000)]
  0x0000000015e7e000 JavaThread "C1 CompilerThread3" daemon [_thread_blocked, id=4232, stack(0x0000000016740000,0x0000000016840000)]
  0x0000000015e71000 JavaThread "C2 CompilerThread2" daemon [_thread_blocked, id=16168, stack(0x0000000016640000,0x0000000016740000)]
  0x0000000015e70800 JavaThread "C2 CompilerThread1" daemon [_thread_blocked, id=13284, stack(0x0000000016540000,0x0000000016640000)]
  0x0000000015e6e800 JavaThread "C2 CompilerThread0" daemon [_thread_blocked, id=11252, stack(0x0000000016440000,0x0000000016540000)]
  0x0000000015e6b000 JavaThread "Attach Listener" daemon [_thread_blocked, id=18308, stack(0x0000000016340000,0x0000000016440000)]
  0x0000000015e6a800 JavaThread "Signal Dispatcher" daemon [_thread_blocked, id=8820, stack(0x0000000016240000,0x0000000016340000)]
  0x00000000024fa800 JavaThread "Finalizer" daemon [_thread_blocked, id=12164, stack(0x0000000015c40000,0x0000000015d40000)]
  0x0000000013d6d000 JavaThread "Reference Handler" daemon [_thread_blocked, id=7944, stack(0x0000000015b40000,0x0000000015c40000)]
  0x000000000235e800 JavaThread "main" [_thread_blocked, id=17140, stack(0x0000000000050000,0x0000000000150000)]

Other Threads:
=>0x0000000013d69000 VMThread [stack: 0x0000000015a40000,0x0000000015b40000] [id=17844]

VM state:at safepoint (shutting down)

VM Mutex/Monitor currently owned by a thread:  ([mutex/lock_event])
[0x000000000235dd70] Threads_lock - owner thread: 0x0000000013d69000

Heap:
 PSYoungGen      total 98816K, used 41579K [0x00000000f5580000, 0x00000000fd280000, 0x0000000100000000)
  eden space 69632K, 59% used [0x00000000f5580000,0x00000000f7e1aee8,0x00000000f9980000)
  from space 29184K, 0% used [0x00000000fb600000,0x00000000fb600000,0x00000000fd280000)
  to   space 29184K, 0% used [0x00000000f9980000,0x00000000f9980000,0x00000000fb600000)
 ParOldGen       total 118784K, used 55407K [0x00000000e0000000, 0x00000000e7400000, 0x00000000f5580000)
  object space 118784K, 46% used [0x00000000e0000000,0x00000000e361be70,0x00000000e7400000)
 Metaspace       used 81612K, capacity 88840K, committed 89000K, reserved 1126400K
  class space    used 9931K, capacity 12159K, committed 12200K, reserved 1048576K

Card table byte_map: [0x00000000118c0000,0x00000000119d0000] byte_map_base: 0x00000000111c0000

Marking Bits: (ParMarkBitMap*) 0x0000000058e3a5b0
 Begin Bits: [0x0000000012280000, 0x0000000012a80000)
 End Bits:   [0x0000000012a80000, 0x0000000013280000)

Polling page: 0x0000000000530000

CodeCache: size=245760Kb used=26115Kb max_used=26321Kb free=219644Kb
 bounds [0x0000000002500000, 0x0000000003f00000, 0x0000000011500000]
 total_blobs=7962 nmethods=7081 adapters=790
 compilation: enabled

Compilation events (10 events):
Event: 313.015 Thread 0x0000000015e7e000 nmethod 8589 0x0000000002c0e2d0 code [0x0000000002c0e460, 0x0000000002c0e9a8]
Event: 313.016 Thread 0x0000000015e7e000 8592   !   3       org.eclipse.osgi.storage.BundleInfo$Generation::close (34 bytes)
Event: 313.016 Thread 0x0000000015e7e000 nmethod 8592 0x0000000003342750 code [0x00000000033428c0, 0x0000000003342ce8]
Event: 313.016 Thread 0x0000000015e7e000 8593       3       java.util.TimSort::mergeHi (732 bytes)
Event: 313.018 Thread 0x0000000015e70800 8604       4       java.util.concurrent.locks.AbstractQueuedSynchronizer::release (33 bytes)
Event: 313.018 Thread 0x0000000015e7e000 nmethod 8593 0x0000000003207250 code [0x0000000003207580, 0x00000000032097b8]
Event: 313.018 Thread 0x0000000015e7e000 8594       3       org.eclipse.osgi.container.Module::holdsTransitionEventLock (25 bytes)
Event: 313.018 Thread 0x0000000015e70800 nmethod 8604 0x0000000002d51690 code [0x0000000002d517e0, 0x0000000002d518a8]
Event: 313.019 Thread 0x0000000015e7e000 nmethod 8594 0x0000000002d4a250 code [0x0000000002d4a3e0, 0x0000000002d4ab08]
Event: 313.019 Thread 0x0000000015e7e000 8602       3       org.eclipse.osgi.internal.framework.EquinoxContainerAdaptor::clearManifestCache (84 bytes)

GC Heap History (10 events):
Event: 130.754 GC heap before
{Heap before GC invocations=19 (full 5):
 PSYoungGen      total 97280K, used 660K [0x00000000f5580000, 0x00000000fd180000, 0x0000000100000000)
  eden space 69120K, 0% used [0x00000000f5580000,0x00000000f5580000,0x00000000f9900000)
  from space 28160K, 2% used [0x00000000fb500000,0x00000000fb5a5158,0x00000000fd080000)
  to   space 28672K, 0% used [0x00000000f9900000,0x00000000f9900000,0x00000000fb500000)
 ParOldGen       total 118784K, used 57929K [0x00000000e0000000, 0x00000000e7400000, 0x00000000f5580000)
  object space 118784K, 48% used [0x00000000e0000000,0x00000000e3892760,0x00000000e7400000)
 Metaspace       used 79815K, capacity 86904K, committed 87080K, reserved 1124352K
  class space    used 9772K, capacity 11965K, committed 12072K, reserved 1048576K
Event: 131.073 GC heap after
Heap after GC invocations=19 (full 5):
 PSYoungGen      total 97280K, used 0K [0x00000000f5580000, 0x00000000fd180000, 0x0000000100000000)
  eden space 69120K, 0% used [0x00000000f5580000,0x00000000f5580000,0x00000000f9900000)
  from space 28160K, 0% used [0x00000000fb500000,0x00000000fb500000,0x00000000fd080000)
  to   space 28672K, 0% used [0x00000000f9900000,0x00000000f9900000,0x00000000fb500000)
 ParOldGen       total 118784K, used 55835K [0x00000000e0000000, 0x00000000e7400000, 0x00000000f5580000)
  object space 118784K, 47% used [0x00000000e0000000,0x00000000e3686c30,0x00000000e7400000)
 Metaspace       used 79815K, capacity 86904K, committed 87080K, reserved 1124352K
  class space    used 9772K, capacity 11965K, committed 12072K, reserved 1048576K
}
Event: 190.756 GC heap before
{Heap before GC invocations=20 (full 5):
 PSYoungGen      total 97280K, used 6634K [0x00000000f5580000, 0x00000000fd180000, 0x0000000100000000)
  eden space 69120K, 9% used [0x00000000f5580000,0x00000000f5bfa9d8,0x00000000f9900000)
  from space 28160K, 0% used [0x00000000fb500000,0x00000000fb500000,0x00000000fd080000)
  to   space 28672K, 0% used [0x00000000f9900000,0x00000000f9900000,0x00000000fb500000)
 ParOldGen       total 118784K, used 55835K [0x00000000e0000000, 0x00000000e7400000, 0x00000000f5580000)
  object space 118784K, 47% used [0x00000000e0000000,0x00000000e3686c30,0x00000000e7400000)
 Metaspace       used 79936K, capacity 87032K, committed 87336K, reserved 1124352K
  class space    used 9772K, capacity 11965K, committed 12072K, reserved 1048576K
Event: 190.759 GC heap after
Heap after GC invocations=20 (full 5):
 PSYoungGen      total 97792K, used 256K [0x00000000f5580000, 0x00000000fd280000, 0x0000000100000000)
  eden space 69120K, 0% used [0x00000000f5580000,0x00000000f5580000,0x00000000f9900000)
  from space 28672K, 0% used [0x00000000f9900000,0x00000000f9940000,0x00000000fb500000)
  to   space 29184K, 0% used [0x00000000fb600000,0x00000000fb600000,0x00000000fd280000)
 ParOldGen       total 118784K, used 55843K [0x00000000e0000000, 0x00000000e7400000, 0x00000000f5580000)
  object space 118784K, 47% used [0x00000000e0000000,0x00000000e3688c30,0x00000000e7400000)
 Metaspace       used 79936K, capacity 87032K, committed 87336K, reserved 1124352K
  class space    used 9772K, capacity 11965K, committed 12072K, reserved 1048576K
}
Event: 190.759 GC heap before
{Heap before GC invocations=21 (full 6):
 PSYoungGen      total 97792K, used 256K [0x00000000f5580000, 0x00000000fd280000, 0x0000000100000000)
  eden space 69120K, 0% used [0x00000000f5580000,0x00000000f5580000,0x00000000f9900000)
  from space 28672K, 0% used [0x00000000f9900000,0x00000000f9940000,0x00000000fb500000)
  to   space 29184K, 0% used [0x00000000fb600000,0x00000000fb600000,0x00000000fd280000)
 ParOldGen       total 118784K, used 55843K [0x00000000e0000000, 0x00000000e7400000, 0x00000000f5580000)
  object space 118784K, 47% used [0x00000000e0000000,0x00000000e3688c30,0x00000000e7400000)
 Metaspace       used 79936K, capacity 87032K, committed 87336K, reserved 1124352K
  class space    used 9772K, capacity 11965K, committed 12072K, reserved 1048576K
Event: 190.938 GC heap after
Heap after GC invocations=21 (full 6):
 PSYoungGen      total 97792K, used 0K [0x00000000f5580000, 0x00000000fd280000, 0x0000000100000000)
  eden space 69120K, 0% used [0x00000000f5580000,0x00000000f5580000,0x00000000f9900000)
  from space 28672K, 0% used [0x00000000f9900000,0x00000000f9900000,0x00000000fb500000)
  to   space 29184K, 0% used [0x00000000fb600000,0x00000000fb600000,0x00000000fd280000)
 ParOldGen       total 118784K, used 55440K [0x00000000e0000000, 0x00000000e7400000, 0x00000000f5580000)
  object space 118784K, 46% used [0x00000000e0000000,0x00000000e3624148,0x00000000e7400000)
 Metaspace       used 79936K, capacity 87032K, committed 87336K, reserved 1124352K
  class space    used 9772K, capacity 11965K, committed 12072K, reserved 1048576K
}
Event: 250.774 GC heap before
{Heap before GC invocations=22 (full 6):
 PSYoungGen      total 97792K, used 3009K [0x00000000f5580000, 0x00000000fd280000, 0x0000000100000000)
  eden space 69120K, 4% used [0x00000000f5580000,0x00000000f5870678,0x00000000f9900000)
  from space 28672K, 0% used [0x00000000f9900000,0x00000000f9900000,0x00000000fb500000)
  to   space 29184K, 0% used [0x00000000fb600000,0x00000000fb600000,0x00000000fd280000)
 ParOldGen       total 118784K, used 55440K [0x00000000e0000000, 0x00000000e7400000, 0x00000000f5580000)
  object space 118784K, 46% used [0x00000000e0000000,0x00000000e3624148,0x00000000e7400000)
 Metaspace       used 79954K, capacity 87032K, committed 87336K, reserved 1124352K
  class space    used 9772K, capacity 11965K, committed 12072K, reserved 1048576K
Event: 250.778 GC heap after
Heap after GC invocations=22 (full 6):
 PSYoungGen      total 98816K, used 320K [0x00000000f5580000, 0x00000000fd280000, 0x0000000100000000)
  eden space 69632K, 0% used [0x00000000f5580000,0x00000000f5580000,0x00000000f9980000)
  from space 29184K, 1% used [0x00000000fb600000,0x00000000fb650000,0x00000000fd280000)
  to   space 29184K, 0% used [0x00000000f9980000,0x00000000f9980000,0x00000000fb600000)
 ParOldGen       total 118784K, used 55440K [0x00000000e0000000, 0x00000000e7400000, 0x00000000f5580000)
  object space 118784K, 46% used [0x00000000e0000000,0x00000000e3624148,0x00000000e7400000)
 Metaspace       used 79954K, capacity 87032K, committed 87336K, reserved 1124352K
  class space    used 9772K, capacity 11965K, committed 12072K, reserved 1048576K
}
Event: 250.778 GC heap before
{Heap before GC invocations=23 (full 7):
 PSYoungGen      total 98816K, used 320K [0x00000000f5580000, 0x00000000fd280000, 0x0000000100000000)
  eden space 69632K, 0% used [0x00000000f5580000,0x00000000f5580000,0x00000000f9980000)
  from space 29184K, 1% used [0x00000000fb600000,0x00000000fb650000,0x00000000fd280000)
  to   space 29184K, 0% used [0x00000000f9980000,0x00000000f9980000,0x00000000fb600000)
 ParOldGen       total 118784K, used 55440K [0x00000000e0000000, 0x00000000e7400000, 0x00000000f5580000)
  object space 118784K, 46% used [0x00000000e0000000,0x00000000e3624148,0x00000000e7400000)
 Metaspace       used 79954K, capacity 87032K, committed 87336K, reserved 1124352K
  class space    used 9772K, capacity 11965K, committed 12072K, reserved 1048576K
Event: 250.949 GC heap after
Heap after GC invocations=23 (full 7):
 PSYoungGen      total 98816K, used 0K [0x00000000f5580000, 0x00000000fd280000, 0x0000000100000000)
  eden space 69632K, 0% used [0x00000000f5580000,0x00000000f5580000,0x00000000f9980000)
  from space 29184K, 0% used [0x00000000fb600000,0x00000000fb600000,0x00000000fd280000)
  to   space 29184K, 0% used [0x00000000f9980000,0x00000000f9980000,0x00000000fb600000)
 ParOldGen       total 118784K, used 55407K [0x00000000e0000000, 0x00000000e7400000, 0x00000000f5580000)
  object space 118784K, 46% used [0x00000000e0000000,0x00000000e361be70,0x00000000e7400000)
 Metaspace       used 79954K, capacity 87032K, committed 87336K, reserved 1124352K
  class space    used 9772K, capacity 11965K, committed 12072K, reserved 1048576K
}

Deoptimization events (10 events):
Event: 312.037 Thread 0x000000001b8c4000 Uncommon trap: reason=unstable_if action=reinterpret pc=0x00000000039f2f6c method=com.sun.org.apache.xml.internal.serializer.ToStream.escapingNotNeeded(C)Z @ 9
Event: 312.037 Thread 0x000000001b8c4000 Uncommon trap: reason=unstable_if action=reinterpret pc=0x00000000034611ac method=com.sun.org.apache.xml.internal.serializer.ToStream.escapingNotNeeded(C)Z @ 9
Event: 312.086 Thread 0x000000001b8c4000 Uncommon trap: reason=bimorphic action=maybe_recompile pc=0x0000000003daa978 method=java.util.Properties.load0(Ljava/util/Properties$LineReader;)V @ 242
Event: 312.137 Thread 0x000000000235e800 Uncommon trap: reason=unstable_if action=reinterpret pc=0x0000000003b9e494 method=org.eclipse.e4.ui.internal.workbench.swt.PartRenderingEngine.someAreVisible(Ljava/util/List;)Z @ 41
Event: 312.140 Thread 0x000000000235e800 Uncommon trap: reason=unstable_if action=reinterpret pc=0x0000000003cbdc58 method=org.eclipse.emf.ecore.xmi.impl.StringSegment.add(Ljava/lang/String;)V @ 151
Event: 312.141 Thread 0x000000000235e800 Uncommon trap: reason=unstable_if action=reinterpret pc=0x0000000003cbcd7c method=org.eclipse.emf.ecore.xmi.impl.StringSegment.add(Ljava/lang/String;)V @ 151
Event: 312.160 Thread 0x000000000235e800 Uncommon trap: reason=unstable_if action=reinterpret pc=0x0000000003d781e0 method=org.eclipse.emf.ecore.impl.MinimalEObjectImpl.setField(ILjava/lang/Object;)V @ 9
Event: 312.300 Thread 0x000000001cf4c000 Uncommon trap: reason=unstable_if action=reinterpret pc=0x0000000003da1548 method=org.eclipse.e4.ui.internal.workbench.swt.E4Application$1.syncExec(Ljava/lang/Runnable;)V @ 14
Event: 312.525 Thread 0x000000001b8c2800 Uncommon trap: reason=unstable_if action=reinterpret pc=0x0000000002683364 method=sun.nio.cs.SingleByte$Encoder.encode(C)I @ 13
Event: 312.932 Thread 0x000000001b8c4800 Uncommon trap: reason=unstable_if action=reinterpret pc=0x0000000002c0a8b0 method=org.eclipse.osgi.internal.hooks.EclipseLazyStarter.shouldActivateFor(Ljava/lang/String;Lorg/eclipse/osgi/container/Module;Lorg/eclipse/osgi/container/ModuleRevision;Lorg/ecli#Ž€¼—€s@

Internal exceptions (10 events):
Event: 312.289 Thread 0x000000000235e800 Exception <a 'java/io/FileNotFoundException'> (0x00000000f741f310) thrown at [C:\re\workspace\8-2-build-windows-amd64-cygwin\jdk8u66\5298\hotspot\src\share\vm\prims\jni.cpp, line 709]
Event: 312.290 Thread 0x000000000235e800 Exception <a 'java/io/FileNotFoundException'> (0x00000000f74216b8) thrown at [C:\re\workspace\8-2-build-windows-amd64-cygwin\jdk8u66\5298\hotspot\src\share\vm\prims\jni.cpp, line 709]
Event: 312.290 Thread 0x000000000235e800 Exception <a 'java/io/FileNotFoundException'> (0x00000000f7423a20) thrown at [C:\re\workspace\8-2-build-windows-amd64-cygwin\jdk8u66\5298\hotspot\src\share\vm\prims\jni.cpp, line 709]
Event: 312.290 Thread 0x000000000235e800 Exception <a 'java/io/FileNotFoundException'> (0x00000000f7425d88) thrown at [C:\re\workspace\8-2-build-windows-amd64-cygwin\jdk8u66\5298\hotspot\src\share\vm\prims\jni.cpp, line 709]
Event: 312.290 Thread 0x000000000235e800 Exception <a 'java/io/FileNotFoundException'> (0x00000000f7428230) thrown at [C:\re\workspace\8-2-build-windows-amd64-cygwin\jdk8u66\5298\hotspot\src\share\vm\prims\jni.cpp, line 709]
Event: 312.362 Thread 0x000000001b8bb000 Exception <a 'java/lang/InterruptedException'> (0x00000000f7858a60) thrown at [C:\re\workspace\8-2-build-windows-amd64-cygwin\jdk8u66\5298\hotspot\src\share\vm\runtime\objectMonitor.cpp, line 1683]
Event: 312.988 Thread 0x000000001cf4c000 Exception <a 'java/lang/InterruptedException'> (0x00000000f5fd7b90) thrown at [C:\re\workspace\8-2-build-windows-amd64-cygwin\jdk8u66\5298\hotspot\src\share\vm\runtime\objectMonitor.cpp, line 1683]
Event: 313.009 Thread 0x0000000017572800 Exception <a 'java/lang/InterruptedException'> (0x00000000f7bd5160) thrown at [C:\re\workspace\8-2-build-windows-amd64-cygwin\jdk8u66\5298\hotspot\src\share\vm\runtime\objectMonitor.cpp, line 1683]
Event: 313.016 Thread 0x000000001cf4a800 Exception <a 'java/lang/InterruptedException'> (0x00000000f5bc7e00) thrown at [C:\re\workspace\8-2-build-windows-amd64-cygwin\jdk8u66\5298\hotspot\src\share\vm\runtime\objectMonitor.cpp, line 1683]
Event: 313.016 Thread 0x00000000175cd000 Exception <a 'java/lang/InterruptedException'> (0x00000000f7dbf1b8) thrown at [C:\re\workspace\8-2-build-windows-amd64-cygwin\jdk8u66\5298\hotspot\src\share\vm\runtime\objectMonitor.cpp, line 1683]

Events (10 events):
Event: 313.018 loading class java/util/IdentityHashMap$KeyIterator
Event: 313.018 loading class java/util/IdentityHashMap$IdentityHashMapIterator
Event: 313.018 loading class java/util/IdentityHashMap$IdentityHashMapIterator done
Event: 313.018 loading class java/util/IdentityHashMap$KeyIterator done
Event: 313.018 Thread 0x000000001b8bd000 Thread added: 0x000000001b8bd000
Event: 313.019 Thread 0x0000000015e70800 flushing nmethod 0x0000000002fb0b10
Event: 313.019 Thread 0x0000000015e70800 flushing nmethod 0x0000000002fbfa50
Event: 313.019 Thread 0x000000001b8bd000 Thread exited: 0x000000001b8bd000
Event: 313.019 Thread 0x0000000015e70800 flushing nmethod 0x00000000030a8550
Event: 313.019 Executing VM operation: Exit


Dynamic libraries:
0x0000000000400000 - 0x000000000044f000 	C:\Xilinx\SDK\2016.4\eclipse\win64.o\eclipse.exe
0x00007ff974380000 - 0x00007ff974551000 	C:\WINDOWS\SYSTEM32\ntdll.dll
0x00007ff973360000 - 0x00007ff97340c000 	C:\WINDOWS\System32\KERNEL32.DLL
0x00007ff9676b0000 - 0x00007ff967704000 	C:\Program Files (x86)\AVG\Av\avghooka.dll
0x00007ff970ef0000 - 0x00007ff97110d000 	C:\WINDOWS\System32\KERNELBASE.dll
0x00007ff96ed80000 - 0x00007ff96edfa000 	C:\WINDOWS\system32\apphelp.dll
0x00007ff973700000 - 0x00007ff973865000 	C:\WINDOWS\System32\USER32.dll
0x00007ff970c70000 - 0x00007ff970c8e000 	C:\WINDOWS\System32\win32u.dll
0x00007ff9738e0000 - 0x00007ff973914000 	C:\WINDOWS\System32\GDI32.dll
0x00007ff970870000 - 0x00007ff9709f2000 	C:\WINDOWS\System32\gdi32full.dll
0x00007ff9742d0000 - 0x00007ff97436e000 	C:\WINDOWS\System32\msvcrt.dll
0x00007ff963b10000 - 0x00007ff963d8a000 	C:\WINDOWS\WinSxS\amd64_microsoft.windows.common-controls_6595b64144ccf1df_6.0.14393.953_none_42151e83c686086b\COMCTL32.dll
0x00007ff973920000 - 0x00007ff973be8000 	C:\WINDOWS\System32\combase.dll
0x00007ff970d40000 - 0x00007ff970e35000 	C:\WINDOWS\System32\ucrtbase.dll
0x00007ff973130000 - 0x00007ff973251000 	C:\WINDOWS\System32\RPCRT4.dll
0x00007ff971160000 - 0x00007ff9711ca000 	C:\WINDOWS\System32\bcryptPrimitives.dll
0x00007ff973260000 - 0x00007ff97328e000 	C:\WINDOWS\System32\IMM32.DLL
0x0000000072000000 - 0x0000000072012000 	C:\Xilinx\SDK\2016.4\eclipse\win64.o\plugins\org.eclipse.equinox.launcher.win32.win32.x86_64_1.1.300.v20150602-1417\eclipse_1611.dll
0x00007ff973410000 - 0x00007ff9734b2000 	C:\WINDOWS\System32\ADVAPI32.dll
0x00007ff971910000 - 0x00007ff971969000 	C:\WINDOWS\System32\sechost.dll
0x00007ff962ad0000 - 0x00007ff962ada000 	C:\WINDOWS\SYSTEM32\VERSION.dll
0x00007ff96efc0000 - 0x00007ff96f055000 	C:\WINDOWS\system32\uxtheme.dll
0x00007ff974020000 - 0x00007ff97417a000 	C:\WINDOWS\System32\MSCTF.dll
0x00007ff973290000 - 0x00007ff97334f000 	C:\WINDOWS\System32\OLEAUT32.dll
0x00007ff970bd0000 - 0x00007ff970c6c000 	C:\WINDOWS\System32\msvcp_win.dll
0x0000000058630000 - 0x0000000058eb9000 	C:\Xilinx\SDK\2016.4\tps\win64\jre\bin\server\jvm.dll
0x00007ff973350000 - 0x00007ff973358000 	C:\WINDOWS\System32\PSAPI.DLL
0x00007ff964ed0000 - 0x00007ff964ed9000 	C:\WINDOWS\SYSTEM32\WSOCK32.dll
0x00007ff973870000 - 0x00007ff9738da000 	C:\WINDOWS\System32\WS2_32.dll
0x00007ff96eac0000 - 0x00007ff96eae3000 	C:\WINDOWS\SYSTEM32\WINMM.dll
0x000000005afc0000 - 0x000000005b092000 	C:\WINDOWS\SYSTEM32\MSVCR100.dll
0x00007ff96e920000 - 0x00007ff96e94b000 	C:\WINDOWS\SYSTEM32\WINMMBASE.dll
0x00007ff971110000 - 0x00007ff971152000 	C:\WINDOWS\System32\cfgmgr32.dll
0x0000000059e40000 - 0x0000000059e4f000 	C:\Xilinx\SDK\2016.4\tps\win64\jre\bin\verify.dll
0x0000000059e10000 - 0x0000000059e39000 	C:\Xilinx\SDK\2016.4\tps\win64\jre\bin\java.dll
0x0000000059df0000 - 0x0000000059e06000 	C:\Xilinx\SDK\2016.4\tps\win64\jre\bin\zip.dll
0x00007ff971c20000 - 0x00007ff973128000 	C:\WINDOWS\System32\SHELL32.dll
0x00007ff971230000 - 0x00007ff97190a000 	C:\WINDOWS\System32\windows.storage.dll
0x00007ff970820000 - 0x00007ff97086c000 	C:\WINDOWS\System32\powrprof.dll
0x00007ff9741f0000 - 0x00007ff974242000 	C:\WINDOWS\System32\shlwapi.dll
0x00007ff970810000 - 0x00007ff97081f000 	C:\WINDOWS\System32\kernel.appcore.dll
0x00007ff970c90000 - 0x00007ff970d39000 	C:\WINDOWS\System32\shcore.dll
0x00007ff9707f0000 - 0x00007ff970804000 	C:\WINDOWS\System32\profapi.dll
0x00007ff970260000 - 0x00007ff970277000 	C:\WINDOWS\SYSTEM32\CRYPTSP.dll
0x00007ff96fcb0000 - 0x00007ff96fce3000 	C:\WINDOWS\system32\rsaenh.dll
0x00007ff970720000 - 0x00007ff97074b000 	C:\WINDOWS\SYSTEM32\bcrypt.dll
0x00007ff96ff30000 - 0x00007ff96ff4f000 	C:\WINDOWS\SYSTEM32\USERENV.dll
0x00007ff970250000 - 0x00007ff97025b000 	C:\WINDOWS\SYSTEM32\CRYPTBASE.dll
0x0000000059a20000 - 0x0000000059a3a000 	C:\Xilinx\SDK\2016.4\tps\win64\jre\bin\net.dll
0x00007ff9700b0000 - 0x00007ff97010c000 	C:\WINDOWS\system32\mswsock.dll
0x00007ff96fe30000 - 0x00007ff96fe68000 	C:\WINDOWS\SYSTEM32\IPHLPAPI.DLL
0x00007ff974370000 - 0x00007ff974378000 	C:\WINDOWS\System32\NSI.dll
0x00007ff96cc10000 - 0x00007ff96cc26000 	C:\WINDOWS\SYSTEM32\dhcpcsvc6.DLL
0x00007ff96cb40000 - 0x00007ff96cb5a000 	C:\WINDOWS\SYSTEM32\dhcpcsvc.DLL
0x0000000059a00000 - 0x0000000059a11000 	C:\Xilinx\SDK\2016.4\tps\win64\jre\bin\nio.dll
0x00007ff95e4a0000 - 0x00007ff95e4b6000 	C:\WINDOWS\system32\napinsp.dll
0x00007ff95e470000 - 0x00007ff95e48a000 	C:\WINDOWS\system32\pnrpnsp.dll
0x00007ff96be20000 - 0x00007ff96be38000 	C:\WINDOWS\system32\NLAapi.dll
0x00007ff96fe70000 - 0x00007ff96ff11000 	C:\WINDOWS\SYSTEM32\DNSAPI.dll
0x00007ff962ee0000 - 0x00007ff962eee000 	C:\WINDOWS\System32\winrnr.dll
0x000000005b0d0000 - 0x000000005b0f6000 	C:\Program Files\Bonjour\mdnsNSP.dll
0x00007ff96b090000 - 0x00007ff96b09a000 	C:\Windows\System32\rasadhlp.dll
0x00007ff96b450000 - 0x00007ff96b4ba000 	C:\WINDOWS\System32\fwpuclnt.dll
0x0000000018560000 - 0x0000000018608000 	C:\Users\Utilizador\.Xilinx\SDK\2016.4\org.eclipse.osgi\319\0\.cp\swt-win32-4527.dll
0x00007ff971a70000 - 0x00007ff971ba8000 	C:\WINDOWS\System32\ole32.dll
0x00007ff971970000 - 0x00007ff971a6a000 	C:\WINDOWS\System32\comdlg32.dll
0x00007ff970a00000 - 0x00007ff970bc9000 	C:\WINDOWS\System32\CRYPT32.dll
0x00007ff9707e0000 - 0x00007ff9707f0000 	C:\WINDOWS\System32\MSASN1.dll
0x00007ff96bc30000 - 0x00007ff96bcb6000 	C:\WINDOWS\SYSTEM32\WINSPOOL.DRV
0x00007ff96c400000 - 0x00007ff96c419000 	C:\WINDOWS\SYSTEM32\USP10.dll
0x00007ff96ce90000 - 0x00007ff96d15a000 	C:\WINDOWS\SYSTEM32\WININET.dll
0x00007ff96dd30000 - 0x00007ff96dd56000 	C:\WINDOWS\system32\dwmapi.dll
0x00007ff96daa0000 - 0x00007ff96dc25000 	C:\WINDOWS\SYSTEM32\propsys.dll
0x00007ff973660000 - 0x00007ff9736ff000 	C:\WINDOWS\System32\clbcatq.dll
0x0000000019f70000 - 0x0000000019f8e000 	C:\Users\Utilizador\.Xilinx\SDK\2016.4\org.eclipse.osgi\319\0\.cp\swt-gdip-win32-4527.dll
0x00007ff965510000 - 0x00007ff9656aa000 	C:\WINDOWS\WinSxS\amd64_microsoft.windows.gdiplus_6595b64144ccf1df_1.1.14393.953_none_7300116921188239\gdiplus.dll
0x00007ff96c910000 - 0x00007ff96cab8000 	C:\WINDOWS\SYSTEM32\WindowsCodecs.dll
0x0000000180000000 - 0x0000000180012000 	C:\Users\Utilizador\.Xilinx\SDK\2016.4\org.eclipse.osgi\133\0\.cp\os\win32\x86_64\localfile_1_0_0.dll
0x00007ff95e6f0000 - 0x00007ff95e755000 	C:\WINDOWS\SYSTEM32\oleacc.dll
0x00007ff96a9c0000 - 0x00007ff96a9c7000 	C:\WINDOWS\SYSTEM32\msimg32.dll
0x00007ff96bb30000 - 0x00007ff96bb41000 	C:\Users\Utilizador\.Xilinx\SDK\2016.4\org.eclipse.osgi\136\0\.cp\jWinHttp-1.0.0.dll
0x00007ff96dc60000 - 0x00007ff96dd2d000 	C:\WINDOWS\SYSTEM32\WINHTTP.dll
0x00007ff96c7c0000 - 0x00007ff96c7cf000 	C:\Xilinx\SDK\2016.4\lib\win64.o\librdi_repo_manager.dll
0x00007ff9650e0000 - 0x00007ff96510a000 	C:\Xilinx\SDK\2016.4\lib\win64.o\libisl_sysinfo.dll
0x00007ff911a20000 - 0x00007ff9124ca000 	C:\Xilinx\SDK\2016.4\lib\win64.o\librdi_common.dll
0x00007ff955ff0000 - 0x00007ff956043000 	C:\Xilinx\SDK\2016.4\lib\win64.o\librdi_commonxillic.dll
0x00007ff9139a0000 - 0x00007ff913b98000 	C:\Xilinx\SDK\2016.4\lib\win64.o\librdi_hsm.dll
0x00007ff964c00000 - 0x00007ff964ca7000 	C:\WINDOWS\SYSTEM32\MSVCP110.dll
0x00007ff964cb0000 - 0x00007ff964d84000 	C:\WINDOWS\SYSTEM32\MSVCR110.dll
0x00007ff9131d0000 - 0x00007ff91353e000 	C:\Xilinx\SDK\2016.4\lib\win64.o\libCOIN-all.dll
0x00007ff912fb0000 - 0x00007ff9131cf000 	C:\Xilinx\SDK\2016.4\lib\win64.o\libXil_lmgr11.dll
0x00007ff9711d0000 - 0x00007ff971225000 	C:\WINDOWS\System32\WINTRUST.dll
0x00007ff9650d0000 - 0x00007ff9650e0000 	C:\Xilinx\SDK\2016.4\lib\win64.o\libboost_date_time.dll
0x00007ff956360000 - 0x00007ff956384000 	C:\Xilinx\SDK\2016.4\lib\win64.o\libboost_filesystem.dll
0x00007ff9556f0000 - 0x00007ff955767000 	C:\Xilinx\SDK\2016.4\lib\win64.o\libboost_program_options.dll
0x00007ff913890000 - 0x00007ff913996000 	C:\Xilinx\SDK\2016.4\lib\win64.o\libboost_regex.dll
0x00007ff963e80000 - 0x00007ff963e93000 	C:\Xilinx\SDK\2016.4\lib\win64.o\libboost_signals.dll
0x00007ff9647e0000 - 0x00007ff9647e9000 	C:\Xilinx\SDK\2016.4\lib\win64.o\libboost_system.dll
0x00007ff955fd0000 - 0x00007ff955fed000 	C:\Xilinx\SDK\2016.4\lib\win64.o\libboost_thread.dll
0x00007ff963e50000 - 0x00007ff963e5b000 	C:\Xilinx\SDK\2016.4\lib\win64.o\libboost_xilinx.dll
0x00007ff913740000 - 0x00007ff9137c0000 	C:\Xilinx\SDK\2016.4\lib\win64.o\libhdlpsolve.dll
0x00007ff9136a0000 - 0x00007ff91373a000 	C:\Xilinx\SDK\2016.4\lib\win64.o\libhdxml.dll
0x00007ff912a00000 - 0x00007ff912dc9000 	C:\Xilinx\SDK\2016.4\lib\win64.o\libisl_iostreams.dll
0x00007ff953790000 - 0x00007ff9537a5000 	C:\Xilinx\SDK\2016.4\lib\win64.o\pthreadVC2.dll
0x00007ff9128d0000 - 0x00007ff912a00000 	C:\Xilinx\SDK\2016.4\lib\win64.o\librdi_curl.dll
0x00007ff950b70000 - 0x00007ff950b88000 	C:\Xilinx\SDK\2016.4\lib\win64.o\librdiconfig.dll
0x00007ff94fde0000 - 0x00007ff94fdff000 	C:\Xilinx\SDK\2016.4\lib\win64.o\librdizlib.dll
0x0000000059a40000 - 0x0000000059b67000 	C:\Xilinx\SDK\2016.4\lib\win64.o\tcl85t.dll
0x0000000023200000 - 0x0000000023463000 	C:\Xilinx\SDK\2016.4\lib\win64.o\xerces-c_3_1.dll
0x00007ff963320000 - 0x00007ff9634e3000 	C:\WINDOWS\SYSTEM32\urlmon.dll
0x00007ff963280000 - 0x00007ff9632a3000 	C:\WINDOWS\SYSTEM32\VCOMP110.DLL
0x00007ff930040000 - 0x00007ff930083000 	C:\Xilinx\SDK\2016.4\lib\win64.o\librdi_hdf.dll
0x00007ff911750000 - 0x00007ff911a18000 	C:\Xilinx\SDK\2016.4\lib\win64.o\librdi_ippcw.dll
0x00007ff96a770000 - 0x00007ff96a788000 	C:\WINDOWS\SYSTEM32\NETAPI32.dll
0x00007ff963d90000 - 0x00007ff963d9b000 	C:\Xilinx\SDK\2016.4\lib\win64.o\libboost_chrono.dll
0x00007ff94e940000 - 0x00007ff94e956000 	C:\Xilinx\SDK\2016.4\lib\win64.o\libboost_iostreams.dll
0x00007ff94c430000 - 0x00007ff94c453000 	C:\Xilinx\SDK\2016.4\lib\win64.o\libisl_iosutils.dll
0x00007ff96ab70000 - 0x00007ff96ae15000 	C:\WINDOWS\SYSTEM32\iertutil.dll
0x00007ff962a20000 - 0x00007ff962a62000 	C:\WINDOWS\SYSTEM32\edputil.dll
0x00007ff94a340000 - 0x00007ff94a356000 	C:\Xilinx\SDK\2016.4\eclipse\win64.o\plugins\org.eclipse.cdt.core.win32.x86_64_5.4.0.201509131935\os\win32\x86_64\spawner.dll
0x00007ff96bb50000 - 0x00007ff96bb5a000 	C:\Xilinx\SDK\2016.4\lib\win64.o\librdi_jtag_settings.dll
0x00007ff91a810000 - 0x00007ff91a839000 	C:\Xilinx\SDK\2016.4\lib\win64.o\librdi_debug_dialog.dll
0x00007ff963660000 - 0x00007ff963668000 	C:\Xilinx\SDK\2016.4\lib\win64.o\librdi_target_manager.dll
0x00007ff9066e0000 - 0x00007ff906ef0000 	C:\Xilinx\SDK\2016.4\lib\win64.o\libXil_lmgr11FNP.dll
0x00007ff973bf0000 - 0x00007ff974019000 	C:\WINDOWS\System32\SETUPAPI.dll
0x00007ff961440000 - 0x00007ff96144c000 	C:\WINDOWS\SYSTEM32\snmpapi.dll
0x00007ff970450000 - 0x00007ff97047c000 	C:\WINDOWS\SYSTEM32\SspiCli.dll
0x0000000019f90000 - 0x0000000019f93000 	C:\WINDOWS\SYSTEM32\icmp.Dll

VM Arguments:
jvm_args: -Dcom.xilinx.sdk.args.hwspec=C:/Users/Utilizador/Desktop/Universidade/4_ano/2_semestre/CR/Projeto/ProjetoFinal/MP_ToDisplays/MP_ToDisplays.sdk/DebUART_wrapper.hdf -Xms64m -Xmx512m & 
java_command: <unknown>
java_class_path (initial): C:\Xilinx\SDK\2016.4\eclipse\win64.o\\plugins/org.eclipse.equinox.launcher_1.3.100.v20150511-1540.jar
Launcher Type: generic

Environment Variables:
JAVA_HOME=C:\Program Files\Java\jdk1.8.0_101
PATH=C:/Xilinx/SDK/2016.4/tps/win64/jre/bin/server;C:/Xilinx/SDK/2016.4/tps/win64/jre/bin;C:/Xilinx/SDK/2016.4/tps/win64/jre/lib/amd64;C:\Xilinx\SDK\2016.4\gnuwin\bin;C:\Xilinx\SDK\2016.4\gnu\microblaze\nt\bin;C:\Xilinx\SDK\2016.4\gnu\microblaze\linux_toolchain\nt64_le\bin;C:\Xilinx\SDK\2016.4\gnu\microblaze\linux_toolchain\nt64_be\bin;C:\Xilinx\SDK\2016.4\gnu\arm\nt\bin;C:\Xilinx\SDK\2016.4\gnu\aarch64\nt\aarch64-none\bin;C:\Xilinx\SDK\2016.4\gnu\aarch64\nt\aarch64-linux\bin;C:\Xilinx\SDK\2016.4\gnu\armr5\nt\gcc-arm-none-eabi\bin;C:\Xilinx\SDK\2016.4\gnu\aarch32\nt\gcc-arm-none-eabi\bin;C:\Xilinx\SDK\2016.4\gnu\aarch32\nt\gcc-arm-linux-gnueabi\bin;C:\Xilinx\SDK\2016.4\tps\win64\cmake-3.3.2\bin;;C:\Xilinx\SDK\2016.4\bin;C:\Xilinx\SDK\2016.4\lib\win64.o;C:\Xilinx\SDK\2016.4\tps\win64\jre\bin\server;C:\Xilinx\SDK\2016.4\tps\win64\jre\bin;C:\Xilinx\Vivado\2016.4\ids_lite\ISE\bin\nt64;C:\Xilinx\Vivado\2016.4\ids_lite\ISE\lib\nt64;C:\Xilinx\Vivado\2016.4\bin;C:\Xilinx\Vivado\2016.4\lib\win64.o;C:\Xilinx\Vivado\2016.4\tps\win64\jre\bin\server;C:\Xilinx\Vivado\2016.4\tps\win64\jre\bin;C:\Xilinx\Vivado_HLS\2016.4\bin;C:\WINDOWS\system32\Npcap;C:\Program Files\MATLAB\MATLAB Production Server\R2015a\runtime\win64;C:\Program Files\MATLAB\MATLAB Production Server\R2015a\bin;C:\Program Files\MATLAB\MATLAB Production Server\R2015a\polyspace\bin;C:\Program Files\PuTTY\;c:\Program Files\Intel\WiFi\bin\;c:\Program Files\Common Files\Intel\WirelessCommon\;C:\Users\Utilizador\AppData\Roaming\npm;C:\Users\Utilizador\AppData\Local\Microsoft\WindowsApps;C:\Python27;C:\Program Files\Java\jdk1.8.0_101\bin;C:\Program Files\NetBeans 8.2\java\maven\bin;C:\Users\Utilizador\Desktop\Universidade\4_ano\2_semestre\CR\Projeto\ProjetoFinal\MP_ToDisplays;
USERNAME=Utilizador
OS=Windows_NT
PROCESSOR_IDENTIFIER=Intel64 Family 6 Model 60 Stepping 3, GenuineIntel



---------------  S Y S T E M  ---------------

OS: Windows 10.0 , 64 bit Build 14393 (10.0.14393.1198)

CPU:total 8 (4 cores per cpu, 2 threads per core) family 6 model 60 stepping 3, cmov, cx8, fxsr, mmx, sse, sse2, sse3, ssse3, sse4.1, sse4.2, popcnt, avx, avx2, aes, clmul, erms, lzcnt, ht, tsc, tscinvbit, bmi1, bmi2

Memory: 4k page, physical 8319000k(2680400k free), swap 11324024k(2537712k free)

vm_info: Java HotSpot(TM) 64-Bit Server VM (25.66-b18) for windows-amd64 JRE (1.8.0_66-b18), built on Nov  9 2015 10:51:13 by "java_re" with MS VC++ 10.0 (VS2010)

time: Thu May 18 18:27:53 2017
elapsed time: 313 seconds (0d 0h 5m 13s)

