#
# A fatal error has been detected by the Java Runtime Environment:
#
#  EXCEPTION_UNCAUGHT_CXX_EXCEPTION (0xe06d7363) at pc=0x00007ff970f23c58, pid=1392, tid=13488
#
# JRE version: Java(TM) SE Runtime Environment (8.0_66-b18) (build 1.8.0_66-b18)
# Java VM: Java HotSpot(TM) 64-Bit Server VM (25.66-b18 mixed mode windows-amd64 compressed oops)
# Problematic frame:
# C  [KERNELBASE.dll+0x33c58]
#
# Failed to write core dump. Minidumps are not enabled by default on client versions of Windows
#
# If you would like to submit a bug report, please visit:
#   http://bugreport.java.com/bugreport/crash.jsp
#

---------------  T H R E A D  ---------------

Current thread (0x0000000013cf9000):  VMThread [stack: 0x00000000159d0000,0x0000000015ad0000] [id=13488]

siginfo: ExceptionCode=0xe06d7363, ExceptionInformation=0x0000000019930520 0x0000000015acf648 0x00007ff964d62cb8 0x00007ff964cb0000 

Registers:
RAX=0x004c0044002e006c, RBX=0x00007ff964d62cb8, RCX=0x000000000000004c, RDX=0x0000000000000000
RSP=0x0000000015acf490, RBP=0x0000000015acf5d0, RSI=0x00000000ffffffff, RDI=0x0000000024601e10
R8 =0x0000000000000000, R9 =0x0000000000000000, R10=0x0000000000000000, R11=0x0000000000000000
R12=0x0000000000000001, R13=0x0000000000000008, R14=0x0000000000000000, R15=0xffffffffffffffff
RIP=0x00007ff970f23c58, EFLAGS=0x0000000000000202

Top of Stack: (sp=0x0000000015acf490)
0x0000000015acf490:   0000000000000000 00007ff964d62cb8
0x0000000015acf4a0:   00000000ffffffff 0000000024601e10
0x0000000015acf4b0:   00000001e06d7363 0000000000000000
0x0000000015acf4c0:   00007ff970f23c58 00007ff900000004
0x0000000015acf4d0:   0000000019930520 0000000015acf648
0x0000000015acf4e0:   00007ff964d62cb8 00007ff964cb0000
0x0000000015acf4f0:   0000000000000008 0000000000000001
0x0000000015acf500:   0000000024601e10 00000000ffffffff
0x0000000015acf510:   0000000015acf5d0 00007ff9743cc26f
0x0000000015acf520:   0000000015acf5e0 0000000000000000
0x0000000015acf530:   000016004bb78480 0000000000000001
0x0000000015acf540:   00007ff964d79000 00007ff964cb0000
0x0000000015acf550:   000074ee8b35a833 0000000015acf780
0x0000000015acf560:   00007ff964d62cb8 00007ff964d0e92c
0x0000000015acf570:   000000000000001f 0000000000000008
0x0000000015acf580:   0000000000000001 0000000024601e10 

Instructions: (pc=0x00007ff970f23c58)
0x00007ff970f23c38:   49 8b d1 44 0f 47 c0 44 89 44 24 38 49 c1 e0 03
0x00007ff970f23c48:   e8 47 90 04 00 48 8d 4c 24 20 ff 15 a0 44 11 00
0x00007ff970f23c58:   48 8b 8c 24 c0 00 00 00 48 33 cc e8 d8 55 04 00
0x00007ff970f23c68:   48 81 c4 d8 00 00 00 c3 83 64 24 38 00 eb d6 cc 


Register to memory mapping:

RAX=0x004c0044002e006c is an unknown value
RBX=0x00007ff964d62cb8 is an unknown value
RCX=0x000000000000004c is an unknown value
RDX=0x0000000000000000 is an unknown value
RSP=0x0000000015acf490 is an unknown value
RBP=0x0000000015acf5d0 is an unknown value
RSI=0x00000000ffffffff is an unallocated location in the heap
RDI=0x0000000024601e10 is an unknown value
R8 =0x0000000000000000 is an unknown value
R9 =0x0000000000000000 is an unknown value
R10=0x0000000000000000 is an unknown value
R11=0x0000000000000000 is an unknown value
R12=0x0000000000000001 is an unknown value
R13=0x0000000000000008 is an unknown value
R14=0x0000000000000000 is an unknown value
R15=0xffffffffffffffff is an unknown value


Stack: [0x00000000159d0000,0x0000000015ad0000],  sp=0x0000000015acf490,  free space=1021k
Native frames: (J=compiled Java code, j=interpreted, Vv=VM code, C=native code)
C  [KERNELBASE.dll+0x33c58]
C  [MSVCR110.dll+0x5e92c]
C  [MSVCR110.dll+0x1315c]
C  [MSVCR110.dll+0x136a9]
C  [MSVCR110.dll+0x13e9c]
C  [MSVCR110.dll+0x239e]
C  [MSVCR110.dll+0xaf9e]
C  [MSVCP110.dll+0x397b9]
C  [librdi_common.dll+0x183a66]
C  [librdi_common.dll+0x1826fb]
C  [librdi_target_manager.dll+0x2400]
C  [librdi_target_manager.dll+0x2682]
C  [ntdll.dll+0x2a35f]
C  [ntdll.dll+0x806b]
C  [ntdll.dll+0x7d94]
C  [KERNEL32.DLL+0x1ce6a]
C  [MSVCR100.dll+0x20ccd]
V  [jvm.dll+0x210cc5]
V  [jvm.dll+0x249897]
V  [jvm.dll+0x248b36]
V  [jvm.dll+0x248fd1]
V  [jvm.dll+0x2491ee]
V  [jvm.dll+0x29a0fa]
C  [MSVCR100.dll+0x21d9f]
C  [MSVCR100.dll+0x21e3b]
C  [KERNEL32.DLL+0x8364]
C  [ntdll.dll+0x670d1]

VM_Operation (0x000000000014f4c0): Exit, mode: safepoint, requested by thread 0x000000000253e800


---------------  P R O C E S S  ---------------

Java Threads: ( => current thread )
  0x000000001cb3b800 JavaThread "pool-2-thread-10" [_thread_blocked, id=1328, stack(0x000000003df10000,0x000000003e010000)]
  0x000000001cb3f800 JavaThread "pool-2-thread-9" [_thread_blocked, id=9548, stack(0x0000000036b10000,0x0000000036c10000)]
  0x000000001cb41000 JavaThread "pool-2-thread-8" [_thread_blocked, id=11780, stack(0x0000000035710000,0x0000000035810000)]
  0x000000001cb3e800 JavaThread "pool-2-thread-7" [_thread_blocked, id=7852, stack(0x0000000034410000,0x0000000034510000)]
  0x000000001cb41800 JavaThread "pool-2-thread-6" [_thread_blocked, id=16380, stack(0x0000000032e10000,0x0000000032f10000)]
  0x000000001cb40000 JavaThread "pool-2-thread-5" [_thread_blocked, id=904, stack(0x0000000031b10000,0x0000000031c10000)]
  0x0000000020e9e800 JavaThread "pool-2-thread-4" [_thread_blocked, id=15512, stack(0x000000002dd10000,0x000000002de10000)]
  0x0000000020ea7800 JavaThread "pool-2-thread-3" [_thread_blocked, id=6988, stack(0x000000002cb10000,0x000000002cc10000)]
  0x0000000020ea7000 JavaThread "pool-2-thread-2" [_thread_blocked, id=12268, stack(0x000000002b910000,0x000000002ba10000)]
  0x0000000020ea4800 JavaThread "pool-2-thread-1" [_thread_blocked, id=8032, stack(0x0000000029a10000,0x0000000029b10000)]
  0x0000000020e9e000 JavaThread "Thread-34" daemon [_thread_blocked, id=16660, stack(0x0000000029810000,0x0000000029910000)]
  0x0000000016f18000 JavaThread "TCF Channel Transmitter" daemon [_thread_blocked, id=14964, stack(0x0000000026820000,0x0000000026920000)]
  0x0000000016f10800 JavaThread "TCF Channel Receiver" daemon [_thread_in_native, id=17776, stack(0x0000000026620000,0x0000000026720000)]
  0x0000000016f0f000 JavaThread "Process monitor" daemon [_thread_in_native, id=4124, stack(0x00000000251b0000,0x00000000252b0000)]
  0x0000000016f15000 JavaThread "Input Stream Monitor" daemon [_thread_blocked, id=11968, stack(0x00000000250b0000,0x00000000251b0000)]
  0x0000000016f14800 JavaThread "Output Stream Monitor" daemon [_thread_in_native, id=2224, stack(0x0000000024fb0000,0x00000000250b0000)]
  0x0000000016f10000 JavaThread "Output Stream Monitor" daemon [_thread_in_native, id=9084, stack(0x00000000249c0000,0x0000000024ac0000)]
  0x0000000016f0c000 JavaThread "TCF Locator DNS Lookup" daemon [_thread_blocked, id=14788, stack(0x00000000233c0000,0x00000000234c0000)]
  0x0000000016f0b800 JavaThread "TCF Locator Timer" daemon [_thread_blocked, id=16040, stack(0x00000000232c0000,0x00000000233c0000)]
  0x0000000017f55800 JavaThread "TCF Locator Receiver" daemon [_thread_in_native, id=16028, stack(0x0000000022ee0000,0x0000000022fe0000)]
  0x0000000017f5a800 JavaThread "TCF Timer Dispatcher" daemon [_thread_blocked, id=14668, stack(0x0000000022ce0000,0x0000000022de0000)]
  0x0000000017810000 JavaThread "EMF Reference Cleaner" daemon [_thread_blocked, id=6452, stack(0x0000000019200000,0x0000000019300000)]
  0x0000000015ea3800 JavaThread "Service Thread" daemon [_thread_blocked, id=3840, stack(0x00000000167d0000,0x00000000168d0000)]
  0x0000000015e0a000 JavaThread "C1 CompilerThread3" daemon [_thread_blocked, id=13720, stack(0x00000000166d0000,0x00000000167d0000)]
  0x0000000015e01000 JavaThread "C2 CompilerThread2" daemon [_thread_blocked, id=13508, stack(0x00000000165d0000,0x00000000166d0000)]
  0x0000000015e00800 JavaThread "C2 CompilerThread1" daemon [_thread_blocked, id=9476, stack(0x00000000164d0000,0x00000000165d0000)]
  0x0000000015dfe800 JavaThread "C2 CompilerThread0" daemon [_thread_blocked, id=14504, stack(0x00000000163d0000,0x00000000164d0000)]
  0x0000000015dfb000 JavaThread "Attach Listener" daemon [_thread_blocked, id=14636, stack(0x00000000162d0000,0x00000000163d0000)]
  0x0000000015dfa800 JavaThread "Signal Dispatcher" daemon [_thread_blocked, id=8712, stack(0x00000000161d0000,0x00000000162d0000)]
  0x000000000246a800 JavaThread "Finalizer" daemon [_thread_blocked, id=17892, stack(0x0000000015bd0000,0x0000000015cd0000)]
  0x0000000013cfd000 JavaThread "Reference Handler" daemon [_thread_blocked, id=14396, stack(0x0000000015ad0000,0x0000000015bd0000)]
  0x000000000253e800 JavaThread "main" [_thread_blocked, id=8236, stack(0x0000000000050000,0x0000000000150000)]

Other Threads:
=>0x0000000013cf9000 VMThread [stack: 0x00000000159d0000,0x0000000015ad0000] [id=13488]

VM state:at safepoint (shutting down)

VM Mutex/Monitor currently owned by a thread:  ([mutex/lock_event])
[0x000000000253d570] Threads_lock - owner thread: 0x0000000013cf9000

Heap:
 PSYoungGen      total 80896K, used 33906K [0x00000000f5580000, 0x00000000fc780000, 0x0000000100000000)
  eden space 77824K, 39% used [0x00000000f5580000,0x00000000f739d910,0x00000000fa180000)
  from space 3072K, 99% used [0x00000000fa380000,0x00000000fa67f190,0x00000000fa680000)
  to   space 19456K, 0% used [0x00000000fb480000,0x00000000fb480000,0x00000000fc780000)
 ParOldGen       total 119808K, used 57039K [0x00000000e0000000, 0x00000000e7500000, 0x00000000f5580000)
  object space 119808K, 47% used [0x00000000e0000000,0x00000000e37b3e78,0x00000000e7500000)
 Metaspace       used 86940K, capacity 94370K, committed 94632K, reserved 1132544K
  class space    used 10147K, capacity 12410K, committed 12456K, reserved 1048576K

Card table byte_map: [0x0000000011900000,0x0000000011a10000] byte_map_base: 0x0000000011200000

Marking Bits: (ParMarkBitMap*) 0x0000000058c0a5b0
 Begin Bits: [0x0000000012210000, 0x0000000012a10000)
 End Bits:   [0x0000000012a10000, 0x0000000013210000)

Polling page: 0x0000000000460000

CodeCache: size=245760Kb used=43426Kb max_used=43577Kb free=202333Kb
 bounds [0x0000000002540000, 0x0000000005030000, 0x0000000011540000]
 total_blobs=12490 nmethods=11600 adapters=797
 compilation: enabled

Compilation events (10 events):
Event: 436.449 Thread 0x0000000015e0a000 14261       3       java.util.TimSort::mergeLo (659 bytes)
Event: 436.451 Thread 0x0000000015e0a000 nmethod 14261 0x00000000029f3ed0 code [0x00000000029f4200, 0x00000000029f6398]
Event: 436.453 Thread 0x0000000015e0a000 14262       3       java.util.TimSort::gallopRight (335 bytes)
Event: 436.454 Thread 0x0000000015e0a000 nmethod 14262 0x0000000003cb8c10 code [0x0000000003cb8e00, 0x0000000003cb98f8]
Event: 436.455 Thread 0x0000000015e0a000 14263       3       org.eclipse.osgi.storage.bundlefile.BundleFile::setMruIndex (6 bytes)
Event: 436.455 Thread 0x0000000015e0a000 nmethod 14263 0x0000000002e21910 code [0x0000000002e21a60, 0x0000000002e21bb0]
Event: 436.456 Thread 0x0000000015e0a000 14266       3       org.eclipse.osgi.container.Module::holdsTransitionEventLock (25 bytes)
Event: 436.456 Thread 0x0000000015dfe800 14272       4       org.eclipse.osgi.container.ModuleDatabase::readUnlock (11 bytes)
Event: 436.457 Thread 0x0000000015e0a000 nmethod 14266 0x0000000002e7d7d0 code [0x0000000002e7d960, 0x0000000002e7e088]
Event: 436.458 Thread 0x0000000015e0a000 14273       3       org.eclipse.osgi.internal.framework.EquinoxContainerAdaptor::invalidateWiring (186 bytes)

GC Heap History (10 events):
Event: 354.669 GC heap before
{Heap before GC invocations=29 (full 6):
 PSYoungGen      total 102912K, used 80215K [0x00000000f5580000, 0x00000000fd200000, 0x0000000100000000)
  eden space 78336K, 100% used [0x00000000f5580000,0x00000000fa200000,0x00000000fa200000)
  from space 24576K, 7% used [0x00000000fba00000,0x00000000fbbd5c80,0x00000000fd200000)
  to   space 24576K, 0% used [0x00000000fa200000,0x00000000fa200000,0x00000000fba00000)
 ParOldGen       total 119808K, used 56999K [0x00000000e0000000, 0x00000000e7500000, 0x00000000f5580000)
  object space 119808K, 47% used [0x00000000e0000000,0x00000000e37a9e78,0x00000000e7500000)
 Metaspace       used 85119K, capacity 92338K, committed 92584K, reserved 1130496K
  class space    used 10007K, capacity 12184K, committed 12200K, reserved 1048576K
Event: 354.672 GC heap after
Heap after GC invocations=29 (full 6):
 PSYoungGen      total 81920K, used 3482K [0x00000000f5580000, 0x00000000fd000000, 0x0000000100000000)
  eden space 78336K, 0% used [0x00000000f5580000,0x00000000f5580000,0x00000000fa200000)
  from space 3584K, 97% used [0x00000000fa200000,0x00000000fa5668d0,0x00000000fa580000)
  to   space 23040K, 0% used [0x00000000fb980000,0x00000000fb980000,0x00000000fd000000)
 ParOldGen       total 119808K, used 57007K [0x00000000e0000000, 0x00000000e7500000, 0x00000000f5580000)
  object space 119808K, 47% used [0x00000000e0000000,0x00000000e37abe78,0x00000000e7500000)
 Metaspace       used 85119K, capacity 92338K, committed 92584K, reserved 1130496K
  class space    used 10007K, capacity 12184K, committed 12200K, reserved 1048576K
}
Event: 382.931 GC heap before
{Heap before GC invocations=30 (full 6):
 PSYoungGen      total 81920K, used 81818K [0x00000000f5580000, 0x00000000fd000000, 0x0000000100000000)
  eden space 78336K, 100% used [0x00000000f5580000,0x00000000fa200000,0x00000000fa200000)
  from space 3584K, 97% used [0x00000000fa200000,0x00000000fa5668d0,0x00000000fa580000)
  to   space 23040K, 0% used [0x00000000fb980000,0x00000000fb980000,0x00000000fd000000)
 ParOldGen       total 119808K, used 57007K [0x00000000e0000000, 0x00000000e7500000, 0x00000000f5580000)
  object space 119808K, 47% used [0x00000000e0000000,0x00000000e37abe78,0x00000000e7500000)
 Metaspace       used 85461K, capacity 92786K, committed 92968K, reserved 1130496K
  class space    used 10025K, capacity 12248K, committed 12328K, reserved 1048576K
Event: 382.936 GC heap after
Heap after GC invocations=30 (full 6):
 PSYoungGen      total 101376K, used 1671K [0x00000000f5580000, 0x00000000fcf00000, 0x0000000100000000)
  eden space 79360K, 0% used [0x00000000f5580000,0x00000000f5580000,0x00000000fa300000)
  from space 22016K, 7% used [0x00000000fb980000,0x00000000fbb21c90,0x00000000fcf00000)
  to   space 22528K, 0% used [0x00000000fa300000,0x00000000fa300000,0x00000000fb900000)
 ParOldGen       total 119808K, used 57015K [0x00000000e0000000, 0x00000000e7500000, 0x00000000f5580000)
  object space 119808K, 47% used [0x00000000e0000000,0x00000000e37ade78,0x00000000e7500000)
 Metaspace       used 85461K, capacity 92786K, committed 92968K, reserved 1130496K
  class space    used 10025K, capacity 12248K, committed 12328K, reserved 1048576K
}
Event: 408.532 GC heap before
{Heap before GC invocations=31 (full 6):
 PSYoungGen      total 101376K, used 81031K [0x00000000f5580000, 0x00000000fcf00000, 0x0000000100000000)
  eden space 79360K, 100% used [0x00000000f5580000,0x00000000fa300000,0x00000000fa300000)
  from space 22016K, 7% used [0x00000000fb980000,0x00000000fbb21c90,0x00000000fcf00000)
  to   space 22528K, 0% used [0x00000000fa300000,0x00000000fa300000,0x00000000fb900000)
 ParOldGen       total 119808K, used 57015K [0x00000000e0000000, 0x00000000e7500000, 0x00000000f5580000)
  object space 119808K, 47% used [0x00000000e0000000,0x00000000e37ade78,0x00000000e7500000)
 Metaspace       used 85714K, capacity 93118K, committed 93480K, reserved 1130496K
  class space    used 10037K, capacity 12250K, committed 12328K, reserved 1048576K
Event: 408.536 GC heap after
Heap after GC invocations=31 (full 6):
 PSYoungGen      total 101888K, used 2327K [0x00000000f5580000, 0x00000000fce00000, 0x0000000100000000)
  eden space 79360K, 0% used [0x00000000f5580000,0x00000000f5580000,0x00000000fa300000)
  from space 22528K, 10% used [0x00000000fa300000,0x00000000fa545c70,0x00000000fb900000)
  to   space 21504K, 0% used [0x00000000fb900000,0x00000000fb900000,0x00000000fce00000)
 ParOldGen       total 119808K, used 57023K [0x00000000e0000000, 0x00000000e7500000, 0x00000000f5580000)
  object space 119808K, 47% used [0x00000000e0000000,0x00000000e37afe78,0x00000000e7500000)
 Metaspace       used 85714K, capacity 93118K, committed 93480K, reserved 1130496K
  class space    used 10037K, capacity 12250K, committed 12328K, reserved 1048576K
}
Event: 413.580 GC heap before
{Heap before GC invocations=32 (full 6):
 PSYoungGen      total 101888K, used 81687K [0x00000000f5580000, 0x00000000fce00000, 0x0000000100000000)
  eden space 79360K, 100% used [0x00000000f5580000,0x00000000fa300000,0x00000000fa300000)
  from space 22528K, 10% used [0x00000000fa300000,0x00000000fa545c70,0x00000000fb900000)
  to   space 21504K, 0% used [0x00000000fb900000,0x00000000fb900000,0x00000000fce00000)
 ParOldGen       total 119808K, used 57023K [0x00000000e0000000, 0x00000000e7500000, 0x00000000f5580000)
  object space 119808K, 47% used [0x00000000e0000000,0x00000000e37afe78,0x00000000e7500000)
 Metaspace       used 85883K, capacity 93246K, committed 93480K, reserved 1130496K
  class space    used 10037K, capacity 12250K, committed 12328K, reserved 1048576K
Event: 413.584 GC heap after
Heap after GC invocations=32 (full 6):
 PSYoungGen      total 98816K, used 1781K [0x00000000f5580000, 0x00000000fcb80000, 0x0000000100000000)
  eden space 79872K, 0% used [0x00000000f5580000,0x00000000f5580000,0x00000000fa380000)
  from space 18944K, 9% used [0x00000000fb900000,0x00000000fbabd550,0x00000000fcb80000)
  to   space 20480K, 0% used [0x00000000fa380000,0x00000000fa380000,0x00000000fb780000)
 ParOldGen       total 119808K, used 57031K [0x00000000e0000000, 0x00000000e7500000, 0x00000000f5580000)
  object space 119808K, 47% used [0x00000000e0000000,0x00000000e37b1e78,0x00000000e7500000)
 Metaspace       used 85883K, capacity 93246K, committed 93480K, reserved 1130496K
  class space    used 10037K, capacity 12250K, committed 12328K, reserved 1048576K
}
Event: 435.223 GC heap before
{Heap before GC invocations=33 (full 6):
 PSYoungGen      total 98816K, used 81653K [0x00000000f5580000, 0x00000000fcb80000, 0x0000000100000000)
  eden space 79872K, 100% used [0x00000000f5580000,0x00000000fa380000,0x00000000fa380000)
  from space 18944K, 9% used [0x00000000fb900000,0x00000000fbabd550,0x00000000fcb80000)
  to   space 20480K, 0% used [0x00000000fa380000,0x00000000fa380000,0x00000000fb780000)
 ParOldGen       total 119808K, used 57031K [0x00000000e0000000, 0x00000000e7500000, 0x00000000f5580000)
  object space 119808K, 47% used [0x00000000e0000000,0x00000000e37b1e78,0x00000000e7500000)
 Metaspace       used 86089K, capacity 93534K, committed 93736K, reserved 1130496K
  class space    used 10047K, capacity 12282K, committed 12328K, reserved 1048576K
Event: 435.227 GC heap after
Heap after GC invocations=33 (full 6):
 PSYoungGen      total 80896K, used 3068K [0x00000000f5580000, 0x00000000fc780000, 0x0000000100000000)
  eden space 77824K, 0% used [0x00000000f5580000,0x00000000f5580000,0x00000000fa180000)
  from space 3072K, 99% used [0x00000000fa380000,0x00000000fa67f190,0x00000000fa680000)
  to   space 19456K, 0% used [0x00000000fb480000,0x00000000fb480000,0x00000000fc780000)
 ParOldGen       total 119808K, used 57039K [0x00000000e0000000, 0x00000000e7500000, 0x00000000f5580000)
  object space 119808K, 47% used [0x00000000e0000000,0x00000000e37b3e78,0x00000000e7500000)
 Metaspace       used 86089K, capacity 93534K, committed 93736K, reserved 1130496K
  class space    used 10047K, capacity 12282K, committed 12328K, reserved 1048576K
}

Deoptimization events (10 events):
Event: 436.389 Thread 0x0000000016f16000 Uncommon trap: reason=unstable_if action=reinterpret pc=0x00000000041bfc00 method=org.eclipse.core.internal.jobs.JobManager.startJob(Lorg/eclipse/core/internal/jobs/Worker;)Lorg/eclipse/core/runtime/jobs/Job; @ 20
Event: 436.394 Thread 0x000000001cb4a000 Uncommon trap: reason=unstable_if action=reinterpret pc=0x0000000002d2d030 method=org.eclipse.osgi.internal.hooks.EclipseLazyStarter.shouldActivateFor(Ljava/lang/String;Lorg/eclipse/osgi/container/Module;Lorg/eclipse/osgi/container/ModuleRevision;Lorg/ecli×l¿DwF{@
Event: 436.404 Thread 0x000000001cb4a000 Uncommon trap: reason=null_check action=maybe_recompile pc=0x000000000469fff0 method=com.xilinx.sdk.targetmanager.internal.json.XMDJSONProcess.issueCommand(Ljava/lang/String;)Lcom/xilinx/sdk/targetmanager/internal/IXMDResult; @ 3
Event: 436.408 Thread 0x000000001cb4a000 Uncommon trap: reason=bimorphic action=maybe_recompile pc=0x0000000004d13f20 method=org.eclipse.core.internal.dtree.AbstractDataTreeNode.assembleWith([Lorg/eclipse/core/internal/dtree/AbstractDataTreeNode;[Lorg/eclipse/core/internal/dtree/AbstractDataTreeN]zˆF{@
Event: 436.408 Thread 0x000000001cb4a000 Uncommon trap: reason=bimorphic action=maybe_recompile pc=0x0000000004d13f20 method=org.eclipse.core.internal.dtree.AbstractDataTreeNode.assembleWith([Lorg/eclipse/core/internal/dtree/AbstractDataTreeNode;[Lorg/eclipse/core/internal/dtree/AbstractDataTreeNŒ¦“ˆF{@
Event: 436.408 Thread 0x000000001cb4a000 Uncommon trap: reason=bimorphic action=maybe_recompile pc=0x0000000004d13f20 method=org.eclipse.core.internal.dtree.AbstractDataTreeNode.assembleWith([Lorg/eclipse/core/internal/dtree/AbstractDataTreeNode;[Lorg/eclipse/core/internal/dtree/AbstractDataTreeN
Event: 436.408 Thread 0x000000001cb4a000 Uncommon trap: reason=bimorphic action=maybe_recompile pc=0x0000000004d13f20 method=org.eclipse.core.internal.dtree.AbstractDataTreeNode.assembleWith([Lorg/eclipse/core/internal/dtree/AbstractDataTreeNode;[Lorg/eclipse/core/internal/dtree/AbstractDataTreeNG<4‘ÛF{@
Event: 436.429 Thread 0x0000000017f5b800 Uncommon trap: reason=unstable_if action=reinterpret pc=0x0000000003b3687c method=org.eclipse.core.internal.jobs.JobManager.nextJob()Lorg/eclipse/core/runtime/jobs/Job; @ 80
Event: 436.429 Thread 0x0000000016f16000 Uncommon trap: reason=unstable_if action=reinterpret pc=0x0000000003b3687c method=org.eclipse.core.internal.jobs.JobManager.nextJob()Lorg/eclipse/core/runtime/jobs/Job; @ 80
Event: 436.449 Thread 0x000000001cb4a000 Uncommon trap: reason=unstable_if action=reinterpret pc=0x000000000488c680 method=sun.reflect.UnsafeStaticObjectFieldAccessorImpl.set(Ljava/lang/Object;Ljava/lang/Object;)V @ 13

Internal exceptions (10 events):
Event: 435.743 Thread 0x000000000253e800 Exception <a 'java/io/FileNotFoundException'> (0x00000000f6977a60) thrown at [C:\re\workspace\8-2-build-windows-amd64-cygwin\jdk8u66\5298\hotspot\src\share\vm\prims\jni.cpp, line 709]
Event: 435.744 Thread 0x000000000253e800 Exception <a 'java/io/FileNotFoundException'> (0x00000000f6979f08) thrown at [C:\re\workspace\8-2-build-windows-amd64-cygwin\jdk8u66\5298\hotspot\src\share\vm\prims\jni.cpp, line 709]
Event: 435.833 Thread 0x0000000020ea4000 Exception <a 'java/lang/InterruptedException'> (0x00000000f6daa2c0) thrown at [C:\re\workspace\8-2-build-windows-amd64-cygwin\jdk8u66\5298\hotspot\src\share\vm\runtime\objectMonitor.cpp, line 1683]
Event: 436.404 Thread 0x000000001cb4a000 Implicit null exception at 0x000000000469eb27 to 0x000000000469ffe1
Event: 436.404 Thread 0x000000001cb4a000 Exception <a 'java/lang/NullPointerException'> (0x00000000f7026598) thrown at [C:\re\workspace\8-2-build-windows-amd64-cygwin\jdk8u66\5298\hotspot\src\share\vm\prims\jvm.cpp, line 1390]
Event: 436.428 Thread 0x0000000017f5a000 Exception <a 'java/lang/InterruptedException'> (0x00000000f69971a0) thrown at [C:\re\workspace\8-2-build-windows-amd64-cygwin\jdk8u66\5298\hotspot\src\share\vm\runtime\objectMonitor.cpp, line 1683]
Event: 436.449 Thread 0x000000001cb4a000 Implicit null exception at 0x000000000488c337 to 0x000000000488c66d
Event: 436.449 Thread 0x0000000017dd4000 Exception <a 'java/lang/InterruptedException'> (0x00000000f7153e00) thrown at [C:\re\workspace\8-2-build-windows-amd64-cygwin\jdk8u66\5298\hotspot\src\share\vm\runtime\objectMonitor.cpp, line 1683]
Event: 436.454 Thread 0x0000000017f58800 Exception <a 'java/lang/InterruptedException'> (0x00000000f6f90238) thrown at [C:\re\workspace\8-2-build-windows-amd64-cygwin\jdk8u66\5298\hotspot\src\share\vm\runtime\objectMonitor.cpp, line 1683]
Event: 436.455 Thread 0x000000001702b800 Exception <a 'java/lang/InterruptedException'> (0x00000000f733d9d8) thrown at [C:\re\workspace\8-2-build-windows-amd64-cygwin\jdk8u66\5298\hotspot\src\share\vm\runtime\objectMonitor.cpp, line 1683]

Events (10 events):
Event: 436.457 Thread 0x0000000015e0a000 flushing nmethod 0x0000000003334450
Event: 436.458 Thread 0x0000000015e0a000 flushing nmethod 0x0000000003336790
Event: 436.458 Thread 0x000000001cb4a000 Thread exited: 0x000000001cb4a000
Event: 436.458 loading class java/util/IdentityHashMap$KeyIterator
Event: 436.458 loading class java/util/IdentityHashMap$IdentityHashMapIterator
Event: 436.458 loading class java/util/IdentityHashMap$IdentityHashMapIterator done
Event: 436.458 loading class java/util/IdentityHashMap$KeyIterator done
Event: 436.458 Thread 0x000000001cb47000 Thread added: 0x000000001cb47000
Event: 436.459 Thread 0x000000001cb47000 Thread exited: 0x000000001cb47000
Event: 436.459 Executing VM operation: Exit


Dynamic libraries:
0x0000000000400000 - 0x000000000044f000 	C:\Xilinx\SDK\2016.4\eclipse\win64.o\eclipse.exe
0x00007ff974380000 - 0x00007ff974551000 	C:\WINDOWS\SYSTEM32\ntdll.dll
0x00007ff973360000 - 0x00007ff97340c000 	C:\WINDOWS\System32\KERNEL32.DLL
0x00007ff9676b0000 - 0x00007ff967704000 	C:\Program Files (x86)\AVG\Av\avghooka.dll
0x00007ff970ef0000 - 0x00007ff97110d000 	C:\WINDOWS\System32\KERNELBASE.dll
0x00007ff96ed80000 - 0x00007ff96edfa000 	C:\WINDOWS\system32\apphelp.dll
0x00007ff973700000 - 0x00007ff973865000 	C:\WINDOWS\System32\USER32.dll
0x00007ff970c70000 - 0x00007ff970c8e000 	C:\WINDOWS\System32\win32u.dll
0x00007ff9738e0000 - 0x00007ff973914000 	C:\WINDOWS\System32\GDI32.dll
0x00007ff970870000 - 0x00007ff9709f2000 	C:\WINDOWS\System32\gdi32full.dll
0x00007ff9742d0000 - 0x00007ff97436e000 	C:\WINDOWS\System32\msvcrt.dll
0x00007ff963b10000 - 0x00007ff963d8a000 	C:\WINDOWS\WinSxS\amd64_microsoft.windows.common-controls_6595b64144ccf1df_6.0.14393.953_none_42151e83c686086b\COMCTL32.dll
0x00007ff973920000 - 0x00007ff973be8000 	C:\WINDOWS\System32\combase.dll
0x00007ff970d40000 - 0x00007ff970e35000 	C:\WINDOWS\System32\ucrtbase.dll
0x00007ff973130000 - 0x00007ff973251000 	C:\WINDOWS\System32\RPCRT4.dll
0x00007ff971160000 - 0x00007ff9711ca000 	C:\WINDOWS\System32\bcryptPrimitives.dll
0x00007ff973260000 - 0x00007ff97328e000 	C:\WINDOWS\System32\IMM32.DLL
0x0000000072000000 - 0x0000000072012000 	C:\Xilinx\SDK\2016.4\eclipse\win64.o\plugins\org.eclipse.equinox.launcher.win32.win32.x86_64_1.1.300.v20150602-1417\eclipse_1611.dll
0x00007ff973410000 - 0x00007ff9734b2000 	C:\WINDOWS\System32\ADVAPI32.dll
0x00007ff971910000 - 0x00007ff971969000 	C:\WINDOWS\System32\sechost.dll
0x00007ff962ad0000 - 0x00007ff962ada000 	C:\WINDOWS\SYSTEM32\VERSION.dll
0x00007ff96efc0000 - 0x00007ff96f055000 	C:\WINDOWS\system32\uxtheme.dll
0x00007ff974020000 - 0x00007ff97417a000 	C:\WINDOWS\System32\MSCTF.dll
0x00007ff973290000 - 0x00007ff97334f000 	C:\WINDOWS\System32\OLEAUT32.dll
0x00007ff970bd0000 - 0x00007ff970c6c000 	C:\WINDOWS\System32\msvcp_win.dll
0x0000000058400000 - 0x0000000058c89000 	C:\Xilinx\SDK\2016.4\tps\win64\jre\bin\server\jvm.dll
0x00007ff973350000 - 0x00007ff973358000 	C:\WINDOWS\System32\PSAPI.DLL
0x00007ff964ed0000 - 0x00007ff964ed9000 	C:\WINDOWS\SYSTEM32\WSOCK32.dll
0x00007ff973870000 - 0x00007ff9738da000 	C:\WINDOWS\System32\WS2_32.dll
0x00007ff96eac0000 - 0x00007ff96eae3000 	C:\WINDOWS\SYSTEM32\WINMM.dll
0x000000005afc0000 - 0x000000005b092000 	C:\WINDOWS\SYSTEM32\MSVCR100.dll
0x00007ff96e920000 - 0x00007ff96e94b000 	C:\WINDOWS\SYSTEM32\WINMMBASE.dll
0x00007ff971110000 - 0x00007ff971152000 	C:\WINDOWS\System32\cfgmgr32.dll
0x0000000059e40000 - 0x0000000059e4f000 	C:\Xilinx\SDK\2016.4\tps\win64\jre\bin\verify.dll
0x0000000059e10000 - 0x0000000059e39000 	C:\Xilinx\SDK\2016.4\tps\win64\jre\bin\java.dll
0x0000000059df0000 - 0x0000000059e06000 	C:\Xilinx\SDK\2016.4\tps\win64\jre\bin\zip.dll
0x00007ff971c20000 - 0x00007ff973128000 	C:\WINDOWS\System32\SHELL32.dll
0x00007ff971230000 - 0x00007ff97190a000 	C:\WINDOWS\System32\windows.storage.dll
0x00007ff970820000 - 0x00007ff97086c000 	C:\WINDOWS\System32\powrprof.dll
0x00007ff9741f0000 - 0x00007ff974242000 	C:\WINDOWS\System32\shlwapi.dll
0x00007ff970810000 - 0x00007ff97081f000 	C:\WINDOWS\System32\kernel.appcore.dll
0x00007ff970c90000 - 0x00007ff970d39000 	C:\WINDOWS\System32\shcore.dll
0x00007ff9707f0000 - 0x00007ff970804000 	C:\WINDOWS\System32\profapi.dll
0x00007ff970260000 - 0x00007ff970277000 	C:\WINDOWS\SYSTEM32\CRYPTSP.dll
0x00007ff96fcb0000 - 0x00007ff96fce3000 	C:\WINDOWS\system32\rsaenh.dll
0x00007ff970720000 - 0x00007ff97074b000 	C:\WINDOWS\SYSTEM32\bcrypt.dll
0x00007ff96ff30000 - 0x00007ff96ff4f000 	C:\WINDOWS\SYSTEM32\USERENV.dll
0x00007ff970250000 - 0x00007ff97025b000 	C:\WINDOWS\SYSTEM32\CRYPTBASE.dll
0x0000000059a20000 - 0x0000000059a3a000 	C:\Xilinx\SDK\2016.4\tps\win64\jre\bin\net.dll
0x00007ff9700b0000 - 0x00007ff97010c000 	C:\WINDOWS\system32\mswsock.dll
0x00007ff96fe30000 - 0x00007ff96fe68000 	C:\WINDOWS\SYSTEM32\IPHLPAPI.DLL
0x00007ff974370000 - 0x00007ff974378000 	C:\WINDOWS\System32\NSI.dll
0x00007ff96cc10000 - 0x00007ff96cc26000 	C:\WINDOWS\SYSTEM32\dhcpcsvc6.DLL
0x00007ff96cb40000 - 0x00007ff96cb5a000 	C:\WINDOWS\SYSTEM32\dhcpcsvc.DLL
0x0000000059a00000 - 0x0000000059a11000 	C:\Xilinx\SDK\2016.4\tps\win64\jre\bin\nio.dll
0x00007ff95e4a0000 - 0x00007ff95e4b6000 	C:\WINDOWS\system32\napinsp.dll
0x00007ff95e470000 - 0x00007ff95e48a000 	C:\WINDOWS\system32\pnrpnsp.dll
0x00007ff96be20000 - 0x00007ff96be38000 	C:\WINDOWS\system32\NLAapi.dll
0x00007ff96fe70000 - 0x00007ff96ff11000 	C:\WINDOWS\SYSTEM32\DNSAPI.dll
0x00007ff962ee0000 - 0x00007ff962eee000 	C:\WINDOWS\System32\winrnr.dll
0x000000005b0d0000 - 0x000000005b0f6000 	C:\Program Files\Bonjour\mdnsNSP.dll
0x00007ff96b090000 - 0x00007ff96b09a000 	C:\Windows\System32\rasadhlp.dll
0x00007ff96b450000 - 0x00007ff96b4ba000 	C:\WINDOWS\System32\fwpuclnt.dll
0x0000000018430000 - 0x00000000184d8000 	C:\Users\Utilizador\.Xilinx\SDK\2016.4\org.eclipse.osgi\319\0\.cp\swt-win32-4527.dll
0x00007ff971a70000 - 0x00007ff971ba8000 	C:\WINDOWS\System32\ole32.dll
0x00007ff971970000 - 0x00007ff971a6a000 	C:\WINDOWS\System32\comdlg32.dll
0x00007ff970a00000 - 0x00007ff970bc9000 	C:\WINDOWS\System32\CRYPT32.dll
0x00007ff9707e0000 - 0x00007ff9707f0000 	C:\WINDOWS\System32\MSASN1.dll
0x00007ff96bc30000 - 0x00007ff96bcb6000 	C:\WINDOWS\SYSTEM32\WINSPOOL.DRV
0x00007ff96c400000 - 0x00007ff96c419000 	C:\WINDOWS\SYSTEM32\USP10.dll
0x00007ff96ce90000 - 0x00007ff96d15a000 	C:\WINDOWS\SYSTEM32\WININET.dll
0x00007ff96dd30000 - 0x00007ff96dd56000 	C:\WINDOWS\system32\dwmapi.dll
0x00007ff96daa0000 - 0x00007ff96dc25000 	C:\WINDOWS\SYSTEM32\propsys.dll
0x00007ff973660000 - 0x00007ff9736ff000 	C:\WINDOWS\System32\clbcatq.dll
0x0000000018fb0000 - 0x0000000018fce000 	C:\Users\Utilizador\.Xilinx\SDK\2016.4\org.eclipse.osgi\319\0\.cp\swt-gdip-win32-4527.dll
0x00007ff965510000 - 0x00007ff9656aa000 	C:\WINDOWS\WinSxS\amd64_microsoft.windows.gdiplus_6595b64144ccf1df_1.1.14393.953_none_7300116921188239\gdiplus.dll
0x00007ff96c910000 - 0x00007ff96cab8000 	C:\WINDOWS\SYSTEM32\WindowsCodecs.dll
0x0000000180000000 - 0x0000000180012000 	C:\Users\Utilizador\.Xilinx\SDK\2016.4\org.eclipse.osgi\133\0\.cp\os\win32\x86_64\localfile_1_0_0.dll
0x00007ff95e6f0000 - 0x00007ff95e755000 	C:\WINDOWS\SYSTEM32\oleacc.dll
0x00007ff96a9c0000 - 0x00007ff96a9c7000 	C:\WINDOWS\SYSTEM32\msimg32.dll
0x00007ff96bb30000 - 0x00007ff96bb41000 	C:\Users\Utilizador\.Xilinx\SDK\2016.4\org.eclipse.osgi\136\0\.cp\jWinHttp-1.0.0.dll
0x00007ff96dc60000 - 0x00007ff96dd2d000 	C:\WINDOWS\SYSTEM32\WINHTTP.dll
0x00007ff96c7c0000 - 0x00007ff96c7cf000 	C:\Xilinx\SDK\2016.4\lib\win64.o\librdi_repo_manager.dll
0x00007ff9650e0000 - 0x00007ff96510a000 	C:\Xilinx\SDK\2016.4\lib\win64.o\libisl_sysinfo.dll
0x00007ff912a90000 - 0x00007ff91353a000 	C:\Xilinx\SDK\2016.4\lib\win64.o\librdi_common.dll
0x00007ff930030000 - 0x00007ff930083000 	C:\Xilinx\SDK\2016.4\lib\win64.o\librdi_commonxillic.dll
0x00007ff914650000 - 0x00007ff914848000 	C:\Xilinx\SDK\2016.4\lib\win64.o\librdi_hsm.dll
0x00007ff964c00000 - 0x00007ff964ca7000 	C:\WINDOWS\SYSTEM32\MSVCP110.dll
0x00007ff964cb0000 - 0x00007ff964d84000 	C:\WINDOWS\SYSTEM32\MSVCR110.dll
0x00007ff912720000 - 0x00007ff912a8e000 	C:\Xilinx\SDK\2016.4\lib\win64.o\libCOIN-all.dll
0x00007ff913980000 - 0x00007ff913b9f000 	C:\Xilinx\SDK\2016.4\lib\win64.o\libXil_lmgr11.dll
0x00007ff9711d0000 - 0x00007ff971225000 	C:\WINDOWS\System32\WINTRUST.dll
0x00007ff9650d0000 - 0x00007ff9650e0000 	C:\Xilinx\SDK\2016.4\lib\win64.o\libboost_date_time.dll
0x00007ff963e70000 - 0x00007ff963e94000 	C:\Xilinx\SDK\2016.4\lib\win64.o\libboost_filesystem.dll
0x00007ff913900000 - 0x00007ff913977000 	C:\Xilinx\SDK\2016.4\lib\win64.o\libboost_program_options.dll
0x00007ff9136b0000 - 0x00007ff9137b6000 	C:\Xilinx\SDK\2016.4\lib\win64.o\libboost_regex.dll
0x00007ff963e50000 - 0x00007ff963e63000 	C:\Xilinx\SDK\2016.4\lib\win64.o\libboost_signals.dll
0x00007ff9647e0000 - 0x00007ff9647e9000 	C:\Xilinx\SDK\2016.4\lib\win64.o\libboost_system.dll
0x00007ff956370000 - 0x00007ff95638d000 	C:\Xilinx\SDK\2016.4\lib\win64.o\libboost_thread.dll
0x00007ff963d90000 - 0x00007ff963d9b000 	C:\Xilinx\SDK\2016.4\lib\win64.o\libboost_xilinx.dll
0x00007ff913880000 - 0x00007ff913900000 	C:\Xilinx\SDK\2016.4\lib\win64.o\libhdlpsolve.dll
0x00007ff913610000 - 0x00007ff9136aa000 	C:\Xilinx\SDK\2016.4\lib\win64.o\libhdxml.dll
0x00007ff912100000 - 0x00007ff9124c9000 	C:\Xilinx\SDK\2016.4\lib\win64.o\libisl_iostreams.dll
0x00007ff955700000 - 0x00007ff955715000 	C:\Xilinx\SDK\2016.4\lib\win64.o\pthreadVC2.dll
0x00007ff911fd0000 - 0x00007ff912100000 	C:\Xilinx\SDK\2016.4\lib\win64.o\librdi_curl.dll
0x00007ff953790000 - 0x00007ff9537a8000 	C:\Xilinx\SDK\2016.4\lib\win64.o\librdiconfig.dll
0x00007ff950b70000 - 0x00007ff950b8f000 	C:\Xilinx\SDK\2016.4\lib\win64.o\librdizlib.dll
0x0000000059a40000 - 0x0000000059b67000 	C:\Xilinx\SDK\2016.4\lib\win64.o\tcl85t.dll
0x0000000024d40000 - 0x0000000024fa3000 	C:\Xilinx\SDK\2016.4\lib\win64.o\xerces-c_3_1.dll
0x00007ff963320000 - 0x00007ff9634e3000 	C:\WINDOWS\SYSTEM32\urlmon.dll
0x00007ff963280000 - 0x00007ff9632a3000 	C:\WINDOWS\SYSTEM32\VCOMP110.DLL
0x00007ff91a7f0000 - 0x00007ff91a833000 	C:\Xilinx\SDK\2016.4\lib\win64.o\librdi_hdf.dll
0x00007ff911d00000 - 0x00007ff911fc8000 	C:\Xilinx\SDK\2016.4\lib\win64.o\librdi_ippcw.dll
0x00007ff96a770000 - 0x00007ff96a788000 	C:\WINDOWS\SYSTEM32\NETAPI32.dll
0x00007ff963660000 - 0x00007ff96366b000 	C:\Xilinx\SDK\2016.4\lib\win64.o\libboost_chrono.dll
0x00007ff94fde0000 - 0x00007ff94fdf6000 	C:\Xilinx\SDK\2016.4\lib\win64.o\libboost_iostreams.dll
0x00007ff94c430000 - 0x00007ff94c453000 	C:\Xilinx\SDK\2016.4\lib\win64.o\libisl_iosutils.dll
0x00007ff96ab70000 - 0x00007ff96ae15000 	C:\WINDOWS\SYSTEM32\iertutil.dll
0x00007ff962a20000 - 0x00007ff962a62000 	C:\WINDOWS\SYSTEM32\edputil.dll
0x00007ff956010000 - 0x00007ff956026000 	C:\Xilinx\SDK\2016.4\eclipse\win64.o\plugins\org.eclipse.cdt.core.win32.x86_64_5.4.0.201509131935\os\win32\x86_64\spawner.dll
0x00007ff963170000 - 0x00007ff96317a000 	C:\Xilinx\SDK\2016.4\lib\win64.o\librdi_jtag_settings.dll
0x00007ff955fe0000 - 0x00007ff956009000 	C:\Xilinx\SDK\2016.4\lib\win64.o\librdi_debug_dialog.dll
0x00007ff961d90000 - 0x00007ff961d98000 	C:\Xilinx\SDK\2016.4\lib\win64.o\librdi_target_manager.dll
0x00007ff906490000 - 0x00007ff906ca0000 	C:\Xilinx\SDK\2016.4\lib\win64.o\libXil_lmgr11FNP.dll
0x00007ff973bf0000 - 0x00007ff974019000 	C:\WINDOWS\System32\SETUPAPI.dll
0x00007ff961440000 - 0x00007ff96144c000 	C:\WINDOWS\SYSTEM32\snmpapi.dll
0x00007ff970450000 - 0x00007ff97047c000 	C:\WINDOWS\SYSTEM32\SspiCli.dll
0x0000000022980000 - 0x0000000022983000 	C:\WINDOWS\SYSTEM32\icmp.Dll

VM Arguments:
jvm_args: -Dcom.xilinx.sdk.args.hwspec=C:/Users/Utilizador/Desktop/Universidade/4_ano/2_semestre/CR/Projeto/ProjetoFinal/MP_ToDisplays/MP_ToDisplays.sdk/DebUART_wrapper.hdf -Xms64m -Xmx512m & 
java_command: <unknown>
java_class_path (initial): C:\Xilinx\SDK\2016.4\eclipse\win64.o\\plugins/org.eclipse.equinox.launcher_1.3.100.v20150511-1540.jar
Launcher Type: generic

Environment Variables:
JAVA_HOME=C:\Program Files\Java\jdk1.8.0_101
PATH=C:/Xilinx/SDK/2016.4/tps/win64/jre/bin/server;C:/Xilinx/SDK/2016.4/tps/win64/jre/bin;C:/Xilinx/SDK/2016.4/tps/win64/jre/lib/amd64;C:\Xilinx\SDK\2016.4\gnuwin\bin;C:\Xilinx\SDK\2016.4\gnu\microblaze\nt\bin;C:\Xilinx\SDK\2016.4\gnu\microblaze\linux_toolchain\nt64_le\bin;C:\Xilinx\SDK\2016.4\gnu\microblaze\linux_toolchain\nt64_be\bin;C:\Xilinx\SDK\2016.4\gnu\arm\nt\bin;C:\Xilinx\SDK\2016.4\gnu\aarch64\nt\aarch64-none\bin;C:\Xilinx\SDK\2016.4\gnu\aarch64\nt\aarch64-linux\bin;C:\Xilinx\SDK\2016.4\gnu\armr5\nt\gcc-arm-none-eabi\bin;C:\Xilinx\SDK\2016.4\gnu\aarch32\nt\gcc-arm-none-eabi\bin;C:\Xilinx\SDK\2016.4\gnu\aarch32\nt\gcc-arm-linux-gnueabi\bin;C:\Xilinx\SDK\2016.4\tps\win64\cmake-3.3.2\bin;;C:\Xilinx\SDK\2016.4\bin;C:\Xilinx\SDK\2016.4\lib\win64.o;C:\Xilinx\SDK\2016.4\tps\win64\jre\bin\server;C:\Xilinx\SDK\2016.4\tps\win64\jre\bin;C:\Xilinx\Vivado\2016.4\ids_lite\ISE\bin\nt64;C:\Xilinx\Vivado\2016.4\ids_lite\ISE\lib\nt64;C:\Xilinx\Vivado\2016.4\bin;C:\Xilinx\Vivado\2016.4\lib\win64.o;C:\Xilinx\Vivado\2016.4\tps\win64\jre\bin\server;C:\Xilinx\Vivado\2016.4\tps\win64\jre\bin;C:\Xilinx\Vivado_HLS\2016.4\bin;C:\WINDOWS\system32\Npcap;C:\Program Files\MATLAB\MATLAB Production Server\R2015a\runtime\win64;C:\Program Files\MATLAB\MATLAB Production Server\R2015a\bin;C:\Program Files\MATLAB\MATLAB Production Server\R2015a\polyspace\bin;C:\Program Files\PuTTY\;c:\Program Files\Intel\WiFi\bin\;c:\Program Files\Common Files\Intel\WirelessCommon\;C:\Users\Utilizador\AppData\Roaming\npm;C:\Users\Utilizador\AppData\Local\Microsoft\WindowsApps;C:\Python27;C:\Program Files\Java\jdk1.8.0_101\bin;C:\Program Files\NetBeans 8.2\java\maven\bin;C:\Users\Utilizador\Desktop\Universidade\4_ano\2_semestre\CR\Projeto\ProjetoFinal\MP_ToDisplays;
USERNAME=Utilizador
OS=Windows_NT
PROCESSOR_IDENTIFIER=Intel64 Family 6 Model 60 Stepping 3, GenuineIntel



---------------  S Y S T E M  ---------------

OS: Windows 10.0 , 64 bit Build 14393 (10.0.14393.1198)

CPU:total 8 (4 cores per cpu, 2 threads per core) family 6 model 60 stepping 3, cmov, cx8, fxsr, mmx, sse, sse2, sse3, ssse3, sse4.1, sse4.2, popcnt, avx, avx2, aes, clmul, erms, lzcnt, ht, tsc, tscinvbit, bmi1, bmi2

Memory: 4k page, physical 8319000k(2553832k free), swap 11325328k(1730944k free)

vm_info: Java HotSpot(TM) 64-Bit Server VM (25.66-b18) for windows-amd64 JRE (1.8.0_66-b18), built on Nov  9 2015 10:51:13 by "java_re" with MS VC++ 10.0 (VS2010)

time: Thu May 18 18:15:11 2017
elapsed time: 436 seconds (0d 0h 7m 16s)

