#
# A fatal error has been detected by the Java Runtime Environment:
#
#  Internal Error (0xc000000d), pid=12176, tid=16240
#
# JRE version: Java(TM) SE Runtime Environment (8.0_66-b18) (build 1.8.0_66-b18)
# Java VM: Java HotSpot(TM) 64-Bit Server VM (25.66-b18 mixed mode windows-amd64 compressed oops)
# Problematic frame:
# C  [ntdll.dll+0xff44c]
#
# Failed to write core dump. Minidumps are not enabled by default on client versions of Windows
#
# If you would like to submit a bug report, please visit:
#   http://bugreport.java.com/bugreport/crash.jsp
#

---------------  T H R E A D  ---------------

Current thread (0x0000000013d89800):  VMThread [stack: 0x0000000015a50000,0x0000000015b50000] [id=16240]

siginfo: ExceptionCode=0xc000000d

Registers:
RAX=0x0000000000000000, RBX=0xfffffffffffffffe, RCX=0x0000000000000000, RDX=0x0000000000000000
RSP=0x0000000015b4f470, RBP=0x00007ff964cb7408, RSI=0x0000000000000000, RDI=0x00000000000006e8
R8 =0x0000000000000000, R9 =0x0000000000020000, R10=0x0000000015b4ef50, R11=0x0000000015b4ef50
R12=0x00000000006c3120, R13=0x0000000023035860, R14=0x00000000006c3228, R15=0x0000000015b4f5e8
RIP=0x00007ff97447f44c, EFLAGS=0x0000000000000202

Top of Stack: (sp=0x0000000015b4f470)
0x0000000015b4f470:   0000000000000057 fffffffffffffffe
0x0000000015b4f480:   0000000000000000 00000000000006e8
0x0000000015b4f490:   00000000c000000d 0000000000000000
0x0000000015b4f4a0:   00007ff97447f44c 0000000000000000
0x0000000015b4f4b0:   0000000000000000 0000000000000000
0x0000000015b4f4c0:   0000000000000000 0000000000000000
0x0000000015b4f4d0:   0000000000000000 0000000000000000
0x0000000015b4f4e0:   0000000000000000 0000000000000000
0x0000000015b4f4f0:   0000000000000000 0000000000000000
0x0000000015b4f500:   0000000000000000 0000000000000000
0x0000000015b4f510:   0000000000000000 0000000000000000
0x0000000015b4f520:   0000000000000000 0000000000000000
0x0000000015b4f530:   0000edb01e2fbdf7 000000003c000000
0x0000000015b4f540:   0000000900000020 00007ff97444150d
0x0000000015b4f550:   0000000900000000 0000000000000000
0x0000000015b4f560:   004e00520045004b 00007ff9676b2635 

Instructions: (pc=0x00007ff97447f44c)
0x00007ff97447f42c:   d5 fa ff c7 44 24 20 0d 00 00 c0 b9 57 00 00 00
0x00007ff97447f43c:   e8 7f 13 f6 ff 90 48 8d 4c 24 20 e8 04 bf f4 ff
0x00007ff97447f44c:   eb 00 48 8b 8c 24 c0 00 00 00 48 33 cc e8 82 74
0x00007ff97447f45c:   f9 ff 48 81 c4 d8 00 00 00 c3 40 55 48 83 ec 20 


Register to memory mapping:

RAX=0x0000000000000000 is an unknown value
RBX=0xfffffffffffffffe is an unknown value
RCX=0x0000000000000000 is an unknown value
RDX=0x0000000000000000 is an unknown value
RSP=0x0000000015b4f470 is an unknown value
RBP=0x00007ff964cb7408 is an unknown value
RSI=0x0000000000000000 is an unknown value
RDI=0x00000000000006e8 is an unknown value
R8 =0x0000000000000000 is an unknown value
R9 =0x0000000000020000 is an unknown value
R10=0x0000000015b4ef50 is an unknown value
R11=0x0000000015b4ef50 is an unknown value
R12=0x00000000006c3120 is an unknown value
R13=0x0000000023035860 is an unknown value
R14=0x00000000006c3228 is an unknown value
R15=0x0000000015b4f5e8 is an unknown value


Stack: [0x0000000015a50000,0x0000000015b50000],  sp=0x0000000015b4f470,  free space=1021k
Native frames: (J=compiled Java code, j=interpreted, Vv=VM code, C=native code)
C  [ntdll.dll+0xff44c]
C  [ntdll.dll+0xc150d]
C  [KERNEL32.DLL+0x1fafa]
C  [MSVCR110.dll+0x752d]
C  [MSVCR110.dll+0x73c6]
C  [MSVCR110.dll+0x14cca]
C  [MSVCR110.dll+0x13edc]
C  [MSVCR110.dll+0x239e]
C  [MSVCR110.dll+0xaf9e]
C  [MSVCP110.dll+0x397b9]
C  [librdi_common.dll+0x183a66]
C  [librdi_common.dll+0x1826fb]
C  [librdi_target_manager.dll+0x2400]
C  [librdi_target_manager.dll+0x2682]
C  [ntdll.dll+0x2a35f]
C  [ntdll.dll+0x806b]
C  [ntdll.dll+0x7d94]
C  [KERNEL32.DLL+0x1ce6a]
C  [MSVCR100.dll+0x20ccd]
V  [jvm.dll+0x210cc5]
V  [jvm.dll+0x249897]
V  [jvm.dll+0x248b36]
V  [jvm.dll+0x248fd1]
V  [jvm.dll+0x2491ee]
V  [jvm.dll+0x29a0fa]
C  [MSVCR100.dll+0x21d9f]
C  [MSVCR100.dll+0x21e3b]
C  [KERNEL32.DLL+0x8364]
C  [ntdll.dll+0x670d1]

VM_Operation (0x000000000014f4c0): Exit, mode: safepoint, requested by thread 0x00000000025ce800


---------------  P R O C E S S  ---------------

Java Threads: ( => current thread )
  0x000000001b4f4000 JavaThread "Thread-38" daemon [_thread_blocked, id=9948, stack(0x0000000027800000,0x0000000027900000)]
  0x000000001b4f7000 JavaThread "Output Stream Monitor" daemon [_thread_blocked, id=13900, stack(0x0000000027400000,0x0000000027500000)]
  0x0000000017dcc800 JavaThread "Output Stream Monitor" daemon [_thread_blocked, id=14352, stack(0x0000000027300000,0x0000000027400000)]
  0x0000000017dcd000 JavaThread "TCF Channel Transmitter" daemon [_thread_blocked, id=14020, stack(0x0000000024bf0000,0x0000000024cf0000)]
  0x0000000017dcb800 JavaThread "TCF Channel Receiver" daemon [_thread_in_native, id=7848, stack(0x0000000024af0000,0x0000000024bf0000)]
  0x0000000017dc2800 JavaThread "Process monitor" daemon [_thread_in_native, id=6204, stack(0x0000000024450000,0x0000000024550000)]
  0x0000000017dc9800 JavaThread "Input Stream Monitor" daemon [_thread_blocked, id=10792, stack(0x0000000024350000,0x0000000024450000)]
  0x0000000017dc8800 JavaThread "Output Stream Monitor" daemon [_thread_in_native, id=4092, stack(0x0000000024150000,0x0000000024250000)]
  0x0000000017dc8000 JavaThread "Output Stream Monitor" daemon [_thread_in_native, id=13536, stack(0x0000000024050000,0x0000000024150000)]
  0x0000000017dc5800 JavaThread "TCF Locator DNS Lookup" daemon [_thread_blocked, id=10704, stack(0x0000000022180000,0x0000000022280000)]
  0x0000000017dc1000 JavaThread "TCF Locator Timer" daemon [_thread_blocked, id=17828, stack(0x0000000022080000,0x0000000022180000)]
  0x0000000017dc0800 JavaThread "TCF Locator Receiver" daemon [_thread_in_native, id=15340, stack(0x0000000021f80000,0x0000000022080000)]
  0x0000000018346000 JavaThread "TCF Timer Dispatcher" daemon [_thread_blocked, id=3848, stack(0x0000000021d80000,0x0000000021e80000)]
  0x0000000017209000 JavaThread "EMF Reference Cleaner" daemon [_thread_blocked, id=14184, stack(0x00000000191d0000,0x00000000192d0000)]
  0x0000000015f1a800 JavaThread "Service Thread" daemon [_thread_blocked, id=8492, stack(0x0000000016850000,0x0000000016950000)]
  0x0000000015e8b800 JavaThread "C1 CompilerThread3" daemon [_thread_blocked, id=11340, stack(0x0000000016750000,0x0000000016850000)]
  0x0000000015e7a000 JavaThread "C2 CompilerThread2" daemon [_thread_blocked, id=7592, stack(0x0000000016650000,0x0000000016750000)]
  0x0000000015e79000 JavaThread "C2 CompilerThread1" daemon [_thread_blocked, id=11564, stack(0x0000000016550000,0x0000000016650000)]
  0x0000000015e77000 JavaThread "C2 CompilerThread0" daemon [_thread_blocked, id=18000, stack(0x0000000016450000,0x0000000016550000)]
  0x0000000015e85800 JavaThread "Attach Listener" daemon [_thread_blocked, id=8824, stack(0x0000000016350000,0x0000000016450000)]
  0x0000000015e84000 JavaThread "Signal Dispatcher" daemon [_thread_blocked, id=3572, stack(0x0000000016250000,0x0000000016350000)]
  0x0000000002569800 JavaThread "Finalizer" daemon [_thread_blocked, id=16132, stack(0x0000000015c50000,0x0000000015d50000)]
  0x0000000013d8d800 JavaThread "Reference Handler" daemon [_thread_blocked, id=5052, stack(0x0000000015b50000,0x0000000015c50000)]
  0x00000000025ce800 JavaThread "main" [_thread_blocked, id=2708, stack(0x0000000000050000,0x0000000000150000)]

Other Threads:
=>0x0000000013d89800 VMThread [stack: 0x0000000015a50000,0x0000000015b50000] [id=16240]

VM state:at safepoint (shutting down)

VM Mutex/Monitor currently owned by a thread:  ([mutex/lock_event])
[0x00000000025cd560] Threads_lock - owner thread: 0x0000000013d89800

Heap:
 PSYoungGen      total 95232K, used 63350K [0x00000000f5580000, 0x00000000fc280000, 0x0000000100000000)
  eden space 80896K, 78% used [0x00000000f5580000,0x00000000f935d908,0x00000000fa480000)
  from space 14336K, 0% used [0x00000000fb480000,0x00000000fb480000,0x00000000fc280000)
  to   space 15360K, 0% used [0x00000000fa480000,0x00000000fa480000,0x00000000fb380000)
 ParOldGen       total 112640K, used 44284K [0x00000000e0000000, 0x00000000e6e00000, 0x00000000f5580000)
  object space 112640K, 39% used [0x00000000e0000000,0x00000000e2b3f170,0x00000000e6e00000)
 Metaspace       used 82665K, capacity 89226K, committed 89512K, reserved 1126400K
  class space    used 9808K, capacity 11881K, committed 11944K, reserved 1048576K

Card table byte_map: [0x0000000011990000,0x0000000011aa0000] byte_map_base: 0x0000000011290000

Marking Bits: (ParMarkBitMap*) 0x0000000058d8a5b0
 Begin Bits: [0x00000000122a0000, 0x0000000012aa0000)
 End Bits:   [0x0000000012aa0000, 0x00000000132a0000)

Polling page: 0x00000000005b0000

CodeCache: size=245760Kb used=34095Kb max_used=34319Kb free=211664Kb
 bounds [0x00000000025d0000, 0x00000000047a0000, 0x00000000115d0000]
 total_blobs=10274 nmethods=9387 adapters=794
 compilation: enabled

Compilation events (10 events):
Event: 1192.104 Thread 0x0000000015e8b800 nmethod 11646 0x000000000324a990 code [0x000000000324ab00, 0x000000000324ad10]
Event: 1192.104 Thread 0x0000000015e8b800 11647       3       org.eclipse.osgi.internal.framework.EquinoxContainerAdaptor::invalidateWiring (186 bytes)
Event: 1192.106 Thread 0x0000000015e8b800 nmethod 11647 0x000000000387a950 code [0x000000000387ad20, 0x000000000387d698]
Event: 1192.106 Thread 0x0000000015e8b800 11648   !   3       org.eclipse.osgi.container.ModuleDatabase::getRevisionsTimestamp (25 bytes)
Event: 1192.107 Thread 0x0000000015e8b800 nmethod 11648 0x00000000034e1410 code [0x00000000034e1620, 0x00000000034e2358]
Event: 1192.107 Thread 0x0000000015e8b800 11649       3       org.eclipse.osgi.internal.framework.EquinoxContainerAdaptor::clearManifestCache (84 bytes)
Event: 1192.108 Thread 0x0000000015e8b800 nmethod 11649 0x0000000003436910 code [0x0000000003436b60, 0x0000000003438278]
Event: 1192.108 Thread 0x0000000015e8b800 11650   !   3       org.eclipse.osgi.storage.BundleInfo$Generation::clearManifestCache (30 bytes)
Event: 1192.108 Thread 0x0000000015e8b800 nmethod 11650 0x0000000003435e50 code [0x0000000003435fe0, 0x0000000003436628]
Event: 1192.111 Thread 0x0000000015e79000 nmethod 11639 0x0000000004340c10 code [0x0000000004340de0, 0x00000000043415b0]

GC Heap History (10 events):
Event: 1037.398 GC heap before
{Heap before GC invocations=50 (full 20):
 PSYoungGen      total 97280K, used 256K [0x00000000f5580000, 0x00000000fc680000, 0x0000000100000000)
  eden space 80896K, 0% used [0x00000000f5580000,0x00000000f5580000,0x00000000fa480000)
  from space 16384K, 1% used [0x00000000fb680000,0x00000000fb6c0000,0x00000000fc680000)
  to   space 17408K, 0% used [0x00000000fa480000,0x00000000fa480000,0x00000000fb580000)
 ParOldGen       total 112640K, used 44291K [0x00000000e0000000, 0x00000000e6e00000, 0x00000000f5580000)
  object space 112640K, 39% used [0x00000000e0000000,0x00000000e2b40e08,0x00000000e6e00000)
 Metaspace       used 81445K, capacity 88004K, committed 88360K, reserved 1126400K
  class space    used 9684K, capacity 11687K, committed 11816K, reserved 1048576K
Event: 1037.486 GC heap after
Heap after GC invocations=50 (full 20):
 PSYoungGen      total 97280K, used 0K [0x00000000f5580000, 0x00000000fc680000, 0x0000000100000000)
  eden space 80896K, 0% used [0x00000000f5580000,0x00000000f5580000,0x00000000fa480000)
  from space 16384K, 0% used [0x00000000fb680000,0x00000000fb680000,0x00000000fc680000)
  to   space 17408K, 0% used [0x00000000fa480000,0x00000000fa480000,0x00000000fb580000)
 ParOldGen       total 112640K, used 44283K [0x00000000e0000000, 0x00000000e6e00000, 0x00000000f5580000)
  object space 112640K, 39% used [0x00000000e0000000,0x00000000e2b3efd8,0x00000000e6e00000)
 Metaspace       used 81445K, capacity 88004K, committed 88360K, reserved 1126400K
  class space    used 9684K, capacity 11687K, committed 11816K, reserved 1048576K
}
Event: 1097.418 GC heap before
{Heap before GC invocations=51 (full 20):
 PSYoungGen      total 97280K, used 2086K [0x00000000f5580000, 0x00000000fc680000, 0x0000000100000000)
  eden space 80896K, 2% used [0x00000000f5580000,0x00000000f57899a8,0x00000000fa480000)
  from space 16384K, 0% used [0x00000000fb680000,0x00000000fb680000,0x00000000fc680000)
  to   space 17408K, 0% used [0x00000000fa480000,0x00000000fa480000,0x00000000fb580000)
 ParOldGen       total 112640K, used 44283K [0x00000000e0000000, 0x00000000e6e00000, 0x00000000f5580000)
  object space 112640K, 39% used [0x00000000e0000000,0x00000000e2b3efd8,0x00000000e6e00000)
 Metaspace       used 81460K, capacity 88004K, committed 88360K, reserved 1126400K
  class space    used 9684K, capacity 11687K, committed 11816K, reserved 1048576K
Event: 1097.422 GC heap after
Heap after GC invocations=51 (full 20):
 PSYoungGen      total 81408K, used 256K [0x00000000f5580000, 0x00000000fc480000, 0x0000000100000000)
  eden space 80896K, 0% used [0x00000000f5580000,0x00000000f5580000,0x00000000fa480000)
  from space 512K, 50% used [0x00000000fa480000,0x00000000fa4c0000,0x00000000fa500000)
  to   space 16384K, 0% used [0x00000000fb480000,0x00000000fb480000,0x00000000fc480000)
 ParOldGen       total 112640K, used 44291K [0x00000000e0000000, 0x00000000e6e00000, 0x00000000f5580000)
  object space 112640K, 39% used [0x00000000e0000000,0x00000000e2b40fd8,0x00000000e6e00000)
 Metaspace       used 81460K, capacity 88004K, committed 88360K, reserved 1126400K
  class space    used 9684K, capacity 11687K, committed 11816K, reserved 1048576K
}
Event: 1097.422 GC heap before
{Heap before GC invocations=52 (full 21):
 PSYoungGen      total 81408K, used 256K [0x00000000f5580000, 0x00000000fc480000, 0x0000000100000000)
  eden space 80896K, 0% used [0x00000000f5580000,0x00000000f5580000,0x00000000fa480000)
  from space 512K, 50% used [0x00000000fa480000,0x00000000fa4c0000,0x00000000fa500000)
  to   space 16384K, 0% used [0x00000000fb480000,0x00000000fb480000,0x00000000fc480000)
 ParOldGen       total 112640K, used 44291K [0x00000000e0000000, 0x00000000e6e00000, 0x00000000f5580000)
  object space 112640K, 39% used [0x00000000e0000000,0x00000000e2b40fd8,0x00000000e6e00000)
 Metaspace       used 81460K, capacity 88004K, committed 88360K, reserved 1126400K
  class space    used 9684K, capacity 11687K, committed 11816K, reserved 1048576K
Event: 1097.533 GC heap after
Heap after GC invocations=52 (full 21):
 PSYoungGen      total 81408K, used 0K [0x00000000f5580000, 0x00000000fc480000, 0x0000000100000000)
  eden space 80896K, 0% used [0x00000000f5580000,0x00000000f5580000,0x00000000fa480000)
  from space 512K, 0% used [0x00000000fa480000,0x00000000fa480000,0x00000000fa500000)
  to   space 16384K, 0% used [0x00000000fb480000,0x00000000fb480000,0x00000000fc480000)
 ParOldGen       total 112640K, used 44275K [0x00000000e0000000, 0x00000000e6e00000, 0x00000000f5580000)
  object space 112640K, 39% used [0x00000000e0000000,0x00000000e2b3cea8,0x00000000e6e00000)
 Metaspace       used 81460K, capacity 88004K, committed 88360K, reserved 1126400K
  class space    used 9684K, capacity 11687K, committed 11816K, reserved 1048576K
}
Event: 1157.430 GC heap before
{Heap before GC invocations=53 (full 21):
 PSYoungGen      total 81408K, used 2321K [0x00000000f5580000, 0x00000000fc480000, 0x0000000100000000)
  eden space 80896K, 2% used [0x00000000f5580000,0x00000000f57c4490,0x00000000fa480000)
  from space 512K, 0% used [0x00000000fa480000,0x00000000fa480000,0x00000000fa500000)
  to   space 16384K, 0% used [0x00000000fb480000,0x00000000fb480000,0x00000000fc480000)
 ParOldGen       total 112640K, used 44275K [0x00000000e0000000, 0x00000000e6e00000, 0x00000000f5580000)
  object space 112640K, 39% used [0x00000000e0000000,0x00000000e2b3cea8,0x00000000e6e00000)
 Metaspace       used 81461K, capacity 88004K, committed 88360K, reserved 1126400K
  class space    used 9684K, capacity 11687K, committed 11816K, reserved 1048576K
Event: 1157.433 GC heap after
Heap after GC invocations=53 (full 21):
 PSYoungGen      total 95232K, used 256K [0x00000000f5580000, 0x00000000fc280000, 0x0000000100000000)
  eden space 80896K, 0% used [0x00000000f5580000,0x00000000f5580000,0x00000000fa480000)
  from space 14336K, 1% used [0x00000000fb480000,0x00000000fb4c0000,0x00000000fc280000)
  to   space 15360K, 0% used [0x00000000fa480000,0x00000000fa480000,0x00000000fb380000)
 ParOldGen       total 112640K, used 44275K [0x00000000e0000000, 0x00000000e6e00000, 0x00000000f5580000)
  object space 112640K, 39% used [0x00000000e0000000,0x00000000e2b3cea8,0x00000000e6e00000)
 Metaspace       used 81461K, capacity 88004K, committed 88360K, reserved 1126400K
  class space    used 9684K, capacity 11687K, committed 11816K, reserved 1048576K
}
Event: 1157.434 GC heap before
{Heap before GC invocations=54 (full 22):
 PSYoungGen      total 95232K, used 256K [0x00000000f5580000, 0x00000000fc280000, 0x0000000100000000)
  eden space 80896K, 0% used [0x00000000f5580000,0x00000000f5580000,0x00000000fa480000)
  from space 14336K, 1% used [0x00000000fb480000,0x00000000fb4c0000,0x00000000fc280000)
  to   space 15360K, 0% used [0x00000000fa480000,0x00000000fa480000,0x00000000fb380000)
 ParOldGen       total 112640K, used 44275K [0x00000000e0000000, 0x00000000e6e00000, 0x00000000f5580000)
  object space 112640K, 39% used [0x00000000e0000000,0x00000000e2b3cea8,0x00000000e6e00000)
 Metaspace       used 81461K, capacity 88004K, committed 88360K, reserved 1126400K
  class space    used 9684K, capacity 11687K, committed 11816K, reserved 1048576K
Event: 1157.555 GC heap after
Heap after GC invocations=54 (full 22):
 PSYoungGen      total 95232K, used 0K [0x00000000f5580000, 0x00000000fc280000, 0x0000000100000000)
  eden space 80896K, 0% used [0x00000000f5580000,0x00000000f5580000,0x00000000fa480000)
  from space 14336K, 0% used [0x00000000fb480000,0x00000000fb480000,0x00000000fc280000)
  to   space 15360K, 0% used [0x00000000fa480000,0x00000000fa480000,0x00000000fb380000)
 ParOldGen       total 112640K, used 44284K [0x00000000e0000000, 0x00000000e6e00000, 0x00000000f5580000)
  object space 112640K, 39% used [0x00000000e0000000,0x00000000e2b3f170,0x00000000e6e00000)
 Metaspace       used 81461K, capacity 88004K, committed 88360K, reserved 1126400K
  class space    used 9684K, capacity 11687K, committed 11816K, reserved 1048576K
}

Deoptimization events (10 events):
Event: 1190.851 Thread 0x000000001b4fd000 Uncommon trap: reason=class_check action=maybe_recompile pc=0x000000000470d0c8 method=org.eclipse.e4.core.internal.contexts.TrackableComputationExt.update(Lorg/eclipse/e4/core/internal/contexts/ContextChangeEvent;)Z @ 62
Event: 1190.851 Thread 0x000000001b4fd000 Uncommon trap: reason=class_check action=maybe_recompile pc=0x00000000046fbbd4 method=org.eclipse.e4.core.internal.contexts.ContextObjectSupplier$ContextInjectionListener.update(Lorg/eclipse/e4/core/contexts/IEclipseContext;I[Ljava/lang/Object;)Z @ 173
Event: 1190.922 Thread 0x000000001b4fd000 Uncommon trap: reason=unstable_if action=reinterpret pc=0x00000000042b9064 method=org.eclipse.swt.graphics.Resource.dispose()V @ 15
Event: 1190.927 Thread 0x000000001b4f9000 Uncommon trap: reason=unstable_if action=reinterpret pc=0x0000000002750ee4 method=sun.nio.cs.SingleByte$Encoder.encode(C)I @ 13
Event: 1191.777 Thread 0x000000001b4fd000 Uncommon trap: reason=unstable_if action=reinterpret pc=0x00000000033603b0 method=org.eclipse.osgi.internal.hooks.EclipseLazyStarter.shouldActivateFor(Ljava/lang/String;Lorg/eclipse/osgi/container/Module;Lorg/eclipse/osgi/container/ModuleRevision;Lorg/ecli™æYÐŸ’@
Event: 1191.781 Thread 0x00000000177e1800 Uncommon trap: reason=predicate action=maybe_recompile pc=0x000000000292de1c method=java.util.Arrays.fill([Ljava/lang/Object;Ljava/lang/Object;)V @ 10
Event: 1191.853 Thread 0x00000000177e1800 Uncommon trap: reason=array_check action=maybe_recompile pc=0x00000000034332f8 method=java.util.Arrays.fill([Ljava/lang/Object;Ljava/lang/Object;)V @ 13
Event: 1191.853 Thread 0x00000000177e1800 Uncommon trap: reason=array_check action=maybe_recompile pc=0x00000000034332f8 method=java.util.Arrays.fill([Ljava/lang/Object;Ljava/lang/Object;)V @ 13
Event: 1191.853 Thread 0x00000000177e1800 Uncommon trap: reason=array_check action=maybe_recompile pc=0x00000000034332f8 method=java.util.Arrays.fill([Ljava/lang/Object;Ljava/lang/Object;)V @ 13
Event: 1191.853 Thread 0x00000000177e1800 Uncommon trap: reason=array_check action=maybe_recompile pc=0x00000000034332f8 method=java.util.Arrays.fill([Ljava/lang/Object;Ljava/lang/Object;)V @ 13

Internal exceptions (10 events):
Event: 1190.808 Thread 0x00000000025ce800 Exception <a 'java/io/FileNotFoundException'> (0x00000000f888bb48) thrown at [C:\re\workspace\8-2-build-windows-amd64-cygwin\jdk8u66\5298\hotspot\src\share\vm\prims\jni.cpp, line 709]
Event: 1190.808 Thread 0x00000000025ce800 Exception <a 'java/io/FileNotFoundException'> (0x00000000f888de30) thrown at [C:\re\workspace\8-2-build-windows-amd64-cygwin\jdk8u66\5298\hotspot\src\share\vm\prims\jni.cpp, line 709]
Event: 1190.808 Thread 0x00000000025ce800 Exception <a 'java/io/FileNotFoundException'> (0x00000000f8890118) thrown at [C:\re\workspace\8-2-build-windows-amd64-cygwin\jdk8u66\5298\hotspot\src\share\vm\prims\jni.cpp, line 709]
Event: 1190.809 Thread 0x00000000025ce800 Exception <a 'java/io/FileNotFoundException'> (0x00000000f8892540) thrown at [C:\re\workspace\8-2-build-windows-amd64-cygwin\jdk8u66\5298\hotspot\src\share\vm\prims\jni.cpp, line 709]
Event: 1190.827 Thread 0x00000000025ce800 Implicit null exception at 0x0000000002c1237d to 0x0000000002c14ed1
Event: 1190.911 Thread 0x000000001b4fa000 Exception <a 'java/lang/InterruptedException'> (0x00000000f8dabdf0) thrown at [C:\re\workspace\8-2-build-windows-amd64-cygwin\jdk8u66\5298\hotspot\src\share\vm\runtime\objectMonitor.cpp, line 1683]
Event: 1192.061 Thread 0x0000000018347000 Exception <a 'java/lang/InterruptedException'> (0x00000000f892ace8) thrown at [C:\re\workspace\8-2-build-windows-amd64-cygwin\jdk8u66\5298\hotspot\src\share\vm\runtime\objectMonitor.cpp, line 1683]
Event: 1192.087 Thread 0x00000000177e1800 Exception <a 'java/lang/InterruptedException'> (0x00000000f90ec620) thrown at [C:\re\workspace\8-2-build-windows-amd64-cygwin\jdk8u66\5298\hotspot\src\share\vm\runtime\objectMonitor.cpp, line 1683]
Event: 1192.098 Thread 0x0000000018348800 Exception <a 'java/lang/InterruptedException'> (0x00000000f8dff4f0) thrown at [C:\re\workspace\8-2-build-windows-amd64-cygwin\jdk8u66\5298\hotspot\src\share\vm\runtime\objectMonitor.cpp, line 1683]
Event: 1192.099 Thread 0x00000000174dd000 Exception <a 'java/lang/InterruptedException'> (0x00000000f92eb8f0) thrown at [C:\re\workspace\8-2-build-windows-amd64-cygwin\jdk8u66\5298\hotspot\src\share\vm\runtime\objectMonitor.cpp, line 1683]

Events (10 events):
Event: 1192.100 Executing VM operation: RevokeBias
Event: 1192.100 Executing VM operation: RevokeBias done
Event: 1192.102 Thread 0x000000001b4fd000 Thread exited: 0x000000001b4fd000
Event: 1192.103 loading class java/util/IdentityHashMap$KeyIterator
Event: 1192.111 loading class java/util/IdentityHashMap$IdentityHashMapIterator
Event: 1192.115 loading class java/util/IdentityHashMap$IdentityHashMapIterator done
Event: 1192.115 loading class java/util/IdentityHashMap$KeyIterator done
Event: 1192.115 Thread 0x000000001b4f9000 Thread added: 0x000000001b4f9000
Event: 1192.115 Thread 0x000000001b4f9000 Thread exited: 0x000000001b4f9000
Event: 1192.116 Executing VM operation: Exit


Dynamic libraries:
0x0000000000400000 - 0x000000000044f000 	C:\Xilinx\SDK\2016.4\eclipse\win64.o\eclipse.exe
0x00007ff974380000 - 0x00007ff974551000 	C:\WINDOWS\SYSTEM32\ntdll.dll
0x00007ff973360000 - 0x00007ff97340c000 	C:\WINDOWS\System32\KERNEL32.DLL
0x00007ff9676b0000 - 0x00007ff967704000 	C:\Program Files (x86)\AVG\Av\avghooka.dll
0x00007ff970ef0000 - 0x00007ff97110d000 	C:\WINDOWS\System32\KERNELBASE.dll
0x00007ff96ed80000 - 0x00007ff96edfa000 	C:\WINDOWS\system32\apphelp.dll
0x00007ff973700000 - 0x00007ff973865000 	C:\WINDOWS\System32\USER32.dll
0x00007ff970c70000 - 0x00007ff970c8e000 	C:\WINDOWS\System32\win32u.dll
0x00007ff9738e0000 - 0x00007ff973914000 	C:\WINDOWS\System32\GDI32.dll
0x00007ff970870000 - 0x00007ff9709f2000 	C:\WINDOWS\System32\gdi32full.dll
0x00007ff9742d0000 - 0x00007ff97436e000 	C:\WINDOWS\System32\msvcrt.dll
0x00007ff963b10000 - 0x00007ff963d8a000 	C:\WINDOWS\WinSxS\amd64_microsoft.windows.common-controls_6595b64144ccf1df_6.0.14393.953_none_42151e83c686086b\COMCTL32.dll
0x00007ff973920000 - 0x00007ff973be8000 	C:\WINDOWS\System32\combase.dll
0x00007ff970d40000 - 0x00007ff970e35000 	C:\WINDOWS\System32\ucrtbase.dll
0x00007ff973130000 - 0x00007ff973251000 	C:\WINDOWS\System32\RPCRT4.dll
0x00007ff971160000 - 0x00007ff9711ca000 	C:\WINDOWS\System32\bcryptPrimitives.dll
0x00007ff973260000 - 0x00007ff97328e000 	C:\WINDOWS\System32\IMM32.DLL
0x0000000072000000 - 0x0000000072012000 	C:\Xilinx\SDK\2016.4\eclipse\win64.o\plugins\org.eclipse.equinox.launcher.win32.win32.x86_64_1.1.300.v20150602-1417\eclipse_1611.dll
0x00007ff973410000 - 0x00007ff9734b2000 	C:\WINDOWS\System32\ADVAPI32.dll
0x00007ff971910000 - 0x00007ff971969000 	C:\WINDOWS\System32\sechost.dll
0x00007ff962ad0000 - 0x00007ff962ada000 	C:\WINDOWS\SYSTEM32\VERSION.dll
0x00007ff96efc0000 - 0x00007ff96f055000 	C:\WINDOWS\system32\uxtheme.dll
0x00007ff974020000 - 0x00007ff97417a000 	C:\WINDOWS\System32\MSCTF.dll
0x00007ff973290000 - 0x00007ff97334f000 	C:\WINDOWS\System32\OLEAUT32.dll
0x00007ff970bd0000 - 0x00007ff970c6c000 	C:\WINDOWS\System32\msvcp_win.dll
0x0000000058580000 - 0x0000000058e09000 	C:\Xilinx\SDK\2016.4\tps\win64\jre\bin\server\jvm.dll
0x00007ff973350000 - 0x00007ff973358000 	C:\WINDOWS\System32\PSAPI.DLL
0x00007ff9698d0000 - 0x00007ff9698d9000 	C:\WINDOWS\SYSTEM32\WSOCK32.dll
0x00007ff973870000 - 0x00007ff9738da000 	C:\WINDOWS\System32\WS2_32.dll
0x00007ff96eac0000 - 0x00007ff96eae3000 	C:\WINDOWS\SYSTEM32\WINMM.dll
0x000000005afc0000 - 0x000000005b092000 	C:\WINDOWS\SYSTEM32\MSVCR100.dll
0x00007ff96e920000 - 0x00007ff96e94b000 	C:\WINDOWS\SYSTEM32\WINMMBASE.dll
0x00007ff971110000 - 0x00007ff971152000 	C:\WINDOWS\System32\cfgmgr32.dll
0x0000000059a20000 - 0x0000000059a2f000 	C:\Xilinx\SDK\2016.4\tps\win64\jre\bin\verify.dll
0x00000000599f0000 - 0x0000000059a19000 	C:\Xilinx\SDK\2016.4\tps\win64\jre\bin\java.dll
0x00000000599d0000 - 0x00000000599e6000 	C:\Xilinx\SDK\2016.4\tps\win64\jre\bin\zip.dll
0x00007ff971c20000 - 0x00007ff973128000 	C:\WINDOWS\System32\SHELL32.dll
0x00007ff971230000 - 0x00007ff97190a000 	C:\WINDOWS\System32\windows.storage.dll
0x00007ff970820000 - 0x00007ff97086c000 	C:\WINDOWS\System32\powrprof.dll
0x00007ff9741f0000 - 0x00007ff974242000 	C:\WINDOWS\System32\shlwapi.dll
0x00007ff970810000 - 0x00007ff97081f000 	C:\WINDOWS\System32\kernel.appcore.dll
0x00007ff970c90000 - 0x00007ff970d39000 	C:\WINDOWS\System32\shcore.dll
0x00007ff9707f0000 - 0x00007ff970804000 	C:\WINDOWS\System32\profapi.dll
0x00007ff970260000 - 0x00007ff970277000 	C:\WINDOWS\SYSTEM32\CRYPTSP.dll
0x00007ff96fcb0000 - 0x00007ff96fce3000 	C:\WINDOWS\system32\rsaenh.dll
0x00007ff970720000 - 0x00007ff97074b000 	C:\WINDOWS\SYSTEM32\bcrypt.dll
0x00007ff96ff30000 - 0x00007ff96ff4f000 	C:\WINDOWS\SYSTEM32\USERENV.dll
0x00007ff970250000 - 0x00007ff97025b000 	C:\WINDOWS\SYSTEM32\CRYPTBASE.dll
0x00000000599b0000 - 0x00000000599ca000 	C:\Xilinx\SDK\2016.4\tps\win64\jre\bin\net.dll
0x00007ff9700b0000 - 0x00007ff97010c000 	C:\WINDOWS\system32\mswsock.dll
0x00007ff96fe30000 - 0x00007ff96fe68000 	C:\WINDOWS\SYSTEM32\IPHLPAPI.DLL
0x00007ff974370000 - 0x00007ff974378000 	C:\WINDOWS\System32\NSI.dll
0x00007ff96cc10000 - 0x00007ff96cc26000 	C:\WINDOWS\SYSTEM32\dhcpcsvc6.DLL
0x00007ff96cb40000 - 0x00007ff96cb5a000 	C:\WINDOWS\SYSTEM32\dhcpcsvc.DLL
0x0000000059990000 - 0x00000000599a1000 	C:\Xilinx\SDK\2016.4\tps\win64\jre\bin\nio.dll
0x00007ff95e4a0000 - 0x00007ff95e4b6000 	C:\WINDOWS\system32\napinsp.dll
0x00007ff95e470000 - 0x00007ff95e48a000 	C:\WINDOWS\system32\pnrpnsp.dll
0x00007ff96be20000 - 0x00007ff96be38000 	C:\WINDOWS\system32\NLAapi.dll
0x00007ff96fe70000 - 0x00007ff96ff11000 	C:\WINDOWS\SYSTEM32\DNSAPI.dll
0x00007ff962ee0000 - 0x00007ff962eee000 	C:\WINDOWS\System32\winrnr.dll
0x000000005b0d0000 - 0x000000005b0f6000 	C:\Program Files\Bonjour\mdnsNSP.dll
0x00007ff96b090000 - 0x00007ff96b09a000 	C:\Windows\System32\rasadhlp.dll
0x00007ff96b450000 - 0x00007ff96b4ba000 	C:\WINDOWS\System32\fwpuclnt.dll
0x0000000018ed0000 - 0x0000000018f78000 	C:\Users\Utilizador\.Xilinx\SDK\2016.4\org.eclipse.osgi\319\0\.cp\swt-win32-4527.dll
0x00007ff971a70000 - 0x00007ff971ba8000 	C:\WINDOWS\System32\ole32.dll
0x00007ff971970000 - 0x00007ff971a6a000 	C:\WINDOWS\System32\comdlg32.dll
0x00007ff970a00000 - 0x00007ff970bc9000 	C:\WINDOWS\System32\CRYPT32.dll
0x00007ff9707e0000 - 0x00007ff9707f0000 	C:\WINDOWS\System32\MSASN1.dll
0x00007ff96bc30000 - 0x00007ff96bcb6000 	C:\WINDOWS\SYSTEM32\WINSPOOL.DRV
0x00007ff9690c0000 - 0x00007ff9690d9000 	C:\WINDOWS\SYSTEM32\USP10.dll
0x00007ff96ce90000 - 0x00007ff96d15a000 	C:\WINDOWS\SYSTEM32\WININET.dll
0x00007ff96dd30000 - 0x00007ff96dd56000 	C:\WINDOWS\system32\dwmapi.dll
0x00007ff96daa0000 - 0x00007ff96dc25000 	C:\WINDOWS\SYSTEM32\propsys.dll
0x00007ff973660000 - 0x00007ff9736ff000 	C:\WINDOWS\System32\clbcatq.dll
0x00000000184a0000 - 0x00000000184be000 	C:\Users\Utilizador\.Xilinx\SDK\2016.4\org.eclipse.osgi\319\0\.cp\swt-gdip-win32-4527.dll
0x00007ff965510000 - 0x00007ff9656aa000 	C:\WINDOWS\WinSxS\amd64_microsoft.windows.gdiplus_6595b64144ccf1df_1.1.14393.953_none_7300116921188239\gdiplus.dll
0x00007ff96c910000 - 0x00007ff96cab8000 	C:\WINDOWS\SYSTEM32\WindowsCodecs.dll
0x0000000180000000 - 0x0000000180012000 	C:\Users\Utilizador\.Xilinx\SDK\2016.4\org.eclipse.osgi\133\0\.cp\os\win32\x86_64\localfile_1_0_0.dll
0x00007ff95e6f0000 - 0x00007ff95e755000 	C:\WINDOWS\SYSTEM32\oleacc.dll
0x00007ff96a9c0000 - 0x00007ff96a9c7000 	C:\WINDOWS\SYSTEM32\msimg32.dll
0x00007ff9690a0000 - 0x00007ff9690b1000 	C:\Users\Utilizador\.Xilinx\SDK\2016.4\org.eclipse.osgi\136\0\.cp\jWinHttp-1.0.0.dll
0x00007ff96dc60000 - 0x00007ff96dd2d000 	C:\WINDOWS\SYSTEM32\WINHTTP.dll
0x00007ff96c220000 - 0x00007ff96c22f000 	C:\Xilinx\SDK\2016.4\lib\win64.o\librdi_repo_manager.dll
0x00007ff957dc0000 - 0x00007ff957dea000 	C:\Xilinx\SDK\2016.4\lib\win64.o\libisl_sysinfo.dll
0x00007ff90bee0000 - 0x00007ff90c98a000 	C:\Xilinx\SDK\2016.4\lib\win64.o\librdi_common.dll
0x00007ff9537f0000 - 0x00007ff953843000 	C:\Xilinx\SDK\2016.4\lib\win64.o\librdi_commonxillic.dll
0x00007ff941e70000 - 0x00007ff942068000 	C:\Xilinx\SDK\2016.4\lib\win64.o\librdi_hsm.dll
0x00007ff964c00000 - 0x00007ff964ca7000 	C:\WINDOWS\SYSTEM32\MSVCP110.dll
0x00007ff964cb0000 - 0x00007ff964d84000 	C:\WINDOWS\SYSTEM32\MSVCR110.dll
0x00007ff90bb70000 - 0x00007ff90bede000 	C:\Xilinx\SDK\2016.4\lib\win64.o\libCOIN-all.dll
0x00007ff90b950000 - 0x00007ff90bb6f000 	C:\Xilinx\SDK\2016.4\lib\win64.o\libXil_lmgr11.dll
0x00007ff9711d0000 - 0x00007ff971225000 	C:\WINDOWS\System32\WINTRUST.dll
0x00007ff96a2b0000 - 0x00007ff96a2c0000 	C:\Xilinx\SDK\2016.4\lib\win64.o\libboost_date_time.dll
0x00007ff9552e0000 - 0x00007ff955304000 	C:\Xilinx\SDK\2016.4\lib\win64.o\libboost_filesystem.dll
0x00007ff94ed90000 - 0x00007ff94ee07000 	C:\Xilinx\SDK\2016.4\lib\win64.o\libboost_program_options.dll
0x00007ff946100000 - 0x00007ff946206000 	C:\Xilinx\SDK\2016.4\lib\win64.o\libboost_regex.dll
0x00007ff954c70000 - 0x00007ff954c83000 	C:\Xilinx\SDK\2016.4\lib\win64.o\libboost_signals.dll
0x00007ff967070000 - 0x00007ff967079000 	C:\Xilinx\SDK\2016.4\lib\win64.o\libboost_system.dll
0x00007ff954bf0000 - 0x00007ff954c0d000 	C:\Xilinx\SDK\2016.4\lib\win64.o\libboost_thread.dll
0x00007ff966f80000 - 0x00007ff966f8b000 	C:\Xilinx\SDK\2016.4\lib\win64.o\libboost_xilinx.dll
0x00007ff94c4c0000 - 0x00007ff94c540000 	C:\Xilinx\SDK\2016.4\lib\win64.o\libhdlpsolve.dll
0x00007ff94b3c0000 - 0x00007ff94b45a000 	C:\Xilinx\SDK\2016.4\lib\win64.o\libhdxml.dll
0x00007ff90ada0000 - 0x00007ff90b169000 	C:\Xilinx\SDK\2016.4\lib\win64.o\libisl_iostreams.dll
0x00007ff9522e0000 - 0x00007ff9522f5000 	C:\Xilinx\SDK\2016.4\lib\win64.o\pthreadVC2.dll
0x00007ff9423c0000 - 0x00007ff9424f0000 	C:\Xilinx\SDK\2016.4\lib\win64.o\librdi_curl.dll
0x00007ff94ed70000 - 0x00007ff94ed88000 	C:\Xilinx\SDK\2016.4\lib\win64.o\librdiconfig.dll
0x00007ff94ed50000 - 0x00007ff94ed6f000 	C:\Xilinx\SDK\2016.4\lib\win64.o\librdizlib.dll
0x0000000058450000 - 0x0000000058577000 	C:\Xilinx\SDK\2016.4\lib\win64.o\tcl85t.dll
0x0000000023a90000 - 0x0000000023cf3000 	C:\Xilinx\SDK\2016.4\lib\win64.o\xerces-c_3_1.dll
0x00007ff963320000 - 0x00007ff9634e3000 	C:\WINDOWS\SYSTEM32\urlmon.dll
0x00007ff955140000 - 0x00007ff955163000 	C:\WINDOWS\SYSTEM32\VCOMP110.DLL
0x00007ff94c470000 - 0x00007ff94c4b3000 	C:\Xilinx\SDK\2016.4\lib\win64.o\librdi_hdf.dll
0x00007ff90aad0000 - 0x00007ff90ad98000 	C:\Xilinx\SDK\2016.4\lib\win64.o\librdi_ippcw.dll
0x00007ff96a770000 - 0x00007ff96a788000 	C:\WINDOWS\SYSTEM32\NETAPI32.dll
0x00007ff966de0000 - 0x00007ff966deb000 	C:\Xilinx\SDK\2016.4\lib\win64.o\libboost_chrono.dll
0x00007ff94e940000 - 0x00007ff94e956000 	C:\Xilinx\SDK\2016.4\lib\win64.o\libboost_iostreams.dll
0x00007ff94c3a0000 - 0x00007ff94c3c3000 	C:\Xilinx\SDK\2016.4\lib\win64.o\libisl_iosutils.dll
0x00007ff96ab70000 - 0x00007ff96ae15000 	C:\WINDOWS\SYSTEM32\iertutil.dll
0x00007ff962a20000 - 0x00007ff962a62000 	C:\WINDOWS\SYSTEM32\edputil.dll
0x00007ff94c450000 - 0x00007ff94c466000 	C:\Xilinx\SDK\2016.4\eclipse\win64.o\plugins\org.eclipse.cdt.core.win32.x86_64_5.4.0.201509131935\os\win32\x86_64\spawner.dll
0x00007ff965300000 - 0x00007ff96530a000 	C:\Xilinx\SDK\2016.4\lib\win64.o\librdi_jtag_settings.dll
0x00007ff94a390000 - 0x00007ff94a3b9000 	C:\Xilinx\SDK\2016.4\lib\win64.o\librdi_debug_dialog.dll
0x00007ff964e70000 - 0x00007ff964e78000 	C:\Xilinx\SDK\2016.4\lib\win64.o\librdi_target_manager.dll
0x00007ff8ffbc0000 - 0x00007ff9003d0000 	C:\Xilinx\SDK\2016.4\lib\win64.o\libXil_lmgr11FNP.dll
0x00007ff973bf0000 - 0x00007ff974019000 	C:\WINDOWS\System32\SETUPAPI.dll
0x00007ff961440000 - 0x00007ff96144c000 	C:\WINDOWS\SYSTEM32\snmpapi.dll
0x00007ff970450000 - 0x00007ff97047c000 	C:\WINDOWS\SYSTEM32\SspiCli.dll
0x000000001c930000 - 0x000000001c933000 	C:\WINDOWS\SYSTEM32\icmp.Dll

VM Arguments:
jvm_args: -Dcom.xilinx.sdk.args.hwspec=C:/Users/Utilizador/Desktop/Universidade/4_ano/2_semestre/CR/Projeto/ProjetoFinal/MP_ToDisplays/MP_ToDisplays.sdk/DebUART_wrapper.hdf -Xms64m -Xmx512m & 
java_command: <unknown>
java_class_path (initial): C:\Xilinx\SDK\2016.4\eclipse\win64.o\\plugins/org.eclipse.equinox.launcher_1.3.100.v20150511-1540.jar
Launcher Type: generic

Environment Variables:
JAVA_HOME=C:\Program Files\Java\jdk1.8.0_101
PATH=C:/Xilinx/SDK/2016.4/tps/win64/jre/bin/server;C:/Xilinx/SDK/2016.4/tps/win64/jre/bin;C:/Xilinx/SDK/2016.4/tps/win64/jre/lib/amd64;C:\Xilinx\SDK\2016.4\gnuwin\bin;C:\Xilinx\SDK\2016.4\gnu\microblaze\nt\bin;C:\Xilinx\SDK\2016.4\gnu\microblaze\linux_toolchain\nt64_le\bin;C:\Xilinx\SDK\2016.4\gnu\microblaze\linux_toolchain\nt64_be\bin;C:\Xilinx\SDK\2016.4\gnu\arm\nt\bin;C:\Xilinx\SDK\2016.4\gnu\aarch64\nt\aarch64-none\bin;C:\Xilinx\SDK\2016.4\gnu\aarch64\nt\aarch64-linux\bin;C:\Xilinx\SDK\2016.4\gnu\armr5\nt\gcc-arm-none-eabi\bin;C:\Xilinx\SDK\2016.4\gnu\aarch32\nt\gcc-arm-none-eabi\bin;C:\Xilinx\SDK\2016.4\gnu\aarch32\nt\gcc-arm-linux-gnueabi\bin;C:\Xilinx\SDK\2016.4\tps\win64\cmake-3.3.2\bin;;C:\Xilinx\SDK\2016.4\bin;C:\Xilinx\SDK\2016.4\lib\win64.o;C:\Xilinx\SDK\2016.4\tps\win64\jre\bin\server;C:\Xilinx\SDK\2016.4\tps\win64\jre\bin;C:\Xilinx\Vivado\2016.4\ids_lite\ISE\bin\nt64;C:\Xilinx\Vivado\2016.4\ids_lite\ISE\lib\nt64;C:\Xilinx\Vivado\2016.4\bin;C:\Xilinx\Vivado\2016.4\lib\win64.o;C:\Xilinx\Vivado\2016.4\tps\win64\jre\bin\server;C:\Xilinx\Vivado\2016.4\tps\win64\jre\bin;C:\Xilinx\Vivado_HLS\2016.4\bin;C:\WINDOWS\system32\Npcap;C:\Program Files\MATLAB\MATLAB Production Server\R2015a\runtime\win64;C:\Program Files\MATLAB\MATLAB Production Server\R2015a\bin;C:\Program Files\MATLAB\MATLAB Production Server\R2015a\polyspace\bin;C:\Program Files\PuTTY\;c:\Program Files\Intel\WiFi\bin\;c:\Program Files\Common Files\Intel\WirelessCommon\;C:\Users\Utilizador\AppData\Roaming\npm;C:\Users\Utilizador\AppData\Local\Microsoft\WindowsApps;C:\Python27;C:\Program Files\Java\jdk1.8.0_101\bin;C:\Program Files\NetBeans 8.2\java\maven\bin;c:\Users\Utilizador\Desktop\Universidade\4_ano\2_semestre\CR\Projeto\ProjetoFinal\MP_ToDisplays;
USERNAME=Utilizador
OS=Windows_NT
PROCESSOR_IDENTIFIER=Intel64 Family 6 Model 60 Stepping 3, GenuineIntel



---------------  S Y S T E M  ---------------

OS: Windows 10.0 , 64 bit Build 14393 (10.0.14393.1198)

CPU:total 8 (4 cores per cpu, 2 threads per core) family 6 model 60 stepping 3, cmov, cx8, fxsr, mmx, sse, sse2, sse3, ssse3, sse4.1, sse4.2, popcnt, avx, avx2, aes, clmul, erms, lzcnt, ht, tsc, tscinvbit, bmi1, bmi2

Memory: 4k page, physical 8319000k(2304888k free), swap 12981512k(4086636k free)

vm_info: Java HotSpot(TM) 64-Bit Server VM (25.66-b18) for windows-amd64 JRE (1.8.0_66-b18), built on Nov  9 2015 10:51:13 by "java_re" with MS VC++ 10.0 (VS2010)

time: Tue May 23 16:11:25 2017
elapsed time: 1213 seconds (0d 0h 20m 13s)

