#
# A fatal error has been detected by the Java Runtime Environment:
#
#  EXCEPTION_UNCAUGHT_CXX_EXCEPTION (0xe06d7363) at pc=0x00007ff970f23c58, pid=4044, tid=10468
#
# JRE version: Java(TM) SE Runtime Environment (8.0_66-b18) (build 1.8.0_66-b18)
# Java VM: Java HotSpot(TM) 64-Bit Server VM (25.66-b18 mixed mode windows-amd64 compressed oops)
# Problematic frame:
# C  [KERNELBASE.dll+0x33c58]
#
# Failed to write core dump. Minidumps are not enabled by default on client versions of Windows
#
# If you would like to submit a bug report, please visit:
#   http://bugreport.java.com/bugreport/crash.jsp
#

---------------  T H R E A D  ---------------

Current thread (0x0000000013d79000):  VMThread [stack: 0x0000000015a50000,0x0000000015b50000] [id=10468]

siginfo: ExceptionCode=0xe06d7363, ExceptionInformation=0x0000000019930520 0x0000000015b4f448 0x00007ff964d62cb8 0x00007ff964cb0000 

Registers:
RAX=0x004c0044002e006c, RBX=0x00007ff964d62cb8, RCX=0x000000000000004c, RDX=0x0000000000000000
RSP=0x0000000015b4f290, RBP=0x0000000015b4f3d0, RSI=0x00000000ffffffff, RDI=0x000000002636c9e0
R8 =0x0000000000000000, R9 =0x0000000000000000, R10=0x0000000000000000, R11=0x0000000000000000
R12=0x0000000000000001, R13=0x0000000000000008, R14=0x0000000000000000, R15=0xffffffffffffffff
RIP=0x00007ff970f23c58, EFLAGS=0x0000000000000206

Top of Stack: (sp=0x0000000015b4f290)
0x0000000015b4f290:   0000000000000000 00007ff964d62cb8
0x0000000015b4f2a0:   00000000ffffffff 000000002636c9e0
0x0000000015b4f2b0:   00000001e06d7363 0000000000000000
0x0000000015b4f2c0:   00007ff970f23c58 00007ff900000004
0x0000000015b4f2d0:   0000000019930520 0000000015b4f448
0x0000000015b4f2e0:   00007ff964d62cb8 00007ff964cb0000
0x0000000015b4f2f0:   0000000000000008 0000000000000001
0x0000000015b4f300:   000000002636c9e0 00000000ffffffff
0x0000000015b4f310:   0000000015b4f3d0 00007ff9743cc26f
0x0000000015b4f320:   0000000015b4f3e0 0000000000000000
0x0000000015b4f330:   0000694677fec717 0000000000000001
0x0000000015b4f340:   00007ff964d79000 00007ff964cb0000
0x0000000015b4f350:   000086b218709dab 0000000015b4f580
0x0000000015b4f360:   00007ff964d62cb8 00007ff964d0e92c
0x0000000015b4f370:   000000000000001f 0000000000000008
0x0000000015b4f380:   0000000000000001 000000002636c9e0 

Instructions: (pc=0x00007ff970f23c58)
0x00007ff970f23c38:   49 8b d1 44 0f 47 c0 44 89 44 24 38 49 c1 e0 03
0x00007ff970f23c48:   e8 47 90 04 00 48 8d 4c 24 20 ff 15 a0 44 11 00
0x00007ff970f23c58:   48 8b 8c 24 c0 00 00 00 48 33 cc e8 d8 55 04 00
0x00007ff970f23c68:   48 81 c4 d8 00 00 00 c3 83 64 24 38 00 eb d6 cc 


Register to memory mapping:

RAX=0x004c0044002e006c is an unknown value
RBX=0x00007ff964d62cb8 is an unknown value
RCX=0x000000000000004c is an unknown value
RDX=0x0000000000000000 is an unknown value
RSP=0x0000000015b4f290 is an unknown value
RBP=0x0000000015b4f3d0 is an unknown value
RSI=0x00000000ffffffff is an unallocated location in the heap
RDI=0x000000002636c9e0 is an unknown value
R8 =0x0000000000000000 is an unknown value
R9 =0x0000000000000000 is an unknown value
R10=0x0000000000000000 is an unknown value
R11=0x0000000000000000 is an unknown value
R12=0x0000000000000001 is an unknown value
R13=0x0000000000000008 is an unknown value
R14=0x0000000000000000 is an unknown value
R15=0xffffffffffffffff is an unknown value


Stack: [0x0000000015a50000,0x0000000015b50000],  sp=0x0000000015b4f290,  free space=1020k
Native frames: (J=compiled Java code, j=interpreted, Vv=VM code, C=native code)
C  [KERNELBASE.dll+0x33c58]
C  [MSVCR110.dll+0x5e92c]
C  [MSVCR110.dll+0x1315c]
C  [MSVCR110.dll+0x136a9]
C  [MSVCR110.dll+0x13e9c]
C  [MSVCR110.dll+0x239e]
C  [MSVCR110.dll+0xaf9e]
C  [MSVCP110.dll+0x397b9]
C  [librdi_common.dll+0x183a66]
C  [librdi_common.dll+0x1826fb]
C  [librdi_target_manager.dll+0x2400]
C  [librdi_target_manager.dll+0x2682]
C  [ntdll.dll+0x2a35f]
C  [ntdll.dll+0x806b]
C  [ntdll.dll+0x7d94]
C  [KERNEL32.DLL+0x1ce6a]
C  [MSVCR100.dll+0x20ccd]
V  [jvm.dll+0x210cc5]
V  [jvm.dll+0x249897]
V  [jvm.dll+0x248b36]
V  [jvm.dll+0x248fd1]
V  [jvm.dll+0x2491ee]
V  [jvm.dll+0x29a0fa]
C  [MSVCR100.dll+0x21d9f]
C  [MSVCR100.dll+0x21e3b]
C  [KERNEL32.DLL+0x8364]
C  [ntdll.dll+0x670d1]

VM_Operation (0x000000000014f4c0): Exit, mode: safepoint, requested by thread 0x000000000250e800


---------------  P R O C E S S  ---------------

Java Threads: ( => current thread )
  0x0000000016e17000 JavaThread "pool-2-thread-1" [_thread_blocked, id=17136, stack(0x000000002d3f0000,0x000000002d4f0000)]
  0x0000000016e11000 JavaThread "Thread-54" daemon [_thread_blocked, id=7980, stack(0x000000002d1f0000,0x000000002d2f0000)]
  0x00000000160f7800 JavaThread "TCF Channel Transmitter" daemon [_thread_blocked, id=11324, stack(0x00000000261f0000,0x00000000262f0000)]
  0x00000000160f7000 JavaThread "TCF Channel Receiver" daemon [_thread_in_native, id=4172, stack(0x00000000260f0000,0x00000000261f0000)]
  0x00000000160fa800 JavaThread "Process monitor" daemon [_thread_in_native, id=9620, stack(0x00000000246c0000,0x00000000247c0000)]
  0x00000000160fa000 JavaThread "Input Stream Monitor" daemon [_thread_blocked, id=1468, stack(0x00000000245c0000,0x00000000246c0000)]
  0x00000000160ec800 JavaThread "Output Stream Monitor" daemon [_thread_in_native, id=2968, stack(0x00000000244c0000,0x00000000245c0000)]
  0x00000000160f3000 JavaThread "Output Stream Monitor" daemon [_thread_in_native, id=6904, stack(0x00000000243c0000,0x00000000244c0000)]
  0x00000000160eb800 JavaThread "TCF Locator DNS Lookup" daemon [_thread_blocked, id=3844, stack(0x0000000022a30000,0x0000000022b30000)]
  0x00000000160ed000 JavaThread "TCF Locator Timer" daemon [_thread_blocked, id=9524, stack(0x0000000022930000,0x0000000022a30000)]
  0x00000000160f2800 JavaThread "TCF Locator Receiver" daemon [_thread_in_native, id=15404, stack(0x0000000022830000,0x0000000022930000)]
  0x0000000017e8e800 JavaThread "TCF Timer Dispatcher" daemon [_thread_blocked, id=6600, stack(0x00000000223c0000,0x00000000224c0000)]
  0x0000000017e88800 JavaThread "EMF Reference Cleaner" daemon [_thread_blocked, id=11700, stack(0x000000001a320000,0x000000001a420000)]
  0x0000000015f1d800 JavaThread "Service Thread" daemon [_thread_blocked, id=10428, stack(0x0000000016850000,0x0000000016950000)]
  0x0000000015e88000 JavaThread "C1 CompilerThread3" daemon [_thread_blocked, id=9304, stack(0x0000000016750000,0x0000000016850000)]
  0x0000000015e84800 JavaThread "C2 CompilerThread2" daemon [_thread_blocked, id=18184, stack(0x0000000016650000,0x0000000016750000)]
  0x0000000015e80800 JavaThread "C2 CompilerThread1" daemon [_thread_blocked, id=6296, stack(0x0000000016550000,0x0000000016650000)]
  0x0000000015e7f000 JavaThread "C2 CompilerThread0" daemon [_thread_blocked, id=16880, stack(0x0000000016450000,0x0000000016550000)]
  0x0000000015e8d000 JavaThread "Attach Listener" daemon [_thread_blocked, id=2240, stack(0x0000000016350000,0x0000000016450000)]
  0x0000000015e8c000 JavaThread "Signal Dispatcher" daemon [_thread_blocked, id=2684, stack(0x0000000016250000,0x0000000016350000)]
  0x000000000246a800 JavaThread "Finalizer" daemon [_thread_blocked, id=17128, stack(0x0000000015c50000,0x0000000015d50000)]
  0x0000000013d7c800 JavaThread "Reference Handler" daemon [_thread_blocked, id=9060, stack(0x0000000015b50000,0x0000000015c50000)]
  0x000000000250e800 JavaThread "main" [_thread_blocked, id=6856, stack(0x0000000000050000,0x0000000000150000)]

Other Threads:
=>0x0000000013d79000 VMThread [stack: 0x0000000015a50000,0x0000000015b50000] [id=10468]

VM state:at safepoint (shutting down)

VM Mutex/Monitor currently owned by a thread:  ([mutex/lock_event])
[0x000000000250dce0] Threads_lock - owner thread: 0x0000000013d79000

Heap:
 PSYoungGen      total 79872K, used 66775K [0x00000000f5580000, 0x00000000fd480000, 0x0000000100000000)
  eden space 75776K, 88% used [0x00000000f5580000,0x00000000f96b5d20,0x00000000f9f80000)
  from space 4096K, 0% used [0x00000000f9f80000,0x00000000f9f80000,0x00000000fa380000)
  to   space 27136K, 0% used [0x00000000fba00000,0x00000000fba00000,0x00000000fd480000)
 ParOldGen       total 117760K, used 57546K [0x00000000e0000000, 0x00000000e7300000, 0x00000000f5580000)
  object space 117760K, 48% used [0x00000000e0000000,0x00000000e3832ab8,0x00000000e7300000)
 Metaspace       used 84384K, capacity 91340K, committed 91440K, reserved 1128448K
  class space    used 10087K, capacity 12325K, committed 12336K, reserved 1048576K

Card table byte_map: [0x00000000118d0000,0x00000000119e0000] byte_map_base: 0x00000000111d0000

Marking Bits: (ParMarkBitMap*) 0x0000000058eda5b0
 Begin Bits: [0x0000000012290000, 0x0000000012a90000)
 End Bits:   [0x0000000012a90000, 0x0000000013290000)

Polling page: 0x0000000001dd0000

CodeCache: size=245760Kb used=34012Kb max_used=34260Kb free=211747Kb
 bounds [0x0000000002510000, 0x00000000046d0000, 0x0000000011510000]
 total_blobs=9971 nmethods=9085 adapters=794
 compilation: enabled

Compilation events (10 events):
Event: 362.473 Thread 0x0000000015e88000 nmethod 11149 0x00000000030fb850 code [0x00000000030fba40, 0x00000000030fc538]
Event: 362.474 Thread 0x0000000015e88000 11150       3       java.util.TimSort::gallopLeft (335 bytes)
Event: 362.475 Thread 0x0000000015e88000 nmethod 11150 0x000000000469ca90 code [0x000000000469cc80, 0x000000000469d758]
Event: 362.475 Thread 0x0000000015e84800 11159       4       org.eclipse.osgi.container.ModuleDatabase::readLock (11 bytes)
Event: 362.475 Thread 0x0000000015e7f000 11160       4       org.eclipse.osgi.container.ModuleDatabase::readUnlock (11 bytes)
Event: 362.476 Thread 0x0000000015e88000 11154       3       java.util.concurrent.atomic.AtomicLong::get (5 bytes)
Event: 362.476 Thread 0x0000000015e88000 nmethod 11154 0x000000000322f950 code [0x000000000322faa0, 0x000000000322fbf0]
Event: 362.477 Thread 0x0000000015e88000 11155       3       org.eclipse.osgi.container.Module::holdsTransitionEventLock (25 bytes)
Event: 362.477 Thread 0x0000000015e88000 nmethod 11155 0x0000000002dc4490 code [0x0000000002dc4620, 0x0000000002dc4d48]
Event: 362.478 Thread 0x0000000015e88000 11156       3       org.eclipse.osgi.container.ModuleWiring::unload (6 bytes)

GC Heap History (10 events):
Event: 131.853 GC heap before
{Heap before GC invocations=19 (full 5):
 PSYoungGen      total 98304K, used 1494K [0x00000000f5580000, 0x00000000fd380000, 0x0000000100000000)
  eden space 70656K, 0% used [0x00000000f5580000,0x00000000f5580000,0x00000000f9a80000)
  from space 27648K, 5% used [0x00000000fb680000,0x00000000fb7f5a40,0x00000000fd180000)
  to   space 28672K, 0% used [0x00000000f9a80000,0x00000000f9a80000,0x00000000fb680000)
 ParOldGen       total 117760K, used 56775K [0x00000000e0000000, 0x00000000e7300000, 0x00000000f5580000)
  object space 117760K, 48% used [0x00000000e0000000,0x00000000e3771ce0,0x00000000e7300000)
 Metaspace       used 78887K, capacity 85438K, committed 85552K, reserved 1124352K
  class space    used 9560K, capacity 11557K, committed 11568K, reserved 1048576K
Event: 132.178 GC heap after
Heap after GC invocations=19 (full 5):
 PSYoungGen      total 98304K, used 0K [0x00000000f5580000, 0x00000000fd380000, 0x0000000100000000)
  eden space 70656K, 0% used [0x00000000f5580000,0x00000000f5580000,0x00000000f9a80000)
  from space 27648K, 0% used [0x00000000fb680000,0x00000000fb680000,0x00000000fd180000)
  to   space 28672K, 0% used [0x00000000f9a80000,0x00000000f9a80000,0x00000000fb680000)
 ParOldGen       total 117760K, used 54994K [0x00000000e0000000, 0x00000000e7300000, 0x00000000f5580000)
  object space 117760K, 46% used [0x00000000e0000000,0x00000000e35b4930,0x00000000e7300000)
 Metaspace       used 78887K, capacity 85438K, committed 85552K, reserved 1124352K
  class space    used 9560K, capacity 11557K, committed 11568K, reserved 1048576K
}
Event: 166.605 GC heap before
{Heap before GC invocations=20 (full 5):
 PSYoungGen      total 98304K, used 70656K [0x00000000f5580000, 0x00000000fd380000, 0x0000000100000000)
  eden space 70656K, 100% used [0x00000000f5580000,0x00000000f9a80000,0x00000000f9a80000)
  from space 27648K, 0% used [0x00000000fb680000,0x00000000fb680000,0x00000000fd180000)
  to   space 28672K, 0% used [0x00000000f9a80000,0x00000000f9a80000,0x00000000fb680000)
 ParOldGen       total 117760K, used 54994K [0x00000000e0000000, 0x00000000e7300000, 0x00000000f5580000)
  object space 117760K, 46% used [0x00000000e0000000,0x00000000e35b4930,0x00000000e7300000)
 Metaspace       used 80649K, capacity 87418K, committed 87600K, reserved 1124352K
  class space    used 9726K, capacity 11812K, committed 11824K, reserved 1048576K
Event: 166.610 GC heap after
Heap after GC invocations=20 (full 5):
 PSYoungGen      total 99328K, used 2288K [0x00000000f5580000, 0x00000000fd880000, 0x0000000100000000)
  eden space 70656K, 0% used [0x00000000f5580000,0x00000000f5580000,0x00000000f9a80000)
  from space 28672K, 7% used [0x00000000f9a80000,0x00000000f9cbc110,0x00000000fb680000)
  to   space 28672K, 0% used [0x00000000fbc80000,0x00000000fbc80000,0x00000000fd880000)
 ParOldGen       total 117760K, used 55002K [0x00000000e0000000, 0x00000000e7300000, 0x00000000f5580000)
  object space 117760K, 46% used [0x00000000e0000000,0x00000000e35b6930,0x00000000e7300000)
 Metaspace       used 80649K, capacity 87418K, committed 87600K, reserved 1124352K
  class space    used 9726K, capacity 11812K, committed 11824K, reserved 1048576K
}
Event: 342.857 GC heap before
{Heap before GC invocations=21 (full 5):
 PSYoungGen      total 99328K, used 72944K [0x00000000f5580000, 0x00000000fd880000, 0x0000000100000000)
  eden space 70656K, 100% used [0x00000000f5580000,0x00000000f9a80000,0x00000000f9a80000)
  from space 28672K, 7% used [0x00000000f9a80000,0x00000000f9cbc110,0x00000000fb680000)
  to   space 28672K, 0% used [0x00000000fbc80000,0x00000000fbc80000,0x00000000fd880000)
 ParOldGen       total 117760K, used 55002K [0x00000000e0000000, 0x00000000e7300000, 0x00000000f5580000)
  object space 117760K, 46% used [0x00000000e0000000,0x00000000e35b6930,0x00000000e7300000)
 Metaspace       used 83121K, capacity 90190K, committed 90288K, reserved 1128448K
  class space    used 9964K, capacity 12159K, committed 12208K, reserved 1048576K
Event: 342.863 GC heap after
Heap after GC invocations=21 (full 5):
 PSYoungGen      total 101376K, used 5641K [0x00000000f5580000, 0x00000000fd580000, 0x0000000100000000)
  eden space 75776K, 0% used [0x00000000f5580000,0x00000000f5580000,0x00000000f9f80000)
  from space 25600K, 22% used [0x00000000fbc80000,0x00000000fc202718,0x00000000fd580000)
  to   space 27648K, 0% used [0x00000000f9f80000,0x00000000f9f80000,0x00000000fba80000)
 ParOldGen       total 117760K, used 55074K [0x00000000e0000000, 0x00000000e7300000, 0x00000000f5580000)
  object space 117760K, 46% used [0x00000000e0000000,0x00000000e35c8940,0x00000000e7300000)
 Metaspace       used 83121K, capacity 90190K, committed 90288K, reserved 1128448K
  class space    used 9964K, capacity 12159K, committed 12208K, reserved 1048576K
}
Event: 347.756 GC heap before
{Heap before GC invocations=22 (full 5):
 PSYoungGen      total 101376K, used 8362K [0x00000000f5580000, 0x00000000fd580000, 0x0000000100000000)
  eden space 75776K, 3% used [0x00000000f5580000,0x00000000f58283f8,0x00000000f9f80000)
  from space 25600K, 22% used [0x00000000fbc80000,0x00000000fc202718,0x00000000fd580000)
  to   space 27648K, 0% used [0x00000000f9f80000,0x00000000f9f80000,0x00000000fba80000)
 ParOldGen       total 117760K, used 55074K [0x00000000e0000000, 0x00000000e7300000, 0x00000000f5580000)
  object space 117760K, 46% used [0x00000000e0000000,0x00000000e35c8940,0x00000000e7300000)
 Metaspace       used 83157K, capacity 90216K, committed 90544K, reserved 1128448K
  class space    used 9970K, capacity 12165K, committed 12208K, reserved 1048576K
Event: 347.760 GC heap after
Heap after GC invocations=22 (full 5):
 PSYoungGen      total 79872K, used 3991K [0x00000000f5580000, 0x00000000fd480000, 0x0000000100000000)
  eden space 75776K, 0% used [0x00000000f5580000,0x00000000f5580000,0x00000000f9f80000)
  from space 4096K, 97% used [0x00000000f9f80000,0x00000000fa365c70,0x00000000fa380000)
  to   space 27136K, 0% used [0x00000000fba00000,0x00000000fba00000,0x00000000fd480000)
 ParOldGen       total 117760K, used 55082K [0x00000000e0000000, 0x00000000e7300000, 0x00000000f5580000)
  object space 117760K, 46% used [0x00000000e0000000,0x00000000e35ca940,0x00000000e7300000)
 Metaspace       used 83157K, capacity 90216K, committed 90544K, reserved 1128448K
  class space    used 9970K, capacity 12165K, committed 12208K, reserved 1048576K
}
Event: 347.760 GC heap before
{Heap before GC invocations=23 (full 6):
 PSYoungGen      total 79872K, used 3991K [0x00000000f5580000, 0x00000000fd480000, 0x0000000100000000)
  eden space 75776K, 0% used [0x00000000f5580000,0x00000000f5580000,0x00000000f9f80000)
  from space 4096K, 97% used [0x00000000f9f80000,0x00000000fa365c70,0x00000000fa380000)
  to   space 27136K, 0% used [0x00000000fba00000,0x00000000fba00000,0x00000000fd480000)
 ParOldGen       total 117760K, used 55082K [0x00000000e0000000, 0x00000000e7300000, 0x00000000f5580000)
  object space 117760K, 46% used [0x00000000e0000000,0x00000000e35ca940,0x00000000e7300000)
 Metaspace       used 83157K, capacity 90216K, committed 90544K, reserved 1128448K
  class space    used 9970K, capacity 12165K, committed 12208K, reserved 1048576K
Event: 348.141 GC heap after
Heap after GC invocations=23 (full 6):
 PSYoungGen      total 79872K, used 0K [0x00000000f5580000, 0x00000000fd480000, 0x0000000100000000)
  eden space 75776K, 0% used [0x00000000f5580000,0x00000000f5580000,0x00000000f9f80000)
  from space 4096K, 0% used [0x00000000f9f80000,0x00000000f9f80000,0x00000000fa380000)
  to   space 27136K, 0% used [0x00000000fba00000,0x00000000fba00000,0x00000000fd480000)
 ParOldGen       total 117760K, used 57546K [0x00000000e0000000, 0x00000000e7300000, 0x00000000f5580000)
  object space 117760K, 48% used [0x00000000e0000000,0x00000000e3832ab8,0x00000000e7300000)
 Metaspace       used 83157K, capacity 90216K, committed 90544K, reserved 1128448K
  class space    used 9970K, capacity 12165K, committed 12208K, reserved 1048576K
}

Deoptimization events (10 events):
Event: 361.632 Thread 0x000000000250e800 Uncommon trap: reason=unstable_if action=reinterpret pc=0x0000000003748434 method=java.util.Arrays.equals([Ljava/lang/Object;[Ljava/lang/Object;)Z @ 65
Event: 361.726 Thread 0x0000000017e8b800 Uncommon trap: reason=unstable_if action=reinterpret pc=0x0000000003eeedc8 method=org.eclipse.e4.ui.internal.workbench.swt.E4Application$1.syncExec(Ljava/lang/Runnable;)V @ 14
Event: 361.759 Thread 0x0000000016e12000 Uncommon trap: reason=unstable_if action=reinterpret pc=0x0000000004387a18 method=org.eclipse.equinox.internal.event.EventHandlerTracker.getHandlers(Ljava/lang/String;)Ljava/util/Set; @ 28
Event: 361.829 Thread 0x0000000016e16800 Uncommon trap: reason=unstable_if action=reinterpret pc=0x0000000002690da4 method=sun.nio.cs.SingleByte$Encoder.encode(C)I @ 13
Event: 361.860 Thread 0x0000000016e12000 Uncommon trap: reason=unstable_if action=reinterpret pc=0x00000000044a9764 method=org.eclipse.swt.graphics.Resource.dispose()V @ 15
Event: 362.409 Thread 0x0000000016e12000 Uncommon trap: reason=unstable_if action=reinterpret pc=0x0000000002763370 method=org.eclipse.osgi.internal.hooks.EclipseLazyStarter.shouldActivateFor(Ljava/lang/String;Lorg/eclipse/osgi/container/Module;Lorg/eclipse/osgi/container/ModuleRevision;Lorg/ecliSÊ,®’¦v@
Event: 362.411 Thread 0x0000000017e8a000 Uncommon trap: reason=unstable_if action=reinterpret pc=0x000000000429c314 method=org.eclipse.core.internal.jobs.JobManager.startJob(Lorg/eclipse/core/internal/jobs/Worker;)Lorg/eclipse/core/runtime/jobs/Job; @ 20
Event: 362.434 Thread 0x0000000016e12000 Uncommon trap: reason=bimorphic action=maybe_recompile pc=0x0000000003f983e4 method=java.util.Hashtable.put(Ljava/lang/Object;Ljava/lang/Object;)Ljava/lang/Object; @ 60
Event: 362.435 Thread 0x0000000016e12000 Uncommon trap: reason=class_check action=maybe_recompile pc=0x000000000265e65c method=org.eclipse.osgi.internal.loader.BundleLoader.findImportedSource(Ljava/lang/String;Ljava/util/Collection;)Lorg/eclipse/osgi/internal/loader/sources/PackageSource; @ 16
Event: 362.436 Thread 0x0000000016e12000 Uncommon trap: reason=class_check action=maybe_recompile pc=0x000000000265e65c method=org.eclipse.osgi.internal.loader.BundleLoader.findImportedSource(Ljava/lang/String;Ljava/util/Collection;)Lorg/eclipse/osgi/internal/loader/sources/PackageSource; @ 16

Internal exceptions (10 events):
Event: 361.705 Thread 0x000000000250e800 Exception <a 'java/io/FileNotFoundException'> (0x00000000f8c4c178) thrown at [C:\re\workspace\8-2-build-windows-amd64-cygwin\jdk8u66\5298\hotspot\src\share\vm\prims\jni.cpp, line 709]
Event: 361.706 Thread 0x000000000250e800 Exception <a 'java/io/FileNotFoundException'> (0x00000000f8c4e5f8) thrown at [C:\re\workspace\8-2-build-windows-amd64-cygwin\jdk8u66\5298\hotspot\src\share\vm\prims\jni.cpp, line 709]
Event: 361.706 Thread 0x000000000250e800 Exception <a 'java/io/FileNotFoundException'> (0x00000000f8c50a38) thrown at [C:\re\workspace\8-2-build-windows-amd64-cygwin\jdk8u66\5298\hotspot\src\share\vm\prims\jni.cpp, line 709]
Event: 361.706 Thread 0x000000000250e800 Exception <a 'java/io/FileNotFoundException'> (0x00000000f8c52e78) thrown at [C:\re\workspace\8-2-build-windows-amd64-cygwin\jdk8u66\5298\hotspot\src\share\vm\prims\jni.cpp, line 709]
Event: 361.706 Thread 0x000000000250e800 Exception <a 'java/io/FileNotFoundException'> (0x00000000f8c553f8) thrown at [C:\re\workspace\8-2-build-windows-amd64-cygwin\jdk8u66\5298\hotspot\src\share\vm\prims\jni.cpp, line 709]
Event: 361.825 Thread 0x0000000016e15800 Exception <a 'java/lang/InterruptedException'> (0x00000000f90ec698) thrown at [C:\re\workspace\8-2-build-windows-amd64-cygwin\jdk8u66\5298\hotspot\src\share\vm\runtime\objectMonitor.cpp, line 1683]
Event: 362.447 Thread 0x0000000017e8b800 Exception <a 'java/lang/InterruptedException'> (0x00000000f8ce0028) thrown at [C:\re\workspace\8-2-build-windows-amd64-cygwin\jdk8u66\5298\hotspot\src\share\vm\runtime\objectMonitor.cpp, line 1683]
Event: 362.469 Thread 0x00000000180f8000 Exception <a 'java/lang/InterruptedException'> (0x00000000f94661e8) thrown at [C:\re\workspace\8-2-build-windows-amd64-cygwin\jdk8u66\5298\hotspot\src\share\vm\runtime\objectMonitor.cpp, line 1683]
Event: 362.474 Thread 0x0000000017e8b000 Exception <a 'java/lang/InterruptedException'> (0x00000000f9320700) thrown at [C:\re\workspace\8-2-build-windows-amd64-cygwin\jdk8u66\5298\hotspot\src\share\vm\runtime\objectMonitor.cpp, line 1683]
Event: 362.474 Thread 0x0000000017130800 Exception <a 'java/lang/InterruptedException'> (0x00000000f9644ba8) thrown at [C:\re\workspace\8-2-build-windows-amd64-cygwin\jdk8u66\5298\hotspot\src\share\vm\runtime\objectMonitor.cpp, line 1683]

Events (10 events):
Event: 362.477 Thread 0x0000000016e12000 Thread exited: 0x0000000016e12000
Event: 362.477 loading class java/util/IdentityHashMap$KeyIterator
Event: 362.477 loading class java/util/IdentityHashMap$IdentityHashMapIterator
Event: 362.477 loading class java/util/IdentityHashMap$IdentityHashMapIterator done
Event: 362.477 loading class java/util/IdentityHashMap$KeyIterator done
Event: 362.477 Thread 0x0000000016e0f800 Thread added: 0x0000000016e0f800
Event: 362.478 Thread 0x0000000016e0f800 Thread exited: 0x0000000016e0f800
Event: 362.478 Thread 0x0000000015e88000 flushing nmethod 0x0000000003e5c490
Event: 362.478 Thread 0x0000000015e88000 flushing nmethod 0x0000000003f24490
Event: 362.478 Executing VM operation: Exit


Dynamic libraries:
0x0000000000400000 - 0x000000000044f000 	C:\Xilinx\SDK\2016.4\eclipse\win64.o\eclipse.exe
0x00007ff974380000 - 0x00007ff974551000 	C:\WINDOWS\SYSTEM32\ntdll.dll
0x00007ff973360000 - 0x00007ff97340c000 	C:\WINDOWS\System32\KERNEL32.DLL
0x00007ff9676b0000 - 0x00007ff967704000 	C:\Program Files (x86)\AVG\Av\avghooka.dll
0x00007ff970ef0000 - 0x00007ff97110d000 	C:\WINDOWS\System32\KERNELBASE.dll
0x00007ff96ed80000 - 0x00007ff96edfa000 	C:\WINDOWS\system32\apphelp.dll
0x00007ff973700000 - 0x00007ff973865000 	C:\WINDOWS\System32\USER32.dll
0x00007ff970c70000 - 0x00007ff970c8e000 	C:\WINDOWS\System32\win32u.dll
0x00007ff9738e0000 - 0x00007ff973914000 	C:\WINDOWS\System32\GDI32.dll
0x00007ff970870000 - 0x00007ff9709f2000 	C:\WINDOWS\System32\gdi32full.dll
0x00007ff9742d0000 - 0x00007ff97436e000 	C:\WINDOWS\System32\msvcrt.dll
0x00007ff963b10000 - 0x00007ff963d8a000 	C:\WINDOWS\WinSxS\amd64_microsoft.windows.common-controls_6595b64144ccf1df_6.0.14393.953_none_42151e83c686086b\COMCTL32.dll
0x00007ff973920000 - 0x00007ff973be8000 	C:\WINDOWS\System32\combase.dll
0x00007ff970d40000 - 0x00007ff970e35000 	C:\WINDOWS\System32\ucrtbase.dll
0x00007ff973130000 - 0x00007ff973251000 	C:\WINDOWS\System32\RPCRT4.dll
0x00007ff971160000 - 0x00007ff9711ca000 	C:\WINDOWS\System32\bcryptPrimitives.dll
0x00007ff973260000 - 0x00007ff97328e000 	C:\WINDOWS\System32\IMM32.DLL
0x0000000072000000 - 0x0000000072012000 	C:\Xilinx\SDK\2016.4\eclipse\win64.o\plugins\org.eclipse.equinox.launcher.win32.win32.x86_64_1.1.300.v20150602-1417\eclipse_1611.dll
0x00007ff973410000 - 0x00007ff9734b2000 	C:\WINDOWS\System32\ADVAPI32.dll
0x00007ff971910000 - 0x00007ff971969000 	C:\WINDOWS\System32\sechost.dll
0x00007ff962ad0000 - 0x00007ff962ada000 	C:\WINDOWS\SYSTEM32\VERSION.dll
0x00007ff96efc0000 - 0x00007ff96f055000 	C:\WINDOWS\system32\uxtheme.dll
0x00007ff974020000 - 0x00007ff97417a000 	C:\WINDOWS\System32\MSCTF.dll
0x00007ff973290000 - 0x00007ff97334f000 	C:\WINDOWS\System32\OLEAUT32.dll
0x00007ff970bd0000 - 0x00007ff970c6c000 	C:\WINDOWS\System32\msvcp_win.dll
0x00000000586d0000 - 0x0000000058f59000 	C:\Xilinx\SDK\2016.4\tps\win64\jre\bin\server\jvm.dll
0x00007ff973350000 - 0x00007ff973358000 	C:\WINDOWS\System32\PSAPI.DLL
0x00007ff96c780000 - 0x00007ff96c789000 	C:\WINDOWS\SYSTEM32\WSOCK32.dll
0x00007ff973870000 - 0x00007ff9738da000 	C:\WINDOWS\System32\WS2_32.dll
0x00007ff96eac0000 - 0x00007ff96eae3000 	C:\WINDOWS\SYSTEM32\WINMM.dll
0x000000005afc0000 - 0x000000005b092000 	C:\WINDOWS\SYSTEM32\MSVCR100.dll
0x00007ff96e920000 - 0x00007ff96e94b000 	C:\WINDOWS\SYSTEM32\WINMMBASE.dll
0x00007ff971110000 - 0x00007ff971152000 	C:\WINDOWS\System32\cfgmgr32.dll
0x0000000058590000 - 0x000000005859f000 	C:\Xilinx\SDK\2016.4\tps\win64\jre\bin\verify.dll
0x0000000058560000 - 0x0000000058589000 	C:\Xilinx\SDK\2016.4\tps\win64\jre\bin\java.dll
0x0000000058540000 - 0x0000000058556000 	C:\Xilinx\SDK\2016.4\tps\win64\jre\bin\zip.dll
0x00007ff971c20000 - 0x00007ff973128000 	C:\WINDOWS\System32\SHELL32.dll
0x00007ff971230000 - 0x00007ff97190a000 	C:\WINDOWS\System32\windows.storage.dll
0x00007ff970820000 - 0x00007ff97086c000 	C:\WINDOWS\System32\powrprof.dll
0x00007ff9741f0000 - 0x00007ff974242000 	C:\WINDOWS\System32\shlwapi.dll
0x00007ff970810000 - 0x00007ff97081f000 	C:\WINDOWS\System32\kernel.appcore.dll
0x00007ff970c90000 - 0x00007ff970d39000 	C:\WINDOWS\System32\shcore.dll
0x00007ff9707f0000 - 0x00007ff970804000 	C:\WINDOWS\System32\profapi.dll
0x00007ff970260000 - 0x00007ff970277000 	C:\WINDOWS\SYSTEM32\CRYPTSP.dll
0x00007ff96fcb0000 - 0x00007ff96fce3000 	C:\WINDOWS\system32\rsaenh.dll
0x00007ff970720000 - 0x00007ff97074b000 	C:\WINDOWS\SYSTEM32\bcrypt.dll
0x00007ff96ff30000 - 0x00007ff96ff4f000 	C:\WINDOWS\SYSTEM32\USERENV.dll
0x00007ff970250000 - 0x00007ff97025b000 	C:\WINDOWS\SYSTEM32\CRYPTBASE.dll
0x0000000058520000 - 0x000000005853a000 	C:\Xilinx\SDK\2016.4\tps\win64\jre\bin\net.dll
0x00007ff9700b0000 - 0x00007ff97010c000 	C:\WINDOWS\system32\mswsock.dll
0x00007ff96fe30000 - 0x00007ff96fe68000 	C:\WINDOWS\SYSTEM32\IPHLPAPI.DLL
0x00007ff974370000 - 0x00007ff974378000 	C:\WINDOWS\System32\NSI.dll
0x00007ff96cc10000 - 0x00007ff96cc26000 	C:\WINDOWS\SYSTEM32\dhcpcsvc6.DLL
0x00007ff96cb40000 - 0x00007ff96cb5a000 	C:\WINDOWS\SYSTEM32\dhcpcsvc.DLL
0x0000000058500000 - 0x0000000058511000 	C:\Xilinx\SDK\2016.4\tps\win64\jre\bin\nio.dll
0x00007ff95e4a0000 - 0x00007ff95e4b6000 	C:\WINDOWS\system32\napinsp.dll
0x00007ff95e470000 - 0x00007ff95e48a000 	C:\WINDOWS\system32\pnrpnsp.dll
0x00007ff96be20000 - 0x00007ff96be38000 	C:\WINDOWS\system32\NLAapi.dll
0x00007ff96fe70000 - 0x00007ff96ff11000 	C:\WINDOWS\SYSTEM32\DNSAPI.dll
0x00007ff962ee0000 - 0x00007ff962eee000 	C:\WINDOWS\System32\winrnr.dll
0x000000005b0d0000 - 0x000000005b0f6000 	C:\Program Files\Bonjour\mdnsNSP.dll
0x00007ff96b090000 - 0x00007ff96b09a000 	C:\Windows\System32\rasadhlp.dll
0x00007ff96b450000 - 0x00007ff96b4ba000 	C:\WINDOWS\System32\fwpuclnt.dll
0x0000000018470000 - 0x0000000018518000 	C:\Users\Utilizador\.Xilinx\SDK\2016.4\org.eclipse.osgi\319\0\.cp\swt-win32-4527.dll
0x00007ff971a70000 - 0x00007ff971ba8000 	C:\WINDOWS\System32\ole32.dll
0x00007ff971970000 - 0x00007ff971a6a000 	C:\WINDOWS\System32\comdlg32.dll
0x00007ff970a00000 - 0x00007ff970bc9000 	C:\WINDOWS\System32\CRYPT32.dll
0x00007ff9707e0000 - 0x00007ff9707f0000 	C:\WINDOWS\System32\MSASN1.dll
0x00007ff96bc30000 - 0x00007ff96bcb6000 	C:\WINDOWS\SYSTEM32\WINSPOOL.DRV
0x00007ff968ba0000 - 0x00007ff968bb9000 	C:\WINDOWS\SYSTEM32\USP10.dll
0x00007ff96ce90000 - 0x00007ff96d15a000 	C:\WINDOWS\SYSTEM32\WININET.dll
0x00007ff96dd30000 - 0x00007ff96dd56000 	C:\WINDOWS\system32\dwmapi.dll
0x00007ff96daa0000 - 0x00007ff96dc25000 	C:\WINDOWS\SYSTEM32\propsys.dll
0x00007ff973660000 - 0x00007ff9736ff000 	C:\WINDOWS\System32\clbcatq.dll
0x00000000186a0000 - 0x00000000186be000 	C:\Users\Utilizador\.Xilinx\SDK\2016.4\org.eclipse.osgi\319\0\.cp\swt-gdip-win32-4527.dll
0x00007ff965510000 - 0x00007ff9656aa000 	C:\WINDOWS\WinSxS\amd64_microsoft.windows.gdiplus_6595b64144ccf1df_1.1.14393.953_none_7300116921188239\gdiplus.dll
0x00007ff96c910000 - 0x00007ff96cab8000 	C:\WINDOWS\SYSTEM32\WindowsCodecs.dll
0x0000000180000000 - 0x0000000180012000 	C:\Users\Utilizador\.Xilinx\SDK\2016.4\org.eclipse.osgi\133\0\.cp\os\win32\x86_64\localfile_1_0_0.dll
0x00007ff95d140000 - 0x00007ff95d1a5000 	C:\WINDOWS\SYSTEM32\oleacc.dll
0x00007ff96a9c0000 - 0x00007ff96a9c7000 	C:\WINDOWS\SYSTEM32\msimg32.dll
0x00007ff963070000 - 0x00007ff963081000 	C:\Users\Utilizador\.Xilinx\SDK\2016.4\org.eclipse.osgi\136\0\.cp\jWinHttp-1.0.0.dll
0x00007ff96dc60000 - 0x00007ff96dd2d000 	C:\WINDOWS\SYSTEM32\WINHTTP.dll
0x00007ff9671d0000 - 0x00007ff9671df000 	C:\Xilinx\SDK\2016.4\lib\win64.o\librdi_repo_manager.dll
0x00007ff957020000 - 0x00007ff95704a000 	C:\Xilinx\SDK\2016.4\lib\win64.o\libisl_sysinfo.dll
0x00007ff90c490000 - 0x00007ff90cf3a000 	C:\Xilinx\SDK\2016.4\lib\win64.o\librdi_common.dll
0x00007ff94b600000 - 0x00007ff94b653000 	C:\Xilinx\SDK\2016.4\lib\win64.o\librdi_commonxillic.dll
0x00007ff913820000 - 0x00007ff913a18000 	C:\Xilinx\SDK\2016.4\lib\win64.o\librdi_hsm.dll
0x00007ff964c00000 - 0x00007ff964ca7000 	C:\WINDOWS\SYSTEM32\MSVCP110.dll
0x00007ff964cb0000 - 0x00007ff964d84000 	C:\WINDOWS\SYSTEM32\MSVCR110.dll
0x00007ff9134b0000 - 0x00007ff91381e000 	C:\Xilinx\SDK\2016.4\lib\win64.o\libCOIN-all.dll
0x00007ff9119f0000 - 0x00007ff911c0f000 	C:\Xilinx\SDK\2016.4\lib\win64.o\libXil_lmgr11.dll
0x00007ff9711d0000 - 0x00007ff971225000 	C:\WINDOWS\System32\WINTRUST.dll
0x00007ff966e50000 - 0x00007ff966e60000 	C:\Xilinx\SDK\2016.4\lib\win64.o\libboost_date_time.dll
0x00007ff956860000 - 0x00007ff956884000 	C:\Xilinx\SDK\2016.4\lib\win64.o\libboost_filesystem.dll
0x00007ff949ea0000 - 0x00007ff949f17000 	C:\Xilinx\SDK\2016.4\lib\win64.o\libboost_program_options.dll
0x00007ff9428d0000 - 0x00007ff9429d6000 	C:\Xilinx\SDK\2016.4\lib\win64.o\libboost_regex.dll
0x00007ff95e930000 - 0x00007ff95e943000 	C:\Xilinx\SDK\2016.4\lib\win64.o\libboost_signals.dll
0x00007ff964ef0000 - 0x00007ff964ef9000 	C:\Xilinx\SDK\2016.4\lib\win64.o\libboost_system.dll
0x00007ff95cc00000 - 0x00007ff95cc1d000 	C:\Xilinx\SDK\2016.4\lib\win64.o\libboost_thread.dll
0x00007ff964e70000 - 0x00007ff964e7b000 	C:\Xilinx\SDK\2016.4\lib\win64.o\libboost_xilinx.dll
0x00007ff949930000 - 0x00007ff9499b0000 	C:\Xilinx\SDK\2016.4\lib\win64.o\libhdlpsolve.dll
0x00007ff949360000 - 0x00007ff9493fa000 	C:\Xilinx\SDK\2016.4\lib\win64.o\libhdxml.dll
0x00007ff911620000 - 0x00007ff9119e9000 	C:\Xilinx\SDK\2016.4\lib\win64.o\libisl_iostreams.dll
0x00007ff95cb10000 - 0x00007ff95cb25000 	C:\Xilinx\SDK\2016.4\lib\win64.o\pthreadVC2.dll
0x00007ff913380000 - 0x00007ff9134b0000 	C:\Xilinx\SDK\2016.4\lib\win64.o\librdi_curl.dll
0x00007ff958ac0000 - 0x00007ff958ad8000 	C:\Xilinx\SDK\2016.4\lib\win64.o\librdiconfig.dll
0x00007ff9589f0000 - 0x00007ff958a0f000 	C:\Xilinx\SDK\2016.4\lib\win64.o\librdizlib.dll
0x00000000585a0000 - 0x00000000586c7000 	C:\Xilinx\SDK\2016.4\lib\win64.o\tcl85t.dll
0x0000000024150000 - 0x00000000243b3000 	C:\Xilinx\SDK\2016.4\lib\win64.o\xerces-c_3_1.dll
0x00007ff963320000 - 0x00007ff9634e3000 	C:\WINDOWS\SYSTEM32\urlmon.dll
0x00007ff9636d0000 - 0x00007ff9636f3000 	C:\WINDOWS\SYSTEM32\VCOMP110.DLL
0x00007ff94c910000 - 0x00007ff94c953000 	C:\Xilinx\SDK\2016.4\lib\win64.o\librdi_hdf.dll
0x00007ff910780000 - 0x00007ff910a48000 	C:\Xilinx\SDK\2016.4\lib\win64.o\librdi_ippcw.dll
0x00007ff96a770000 - 0x00007ff96a788000 	C:\WINDOWS\SYSTEM32\NETAPI32.dll
0x00007ff964d90000 - 0x00007ff964d9b000 	C:\Xilinx\SDK\2016.4\lib\win64.o\libboost_chrono.dll
0x00007ff958840000 - 0x00007ff958856000 	C:\Xilinx\SDK\2016.4\lib\win64.o\libboost_iostreams.dll
0x00007ff9540a0000 - 0x00007ff9540c3000 	C:\Xilinx\SDK\2016.4\lib\win64.o\libisl_iosutils.dll
0x00007ff96ab70000 - 0x00007ff96ae15000 	C:\WINDOWS\SYSTEM32\iertutil.dll
0x00007ff962a20000 - 0x00007ff962a62000 	C:\WINDOWS\SYSTEM32\edputil.dll
0x00007ff957230000 - 0x00007ff957246000 	C:\Xilinx\SDK\2016.4\eclipse\win64.o\plugins\org.eclipse.cdt.core.win32.x86_64_5.4.0.201509131935\os\win32\x86_64\spawner.dll
0x00007ff9649a0000 - 0x00007ff9649aa000 	C:\Xilinx\SDK\2016.4\lib\win64.o\librdi_jtag_settings.dll
0x00007ff957060000 - 0x00007ff957089000 	C:\Xilinx\SDK\2016.4\lib\win64.o\librdi_debug_dialog.dll
0x00007ff964940000 - 0x00007ff964948000 	C:\Xilinx\SDK\2016.4\lib\win64.o\librdi_target_manager.dll
0x00007ff900560000 - 0x00007ff900d70000 	C:\Xilinx\SDK\2016.4\lib\win64.o\libXil_lmgr11FNP.dll
0x00007ff973bf0000 - 0x00007ff974019000 	C:\WINDOWS\System32\SETUPAPI.dll
0x00007ff961440000 - 0x00007ff96144c000 	C:\WINDOWS\SYSTEM32\snmpapi.dll
0x00007ff970450000 - 0x00007ff97047c000 	C:\WINDOWS\SYSTEM32\SspiCli.dll
0x00000000219d0000 - 0x00000000219d3000 	C:\WINDOWS\SYSTEM32\icmp.Dll

VM Arguments:
jvm_args: -Dcom.xilinx.sdk.args.hwspec=C:/Users/Utilizador/Desktop/Universidade/4_ano/2_semestre/CR/Projeto/ProjetoFinal/MP_ToDisplays/MP_ToDisplays.sdk/DebUART_wrapper.hdf -Xms64m -Xmx512m & 
java_command: <unknown>
java_class_path (initial): C:\Xilinx\SDK\2016.4\eclipse\win64.o\\plugins/org.eclipse.equinox.launcher_1.3.100.v20150511-1540.jar
Launcher Type: generic

Environment Variables:
JAVA_HOME=C:\Program Files\Java\jdk1.8.0_101
PATH=C:/Xilinx/SDK/2016.4/tps/win64/jre/bin/server;C:/Xilinx/SDK/2016.4/tps/win64/jre/bin;C:/Xilinx/SDK/2016.4/tps/win64/jre/lib/amd64;C:\Xilinx\SDK\2016.4\gnuwin\bin;C:\Xilinx\SDK\2016.4\gnu\microblaze\nt\bin;C:\Xilinx\SDK\2016.4\gnu\microblaze\linux_toolchain\nt64_le\bin;C:\Xilinx\SDK\2016.4\gnu\microblaze\linux_toolchain\nt64_be\bin;C:\Xilinx\SDK\2016.4\gnu\arm\nt\bin;C:\Xilinx\SDK\2016.4\gnu\aarch64\nt\aarch64-none\bin;C:\Xilinx\SDK\2016.4\gnu\aarch64\nt\aarch64-linux\bin;C:\Xilinx\SDK\2016.4\gnu\armr5\nt\gcc-arm-none-eabi\bin;C:\Xilinx\SDK\2016.4\gnu\aarch32\nt\gcc-arm-none-eabi\bin;C:\Xilinx\SDK\2016.4\gnu\aarch32\nt\gcc-arm-linux-gnueabi\bin;C:\Xilinx\SDK\2016.4\tps\win64\cmake-3.3.2\bin;;C:\Xilinx\SDK\2016.4\bin;C:\Xilinx\SDK\2016.4\lib\win64.o;C:\Xilinx\SDK\2016.4\tps\win64\jre\bin\server;C:\Xilinx\SDK\2016.4\tps\win64\jre\bin;C:\Xilinx\Vivado\2016.4\ids_lite\ISE\bin\nt64;C:\Xilinx\Vivado\2016.4\ids_lite\ISE\lib\nt64;C:\Xilinx\Vivado\2016.4\bin;C:\Xilinx\Vivado\2016.4\lib\win64.o;C:\Xilinx\Vivado\2016.4\tps\win64\jre\bin\server;C:\Xilinx\Vivado\2016.4\tps\win64\jre\bin;C:\Xilinx\Vivado_HLS\2016.4\bin;C:\WINDOWS\system32\Npcap;C:\Program Files\MATLAB\MATLAB Production Server\R2015a\runtime\win64;C:\Program Files\MATLAB\MATLAB Production Server\R2015a\bin;C:\Program Files\MATLAB\MATLAB Production Server\R2015a\polyspace\bin;C:\Program Files\PuTTY\;c:\Program Files\Intel\WiFi\bin\;c:\Program Files\Common Files\Intel\WirelessCommon\;C:\Users\Utilizador\AppData\Roaming\npm;C:\Users\Utilizador\AppData\Local\Microsoft\WindowsApps;C:\Python27;C:\Program Files\Java\jdk1.8.0_101\bin;C:\Program Files\NetBeans 8.2\java\maven\bin;c:\Users\Utilizador\Desktop\Universidade\4_ano\2_semestre\CR\Projeto\ProjetoFinal\MP_ToDisplays;
USERNAME=Utilizador
OS=Windows_NT
PROCESSOR_IDENTIFIER=Intel64 Family 6 Model 60 Stepping 3, GenuineIntel



---------------  S Y S T E M  ---------------

OS: Windows 10.0 , 64 bit Build 14393 (10.0.14393.1198)

CPU:total 8 (4 cores per cpu, 2 threads per core) family 6 model 60 stepping 3, cmov, cx8, fxsr, mmx, sse, sse2, sse3, ssse3, sse4.1, sse4.2, popcnt, avx, avx2, aes, clmul, erms, lzcnt, ht, tsc, tscinvbit, bmi1, bmi2

Memory: 4k page, physical 8319000k(2725972k free), swap 12976516k(4875060k free)

vm_info: Java HotSpot(TM) 64-Bit Server VM (25.66-b18) for windows-amd64 JRE (1.8.0_66-b18), built on Nov  9 2015 10:51:13 by "java_re" with MS VC++ 10.0 (VS2010)

time: Sun May 28 18:31:23 2017
elapsed time: 363 seconds (0d 0h 6m 3s)

